[2025-03-27T14:27:52.204-0500] {processor.py:186} INFO - Started process (PID=1764051) to work on /home/udhbhav/miniconda3/lib/python3.11/site-packages/airflow/example_dags/plugins/decreasing_priority_weight_strategy.py
[2025-03-27T14:27:52.205-0500] {processor.py:914} INFO - Processing file /home/udhbhav/miniconda3/lib/python3.11/site-packages/airflow/example_dags/plugins/decreasing_priority_weight_strategy.py for tasks to queue
[2025-03-27T14:27:52.206-0500] {logging_mixin.py:190} INFO - [2025-03-27T14:27:52.206-0500] {dagbag.py:588} INFO - Filling up the DagBag from /home/udhbhav/miniconda3/lib/python3.11/site-packages/airflow/example_dags/plugins/decreasing_priority_weight_strategy.py
[2025-03-27T14:27:52.208-0500] {processor.py:927} WARNING - No viable dags retrieved from /home/udhbhav/miniconda3/lib/python3.11/site-packages/airflow/example_dags/plugins/decreasing_priority_weight_strategy.py
[2025-03-27T14:27:52.213-0500] {processor.py:208} INFO - Processing /home/udhbhav/miniconda3/lib/python3.11/site-packages/airflow/example_dags/plugins/decreasing_priority_weight_strategy.py took 0.011 seconds
[2025-03-27T14:37:59.462-0500] {processor.py:186} INFO - Started process (PID=1770159) to work on /home/udhbhav/miniconda3/lib/python3.11/site-packages/airflow/example_dags/plugins/decreasing_priority_weight_strategy.py
[2025-03-27T14:37:59.463-0500] {processor.py:914} INFO - Processing file /home/udhbhav/miniconda3/lib/python3.11/site-packages/airflow/example_dags/plugins/decreasing_priority_weight_strategy.py for tasks to queue
[2025-03-27T14:37:59.464-0500] {logging_mixin.py:190} INFO - [2025-03-27T14:37:59.464-0500] {dagbag.py:588} INFO - Filling up the DagBag from /home/udhbhav/miniconda3/lib/python3.11/site-packages/airflow/example_dags/plugins/decreasing_priority_weight_strategy.py
[2025-03-27T14:37:59.466-0500] {processor.py:927} WARNING - No viable dags retrieved from /home/udhbhav/miniconda3/lib/python3.11/site-packages/airflow/example_dags/plugins/decreasing_priority_weight_strategy.py
[2025-03-27T14:37:59.471-0500] {processor.py:208} INFO - Processing /home/udhbhav/miniconda3/lib/python3.11/site-packages/airflow/example_dags/plugins/decreasing_priority_weight_strategy.py took 0.011 seconds
[2025-03-27T14:39:16.681-0500] {processor.py:186} INFO - Started process (PID=1771014) to work on /home/udhbhav/miniconda3/lib/python3.11/site-packages/airflow/example_dags/plugins/decreasing_priority_weight_strategy.py
[2025-03-27T14:39:16.681-0500] {processor.py:914} INFO - Processing file /home/udhbhav/miniconda3/lib/python3.11/site-packages/airflow/example_dags/plugins/decreasing_priority_weight_strategy.py for tasks to queue
[2025-03-27T14:39:16.682-0500] {logging_mixin.py:190} INFO - [2025-03-27T14:39:16.682-0500] {dagbag.py:588} INFO - Filling up the DagBag from /home/udhbhav/miniconda3/lib/python3.11/site-packages/airflow/example_dags/plugins/decreasing_priority_weight_strategy.py
[2025-03-27T14:39:16.683-0500] {processor.py:927} WARNING - No viable dags retrieved from /home/udhbhav/miniconda3/lib/python3.11/site-packages/airflow/example_dags/plugins/decreasing_priority_weight_strategy.py
[2025-03-27T14:39:16.689-0500] {processor.py:208} INFO - Processing /home/udhbhav/miniconda3/lib/python3.11/site-packages/airflow/example_dags/plugins/decreasing_priority_weight_strategy.py took 0.011 seconds
[2025-03-27T14:40:40.866-0500] {processor.py:186} INFO - Started process (PID=1771865) to work on /home/udhbhav/miniconda3/lib/python3.11/site-packages/airflow/example_dags/plugins/decreasing_priority_weight_strategy.py
[2025-03-27T14:40:40.867-0500] {processor.py:914} INFO - Processing file /home/udhbhav/miniconda3/lib/python3.11/site-packages/airflow/example_dags/plugins/decreasing_priority_weight_strategy.py for tasks to queue
[2025-03-27T14:40:40.868-0500] {logging_mixin.py:190} INFO - [2025-03-27T14:40:40.867-0500] {dagbag.py:588} INFO - Filling up the DagBag from /home/udhbhav/miniconda3/lib/python3.11/site-packages/airflow/example_dags/plugins/decreasing_priority_weight_strategy.py
[2025-03-27T14:40:40.869-0500] {processor.py:927} WARNING - No viable dags retrieved from /home/udhbhav/miniconda3/lib/python3.11/site-packages/airflow/example_dags/plugins/decreasing_priority_weight_strategy.py
[2025-03-27T14:40:40.874-0500] {processor.py:208} INFO - Processing /home/udhbhav/miniconda3/lib/python3.11/site-packages/airflow/example_dags/plugins/decreasing_priority_weight_strategy.py took 0.011 seconds
[2025-03-27T14:42:10.450-0500] {processor.py:186} INFO - Started process (PID=1773009) to work on /home/udhbhav/miniconda3/lib/python3.11/site-packages/airflow/example_dags/plugins/decreasing_priority_weight_strategy.py
[2025-03-27T14:42:10.450-0500] {processor.py:914} INFO - Processing file /home/udhbhav/miniconda3/lib/python3.11/site-packages/airflow/example_dags/plugins/decreasing_priority_weight_strategy.py for tasks to queue
[2025-03-27T14:42:10.452-0500] {logging_mixin.py:190} INFO - [2025-03-27T14:42:10.452-0500] {dagbag.py:588} INFO - Filling up the DagBag from /home/udhbhav/miniconda3/lib/python3.11/site-packages/airflow/example_dags/plugins/decreasing_priority_weight_strategy.py
[2025-03-27T14:42:10.453-0500] {processor.py:927} WARNING - No viable dags retrieved from /home/udhbhav/miniconda3/lib/python3.11/site-packages/airflow/example_dags/plugins/decreasing_priority_weight_strategy.py
[2025-03-27T14:42:10.458-0500] {processor.py:208} INFO - Processing /home/udhbhav/miniconda3/lib/python3.11/site-packages/airflow/example_dags/plugins/decreasing_priority_weight_strategy.py took 0.011 seconds
[2025-03-27T14:43:31.733-0500] {processor.py:186} INFO - Started process (PID=1773939) to work on /home/udhbhav/miniconda3/lib/python3.11/site-packages/airflow/example_dags/plugins/decreasing_priority_weight_strategy.py
[2025-03-27T14:43:31.733-0500] {processor.py:914} INFO - Processing file /home/udhbhav/miniconda3/lib/python3.11/site-packages/airflow/example_dags/plugins/decreasing_priority_weight_strategy.py for tasks to queue
[2025-03-27T14:43:31.734-0500] {logging_mixin.py:190} INFO - [2025-03-27T14:43:31.734-0500] {dagbag.py:588} INFO - Filling up the DagBag from /home/udhbhav/miniconda3/lib/python3.11/site-packages/airflow/example_dags/plugins/decreasing_priority_weight_strategy.py
[2025-03-27T14:43:31.735-0500] {processor.py:927} WARNING - No viable dags retrieved from /home/udhbhav/miniconda3/lib/python3.11/site-packages/airflow/example_dags/plugins/decreasing_priority_weight_strategy.py
[2025-03-27T14:43:31.741-0500] {processor.py:208} INFO - Processing /home/udhbhav/miniconda3/lib/python3.11/site-packages/airflow/example_dags/plugins/decreasing_priority_weight_strategy.py took 0.011 seconds
[2025-03-27T14:44:48.937-0500] {processor.py:186} INFO - Started process (PID=1774800) to work on /home/udhbhav/miniconda3/lib/python3.11/site-packages/airflow/example_dags/plugins/decreasing_priority_weight_strategy.py
[2025-03-27T14:44:48.937-0500] {processor.py:914} INFO - Processing file /home/udhbhav/miniconda3/lib/python3.11/site-packages/airflow/example_dags/plugins/decreasing_priority_weight_strategy.py for tasks to queue
[2025-03-27T14:44:48.939-0500] {logging_mixin.py:190} INFO - [2025-03-27T14:44:48.938-0500] {dagbag.py:588} INFO - Filling up the DagBag from /home/udhbhav/miniconda3/lib/python3.11/site-packages/airflow/example_dags/plugins/decreasing_priority_weight_strategy.py
[2025-03-27T14:44:48.940-0500] {processor.py:927} WARNING - No viable dags retrieved from /home/udhbhav/miniconda3/lib/python3.11/site-packages/airflow/example_dags/plugins/decreasing_priority_weight_strategy.py
[2025-03-27T14:44:48.945-0500] {processor.py:208} INFO - Processing /home/udhbhav/miniconda3/lib/python3.11/site-packages/airflow/example_dags/plugins/decreasing_priority_weight_strategy.py took 0.011 seconds
[2025-03-27T14:46:12.748-0500] {processor.py:186} INFO - Started process (PID=1775533) to work on /home/udhbhav/miniconda3/lib/python3.11/site-packages/airflow/example_dags/plugins/decreasing_priority_weight_strategy.py
[2025-03-27T14:46:12.749-0500] {processor.py:914} INFO - Processing file /home/udhbhav/miniconda3/lib/python3.11/site-packages/airflow/example_dags/plugins/decreasing_priority_weight_strategy.py for tasks to queue
[2025-03-27T14:46:12.750-0500] {logging_mixin.py:190} INFO - [2025-03-27T14:46:12.750-0500] {dagbag.py:588} INFO - Filling up the DagBag from /home/udhbhav/miniconda3/lib/python3.11/site-packages/airflow/example_dags/plugins/decreasing_priority_weight_strategy.py
[2025-03-27T14:46:12.751-0500] {processor.py:927} WARNING - No viable dags retrieved from /home/udhbhav/miniconda3/lib/python3.11/site-packages/airflow/example_dags/plugins/decreasing_priority_weight_strategy.py
[2025-03-27T14:46:12.756-0500] {processor.py:208} INFO - Processing /home/udhbhav/miniconda3/lib/python3.11/site-packages/airflow/example_dags/plugins/decreasing_priority_weight_strategy.py took 0.011 seconds
[2025-03-27T14:47:37.514-0500] {processor.py:186} INFO - Started process (PID=1776360) to work on /home/udhbhav/miniconda3/lib/python3.11/site-packages/airflow/example_dags/plugins/decreasing_priority_weight_strategy.py
[2025-03-27T14:47:37.515-0500] {processor.py:914} INFO - Processing file /home/udhbhav/miniconda3/lib/python3.11/site-packages/airflow/example_dags/plugins/decreasing_priority_weight_strategy.py for tasks to queue
[2025-03-27T14:47:37.516-0500] {logging_mixin.py:190} INFO - [2025-03-27T14:47:37.515-0500] {dagbag.py:588} INFO - Filling up the DagBag from /home/udhbhav/miniconda3/lib/python3.11/site-packages/airflow/example_dags/plugins/decreasing_priority_weight_strategy.py
[2025-03-27T14:47:37.517-0500] {processor.py:927} WARNING - No viable dags retrieved from /home/udhbhav/miniconda3/lib/python3.11/site-packages/airflow/example_dags/plugins/decreasing_priority_weight_strategy.py
[2025-03-27T14:47:37.522-0500] {processor.py:208} INFO - Processing /home/udhbhav/miniconda3/lib/python3.11/site-packages/airflow/example_dags/plugins/decreasing_priority_weight_strategy.py took 0.011 seconds
[2025-03-27T14:48:56.059-0500] {processor.py:186} INFO - Started process (PID=1777151) to work on /home/udhbhav/miniconda3/lib/python3.11/site-packages/airflow/example_dags/plugins/decreasing_priority_weight_strategy.py
[2025-03-27T14:48:56.060-0500] {processor.py:914} INFO - Processing file /home/udhbhav/miniconda3/lib/python3.11/site-packages/airflow/example_dags/plugins/decreasing_priority_weight_strategy.py for tasks to queue
[2025-03-27T14:48:56.061-0500] {logging_mixin.py:190} INFO - [2025-03-27T14:48:56.061-0500] {dagbag.py:588} INFO - Filling up the DagBag from /home/udhbhav/miniconda3/lib/python3.11/site-packages/airflow/example_dags/plugins/decreasing_priority_weight_strategy.py
[2025-03-27T14:48:56.062-0500] {processor.py:927} WARNING - No viable dags retrieved from /home/udhbhav/miniconda3/lib/python3.11/site-packages/airflow/example_dags/plugins/decreasing_priority_weight_strategy.py
[2025-03-27T14:48:56.067-0500] {processor.py:208} INFO - Processing /home/udhbhav/miniconda3/lib/python3.11/site-packages/airflow/example_dags/plugins/decreasing_priority_weight_strategy.py took 0.011 seconds
[2025-03-27T14:50:27.091-0500] {processor.py:186} INFO - Started process (PID=1778678) to work on /home/udhbhav/miniconda3/lib/python3.11/site-packages/airflow/example_dags/plugins/decreasing_priority_weight_strategy.py
[2025-03-27T14:50:27.091-0500] {processor.py:914} INFO - Processing file /home/udhbhav/miniconda3/lib/python3.11/site-packages/airflow/example_dags/plugins/decreasing_priority_weight_strategy.py for tasks to queue
[2025-03-27T14:50:27.093-0500] {logging_mixin.py:190} INFO - [2025-03-27T14:50:27.092-0500] {dagbag.py:588} INFO - Filling up the DagBag from /home/udhbhav/miniconda3/lib/python3.11/site-packages/airflow/example_dags/plugins/decreasing_priority_weight_strategy.py
[2025-03-27T14:50:27.094-0500] {processor.py:927} WARNING - No viable dags retrieved from /home/udhbhav/miniconda3/lib/python3.11/site-packages/airflow/example_dags/plugins/decreasing_priority_weight_strategy.py
[2025-03-27T14:50:27.099-0500] {processor.py:208} INFO - Processing /home/udhbhav/miniconda3/lib/python3.11/site-packages/airflow/example_dags/plugins/decreasing_priority_weight_strategy.py took 0.011 seconds
[2025-03-27T14:51:32.580-0500] {processor.py:186} INFO - Started process (PID=1783453) to work on /home/udhbhav/miniconda3/lib/python3.11/site-packages/airflow/example_dags/plugins/decreasing_priority_weight_strategy.py
[2025-03-27T14:51:32.581-0500] {processor.py:914} INFO - Processing file /home/udhbhav/miniconda3/lib/python3.11/site-packages/airflow/example_dags/plugins/decreasing_priority_weight_strategy.py for tasks to queue
[2025-03-27T14:51:32.582-0500] {logging_mixin.py:190} INFO - [2025-03-27T14:51:32.582-0500] {dagbag.py:588} INFO - Filling up the DagBag from /home/udhbhav/miniconda3/lib/python3.11/site-packages/airflow/example_dags/plugins/decreasing_priority_weight_strategy.py
[2025-03-27T14:51:32.583-0500] {processor.py:927} WARNING - No viable dags retrieved from /home/udhbhav/miniconda3/lib/python3.11/site-packages/airflow/example_dags/plugins/decreasing_priority_weight_strategy.py
[2025-03-27T14:51:32.588-0500] {processor.py:208} INFO - Processing /home/udhbhav/miniconda3/lib/python3.11/site-packages/airflow/example_dags/plugins/decreasing_priority_weight_strategy.py took 0.011 seconds
[2025-03-27T14:52:40.261-0500] {processor.py:186} INFO - Started process (PID=1784229) to work on /home/udhbhav/miniconda3/lib/python3.11/site-packages/airflow/example_dags/plugins/decreasing_priority_weight_strategy.py
[2025-03-27T14:52:40.261-0500] {processor.py:914} INFO - Processing file /home/udhbhav/miniconda3/lib/python3.11/site-packages/airflow/example_dags/plugins/decreasing_priority_weight_strategy.py for tasks to queue
[2025-03-27T14:52:40.262-0500] {logging_mixin.py:190} INFO - [2025-03-27T14:52:40.262-0500] {dagbag.py:588} INFO - Filling up the DagBag from /home/udhbhav/miniconda3/lib/python3.11/site-packages/airflow/example_dags/plugins/decreasing_priority_weight_strategy.py
[2025-03-27T14:52:40.263-0500] {processor.py:927} WARNING - No viable dags retrieved from /home/udhbhav/miniconda3/lib/python3.11/site-packages/airflow/example_dags/plugins/decreasing_priority_weight_strategy.py
[2025-03-27T14:52:40.269-0500] {processor.py:208} INFO - Processing /home/udhbhav/miniconda3/lib/python3.11/site-packages/airflow/example_dags/plugins/decreasing_priority_weight_strategy.py took 0.011 seconds
[2025-03-27T14:53:50.499-0500] {processor.py:186} INFO - Started process (PID=1784890) to work on /home/udhbhav/miniconda3/lib/python3.11/site-packages/airflow/example_dags/plugins/decreasing_priority_weight_strategy.py
[2025-03-27T14:53:50.500-0500] {processor.py:914} INFO - Processing file /home/udhbhav/miniconda3/lib/python3.11/site-packages/airflow/example_dags/plugins/decreasing_priority_weight_strategy.py for tasks to queue
[2025-03-27T14:53:50.501-0500] {logging_mixin.py:190} INFO - [2025-03-27T14:53:50.501-0500] {dagbag.py:588} INFO - Filling up the DagBag from /home/udhbhav/miniconda3/lib/python3.11/site-packages/airflow/example_dags/plugins/decreasing_priority_weight_strategy.py
[2025-03-27T14:53:50.502-0500] {processor.py:927} WARNING - No viable dags retrieved from /home/udhbhav/miniconda3/lib/python3.11/site-packages/airflow/example_dags/plugins/decreasing_priority_weight_strategy.py
[2025-03-27T14:53:50.507-0500] {processor.py:208} INFO - Processing /home/udhbhav/miniconda3/lib/python3.11/site-packages/airflow/example_dags/plugins/decreasing_priority_weight_strategy.py took 0.011 seconds
[2025-03-27T14:54:56.672-0500] {processor.py:186} INFO - Started process (PID=1785545) to work on /home/udhbhav/miniconda3/lib/python3.11/site-packages/airflow/example_dags/plugins/decreasing_priority_weight_strategy.py
[2025-03-27T14:54:56.672-0500] {processor.py:914} INFO - Processing file /home/udhbhav/miniconda3/lib/python3.11/site-packages/airflow/example_dags/plugins/decreasing_priority_weight_strategy.py for tasks to queue
[2025-03-27T14:54:56.674-0500] {logging_mixin.py:190} INFO - [2025-03-27T14:54:56.673-0500] {dagbag.py:588} INFO - Filling up the DagBag from /home/udhbhav/miniconda3/lib/python3.11/site-packages/airflow/example_dags/plugins/decreasing_priority_weight_strategy.py
[2025-03-27T14:54:56.675-0500] {processor.py:927} WARNING - No viable dags retrieved from /home/udhbhav/miniconda3/lib/python3.11/site-packages/airflow/example_dags/plugins/decreasing_priority_weight_strategy.py
[2025-03-27T14:54:56.680-0500] {processor.py:208} INFO - Processing /home/udhbhav/miniconda3/lib/python3.11/site-packages/airflow/example_dags/plugins/decreasing_priority_weight_strategy.py took 0.011 seconds
[2025-03-27T14:56:06.728-0500] {processor.py:186} INFO - Started process (PID=1786211) to work on /home/udhbhav/miniconda3/lib/python3.11/site-packages/airflow/example_dags/plugins/decreasing_priority_weight_strategy.py
[2025-03-27T14:56:06.728-0500] {processor.py:914} INFO - Processing file /home/udhbhav/miniconda3/lib/python3.11/site-packages/airflow/example_dags/plugins/decreasing_priority_weight_strategy.py for tasks to queue
[2025-03-27T14:56:06.730-0500] {logging_mixin.py:190} INFO - [2025-03-27T14:56:06.730-0500] {dagbag.py:588} INFO - Filling up the DagBag from /home/udhbhav/miniconda3/lib/python3.11/site-packages/airflow/example_dags/plugins/decreasing_priority_weight_strategy.py
[2025-03-27T14:56:06.731-0500] {processor.py:927} WARNING - No viable dags retrieved from /home/udhbhav/miniconda3/lib/python3.11/site-packages/airflow/example_dags/plugins/decreasing_priority_weight_strategy.py
[2025-03-27T14:56:06.736-0500] {processor.py:208} INFO - Processing /home/udhbhav/miniconda3/lib/python3.11/site-packages/airflow/example_dags/plugins/decreasing_priority_weight_strategy.py took 0.011 seconds
[2025-03-27T14:57:23.541-0500] {processor.py:186} INFO - Started process (PID=1787011) to work on /home/udhbhav/miniconda3/lib/python3.11/site-packages/airflow/example_dags/plugins/decreasing_priority_weight_strategy.py
[2025-03-27T14:57:23.541-0500] {processor.py:914} INFO - Processing file /home/udhbhav/miniconda3/lib/python3.11/site-packages/airflow/example_dags/plugins/decreasing_priority_weight_strategy.py for tasks to queue
[2025-03-27T14:57:23.543-0500] {logging_mixin.py:190} INFO - [2025-03-27T14:57:23.542-0500] {dagbag.py:588} INFO - Filling up the DagBag from /home/udhbhav/miniconda3/lib/python3.11/site-packages/airflow/example_dags/plugins/decreasing_priority_weight_strategy.py
[2025-03-27T14:57:23.544-0500] {processor.py:927} WARNING - No viable dags retrieved from /home/udhbhav/miniconda3/lib/python3.11/site-packages/airflow/example_dags/plugins/decreasing_priority_weight_strategy.py
[2025-03-27T14:57:23.549-0500] {processor.py:208} INFO - Processing /home/udhbhav/miniconda3/lib/python3.11/site-packages/airflow/example_dags/plugins/decreasing_priority_weight_strategy.py took 0.011 seconds
[2025-03-27T14:58:42.165-0500] {processor.py:186} INFO - Started process (PID=1787909) to work on /home/udhbhav/miniconda3/lib/python3.11/site-packages/airflow/example_dags/plugins/decreasing_priority_weight_strategy.py
[2025-03-27T14:58:42.165-0500] {processor.py:914} INFO - Processing file /home/udhbhav/miniconda3/lib/python3.11/site-packages/airflow/example_dags/plugins/decreasing_priority_weight_strategy.py for tasks to queue
[2025-03-27T14:58:42.166-0500] {logging_mixin.py:190} INFO - [2025-03-27T14:58:42.166-0500] {dagbag.py:588} INFO - Filling up the DagBag from /home/udhbhav/miniconda3/lib/python3.11/site-packages/airflow/example_dags/plugins/decreasing_priority_weight_strategy.py
[2025-03-27T14:58:42.168-0500] {processor.py:927} WARNING - No viable dags retrieved from /home/udhbhav/miniconda3/lib/python3.11/site-packages/airflow/example_dags/plugins/decreasing_priority_weight_strategy.py
[2025-03-27T14:58:42.173-0500] {processor.py:208} INFO - Processing /home/udhbhav/miniconda3/lib/python3.11/site-packages/airflow/example_dags/plugins/decreasing_priority_weight_strategy.py took 0.011 seconds
[2025-03-27T15:00:15.303-0500] {processor.py:186} INFO - Started process (PID=1788912) to work on /home/udhbhav/miniconda3/lib/python3.11/site-packages/airflow/example_dags/plugins/decreasing_priority_weight_strategy.py
[2025-03-27T15:00:15.303-0500] {processor.py:914} INFO - Processing file /home/udhbhav/miniconda3/lib/python3.11/site-packages/airflow/example_dags/plugins/decreasing_priority_weight_strategy.py for tasks to queue
[2025-03-27T15:00:15.305-0500] {logging_mixin.py:190} INFO - [2025-03-27T15:00:15.304-0500] {dagbag.py:588} INFO - Filling up the DagBag from /home/udhbhav/miniconda3/lib/python3.11/site-packages/airflow/example_dags/plugins/decreasing_priority_weight_strategy.py
[2025-03-27T15:00:15.307-0500] {processor.py:927} WARNING - No viable dags retrieved from /home/udhbhav/miniconda3/lib/python3.11/site-packages/airflow/example_dags/plugins/decreasing_priority_weight_strategy.py
[2025-03-27T15:00:15.312-0500] {processor.py:208} INFO - Processing /home/udhbhav/miniconda3/lib/python3.11/site-packages/airflow/example_dags/plugins/decreasing_priority_weight_strategy.py took 0.012 seconds
[2025-03-27T15:01:22.577-0500] {processor.py:186} INFO - Started process (PID=1789625) to work on /home/udhbhav/miniconda3/lib/python3.11/site-packages/airflow/example_dags/plugins/decreasing_priority_weight_strategy.py
[2025-03-27T15:01:22.578-0500] {processor.py:914} INFO - Processing file /home/udhbhav/miniconda3/lib/python3.11/site-packages/airflow/example_dags/plugins/decreasing_priority_weight_strategy.py for tasks to queue
[2025-03-27T15:01:22.579-0500] {logging_mixin.py:190} INFO - [2025-03-27T15:01:22.579-0500] {dagbag.py:588} INFO - Filling up the DagBag from /home/udhbhav/miniconda3/lib/python3.11/site-packages/airflow/example_dags/plugins/decreasing_priority_weight_strategy.py
[2025-03-27T15:01:22.582-0500] {processor.py:927} WARNING - No viable dags retrieved from /home/udhbhav/miniconda3/lib/python3.11/site-packages/airflow/example_dags/plugins/decreasing_priority_weight_strategy.py
[2025-03-27T15:01:22.587-0500] {processor.py:208} INFO - Processing /home/udhbhav/miniconda3/lib/python3.11/site-packages/airflow/example_dags/plugins/decreasing_priority_weight_strategy.py took 0.012 seconds
[2025-03-27T15:02:27.136-0500] {processor.py:186} INFO - Started process (PID=1790363) to work on /home/udhbhav/miniconda3/lib/python3.11/site-packages/airflow/example_dags/plugins/decreasing_priority_weight_strategy.py
[2025-03-27T15:02:27.136-0500] {processor.py:914} INFO - Processing file /home/udhbhav/miniconda3/lib/python3.11/site-packages/airflow/example_dags/plugins/decreasing_priority_weight_strategy.py for tasks to queue
[2025-03-27T15:02:27.138-0500] {logging_mixin.py:190} INFO - [2025-03-27T15:02:27.137-0500] {dagbag.py:588} INFO - Filling up the DagBag from /home/udhbhav/miniconda3/lib/python3.11/site-packages/airflow/example_dags/plugins/decreasing_priority_weight_strategy.py
[2025-03-27T15:02:27.139-0500] {processor.py:927} WARNING - No viable dags retrieved from /home/udhbhav/miniconda3/lib/python3.11/site-packages/airflow/example_dags/plugins/decreasing_priority_weight_strategy.py
[2025-03-27T15:02:27.144-0500] {processor.py:208} INFO - Processing /home/udhbhav/miniconda3/lib/python3.11/site-packages/airflow/example_dags/plugins/decreasing_priority_weight_strategy.py took 0.011 seconds
[2025-03-27T15:03:44.066-0500] {processor.py:186} INFO - Started process (PID=1791167) to work on /home/udhbhav/miniconda3/lib/python3.11/site-packages/airflow/example_dags/plugins/decreasing_priority_weight_strategy.py
[2025-03-27T15:03:44.066-0500] {processor.py:914} INFO - Processing file /home/udhbhav/miniconda3/lib/python3.11/site-packages/airflow/example_dags/plugins/decreasing_priority_weight_strategy.py for tasks to queue
[2025-03-27T15:03:44.067-0500] {logging_mixin.py:190} INFO - [2025-03-27T15:03:44.067-0500] {dagbag.py:588} INFO - Filling up the DagBag from /home/udhbhav/miniconda3/lib/python3.11/site-packages/airflow/example_dags/plugins/decreasing_priority_weight_strategy.py
[2025-03-27T15:03:44.069-0500] {processor.py:927} WARNING - No viable dags retrieved from /home/udhbhav/miniconda3/lib/python3.11/site-packages/airflow/example_dags/plugins/decreasing_priority_weight_strategy.py
[2025-03-27T15:03:44.074-0500] {processor.py:208} INFO - Processing /home/udhbhav/miniconda3/lib/python3.11/site-packages/airflow/example_dags/plugins/decreasing_priority_weight_strategy.py took 0.011 seconds
[2025-03-27T15:04:59.102-0500] {processor.py:186} INFO - Started process (PID=1791890) to work on /home/udhbhav/miniconda3/lib/python3.11/site-packages/airflow/example_dags/plugins/decreasing_priority_weight_strategy.py
[2025-03-27T15:04:59.103-0500] {processor.py:914} INFO - Processing file /home/udhbhav/miniconda3/lib/python3.11/site-packages/airflow/example_dags/plugins/decreasing_priority_weight_strategy.py for tasks to queue
[2025-03-27T15:04:59.104-0500] {logging_mixin.py:190} INFO - [2025-03-27T15:04:59.104-0500] {dagbag.py:588} INFO - Filling up the DagBag from /home/udhbhav/miniconda3/lib/python3.11/site-packages/airflow/example_dags/plugins/decreasing_priority_weight_strategy.py
[2025-03-27T15:04:59.107-0500] {processor.py:927} WARNING - No viable dags retrieved from /home/udhbhav/miniconda3/lib/python3.11/site-packages/airflow/example_dags/plugins/decreasing_priority_weight_strategy.py
[2025-03-27T15:04:59.112-0500] {processor.py:208} INFO - Processing /home/udhbhav/miniconda3/lib/python3.11/site-packages/airflow/example_dags/plugins/decreasing_priority_weight_strategy.py took 0.013 seconds
[2025-03-27T15:06:22.587-0500] {processor.py:186} INFO - Started process (PID=1792631) to work on /home/udhbhav/miniconda3/lib/python3.11/site-packages/airflow/example_dags/plugins/decreasing_priority_weight_strategy.py
[2025-03-27T15:06:22.588-0500] {processor.py:914} INFO - Processing file /home/udhbhav/miniconda3/lib/python3.11/site-packages/airflow/example_dags/plugins/decreasing_priority_weight_strategy.py for tasks to queue
[2025-03-27T15:06:22.589-0500] {logging_mixin.py:190} INFO - [2025-03-27T15:06:22.589-0500] {dagbag.py:588} INFO - Filling up the DagBag from /home/udhbhav/miniconda3/lib/python3.11/site-packages/airflow/example_dags/plugins/decreasing_priority_weight_strategy.py
[2025-03-27T15:06:22.590-0500] {processor.py:927} WARNING - No viable dags retrieved from /home/udhbhav/miniconda3/lib/python3.11/site-packages/airflow/example_dags/plugins/decreasing_priority_weight_strategy.py
[2025-03-27T15:06:22.595-0500] {processor.py:208} INFO - Processing /home/udhbhav/miniconda3/lib/python3.11/site-packages/airflow/example_dags/plugins/decreasing_priority_weight_strategy.py took 0.011 seconds
[2025-03-27T15:07:45.803-0500] {processor.py:186} INFO - Started process (PID=1793595) to work on /home/udhbhav/miniconda3/lib/python3.11/site-packages/airflow/example_dags/plugins/decreasing_priority_weight_strategy.py
[2025-03-27T15:07:45.803-0500] {processor.py:914} INFO - Processing file /home/udhbhav/miniconda3/lib/python3.11/site-packages/airflow/example_dags/plugins/decreasing_priority_weight_strategy.py for tasks to queue
[2025-03-27T15:07:45.804-0500] {logging_mixin.py:190} INFO - [2025-03-27T15:07:45.804-0500] {dagbag.py:588} INFO - Filling up the DagBag from /home/udhbhav/miniconda3/lib/python3.11/site-packages/airflow/example_dags/plugins/decreasing_priority_weight_strategy.py
[2025-03-27T15:07:45.805-0500] {processor.py:927} WARNING - No viable dags retrieved from /home/udhbhav/miniconda3/lib/python3.11/site-packages/airflow/example_dags/plugins/decreasing_priority_weight_strategy.py
[2025-03-27T15:07:45.811-0500] {processor.py:208} INFO - Processing /home/udhbhav/miniconda3/lib/python3.11/site-packages/airflow/example_dags/plugins/decreasing_priority_weight_strategy.py took 0.011 seconds
[2025-03-27T15:08:47.576-0500] {processor.py:186} INFO - Started process (PID=1794216) to work on /home/udhbhav/miniconda3/lib/python3.11/site-packages/airflow/example_dags/plugins/decreasing_priority_weight_strategy.py
[2025-03-27T15:08:47.576-0500] {processor.py:914} INFO - Processing file /home/udhbhav/miniconda3/lib/python3.11/site-packages/airflow/example_dags/plugins/decreasing_priority_weight_strategy.py for tasks to queue
[2025-03-27T15:08:47.578-0500] {logging_mixin.py:190} INFO - [2025-03-27T15:08:47.578-0500] {dagbag.py:588} INFO - Filling up the DagBag from /home/udhbhav/miniconda3/lib/python3.11/site-packages/airflow/example_dags/plugins/decreasing_priority_weight_strategy.py
[2025-03-27T15:08:47.579-0500] {processor.py:927} WARNING - No viable dags retrieved from /home/udhbhav/miniconda3/lib/python3.11/site-packages/airflow/example_dags/plugins/decreasing_priority_weight_strategy.py
[2025-03-27T15:08:47.584-0500] {processor.py:208} INFO - Processing /home/udhbhav/miniconda3/lib/python3.11/site-packages/airflow/example_dags/plugins/decreasing_priority_weight_strategy.py took 0.011 seconds
[2025-03-27T15:09:59.538-0500] {processor.py:186} INFO - Started process (PID=1794850) to work on /home/udhbhav/miniconda3/lib/python3.11/site-packages/airflow/example_dags/plugins/decreasing_priority_weight_strategy.py
[2025-03-27T15:09:59.538-0500] {processor.py:914} INFO - Processing file /home/udhbhav/miniconda3/lib/python3.11/site-packages/airflow/example_dags/plugins/decreasing_priority_weight_strategy.py for tasks to queue
[2025-03-27T15:09:59.540-0500] {logging_mixin.py:190} INFO - [2025-03-27T15:09:59.539-0500] {dagbag.py:588} INFO - Filling up the DagBag from /home/udhbhav/miniconda3/lib/python3.11/site-packages/airflow/example_dags/plugins/decreasing_priority_weight_strategy.py
[2025-03-27T15:09:59.541-0500] {processor.py:927} WARNING - No viable dags retrieved from /home/udhbhav/miniconda3/lib/python3.11/site-packages/airflow/example_dags/plugins/decreasing_priority_weight_strategy.py
[2025-03-27T15:09:59.546-0500] {processor.py:208} INFO - Processing /home/udhbhav/miniconda3/lib/python3.11/site-packages/airflow/example_dags/plugins/decreasing_priority_weight_strategy.py took 0.011 seconds
[2025-03-27T15:11:08.676-0500] {processor.py:186} INFO - Started process (PID=1795494) to work on /home/udhbhav/miniconda3/lib/python3.11/site-packages/airflow/example_dags/plugins/decreasing_priority_weight_strategy.py
[2025-03-27T15:11:08.676-0500] {processor.py:914} INFO - Processing file /home/udhbhav/miniconda3/lib/python3.11/site-packages/airflow/example_dags/plugins/decreasing_priority_weight_strategy.py for tasks to queue
[2025-03-27T15:11:08.677-0500] {logging_mixin.py:190} INFO - [2025-03-27T15:11:08.677-0500] {dagbag.py:588} INFO - Filling up the DagBag from /home/udhbhav/miniconda3/lib/python3.11/site-packages/airflow/example_dags/plugins/decreasing_priority_weight_strategy.py
[2025-03-27T15:11:08.679-0500] {processor.py:927} WARNING - No viable dags retrieved from /home/udhbhav/miniconda3/lib/python3.11/site-packages/airflow/example_dags/plugins/decreasing_priority_weight_strategy.py
[2025-03-27T15:11:08.684-0500] {processor.py:208} INFO - Processing /home/udhbhav/miniconda3/lib/python3.11/site-packages/airflow/example_dags/plugins/decreasing_priority_weight_strategy.py took 0.011 seconds
[2025-03-27T15:12:14.404-0500] {processor.py:186} INFO - Started process (PID=1797695) to work on /home/udhbhav/miniconda3/lib/python3.11/site-packages/airflow/example_dags/plugins/decreasing_priority_weight_strategy.py
[2025-03-27T15:12:14.405-0500] {processor.py:914} INFO - Processing file /home/udhbhav/miniconda3/lib/python3.11/site-packages/airflow/example_dags/plugins/decreasing_priority_weight_strategy.py for tasks to queue
[2025-03-27T15:12:14.406-0500] {logging_mixin.py:190} INFO - [2025-03-27T15:12:14.405-0500] {dagbag.py:588} INFO - Filling up the DagBag from /home/udhbhav/miniconda3/lib/python3.11/site-packages/airflow/example_dags/plugins/decreasing_priority_weight_strategy.py
[2025-03-27T15:12:14.407-0500] {processor.py:927} WARNING - No viable dags retrieved from /home/udhbhav/miniconda3/lib/python3.11/site-packages/airflow/example_dags/plugins/decreasing_priority_weight_strategy.py
[2025-03-27T15:12:14.412-0500] {processor.py:208} INFO - Processing /home/udhbhav/miniconda3/lib/python3.11/site-packages/airflow/example_dags/plugins/decreasing_priority_weight_strategy.py took 0.011 seconds
[2025-03-27T15:13:34.231-0500] {processor.py:186} INFO - Started process (PID=1798518) to work on /home/udhbhav/miniconda3/lib/python3.11/site-packages/airflow/example_dags/plugins/decreasing_priority_weight_strategy.py
[2025-03-27T15:13:34.231-0500] {processor.py:914} INFO - Processing file /home/udhbhav/miniconda3/lib/python3.11/site-packages/airflow/example_dags/plugins/decreasing_priority_weight_strategy.py for tasks to queue
[2025-03-27T15:13:34.232-0500] {logging_mixin.py:190} INFO - [2025-03-27T15:13:34.232-0500] {dagbag.py:588} INFO - Filling up the DagBag from /home/udhbhav/miniconda3/lib/python3.11/site-packages/airflow/example_dags/plugins/decreasing_priority_weight_strategy.py
[2025-03-27T15:13:34.234-0500] {processor.py:927} WARNING - No viable dags retrieved from /home/udhbhav/miniconda3/lib/python3.11/site-packages/airflow/example_dags/plugins/decreasing_priority_weight_strategy.py
[2025-03-27T15:13:34.238-0500] {processor.py:208} INFO - Processing /home/udhbhav/miniconda3/lib/python3.11/site-packages/airflow/example_dags/plugins/decreasing_priority_weight_strategy.py took 0.011 seconds
[2025-03-27T15:14:50.228-0500] {processor.py:186} INFO - Started process (PID=1799351) to work on /home/udhbhav/miniconda3/lib/python3.11/site-packages/airflow/example_dags/plugins/decreasing_priority_weight_strategy.py
[2025-03-27T15:14:50.229-0500] {processor.py:914} INFO - Processing file /home/udhbhav/miniconda3/lib/python3.11/site-packages/airflow/example_dags/plugins/decreasing_priority_weight_strategy.py for tasks to queue
[2025-03-27T15:14:50.230-0500] {logging_mixin.py:190} INFO - [2025-03-27T15:14:50.230-0500] {dagbag.py:588} INFO - Filling up the DagBag from /home/udhbhav/miniconda3/lib/python3.11/site-packages/airflow/example_dags/plugins/decreasing_priority_weight_strategy.py
[2025-03-27T15:14:50.231-0500] {processor.py:927} WARNING - No viable dags retrieved from /home/udhbhav/miniconda3/lib/python3.11/site-packages/airflow/example_dags/plugins/decreasing_priority_weight_strategy.py
[2025-03-27T15:14:50.236-0500] {processor.py:208} INFO - Processing /home/udhbhav/miniconda3/lib/python3.11/site-packages/airflow/example_dags/plugins/decreasing_priority_weight_strategy.py took 0.011 seconds
[2025-03-27T15:16:10.416-0500] {processor.py:186} INFO - Started process (PID=1800047) to work on /home/udhbhav/miniconda3/lib/python3.11/site-packages/airflow/example_dags/plugins/decreasing_priority_weight_strategy.py
[2025-03-27T15:16:10.416-0500] {processor.py:914} INFO - Processing file /home/udhbhav/miniconda3/lib/python3.11/site-packages/airflow/example_dags/plugins/decreasing_priority_weight_strategy.py for tasks to queue
[2025-03-27T15:16:10.417-0500] {logging_mixin.py:190} INFO - [2025-03-27T15:16:10.417-0500] {dagbag.py:588} INFO - Filling up the DagBag from /home/udhbhav/miniconda3/lib/python3.11/site-packages/airflow/example_dags/plugins/decreasing_priority_weight_strategy.py
[2025-03-27T15:16:10.419-0500] {processor.py:927} WARNING - No viable dags retrieved from /home/udhbhav/miniconda3/lib/python3.11/site-packages/airflow/example_dags/plugins/decreasing_priority_weight_strategy.py
[2025-03-27T15:16:10.424-0500] {processor.py:208} INFO - Processing /home/udhbhav/miniconda3/lib/python3.11/site-packages/airflow/example_dags/plugins/decreasing_priority_weight_strategy.py took 0.011 seconds
[2025-03-27T15:17:27.358-0500] {processor.py:186} INFO - Started process (PID=1800818) to work on /home/udhbhav/miniconda3/lib/python3.11/site-packages/airflow/example_dags/plugins/decreasing_priority_weight_strategy.py
[2025-03-27T15:17:27.358-0500] {processor.py:914} INFO - Processing file /home/udhbhav/miniconda3/lib/python3.11/site-packages/airflow/example_dags/plugins/decreasing_priority_weight_strategy.py for tasks to queue
[2025-03-27T15:17:27.360-0500] {logging_mixin.py:190} INFO - [2025-03-27T15:17:27.359-0500] {dagbag.py:588} INFO - Filling up the DagBag from /home/udhbhav/miniconda3/lib/python3.11/site-packages/airflow/example_dags/plugins/decreasing_priority_weight_strategy.py
[2025-03-27T15:17:27.361-0500] {processor.py:927} WARNING - No viable dags retrieved from /home/udhbhav/miniconda3/lib/python3.11/site-packages/airflow/example_dags/plugins/decreasing_priority_weight_strategy.py
[2025-03-27T15:17:27.366-0500] {processor.py:208} INFO - Processing /home/udhbhav/miniconda3/lib/python3.11/site-packages/airflow/example_dags/plugins/decreasing_priority_weight_strategy.py took 0.011 seconds
[2025-03-27T15:18:34.289-0500] {processor.py:186} INFO - Started process (PID=1801486) to work on /home/udhbhav/miniconda3/lib/python3.11/site-packages/airflow/example_dags/plugins/decreasing_priority_weight_strategy.py
[2025-03-27T15:18:34.289-0500] {processor.py:914} INFO - Processing file /home/udhbhav/miniconda3/lib/python3.11/site-packages/airflow/example_dags/plugins/decreasing_priority_weight_strategy.py for tasks to queue
[2025-03-27T15:18:34.291-0500] {logging_mixin.py:190} INFO - [2025-03-27T15:18:34.291-0500] {dagbag.py:588} INFO - Filling up the DagBag from /home/udhbhav/miniconda3/lib/python3.11/site-packages/airflow/example_dags/plugins/decreasing_priority_weight_strategy.py
[2025-03-27T15:18:34.292-0500] {processor.py:927} WARNING - No viable dags retrieved from /home/udhbhav/miniconda3/lib/python3.11/site-packages/airflow/example_dags/plugins/decreasing_priority_weight_strategy.py
[2025-03-27T15:18:34.297-0500] {processor.py:208} INFO - Processing /home/udhbhav/miniconda3/lib/python3.11/site-packages/airflow/example_dags/plugins/decreasing_priority_weight_strategy.py took 0.011 seconds
[2025-03-27T15:19:43.972-0500] {processor.py:186} INFO - Started process (PID=1802279) to work on /home/udhbhav/miniconda3/lib/python3.11/site-packages/airflow/example_dags/plugins/decreasing_priority_weight_strategy.py
[2025-03-27T15:19:43.972-0500] {processor.py:914} INFO - Processing file /home/udhbhav/miniconda3/lib/python3.11/site-packages/airflow/example_dags/plugins/decreasing_priority_weight_strategy.py for tasks to queue
[2025-03-27T15:19:43.974-0500] {logging_mixin.py:190} INFO - [2025-03-27T15:19:43.973-0500] {dagbag.py:588} INFO - Filling up the DagBag from /home/udhbhav/miniconda3/lib/python3.11/site-packages/airflow/example_dags/plugins/decreasing_priority_weight_strategy.py
[2025-03-27T15:19:43.975-0500] {processor.py:927} WARNING - No viable dags retrieved from /home/udhbhav/miniconda3/lib/python3.11/site-packages/airflow/example_dags/plugins/decreasing_priority_weight_strategy.py
[2025-03-27T15:19:43.980-0500] {processor.py:208} INFO - Processing /home/udhbhav/miniconda3/lib/python3.11/site-packages/airflow/example_dags/plugins/decreasing_priority_weight_strategy.py took 0.011 seconds
[2025-03-27T15:20:48.654-0500] {processor.py:186} INFO - Started process (PID=1803771) to work on /home/udhbhav/miniconda3/lib/python3.11/site-packages/airflow/example_dags/plugins/decreasing_priority_weight_strategy.py
[2025-03-27T15:20:48.655-0500] {processor.py:914} INFO - Processing file /home/udhbhav/miniconda3/lib/python3.11/site-packages/airflow/example_dags/plugins/decreasing_priority_weight_strategy.py for tasks to queue
[2025-03-27T15:20:48.656-0500] {logging_mixin.py:190} INFO - [2025-03-27T15:20:48.656-0500] {dagbag.py:588} INFO - Filling up the DagBag from /home/udhbhav/miniconda3/lib/python3.11/site-packages/airflow/example_dags/plugins/decreasing_priority_weight_strategy.py
[2025-03-27T15:20:48.657-0500] {processor.py:927} WARNING - No viable dags retrieved from /home/udhbhav/miniconda3/lib/python3.11/site-packages/airflow/example_dags/plugins/decreasing_priority_weight_strategy.py
[2025-03-27T15:20:48.662-0500] {processor.py:208} INFO - Processing /home/udhbhav/miniconda3/lib/python3.11/site-packages/airflow/example_dags/plugins/decreasing_priority_weight_strategy.py took 0.011 seconds
[2025-03-27T15:21:59.867-0500] {processor.py:186} INFO - Started process (PID=1808464) to work on /home/udhbhav/miniconda3/lib/python3.11/site-packages/airflow/example_dags/plugins/decreasing_priority_weight_strategy.py
[2025-03-27T15:21:59.867-0500] {processor.py:914} INFO - Processing file /home/udhbhav/miniconda3/lib/python3.11/site-packages/airflow/example_dags/plugins/decreasing_priority_weight_strategy.py for tasks to queue
[2025-03-27T15:21:59.869-0500] {logging_mixin.py:190} INFO - [2025-03-27T15:21:59.869-0500] {dagbag.py:588} INFO - Filling up the DagBag from /home/udhbhav/miniconda3/lib/python3.11/site-packages/airflow/example_dags/plugins/decreasing_priority_weight_strategy.py
[2025-03-27T15:21:59.870-0500] {processor.py:927} WARNING - No viable dags retrieved from /home/udhbhav/miniconda3/lib/python3.11/site-packages/airflow/example_dags/plugins/decreasing_priority_weight_strategy.py
[2025-03-27T15:21:59.875-0500] {processor.py:208} INFO - Processing /home/udhbhav/miniconda3/lib/python3.11/site-packages/airflow/example_dags/plugins/decreasing_priority_weight_strategy.py took 0.011 seconds
[2025-03-27T15:23:20.052-0500] {processor.py:186} INFO - Started process (PID=1809163) to work on /home/udhbhav/miniconda3/lib/python3.11/site-packages/airflow/example_dags/plugins/decreasing_priority_weight_strategy.py
[2025-03-27T15:23:20.053-0500] {processor.py:914} INFO - Processing file /home/udhbhav/miniconda3/lib/python3.11/site-packages/airflow/example_dags/plugins/decreasing_priority_weight_strategy.py for tasks to queue
[2025-03-27T15:23:20.054-0500] {logging_mixin.py:190} INFO - [2025-03-27T15:23:20.054-0500] {dagbag.py:588} INFO - Filling up the DagBag from /home/udhbhav/miniconda3/lib/python3.11/site-packages/airflow/example_dags/plugins/decreasing_priority_weight_strategy.py
[2025-03-27T15:23:20.055-0500] {processor.py:927} WARNING - No viable dags retrieved from /home/udhbhav/miniconda3/lib/python3.11/site-packages/airflow/example_dags/plugins/decreasing_priority_weight_strategy.py
[2025-03-27T15:23:20.060-0500] {processor.py:208} INFO - Processing /home/udhbhav/miniconda3/lib/python3.11/site-packages/airflow/example_dags/plugins/decreasing_priority_weight_strategy.py took 0.011 seconds
[2025-03-27T15:24:28.448-0500] {processor.py:186} INFO - Started process (PID=1809944) to work on /home/udhbhav/miniconda3/lib/python3.11/site-packages/airflow/example_dags/plugins/decreasing_priority_weight_strategy.py
[2025-03-27T15:24:28.449-0500] {processor.py:914} INFO - Processing file /home/udhbhav/miniconda3/lib/python3.11/site-packages/airflow/example_dags/plugins/decreasing_priority_weight_strategy.py for tasks to queue
[2025-03-27T15:24:28.450-0500] {logging_mixin.py:190} INFO - [2025-03-27T15:24:28.450-0500] {dagbag.py:588} INFO - Filling up the DagBag from /home/udhbhav/miniconda3/lib/python3.11/site-packages/airflow/example_dags/plugins/decreasing_priority_weight_strategy.py
[2025-03-27T15:24:28.451-0500] {processor.py:927} WARNING - No viable dags retrieved from /home/udhbhav/miniconda3/lib/python3.11/site-packages/airflow/example_dags/plugins/decreasing_priority_weight_strategy.py
[2025-03-27T15:24:28.456-0500] {processor.py:208} INFO - Processing /home/udhbhav/miniconda3/lib/python3.11/site-packages/airflow/example_dags/plugins/decreasing_priority_weight_strategy.py took 0.011 seconds
[2025-03-27T15:25:52.122-0500] {processor.py:186} INFO - Started process (PID=1810876) to work on /home/udhbhav/miniconda3/lib/python3.11/site-packages/airflow/example_dags/plugins/decreasing_priority_weight_strategy.py
[2025-03-27T15:25:52.123-0500] {processor.py:914} INFO - Processing file /home/udhbhav/miniconda3/lib/python3.11/site-packages/airflow/example_dags/plugins/decreasing_priority_weight_strategy.py for tasks to queue
[2025-03-27T15:25:52.124-0500] {logging_mixin.py:190} INFO - [2025-03-27T15:25:52.124-0500] {dagbag.py:588} INFO - Filling up the DagBag from /home/udhbhav/miniconda3/lib/python3.11/site-packages/airflow/example_dags/plugins/decreasing_priority_weight_strategy.py
[2025-03-27T15:25:52.125-0500] {processor.py:927} WARNING - No viable dags retrieved from /home/udhbhav/miniconda3/lib/python3.11/site-packages/airflow/example_dags/plugins/decreasing_priority_weight_strategy.py
[2025-03-27T15:25:52.130-0500] {processor.py:208} INFO - Processing /home/udhbhav/miniconda3/lib/python3.11/site-packages/airflow/example_dags/plugins/decreasing_priority_weight_strategy.py took 0.011 seconds
[2025-03-27T15:27:21.256-0500] {processor.py:186} INFO - Started process (PID=1811617) to work on /home/udhbhav/miniconda3/lib/python3.11/site-packages/airflow/example_dags/plugins/decreasing_priority_weight_strategy.py
[2025-03-27T15:27:21.257-0500] {processor.py:914} INFO - Processing file /home/udhbhav/miniconda3/lib/python3.11/site-packages/airflow/example_dags/plugins/decreasing_priority_weight_strategy.py for tasks to queue
[2025-03-27T15:27:21.258-0500] {logging_mixin.py:190} INFO - [2025-03-27T15:27:21.258-0500] {dagbag.py:588} INFO - Filling up the DagBag from /home/udhbhav/miniconda3/lib/python3.11/site-packages/airflow/example_dags/plugins/decreasing_priority_weight_strategy.py
[2025-03-27T15:27:21.259-0500] {processor.py:927} WARNING - No viable dags retrieved from /home/udhbhav/miniconda3/lib/python3.11/site-packages/airflow/example_dags/plugins/decreasing_priority_weight_strategy.py
[2025-03-27T15:27:21.264-0500] {processor.py:208} INFO - Processing /home/udhbhav/miniconda3/lib/python3.11/site-packages/airflow/example_dags/plugins/decreasing_priority_weight_strategy.py took 0.011 seconds
[2025-03-27T15:28:41.656-0500] {processor.py:186} INFO - Started process (PID=1812449) to work on /home/udhbhav/miniconda3/lib/python3.11/site-packages/airflow/example_dags/plugins/decreasing_priority_weight_strategy.py
[2025-03-27T15:28:41.657-0500] {processor.py:914} INFO - Processing file /home/udhbhav/miniconda3/lib/python3.11/site-packages/airflow/example_dags/plugins/decreasing_priority_weight_strategy.py for tasks to queue
[2025-03-27T15:28:41.658-0500] {logging_mixin.py:190} INFO - [2025-03-27T15:28:41.658-0500] {dagbag.py:588} INFO - Filling up the DagBag from /home/udhbhav/miniconda3/lib/python3.11/site-packages/airflow/example_dags/plugins/decreasing_priority_weight_strategy.py
[2025-03-27T15:28:41.659-0500] {processor.py:927} WARNING - No viable dags retrieved from /home/udhbhav/miniconda3/lib/python3.11/site-packages/airflow/example_dags/plugins/decreasing_priority_weight_strategy.py
[2025-03-27T15:28:41.664-0500] {processor.py:208} INFO - Processing /home/udhbhav/miniconda3/lib/python3.11/site-packages/airflow/example_dags/plugins/decreasing_priority_weight_strategy.py took 0.011 seconds
[2025-03-27T15:30:31.587-0500] {processor.py:186} INFO - Started process (PID=1813395) to work on /home/udhbhav/miniconda3/lib/python3.11/site-packages/airflow/example_dags/plugins/decreasing_priority_weight_strategy.py
[2025-03-27T15:30:31.587-0500] {processor.py:914} INFO - Processing file /home/udhbhav/miniconda3/lib/python3.11/site-packages/airflow/example_dags/plugins/decreasing_priority_weight_strategy.py for tasks to queue
[2025-03-27T15:30:31.588-0500] {logging_mixin.py:190} INFO - [2025-03-27T15:30:31.588-0500] {dagbag.py:588} INFO - Filling up the DagBag from /home/udhbhav/miniconda3/lib/python3.11/site-packages/airflow/example_dags/plugins/decreasing_priority_weight_strategy.py
[2025-03-27T15:30:31.589-0500] {processor.py:927} WARNING - No viable dags retrieved from /home/udhbhav/miniconda3/lib/python3.11/site-packages/airflow/example_dags/plugins/decreasing_priority_weight_strategy.py
[2025-03-27T15:30:31.594-0500] {processor.py:208} INFO - Processing /home/udhbhav/miniconda3/lib/python3.11/site-packages/airflow/example_dags/plugins/decreasing_priority_weight_strategy.py took 0.011 seconds
[2025-03-27T15:32:18.737-0500] {processor.py:186} INFO - Started process (PID=1814432) to work on /home/udhbhav/miniconda3/lib/python3.11/site-packages/airflow/example_dags/plugins/decreasing_priority_weight_strategy.py
[2025-03-27T15:32:18.738-0500] {processor.py:914} INFO - Processing file /home/udhbhav/miniconda3/lib/python3.11/site-packages/airflow/example_dags/plugins/decreasing_priority_weight_strategy.py for tasks to queue
[2025-03-27T15:32:18.739-0500] {logging_mixin.py:190} INFO - [2025-03-27T15:32:18.739-0500] {dagbag.py:588} INFO - Filling up the DagBag from /home/udhbhav/miniconda3/lib/python3.11/site-packages/airflow/example_dags/plugins/decreasing_priority_weight_strategy.py
[2025-03-27T15:32:18.740-0500] {processor.py:927} WARNING - No viable dags retrieved from /home/udhbhav/miniconda3/lib/python3.11/site-packages/airflow/example_dags/plugins/decreasing_priority_weight_strategy.py
[2025-03-27T15:32:18.745-0500] {processor.py:208} INFO - Processing /home/udhbhav/miniconda3/lib/python3.11/site-packages/airflow/example_dags/plugins/decreasing_priority_weight_strategy.py took 0.011 seconds
[2025-03-27T15:33:29.876-0500] {processor.py:186} INFO - Started process (PID=1815080) to work on /home/udhbhav/miniconda3/lib/python3.11/site-packages/airflow/example_dags/plugins/decreasing_priority_weight_strategy.py
[2025-03-27T15:33:29.876-0500] {processor.py:914} INFO - Processing file /home/udhbhav/miniconda3/lib/python3.11/site-packages/airflow/example_dags/plugins/decreasing_priority_weight_strategy.py for tasks to queue
[2025-03-27T15:33:29.877-0500] {logging_mixin.py:190} INFO - [2025-03-27T15:33:29.877-0500] {dagbag.py:588} INFO - Filling up the DagBag from /home/udhbhav/miniconda3/lib/python3.11/site-packages/airflow/example_dags/plugins/decreasing_priority_weight_strategy.py
[2025-03-27T15:33:29.879-0500] {processor.py:927} WARNING - No viable dags retrieved from /home/udhbhav/miniconda3/lib/python3.11/site-packages/airflow/example_dags/plugins/decreasing_priority_weight_strategy.py
[2025-03-27T15:33:29.884-0500] {processor.py:208} INFO - Processing /home/udhbhav/miniconda3/lib/python3.11/site-packages/airflow/example_dags/plugins/decreasing_priority_weight_strategy.py took 0.011 seconds
[2025-03-27T15:34:36.339-0500] {processor.py:186} INFO - Started process (PID=1815793) to work on /home/udhbhav/miniconda3/lib/python3.11/site-packages/airflow/example_dags/plugins/decreasing_priority_weight_strategy.py
[2025-03-27T15:34:36.340-0500] {processor.py:914} INFO - Processing file /home/udhbhav/miniconda3/lib/python3.11/site-packages/airflow/example_dags/plugins/decreasing_priority_weight_strategy.py for tasks to queue
[2025-03-27T15:34:36.341-0500] {logging_mixin.py:190} INFO - [2025-03-27T15:34:36.341-0500] {dagbag.py:588} INFO - Filling up the DagBag from /home/udhbhav/miniconda3/lib/python3.11/site-packages/airflow/example_dags/plugins/decreasing_priority_weight_strategy.py
[2025-03-27T15:34:36.342-0500] {processor.py:927} WARNING - No viable dags retrieved from /home/udhbhav/miniconda3/lib/python3.11/site-packages/airflow/example_dags/plugins/decreasing_priority_weight_strategy.py
[2025-03-27T15:34:36.347-0500] {processor.py:208} INFO - Processing /home/udhbhav/miniconda3/lib/python3.11/site-packages/airflow/example_dags/plugins/decreasing_priority_weight_strategy.py took 0.011 seconds
[2025-03-27T15:35:46.526-0500] {processor.py:186} INFO - Started process (PID=1816532) to work on /home/udhbhav/miniconda3/lib/python3.11/site-packages/airflow/example_dags/plugins/decreasing_priority_weight_strategy.py
[2025-03-27T15:35:46.526-0500] {processor.py:914} INFO - Processing file /home/udhbhav/miniconda3/lib/python3.11/site-packages/airflow/example_dags/plugins/decreasing_priority_weight_strategy.py for tasks to queue
[2025-03-27T15:35:46.527-0500] {logging_mixin.py:190} INFO - [2025-03-27T15:35:46.527-0500] {dagbag.py:588} INFO - Filling up the DagBag from /home/udhbhav/miniconda3/lib/python3.11/site-packages/airflow/example_dags/plugins/decreasing_priority_weight_strategy.py
[2025-03-27T15:35:46.528-0500] {processor.py:927} WARNING - No viable dags retrieved from /home/udhbhav/miniconda3/lib/python3.11/site-packages/airflow/example_dags/plugins/decreasing_priority_weight_strategy.py
[2025-03-27T15:35:46.534-0500] {processor.py:208} INFO - Processing /home/udhbhav/miniconda3/lib/python3.11/site-packages/airflow/example_dags/plugins/decreasing_priority_weight_strategy.py took 0.011 seconds
