[2025-03-27T14:27:53.329-0500] {processor.py:186} INFO - Started process (PID=1764054) to work on /home/udhbhav/miniconda3/lib/python3.11/site-packages/airflow/example_dags/plugins/event_listener.py
[2025-03-27T14:27:53.330-0500] {processor.py:914} INFO - Processing file /home/udhbhav/miniconda3/lib/python3.11/site-packages/airflow/example_dags/plugins/event_listener.py for tasks to queue
[2025-03-27T14:27:53.331-0500] {logging_mixin.py:190} INFO - [2025-03-27T14:27:53.330-0500] {dagbag.py:588} INFO - Filling up the DagBag from /home/udhbhav/miniconda3/lib/python3.11/site-packages/airflow/example_dags/plugins/event_listener.py
[2025-03-27T14:27:53.333-0500] {processor.py:927} WARNING - No viable dags retrieved from /home/udhbhav/miniconda3/lib/python3.11/site-packages/airflow/example_dags/plugins/event_listener.py
[2025-03-27T14:27:53.338-0500] {processor.py:208} INFO - Processing /home/udhbhav/miniconda3/lib/python3.11/site-packages/airflow/example_dags/plugins/event_listener.py took 0.012 seconds
[2025-03-27T14:38:00.638-0500] {processor.py:186} INFO - Started process (PID=1770168) to work on /home/udhbhav/miniconda3/lib/python3.11/site-packages/airflow/example_dags/plugins/event_listener.py
[2025-03-27T14:38:00.638-0500] {processor.py:914} INFO - Processing file /home/udhbhav/miniconda3/lib/python3.11/site-packages/airflow/example_dags/plugins/event_listener.py for tasks to queue
[2025-03-27T14:38:00.639-0500] {logging_mixin.py:190} INFO - [2025-03-27T14:38:00.639-0500] {dagbag.py:588} INFO - Filling up the DagBag from /home/udhbhav/miniconda3/lib/python3.11/site-packages/airflow/example_dags/plugins/event_listener.py
[2025-03-27T14:38:00.641-0500] {processor.py:927} WARNING - No viable dags retrieved from /home/udhbhav/miniconda3/lib/python3.11/site-packages/airflow/example_dags/plugins/event_listener.py
[2025-03-27T14:38:00.646-0500] {processor.py:208} INFO - Processing /home/udhbhav/miniconda3/lib/python3.11/site-packages/airflow/example_dags/plugins/event_listener.py took 0.011 seconds
[2025-03-27T14:39:17.481-0500] {processor.py:186} INFO - Started process (PID=1771029) to work on /home/udhbhav/miniconda3/lib/python3.11/site-packages/airflow/example_dags/plugins/event_listener.py
[2025-03-27T14:39:17.482-0500] {processor.py:914} INFO - Processing file /home/udhbhav/miniconda3/lib/python3.11/site-packages/airflow/example_dags/plugins/event_listener.py for tasks to queue
[2025-03-27T14:39:17.483-0500] {logging_mixin.py:190} INFO - [2025-03-27T14:39:17.482-0500] {dagbag.py:588} INFO - Filling up the DagBag from /home/udhbhav/miniconda3/lib/python3.11/site-packages/airflow/example_dags/plugins/event_listener.py
[2025-03-27T14:39:17.484-0500] {processor.py:927} WARNING - No viable dags retrieved from /home/udhbhav/miniconda3/lib/python3.11/site-packages/airflow/example_dags/plugins/event_listener.py
[2025-03-27T14:39:17.489-0500] {processor.py:208} INFO - Processing /home/udhbhav/miniconda3/lib/python3.11/site-packages/airflow/example_dags/plugins/event_listener.py took 0.011 seconds
[2025-03-27T14:40:41.991-0500] {processor.py:186} INFO - Started process (PID=1771886) to work on /home/udhbhav/miniconda3/lib/python3.11/site-packages/airflow/example_dags/plugins/event_listener.py
[2025-03-27T14:40:41.991-0500] {processor.py:914} INFO - Processing file /home/udhbhav/miniconda3/lib/python3.11/site-packages/airflow/example_dags/plugins/event_listener.py for tasks to queue
[2025-03-27T14:40:41.992-0500] {logging_mixin.py:190} INFO - [2025-03-27T14:40:41.992-0500] {dagbag.py:588} INFO - Filling up the DagBag from /home/udhbhav/miniconda3/lib/python3.11/site-packages/airflow/example_dags/plugins/event_listener.py
[2025-03-27T14:40:41.993-0500] {processor.py:927} WARNING - No viable dags retrieved from /home/udhbhav/miniconda3/lib/python3.11/site-packages/airflow/example_dags/plugins/event_listener.py
[2025-03-27T14:40:41.998-0500] {processor.py:208} INFO - Processing /home/udhbhav/miniconda3/lib/python3.11/site-packages/airflow/example_dags/plugins/event_listener.py took 0.011 seconds
[2025-03-27T14:42:11.575-0500] {processor.py:186} INFO - Started process (PID=1773015) to work on /home/udhbhav/miniconda3/lib/python3.11/site-packages/airflow/example_dags/plugins/event_listener.py
[2025-03-27T14:42:11.575-0500] {processor.py:914} INFO - Processing file /home/udhbhav/miniconda3/lib/python3.11/site-packages/airflow/example_dags/plugins/event_listener.py for tasks to queue
[2025-03-27T14:42:11.576-0500] {logging_mixin.py:190} INFO - [2025-03-27T14:42:11.576-0500] {dagbag.py:588} INFO - Filling up the DagBag from /home/udhbhav/miniconda3/lib/python3.11/site-packages/airflow/example_dags/plugins/event_listener.py
[2025-03-27T14:42:11.577-0500] {processor.py:927} WARNING - No viable dags retrieved from /home/udhbhav/miniconda3/lib/python3.11/site-packages/airflow/example_dags/plugins/event_listener.py
[2025-03-27T14:42:11.582-0500] {processor.py:208} INFO - Processing /home/udhbhav/miniconda3/lib/python3.11/site-packages/airflow/example_dags/plugins/event_listener.py took 0.010 seconds
[2025-03-27T14:43:32.971-0500] {processor.py:186} INFO - Started process (PID=1773953) to work on /home/udhbhav/miniconda3/lib/python3.11/site-packages/airflow/example_dags/plugins/event_listener.py
[2025-03-27T14:43:32.971-0500] {processor.py:914} INFO - Processing file /home/udhbhav/miniconda3/lib/python3.11/site-packages/airflow/example_dags/plugins/event_listener.py for tasks to queue
[2025-03-27T14:43:32.972-0500] {logging_mixin.py:190} INFO - [2025-03-27T14:43:32.972-0500] {dagbag.py:588} INFO - Filling up the DagBag from /home/udhbhav/miniconda3/lib/python3.11/site-packages/airflow/example_dags/plugins/event_listener.py
[2025-03-27T14:43:32.974-0500] {processor.py:927} WARNING - No viable dags retrieved from /home/udhbhav/miniconda3/lib/python3.11/site-packages/airflow/example_dags/plugins/event_listener.py
[2025-03-27T14:43:32.979-0500] {processor.py:208} INFO - Processing /home/udhbhav/miniconda3/lib/python3.11/site-packages/airflow/example_dags/plugins/event_listener.py took 0.011 seconds
[2025-03-27T14:44:49.755-0500] {processor.py:186} INFO - Started process (PID=1774803) to work on /home/udhbhav/miniconda3/lib/python3.11/site-packages/airflow/example_dags/plugins/event_listener.py
[2025-03-27T14:44:49.756-0500] {processor.py:914} INFO - Processing file /home/udhbhav/miniconda3/lib/python3.11/site-packages/airflow/example_dags/plugins/event_listener.py for tasks to queue
[2025-03-27T14:44:49.757-0500] {logging_mixin.py:190} INFO - [2025-03-27T14:44:49.757-0500] {dagbag.py:588} INFO - Filling up the DagBag from /home/udhbhav/miniconda3/lib/python3.11/site-packages/airflow/example_dags/plugins/event_listener.py
[2025-03-27T14:44:49.758-0500] {processor.py:927} WARNING - No viable dags retrieved from /home/udhbhav/miniconda3/lib/python3.11/site-packages/airflow/example_dags/plugins/event_listener.py
[2025-03-27T14:44:49.763-0500] {processor.py:208} INFO - Processing /home/udhbhav/miniconda3/lib/python3.11/site-packages/airflow/example_dags/plugins/event_listener.py took 0.011 seconds
[2025-03-27T14:46:14.026-0500] {processor.py:186} INFO - Started process (PID=1775541) to work on /home/udhbhav/miniconda3/lib/python3.11/site-packages/airflow/example_dags/plugins/event_listener.py
[2025-03-27T14:46:14.026-0500] {processor.py:914} INFO - Processing file /home/udhbhav/miniconda3/lib/python3.11/site-packages/airflow/example_dags/plugins/event_listener.py for tasks to queue
[2025-03-27T14:46:14.027-0500] {logging_mixin.py:190} INFO - [2025-03-27T14:46:14.027-0500] {dagbag.py:588} INFO - Filling up the DagBag from /home/udhbhav/miniconda3/lib/python3.11/site-packages/airflow/example_dags/plugins/event_listener.py
[2025-03-27T14:46:14.028-0500] {processor.py:927} WARNING - No viable dags retrieved from /home/udhbhav/miniconda3/lib/python3.11/site-packages/airflow/example_dags/plugins/event_listener.py
[2025-03-27T14:46:14.033-0500] {processor.py:208} INFO - Processing /home/udhbhav/miniconda3/lib/python3.11/site-packages/airflow/example_dags/plugins/event_listener.py took 0.011 seconds
[2025-03-27T14:47:38.639-0500] {processor.py:186} INFO - Started process (PID=1776365) to work on /home/udhbhav/miniconda3/lib/python3.11/site-packages/airflow/example_dags/plugins/event_listener.py
[2025-03-27T14:47:38.640-0500] {processor.py:914} INFO - Processing file /home/udhbhav/miniconda3/lib/python3.11/site-packages/airflow/example_dags/plugins/event_listener.py for tasks to queue
[2025-03-27T14:47:38.641-0500] {logging_mixin.py:190} INFO - [2025-03-27T14:47:38.641-0500] {dagbag.py:588} INFO - Filling up the DagBag from /home/udhbhav/miniconda3/lib/python3.11/site-packages/airflow/example_dags/plugins/event_listener.py
[2025-03-27T14:47:38.642-0500] {processor.py:927} WARNING - No viable dags retrieved from /home/udhbhav/miniconda3/lib/python3.11/site-packages/airflow/example_dags/plugins/event_listener.py
[2025-03-27T14:47:38.647-0500] {processor.py:208} INFO - Processing /home/udhbhav/miniconda3/lib/python3.11/site-packages/airflow/example_dags/plugins/event_listener.py took 0.011 seconds
[2025-03-27T14:48:57.184-0500] {processor.py:186} INFO - Started process (PID=1777155) to work on /home/udhbhav/miniconda3/lib/python3.11/site-packages/airflow/example_dags/plugins/event_listener.py
[2025-03-27T14:48:57.184-0500] {processor.py:914} INFO - Processing file /home/udhbhav/miniconda3/lib/python3.11/site-packages/airflow/example_dags/plugins/event_listener.py for tasks to queue
[2025-03-27T14:48:57.185-0500] {logging_mixin.py:190} INFO - [2025-03-27T14:48:57.185-0500] {dagbag.py:588} INFO - Filling up the DagBag from /home/udhbhav/miniconda3/lib/python3.11/site-packages/airflow/example_dags/plugins/event_listener.py
[2025-03-27T14:48:57.186-0500] {processor.py:927} WARNING - No viable dags retrieved from /home/udhbhav/miniconda3/lib/python3.11/site-packages/airflow/example_dags/plugins/event_listener.py
[2025-03-27T14:48:57.191-0500] {processor.py:208} INFO - Processing /home/udhbhav/miniconda3/lib/python3.11/site-packages/airflow/example_dags/plugins/event_listener.py took 0.010 seconds
[2025-03-27T14:50:28.217-0500] {processor.py:186} INFO - Started process (PID=1778681) to work on /home/udhbhav/miniconda3/lib/python3.11/site-packages/airflow/example_dags/plugins/event_listener.py
[2025-03-27T14:50:28.218-0500] {processor.py:914} INFO - Processing file /home/udhbhav/miniconda3/lib/python3.11/site-packages/airflow/example_dags/plugins/event_listener.py for tasks to queue
[2025-03-27T14:50:28.218-0500] {logging_mixin.py:190} INFO - [2025-03-27T14:50:28.218-0500] {dagbag.py:588} INFO - Filling up the DagBag from /home/udhbhav/miniconda3/lib/python3.11/site-packages/airflow/example_dags/plugins/event_listener.py
[2025-03-27T14:50:28.220-0500] {processor.py:927} WARNING - No viable dags retrieved from /home/udhbhav/miniconda3/lib/python3.11/site-packages/airflow/example_dags/plugins/event_listener.py
[2025-03-27T14:50:28.225-0500] {processor.py:208} INFO - Processing /home/udhbhav/miniconda3/lib/python3.11/site-packages/airflow/example_dags/plugins/event_listener.py took 0.011 seconds
[2025-03-27T14:51:32.906-0500] {processor.py:186} INFO - Started process (PID=1783465) to work on /home/udhbhav/miniconda3/lib/python3.11/site-packages/airflow/example_dags/plugins/event_listener.py
[2025-03-27T14:51:32.907-0500] {processor.py:914} INFO - Processing file /home/udhbhav/miniconda3/lib/python3.11/site-packages/airflow/example_dags/plugins/event_listener.py for tasks to queue
[2025-03-27T14:51:32.908-0500] {logging_mixin.py:190} INFO - [2025-03-27T14:51:32.908-0500] {dagbag.py:588} INFO - Filling up the DagBag from /home/udhbhav/miniconda3/lib/python3.11/site-packages/airflow/example_dags/plugins/event_listener.py
[2025-03-27T14:51:32.909-0500] {processor.py:927} WARNING - No viable dags retrieved from /home/udhbhav/miniconda3/lib/python3.11/site-packages/airflow/example_dags/plugins/event_listener.py
[2025-03-27T14:51:32.914-0500] {processor.py:208} INFO - Processing /home/udhbhav/miniconda3/lib/python3.11/site-packages/airflow/example_dags/plugins/event_listener.py took 0.011 seconds
[2025-03-27T14:52:41.386-0500] {processor.py:186} INFO - Started process (PID=1784239) to work on /home/udhbhav/miniconda3/lib/python3.11/site-packages/airflow/example_dags/plugins/event_listener.py
[2025-03-27T14:52:41.387-0500] {processor.py:914} INFO - Processing file /home/udhbhav/miniconda3/lib/python3.11/site-packages/airflow/example_dags/plugins/event_listener.py for tasks to queue
[2025-03-27T14:52:41.388-0500] {logging_mixin.py:190} INFO - [2025-03-27T14:52:41.388-0500] {dagbag.py:588} INFO - Filling up the DagBag from /home/udhbhav/miniconda3/lib/python3.11/site-packages/airflow/example_dags/plugins/event_listener.py
[2025-03-27T14:52:41.390-0500] {processor.py:927} WARNING - No viable dags retrieved from /home/udhbhav/miniconda3/lib/python3.11/site-packages/airflow/example_dags/plugins/event_listener.py
[2025-03-27T14:52:41.395-0500] {processor.py:208} INFO - Processing /home/udhbhav/miniconda3/lib/python3.11/site-packages/airflow/example_dags/plugins/event_listener.py took 0.012 seconds
[2025-03-27T14:53:51.471-0500] {processor.py:186} INFO - Started process (PID=1784927) to work on /home/udhbhav/miniconda3/lib/python3.11/site-packages/airflow/example_dags/plugins/event_listener.py
[2025-03-27T14:53:51.472-0500] {processor.py:914} INFO - Processing file /home/udhbhav/miniconda3/lib/python3.11/site-packages/airflow/example_dags/plugins/event_listener.py for tasks to queue
[2025-03-27T14:53:51.473-0500] {logging_mixin.py:190} INFO - [2025-03-27T14:53:51.472-0500] {dagbag.py:588} INFO - Filling up the DagBag from /home/udhbhav/miniconda3/lib/python3.11/site-packages/airflow/example_dags/plugins/event_listener.py
[2025-03-27T14:53:51.474-0500] {processor.py:927} WARNING - No viable dags retrieved from /home/udhbhav/miniconda3/lib/python3.11/site-packages/airflow/example_dags/plugins/event_listener.py
[2025-03-27T14:53:51.479-0500] {processor.py:208} INFO - Processing /home/udhbhav/miniconda3/lib/python3.11/site-packages/airflow/example_dags/plugins/event_listener.py took 0.010 seconds
[2025-03-27T14:54:57.797-0500] {processor.py:186} INFO - Started process (PID=1785551) to work on /home/udhbhav/miniconda3/lib/python3.11/site-packages/airflow/example_dags/plugins/event_listener.py
[2025-03-27T14:54:57.797-0500] {processor.py:914} INFO - Processing file /home/udhbhav/miniconda3/lib/python3.11/site-packages/airflow/example_dags/plugins/event_listener.py for tasks to queue
[2025-03-27T14:54:57.798-0500] {logging_mixin.py:190} INFO - [2025-03-27T14:54:57.798-0500] {dagbag.py:588} INFO - Filling up the DagBag from /home/udhbhav/miniconda3/lib/python3.11/site-packages/airflow/example_dags/plugins/event_listener.py
[2025-03-27T14:54:57.800-0500] {processor.py:927} WARNING - No viable dags retrieved from /home/udhbhav/miniconda3/lib/python3.11/site-packages/airflow/example_dags/plugins/event_listener.py
[2025-03-27T14:54:57.805-0500] {processor.py:208} INFO - Processing /home/udhbhav/miniconda3/lib/python3.11/site-packages/airflow/example_dags/plugins/event_listener.py took 0.011 seconds
[2025-03-27T14:56:07.853-0500] {processor.py:186} INFO - Started process (PID=1786216) to work on /home/udhbhav/miniconda3/lib/python3.11/site-packages/airflow/example_dags/plugins/event_listener.py
[2025-03-27T14:56:07.853-0500] {processor.py:914} INFO - Processing file /home/udhbhav/miniconda3/lib/python3.11/site-packages/airflow/example_dags/plugins/event_listener.py for tasks to queue
[2025-03-27T14:56:07.854-0500] {logging_mixin.py:190} INFO - [2025-03-27T14:56:07.854-0500] {dagbag.py:588} INFO - Filling up the DagBag from /home/udhbhav/miniconda3/lib/python3.11/site-packages/airflow/example_dags/plugins/event_listener.py
[2025-03-27T14:56:07.855-0500] {processor.py:927} WARNING - No viable dags retrieved from /home/udhbhav/miniconda3/lib/python3.11/site-packages/airflow/example_dags/plugins/event_listener.py
[2025-03-27T14:56:07.860-0500] {processor.py:208} INFO - Processing /home/udhbhav/miniconda3/lib/python3.11/site-packages/airflow/example_dags/plugins/event_listener.py took 0.010 seconds
[2025-03-27T14:57:24.666-0500] {processor.py:186} INFO - Started process (PID=1787031) to work on /home/udhbhav/miniconda3/lib/python3.11/site-packages/airflow/example_dags/plugins/event_listener.py
[2025-03-27T14:57:24.666-0500] {processor.py:914} INFO - Processing file /home/udhbhav/miniconda3/lib/python3.11/site-packages/airflow/example_dags/plugins/event_listener.py for tasks to queue
[2025-03-27T14:57:24.667-0500] {logging_mixin.py:190} INFO - [2025-03-27T14:57:24.667-0500] {dagbag.py:588} INFO - Filling up the DagBag from /home/udhbhav/miniconda3/lib/python3.11/site-packages/airflow/example_dags/plugins/event_listener.py
[2025-03-27T14:57:24.668-0500] {processor.py:927} WARNING - No viable dags retrieved from /home/udhbhav/miniconda3/lib/python3.11/site-packages/airflow/example_dags/plugins/event_listener.py
[2025-03-27T14:57:24.673-0500] {processor.py:208} INFO - Processing /home/udhbhav/miniconda3/lib/python3.11/site-packages/airflow/example_dags/plugins/event_listener.py took 0.011 seconds
[2025-03-27T14:58:43.289-0500] {processor.py:186} INFO - Started process (PID=1787939) to work on /home/udhbhav/miniconda3/lib/python3.11/site-packages/airflow/example_dags/plugins/event_listener.py
[2025-03-27T14:58:43.290-0500] {processor.py:914} INFO - Processing file /home/udhbhav/miniconda3/lib/python3.11/site-packages/airflow/example_dags/plugins/event_listener.py for tasks to queue
[2025-03-27T14:58:43.291-0500] {logging_mixin.py:190} INFO - [2025-03-27T14:58:43.290-0500] {dagbag.py:588} INFO - Filling up the DagBag from /home/udhbhav/miniconda3/lib/python3.11/site-packages/airflow/example_dags/plugins/event_listener.py
[2025-03-27T14:58:43.292-0500] {processor.py:927} WARNING - No viable dags retrieved from /home/udhbhav/miniconda3/lib/python3.11/site-packages/airflow/example_dags/plugins/event_listener.py
[2025-03-27T14:58:43.297-0500] {processor.py:208} INFO - Processing /home/udhbhav/miniconda3/lib/python3.11/site-packages/airflow/example_dags/plugins/event_listener.py took 0.011 seconds
[2025-03-27T15:00:16.430-0500] {processor.py:186} INFO - Started process (PID=1788918) to work on /home/udhbhav/miniconda3/lib/python3.11/site-packages/airflow/example_dags/plugins/event_listener.py
[2025-03-27T15:00:16.430-0500] {processor.py:914} INFO - Processing file /home/udhbhav/miniconda3/lib/python3.11/site-packages/airflow/example_dags/plugins/event_listener.py for tasks to queue
[2025-03-27T15:00:16.431-0500] {logging_mixin.py:190} INFO - [2025-03-27T15:00:16.431-0500] {dagbag.py:588} INFO - Filling up the DagBag from /home/udhbhav/miniconda3/lib/python3.11/site-packages/airflow/example_dags/plugins/event_listener.py
[2025-03-27T15:00:16.433-0500] {processor.py:927} WARNING - No viable dags retrieved from /home/udhbhav/miniconda3/lib/python3.11/site-packages/airflow/example_dags/plugins/event_listener.py
[2025-03-27T15:00:16.438-0500] {processor.py:208} INFO - Processing /home/udhbhav/miniconda3/lib/python3.11/site-packages/airflow/example_dags/plugins/event_listener.py took 0.011 seconds
[2025-03-27T15:01:23.703-0500] {processor.py:186} INFO - Started process (PID=1789637) to work on /home/udhbhav/miniconda3/lib/python3.11/site-packages/airflow/example_dags/plugins/event_listener.py
[2025-03-27T15:01:23.703-0500] {processor.py:914} INFO - Processing file /home/udhbhav/miniconda3/lib/python3.11/site-packages/airflow/example_dags/plugins/event_listener.py for tasks to queue
[2025-03-27T15:01:23.704-0500] {logging_mixin.py:190} INFO - [2025-03-27T15:01:23.704-0500] {dagbag.py:588} INFO - Filling up the DagBag from /home/udhbhav/miniconda3/lib/python3.11/site-packages/airflow/example_dags/plugins/event_listener.py
[2025-03-27T15:01:23.706-0500] {processor.py:927} WARNING - No viable dags retrieved from /home/udhbhav/miniconda3/lib/python3.11/site-packages/airflow/example_dags/plugins/event_listener.py
[2025-03-27T15:01:23.711-0500] {processor.py:208} INFO - Processing /home/udhbhav/miniconda3/lib/python3.11/site-packages/airflow/example_dags/plugins/event_listener.py took 0.011 seconds
[2025-03-27T15:02:28.261-0500] {processor.py:186} INFO - Started process (PID=1790367) to work on /home/udhbhav/miniconda3/lib/python3.11/site-packages/airflow/example_dags/plugins/event_listener.py
[2025-03-27T15:02:28.261-0500] {processor.py:914} INFO - Processing file /home/udhbhav/miniconda3/lib/python3.11/site-packages/airflow/example_dags/plugins/event_listener.py for tasks to queue
[2025-03-27T15:02:28.262-0500] {logging_mixin.py:190} INFO - [2025-03-27T15:02:28.262-0500] {dagbag.py:588} INFO - Filling up the DagBag from /home/udhbhav/miniconda3/lib/python3.11/site-packages/airflow/example_dags/plugins/event_listener.py
[2025-03-27T15:02:28.264-0500] {processor.py:927} WARNING - No viable dags retrieved from /home/udhbhav/miniconda3/lib/python3.11/site-packages/airflow/example_dags/plugins/event_listener.py
[2025-03-27T15:02:28.269-0500] {processor.py:208} INFO - Processing /home/udhbhav/miniconda3/lib/python3.11/site-packages/airflow/example_dags/plugins/event_listener.py took 0.011 seconds
[2025-03-27T15:03:44.989-0500] {processor.py:186} INFO - Started process (PID=1791176) to work on /home/udhbhav/miniconda3/lib/python3.11/site-packages/airflow/example_dags/plugins/event_listener.py
[2025-03-27T15:03:44.990-0500] {processor.py:914} INFO - Processing file /home/udhbhav/miniconda3/lib/python3.11/site-packages/airflow/example_dags/plugins/event_listener.py for tasks to queue
[2025-03-27T15:03:44.991-0500] {logging_mixin.py:190} INFO - [2025-03-27T15:03:44.990-0500] {dagbag.py:588} INFO - Filling up the DagBag from /home/udhbhav/miniconda3/lib/python3.11/site-packages/airflow/example_dags/plugins/event_listener.py
[2025-03-27T15:03:44.992-0500] {processor.py:927} WARNING - No viable dags retrieved from /home/udhbhav/miniconda3/lib/python3.11/site-packages/airflow/example_dags/plugins/event_listener.py
[2025-03-27T15:03:44.997-0500] {processor.py:208} INFO - Processing /home/udhbhav/miniconda3/lib/python3.11/site-packages/airflow/example_dags/plugins/event_listener.py took 0.010 seconds
[2025-03-27T15:05:00.225-0500] {processor.py:186} INFO - Started process (PID=1791894) to work on /home/udhbhav/miniconda3/lib/python3.11/site-packages/airflow/example_dags/plugins/event_listener.py
[2025-03-27T15:05:00.225-0500] {processor.py:914} INFO - Processing file /home/udhbhav/miniconda3/lib/python3.11/site-packages/airflow/example_dags/plugins/event_listener.py for tasks to queue
[2025-03-27T15:05:00.226-0500] {logging_mixin.py:190} INFO - [2025-03-27T15:05:00.226-0500] {dagbag.py:588} INFO - Filling up the DagBag from /home/udhbhav/miniconda3/lib/python3.11/site-packages/airflow/example_dags/plugins/event_listener.py
[2025-03-27T15:05:00.228-0500] {processor.py:927} WARNING - No viable dags retrieved from /home/udhbhav/miniconda3/lib/python3.11/site-packages/airflow/example_dags/plugins/event_listener.py
[2025-03-27T15:05:00.233-0500] {processor.py:208} INFO - Processing /home/udhbhav/miniconda3/lib/python3.11/site-packages/airflow/example_dags/plugins/event_listener.py took 0.011 seconds
[2025-03-27T15:06:23.253-0500] {processor.py:186} INFO - Started process (PID=1792642) to work on /home/udhbhav/miniconda3/lib/python3.11/site-packages/airflow/example_dags/plugins/event_listener.py
[2025-03-27T15:06:23.254-0500] {processor.py:914} INFO - Processing file /home/udhbhav/miniconda3/lib/python3.11/site-packages/airflow/example_dags/plugins/event_listener.py for tasks to queue
[2025-03-27T15:06:23.255-0500] {logging_mixin.py:190} INFO - [2025-03-27T15:06:23.255-0500] {dagbag.py:588} INFO - Filling up the DagBag from /home/udhbhav/miniconda3/lib/python3.11/site-packages/airflow/example_dags/plugins/event_listener.py
[2025-03-27T15:06:23.256-0500] {processor.py:927} WARNING - No viable dags retrieved from /home/udhbhav/miniconda3/lib/python3.11/site-packages/airflow/example_dags/plugins/event_listener.py
[2025-03-27T15:06:23.261-0500] {processor.py:208} INFO - Processing /home/udhbhav/miniconda3/lib/python3.11/site-packages/airflow/example_dags/plugins/event_listener.py took 0.010 seconds
[2025-03-27T15:07:46.362-0500] {processor.py:186} INFO - Started process (PID=1793603) to work on /home/udhbhav/miniconda3/lib/python3.11/site-packages/airflow/example_dags/plugins/event_listener.py
[2025-03-27T15:07:46.362-0500] {processor.py:914} INFO - Processing file /home/udhbhav/miniconda3/lib/python3.11/site-packages/airflow/example_dags/plugins/event_listener.py for tasks to queue
[2025-03-27T15:07:46.363-0500] {logging_mixin.py:190} INFO - [2025-03-27T15:07:46.363-0500] {dagbag.py:588} INFO - Filling up the DagBag from /home/udhbhav/miniconda3/lib/python3.11/site-packages/airflow/example_dags/plugins/event_listener.py
[2025-03-27T15:07:46.365-0500] {processor.py:927} WARNING - No viable dags retrieved from /home/udhbhav/miniconda3/lib/python3.11/site-packages/airflow/example_dags/plugins/event_listener.py
[2025-03-27T15:07:46.370-0500] {processor.py:208} INFO - Processing /home/udhbhav/miniconda3/lib/python3.11/site-packages/airflow/example_dags/plugins/event_listener.py took 0.011 seconds
[2025-03-27T15:08:48.398-0500] {processor.py:186} INFO - Started process (PID=1794222) to work on /home/udhbhav/miniconda3/lib/python3.11/site-packages/airflow/example_dags/plugins/event_listener.py
[2025-03-27T15:08:48.399-0500] {processor.py:914} INFO - Processing file /home/udhbhav/miniconda3/lib/python3.11/site-packages/airflow/example_dags/plugins/event_listener.py for tasks to queue
[2025-03-27T15:08:48.400-0500] {logging_mixin.py:190} INFO - [2025-03-27T15:08:48.400-0500] {dagbag.py:588} INFO - Filling up the DagBag from /home/udhbhav/miniconda3/lib/python3.11/site-packages/airflow/example_dags/plugins/event_listener.py
[2025-03-27T15:08:48.401-0500] {processor.py:927} WARNING - No viable dags retrieved from /home/udhbhav/miniconda3/lib/python3.11/site-packages/airflow/example_dags/plugins/event_listener.py
[2025-03-27T15:08:48.406-0500] {processor.py:208} INFO - Processing /home/udhbhav/miniconda3/lib/python3.11/site-packages/airflow/example_dags/plugins/event_listener.py took 0.010 seconds
[2025-03-27T15:10:00.336-0500] {processor.py:186} INFO - Started process (PID=1794854) to work on /home/udhbhav/miniconda3/lib/python3.11/site-packages/airflow/example_dags/plugins/event_listener.py
[2025-03-27T15:10:00.336-0500] {processor.py:914} INFO - Processing file /home/udhbhav/miniconda3/lib/python3.11/site-packages/airflow/example_dags/plugins/event_listener.py for tasks to queue
[2025-03-27T15:10:00.337-0500] {logging_mixin.py:190} INFO - [2025-03-27T15:10:00.337-0500] {dagbag.py:588} INFO - Filling up the DagBag from /home/udhbhav/miniconda3/lib/python3.11/site-packages/airflow/example_dags/plugins/event_listener.py
[2025-03-27T15:10:00.338-0500] {processor.py:927} WARNING - No viable dags retrieved from /home/udhbhav/miniconda3/lib/python3.11/site-packages/airflow/example_dags/plugins/event_listener.py
[2025-03-27T15:10:00.343-0500] {processor.py:208} INFO - Processing /home/udhbhav/miniconda3/lib/python3.11/site-packages/airflow/example_dags/plugins/event_listener.py took 0.010 seconds
[2025-03-27T15:11:09.000-0500] {processor.py:186} INFO - Started process (PID=1795497) to work on /home/udhbhav/miniconda3/lib/python3.11/site-packages/airflow/example_dags/plugins/event_listener.py
[2025-03-27T15:11:09.000-0500] {processor.py:914} INFO - Processing file /home/udhbhav/miniconda3/lib/python3.11/site-packages/airflow/example_dags/plugins/event_listener.py for tasks to queue
[2025-03-27T15:11:09.001-0500] {logging_mixin.py:190} INFO - [2025-03-27T15:11:09.001-0500] {dagbag.py:588} INFO - Filling up the DagBag from /home/udhbhav/miniconda3/lib/python3.11/site-packages/airflow/example_dags/plugins/event_listener.py
[2025-03-27T15:11:09.002-0500] {processor.py:927} WARNING - No viable dags retrieved from /home/udhbhav/miniconda3/lib/python3.11/site-packages/airflow/example_dags/plugins/event_listener.py
[2025-03-27T15:11:09.007-0500] {processor.py:208} INFO - Processing /home/udhbhav/miniconda3/lib/python3.11/site-packages/airflow/example_dags/plugins/event_listener.py took 0.010 seconds
[2025-03-27T15:12:15.529-0500] {processor.py:186} INFO - Started process (PID=1797733) to work on /home/udhbhav/miniconda3/lib/python3.11/site-packages/airflow/example_dags/plugins/event_listener.py
[2025-03-27T15:12:15.530-0500] {processor.py:914} INFO - Processing file /home/udhbhav/miniconda3/lib/python3.11/site-packages/airflow/example_dags/plugins/event_listener.py for tasks to queue
[2025-03-27T15:12:15.531-0500] {logging_mixin.py:190} INFO - [2025-03-27T15:12:15.531-0500] {dagbag.py:588} INFO - Filling up the DagBag from /home/udhbhav/miniconda3/lib/python3.11/site-packages/airflow/example_dags/plugins/event_listener.py
[2025-03-27T15:12:15.532-0500] {processor.py:927} WARNING - No viable dags retrieved from /home/udhbhav/miniconda3/lib/python3.11/site-packages/airflow/example_dags/plugins/event_listener.py
[2025-03-27T15:12:15.537-0500] {processor.py:208} INFO - Processing /home/udhbhav/miniconda3/lib/python3.11/site-packages/airflow/example_dags/plugins/event_listener.py took 0.011 seconds
[2025-03-27T15:13:35.357-0500] {processor.py:186} INFO - Started process (PID=1798526) to work on /home/udhbhav/miniconda3/lib/python3.11/site-packages/airflow/example_dags/plugins/event_listener.py
[2025-03-27T15:13:35.357-0500] {processor.py:914} INFO - Processing file /home/udhbhav/miniconda3/lib/python3.11/site-packages/airflow/example_dags/plugins/event_listener.py for tasks to queue
[2025-03-27T15:13:35.359-0500] {logging_mixin.py:190} INFO - [2025-03-27T15:13:35.359-0500] {dagbag.py:588} INFO - Filling up the DagBag from /home/udhbhav/miniconda3/lib/python3.11/site-packages/airflow/example_dags/plugins/event_listener.py
[2025-03-27T15:13:35.360-0500] {processor.py:927} WARNING - No viable dags retrieved from /home/udhbhav/miniconda3/lib/python3.11/site-packages/airflow/example_dags/plugins/event_listener.py
[2025-03-27T15:13:35.365-0500] {processor.py:208} INFO - Processing /home/udhbhav/miniconda3/lib/python3.11/site-packages/airflow/example_dags/plugins/event_listener.py took 0.011 seconds
[2025-03-27T15:14:51.744-0500] {processor.py:186} INFO - Started process (PID=1799383) to work on /home/udhbhav/miniconda3/lib/python3.11/site-packages/airflow/example_dags/plugins/event_listener.py
[2025-03-27T15:14:51.745-0500] {processor.py:914} INFO - Processing file /home/udhbhav/miniconda3/lib/python3.11/site-packages/airflow/example_dags/plugins/event_listener.py for tasks to queue
[2025-03-27T15:14:51.746-0500] {logging_mixin.py:190} INFO - [2025-03-27T15:14:51.745-0500] {dagbag.py:588} INFO - Filling up the DagBag from /home/udhbhav/miniconda3/lib/python3.11/site-packages/airflow/example_dags/plugins/event_listener.py
[2025-03-27T15:14:51.747-0500] {processor.py:927} WARNING - No viable dags retrieved from /home/udhbhav/miniconda3/lib/python3.11/site-packages/airflow/example_dags/plugins/event_listener.py
[2025-03-27T15:14:51.752-0500] {processor.py:208} INFO - Processing /home/udhbhav/miniconda3/lib/python3.11/site-packages/airflow/example_dags/plugins/event_listener.py took 0.010 seconds
[2025-03-27T15:16:10.934-0500] {processor.py:186} INFO - Started process (PID=1800073) to work on /home/udhbhav/miniconda3/lib/python3.11/site-packages/airflow/example_dags/plugins/event_listener.py
[2025-03-27T15:16:10.934-0500] {processor.py:914} INFO - Processing file /home/udhbhav/miniconda3/lib/python3.11/site-packages/airflow/example_dags/plugins/event_listener.py for tasks to queue
[2025-03-27T15:16:10.935-0500] {logging_mixin.py:190} INFO - [2025-03-27T15:16:10.935-0500] {dagbag.py:588} INFO - Filling up the DagBag from /home/udhbhav/miniconda3/lib/python3.11/site-packages/airflow/example_dags/plugins/event_listener.py
[2025-03-27T15:16:10.936-0500] {processor.py:927} WARNING - No viable dags retrieved from /home/udhbhav/miniconda3/lib/python3.11/site-packages/airflow/example_dags/plugins/event_listener.py
[2025-03-27T15:16:10.941-0500] {processor.py:208} INFO - Processing /home/udhbhav/miniconda3/lib/python3.11/site-packages/airflow/example_dags/plugins/event_listener.py took 0.010 seconds
[2025-03-27T15:17:28.485-0500] {processor.py:186} INFO - Started process (PID=1800825) to work on /home/udhbhav/miniconda3/lib/python3.11/site-packages/airflow/example_dags/plugins/event_listener.py
[2025-03-27T15:17:28.486-0500] {processor.py:914} INFO - Processing file /home/udhbhav/miniconda3/lib/python3.11/site-packages/airflow/example_dags/plugins/event_listener.py for tasks to queue
[2025-03-27T15:17:28.487-0500] {logging_mixin.py:190} INFO - [2025-03-27T15:17:28.487-0500] {dagbag.py:588} INFO - Filling up the DagBag from /home/udhbhav/miniconda3/lib/python3.11/site-packages/airflow/example_dags/plugins/event_listener.py
[2025-03-27T15:17:28.488-0500] {processor.py:927} WARNING - No viable dags retrieved from /home/udhbhav/miniconda3/lib/python3.11/site-packages/airflow/example_dags/plugins/event_listener.py
[2025-03-27T15:17:28.493-0500] {processor.py:208} INFO - Processing /home/udhbhav/miniconda3/lib/python3.11/site-packages/airflow/example_dags/plugins/event_listener.py took 0.011 seconds
[2025-03-27T15:18:34.504-0500] {processor.py:186} INFO - Started process (PID=1801495) to work on /home/udhbhav/miniconda3/lib/python3.11/site-packages/airflow/example_dags/plugins/event_listener.py
[2025-03-27T15:18:34.504-0500] {processor.py:914} INFO - Processing file /home/udhbhav/miniconda3/lib/python3.11/site-packages/airflow/example_dags/plugins/event_listener.py for tasks to queue
[2025-03-27T15:18:34.505-0500] {logging_mixin.py:190} INFO - [2025-03-27T15:18:34.505-0500] {dagbag.py:588} INFO - Filling up the DagBag from /home/udhbhav/miniconda3/lib/python3.11/site-packages/airflow/example_dags/plugins/event_listener.py
[2025-03-27T15:18:34.506-0500] {processor.py:927} WARNING - No viable dags retrieved from /home/udhbhav/miniconda3/lib/python3.11/site-packages/airflow/example_dags/plugins/event_listener.py
[2025-03-27T15:18:34.511-0500] {processor.py:208} INFO - Processing /home/udhbhav/miniconda3/lib/python3.11/site-packages/airflow/example_dags/plugins/event_listener.py took 0.010 seconds
[2025-03-27T15:19:45.204-0500] {processor.py:186} INFO - Started process (PID=1802287) to work on /home/udhbhav/miniconda3/lib/python3.11/site-packages/airflow/example_dags/plugins/event_listener.py
[2025-03-27T15:19:45.204-0500] {processor.py:914} INFO - Processing file /home/udhbhav/miniconda3/lib/python3.11/site-packages/airflow/example_dags/plugins/event_listener.py for tasks to queue
[2025-03-27T15:19:45.205-0500] {logging_mixin.py:190} INFO - [2025-03-27T15:19:45.205-0500] {dagbag.py:588} INFO - Filling up the DagBag from /home/udhbhav/miniconda3/lib/python3.11/site-packages/airflow/example_dags/plugins/event_listener.py
[2025-03-27T15:19:45.206-0500] {processor.py:927} WARNING - No viable dags retrieved from /home/udhbhav/miniconda3/lib/python3.11/site-packages/airflow/example_dags/plugins/event_listener.py
[2025-03-27T15:19:45.211-0500] {processor.py:208} INFO - Processing /home/udhbhav/miniconda3/lib/python3.11/site-packages/airflow/example_dags/plugins/event_listener.py took 0.010 seconds
[2025-03-27T15:20:49.535-0500] {processor.py:186} INFO - Started process (PID=1803783) to work on /home/udhbhav/miniconda3/lib/python3.11/site-packages/airflow/example_dags/plugins/event_listener.py
[2025-03-27T15:20:49.536-0500] {processor.py:914} INFO - Processing file /home/udhbhav/miniconda3/lib/python3.11/site-packages/airflow/example_dags/plugins/event_listener.py for tasks to queue
[2025-03-27T15:20:49.537-0500] {logging_mixin.py:190} INFO - [2025-03-27T15:20:49.536-0500] {dagbag.py:588} INFO - Filling up the DagBag from /home/udhbhav/miniconda3/lib/python3.11/site-packages/airflow/example_dags/plugins/event_listener.py
[2025-03-27T15:20:49.538-0500] {processor.py:927} WARNING - No viable dags retrieved from /home/udhbhav/miniconda3/lib/python3.11/site-packages/airflow/example_dags/plugins/event_listener.py
[2025-03-27T15:20:49.543-0500] {processor.py:208} INFO - Processing /home/udhbhav/miniconda3/lib/python3.11/site-packages/airflow/example_dags/plugins/event_listener.py took 0.011 seconds
[2025-03-27T15:22:00.832-0500] {processor.py:186} INFO - Started process (PID=1808467) to work on /home/udhbhav/miniconda3/lib/python3.11/site-packages/airflow/example_dags/plugins/event_listener.py
[2025-03-27T15:22:00.832-0500] {processor.py:914} INFO - Processing file /home/udhbhav/miniconda3/lib/python3.11/site-packages/airflow/example_dags/plugins/event_listener.py for tasks to queue
[2025-03-27T15:22:00.833-0500] {logging_mixin.py:190} INFO - [2025-03-27T15:22:00.833-0500] {dagbag.py:588} INFO - Filling up the DagBag from /home/udhbhav/miniconda3/lib/python3.11/site-packages/airflow/example_dags/plugins/event_listener.py
[2025-03-27T15:22:00.835-0500] {processor.py:927} WARNING - No viable dags retrieved from /home/udhbhav/miniconda3/lib/python3.11/site-packages/airflow/example_dags/plugins/event_listener.py
[2025-03-27T15:22:00.840-0500] {processor.py:208} INFO - Processing /home/udhbhav/miniconda3/lib/python3.11/site-packages/airflow/example_dags/plugins/event_listener.py took 0.011 seconds
[2025-03-27T15:23:21.177-0500] {processor.py:186} INFO - Started process (PID=1809171) to work on /home/udhbhav/miniconda3/lib/python3.11/site-packages/airflow/example_dags/plugins/event_listener.py
[2025-03-27T15:23:21.177-0500] {processor.py:914} INFO - Processing file /home/udhbhav/miniconda3/lib/python3.11/site-packages/airflow/example_dags/plugins/event_listener.py for tasks to queue
[2025-03-27T15:23:21.179-0500] {logging_mixin.py:190} INFO - [2025-03-27T15:23:21.179-0500] {dagbag.py:588} INFO - Filling up the DagBag from /home/udhbhav/miniconda3/lib/python3.11/site-packages/airflow/example_dags/plugins/event_listener.py
[2025-03-27T15:23:21.180-0500] {processor.py:927} WARNING - No viable dags retrieved from /home/udhbhav/miniconda3/lib/python3.11/site-packages/airflow/example_dags/plugins/event_listener.py
[2025-03-27T15:23:21.185-0500] {processor.py:208} INFO - Processing /home/udhbhav/miniconda3/lib/python3.11/site-packages/airflow/example_dags/plugins/event_listener.py took 0.011 seconds
[2025-03-27T15:24:29.573-0500] {processor.py:186} INFO - Started process (PID=1809950) to work on /home/udhbhav/miniconda3/lib/python3.11/site-packages/airflow/example_dags/plugins/event_listener.py
[2025-03-27T15:24:29.573-0500] {processor.py:914} INFO - Processing file /home/udhbhav/miniconda3/lib/python3.11/site-packages/airflow/example_dags/plugins/event_listener.py for tasks to queue
[2025-03-27T15:24:29.574-0500] {logging_mixin.py:190} INFO - [2025-03-27T15:24:29.574-0500] {dagbag.py:588} INFO - Filling up the DagBag from /home/udhbhav/miniconda3/lib/python3.11/site-packages/airflow/example_dags/plugins/event_listener.py
[2025-03-27T15:24:29.575-0500] {processor.py:927} WARNING - No viable dags retrieved from /home/udhbhav/miniconda3/lib/python3.11/site-packages/airflow/example_dags/plugins/event_listener.py
[2025-03-27T15:24:29.581-0500] {processor.py:208} INFO - Processing /home/udhbhav/miniconda3/lib/python3.11/site-packages/airflow/example_dags/plugins/event_listener.py took 0.010 seconds
[2025-03-27T15:25:53.196-0500] {processor.py:186} INFO - Started process (PID=1810879) to work on /home/udhbhav/miniconda3/lib/python3.11/site-packages/airflow/example_dags/plugins/event_listener.py
[2025-03-27T15:25:53.197-0500] {processor.py:914} INFO - Processing file /home/udhbhav/miniconda3/lib/python3.11/site-packages/airflow/example_dags/plugins/event_listener.py for tasks to queue
[2025-03-27T15:25:53.198-0500] {logging_mixin.py:190} INFO - [2025-03-27T15:25:53.197-0500] {dagbag.py:588} INFO - Filling up the DagBag from /home/udhbhav/miniconda3/lib/python3.11/site-packages/airflow/example_dags/plugins/event_listener.py
[2025-03-27T15:25:53.199-0500] {processor.py:927} WARNING - No viable dags retrieved from /home/udhbhav/miniconda3/lib/python3.11/site-packages/airflow/example_dags/plugins/event_listener.py
[2025-03-27T15:25:53.204-0500] {processor.py:208} INFO - Processing /home/udhbhav/miniconda3/lib/python3.11/site-packages/airflow/example_dags/plugins/event_listener.py took 0.011 seconds
[2025-03-27T15:27:22.381-0500] {processor.py:186} INFO - Started process (PID=1811637) to work on /home/udhbhav/miniconda3/lib/python3.11/site-packages/airflow/example_dags/plugins/event_listener.py
[2025-03-27T15:27:22.381-0500] {processor.py:914} INFO - Processing file /home/udhbhav/miniconda3/lib/python3.11/site-packages/airflow/example_dags/plugins/event_listener.py for tasks to queue
[2025-03-27T15:27:22.382-0500] {logging_mixin.py:190} INFO - [2025-03-27T15:27:22.382-0500] {dagbag.py:588} INFO - Filling up the DagBag from /home/udhbhav/miniconda3/lib/python3.11/site-packages/airflow/example_dags/plugins/event_listener.py
[2025-03-27T15:27:22.384-0500] {processor.py:927} WARNING - No viable dags retrieved from /home/udhbhav/miniconda3/lib/python3.11/site-packages/airflow/example_dags/plugins/event_listener.py
[2025-03-27T15:27:22.389-0500] {processor.py:208} INFO - Processing /home/udhbhav/miniconda3/lib/python3.11/site-packages/airflow/example_dags/plugins/event_listener.py took 0.010 seconds
[2025-03-27T15:28:42.781-0500] {processor.py:186} INFO - Started process (PID=1812452) to work on /home/udhbhav/miniconda3/lib/python3.11/site-packages/airflow/example_dags/plugins/event_listener.py
[2025-03-27T15:28:42.781-0500] {processor.py:914} INFO - Processing file /home/udhbhav/miniconda3/lib/python3.11/site-packages/airflow/example_dags/plugins/event_listener.py for tasks to queue
[2025-03-27T15:28:42.782-0500] {logging_mixin.py:190} INFO - [2025-03-27T15:28:42.782-0500] {dagbag.py:588} INFO - Filling up the DagBag from /home/udhbhav/miniconda3/lib/python3.11/site-packages/airflow/example_dags/plugins/event_listener.py
[2025-03-27T15:28:42.784-0500] {processor.py:927} WARNING - No viable dags retrieved from /home/udhbhav/miniconda3/lib/python3.11/site-packages/airflow/example_dags/plugins/event_listener.py
[2025-03-27T15:28:42.789-0500] {processor.py:208} INFO - Processing /home/udhbhav/miniconda3/lib/python3.11/site-packages/airflow/example_dags/plugins/event_listener.py took 0.010 seconds
[2025-03-27T15:30:32.711-0500] {processor.py:186} INFO - Started process (PID=1813416) to work on /home/udhbhav/miniconda3/lib/python3.11/site-packages/airflow/example_dags/plugins/event_listener.py
[2025-03-27T15:30:32.712-0500] {processor.py:914} INFO - Processing file /home/udhbhav/miniconda3/lib/python3.11/site-packages/airflow/example_dags/plugins/event_listener.py for tasks to queue
[2025-03-27T15:30:32.713-0500] {logging_mixin.py:190} INFO - [2025-03-27T15:30:32.713-0500] {dagbag.py:588} INFO - Filling up the DagBag from /home/udhbhav/miniconda3/lib/python3.11/site-packages/airflow/example_dags/plugins/event_listener.py
[2025-03-27T15:30:32.714-0500] {processor.py:927} WARNING - No viable dags retrieved from /home/udhbhav/miniconda3/lib/python3.11/site-packages/airflow/example_dags/plugins/event_listener.py
[2025-03-27T15:30:32.719-0500] {processor.py:208} INFO - Processing /home/udhbhav/miniconda3/lib/python3.11/site-packages/airflow/example_dags/plugins/event_listener.py took 0.011 seconds
[2025-03-27T15:32:19.201-0500] {processor.py:186} INFO - Started process (PID=1814435) to work on /home/udhbhav/miniconda3/lib/python3.11/site-packages/airflow/example_dags/plugins/event_listener.py
[2025-03-27T15:32:19.202-0500] {processor.py:914} INFO - Processing file /home/udhbhav/miniconda3/lib/python3.11/site-packages/airflow/example_dags/plugins/event_listener.py for tasks to queue
[2025-03-27T15:32:19.203-0500] {logging_mixin.py:190} INFO - [2025-03-27T15:32:19.203-0500] {dagbag.py:588} INFO - Filling up the DagBag from /home/udhbhav/miniconda3/lib/python3.11/site-packages/airflow/example_dags/plugins/event_listener.py
[2025-03-27T15:32:19.204-0500] {processor.py:927} WARNING - No viable dags retrieved from /home/udhbhav/miniconda3/lib/python3.11/site-packages/airflow/example_dags/plugins/event_listener.py
[2025-03-27T15:32:19.209-0500] {processor.py:208} INFO - Processing /home/udhbhav/miniconda3/lib/python3.11/site-packages/airflow/example_dags/plugins/event_listener.py took 0.010 seconds
[2025-03-27T15:33:31.001-0500] {processor.py:186} INFO - Started process (PID=1815084) to work on /home/udhbhav/miniconda3/lib/python3.11/site-packages/airflow/example_dags/plugins/event_listener.py
[2025-03-27T15:33:31.002-0500] {processor.py:914} INFO - Processing file /home/udhbhav/miniconda3/lib/python3.11/site-packages/airflow/example_dags/plugins/event_listener.py for tasks to queue
[2025-03-27T15:33:31.003-0500] {logging_mixin.py:190} INFO - [2025-03-27T15:33:31.002-0500] {dagbag.py:588} INFO - Filling up the DagBag from /home/udhbhav/miniconda3/lib/python3.11/site-packages/airflow/example_dags/plugins/event_listener.py
[2025-03-27T15:33:31.004-0500] {processor.py:927} WARNING - No viable dags retrieved from /home/udhbhav/miniconda3/lib/python3.11/site-packages/airflow/example_dags/plugins/event_listener.py
[2025-03-27T15:33:31.009-0500] {processor.py:208} INFO - Processing /home/udhbhav/miniconda3/lib/python3.11/site-packages/airflow/example_dags/plugins/event_listener.py took 0.011 seconds
[2025-03-27T15:34:36.679-0500] {processor.py:186} INFO - Started process (PID=1815798) to work on /home/udhbhav/miniconda3/lib/python3.11/site-packages/airflow/example_dags/plugins/event_listener.py
[2025-03-27T15:34:36.679-0500] {processor.py:914} INFO - Processing file /home/udhbhav/miniconda3/lib/python3.11/site-packages/airflow/example_dags/plugins/event_listener.py for tasks to queue
[2025-03-27T15:34:36.680-0500] {logging_mixin.py:190} INFO - [2025-03-27T15:34:36.680-0500] {dagbag.py:588} INFO - Filling up the DagBag from /home/udhbhav/miniconda3/lib/python3.11/site-packages/airflow/example_dags/plugins/event_listener.py
[2025-03-27T15:34:36.682-0500] {processor.py:927} WARNING - No viable dags retrieved from /home/udhbhav/miniconda3/lib/python3.11/site-packages/airflow/example_dags/plugins/event_listener.py
[2025-03-27T15:34:36.687-0500] {processor.py:208} INFO - Processing /home/udhbhav/miniconda3/lib/python3.11/site-packages/airflow/example_dags/plugins/event_listener.py took 0.011 seconds
[2025-03-27T15:35:47.781-0500] {processor.py:186} INFO - Started process (PID=1816549) to work on /home/udhbhav/miniconda3/lib/python3.11/site-packages/airflow/example_dags/plugins/event_listener.py
[2025-03-27T15:35:47.781-0500] {processor.py:914} INFO - Processing file /home/udhbhav/miniconda3/lib/python3.11/site-packages/airflow/example_dags/plugins/event_listener.py for tasks to queue
[2025-03-27T15:35:47.782-0500] {logging_mixin.py:190} INFO - [2025-03-27T15:35:47.782-0500] {dagbag.py:588} INFO - Filling up the DagBag from /home/udhbhav/miniconda3/lib/python3.11/site-packages/airflow/example_dags/plugins/event_listener.py
[2025-03-27T15:35:47.783-0500] {processor.py:927} WARNING - No viable dags retrieved from /home/udhbhav/miniconda3/lib/python3.11/site-packages/airflow/example_dags/plugins/event_listener.py
[2025-03-27T15:35:47.788-0500] {processor.py:208} INFO - Processing /home/udhbhav/miniconda3/lib/python3.11/site-packages/airflow/example_dags/plugins/event_listener.py took 0.011 seconds
