[2025-03-27T14:27:54.456-0500] {processor.py:186} INFO - Started process (PID=1764068) to work on /home/udhbhav/miniconda3/lib/python3.11/site-packages/airflow/example_dags/plugins/listener_plugin.py
[2025-03-27T14:27:54.456-0500] {processor.py:914} INFO - Processing file /home/udhbhav/miniconda3/lib/python3.11/site-packages/airflow/example_dags/plugins/listener_plugin.py for tasks to queue
[2025-03-27T14:27:54.457-0500] {logging_mixin.py:190} INFO - [2025-03-27T14:27:54.457-0500] {dagbag.py:588} INFO - Filling up the DagBag from /home/udhbhav/miniconda3/lib/python3.11/site-packages/airflow/example_dags/plugins/listener_plugin.py
[2025-03-27T14:27:54.459-0500] {processor.py:927} WARNING - No viable dags retrieved from /home/udhbhav/miniconda3/lib/python3.11/site-packages/airflow/example_dags/plugins/listener_plugin.py
[2025-03-27T14:27:54.464-0500] {processor.py:208} INFO - Processing /home/udhbhav/miniconda3/lib/python3.11/site-packages/airflow/example_dags/plugins/listener_plugin.py took 0.011 seconds
[2025-03-27T14:38:01.723-0500] {processor.py:186} INFO - Started process (PID=1770172) to work on /home/udhbhav/miniconda3/lib/python3.11/site-packages/airflow/example_dags/plugins/listener_plugin.py
[2025-03-27T14:38:01.723-0500] {processor.py:914} INFO - Processing file /home/udhbhav/miniconda3/lib/python3.11/site-packages/airflow/example_dags/plugins/listener_plugin.py for tasks to queue
[2025-03-27T14:38:01.724-0500] {logging_mixin.py:190} INFO - [2025-03-27T14:38:01.724-0500] {dagbag.py:588} INFO - Filling up the DagBag from /home/udhbhav/miniconda3/lib/python3.11/site-packages/airflow/example_dags/plugins/listener_plugin.py
[2025-03-27T14:38:01.725-0500] {processor.py:927} WARNING - No viable dags retrieved from /home/udhbhav/miniconda3/lib/python3.11/site-packages/airflow/example_dags/plugins/listener_plugin.py
[2025-03-27T14:38:01.731-0500] {processor.py:208} INFO - Processing /home/udhbhav/miniconda3/lib/python3.11/site-packages/airflow/example_dags/plugins/listener_plugin.py took 0.011 seconds
[2025-03-27T14:39:18.710-0500] {processor.py:186} INFO - Started process (PID=1771037) to work on /home/udhbhav/miniconda3/lib/python3.11/site-packages/airflow/example_dags/plugins/listener_plugin.py
[2025-03-27T14:39:18.711-0500] {processor.py:914} INFO - Processing file /home/udhbhav/miniconda3/lib/python3.11/site-packages/airflow/example_dags/plugins/listener_plugin.py for tasks to queue
[2025-03-27T14:39:18.712-0500] {logging_mixin.py:190} INFO - [2025-03-27T14:39:18.711-0500] {dagbag.py:588} INFO - Filling up the DagBag from /home/udhbhav/miniconda3/lib/python3.11/site-packages/airflow/example_dags/plugins/listener_plugin.py
[2025-03-27T14:39:18.713-0500] {processor.py:927} WARNING - No viable dags retrieved from /home/udhbhav/miniconda3/lib/python3.11/site-packages/airflow/example_dags/plugins/listener_plugin.py
[2025-03-27T14:39:18.718-0500] {processor.py:208} INFO - Processing /home/udhbhav/miniconda3/lib/python3.11/site-packages/airflow/example_dags/plugins/listener_plugin.py took 0.011 seconds
[2025-03-27T14:40:43.114-0500] {processor.py:186} INFO - Started process (PID=1771907) to work on /home/udhbhav/miniconda3/lib/python3.11/site-packages/airflow/example_dags/plugins/listener_plugin.py
[2025-03-27T14:40:43.115-0500] {processor.py:914} INFO - Processing file /home/udhbhav/miniconda3/lib/python3.11/site-packages/airflow/example_dags/plugins/listener_plugin.py for tasks to queue
[2025-03-27T14:40:43.116-0500] {logging_mixin.py:190} INFO - [2025-03-27T14:40:43.116-0500] {dagbag.py:588} INFO - Filling up the DagBag from /home/udhbhav/miniconda3/lib/python3.11/site-packages/airflow/example_dags/plugins/listener_plugin.py
[2025-03-27T14:40:43.117-0500] {processor.py:927} WARNING - No viable dags retrieved from /home/udhbhav/miniconda3/lib/python3.11/site-packages/airflow/example_dags/plugins/listener_plugin.py
[2025-03-27T14:40:43.122-0500] {processor.py:208} INFO - Processing /home/udhbhav/miniconda3/lib/python3.11/site-packages/airflow/example_dags/plugins/listener_plugin.py took 0.010 seconds
[2025-03-27T14:42:12.699-0500] {processor.py:186} INFO - Started process (PID=1773018) to work on /home/udhbhav/miniconda3/lib/python3.11/site-packages/airflow/example_dags/plugins/listener_plugin.py
[2025-03-27T14:42:12.699-0500] {processor.py:914} INFO - Processing file /home/udhbhav/miniconda3/lib/python3.11/site-packages/airflow/example_dags/plugins/listener_plugin.py for tasks to queue
[2025-03-27T14:42:12.700-0500] {logging_mixin.py:190} INFO - [2025-03-27T14:42:12.700-0500] {dagbag.py:588} INFO - Filling up the DagBag from /home/udhbhav/miniconda3/lib/python3.11/site-packages/airflow/example_dags/plugins/listener_plugin.py
[2025-03-27T14:42:12.701-0500] {processor.py:927} WARNING - No viable dags retrieved from /home/udhbhav/miniconda3/lib/python3.11/site-packages/airflow/example_dags/plugins/listener_plugin.py
[2025-03-27T14:42:12.706-0500] {processor.py:208} INFO - Processing /home/udhbhav/miniconda3/lib/python3.11/site-packages/airflow/example_dags/plugins/listener_plugin.py took 0.010 seconds
[2025-03-27T14:43:34.095-0500] {processor.py:186} INFO - Started process (PID=1773965) to work on /home/udhbhav/miniconda3/lib/python3.11/site-packages/airflow/example_dags/plugins/listener_plugin.py
[2025-03-27T14:43:34.095-0500] {processor.py:914} INFO - Processing file /home/udhbhav/miniconda3/lib/python3.11/site-packages/airflow/example_dags/plugins/listener_plugin.py for tasks to queue
[2025-03-27T14:43:34.096-0500] {logging_mixin.py:190} INFO - [2025-03-27T14:43:34.096-0500] {dagbag.py:588} INFO - Filling up the DagBag from /home/udhbhav/miniconda3/lib/python3.11/site-packages/airflow/example_dags/plugins/listener_plugin.py
[2025-03-27T14:43:34.098-0500] {processor.py:927} WARNING - No viable dags retrieved from /home/udhbhav/miniconda3/lib/python3.11/site-packages/airflow/example_dags/plugins/listener_plugin.py
[2025-03-27T14:43:34.103-0500] {processor.py:208} INFO - Processing /home/udhbhav/miniconda3/lib/python3.11/site-packages/airflow/example_dags/plugins/listener_plugin.py took 0.010 seconds
[2025-03-27T14:44:50.984-0500] {processor.py:186} INFO - Started process (PID=1774844) to work on /home/udhbhav/miniconda3/lib/python3.11/site-packages/airflow/example_dags/plugins/listener_plugin.py
[2025-03-27T14:44:50.985-0500] {processor.py:914} INFO - Processing file /home/udhbhav/miniconda3/lib/python3.11/site-packages/airflow/example_dags/plugins/listener_plugin.py for tasks to queue
[2025-03-27T14:44:50.986-0500] {logging_mixin.py:190} INFO - [2025-03-27T14:44:50.985-0500] {dagbag.py:588} INFO - Filling up the DagBag from /home/udhbhav/miniconda3/lib/python3.11/site-packages/airflow/example_dags/plugins/listener_plugin.py
[2025-03-27T14:44:50.987-0500] {processor.py:927} WARNING - No viable dags retrieved from /home/udhbhav/miniconda3/lib/python3.11/site-packages/airflow/example_dags/plugins/listener_plugin.py
[2025-03-27T14:44:50.992-0500] {processor.py:208} INFO - Processing /home/udhbhav/miniconda3/lib/python3.11/site-packages/airflow/example_dags/plugins/listener_plugin.py took 0.010 seconds
[2025-03-27T14:46:14.617-0500] {processor.py:186} INFO - Started process (PID=1775553) to work on /home/udhbhav/miniconda3/lib/python3.11/site-packages/airflow/example_dags/plugins/listener_plugin.py
[2025-03-27T14:46:14.617-0500] {processor.py:914} INFO - Processing file /home/udhbhav/miniconda3/lib/python3.11/site-packages/airflow/example_dags/plugins/listener_plugin.py for tasks to queue
[2025-03-27T14:46:14.618-0500] {logging_mixin.py:190} INFO - [2025-03-27T14:46:14.618-0500] {dagbag.py:588} INFO - Filling up the DagBag from /home/udhbhav/miniconda3/lib/python3.11/site-packages/airflow/example_dags/plugins/listener_plugin.py
[2025-03-27T14:46:14.619-0500] {processor.py:927} WARNING - No viable dags retrieved from /home/udhbhav/miniconda3/lib/python3.11/site-packages/airflow/example_dags/plugins/listener_plugin.py
[2025-03-27T14:46:14.624-0500] {processor.py:208} INFO - Processing /home/udhbhav/miniconda3/lib/python3.11/site-packages/airflow/example_dags/plugins/listener_plugin.py took 0.010 seconds
[2025-03-27T14:47:39.763-0500] {processor.py:186} INFO - Started process (PID=1776372) to work on /home/udhbhav/miniconda3/lib/python3.11/site-packages/airflow/example_dags/plugins/listener_plugin.py
[2025-03-27T14:47:39.764-0500] {processor.py:914} INFO - Processing file /home/udhbhav/miniconda3/lib/python3.11/site-packages/airflow/example_dags/plugins/listener_plugin.py for tasks to queue
[2025-03-27T14:47:39.765-0500] {logging_mixin.py:190} INFO - [2025-03-27T14:47:39.764-0500] {dagbag.py:588} INFO - Filling up the DagBag from /home/udhbhav/miniconda3/lib/python3.11/site-packages/airflow/example_dags/plugins/listener_plugin.py
[2025-03-27T14:47:39.766-0500] {processor.py:927} WARNING - No viable dags retrieved from /home/udhbhav/miniconda3/lib/python3.11/site-packages/airflow/example_dags/plugins/listener_plugin.py
[2025-03-27T14:47:39.771-0500] {processor.py:208} INFO - Processing /home/udhbhav/miniconda3/lib/python3.11/site-packages/airflow/example_dags/plugins/listener_plugin.py took 0.010 seconds
[2025-03-27T14:48:57.988-0500] {processor.py:186} INFO - Started process (PID=1777158) to work on /home/udhbhav/miniconda3/lib/python3.11/site-packages/airflow/example_dags/plugins/listener_plugin.py
[2025-03-27T14:48:57.988-0500] {processor.py:914} INFO - Processing file /home/udhbhav/miniconda3/lib/python3.11/site-packages/airflow/example_dags/plugins/listener_plugin.py for tasks to queue
[2025-03-27T14:48:57.989-0500] {logging_mixin.py:190} INFO - [2025-03-27T14:48:57.989-0500] {dagbag.py:588} INFO - Filling up the DagBag from /home/udhbhav/miniconda3/lib/python3.11/site-packages/airflow/example_dags/plugins/listener_plugin.py
[2025-03-27T14:48:57.991-0500] {processor.py:927} WARNING - No viable dags retrieved from /home/udhbhav/miniconda3/lib/python3.11/site-packages/airflow/example_dags/plugins/listener_plugin.py
[2025-03-27T14:48:57.995-0500] {processor.py:208} INFO - Processing /home/udhbhav/miniconda3/lib/python3.11/site-packages/airflow/example_dags/plugins/listener_plugin.py took 0.010 seconds
[2025-03-27T14:50:29.341-0500] {processor.py:186} INFO - Started process (PID=1778690) to work on /home/udhbhav/miniconda3/lib/python3.11/site-packages/airflow/example_dags/plugins/listener_plugin.py
[2025-03-27T14:50:29.341-0500] {processor.py:914} INFO - Processing file /home/udhbhav/miniconda3/lib/python3.11/site-packages/airflow/example_dags/plugins/listener_plugin.py for tasks to queue
[2025-03-27T14:50:29.342-0500] {logging_mixin.py:190} INFO - [2025-03-27T14:50:29.342-0500] {dagbag.py:588} INFO - Filling up the DagBag from /home/udhbhav/miniconda3/lib/python3.11/site-packages/airflow/example_dags/plugins/listener_plugin.py
[2025-03-27T14:50:29.344-0500] {processor.py:927} WARNING - No viable dags retrieved from /home/udhbhav/miniconda3/lib/python3.11/site-packages/airflow/example_dags/plugins/listener_plugin.py
[2025-03-27T14:50:29.349-0500] {processor.py:208} INFO - Processing /home/udhbhav/miniconda3/lib/python3.11/site-packages/airflow/example_dags/plugins/listener_plugin.py took 0.011 seconds
[2025-03-27T14:51:34.134-0500] {processor.py:186} INFO - Started process (PID=1783476) to work on /home/udhbhav/miniconda3/lib/python3.11/site-packages/airflow/example_dags/plugins/listener_plugin.py
[2025-03-27T14:51:34.135-0500] {processor.py:914} INFO - Processing file /home/udhbhav/miniconda3/lib/python3.11/site-packages/airflow/example_dags/plugins/listener_plugin.py for tasks to queue
[2025-03-27T14:51:34.135-0500] {logging_mixin.py:190} INFO - [2025-03-27T14:51:34.135-0500] {dagbag.py:588} INFO - Filling up the DagBag from /home/udhbhav/miniconda3/lib/python3.11/site-packages/airflow/example_dags/plugins/listener_plugin.py
[2025-03-27T14:51:34.137-0500] {processor.py:927} WARNING - No viable dags retrieved from /home/udhbhav/miniconda3/lib/python3.11/site-packages/airflow/example_dags/plugins/listener_plugin.py
[2025-03-27T14:51:34.142-0500] {processor.py:208} INFO - Processing /home/udhbhav/miniconda3/lib/python3.11/site-packages/airflow/example_dags/plugins/listener_plugin.py took 0.010 seconds
[2025-03-27T14:52:43.167-0500] {processor.py:186} INFO - Started process (PID=1784276) to work on /home/udhbhav/miniconda3/lib/python3.11/site-packages/airflow/example_dags/plugins/listener_plugin.py
[2025-03-27T14:52:43.168-0500] {processor.py:914} INFO - Processing file /home/udhbhav/miniconda3/lib/python3.11/site-packages/airflow/example_dags/plugins/listener_plugin.py for tasks to queue
[2025-03-27T14:52:43.169-0500] {logging_mixin.py:190} INFO - [2025-03-27T14:52:43.168-0500] {dagbag.py:588} INFO - Filling up the DagBag from /home/udhbhav/miniconda3/lib/python3.11/site-packages/airflow/example_dags/plugins/listener_plugin.py
[2025-03-27T14:52:43.170-0500] {processor.py:927} WARNING - No viable dags retrieved from /home/udhbhav/miniconda3/lib/python3.11/site-packages/airflow/example_dags/plugins/listener_plugin.py
[2025-03-27T14:52:43.175-0500] {processor.py:208} INFO - Processing /home/udhbhav/miniconda3/lib/python3.11/site-packages/airflow/example_dags/plugins/listener_plugin.py took 0.010 seconds
[2025-03-27T14:53:52.700-0500] {processor.py:186} INFO - Started process (PID=1784930) to work on /home/udhbhav/miniconda3/lib/python3.11/site-packages/airflow/example_dags/plugins/listener_plugin.py
[2025-03-27T14:53:52.700-0500] {processor.py:914} INFO - Processing file /home/udhbhav/miniconda3/lib/python3.11/site-packages/airflow/example_dags/plugins/listener_plugin.py for tasks to queue
[2025-03-27T14:53:52.701-0500] {logging_mixin.py:190} INFO - [2025-03-27T14:53:52.701-0500] {dagbag.py:588} INFO - Filling up the DagBag from /home/udhbhav/miniconda3/lib/python3.11/site-packages/airflow/example_dags/plugins/listener_plugin.py
[2025-03-27T14:53:52.702-0500] {processor.py:927} WARNING - No viable dags retrieved from /home/udhbhav/miniconda3/lib/python3.11/site-packages/airflow/example_dags/plugins/listener_plugin.py
[2025-03-27T14:53:52.707-0500] {processor.py:208} INFO - Processing /home/udhbhav/miniconda3/lib/python3.11/site-packages/airflow/example_dags/plugins/listener_plugin.py took 0.010 seconds
[2025-03-27T14:54:58.921-0500] {processor.py:186} INFO - Started process (PID=1785555) to work on /home/udhbhav/miniconda3/lib/python3.11/site-packages/airflow/example_dags/plugins/listener_plugin.py
[2025-03-27T14:54:58.921-0500] {processor.py:914} INFO - Processing file /home/udhbhav/miniconda3/lib/python3.11/site-packages/airflow/example_dags/plugins/listener_plugin.py for tasks to queue
[2025-03-27T14:54:58.922-0500] {logging_mixin.py:190} INFO - [2025-03-27T14:54:58.922-0500] {dagbag.py:588} INFO - Filling up the DagBag from /home/udhbhav/miniconda3/lib/python3.11/site-packages/airflow/example_dags/plugins/listener_plugin.py
[2025-03-27T14:54:58.923-0500] {processor.py:927} WARNING - No viable dags retrieved from /home/udhbhav/miniconda3/lib/python3.11/site-packages/airflow/example_dags/plugins/listener_plugin.py
[2025-03-27T14:54:58.929-0500] {processor.py:208} INFO - Processing /home/udhbhav/miniconda3/lib/python3.11/site-packages/airflow/example_dags/plugins/listener_plugin.py took 0.011 seconds
[2025-03-27T14:56:08.977-0500] {processor.py:186} INFO - Started process (PID=1786220) to work on /home/udhbhav/miniconda3/lib/python3.11/site-packages/airflow/example_dags/plugins/listener_plugin.py
[2025-03-27T14:56:08.978-0500] {processor.py:914} INFO - Processing file /home/udhbhav/miniconda3/lib/python3.11/site-packages/airflow/example_dags/plugins/listener_plugin.py for tasks to queue
[2025-03-27T14:56:08.979-0500] {logging_mixin.py:190} INFO - [2025-03-27T14:56:08.978-0500] {dagbag.py:588} INFO - Filling up the DagBag from /home/udhbhav/miniconda3/lib/python3.11/site-packages/airflow/example_dags/plugins/listener_plugin.py
[2025-03-27T14:56:08.980-0500] {processor.py:927} WARNING - No viable dags retrieved from /home/udhbhav/miniconda3/lib/python3.11/site-packages/airflow/example_dags/plugins/listener_plugin.py
[2025-03-27T14:56:08.985-0500] {processor.py:208} INFO - Processing /home/udhbhav/miniconda3/lib/python3.11/site-packages/airflow/example_dags/plugins/listener_plugin.py took 0.010 seconds
[2025-03-27T14:57:25.790-0500] {processor.py:186} INFO - Started process (PID=1787035) to work on /home/udhbhav/miniconda3/lib/python3.11/site-packages/airflow/example_dags/plugins/listener_plugin.py
[2025-03-27T14:57:25.790-0500] {processor.py:914} INFO - Processing file /home/udhbhav/miniconda3/lib/python3.11/site-packages/airflow/example_dags/plugins/listener_plugin.py for tasks to queue
[2025-03-27T14:57:25.792-0500] {logging_mixin.py:190} INFO - [2025-03-27T14:57:25.792-0500] {dagbag.py:588} INFO - Filling up the DagBag from /home/udhbhav/miniconda3/lib/python3.11/site-packages/airflow/example_dags/plugins/listener_plugin.py
[2025-03-27T14:57:25.793-0500] {processor.py:927} WARNING - No viable dags retrieved from /home/udhbhav/miniconda3/lib/python3.11/site-packages/airflow/example_dags/plugins/listener_plugin.py
[2025-03-27T14:57:25.798-0500] {processor.py:208} INFO - Processing /home/udhbhav/miniconda3/lib/python3.11/site-packages/airflow/example_dags/plugins/listener_plugin.py took 0.011 seconds
[2025-03-27T14:58:45.114-0500] {processor.py:186} INFO - Started process (PID=1787977) to work on /home/udhbhav/miniconda3/lib/python3.11/site-packages/airflow/example_dags/plugins/listener_plugin.py
[2025-03-27T14:58:45.114-0500] {processor.py:914} INFO - Processing file /home/udhbhav/miniconda3/lib/python3.11/site-packages/airflow/example_dags/plugins/listener_plugin.py for tasks to queue
[2025-03-27T14:58:45.115-0500] {logging_mixin.py:190} INFO - [2025-03-27T14:58:45.115-0500] {dagbag.py:588} INFO - Filling up the DagBag from /home/udhbhav/miniconda3/lib/python3.11/site-packages/airflow/example_dags/plugins/listener_plugin.py
[2025-03-27T14:58:45.116-0500] {processor.py:927} WARNING - No viable dags retrieved from /home/udhbhav/miniconda3/lib/python3.11/site-packages/airflow/example_dags/plugins/listener_plugin.py
[2025-03-27T14:58:45.122-0500] {processor.py:208} INFO - Processing /home/udhbhav/miniconda3/lib/python3.11/site-packages/airflow/example_dags/plugins/listener_plugin.py took 0.011 seconds
[2025-03-27T15:00:17.555-0500] {processor.py:186} INFO - Started process (PID=1788929) to work on /home/udhbhav/miniconda3/lib/python3.11/site-packages/airflow/example_dags/plugins/listener_plugin.py
[2025-03-27T15:00:17.555-0500] {processor.py:914} INFO - Processing file /home/udhbhav/miniconda3/lib/python3.11/site-packages/airflow/example_dags/plugins/listener_plugin.py for tasks to queue
[2025-03-27T15:00:17.556-0500] {logging_mixin.py:190} INFO - [2025-03-27T15:00:17.556-0500] {dagbag.py:588} INFO - Filling up the DagBag from /home/udhbhav/miniconda3/lib/python3.11/site-packages/airflow/example_dags/plugins/listener_plugin.py
[2025-03-27T15:00:17.558-0500] {processor.py:927} WARNING - No viable dags retrieved from /home/udhbhav/miniconda3/lib/python3.11/site-packages/airflow/example_dags/plugins/listener_plugin.py
[2025-03-27T15:00:17.563-0500] {processor.py:208} INFO - Processing /home/udhbhav/miniconda3/lib/python3.11/site-packages/airflow/example_dags/plugins/listener_plugin.py took 0.011 seconds
[2025-03-27T15:01:23.907-0500] {processor.py:186} INFO - Started process (PID=1789640) to work on /home/udhbhav/miniconda3/lib/python3.11/site-packages/airflow/example_dags/plugins/listener_plugin.py
[2025-03-27T15:01:23.907-0500] {processor.py:914} INFO - Processing file /home/udhbhav/miniconda3/lib/python3.11/site-packages/airflow/example_dags/plugins/listener_plugin.py for tasks to queue
[2025-03-27T15:01:23.908-0500] {logging_mixin.py:190} INFO - [2025-03-27T15:01:23.908-0500] {dagbag.py:588} INFO - Filling up the DagBag from /home/udhbhav/miniconda3/lib/python3.11/site-packages/airflow/example_dags/plugins/listener_plugin.py
[2025-03-27T15:01:23.910-0500] {processor.py:927} WARNING - No viable dags retrieved from /home/udhbhav/miniconda3/lib/python3.11/site-packages/airflow/example_dags/plugins/listener_plugin.py
[2025-03-27T15:01:23.915-0500] {processor.py:208} INFO - Processing /home/udhbhav/miniconda3/lib/python3.11/site-packages/airflow/example_dags/plugins/listener_plugin.py took 0.011 seconds
[2025-03-27T15:02:29.385-0500] {processor.py:186} INFO - Started process (PID=1790375) to work on /home/udhbhav/miniconda3/lib/python3.11/site-packages/airflow/example_dags/plugins/listener_plugin.py
[2025-03-27T15:02:29.386-0500] {processor.py:914} INFO - Processing file /home/udhbhav/miniconda3/lib/python3.11/site-packages/airflow/example_dags/plugins/listener_plugin.py for tasks to queue
[2025-03-27T15:02:29.387-0500] {logging_mixin.py:190} INFO - [2025-03-27T15:02:29.386-0500] {dagbag.py:588} INFO - Filling up the DagBag from /home/udhbhav/miniconda3/lib/python3.11/site-packages/airflow/example_dags/plugins/listener_plugin.py
[2025-03-27T15:02:29.388-0500] {processor.py:927} WARNING - No viable dags retrieved from /home/udhbhav/miniconda3/lib/python3.11/site-packages/airflow/example_dags/plugins/listener_plugin.py
[2025-03-27T15:02:29.393-0500] {processor.py:208} INFO - Processing /home/udhbhav/miniconda3/lib/python3.11/site-packages/airflow/example_dags/plugins/listener_plugin.py took 0.010 seconds
[2025-03-27T15:03:45.329-0500] {processor.py:186} INFO - Started process (PID=1791184) to work on /home/udhbhav/miniconda3/lib/python3.11/site-packages/airflow/example_dags/plugins/listener_plugin.py
[2025-03-27T15:03:45.329-0500] {processor.py:914} INFO - Processing file /home/udhbhav/miniconda3/lib/python3.11/site-packages/airflow/example_dags/plugins/listener_plugin.py for tasks to queue
[2025-03-27T15:03:45.330-0500] {logging_mixin.py:190} INFO - [2025-03-27T15:03:45.330-0500] {dagbag.py:588} INFO - Filling up the DagBag from /home/udhbhav/miniconda3/lib/python3.11/site-packages/airflow/example_dags/plugins/listener_plugin.py
[2025-03-27T15:03:45.331-0500] {processor.py:927} WARNING - No viable dags retrieved from /home/udhbhav/miniconda3/lib/python3.11/site-packages/airflow/example_dags/plugins/listener_plugin.py
[2025-03-27T15:03:45.337-0500] {processor.py:208} INFO - Processing /home/udhbhav/miniconda3/lib/python3.11/site-packages/airflow/example_dags/plugins/listener_plugin.py took 0.010 seconds
[2025-03-27T15:05:00.424-0500] {processor.py:186} INFO - Started process (PID=1791897) to work on /home/udhbhav/miniconda3/lib/python3.11/site-packages/airflow/example_dags/plugins/listener_plugin.py
[2025-03-27T15:05:00.424-0500] {processor.py:914} INFO - Processing file /home/udhbhav/miniconda3/lib/python3.11/site-packages/airflow/example_dags/plugins/listener_plugin.py for tasks to queue
[2025-03-27T15:05:00.425-0500] {logging_mixin.py:190} INFO - [2025-03-27T15:05:00.425-0500] {dagbag.py:588} INFO - Filling up the DagBag from /home/udhbhav/miniconda3/lib/python3.11/site-packages/airflow/example_dags/plugins/listener_plugin.py
[2025-03-27T15:05:00.428-0500] {processor.py:927} WARNING - No viable dags retrieved from /home/udhbhav/miniconda3/lib/python3.11/site-packages/airflow/example_dags/plugins/listener_plugin.py
[2025-03-27T15:05:00.433-0500] {processor.py:208} INFO - Processing /home/udhbhav/miniconda3/lib/python3.11/site-packages/airflow/example_dags/plugins/listener_plugin.py took 0.012 seconds
[2025-03-27T15:06:24.380-0500] {processor.py:186} INFO - Started process (PID=1792653) to work on /home/udhbhav/miniconda3/lib/python3.11/site-packages/airflow/example_dags/plugins/listener_plugin.py
[2025-03-27T15:06:24.380-0500] {processor.py:914} INFO - Processing file /home/udhbhav/miniconda3/lib/python3.11/site-packages/airflow/example_dags/plugins/listener_plugin.py for tasks to queue
[2025-03-27T15:06:24.381-0500] {logging_mixin.py:190} INFO - [2025-03-27T15:06:24.381-0500] {dagbag.py:588} INFO - Filling up the DagBag from /home/udhbhav/miniconda3/lib/python3.11/site-packages/airflow/example_dags/plugins/listener_plugin.py
[2025-03-27T15:06:24.382-0500] {processor.py:927} WARNING - No viable dags retrieved from /home/udhbhav/miniconda3/lib/python3.11/site-packages/airflow/example_dags/plugins/listener_plugin.py
[2025-03-27T15:06:24.387-0500] {processor.py:208} INFO - Processing /home/udhbhav/miniconda3/lib/python3.11/site-packages/airflow/example_dags/plugins/listener_plugin.py took 0.010 seconds
[2025-03-27T15:07:47.488-0500] {processor.py:186} INFO - Started process (PID=1793610) to work on /home/udhbhav/miniconda3/lib/python3.11/site-packages/airflow/example_dags/plugins/listener_plugin.py
[2025-03-27T15:07:47.488-0500] {processor.py:914} INFO - Processing file /home/udhbhav/miniconda3/lib/python3.11/site-packages/airflow/example_dags/plugins/listener_plugin.py for tasks to queue
[2025-03-27T15:07:47.489-0500] {logging_mixin.py:190} INFO - [2025-03-27T15:07:47.489-0500] {dagbag.py:588} INFO - Filling up the DagBag from /home/udhbhav/miniconda3/lib/python3.11/site-packages/airflow/example_dags/plugins/listener_plugin.py
[2025-03-27T15:07:47.491-0500] {processor.py:927} WARNING - No viable dags retrieved from /home/udhbhav/miniconda3/lib/python3.11/site-packages/airflow/example_dags/plugins/listener_plugin.py
[2025-03-27T15:07:47.496-0500] {processor.py:208} INFO - Processing /home/udhbhav/miniconda3/lib/python3.11/site-packages/airflow/example_dags/plugins/listener_plugin.py took 0.010 seconds
[2025-03-27T15:08:49.524-0500] {processor.py:186} INFO - Started process (PID=1794225) to work on /home/udhbhav/miniconda3/lib/python3.11/site-packages/airflow/example_dags/plugins/listener_plugin.py
[2025-03-27T15:08:49.524-0500] {processor.py:914} INFO - Processing file /home/udhbhav/miniconda3/lib/python3.11/site-packages/airflow/example_dags/plugins/listener_plugin.py for tasks to queue
[2025-03-27T15:08:49.525-0500] {logging_mixin.py:190} INFO - [2025-03-27T15:08:49.525-0500] {dagbag.py:588} INFO - Filling up the DagBag from /home/udhbhav/miniconda3/lib/python3.11/site-packages/airflow/example_dags/plugins/listener_plugin.py
[2025-03-27T15:08:49.527-0500] {processor.py:927} WARNING - No viable dags retrieved from /home/udhbhav/miniconda3/lib/python3.11/site-packages/airflow/example_dags/plugins/listener_plugin.py
[2025-03-27T15:08:49.532-0500] {processor.py:208} INFO - Processing /home/udhbhav/miniconda3/lib/python3.11/site-packages/airflow/example_dags/plugins/listener_plugin.py took 0.010 seconds
[2025-03-27T15:10:01.565-0500] {processor.py:186} INFO - Started process (PID=1794858) to work on /home/udhbhav/miniconda3/lib/python3.11/site-packages/airflow/example_dags/plugins/listener_plugin.py
[2025-03-27T15:10:01.565-0500] {processor.py:914} INFO - Processing file /home/udhbhav/miniconda3/lib/python3.11/site-packages/airflow/example_dags/plugins/listener_plugin.py for tasks to queue
[2025-03-27T15:10:01.566-0500] {logging_mixin.py:190} INFO - [2025-03-27T15:10:01.566-0500] {dagbag.py:588} INFO - Filling up the DagBag from /home/udhbhav/miniconda3/lib/python3.11/site-packages/airflow/example_dags/plugins/listener_plugin.py
[2025-03-27T15:10:01.567-0500] {processor.py:927} WARNING - No viable dags retrieved from /home/udhbhav/miniconda3/lib/python3.11/site-packages/airflow/example_dags/plugins/listener_plugin.py
[2025-03-27T15:10:01.572-0500] {processor.py:208} INFO - Processing /home/udhbhav/miniconda3/lib/python3.11/site-packages/airflow/example_dags/plugins/listener_plugin.py took 0.010 seconds
[2025-03-27T15:11:10.229-0500] {processor.py:186} INFO - Started process (PID=1795509) to work on /home/udhbhav/miniconda3/lib/python3.11/site-packages/airflow/example_dags/plugins/listener_plugin.py
[2025-03-27T15:11:10.230-0500] {processor.py:914} INFO - Processing file /home/udhbhav/miniconda3/lib/python3.11/site-packages/airflow/example_dags/plugins/listener_plugin.py for tasks to queue
[2025-03-27T15:11:10.230-0500] {logging_mixin.py:190} INFO - [2025-03-27T15:11:10.230-0500] {dagbag.py:588} INFO - Filling up the DagBag from /home/udhbhav/miniconda3/lib/python3.11/site-packages/airflow/example_dags/plugins/listener_plugin.py
[2025-03-27T15:11:10.232-0500] {processor.py:927} WARNING - No viable dags retrieved from /home/udhbhav/miniconda3/lib/python3.11/site-packages/airflow/example_dags/plugins/listener_plugin.py
[2025-03-27T15:11:10.237-0500] {processor.py:208} INFO - Processing /home/udhbhav/miniconda3/lib/python3.11/site-packages/airflow/example_dags/plugins/listener_plugin.py took 0.010 seconds
[2025-03-27T15:12:16.614-0500] {processor.py:186} INFO - Started process (PID=1797750) to work on /home/udhbhav/miniconda3/lib/python3.11/site-packages/airflow/example_dags/plugins/listener_plugin.py
[2025-03-27T15:12:16.614-0500] {processor.py:914} INFO - Processing file /home/udhbhav/miniconda3/lib/python3.11/site-packages/airflow/example_dags/plugins/listener_plugin.py for tasks to queue
[2025-03-27T15:12:16.615-0500] {logging_mixin.py:190} INFO - [2025-03-27T15:12:16.615-0500] {dagbag.py:588} INFO - Filling up the DagBag from /home/udhbhav/miniconda3/lib/python3.11/site-packages/airflow/example_dags/plugins/listener_plugin.py
[2025-03-27T15:12:16.616-0500] {processor.py:927} WARNING - No viable dags retrieved from /home/udhbhav/miniconda3/lib/python3.11/site-packages/airflow/example_dags/plugins/listener_plugin.py
[2025-03-27T15:12:16.621-0500] {processor.py:208} INFO - Processing /home/udhbhav/miniconda3/lib/python3.11/site-packages/airflow/example_dags/plugins/listener_plugin.py took 0.010 seconds
[2025-03-27T15:13:35.625-0500] {processor.py:186} INFO - Started process (PID=1798529) to work on /home/udhbhav/miniconda3/lib/python3.11/site-packages/airflow/example_dags/plugins/listener_plugin.py
[2025-03-27T15:13:35.626-0500] {processor.py:914} INFO - Processing file /home/udhbhav/miniconda3/lib/python3.11/site-packages/airflow/example_dags/plugins/listener_plugin.py for tasks to queue
[2025-03-27T15:13:35.627-0500] {logging_mixin.py:190} INFO - [2025-03-27T15:13:35.626-0500] {dagbag.py:588} INFO - Filling up the DagBag from /home/udhbhav/miniconda3/lib/python3.11/site-packages/airflow/example_dags/plugins/listener_plugin.py
[2025-03-27T15:13:35.628-0500] {processor.py:927} WARNING - No viable dags retrieved from /home/udhbhav/miniconda3/lib/python3.11/site-packages/airflow/example_dags/plugins/listener_plugin.py
[2025-03-27T15:13:35.633-0500] {processor.py:208} INFO - Processing /home/udhbhav/miniconda3/lib/python3.11/site-packages/airflow/example_dags/plugins/listener_plugin.py took 0.010 seconds
[2025-03-27T15:14:52.870-0500] {processor.py:186} INFO - Started process (PID=1799387) to work on /home/udhbhav/miniconda3/lib/python3.11/site-packages/airflow/example_dags/plugins/listener_plugin.py
[2025-03-27T15:14:52.871-0500] {processor.py:914} INFO - Processing file /home/udhbhav/miniconda3/lib/python3.11/site-packages/airflow/example_dags/plugins/listener_plugin.py for tasks to queue
[2025-03-27T15:14:52.872-0500] {logging_mixin.py:190} INFO - [2025-03-27T15:14:52.872-0500] {dagbag.py:588} INFO - Filling up the DagBag from /home/udhbhav/miniconda3/lib/python3.11/site-packages/airflow/example_dags/plugins/listener_plugin.py
[2025-03-27T15:14:52.873-0500] {processor.py:927} WARNING - No viable dags retrieved from /home/udhbhav/miniconda3/lib/python3.11/site-packages/airflow/example_dags/plugins/listener_plugin.py
[2025-03-27T15:14:52.878-0500] {processor.py:208} INFO - Processing /home/udhbhav/miniconda3/lib/python3.11/site-packages/airflow/example_dags/plugins/listener_plugin.py took 0.010 seconds
[2025-03-27T15:16:11.839-0500] {processor.py:186} INFO - Started process (PID=1800077) to work on /home/udhbhav/miniconda3/lib/python3.11/site-packages/airflow/example_dags/plugins/listener_plugin.py
[2025-03-27T15:16:11.839-0500] {processor.py:914} INFO - Processing file /home/udhbhav/miniconda3/lib/python3.11/site-packages/airflow/example_dags/plugins/listener_plugin.py for tasks to queue
[2025-03-27T15:16:11.840-0500] {logging_mixin.py:190} INFO - [2025-03-27T15:16:11.840-0500] {dagbag.py:588} INFO - Filling up the DagBag from /home/udhbhav/miniconda3/lib/python3.11/site-packages/airflow/example_dags/plugins/listener_plugin.py
[2025-03-27T15:16:11.841-0500] {processor.py:927} WARNING - No viable dags retrieved from /home/udhbhav/miniconda3/lib/python3.11/site-packages/airflow/example_dags/plugins/listener_plugin.py
[2025-03-27T15:16:11.846-0500] {processor.py:208} INFO - Processing /home/udhbhav/miniconda3/lib/python3.11/site-packages/airflow/example_dags/plugins/listener_plugin.py took 0.010 seconds
[2025-03-27T15:17:29.609-0500] {processor.py:186} INFO - Started process (PID=1800829) to work on /home/udhbhav/miniconda3/lib/python3.11/site-packages/airflow/example_dags/plugins/listener_plugin.py
[2025-03-27T15:17:29.610-0500] {processor.py:914} INFO - Processing file /home/udhbhav/miniconda3/lib/python3.11/site-packages/airflow/example_dags/plugins/listener_plugin.py for tasks to queue
[2025-03-27T15:17:29.611-0500] {logging_mixin.py:190} INFO - [2025-03-27T15:17:29.611-0500] {dagbag.py:588} INFO - Filling up the DagBag from /home/udhbhav/miniconda3/lib/python3.11/site-packages/airflow/example_dags/plugins/listener_plugin.py
[2025-03-27T15:17:29.612-0500] {processor.py:927} WARNING - No viable dags retrieved from /home/udhbhav/miniconda3/lib/python3.11/site-packages/airflow/example_dags/plugins/listener_plugin.py
[2025-03-27T15:17:29.617-0500] {processor.py:208} INFO - Processing /home/udhbhav/miniconda3/lib/python3.11/site-packages/airflow/example_dags/plugins/listener_plugin.py took 0.011 seconds
[2025-03-27T15:18:35.630-0500] {processor.py:186} INFO - Started process (PID=1801498) to work on /home/udhbhav/miniconda3/lib/python3.11/site-packages/airflow/example_dags/plugins/listener_plugin.py
[2025-03-27T15:18:35.631-0500] {processor.py:914} INFO - Processing file /home/udhbhav/miniconda3/lib/python3.11/site-packages/airflow/example_dags/plugins/listener_plugin.py for tasks to queue
[2025-03-27T15:18:35.632-0500] {logging_mixin.py:190} INFO - [2025-03-27T15:18:35.631-0500] {dagbag.py:588} INFO - Filling up the DagBag from /home/udhbhav/miniconda3/lib/python3.11/site-packages/airflow/example_dags/plugins/listener_plugin.py
[2025-03-27T15:18:35.633-0500] {processor.py:927} WARNING - No viable dags retrieved from /home/udhbhav/miniconda3/lib/python3.11/site-packages/airflow/example_dags/plugins/listener_plugin.py
[2025-03-27T15:18:35.638-0500] {processor.py:208} INFO - Processing /home/udhbhav/miniconda3/lib/python3.11/site-packages/airflow/example_dags/plugins/listener_plugin.py took 0.010 seconds
[2025-03-27T15:19:46.328-0500] {processor.py:186} INFO - Started process (PID=1802306) to work on /home/udhbhav/miniconda3/lib/python3.11/site-packages/airflow/example_dags/plugins/listener_plugin.py
[2025-03-27T15:19:46.329-0500] {processor.py:914} INFO - Processing file /home/udhbhav/miniconda3/lib/python3.11/site-packages/airflow/example_dags/plugins/listener_plugin.py for tasks to queue
[2025-03-27T15:19:46.330-0500] {logging_mixin.py:190} INFO - [2025-03-27T15:19:46.330-0500] {dagbag.py:588} INFO - Filling up the DagBag from /home/udhbhav/miniconda3/lib/python3.11/site-packages/airflow/example_dags/plugins/listener_plugin.py
[2025-03-27T15:19:46.331-0500] {processor.py:927} WARNING - No viable dags retrieved from /home/udhbhav/miniconda3/lib/python3.11/site-packages/airflow/example_dags/plugins/listener_plugin.py
[2025-03-27T15:19:46.336-0500] {processor.py:208} INFO - Processing /home/udhbhav/miniconda3/lib/python3.11/site-packages/airflow/example_dags/plugins/listener_plugin.py took 0.011 seconds
[2025-03-27T15:20:50.662-0500] {processor.py:186} INFO - Started process (PID=1803820) to work on /home/udhbhav/miniconda3/lib/python3.11/site-packages/airflow/example_dags/plugins/listener_plugin.py
[2025-03-27T15:20:50.662-0500] {processor.py:914} INFO - Processing file /home/udhbhav/miniconda3/lib/python3.11/site-packages/airflow/example_dags/plugins/listener_plugin.py for tasks to queue
[2025-03-27T15:20:50.663-0500] {logging_mixin.py:190} INFO - [2025-03-27T15:20:50.663-0500] {dagbag.py:588} INFO - Filling up the DagBag from /home/udhbhav/miniconda3/lib/python3.11/site-packages/airflow/example_dags/plugins/listener_plugin.py
[2025-03-27T15:20:50.665-0500] {processor.py:927} WARNING - No viable dags retrieved from /home/udhbhav/miniconda3/lib/python3.11/site-packages/airflow/example_dags/plugins/listener_plugin.py
[2025-03-27T15:20:50.670-0500] {processor.py:208} INFO - Processing /home/udhbhav/miniconda3/lib/python3.11/site-packages/airflow/example_dags/plugins/listener_plugin.py took 0.011 seconds
[2025-03-27T15:22:01.959-0500] {processor.py:186} INFO - Started process (PID=1808470) to work on /home/udhbhav/miniconda3/lib/python3.11/site-packages/airflow/example_dags/plugins/listener_plugin.py
[2025-03-27T15:22:01.959-0500] {processor.py:914} INFO - Processing file /home/udhbhav/miniconda3/lib/python3.11/site-packages/airflow/example_dags/plugins/listener_plugin.py for tasks to queue
[2025-03-27T15:22:01.960-0500] {logging_mixin.py:190} INFO - [2025-03-27T15:22:01.960-0500] {dagbag.py:588} INFO - Filling up the DagBag from /home/udhbhav/miniconda3/lib/python3.11/site-packages/airflow/example_dags/plugins/listener_plugin.py
[2025-03-27T15:22:01.961-0500] {processor.py:927} WARNING - No viable dags retrieved from /home/udhbhav/miniconda3/lib/python3.11/site-packages/airflow/example_dags/plugins/listener_plugin.py
[2025-03-27T15:22:01.966-0500] {processor.py:208} INFO - Processing /home/udhbhav/miniconda3/lib/python3.11/site-packages/airflow/example_dags/plugins/listener_plugin.py took 0.010 seconds
[2025-03-27T15:23:21.591-0500] {processor.py:186} INFO - Started process (PID=1809175) to work on /home/udhbhav/miniconda3/lib/python3.11/site-packages/airflow/example_dags/plugins/listener_plugin.py
[2025-03-27T15:23:21.592-0500] {processor.py:914} INFO - Processing file /home/udhbhav/miniconda3/lib/python3.11/site-packages/airflow/example_dags/plugins/listener_plugin.py for tasks to queue
[2025-03-27T15:23:21.593-0500] {logging_mixin.py:190} INFO - [2025-03-27T15:23:21.592-0500] {dagbag.py:588} INFO - Filling up the DagBag from /home/udhbhav/miniconda3/lib/python3.11/site-packages/airflow/example_dags/plugins/listener_plugin.py
[2025-03-27T15:23:21.594-0500] {processor.py:927} WARNING - No viable dags retrieved from /home/udhbhav/miniconda3/lib/python3.11/site-packages/airflow/example_dags/plugins/listener_plugin.py
[2025-03-27T15:23:21.599-0500] {processor.py:208} INFO - Processing /home/udhbhav/miniconda3/lib/python3.11/site-packages/airflow/example_dags/plugins/listener_plugin.py took 0.010 seconds
[2025-03-27T15:24:30.697-0500] {processor.py:186} INFO - Started process (PID=1809956) to work on /home/udhbhav/miniconda3/lib/python3.11/site-packages/airflow/example_dags/plugins/listener_plugin.py
[2025-03-27T15:24:30.697-0500] {processor.py:914} INFO - Processing file /home/udhbhav/miniconda3/lib/python3.11/site-packages/airflow/example_dags/plugins/listener_plugin.py for tasks to queue
[2025-03-27T15:24:30.698-0500] {logging_mixin.py:190} INFO - [2025-03-27T15:24:30.698-0500] {dagbag.py:588} INFO - Filling up the DagBag from /home/udhbhav/miniconda3/lib/python3.11/site-packages/airflow/example_dags/plugins/listener_plugin.py
[2025-03-27T15:24:30.699-0500] {processor.py:927} WARNING - No viable dags retrieved from /home/udhbhav/miniconda3/lib/python3.11/site-packages/airflow/example_dags/plugins/listener_plugin.py
[2025-03-27T15:24:30.704-0500] {processor.py:208} INFO - Processing /home/udhbhav/miniconda3/lib/python3.11/site-packages/airflow/example_dags/plugins/listener_plugin.py took 0.010 seconds
[2025-03-27T15:25:54.322-0500] {processor.py:186} INFO - Started process (PID=1810902) to work on /home/udhbhav/miniconda3/lib/python3.11/site-packages/airflow/example_dags/plugins/listener_plugin.py
[2025-03-27T15:25:54.322-0500] {processor.py:914} INFO - Processing file /home/udhbhav/miniconda3/lib/python3.11/site-packages/airflow/example_dags/plugins/listener_plugin.py for tasks to queue
[2025-03-27T15:25:54.323-0500] {logging_mixin.py:190} INFO - [2025-03-27T15:25:54.323-0500] {dagbag.py:588} INFO - Filling up the DagBag from /home/udhbhav/miniconda3/lib/python3.11/site-packages/airflow/example_dags/plugins/listener_plugin.py
[2025-03-27T15:25:54.324-0500] {processor.py:927} WARNING - No viable dags retrieved from /home/udhbhav/miniconda3/lib/python3.11/site-packages/airflow/example_dags/plugins/listener_plugin.py
[2025-03-27T15:25:54.329-0500] {processor.py:208} INFO - Processing /home/udhbhav/miniconda3/lib/python3.11/site-packages/airflow/example_dags/plugins/listener_plugin.py took 0.010 seconds
[2025-03-27T15:27:23.233-0500] {processor.py:186} INFO - Started process (PID=1811641) to work on /home/udhbhav/miniconda3/lib/python3.11/site-packages/airflow/example_dags/plugins/listener_plugin.py
[2025-03-27T15:27:23.234-0500] {processor.py:914} INFO - Processing file /home/udhbhav/miniconda3/lib/python3.11/site-packages/airflow/example_dags/plugins/listener_plugin.py for tasks to queue
[2025-03-27T15:27:23.235-0500] {logging_mixin.py:190} INFO - [2025-03-27T15:27:23.234-0500] {dagbag.py:588} INFO - Filling up the DagBag from /home/udhbhav/miniconda3/lib/python3.11/site-packages/airflow/example_dags/plugins/listener_plugin.py
[2025-03-27T15:27:23.236-0500] {processor.py:927} WARNING - No viable dags retrieved from /home/udhbhav/miniconda3/lib/python3.11/site-packages/airflow/example_dags/plugins/listener_plugin.py
[2025-03-27T15:27:23.241-0500] {processor.py:208} INFO - Processing /home/udhbhav/miniconda3/lib/python3.11/site-packages/airflow/example_dags/plugins/listener_plugin.py took 0.011 seconds
[2025-03-27T15:28:42.996-0500] {processor.py:186} INFO - Started process (PID=1812455) to work on /home/udhbhav/miniconda3/lib/python3.11/site-packages/airflow/example_dags/plugins/listener_plugin.py
[2025-03-27T15:28:42.996-0500] {processor.py:914} INFO - Processing file /home/udhbhav/miniconda3/lib/python3.11/site-packages/airflow/example_dags/plugins/listener_plugin.py for tasks to queue
[2025-03-27T15:28:42.997-0500] {logging_mixin.py:190} INFO - [2025-03-27T15:28:42.997-0500] {dagbag.py:588} INFO - Filling up the DagBag from /home/udhbhav/miniconda3/lib/python3.11/site-packages/airflow/example_dags/plugins/listener_plugin.py
[2025-03-27T15:28:42.998-0500] {processor.py:927} WARNING - No viable dags retrieved from /home/udhbhav/miniconda3/lib/python3.11/site-packages/airflow/example_dags/plugins/listener_plugin.py
[2025-03-27T15:28:43.003-0500] {processor.py:208} INFO - Processing /home/udhbhav/miniconda3/lib/python3.11/site-packages/airflow/example_dags/plugins/listener_plugin.py took 0.010 seconds
[2025-03-27T15:30:33.836-0500] {processor.py:186} INFO - Started process (PID=1813433) to work on /home/udhbhav/miniconda3/lib/python3.11/site-packages/airflow/example_dags/plugins/listener_plugin.py
[2025-03-27T15:30:33.836-0500] {processor.py:914} INFO - Processing file /home/udhbhav/miniconda3/lib/python3.11/site-packages/airflow/example_dags/plugins/listener_plugin.py for tasks to queue
[2025-03-27T15:30:33.837-0500] {logging_mixin.py:190} INFO - [2025-03-27T15:30:33.837-0500] {dagbag.py:588} INFO - Filling up the DagBag from /home/udhbhav/miniconda3/lib/python3.11/site-packages/airflow/example_dags/plugins/listener_plugin.py
[2025-03-27T15:30:33.839-0500] {processor.py:927} WARNING - No viable dags retrieved from /home/udhbhav/miniconda3/lib/python3.11/site-packages/airflow/example_dags/plugins/listener_plugin.py
[2025-03-27T15:30:33.844-0500] {processor.py:208} INFO - Processing /home/udhbhav/miniconda3/lib/python3.11/site-packages/airflow/example_dags/plugins/listener_plugin.py took 0.010 seconds
[2025-03-27T15:32:20.288-0500] {processor.py:186} INFO - Started process (PID=1814445) to work on /home/udhbhav/miniconda3/lib/python3.11/site-packages/airflow/example_dags/plugins/listener_plugin.py
[2025-03-27T15:32:20.289-0500] {processor.py:914} INFO - Processing file /home/udhbhav/miniconda3/lib/python3.11/site-packages/airflow/example_dags/plugins/listener_plugin.py for tasks to queue
[2025-03-27T15:32:20.290-0500] {logging_mixin.py:190} INFO - [2025-03-27T15:32:20.290-0500] {dagbag.py:588} INFO - Filling up the DagBag from /home/udhbhav/miniconda3/lib/python3.11/site-packages/airflow/example_dags/plugins/listener_plugin.py
[2025-03-27T15:32:20.291-0500] {processor.py:927} WARNING - No viable dags retrieved from /home/udhbhav/miniconda3/lib/python3.11/site-packages/airflow/example_dags/plugins/listener_plugin.py
[2025-03-27T15:32:20.296-0500] {processor.py:208} INFO - Processing /home/udhbhav/miniconda3/lib/python3.11/site-packages/airflow/example_dags/plugins/listener_plugin.py took 0.011 seconds
[2025-03-27T15:33:32.126-0500] {processor.py:186} INFO - Started process (PID=1815103) to work on /home/udhbhav/miniconda3/lib/python3.11/site-packages/airflow/example_dags/plugins/listener_plugin.py
[2025-03-27T15:33:32.126-0500] {processor.py:914} INFO - Processing file /home/udhbhav/miniconda3/lib/python3.11/site-packages/airflow/example_dags/plugins/listener_plugin.py for tasks to queue
[2025-03-27T15:33:32.127-0500] {logging_mixin.py:190} INFO - [2025-03-27T15:33:32.127-0500] {dagbag.py:588} INFO - Filling up the DagBag from /home/udhbhav/miniconda3/lib/python3.11/site-packages/airflow/example_dags/plugins/listener_plugin.py
[2025-03-27T15:33:32.128-0500] {processor.py:927} WARNING - No viable dags retrieved from /home/udhbhav/miniconda3/lib/python3.11/site-packages/airflow/example_dags/plugins/listener_plugin.py
[2025-03-27T15:33:32.133-0500] {processor.py:208} INFO - Processing /home/udhbhav/miniconda3/lib/python3.11/site-packages/airflow/example_dags/plugins/listener_plugin.py took 0.011 seconds
[2025-03-27T15:34:37.805-0500] {processor.py:186} INFO - Started process (PID=1815824) to work on /home/udhbhav/miniconda3/lib/python3.11/site-packages/airflow/example_dags/plugins/listener_plugin.py
[2025-03-27T15:34:37.805-0500] {processor.py:914} INFO - Processing file /home/udhbhav/miniconda3/lib/python3.11/site-packages/airflow/example_dags/plugins/listener_plugin.py for tasks to queue
[2025-03-27T15:34:37.806-0500] {logging_mixin.py:190} INFO - [2025-03-27T15:34:37.806-0500] {dagbag.py:588} INFO - Filling up the DagBag from /home/udhbhav/miniconda3/lib/python3.11/site-packages/airflow/example_dags/plugins/listener_plugin.py
[2025-03-27T15:34:37.807-0500] {processor.py:927} WARNING - No viable dags retrieved from /home/udhbhav/miniconda3/lib/python3.11/site-packages/airflow/example_dags/plugins/listener_plugin.py
[2025-03-27T15:34:37.813-0500] {processor.py:208} INFO - Processing /home/udhbhav/miniconda3/lib/python3.11/site-packages/airflow/example_dags/plugins/listener_plugin.py took 0.011 seconds
[2025-03-27T15:35:48.163-0500] {processor.py:186} INFO - Started process (PID=1816552) to work on /home/udhbhav/miniconda3/lib/python3.11/site-packages/airflow/example_dags/plugins/listener_plugin.py
[2025-03-27T15:35:48.163-0500] {processor.py:914} INFO - Processing file /home/udhbhav/miniconda3/lib/python3.11/site-packages/airflow/example_dags/plugins/listener_plugin.py for tasks to queue
[2025-03-27T15:35:48.164-0500] {logging_mixin.py:190} INFO - [2025-03-27T15:35:48.164-0500] {dagbag.py:588} INFO - Filling up the DagBag from /home/udhbhav/miniconda3/lib/python3.11/site-packages/airflow/example_dags/plugins/listener_plugin.py
[2025-03-27T15:35:48.166-0500] {processor.py:927} WARNING - No viable dags retrieved from /home/udhbhav/miniconda3/lib/python3.11/site-packages/airflow/example_dags/plugins/listener_plugin.py
[2025-03-27T15:35:48.171-0500] {processor.py:208} INFO - Processing /home/udhbhav/miniconda3/lib/python3.11/site-packages/airflow/example_dags/plugins/listener_plugin.py took 0.010 seconds
