[2025-03-27T14:41:15.389-0500] {local_task_job_runner.py:123} INFO - ::group::Pre task execution logs
[2025-03-27T14:41:15.397-0500] {taskinstance.py:2614} INFO - Dependencies all met for dep_context=non-requeueable deps ti=<TaskInstance: example_branch_operator.ext_py_c scheduled__2025-03-26T00:00:00+00:00 [queued]>
[2025-03-27T14:41:15.400-0500] {taskinstance.py:2614} INFO - Dependencies all met for dep_context=requeueable deps ti=<TaskInstance: example_branch_operator.ext_py_c scheduled__2025-03-26T00:00:00+00:00 [queued]>
[2025-03-27T14:41:15.400-0500] {taskinstance.py:2867} INFO - Starting attempt 1 of 1
[2025-03-27T14:41:15.536-0500] {taskinstance.py:2890} INFO - Executing <Task(ExternalPythonOperator): ext_py_c> on 2025-03-26 00:00:00+00:00
[2025-03-27T14:41:15.538-0500] {standard_task_runner.py:72} INFO - Started process 1772269 to run task
[2025-03-27T14:41:15.539-0500] {standard_task_runner.py:104} INFO - Running: ['airflow', 'tasks', 'run', 'example_branch_operator', 'ext_py_c', 'scheduled__2025-03-26T00:00:00+00:00', '--job-id', '6', '--raw', '--subdir', '/home/udhbhav/miniconda3/lib/python3.11/site-packages/airflow/example_dags/example_branch_operator.py', '--cfg-path', '/tmp/tmpw8bpg2cg']
[2025-03-27T14:41:15.540-0500] {standard_task_runner.py:105} INFO - Job 6: Subtask ext_py_c
[2025-03-27T14:41:15.681-0500] {task_command.py:467} INFO - Running <TaskInstance: example_branch_operator.ext_py_c scheduled__2025-03-26T00:00:00+00:00 [running]> on host royal-07.cs.wisc.edu
[2025-03-27T14:41:15.927-0500] {taskinstance.py:3134} INFO - Exporting env vars: AIRFLOW_CTX_DAG_OWNER='airflow' AIRFLOW_CTX_DAG_ID='example_branch_operator' AIRFLOW_CTX_TASK_ID='ext_py_c' AIRFLOW_CTX_EXECUTION_DATE='2025-03-26T00:00:00+00:00' AIRFLOW_CTX_TRY_NUMBER='1' AIRFLOW_CTX_DAG_RUN_ID='scheduled__2025-03-26T00:00:00+00:00'
[2025-03-27T14:41:15.928-0500] {logging_mixin.py:190} INFO - Task instance is in running state
[2025-03-27T14:41:15.928-0500] {logging_mixin.py:190} INFO -  Previous state of the Task instance: queued
[2025-03-27T14:41:15.928-0500] {logging_mixin.py:190} INFO - Current task name:ext_py_c state:running start_date:2025-03-27 19:41:15.397190+00:00
[2025-03-27T14:41:15.928-0500] {logging_mixin.py:190} INFO - Dag name:example_branch_operator and current dag run status:running
[2025-03-27T14:41:15.928-0500] {taskinstance.py:732} INFO - ::endgroup::
[2025-03-27T14:41:15.965-0500] {baseoperator.py:423} WARNING - ExternalPythonOperator.execute cannot be called outside TaskInstance!
[2025-03-27T14:41:15.978-0500] {process_utils.py:186} INFO - Executing cmd: /home/udhbhav/miniconda3/bin/python /tmp/venv-calltyutp8eb/script.py /tmp/venv-calltyutp8eb/script.in /tmp/venv-calltyutp8eb/script.out /tmp/venv-calltyutp8eb/string_args.txt /tmp/venv-calltyutp8eb/termination.log
[2025-03-27T14:41:15.978-0500] {process_utils.py:190} INFO - Output:
[2025-03-27T14:41:16.270-0500] {process_utils.py:194} INFO - [2025-03-27T14:41:16.270-0500] {workday.py:41} WARNING - Could not import pandas. Holidays will not be considered.
[2025-03-27T14:41:16.276-0500] {process_utils.py:194} INFO - Hello World from external Python
[2025-03-27T14:41:16.336-0500] {python.py:240} INFO - Done. Returned value was: None
[2025-03-27T14:41:16.338-0500] {taskinstance.py:341} INFO - ::group::Post task execution logs
[2025-03-27T14:41:16.338-0500] {taskinstance.py:353} INFO - Marking task as SUCCESS. dag_id=example_branch_operator, task_id=ext_py_c, run_id=scheduled__2025-03-26T00:00:00+00:00, execution_date=20250326T000000, start_date=20250327T194115, end_date=20250327T194116
[2025-03-27T14:41:16.595-0500] {logging_mixin.py:190} INFO - Task instance in success state
[2025-03-27T14:41:16.595-0500] {logging_mixin.py:190} INFO -  Previous state of the Task instance: running
[2025-03-27T14:41:16.595-0500] {logging_mixin.py:190} INFO - Dag name:example_branch_operator queued_at:2025-03-27 19:40:59.411034+00:00
[2025-03-27T14:41:16.596-0500] {logging_mixin.py:190} INFO - Task hostname:royal-07.cs.wisc.edu operator:ExternalPythonOperator
[2025-03-27T14:41:16.634-0500] {local_task_job_runner.py:266} INFO - Task exited with return code 0
[2025-03-27T14:41:16.644-0500] {taskinstance.py:3901} INFO - 0 downstream tasks scheduled from follow-on schedule check
[2025-03-27T14:41:16.644-0500] {local_task_job_runner.py:245} INFO - ::endgroup::
