[2025-03-27T14:43:23.518-0500] {local_task_job_runner.py:123} INFO - ::group::Pre task execution logs
[2025-03-27T14:43:23.525-0500] {taskinstance.py:2614} INFO - Dependencies all met for dep_context=non-requeueable deps ti=<TaskInstance: example_branch_operator.ext_py_b manual__2025-03-27T19:43:04.855946+00:00 [queued]>
[2025-03-27T14:43:23.528-0500] {taskinstance.py:2614} INFO - Dependencies all met for dep_context=requeueable deps ti=<TaskInstance: example_branch_operator.ext_py_b manual__2025-03-27T19:43:04.855946+00:00 [queued]>
[2025-03-27T14:43:23.529-0500] {taskinstance.py:2867} INFO - Starting attempt 1 of 1
[2025-03-27T14:43:23.665-0500] {taskinstance.py:2890} INFO - Executing <Task(ExternalPythonOperator): ext_py_b> on 2025-03-27 19:43:04.855946+00:00
[2025-03-27T14:43:23.667-0500] {standard_task_runner.py:72} INFO - Started process 1773807 to run task
[2025-03-27T14:43:23.668-0500] {standard_task_runner.py:104} INFO - Running: ['airflow', 'tasks', 'run', 'example_branch_operator', 'ext_py_b', 'manual__2025-03-27T19:43:04.855946+00:00', '--job-id', '11', '--raw', '--subdir', '/home/udhbhav/miniconda3/lib/python3.11/site-packages/airflow/example_dags/example_branch_operator.py', '--cfg-path', '/tmp/tmpj9gwbour']
[2025-03-27T14:43:23.669-0500] {standard_task_runner.py:105} INFO - Job 11: Subtask ext_py_b
[2025-03-27T14:43:23.809-0500] {task_command.py:467} INFO - Running <TaskInstance: example_branch_operator.ext_py_b manual__2025-03-27T19:43:04.855946+00:00 [running]> on host royal-07.cs.wisc.edu
[2025-03-27T14:43:24.053-0500] {taskinstance.py:3134} INFO - Exporting env vars: AIRFLOW_CTX_DAG_OWNER='airflow' AIRFLOW_CTX_DAG_ID='example_branch_operator' AIRFLOW_CTX_TASK_ID='ext_py_b' AIRFLOW_CTX_EXECUTION_DATE='2025-03-27T19:43:04.855946+00:00' AIRFLOW_CTX_TRY_NUMBER='1' AIRFLOW_CTX_DAG_RUN_ID='manual__2025-03-27T19:43:04.855946+00:00'
[2025-03-27T14:43:24.053-0500] {logging_mixin.py:190} INFO - Task instance is in running state
[2025-03-27T14:43:24.054-0500] {logging_mixin.py:190} INFO -  Previous state of the Task instance: queued
[2025-03-27T14:43:24.054-0500] {logging_mixin.py:190} INFO - Current task name:ext_py_b state:running start_date:2025-03-27 19:43:23.525613+00:00
[2025-03-27T14:43:24.054-0500] {logging_mixin.py:190} INFO - Dag name:example_branch_operator and current dag run status:running
[2025-03-27T14:43:24.054-0500] {taskinstance.py:732} INFO - ::endgroup::
[2025-03-27T14:43:24.090-0500] {baseoperator.py:423} WARNING - ExternalPythonOperator.execute cannot be called outside TaskInstance!
[2025-03-27T14:43:24.103-0500] {process_utils.py:186} INFO - Executing cmd: /home/udhbhav/miniconda3/bin/python /tmp/venv-calls60zpph5/script.py /tmp/venv-calls60zpph5/script.in /tmp/venv-calls60zpph5/script.out /tmp/venv-calls60zpph5/string_args.txt /tmp/venv-calls60zpph5/termination.log
[2025-03-27T14:43:24.103-0500] {process_utils.py:190} INFO - Output:
[2025-03-27T14:43:24.400-0500] {process_utils.py:194} INFO - [2025-03-27T14:43:24.399-0500] {workday.py:41} WARNING - Could not import pandas. Holidays will not be considered.
[2025-03-27T14:43:24.406-0500] {process_utils.py:194} INFO - Hello World from external Python
[2025-03-27T14:43:24.468-0500] {python.py:240} INFO - Done. Returned value was: None
[2025-03-27T14:43:24.470-0500] {taskinstance.py:341} INFO - ::group::Post task execution logs
[2025-03-27T14:43:24.470-0500] {taskinstance.py:353} INFO - Marking task as SUCCESS. dag_id=example_branch_operator, task_id=ext_py_b, run_id=manual__2025-03-27T19:43:04.855946+00:00, execution_date=20250327T194304, start_date=20250327T194323, end_date=20250327T194324
[2025-03-27T14:43:24.729-0500] {logging_mixin.py:190} INFO - Task instance in success state
[2025-03-27T14:43:24.729-0500] {logging_mixin.py:190} INFO -  Previous state of the Task instance: running
[2025-03-27T14:43:24.729-0500] {logging_mixin.py:190} INFO - Dag name:example_branch_operator queued_at:2025-03-27 19:43:04.864618+00:00
[2025-03-27T14:43:24.729-0500] {logging_mixin.py:190} INFO - Task hostname:royal-07.cs.wisc.edu operator:ExternalPythonOperator
[2025-03-27T14:43:24.763-0500] {local_task_job_runner.py:266} INFO - Task exited with return code 0
[2025-03-27T14:43:24.773-0500] {taskinstance.py:3901} INFO - 0 downstream tasks scheduled from follow-on schedule check
[2025-03-27T14:43:24.773-0500] {local_task_job_runner.py:245} INFO - ::endgroup::
