[2025-03-27T14:26:25.816-0500] {processor.py:186} INFO - Started process (PID=1763191) to work on /home/udhbhav/miniconda3/lib/python3.11/site-packages/airflow/example_dags/example_python_decorator.py
[2025-03-27T14:26:25.817-0500] {processor.py:914} INFO - Processing file /home/udhbhav/miniconda3/lib/python3.11/site-packages/airflow/example_dags/example_python_decorator.py for tasks to queue
[2025-03-27T14:26:25.818-0500] {logging_mixin.py:190} INFO - [2025-03-27T14:26:25.818-0500] {dagbag.py:588} INFO - Filling up the DagBag from /home/udhbhav/miniconda3/lib/python3.11/site-packages/airflow/example_dags/example_python_decorator.py
[2025-03-27T14:26:25.834-0500] {processor.py:925} INFO - DAG(s) 'example_python_decorator' retrieved from /home/udhbhav/miniconda3/lib/python3.11/site-packages/airflow/example_dags/example_python_decorator.py
[2025-03-27T14:26:26.327-0500] {logging_mixin.py:190} INFO - [2025-03-27T14:26:26.326-0500] {override.py:1912} INFO - Created Permission View: can read on DAG:example_python_decorator
[2025-03-27T14:26:26.559-0500] {logging_mixin.py:190} INFO - [2025-03-27T14:26:26.559-0500] {override.py:1912} INFO - Created Permission View: can edit on DAG:example_python_decorator
[2025-03-27T14:26:27.089-0500] {logging_mixin.py:190} INFO - [2025-03-27T14:26:27.089-0500] {override.py:1912} INFO - Created Permission View: can delete on DAG:example_python_decorator
[2025-03-27T14:26:28.246-0500] {logging_mixin.py:190} INFO - [2025-03-27T14:26:28.246-0500] {override.py:1912} INFO - Created Permission View: can read on DAG Run:example_python_decorator
[2025-03-27T14:26:28.470-0500] {logging_mixin.py:190} INFO - [2025-03-27T14:26:28.469-0500] {override.py:1912} INFO - Created Permission View: menu access on DAG Run:example_python_decorator
[2025-03-27T14:26:28.687-0500] {logging_mixin.py:190} INFO - [2025-03-27T14:26:28.687-0500] {override.py:1912} INFO - Created Permission View: can create on DAG Run:example_python_decorator
[2025-03-27T14:26:28.868-0500] {logging_mixin.py:190} INFO - [2025-03-27T14:26:28.867-0500] {override.py:1912} INFO - Created Permission View: can delete on DAG Run:example_python_decorator
[2025-03-27T14:26:28.868-0500] {logging_mixin.py:190} INFO - [2025-03-27T14:26:28.868-0500] {dag.py:3239} INFO - Sync 1 DAGs
[2025-03-27T14:26:28.874-0500] {logging_mixin.py:190} INFO - [2025-03-27T14:26:28.873-0500] {dag.py:3262} INFO - Creating ORM DAG for example_python_decorator
[2025-03-27T14:26:28.874-0500] {logging_mixin.py:190} INFO - [2025-03-27T14:26:28.874-0500] {dag.py:4180} INFO - Setting next_dagrun for example_python_decorator to None, run_after=None
[2025-03-27T14:26:29.075-0500] {processor.py:208} INFO - Processing /home/udhbhav/miniconda3/lib/python3.11/site-packages/airflow/example_dags/example_python_decorator.py took 3.262 seconds
[2025-03-27T14:28:33.058-0500] {processor.py:186} INFO - Started process (PID=1764357) to work on /home/udhbhav/miniconda3/lib/python3.11/site-packages/airflow/example_dags/example_python_decorator.py
[2025-03-27T14:28:33.059-0500] {processor.py:914} INFO - Processing file /home/udhbhav/miniconda3/lib/python3.11/site-packages/airflow/example_dags/example_python_decorator.py for tasks to queue
[2025-03-27T14:28:33.060-0500] {logging_mixin.py:190} INFO - [2025-03-27T14:28:33.059-0500] {dagbag.py:588} INFO - Filling up the DagBag from /home/udhbhav/miniconda3/lib/python3.11/site-packages/airflow/example_dags/example_python_decorator.py
[2025-03-27T14:28:33.075-0500] {processor.py:925} INFO - DAG(s) 'example_python_decorator' retrieved from /home/udhbhav/miniconda3/lib/python3.11/site-packages/airflow/example_dags/example_python_decorator.py
[2025-03-27T14:28:33.084-0500] {logging_mixin.py:190} INFO - [2025-03-27T14:28:33.084-0500] {dag.py:3239} INFO - Sync 1 DAGs
[2025-03-27T14:28:33.089-0500] {logging_mixin.py:190} INFO - [2025-03-27T14:28:33.089-0500] {dag.py:4180} INFO - Setting next_dagrun for example_python_decorator to None, run_after=None
[2025-03-27T14:28:33.289-0500] {processor.py:208} INFO - Processing /home/udhbhav/miniconda3/lib/python3.11/site-packages/airflow/example_dags/example_python_decorator.py took 0.233 seconds
[2025-03-27T14:35:45.711-0500] {processor.py:186} INFO - Started process (PID=1768630) to work on /home/udhbhav/miniconda3/lib/python3.11/site-packages/airflow/example_dags/example_python_decorator.py
[2025-03-27T14:35:45.711-0500] {processor.py:914} INFO - Processing file /home/udhbhav/miniconda3/lib/python3.11/site-packages/airflow/example_dags/example_python_decorator.py for tasks to queue
[2025-03-27T14:35:45.712-0500] {logging_mixin.py:190} INFO - [2025-03-27T14:35:45.712-0500] {dagbag.py:588} INFO - Filling up the DagBag from /home/udhbhav/miniconda3/lib/python3.11/site-packages/airflow/example_dags/example_python_decorator.py
[2025-03-27T14:35:45.720-0500] {processor.py:925} INFO - DAG(s) 'example_python_decorator' retrieved from /home/udhbhav/miniconda3/lib/python3.11/site-packages/airflow/example_dags/example_python_decorator.py
[2025-03-27T14:35:45.781-0500] {logging_mixin.py:190} INFO - [2025-03-27T14:35:45.781-0500] {dag.py:3239} INFO - Sync 1 DAGs
[2025-03-27T14:35:45.786-0500] {logging_mixin.py:190} INFO - [2025-03-27T14:35:45.786-0500] {dag.py:4180} INFO - Setting next_dagrun for example_python_decorator to None, run_after=None
[2025-03-27T14:35:45.888-0500] {processor.py:208} INFO - Processing /home/udhbhav/miniconda3/lib/python3.11/site-packages/airflow/example_dags/example_python_decorator.py took 0.180 seconds
[2025-03-27T14:37:32.219-0500] {processor.py:186} INFO - Started process (PID=1769638) to work on /home/udhbhav/miniconda3/lib/python3.11/site-packages/airflow/example_dags/example_python_decorator.py
[2025-03-27T14:37:32.219-0500] {processor.py:914} INFO - Processing file /home/udhbhav/miniconda3/lib/python3.11/site-packages/airflow/example_dags/example_python_decorator.py for tasks to queue
[2025-03-27T14:37:32.220-0500] {logging_mixin.py:190} INFO - [2025-03-27T14:37:32.220-0500] {dagbag.py:588} INFO - Filling up the DagBag from /home/udhbhav/miniconda3/lib/python3.11/site-packages/airflow/example_dags/example_python_decorator.py
[2025-03-27T14:37:32.228-0500] {processor.py:925} INFO - DAG(s) 'example_python_decorator' retrieved from /home/udhbhav/miniconda3/lib/python3.11/site-packages/airflow/example_dags/example_python_decorator.py
[2025-03-27T14:37:32.236-0500] {logging_mixin.py:190} INFO - [2025-03-27T14:37:32.236-0500] {dag.py:3239} INFO - Sync 1 DAGs
[2025-03-27T14:37:32.295-0500] {logging_mixin.py:190} INFO - [2025-03-27T14:37:32.295-0500] {dag.py:4180} INFO - Setting next_dagrun for example_python_decorator to None, run_after=None
[2025-03-27T14:37:32.401-0500] {processor.py:208} INFO - Processing /home/udhbhav/miniconda3/lib/python3.11/site-packages/airflow/example_dags/example_python_decorator.py took 0.184 seconds
[2025-03-27T14:38:40.001-0500] {processor.py:186} INFO - Started process (PID=1770655) to work on /home/udhbhav/miniconda3/lib/python3.11/site-packages/airflow/example_dags/example_python_decorator.py
[2025-03-27T14:38:40.001-0500] {processor.py:914} INFO - Processing file /home/udhbhav/miniconda3/lib/python3.11/site-packages/airflow/example_dags/example_python_decorator.py for tasks to queue
[2025-03-27T14:38:40.002-0500] {logging_mixin.py:190} INFO - [2025-03-27T14:38:40.002-0500] {dagbag.py:588} INFO - Filling up the DagBag from /home/udhbhav/miniconda3/lib/python3.11/site-packages/airflow/example_dags/example_python_decorator.py
[2025-03-27T14:38:40.009-0500] {processor.py:925} INFO - DAG(s) 'example_python_decorator' retrieved from /home/udhbhav/miniconda3/lib/python3.11/site-packages/airflow/example_dags/example_python_decorator.py
[2025-03-27T14:38:40.017-0500] {logging_mixin.py:190} INFO - [2025-03-27T14:38:40.017-0500] {dag.py:3239} INFO - Sync 1 DAGs
[2025-03-27T14:38:40.023-0500] {logging_mixin.py:190} INFO - [2025-03-27T14:38:40.022-0500] {dag.py:4180} INFO - Setting next_dagrun for example_python_decorator to None, run_after=None
[2025-03-27T14:38:40.131-0500] {processor.py:208} INFO - Processing /home/udhbhav/miniconda3/lib/python3.11/site-packages/airflow/example_dags/example_python_decorator.py took 0.133 seconds
[2025-03-27T14:39:57.448-0500] {processor.py:186} INFO - Started process (PID=1771455) to work on /home/udhbhav/miniconda3/lib/python3.11/site-packages/airflow/example_dags/example_python_decorator.py
[2025-03-27T14:39:57.448-0500] {processor.py:914} INFO - Processing file /home/udhbhav/miniconda3/lib/python3.11/site-packages/airflow/example_dags/example_python_decorator.py for tasks to queue
[2025-03-27T14:39:57.449-0500] {logging_mixin.py:190} INFO - [2025-03-27T14:39:57.449-0500] {dagbag.py:588} INFO - Filling up the DagBag from /home/udhbhav/miniconda3/lib/python3.11/site-packages/airflow/example_dags/example_python_decorator.py
[2025-03-27T14:39:57.456-0500] {processor.py:925} INFO - DAG(s) 'example_python_decorator' retrieved from /home/udhbhav/miniconda3/lib/python3.11/site-packages/airflow/example_dags/example_python_decorator.py
[2025-03-27T14:39:57.465-0500] {logging_mixin.py:190} INFO - [2025-03-27T14:39:57.464-0500] {dag.py:3239} INFO - Sync 1 DAGs
[2025-03-27T14:39:57.470-0500] {logging_mixin.py:190} INFO - [2025-03-27T14:39:57.470-0500] {dag.py:4180} INFO - Setting next_dagrun for example_python_decorator to None, run_after=None
[2025-03-27T14:39:57.712-0500] {processor.py:208} INFO - Processing /home/udhbhav/miniconda3/lib/python3.11/site-packages/airflow/example_dags/example_python_decorator.py took 0.267 seconds
[2025-03-27T14:41:23.144-0500] {processor.py:186} INFO - Started process (PID=1772397) to work on /home/udhbhav/miniconda3/lib/python3.11/site-packages/airflow/example_dags/example_python_decorator.py
[2025-03-27T14:41:23.144-0500] {processor.py:914} INFO - Processing file /home/udhbhav/miniconda3/lib/python3.11/site-packages/airflow/example_dags/example_python_decorator.py for tasks to queue
[2025-03-27T14:41:23.145-0500] {logging_mixin.py:190} INFO - [2025-03-27T14:41:23.145-0500] {dagbag.py:588} INFO - Filling up the DagBag from /home/udhbhav/miniconda3/lib/python3.11/site-packages/airflow/example_dags/example_python_decorator.py
[2025-03-27T14:41:23.153-0500] {processor.py:925} INFO - DAG(s) 'example_python_decorator' retrieved from /home/udhbhav/miniconda3/lib/python3.11/site-packages/airflow/example_dags/example_python_decorator.py
[2025-03-27T14:41:23.161-0500] {logging_mixin.py:190} INFO - [2025-03-27T14:41:23.161-0500] {dag.py:3239} INFO - Sync 1 DAGs
[2025-03-27T14:41:23.166-0500] {logging_mixin.py:190} INFO - [2025-03-27T14:41:23.166-0500] {dag.py:4180} INFO - Setting next_dagrun for example_python_decorator to None, run_after=None
[2025-03-27T14:41:23.274-0500] {processor.py:208} INFO - Processing /home/udhbhav/miniconda3/lib/python3.11/site-packages/airflow/example_dags/example_python_decorator.py took 0.133 seconds
[2025-03-27T14:42:39.661-0500] {processor.py:186} INFO - Started process (PID=1773315) to work on /home/udhbhav/miniconda3/lib/python3.11/site-packages/airflow/example_dags/example_python_decorator.py
[2025-03-27T14:42:39.662-0500] {processor.py:914} INFO - Processing file /home/udhbhav/miniconda3/lib/python3.11/site-packages/airflow/example_dags/example_python_decorator.py for tasks to queue
[2025-03-27T14:42:39.663-0500] {logging_mixin.py:190} INFO - [2025-03-27T14:42:39.662-0500] {dagbag.py:588} INFO - Filling up the DagBag from /home/udhbhav/miniconda3/lib/python3.11/site-packages/airflow/example_dags/example_python_decorator.py
[2025-03-27T14:42:39.672-0500] {processor.py:925} INFO - DAG(s) 'example_python_decorator' retrieved from /home/udhbhav/miniconda3/lib/python3.11/site-packages/airflow/example_dags/example_python_decorator.py
[2025-03-27T14:42:39.681-0500] {logging_mixin.py:190} INFO - [2025-03-27T14:42:39.681-0500] {dag.py:3239} INFO - Sync 1 DAGs
[2025-03-27T14:42:39.687-0500] {logging_mixin.py:190} INFO - [2025-03-27T14:42:39.687-0500] {dag.py:4180} INFO - Setting next_dagrun for example_python_decorator to None, run_after=None
[2025-03-27T14:42:39.794-0500] {processor.py:208} INFO - Processing /home/udhbhav/miniconda3/lib/python3.11/site-packages/airflow/example_dags/example_python_decorator.py took 0.136 seconds
[2025-03-27T14:44:06.809-0500] {processor.py:186} INFO - Started process (PID=1774306) to work on /home/udhbhav/miniconda3/lib/python3.11/site-packages/airflow/example_dags/example_python_decorator.py
[2025-03-27T14:44:06.809-0500] {processor.py:914} INFO - Processing file /home/udhbhav/miniconda3/lib/python3.11/site-packages/airflow/example_dags/example_python_decorator.py for tasks to queue
[2025-03-27T14:44:06.810-0500] {logging_mixin.py:190} INFO - [2025-03-27T14:44:06.810-0500] {dagbag.py:588} INFO - Filling up the DagBag from /home/udhbhav/miniconda3/lib/python3.11/site-packages/airflow/example_dags/example_python_decorator.py
[2025-03-27T14:44:06.818-0500] {processor.py:925} INFO - DAG(s) 'example_python_decorator' retrieved from /home/udhbhav/miniconda3/lib/python3.11/site-packages/airflow/example_dags/example_python_decorator.py
[2025-03-27T14:44:06.826-0500] {logging_mixin.py:190} INFO - [2025-03-27T14:44:06.826-0500] {dag.py:3239} INFO - Sync 1 DAGs
[2025-03-27T14:44:06.831-0500] {logging_mixin.py:190} INFO - [2025-03-27T14:44:06.831-0500] {dag.py:4180} INFO - Setting next_dagrun for example_python_decorator to None, run_after=None
[2025-03-27T14:44:06.938-0500] {processor.py:208} INFO - Processing /home/udhbhav/miniconda3/lib/python3.11/site-packages/airflow/example_dags/example_python_decorator.py took 0.132 seconds
[2025-03-27T14:45:11.876-0500] {processor.py:186} INFO - Started process (PID=1774965) to work on /home/udhbhav/miniconda3/lib/python3.11/site-packages/airflow/example_dags/example_python_decorator.py
[2025-03-27T14:45:11.876-0500] {processor.py:914} INFO - Processing file /home/udhbhav/miniconda3/lib/python3.11/site-packages/airflow/example_dags/example_python_decorator.py for tasks to queue
[2025-03-27T14:45:11.877-0500] {logging_mixin.py:190} INFO - [2025-03-27T14:45:11.877-0500] {dagbag.py:588} INFO - Filling up the DagBag from /home/udhbhav/miniconda3/lib/python3.11/site-packages/airflow/example_dags/example_python_decorator.py
[2025-03-27T14:45:11.885-0500] {processor.py:925} INFO - DAG(s) 'example_python_decorator' retrieved from /home/udhbhav/miniconda3/lib/python3.11/site-packages/airflow/example_dags/example_python_decorator.py
[2025-03-27T14:45:11.893-0500] {logging_mixin.py:190} INFO - [2025-03-27T14:45:11.893-0500] {dag.py:3239} INFO - Sync 1 DAGs
[2025-03-27T14:45:11.898-0500] {logging_mixin.py:190} INFO - [2025-03-27T14:45:11.898-0500] {dag.py:4180} INFO - Setting next_dagrun for example_python_decorator to None, run_after=None
[2025-03-27T14:45:12.006-0500] {processor.py:208} INFO - Processing /home/udhbhav/miniconda3/lib/python3.11/site-packages/airflow/example_dags/example_python_decorator.py took 0.133 seconds
[2025-03-27T14:46:49.460-0500] {processor.py:186} INFO - Started process (PID=1775946) to work on /home/udhbhav/miniconda3/lib/python3.11/site-packages/airflow/example_dags/example_python_decorator.py
[2025-03-27T14:46:49.460-0500] {processor.py:914} INFO - Processing file /home/udhbhav/miniconda3/lib/python3.11/site-packages/airflow/example_dags/example_python_decorator.py for tasks to queue
[2025-03-27T14:46:49.462-0500] {logging_mixin.py:190} INFO - [2025-03-27T14:46:49.461-0500] {dagbag.py:588} INFO - Filling up the DagBag from /home/udhbhav/miniconda3/lib/python3.11/site-packages/airflow/example_dags/example_python_decorator.py
[2025-03-27T14:46:49.469-0500] {processor.py:925} INFO - DAG(s) 'example_python_decorator' retrieved from /home/udhbhav/miniconda3/lib/python3.11/site-packages/airflow/example_dags/example_python_decorator.py
[2025-03-27T14:46:49.477-0500] {logging_mixin.py:190} INFO - [2025-03-27T14:46:49.477-0500] {dag.py:3239} INFO - Sync 1 DAGs
[2025-03-27T14:46:49.482-0500] {logging_mixin.py:190} INFO - [2025-03-27T14:46:49.482-0500] {dag.py:4180} INFO - Setting next_dagrun for example_python_decorator to None, run_after=None
[2025-03-27T14:46:49.629-0500] {processor.py:208} INFO - Processing /home/udhbhav/miniconda3/lib/python3.11/site-packages/airflow/example_dags/example_python_decorator.py took 0.172 seconds
[2025-03-27T14:48:03.796-0500] {processor.py:186} INFO - Started process (PID=1776624) to work on /home/udhbhav/miniconda3/lib/python3.11/site-packages/airflow/example_dags/example_python_decorator.py
[2025-03-27T14:48:03.797-0500] {processor.py:914} INFO - Processing file /home/udhbhav/miniconda3/lib/python3.11/site-packages/airflow/example_dags/example_python_decorator.py for tasks to queue
[2025-03-27T14:48:03.798-0500] {logging_mixin.py:190} INFO - [2025-03-27T14:48:03.797-0500] {dagbag.py:588} INFO - Filling up the DagBag from /home/udhbhav/miniconda3/lib/python3.11/site-packages/airflow/example_dags/example_python_decorator.py
[2025-03-27T14:48:03.805-0500] {processor.py:925} INFO - DAG(s) 'example_python_decorator' retrieved from /home/udhbhav/miniconda3/lib/python3.11/site-packages/airflow/example_dags/example_python_decorator.py
[2025-03-27T14:48:03.813-0500] {logging_mixin.py:190} INFO - [2025-03-27T14:48:03.813-0500] {dag.py:3239} INFO - Sync 1 DAGs
[2025-03-27T14:48:03.818-0500] {logging_mixin.py:190} INFO - [2025-03-27T14:48:03.818-0500] {dag.py:4180} INFO - Setting next_dagrun for example_python_decorator to None, run_after=None
[2025-03-27T14:48:03.970-0500] {processor.py:208} INFO - Processing /home/udhbhav/miniconda3/lib/python3.11/site-packages/airflow/example_dags/example_python_decorator.py took 0.177 seconds
[2025-03-27T14:49:23.702-0500] {processor.py:186} INFO - Started process (PID=1777328) to work on /home/udhbhav/miniconda3/lib/python3.11/site-packages/airflow/example_dags/example_python_decorator.py
[2025-03-27T14:49:23.702-0500] {processor.py:914} INFO - Processing file /home/udhbhav/miniconda3/lib/python3.11/site-packages/airflow/example_dags/example_python_decorator.py for tasks to queue
[2025-03-27T14:49:23.703-0500] {logging_mixin.py:190} INFO - [2025-03-27T14:49:23.703-0500] {dagbag.py:588} INFO - Filling up the DagBag from /home/udhbhav/miniconda3/lib/python3.11/site-packages/airflow/example_dags/example_python_decorator.py
[2025-03-27T14:49:23.711-0500] {processor.py:925} INFO - DAG(s) 'example_python_decorator' retrieved from /home/udhbhav/miniconda3/lib/python3.11/site-packages/airflow/example_dags/example_python_decorator.py
[2025-03-27T14:49:23.719-0500] {logging_mixin.py:190} INFO - [2025-03-27T14:49:23.719-0500] {dag.py:3239} INFO - Sync 1 DAGs
[2025-03-27T14:49:23.724-0500] {logging_mixin.py:190} INFO - [2025-03-27T14:49:23.724-0500] {dag.py:4180} INFO - Setting next_dagrun for example_python_decorator to None, run_after=None
[2025-03-27T14:49:24.691-0500] {processor.py:208} INFO - Processing /home/udhbhav/miniconda3/lib/python3.11/site-packages/airflow/example_dags/example_python_decorator.py took 0.992 seconds
[2025-03-27T14:50:48.893-0500] {processor.py:186} INFO - Started process (PID=1779103) to work on /home/udhbhav/miniconda3/lib/python3.11/site-packages/airflow/example_dags/example_python_decorator.py
[2025-03-27T14:50:48.893-0500] {processor.py:914} INFO - Processing file /home/udhbhav/miniconda3/lib/python3.11/site-packages/airflow/example_dags/example_python_decorator.py for tasks to queue
[2025-03-27T14:50:48.894-0500] {logging_mixin.py:190} INFO - [2025-03-27T14:50:48.894-0500] {dagbag.py:588} INFO - Filling up the DagBag from /home/udhbhav/miniconda3/lib/python3.11/site-packages/airflow/example_dags/example_python_decorator.py
[2025-03-27T14:50:48.903-0500] {processor.py:925} INFO - DAG(s) 'example_python_decorator' retrieved from /home/udhbhav/miniconda3/lib/python3.11/site-packages/airflow/example_dags/example_python_decorator.py
[2025-03-27T14:50:48.912-0500] {logging_mixin.py:190} INFO - [2025-03-27T14:50:48.912-0500] {dag.py:3239} INFO - Sync 1 DAGs
[2025-03-27T14:50:48.918-0500] {logging_mixin.py:190} INFO - [2025-03-27T14:50:48.917-0500] {dag.py:4180} INFO - Setting next_dagrun for example_python_decorator to None, run_after=None
[2025-03-27T14:50:49.023-0500] {processor.py:208} INFO - Processing /home/udhbhav/miniconda3/lib/python3.11/site-packages/airflow/example_dags/example_python_decorator.py took 0.133 seconds
[2025-03-27T14:51:53.798-0500] {processor.py:186} INFO - Started process (PID=1783753) to work on /home/udhbhav/miniconda3/lib/python3.11/site-packages/airflow/example_dags/example_python_decorator.py
[2025-03-27T14:51:53.799-0500] {processor.py:914} INFO - Processing file /home/udhbhav/miniconda3/lib/python3.11/site-packages/airflow/example_dags/example_python_decorator.py for tasks to queue
[2025-03-27T14:51:53.800-0500] {logging_mixin.py:190} INFO - [2025-03-27T14:51:53.799-0500] {dagbag.py:588} INFO - Filling up the DagBag from /home/udhbhav/miniconda3/lib/python3.11/site-packages/airflow/example_dags/example_python_decorator.py
[2025-03-27T14:51:53.807-0500] {processor.py:925} INFO - DAG(s) 'example_python_decorator' retrieved from /home/udhbhav/miniconda3/lib/python3.11/site-packages/airflow/example_dags/example_python_decorator.py
[2025-03-27T14:51:53.815-0500] {logging_mixin.py:190} INFO - [2025-03-27T14:51:53.815-0500] {dag.py:3239} INFO - Sync 1 DAGs
[2025-03-27T14:51:53.821-0500] {logging_mixin.py:190} INFO - [2025-03-27T14:51:53.821-0500] {dag.py:4180} INFO - Setting next_dagrun for example_python_decorator to None, run_after=None
[2025-03-27T14:51:53.929-0500] {processor.py:208} INFO - Processing /home/udhbhav/miniconda3/lib/python3.11/site-packages/airflow/example_dags/example_python_decorator.py took 0.134 seconds
[2025-03-27T14:53:05.647-0500] {processor.py:186} INFO - Started process (PID=1784439) to work on /home/udhbhav/miniconda3/lib/python3.11/site-packages/airflow/example_dags/example_python_decorator.py
[2025-03-27T14:53:05.647-0500] {processor.py:914} INFO - Processing file /home/udhbhav/miniconda3/lib/python3.11/site-packages/airflow/example_dags/example_python_decorator.py for tasks to queue
[2025-03-27T14:53:05.648-0500] {logging_mixin.py:190} INFO - [2025-03-27T14:53:05.648-0500] {dagbag.py:588} INFO - Filling up the DagBag from /home/udhbhav/miniconda3/lib/python3.11/site-packages/airflow/example_dags/example_python_decorator.py
[2025-03-27T14:53:05.655-0500] {processor.py:925} INFO - DAG(s) 'example_python_decorator' retrieved from /home/udhbhav/miniconda3/lib/python3.11/site-packages/airflow/example_dags/example_python_decorator.py
[2025-03-27T14:53:05.664-0500] {logging_mixin.py:190} INFO - [2025-03-27T14:53:05.664-0500] {dag.py:3239} INFO - Sync 1 DAGs
[2025-03-27T14:53:05.669-0500] {logging_mixin.py:190} INFO - [2025-03-27T14:53:05.669-0500] {dag.py:4180} INFO - Setting next_dagrun for example_python_decorator to None, run_after=None
[2025-03-27T14:53:05.778-0500] {processor.py:208} INFO - Processing /home/udhbhav/miniconda3/lib/python3.11/site-packages/airflow/example_dags/example_python_decorator.py took 0.134 seconds
[2025-03-27T14:54:13.316-0500] {processor.py:186} INFO - Started process (PID=1785027) to work on /home/udhbhav/miniconda3/lib/python3.11/site-packages/airflow/example_dags/example_python_decorator.py
[2025-03-27T14:54:13.317-0500] {processor.py:914} INFO - Processing file /home/udhbhav/miniconda3/lib/python3.11/site-packages/airflow/example_dags/example_python_decorator.py for tasks to queue
[2025-03-27T14:54:13.318-0500] {logging_mixin.py:190} INFO - [2025-03-27T14:54:13.317-0500] {dagbag.py:588} INFO - Filling up the DagBag from /home/udhbhav/miniconda3/lib/python3.11/site-packages/airflow/example_dags/example_python_decorator.py
[2025-03-27T14:54:13.325-0500] {processor.py:925} INFO - DAG(s) 'example_python_decorator' retrieved from /home/udhbhav/miniconda3/lib/python3.11/site-packages/airflow/example_dags/example_python_decorator.py
[2025-03-27T14:54:13.333-0500] {logging_mixin.py:190} INFO - [2025-03-27T14:54:13.333-0500] {dag.py:3239} INFO - Sync 1 DAGs
[2025-03-27T14:54:13.338-0500] {logging_mixin.py:190} INFO - [2025-03-27T14:54:13.338-0500] {dag.py:4180} INFO - Setting next_dagrun for example_python_decorator to None, run_after=None
[2025-03-27T14:54:13.501-0500] {processor.py:208} INFO - Processing /home/udhbhav/miniconda3/lib/python3.11/site-packages/airflow/example_dags/example_python_decorator.py took 0.187 seconds
[2025-03-27T14:55:14.972-0500] {processor.py:186} INFO - Started process (PID=1785653) to work on /home/udhbhav/miniconda3/lib/python3.11/site-packages/airflow/example_dags/example_python_decorator.py
[2025-03-27T14:55:14.972-0500] {processor.py:914} INFO - Processing file /home/udhbhav/miniconda3/lib/python3.11/site-packages/airflow/example_dags/example_python_decorator.py for tasks to queue
[2025-03-27T14:55:14.973-0500] {logging_mixin.py:190} INFO - [2025-03-27T14:55:14.973-0500] {dagbag.py:588} INFO - Filling up the DagBag from /home/udhbhav/miniconda3/lib/python3.11/site-packages/airflow/example_dags/example_python_decorator.py
[2025-03-27T14:55:14.981-0500] {processor.py:925} INFO - DAG(s) 'example_python_decorator' retrieved from /home/udhbhav/miniconda3/lib/python3.11/site-packages/airflow/example_dags/example_python_decorator.py
[2025-03-27T14:55:14.989-0500] {logging_mixin.py:190} INFO - [2025-03-27T14:55:14.989-0500] {dag.py:3239} INFO - Sync 1 DAGs
[2025-03-27T14:55:14.994-0500] {logging_mixin.py:190} INFO - [2025-03-27T14:55:14.994-0500] {dag.py:4180} INFO - Setting next_dagrun for example_python_decorator to None, run_after=None
[2025-03-27T14:55:15.101-0500] {processor.py:208} INFO - Processing /home/udhbhav/miniconda3/lib/python3.11/site-packages/airflow/example_dags/example_python_decorator.py took 0.132 seconds
[2025-03-27T14:56:32.530-0500] {processor.py:186} INFO - Started process (PID=1786468) to work on /home/udhbhav/miniconda3/lib/python3.11/site-packages/airflow/example_dags/example_python_decorator.py
[2025-03-27T14:56:32.530-0500] {processor.py:914} INFO - Processing file /home/udhbhav/miniconda3/lib/python3.11/site-packages/airflow/example_dags/example_python_decorator.py for tasks to queue
[2025-03-27T14:56:32.531-0500] {logging_mixin.py:190} INFO - [2025-03-27T14:56:32.531-0500] {dagbag.py:588} INFO - Filling up the DagBag from /home/udhbhav/miniconda3/lib/python3.11/site-packages/airflow/example_dags/example_python_decorator.py
[2025-03-27T14:56:32.538-0500] {processor.py:925} INFO - DAG(s) 'example_python_decorator' retrieved from /home/udhbhav/miniconda3/lib/python3.11/site-packages/airflow/example_dags/example_python_decorator.py
[2025-03-27T14:56:32.547-0500] {logging_mixin.py:190} INFO - [2025-03-27T14:56:32.547-0500] {dag.py:3239} INFO - Sync 1 DAGs
[2025-03-27T14:56:32.552-0500] {logging_mixin.py:190} INFO - [2025-03-27T14:56:32.552-0500] {dag.py:4180} INFO - Setting next_dagrun for example_python_decorator to None, run_after=None
[2025-03-27T14:56:32.663-0500] {processor.py:208} INFO - Processing /home/udhbhav/miniconda3/lib/python3.11/site-packages/airflow/example_dags/example_python_decorator.py took 0.136 seconds
[2025-03-27T14:57:48.781-0500] {processor.py:186} INFO - Started process (PID=1787327) to work on /home/udhbhav/miniconda3/lib/python3.11/site-packages/airflow/example_dags/example_python_decorator.py
[2025-03-27T14:57:48.782-0500] {processor.py:914} INFO - Processing file /home/udhbhav/miniconda3/lib/python3.11/site-packages/airflow/example_dags/example_python_decorator.py for tasks to queue
[2025-03-27T14:57:48.783-0500] {logging_mixin.py:190} INFO - [2025-03-27T14:57:48.782-0500] {dagbag.py:588} INFO - Filling up the DagBag from /home/udhbhav/miniconda3/lib/python3.11/site-packages/airflow/example_dags/example_python_decorator.py
[2025-03-27T14:57:48.790-0500] {processor.py:925} INFO - DAG(s) 'example_python_decorator' retrieved from /home/udhbhav/miniconda3/lib/python3.11/site-packages/airflow/example_dags/example_python_decorator.py
[2025-03-27T14:57:48.798-0500] {logging_mixin.py:190} INFO - [2025-03-27T14:57:48.798-0500] {dag.py:3239} INFO - Sync 1 DAGs
[2025-03-27T14:57:48.803-0500] {logging_mixin.py:190} INFO - [2025-03-27T14:57:48.803-0500] {dag.py:4180} INFO - Setting next_dagrun for example_python_decorator to None, run_after=None
[2025-03-27T14:57:48.973-0500] {processor.py:208} INFO - Processing /home/udhbhav/miniconda3/lib/python3.11/site-packages/airflow/example_dags/example_python_decorator.py took 0.194 seconds
[2025-03-27T14:59:10.677-0500] {processor.py:186} INFO - Started process (PID=1788145) to work on /home/udhbhav/miniconda3/lib/python3.11/site-packages/airflow/example_dags/example_python_decorator.py
[2025-03-27T14:59:10.677-0500] {processor.py:914} INFO - Processing file /home/udhbhav/miniconda3/lib/python3.11/site-packages/airflow/example_dags/example_python_decorator.py for tasks to queue
[2025-03-27T14:59:10.678-0500] {logging_mixin.py:190} INFO - [2025-03-27T14:59:10.678-0500] {dagbag.py:588} INFO - Filling up the DagBag from /home/udhbhav/miniconda3/lib/python3.11/site-packages/airflow/example_dags/example_python_decorator.py
[2025-03-27T14:59:10.686-0500] {processor.py:925} INFO - DAG(s) 'example_python_decorator' retrieved from /home/udhbhav/miniconda3/lib/python3.11/site-packages/airflow/example_dags/example_python_decorator.py
[2025-03-27T14:59:10.694-0500] {logging_mixin.py:190} INFO - [2025-03-27T14:59:10.694-0500] {dag.py:3239} INFO - Sync 1 DAGs
[2025-03-27T14:59:10.699-0500] {logging_mixin.py:190} INFO - [2025-03-27T14:59:10.699-0500] {dag.py:4180} INFO - Setting next_dagrun for example_python_decorator to None, run_after=None
[2025-03-27T14:59:10.957-0500] {processor.py:208} INFO - Processing /home/udhbhav/miniconda3/lib/python3.11/site-packages/airflow/example_dags/example_python_decorator.py took 0.284 seconds
[2025-03-27T15:00:39.009-0500] {processor.py:186} INFO - Started process (PID=1789171) to work on /home/udhbhav/miniconda3/lib/python3.11/site-packages/airflow/example_dags/example_python_decorator.py
[2025-03-27T15:00:39.009-0500] {processor.py:914} INFO - Processing file /home/udhbhav/miniconda3/lib/python3.11/site-packages/airflow/example_dags/example_python_decorator.py for tasks to queue
[2025-03-27T15:00:39.010-0500] {logging_mixin.py:190} INFO - [2025-03-27T15:00:39.010-0500] {dagbag.py:588} INFO - Filling up the DagBag from /home/udhbhav/miniconda3/lib/python3.11/site-packages/airflow/example_dags/example_python_decorator.py
[2025-03-27T15:00:39.021-0500] {processor.py:925} INFO - DAG(s) 'example_python_decorator' retrieved from /home/udhbhav/miniconda3/lib/python3.11/site-packages/airflow/example_dags/example_python_decorator.py
[2025-03-27T15:00:39.029-0500] {logging_mixin.py:190} INFO - [2025-03-27T15:00:39.029-0500] {dag.py:3239} INFO - Sync 1 DAGs
[2025-03-27T15:00:39.035-0500] {logging_mixin.py:190} INFO - [2025-03-27T15:00:39.035-0500] {dag.py:4180} INFO - Setting next_dagrun for example_python_decorator to None, run_after=None
[2025-03-27T15:00:39.141-0500] {processor.py:208} INFO - Processing /home/udhbhav/miniconda3/lib/python3.11/site-packages/airflow/example_dags/example_python_decorator.py took 0.135 seconds
[2025-03-27T15:01:41.485-0500] {processor.py:186} INFO - Started process (PID=1789894) to work on /home/udhbhav/miniconda3/lib/python3.11/site-packages/airflow/example_dags/example_python_decorator.py
[2025-03-27T15:01:41.485-0500] {processor.py:914} INFO - Processing file /home/udhbhav/miniconda3/lib/python3.11/site-packages/airflow/example_dags/example_python_decorator.py for tasks to queue
[2025-03-27T15:01:41.486-0500] {logging_mixin.py:190} INFO - [2025-03-27T15:01:41.486-0500] {dagbag.py:588} INFO - Filling up the DagBag from /home/udhbhav/miniconda3/lib/python3.11/site-packages/airflow/example_dags/example_python_decorator.py
[2025-03-27T15:01:41.495-0500] {processor.py:925} INFO - DAG(s) 'example_python_decorator' retrieved from /home/udhbhav/miniconda3/lib/python3.11/site-packages/airflow/example_dags/example_python_decorator.py
[2025-03-27T15:01:41.503-0500] {logging_mixin.py:190} INFO - [2025-03-27T15:01:41.503-0500] {dag.py:3239} INFO - Sync 1 DAGs
[2025-03-27T15:01:41.508-0500] {logging_mixin.py:190} INFO - [2025-03-27T15:01:41.508-0500] {dag.py:4180} INFO - Setting next_dagrun for example_python_decorator to None, run_after=None
[2025-03-27T15:01:41.617-0500] {processor.py:208} INFO - Processing /home/udhbhav/miniconda3/lib/python3.11/site-packages/airflow/example_dags/example_python_decorator.py took 0.135 seconds
[2025-03-27T15:02:49.115-0500] {processor.py:186} INFO - Started process (PID=1790664) to work on /home/udhbhav/miniconda3/lib/python3.11/site-packages/airflow/example_dags/example_python_decorator.py
[2025-03-27T15:02:49.115-0500] {processor.py:914} INFO - Processing file /home/udhbhav/miniconda3/lib/python3.11/site-packages/airflow/example_dags/example_python_decorator.py for tasks to queue
[2025-03-27T15:02:49.116-0500] {logging_mixin.py:190} INFO - [2025-03-27T15:02:49.116-0500] {dagbag.py:588} INFO - Filling up the DagBag from /home/udhbhav/miniconda3/lib/python3.11/site-packages/airflow/example_dags/example_python_decorator.py
[2025-03-27T15:02:49.124-0500] {processor.py:925} INFO - DAG(s) 'example_python_decorator' retrieved from /home/udhbhav/miniconda3/lib/python3.11/site-packages/airflow/example_dags/example_python_decorator.py
[2025-03-27T15:02:49.132-0500] {logging_mixin.py:190} INFO - [2025-03-27T15:02:49.132-0500] {dag.py:3239} INFO - Sync 1 DAGs
[2025-03-27T15:02:49.137-0500] {logging_mixin.py:190} INFO - [2025-03-27T15:02:49.137-0500] {dag.py:4180} INFO - Setting next_dagrun for example_python_decorator to None, run_after=None
[2025-03-27T15:02:49.335-0500] {processor.py:208} INFO - Processing /home/udhbhav/miniconda3/lib/python3.11/site-packages/airflow/example_dags/example_python_decorator.py took 0.223 seconds
[2025-03-27T15:04:07.135-0500] {processor.py:186} INFO - Started process (PID=1791318) to work on /home/udhbhav/miniconda3/lib/python3.11/site-packages/airflow/example_dags/example_python_decorator.py
[2025-03-27T15:04:07.136-0500] {processor.py:914} INFO - Processing file /home/udhbhav/miniconda3/lib/python3.11/site-packages/airflow/example_dags/example_python_decorator.py for tasks to queue
[2025-03-27T15:04:07.137-0500] {logging_mixin.py:190} INFO - [2025-03-27T15:04:07.136-0500] {dagbag.py:588} INFO - Filling up the DagBag from /home/udhbhav/miniconda3/lib/python3.11/site-packages/airflow/example_dags/example_python_decorator.py
[2025-03-27T15:04:07.146-0500] {processor.py:925} INFO - DAG(s) 'example_python_decorator' retrieved from /home/udhbhav/miniconda3/lib/python3.11/site-packages/airflow/example_dags/example_python_decorator.py
[2025-03-27T15:04:07.154-0500] {logging_mixin.py:190} INFO - [2025-03-27T15:04:07.154-0500] {dag.py:3239} INFO - Sync 1 DAGs
[2025-03-27T15:04:07.159-0500] {logging_mixin.py:190} INFO - [2025-03-27T15:04:07.159-0500] {dag.py:4180} INFO - Setting next_dagrun for example_python_decorator to None, run_after=None
[2025-03-27T15:04:07.394-0500] {processor.py:208} INFO - Processing /home/udhbhav/miniconda3/lib/python3.11/site-packages/airflow/example_dags/example_python_decorator.py took 0.262 seconds
[2025-03-27T15:05:23.927-0500] {processor.py:186} INFO - Started process (PID=1792090) to work on /home/udhbhav/miniconda3/lib/python3.11/site-packages/airflow/example_dags/example_python_decorator.py
[2025-03-27T15:05:23.928-0500] {processor.py:914} INFO - Processing file /home/udhbhav/miniconda3/lib/python3.11/site-packages/airflow/example_dags/example_python_decorator.py for tasks to queue
[2025-03-27T15:05:23.928-0500] {logging_mixin.py:190} INFO - [2025-03-27T15:05:23.928-0500] {dagbag.py:588} INFO - Filling up the DagBag from /home/udhbhav/miniconda3/lib/python3.11/site-packages/airflow/example_dags/example_python_decorator.py
[2025-03-27T15:05:23.936-0500] {processor.py:925} INFO - DAG(s) 'example_python_decorator' retrieved from /home/udhbhav/miniconda3/lib/python3.11/site-packages/airflow/example_dags/example_python_decorator.py
[2025-03-27T15:05:23.944-0500] {logging_mixin.py:190} INFO - [2025-03-27T15:05:23.944-0500] {dag.py:3239} INFO - Sync 1 DAGs
[2025-03-27T15:05:23.950-0500] {logging_mixin.py:190} INFO - [2025-03-27T15:05:23.950-0500] {dag.py:4180} INFO - Setting next_dagrun for example_python_decorator to None, run_after=None
[2025-03-27T15:05:24.100-0500] {processor.py:208} INFO - Processing /home/udhbhav/miniconda3/lib/python3.11/site-packages/airflow/example_dags/example_python_decorator.py took 0.175 seconds
[2025-03-27T15:06:56.513-0500] {processor.py:186} INFO - Started process (PID=1793029) to work on /home/udhbhav/miniconda3/lib/python3.11/site-packages/airflow/example_dags/example_python_decorator.py
[2025-03-27T15:06:56.513-0500] {processor.py:914} INFO - Processing file /home/udhbhav/miniconda3/lib/python3.11/site-packages/airflow/example_dags/example_python_decorator.py for tasks to queue
[2025-03-27T15:06:56.514-0500] {logging_mixin.py:190} INFO - [2025-03-27T15:06:56.514-0500] {dagbag.py:588} INFO - Filling up the DagBag from /home/udhbhav/miniconda3/lib/python3.11/site-packages/airflow/example_dags/example_python_decorator.py
[2025-03-27T15:06:56.521-0500] {processor.py:925} INFO - DAG(s) 'example_python_decorator' retrieved from /home/udhbhav/miniconda3/lib/python3.11/site-packages/airflow/example_dags/example_python_decorator.py
[2025-03-27T15:06:56.530-0500] {logging_mixin.py:190} INFO - [2025-03-27T15:06:56.529-0500] {dag.py:3239} INFO - Sync 1 DAGs
[2025-03-27T15:06:56.535-0500] {logging_mixin.py:190} INFO - [2025-03-27T15:06:56.535-0500] {dag.py:4180} INFO - Setting next_dagrun for example_python_decorator to None, run_after=None
[2025-03-27T15:06:56.705-0500] {processor.py:208} INFO - Processing /home/udhbhav/miniconda3/lib/python3.11/site-packages/airflow/example_dags/example_python_decorator.py took 0.195 seconds
[2025-03-27T15:08:04.912-0500] {processor.py:186} INFO - Started process (PID=1793727) to work on /home/udhbhav/miniconda3/lib/python3.11/site-packages/airflow/example_dags/example_python_decorator.py
[2025-03-27T15:08:04.913-0500] {processor.py:914} INFO - Processing file /home/udhbhav/miniconda3/lib/python3.11/site-packages/airflow/example_dags/example_python_decorator.py for tasks to queue
[2025-03-27T15:08:04.914-0500] {logging_mixin.py:190} INFO - [2025-03-27T15:08:04.913-0500] {dagbag.py:588} INFO - Filling up the DagBag from /home/udhbhav/miniconda3/lib/python3.11/site-packages/airflow/example_dags/example_python_decorator.py
[2025-03-27T15:08:04.921-0500] {processor.py:925} INFO - DAG(s) 'example_python_decorator' retrieved from /home/udhbhav/miniconda3/lib/python3.11/site-packages/airflow/example_dags/example_python_decorator.py
[2025-03-27T15:08:04.929-0500] {logging_mixin.py:190} INFO - [2025-03-27T15:08:04.929-0500] {dag.py:3239} INFO - Sync 1 DAGs
[2025-03-27T15:08:04.934-0500] {logging_mixin.py:190} INFO - [2025-03-27T15:08:04.934-0500] {dag.py:4180} INFO - Setting next_dagrun for example_python_decorator to None, run_after=None
[2025-03-27T15:08:05.043-0500] {processor.py:208} INFO - Processing /home/udhbhav/miniconda3/lib/python3.11/site-packages/airflow/example_dags/example_python_decorator.py took 0.133 seconds
[2025-03-27T15:09:06.439-0500] {processor.py:186} INFO - Started process (PID=1794331) to work on /home/udhbhav/miniconda3/lib/python3.11/site-packages/airflow/example_dags/example_python_decorator.py
[2025-03-27T15:09:06.439-0500] {processor.py:914} INFO - Processing file /home/udhbhav/miniconda3/lib/python3.11/site-packages/airflow/example_dags/example_python_decorator.py for tasks to queue
[2025-03-27T15:09:06.441-0500] {logging_mixin.py:190} INFO - [2025-03-27T15:09:06.441-0500] {dagbag.py:588} INFO - Filling up the DagBag from /home/udhbhav/miniconda3/lib/python3.11/site-packages/airflow/example_dags/example_python_decorator.py
[2025-03-27T15:09:06.448-0500] {processor.py:925} INFO - DAG(s) 'example_python_decorator' retrieved from /home/udhbhav/miniconda3/lib/python3.11/site-packages/airflow/example_dags/example_python_decorator.py
[2025-03-27T15:09:06.457-0500] {logging_mixin.py:190} INFO - [2025-03-27T15:09:06.457-0500] {dag.py:3239} INFO - Sync 1 DAGs
[2025-03-27T15:09:06.462-0500] {logging_mixin.py:190} INFO - [2025-03-27T15:09:06.462-0500] {dag.py:4180} INFO - Setting next_dagrun for example_python_decorator to None, run_after=None
[2025-03-27T15:09:06.566-0500] {processor.py:208} INFO - Processing /home/udhbhav/miniconda3/lib/python3.11/site-packages/airflow/example_dags/example_python_decorator.py took 0.130 seconds
[2025-03-27T15:10:23.977-0500] {processor.py:186} INFO - Started process (PID=1795035) to work on /home/udhbhav/miniconda3/lib/python3.11/site-packages/airflow/example_dags/example_python_decorator.py
[2025-03-27T15:10:23.977-0500] {processor.py:914} INFO - Processing file /home/udhbhav/miniconda3/lib/python3.11/site-packages/airflow/example_dags/example_python_decorator.py for tasks to queue
[2025-03-27T15:10:23.978-0500] {logging_mixin.py:190} INFO - [2025-03-27T15:10:23.978-0500] {dagbag.py:588} INFO - Filling up the DagBag from /home/udhbhav/miniconda3/lib/python3.11/site-packages/airflow/example_dags/example_python_decorator.py
[2025-03-27T15:10:23.986-0500] {processor.py:925} INFO - DAG(s) 'example_python_decorator' retrieved from /home/udhbhav/miniconda3/lib/python3.11/site-packages/airflow/example_dags/example_python_decorator.py
[2025-03-27T15:10:23.994-0500] {logging_mixin.py:190} INFO - [2025-03-27T15:10:23.994-0500] {dag.py:3239} INFO - Sync 1 DAGs
[2025-03-27T15:10:23.999-0500] {logging_mixin.py:190} INFO - [2025-03-27T15:10:23.999-0500] {dag.py:4180} INFO - Setting next_dagrun for example_python_decorator to None, run_after=None
[2025-03-27T15:10:24.106-0500] {processor.py:208} INFO - Processing /home/udhbhav/miniconda3/lib/python3.11/site-packages/airflow/example_dags/example_python_decorator.py took 0.132 seconds
[2025-03-27T15:11:29.509-0500] {processor.py:186} INFO - Started process (PID=1796238) to work on /home/udhbhav/miniconda3/lib/python3.11/site-packages/airflow/example_dags/example_python_decorator.py
[2025-03-27T15:11:29.509-0500] {processor.py:914} INFO - Processing file /home/udhbhav/miniconda3/lib/python3.11/site-packages/airflow/example_dags/example_python_decorator.py for tasks to queue
[2025-03-27T15:11:29.510-0500] {logging_mixin.py:190} INFO - [2025-03-27T15:11:29.510-0500] {dagbag.py:588} INFO - Filling up the DagBag from /home/udhbhav/miniconda3/lib/python3.11/site-packages/airflow/example_dags/example_python_decorator.py
[2025-03-27T15:11:29.518-0500] {processor.py:925} INFO - DAG(s) 'example_python_decorator' retrieved from /home/udhbhav/miniconda3/lib/python3.11/site-packages/airflow/example_dags/example_python_decorator.py
[2025-03-27T15:11:29.527-0500] {logging_mixin.py:190} INFO - [2025-03-27T15:11:29.527-0500] {dag.py:3239} INFO - Sync 1 DAGs
[2025-03-27T15:11:29.533-0500] {logging_mixin.py:190} INFO - [2025-03-27T15:11:29.533-0500] {dag.py:4180} INFO - Setting next_dagrun for example_python_decorator to None, run_after=None
[2025-03-27T15:11:29.640-0500] {processor.py:208} INFO - Processing /home/udhbhav/miniconda3/lib/python3.11/site-packages/airflow/example_dags/example_python_decorator.py took 0.136 seconds
[2025-03-27T15:12:40.286-0500] {processor.py:186} INFO - Started process (PID=1798035) to work on /home/udhbhav/miniconda3/lib/python3.11/site-packages/airflow/example_dags/example_python_decorator.py
[2025-03-27T15:12:40.287-0500] {processor.py:914} INFO - Processing file /home/udhbhav/miniconda3/lib/python3.11/site-packages/airflow/example_dags/example_python_decorator.py for tasks to queue
[2025-03-27T15:12:40.288-0500] {logging_mixin.py:190} INFO - [2025-03-27T15:12:40.287-0500] {dagbag.py:588} INFO - Filling up the DagBag from /home/udhbhav/miniconda3/lib/python3.11/site-packages/airflow/example_dags/example_python_decorator.py
[2025-03-27T15:12:40.295-0500] {processor.py:925} INFO - DAG(s) 'example_python_decorator' retrieved from /home/udhbhav/miniconda3/lib/python3.11/site-packages/airflow/example_dags/example_python_decorator.py
[2025-03-27T15:12:40.303-0500] {logging_mixin.py:190} INFO - [2025-03-27T15:12:40.303-0500] {dag.py:3239} INFO - Sync 1 DAGs
[2025-03-27T15:12:40.309-0500] {logging_mixin.py:190} INFO - [2025-03-27T15:12:40.309-0500] {dag.py:4180} INFO - Setting next_dagrun for example_python_decorator to None, run_after=None
[2025-03-27T15:12:40.479-0500] {processor.py:208} INFO - Processing /home/udhbhav/miniconda3/lib/python3.11/site-packages/airflow/example_dags/example_python_decorator.py took 0.195 seconds
[2025-03-27T15:13:58.876-0500] {processor.py:186} INFO - Started process (PID=1798839) to work on /home/udhbhav/miniconda3/lib/python3.11/site-packages/airflow/example_dags/example_python_decorator.py
[2025-03-27T15:13:58.876-0500] {processor.py:914} INFO - Processing file /home/udhbhav/miniconda3/lib/python3.11/site-packages/airflow/example_dags/example_python_decorator.py for tasks to queue
[2025-03-27T15:13:58.878-0500] {logging_mixin.py:190} INFO - [2025-03-27T15:13:58.877-0500] {dagbag.py:588} INFO - Filling up the DagBag from /home/udhbhav/miniconda3/lib/python3.11/site-packages/airflow/example_dags/example_python_decorator.py
[2025-03-27T15:13:58.885-0500] {processor.py:925} INFO - DAG(s) 'example_python_decorator' retrieved from /home/udhbhav/miniconda3/lib/python3.11/site-packages/airflow/example_dags/example_python_decorator.py
[2025-03-27T15:13:58.893-0500] {logging_mixin.py:190} INFO - [2025-03-27T15:13:58.893-0500] {dag.py:3239} INFO - Sync 1 DAGs
[2025-03-27T15:13:58.899-0500] {logging_mixin.py:190} INFO - [2025-03-27T15:13:58.898-0500] {dag.py:4180} INFO - Setting next_dagrun for example_python_decorator to None, run_after=None
[2025-03-27T15:13:59.044-0500] {processor.py:208} INFO - Processing /home/udhbhav/miniconda3/lib/python3.11/site-packages/airflow/example_dags/example_python_decorator.py took 0.171 seconds
[2025-03-27T15:15:17.211-0500] {processor.py:186} INFO - Started process (PID=1799567) to work on /home/udhbhav/miniconda3/lib/python3.11/site-packages/airflow/example_dags/example_python_decorator.py
[2025-03-27T15:15:17.211-0500] {processor.py:914} INFO - Processing file /home/udhbhav/miniconda3/lib/python3.11/site-packages/airflow/example_dags/example_python_decorator.py for tasks to queue
[2025-03-27T15:15:17.212-0500] {logging_mixin.py:190} INFO - [2025-03-27T15:15:17.212-0500] {dagbag.py:588} INFO - Filling up the DagBag from /home/udhbhav/miniconda3/lib/python3.11/site-packages/airflow/example_dags/example_python_decorator.py
[2025-03-27T15:15:17.220-0500] {processor.py:925} INFO - DAG(s) 'example_python_decorator' retrieved from /home/udhbhav/miniconda3/lib/python3.11/site-packages/airflow/example_dags/example_python_decorator.py
[2025-03-27T15:15:17.228-0500] {logging_mixin.py:190} INFO - [2025-03-27T15:15:17.228-0500] {dag.py:3239} INFO - Sync 1 DAGs
[2025-03-27T15:15:17.233-0500] {logging_mixin.py:190} INFO - [2025-03-27T15:15:17.233-0500] {dag.py:4180} INFO - Setting next_dagrun for example_python_decorator to None, run_after=None
[2025-03-27T15:15:17.386-0500] {processor.py:208} INFO - Processing /home/udhbhav/miniconda3/lib/python3.11/site-packages/airflow/example_dags/example_python_decorator.py took 0.178 seconds
[2025-03-27T15:16:40.685-0500] {processor.py:186} INFO - Started process (PID=1800404) to work on /home/udhbhav/miniconda3/lib/python3.11/site-packages/airflow/example_dags/example_python_decorator.py
[2025-03-27T15:16:40.686-0500] {processor.py:914} INFO - Processing file /home/udhbhav/miniconda3/lib/python3.11/site-packages/airflow/example_dags/example_python_decorator.py for tasks to queue
[2025-03-27T15:16:40.687-0500] {logging_mixin.py:190} INFO - [2025-03-27T15:16:40.687-0500] {dagbag.py:588} INFO - Filling up the DagBag from /home/udhbhav/miniconda3/lib/python3.11/site-packages/airflow/example_dags/example_python_decorator.py
[2025-03-27T15:16:40.694-0500] {processor.py:925} INFO - DAG(s) 'example_python_decorator' retrieved from /home/udhbhav/miniconda3/lib/python3.11/site-packages/airflow/example_dags/example_python_decorator.py
[2025-03-27T15:16:40.703-0500] {logging_mixin.py:190} INFO - [2025-03-27T15:16:40.703-0500] {dag.py:3239} INFO - Sync 1 DAGs
[2025-03-27T15:16:40.708-0500] {logging_mixin.py:190} INFO - [2025-03-27T15:16:40.708-0500] {dag.py:4180} INFO - Setting next_dagrun for example_python_decorator to None, run_after=None
[2025-03-27T15:16:40.814-0500] {processor.py:208} INFO - Processing /home/udhbhav/miniconda3/lib/python3.11/site-packages/airflow/example_dags/example_python_decorator.py took 0.132 seconds
[2025-03-27T15:17:48.797-0500] {processor.py:186} INFO - Started process (PID=1801118) to work on /home/udhbhav/miniconda3/lib/python3.11/site-packages/airflow/example_dags/example_python_decorator.py
[2025-03-27T15:17:48.798-0500] {processor.py:914} INFO - Processing file /home/udhbhav/miniconda3/lib/python3.11/site-packages/airflow/example_dags/example_python_decorator.py for tasks to queue
[2025-03-27T15:17:48.799-0500] {logging_mixin.py:190} INFO - [2025-03-27T15:17:48.799-0500] {dagbag.py:588} INFO - Filling up the DagBag from /home/udhbhav/miniconda3/lib/python3.11/site-packages/airflow/example_dags/example_python_decorator.py
[2025-03-27T15:17:48.806-0500] {processor.py:925} INFO - DAG(s) 'example_python_decorator' retrieved from /home/udhbhav/miniconda3/lib/python3.11/site-packages/airflow/example_dags/example_python_decorator.py
[2025-03-27T15:17:48.815-0500] {logging_mixin.py:190} INFO - [2025-03-27T15:17:48.814-0500] {dag.py:3239} INFO - Sync 1 DAGs
[2025-03-27T15:17:48.820-0500] {logging_mixin.py:190} INFO - [2025-03-27T15:17:48.820-0500] {dag.py:4180} INFO - Setting next_dagrun for example_python_decorator to None, run_after=None
[2025-03-27T15:17:48.929-0500] {processor.py:208} INFO - Processing /home/udhbhav/miniconda3/lib/python3.11/site-packages/airflow/example_dags/example_python_decorator.py took 0.134 seconds
[2025-03-27T15:18:54.972-0500] {processor.py:186} INFO - Started process (PID=1801760) to work on /home/udhbhav/miniconda3/lib/python3.11/site-packages/airflow/example_dags/example_python_decorator.py
[2025-03-27T15:18:54.972-0500] {processor.py:914} INFO - Processing file /home/udhbhav/miniconda3/lib/python3.11/site-packages/airflow/example_dags/example_python_decorator.py for tasks to queue
[2025-03-27T15:18:54.973-0500] {logging_mixin.py:190} INFO - [2025-03-27T15:18:54.973-0500] {dagbag.py:588} INFO - Filling up the DagBag from /home/udhbhav/miniconda3/lib/python3.11/site-packages/airflow/example_dags/example_python_decorator.py
[2025-03-27T15:18:54.981-0500] {processor.py:925} INFO - DAG(s) 'example_python_decorator' retrieved from /home/udhbhav/miniconda3/lib/python3.11/site-packages/airflow/example_dags/example_python_decorator.py
[2025-03-27T15:18:54.989-0500] {logging_mixin.py:190} INFO - [2025-03-27T15:18:54.989-0500] {dag.py:3239} INFO - Sync 1 DAGs
[2025-03-27T15:18:54.994-0500] {logging_mixin.py:190} INFO - [2025-03-27T15:18:54.994-0500] {dag.py:4180} INFO - Setting next_dagrun for example_python_decorator to None, run_after=None
[2025-03-27T15:18:55.101-0500] {processor.py:208} INFO - Processing /home/udhbhav/miniconda3/lib/python3.11/site-packages/airflow/example_dags/example_python_decorator.py took 0.132 seconds
[2025-03-27T15:20:06.692-0500] {processor.py:186} INFO - Started process (PID=1802441) to work on /home/udhbhav/miniconda3/lib/python3.11/site-packages/airflow/example_dags/example_python_decorator.py
[2025-03-27T15:20:06.692-0500] {processor.py:914} INFO - Processing file /home/udhbhav/miniconda3/lib/python3.11/site-packages/airflow/example_dags/example_python_decorator.py for tasks to queue
[2025-03-27T15:20:06.693-0500] {logging_mixin.py:190} INFO - [2025-03-27T15:20:06.693-0500] {dagbag.py:588} INFO - Filling up the DagBag from /home/udhbhav/miniconda3/lib/python3.11/site-packages/airflow/example_dags/example_python_decorator.py
[2025-03-27T15:20:06.701-0500] {processor.py:925} INFO - DAG(s) 'example_python_decorator' retrieved from /home/udhbhav/miniconda3/lib/python3.11/site-packages/airflow/example_dags/example_python_decorator.py
[2025-03-27T15:20:06.709-0500] {logging_mixin.py:190} INFO - [2025-03-27T15:20:06.709-0500] {dag.py:3239} INFO - Sync 1 DAGs
[2025-03-27T15:20:06.714-0500] {logging_mixin.py:190} INFO - [2025-03-27T15:20:06.714-0500] {dag.py:4180} INFO - Setting next_dagrun for example_python_decorator to None, run_after=None
[2025-03-27T15:20:06.823-0500] {processor.py:208} INFO - Processing /home/udhbhav/miniconda3/lib/python3.11/site-packages/airflow/example_dags/example_python_decorator.py took 0.134 seconds
[2025-03-27T15:21:12.624-0500] {processor.py:186} INFO - Started process (PID=1807410) to work on /home/udhbhav/miniconda3/lib/python3.11/site-packages/airflow/example_dags/example_python_decorator.py
[2025-03-27T15:21:12.624-0500] {processor.py:914} INFO - Processing file /home/udhbhav/miniconda3/lib/python3.11/site-packages/airflow/example_dags/example_python_decorator.py for tasks to queue
[2025-03-27T15:21:12.625-0500] {logging_mixin.py:190} INFO - [2025-03-27T15:21:12.625-0500] {dagbag.py:588} INFO - Filling up the DagBag from /home/udhbhav/miniconda3/lib/python3.11/site-packages/airflow/example_dags/example_python_decorator.py
[2025-03-27T15:21:12.633-0500] {processor.py:925} INFO - DAG(s) 'example_python_decorator' retrieved from /home/udhbhav/miniconda3/lib/python3.11/site-packages/airflow/example_dags/example_python_decorator.py
[2025-03-27T15:21:12.642-0500] {logging_mixin.py:190} INFO - [2025-03-27T15:21:12.642-0500] {dag.py:3239} INFO - Sync 1 DAGs
[2025-03-27T15:21:12.647-0500] {logging_mixin.py:190} INFO - [2025-03-27T15:21:12.647-0500] {dag.py:4180} INFO - Setting next_dagrun for example_python_decorator to None, run_after=None
[2025-03-27T15:21:12.756-0500] {processor.py:208} INFO - Processing /home/udhbhav/miniconda3/lib/python3.11/site-packages/airflow/example_dags/example_python_decorator.py took 0.136 seconds
[2025-03-27T15:22:26.797-0500] {processor.py:186} INFO - Started process (PID=1808652) to work on /home/udhbhav/miniconda3/lib/python3.11/site-packages/airflow/example_dags/example_python_decorator.py
[2025-03-27T15:22:26.797-0500] {processor.py:914} INFO - Processing file /home/udhbhav/miniconda3/lib/python3.11/site-packages/airflow/example_dags/example_python_decorator.py for tasks to queue
[2025-03-27T15:22:26.798-0500] {logging_mixin.py:190} INFO - [2025-03-27T15:22:26.798-0500] {dagbag.py:588} INFO - Filling up the DagBag from /home/udhbhav/miniconda3/lib/python3.11/site-packages/airflow/example_dags/example_python_decorator.py
[2025-03-27T15:22:26.806-0500] {processor.py:925} INFO - DAG(s) 'example_python_decorator' retrieved from /home/udhbhav/miniconda3/lib/python3.11/site-packages/airflow/example_dags/example_python_decorator.py
[2025-03-27T15:22:26.814-0500] {logging_mixin.py:190} INFO - [2025-03-27T15:22:26.814-0500] {dag.py:3239} INFO - Sync 1 DAGs
[2025-03-27T15:22:26.819-0500] {logging_mixin.py:190} INFO - [2025-03-27T15:22:26.819-0500] {dag.py:4180} INFO - Setting next_dagrun for example_python_decorator to None, run_after=None
[2025-03-27T15:22:27.040-0500] {processor.py:208} INFO - Processing /home/udhbhav/miniconda3/lib/python3.11/site-packages/airflow/example_dags/example_python_decorator.py took 0.246 seconds
[2025-03-27T15:23:42.380-0500] {processor.py:186} INFO - Started process (PID=1809472) to work on /home/udhbhav/miniconda3/lib/python3.11/site-packages/airflow/example_dags/example_python_decorator.py
[2025-03-27T15:23:42.380-0500] {processor.py:914} INFO - Processing file /home/udhbhav/miniconda3/lib/python3.11/site-packages/airflow/example_dags/example_python_decorator.py for tasks to queue
[2025-03-27T15:23:42.381-0500] {logging_mixin.py:190} INFO - [2025-03-27T15:23:42.381-0500] {dagbag.py:588} INFO - Filling up the DagBag from /home/udhbhav/miniconda3/lib/python3.11/site-packages/airflow/example_dags/example_python_decorator.py
[2025-03-27T15:23:42.388-0500] {processor.py:925} INFO - DAG(s) 'example_python_decorator' retrieved from /home/udhbhav/miniconda3/lib/python3.11/site-packages/airflow/example_dags/example_python_decorator.py
[2025-03-27T15:23:42.397-0500] {logging_mixin.py:190} INFO - [2025-03-27T15:23:42.396-0500] {dag.py:3239} INFO - Sync 1 DAGs
[2025-03-27T15:23:42.402-0500] {logging_mixin.py:190} INFO - [2025-03-27T15:23:42.402-0500] {dag.py:4180} INFO - Setting next_dagrun for example_python_decorator to None, run_after=None
[2025-03-27T15:23:42.511-0500] {processor.py:208} INFO - Processing /home/udhbhav/miniconda3/lib/python3.11/site-packages/airflow/example_dags/example_python_decorator.py took 0.134 seconds
[2025-03-27T15:24:51.520-0500] {processor.py:186} INFO - Started process (PID=1810263) to work on /home/udhbhav/miniconda3/lib/python3.11/site-packages/airflow/example_dags/example_python_decorator.py
[2025-03-27T15:24:51.521-0500] {processor.py:914} INFO - Processing file /home/udhbhav/miniconda3/lib/python3.11/site-packages/airflow/example_dags/example_python_decorator.py for tasks to queue
[2025-03-27T15:24:51.522-0500] {logging_mixin.py:190} INFO - [2025-03-27T15:24:51.521-0500] {dagbag.py:588} INFO - Filling up the DagBag from /home/udhbhav/miniconda3/lib/python3.11/site-packages/airflow/example_dags/example_python_decorator.py
[2025-03-27T15:24:51.529-0500] {processor.py:925} INFO - DAG(s) 'example_python_decorator' retrieved from /home/udhbhav/miniconda3/lib/python3.11/site-packages/airflow/example_dags/example_python_decorator.py
[2025-03-27T15:24:51.538-0500] {logging_mixin.py:190} INFO - [2025-03-27T15:24:51.538-0500] {dag.py:3239} INFO - Sync 1 DAGs
[2025-03-27T15:24:51.543-0500] {logging_mixin.py:190} INFO - [2025-03-27T15:24:51.543-0500] {dag.py:4180} INFO - Setting next_dagrun for example_python_decorator to None, run_after=None
[2025-03-27T15:24:51.688-0500] {processor.py:208} INFO - Processing /home/udhbhav/miniconda3/lib/python3.11/site-packages/airflow/example_dags/example_python_decorator.py took 0.171 seconds
[2025-03-27T15:26:28.783-0500] {processor.py:186} INFO - Started process (PID=1811128) to work on /home/udhbhav/miniconda3/lib/python3.11/site-packages/airflow/example_dags/example_python_decorator.py
[2025-03-27T15:26:28.783-0500] {processor.py:914} INFO - Processing file /home/udhbhav/miniconda3/lib/python3.11/site-packages/airflow/example_dags/example_python_decorator.py for tasks to queue
[2025-03-27T15:26:28.784-0500] {logging_mixin.py:190} INFO - [2025-03-27T15:26:28.784-0500] {dagbag.py:588} INFO - Filling up the DagBag from /home/udhbhav/miniconda3/lib/python3.11/site-packages/airflow/example_dags/example_python_decorator.py
[2025-03-27T15:26:28.791-0500] {processor.py:925} INFO - DAG(s) 'example_python_decorator' retrieved from /home/udhbhav/miniconda3/lib/python3.11/site-packages/airflow/example_dags/example_python_decorator.py
[2025-03-27T15:26:28.800-0500] {logging_mixin.py:190} INFO - [2025-03-27T15:26:28.799-0500] {dag.py:3239} INFO - Sync 1 DAGs
[2025-03-27T15:26:28.805-0500] {logging_mixin.py:190} INFO - [2025-03-27T15:26:28.805-0500] {dag.py:4180} INFO - Setting next_dagrun for example_python_decorator to None, run_after=None
[2025-03-27T15:26:28.995-0500] {processor.py:208} INFO - Processing /home/udhbhav/miniconda3/lib/python3.11/site-packages/airflow/example_dags/example_python_decorator.py took 0.216 seconds
[2025-03-27T15:27:42.850-0500] {processor.py:186} INFO - Started process (PID=1811898) to work on /home/udhbhav/miniconda3/lib/python3.11/site-packages/airflow/example_dags/example_python_decorator.py
[2025-03-27T15:27:42.850-0500] {processor.py:914} INFO - Processing file /home/udhbhav/miniconda3/lib/python3.11/site-packages/airflow/example_dags/example_python_decorator.py for tasks to queue
[2025-03-27T15:27:42.851-0500] {logging_mixin.py:190} INFO - [2025-03-27T15:27:42.851-0500] {dagbag.py:588} INFO - Filling up the DagBag from /home/udhbhav/miniconda3/lib/python3.11/site-packages/airflow/example_dags/example_python_decorator.py
[2025-03-27T15:27:42.859-0500] {processor.py:925} INFO - DAG(s) 'example_python_decorator' retrieved from /home/udhbhav/miniconda3/lib/python3.11/site-packages/airflow/example_dags/example_python_decorator.py
[2025-03-27T15:27:42.867-0500] {logging_mixin.py:190} INFO - [2025-03-27T15:27:42.867-0500] {dag.py:3239} INFO - Sync 1 DAGs
[2025-03-27T15:27:42.873-0500] {logging_mixin.py:190} INFO - [2025-03-27T15:27:42.872-0500] {dag.py:4180} INFO - Setting next_dagrun for example_python_decorator to None, run_after=None
[2025-03-27T15:27:42.980-0500] {processor.py:208} INFO - Processing /home/udhbhav/miniconda3/lib/python3.11/site-packages/airflow/example_dags/example_python_decorator.py took 0.133 seconds
[2025-03-27T15:29:22.615-0500] {processor.py:186} INFO - Started process (PID=1812760) to work on /home/udhbhav/miniconda3/lib/python3.11/site-packages/airflow/example_dags/example_python_decorator.py
[2025-03-27T15:29:22.615-0500] {processor.py:914} INFO - Processing file /home/udhbhav/miniconda3/lib/python3.11/site-packages/airflow/example_dags/example_python_decorator.py for tasks to queue
[2025-03-27T15:29:22.616-0500] {logging_mixin.py:190} INFO - [2025-03-27T15:29:22.616-0500] {dagbag.py:588} INFO - Filling up the DagBag from /home/udhbhav/miniconda3/lib/python3.11/site-packages/airflow/example_dags/example_python_decorator.py
[2025-03-27T15:29:22.624-0500] {processor.py:925} INFO - DAG(s) 'example_python_decorator' retrieved from /home/udhbhav/miniconda3/lib/python3.11/site-packages/airflow/example_dags/example_python_decorator.py
[2025-03-27T15:29:22.632-0500] {logging_mixin.py:190} INFO - [2025-03-27T15:29:22.632-0500] {dag.py:3239} INFO - Sync 1 DAGs
[2025-03-27T15:29:22.637-0500] {logging_mixin.py:190} INFO - [2025-03-27T15:29:22.637-0500] {dag.py:4180} INFO - Setting next_dagrun for example_python_decorator to None, run_after=None
[2025-03-27T15:29:22.895-0500] {processor.py:208} INFO - Processing /home/udhbhav/miniconda3/lib/python3.11/site-packages/airflow/example_dags/example_python_decorator.py took 0.283 seconds
[2025-03-27T15:31:11.998-0500] {processor.py:186} INFO - Started process (PID=1813771) to work on /home/udhbhav/miniconda3/lib/python3.11/site-packages/airflow/example_dags/example_python_decorator.py
[2025-03-27T15:31:11.999-0500] {processor.py:914} INFO - Processing file /home/udhbhav/miniconda3/lib/python3.11/site-packages/airflow/example_dags/example_python_decorator.py for tasks to queue
[2025-03-27T15:31:12.000-0500] {logging_mixin.py:190} INFO - [2025-03-27T15:31:12.000-0500] {dagbag.py:588} INFO - Filling up the DagBag from /home/udhbhav/miniconda3/lib/python3.11/site-packages/airflow/example_dags/example_python_decorator.py
[2025-03-27T15:31:12.007-0500] {processor.py:925} INFO - DAG(s) 'example_python_decorator' retrieved from /home/udhbhav/miniconda3/lib/python3.11/site-packages/airflow/example_dags/example_python_decorator.py
[2025-03-27T15:31:12.016-0500] {logging_mixin.py:190} INFO - [2025-03-27T15:31:12.016-0500] {dag.py:3239} INFO - Sync 1 DAGs
[2025-03-27T15:31:12.021-0500] {logging_mixin.py:190} INFO - [2025-03-27T15:31:12.021-0500] {dag.py:4180} INFO - Setting next_dagrun for example_python_decorator to None, run_after=None
[2025-03-27T15:31:12.915-0500] {processor.py:208} INFO - Processing /home/udhbhav/miniconda3/lib/python3.11/site-packages/airflow/example_dags/example_python_decorator.py took 0.920 seconds
[2025-03-27T15:32:42.119-0500] {processor.py:186} INFO - Started process (PID=1814705) to work on /home/udhbhav/miniconda3/lib/python3.11/site-packages/airflow/example_dags/example_python_decorator.py
[2025-03-27T15:32:42.120-0500] {processor.py:914} INFO - Processing file /home/udhbhav/miniconda3/lib/python3.11/site-packages/airflow/example_dags/example_python_decorator.py for tasks to queue
[2025-03-27T15:32:42.121-0500] {logging_mixin.py:190} INFO - [2025-03-27T15:32:42.120-0500] {dagbag.py:588} INFO - Filling up the DagBag from /home/udhbhav/miniconda3/lib/python3.11/site-packages/airflow/example_dags/example_python_decorator.py
[2025-03-27T15:32:42.128-0500] {processor.py:925} INFO - DAG(s) 'example_python_decorator' retrieved from /home/udhbhav/miniconda3/lib/python3.11/site-packages/airflow/example_dags/example_python_decorator.py
[2025-03-27T15:32:42.136-0500] {logging_mixin.py:190} INFO - [2025-03-27T15:32:42.136-0500] {dag.py:3239} INFO - Sync 1 DAGs
[2025-03-27T15:32:42.142-0500] {logging_mixin.py:190} INFO - [2025-03-27T15:32:42.141-0500] {dag.py:4180} INFO - Setting next_dagrun for example_python_decorator to None, run_after=None
[2025-03-27T15:32:42.249-0500] {processor.py:208} INFO - Processing /home/udhbhav/miniconda3/lib/python3.11/site-packages/airflow/example_dags/example_python_decorator.py took 0.132 seconds
[2025-03-27T15:33:52.785-0500] {processor.py:186} INFO - Started process (PID=1815402) to work on /home/udhbhav/miniconda3/lib/python3.11/site-packages/airflow/example_dags/example_python_decorator.py
[2025-03-27T15:33:52.786-0500] {processor.py:914} INFO - Processing file /home/udhbhav/miniconda3/lib/python3.11/site-packages/airflow/example_dags/example_python_decorator.py for tasks to queue
[2025-03-27T15:33:52.787-0500] {logging_mixin.py:190} INFO - [2025-03-27T15:33:52.786-0500] {dagbag.py:588} INFO - Filling up the DagBag from /home/udhbhav/miniconda3/lib/python3.11/site-packages/airflow/example_dags/example_python_decorator.py
[2025-03-27T15:33:52.794-0500] {processor.py:925} INFO - DAG(s) 'example_python_decorator' retrieved from /home/udhbhav/miniconda3/lib/python3.11/site-packages/airflow/example_dags/example_python_decorator.py
[2025-03-27T15:33:52.802-0500] {logging_mixin.py:190} INFO - [2025-03-27T15:33:52.802-0500] {dag.py:3239} INFO - Sync 1 DAGs
[2025-03-27T15:33:52.807-0500] {logging_mixin.py:190} INFO - [2025-03-27T15:33:52.807-0500] {dag.py:4180} INFO - Setting next_dagrun for example_python_decorator to None, run_after=None
[2025-03-27T15:33:52.916-0500] {processor.py:208} INFO - Processing /home/udhbhav/miniconda3/lib/python3.11/site-packages/airflow/example_dags/example_python_decorator.py took 0.134 seconds
[2025-03-27T15:34:56.608-0500] {processor.py:186} INFO - Started process (PID=1816048) to work on /home/udhbhav/miniconda3/lib/python3.11/site-packages/airflow/example_dags/example_python_decorator.py
[2025-03-27T15:34:56.608-0500] {processor.py:914} INFO - Processing file /home/udhbhav/miniconda3/lib/python3.11/site-packages/airflow/example_dags/example_python_decorator.py for tasks to queue
[2025-03-27T15:34:56.609-0500] {logging_mixin.py:190} INFO - [2025-03-27T15:34:56.609-0500] {dagbag.py:588} INFO - Filling up the DagBag from /home/udhbhav/miniconda3/lib/python3.11/site-packages/airflow/example_dags/example_python_decorator.py
[2025-03-27T15:34:56.616-0500] {processor.py:925} INFO - DAG(s) 'example_python_decorator' retrieved from /home/udhbhav/miniconda3/lib/python3.11/site-packages/airflow/example_dags/example_python_decorator.py
[2025-03-27T15:34:56.625-0500] {logging_mixin.py:190} INFO - [2025-03-27T15:34:56.624-0500] {dag.py:3239} INFO - Sync 1 DAGs
[2025-03-27T15:34:56.630-0500] {logging_mixin.py:190} INFO - [2025-03-27T15:34:56.630-0500] {dag.py:4180} INFO - Setting next_dagrun for example_python_decorator to None, run_after=None
[2025-03-27T15:34:56.737-0500] {processor.py:208} INFO - Processing /home/udhbhav/miniconda3/lib/python3.11/site-packages/airflow/example_dags/example_python_decorator.py took 0.132 seconds
[2025-03-27T15:36:17.352-0500] {processor.py:186} INFO - Started process (PID=1816765) to work on /home/udhbhav/miniconda3/lib/python3.11/site-packages/airflow/example_dags/example_python_decorator.py
[2025-03-27T15:36:17.352-0500] {processor.py:914} INFO - Processing file /home/udhbhav/miniconda3/lib/python3.11/site-packages/airflow/example_dags/example_python_decorator.py for tasks to queue
[2025-03-27T15:36:17.353-0500] {logging_mixin.py:190} INFO - [2025-03-27T15:36:17.353-0500] {dagbag.py:588} INFO - Filling up the DagBag from /home/udhbhav/miniconda3/lib/python3.11/site-packages/airflow/example_dags/example_python_decorator.py
[2025-03-27T15:36:17.360-0500] {processor.py:925} INFO - DAG(s) 'example_python_decorator' retrieved from /home/udhbhav/miniconda3/lib/python3.11/site-packages/airflow/example_dags/example_python_decorator.py
[2025-03-27T15:36:17.369-0500] {logging_mixin.py:190} INFO - [2025-03-27T15:36:17.368-0500] {dag.py:3239} INFO - Sync 1 DAGs
[2025-03-27T15:36:17.374-0500] {logging_mixin.py:190} INFO - [2025-03-27T15:36:17.374-0500] {dag.py:4180} INFO - Setting next_dagrun for example_python_decorator to None, run_after=None
[2025-03-27T15:36:17.673-0500] {processor.py:208} INFO - Processing /home/udhbhav/miniconda3/lib/python3.11/site-packages/airflow/example_dags/example_python_decorator.py took 0.324 seconds
