[2025-03-27T14:25:47.278-0500] {processor.py:186} INFO - Started process (PID=1762917) to work on /home/udhbhav/miniconda3/lib/python3.11/site-packages/airflow/example_dags/example_external_task_marker_dag.py
[2025-03-27T14:25:47.280-0500] {processor.py:914} INFO - Processing file /home/udhbhav/miniconda3/lib/python3.11/site-packages/airflow/example_dags/example_external_task_marker_dag.py for tasks to queue
[2025-03-27T14:25:47.281-0500] {logging_mixin.py:190} INFO - [2025-03-27T14:25:47.280-0500] {dagbag.py:588} INFO - Filling up the DagBag from /home/udhbhav/miniconda3/lib/python3.11/site-packages/airflow/example_dags/example_external_task_marker_dag.py
[2025-03-27T14:25:47.294-0500] {processor.py:925} INFO - DAG(s) 'example_external_task_marker_parent', 'example_external_task_marker_child' retrieved from /home/udhbhav/miniconda3/lib/python3.11/site-packages/airflow/example_dags/example_external_task_marker_dag.py
[2025-03-27T14:25:47.610-0500] {logging_mixin.py:190} INFO - [2025-03-27T14:25:47.609-0500] {override.py:1912} INFO - Created Permission View: can read on DAG:example_external_task_marker_parent
[2025-03-27T14:25:47.698-0500] {logging_mixin.py:190} INFO - [2025-03-27T14:25:47.698-0500] {override.py:1912} INFO - Created Permission View: can edit on DAG:example_external_task_marker_parent
[2025-03-27T14:25:47.785-0500] {logging_mixin.py:190} INFO - [2025-03-27T14:25:47.785-0500] {override.py:1912} INFO - Created Permission View: can delete on DAG:example_external_task_marker_parent
[2025-03-27T14:25:47.956-0500] {logging_mixin.py:190} INFO - [2025-03-27T14:25:47.956-0500] {override.py:1912} INFO - Created Permission View: can read on DAG Run:example_external_task_marker_parent
[2025-03-27T14:25:48.095-0500] {logging_mixin.py:190} INFO - [2025-03-27T14:25:48.095-0500] {override.py:1912} INFO - Created Permission View: menu access on DAG Run:example_external_task_marker_parent
[2025-03-27T14:25:48.255-0500] {logging_mixin.py:190} INFO - [2025-03-27T14:25:48.255-0500] {override.py:1912} INFO - Created Permission View: can create on DAG Run:example_external_task_marker_parent
[2025-03-27T14:25:48.452-0500] {logging_mixin.py:190} INFO - [2025-03-27T14:25:48.452-0500] {override.py:1912} INFO - Created Permission View: can delete on DAG Run:example_external_task_marker_parent
[2025-03-27T14:25:49.286-0500] {logging_mixin.py:190} INFO - [2025-03-27T14:25:49.286-0500] {override.py:1912} INFO - Created Permission View: can read on DAG:example_external_task_marker_child
[2025-03-27T14:25:49.373-0500] {logging_mixin.py:190} INFO - [2025-03-27T14:25:49.372-0500] {override.py:1912} INFO - Created Permission View: can edit on DAG:example_external_task_marker_child
[2025-03-27T14:25:49.460-0500] {logging_mixin.py:190} INFO - [2025-03-27T14:25:49.460-0500] {override.py:1912} INFO - Created Permission View: can delete on DAG:example_external_task_marker_child
[2025-03-27T14:25:49.648-0500] {logging_mixin.py:190} INFO - [2025-03-27T14:25:49.648-0500] {override.py:1912} INFO - Created Permission View: can read on DAG Run:example_external_task_marker_child
[2025-03-27T14:25:49.737-0500] {logging_mixin.py:190} INFO - [2025-03-27T14:25:49.737-0500] {override.py:1912} INFO - Created Permission View: menu access on DAG Run:example_external_task_marker_child
[2025-03-27T14:25:49.823-0500] {logging_mixin.py:190} INFO - [2025-03-27T14:25:49.823-0500] {override.py:1912} INFO - Created Permission View: can create on DAG Run:example_external_task_marker_child
[2025-03-27T14:25:49.912-0500] {logging_mixin.py:190} INFO - [2025-03-27T14:25:49.912-0500] {override.py:1912} INFO - Created Permission View: can delete on DAG Run:example_external_task_marker_child
[2025-03-27T14:25:49.912-0500] {logging_mixin.py:190} INFO - [2025-03-27T14:25:49.912-0500] {dag.py:3239} INFO - Sync 2 DAGs
[2025-03-27T14:25:49.917-0500] {logging_mixin.py:190} INFO - [2025-03-27T14:25:49.917-0500] {dag.py:3262} INFO - Creating ORM DAG for example_external_task_marker_child
[2025-03-27T14:25:49.918-0500] {logging_mixin.py:190} INFO - [2025-03-27T14:25:49.917-0500] {dag.py:3262} INFO - Creating ORM DAG for example_external_task_marker_parent
[2025-03-27T14:25:49.918-0500] {logging_mixin.py:190} INFO - [2025-03-27T14:25:49.918-0500] {dag.py:4180} INFO - Setting next_dagrun for example_external_task_marker_child to None, run_after=None
[2025-03-27T14:25:49.918-0500] {logging_mixin.py:190} INFO - [2025-03-27T14:25:49.918-0500] {dag.py:4180} INFO - Setting next_dagrun for example_external_task_marker_parent to None, run_after=None
[2025-03-27T14:25:50.016-0500] {processor.py:208} INFO - Processing /home/udhbhav/miniconda3/lib/python3.11/site-packages/airflow/example_dags/example_external_task_marker_dag.py took 2.741 seconds
[2025-03-27T14:28:17.630-0500] {processor.py:186} INFO - Started process (PID=1764207) to work on /home/udhbhav/miniconda3/lib/python3.11/site-packages/airflow/example_dags/example_external_task_marker_dag.py
[2025-03-27T14:28:17.631-0500] {processor.py:914} INFO - Processing file /home/udhbhav/miniconda3/lib/python3.11/site-packages/airflow/example_dags/example_external_task_marker_dag.py for tasks to queue
[2025-03-27T14:28:17.632-0500] {logging_mixin.py:190} INFO - [2025-03-27T14:28:17.632-0500] {dagbag.py:588} INFO - Filling up the DagBag from /home/udhbhav/miniconda3/lib/python3.11/site-packages/airflow/example_dags/example_external_task_marker_dag.py
[2025-03-27T14:28:17.637-0500] {processor.py:925} INFO - DAG(s) 'example_external_task_marker_parent', 'example_external_task_marker_child' retrieved from /home/udhbhav/miniconda3/lib/python3.11/site-packages/airflow/example_dags/example_external_task_marker_dag.py
[2025-03-27T14:28:17.646-0500] {logging_mixin.py:190} INFO - [2025-03-27T14:28:17.646-0500] {dag.py:3239} INFO - Sync 2 DAGs
[2025-03-27T14:28:17.652-0500] {logging_mixin.py:190} INFO - [2025-03-27T14:28:17.652-0500] {dag.py:4180} INFO - Setting next_dagrun for example_external_task_marker_child to None, run_after=None
[2025-03-27T14:28:17.653-0500] {logging_mixin.py:190} INFO - [2025-03-27T14:28:17.653-0500] {dag.py:4180} INFO - Setting next_dagrun for example_external_task_marker_parent to None, run_after=None
[2025-03-27T14:28:17.807-0500] {processor.py:208} INFO - Processing /home/udhbhav/miniconda3/lib/python3.11/site-packages/airflow/example_dags/example_external_task_marker_dag.py took 0.179 seconds
[2025-03-27T14:35:32.664-0500] {processor.py:186} INFO - Started process (PID=1768405) to work on /home/udhbhav/miniconda3/lib/python3.11/site-packages/airflow/example_dags/example_external_task_marker_dag.py
[2025-03-27T14:35:32.665-0500] {processor.py:914} INFO - Processing file /home/udhbhav/miniconda3/lib/python3.11/site-packages/airflow/example_dags/example_external_task_marker_dag.py for tasks to queue
[2025-03-27T14:35:32.666-0500] {logging_mixin.py:190} INFO - [2025-03-27T14:35:32.665-0500] {dagbag.py:588} INFO - Filling up the DagBag from /home/udhbhav/miniconda3/lib/python3.11/site-packages/airflow/example_dags/example_external_task_marker_dag.py
[2025-03-27T14:35:32.671-0500] {processor.py:925} INFO - DAG(s) 'example_external_task_marker_parent', 'example_external_task_marker_child' retrieved from /home/udhbhav/miniconda3/lib/python3.11/site-packages/airflow/example_dags/example_external_task_marker_dag.py
[2025-03-27T14:35:32.680-0500] {logging_mixin.py:190} INFO - [2025-03-27T14:35:32.680-0500] {dag.py:3239} INFO - Sync 2 DAGs
[2025-03-27T14:35:32.686-0500] {logging_mixin.py:190} INFO - [2025-03-27T14:35:32.686-0500] {dag.py:4180} INFO - Setting next_dagrun for example_external_task_marker_child to None, run_after=None
[2025-03-27T14:35:32.687-0500] {logging_mixin.py:190} INFO - [2025-03-27T14:35:32.687-0500] {dag.py:4180} INFO - Setting next_dagrun for example_external_task_marker_parent to None, run_after=None
[2025-03-27T14:35:32.810-0500] {processor.py:208} INFO - Processing /home/udhbhav/miniconda3/lib/python3.11/site-packages/airflow/example_dags/example_external_task_marker_dag.py took 0.148 seconds
[2025-03-27T14:37:19.011-0500] {processor.py:186} INFO - Started process (PID=1769472) to work on /home/udhbhav/miniconda3/lib/python3.11/site-packages/airflow/example_dags/example_external_task_marker_dag.py
[2025-03-27T14:37:19.012-0500] {processor.py:914} INFO - Processing file /home/udhbhav/miniconda3/lib/python3.11/site-packages/airflow/example_dags/example_external_task_marker_dag.py for tasks to queue
[2025-03-27T14:37:19.013-0500] {logging_mixin.py:190} INFO - [2025-03-27T14:37:19.012-0500] {dagbag.py:588} INFO - Filling up the DagBag from /home/udhbhav/miniconda3/lib/python3.11/site-packages/airflow/example_dags/example_external_task_marker_dag.py
[2025-03-27T14:37:19.017-0500] {processor.py:925} INFO - DAG(s) 'example_external_task_marker_parent', 'example_external_task_marker_child' retrieved from /home/udhbhav/miniconda3/lib/python3.11/site-packages/airflow/example_dags/example_external_task_marker_dag.py
[2025-03-27T14:37:19.026-0500] {logging_mixin.py:190} INFO - [2025-03-27T14:37:19.026-0500] {dag.py:3239} INFO - Sync 2 DAGs
[2025-03-27T14:37:19.031-0500] {logging_mixin.py:190} INFO - [2025-03-27T14:37:19.031-0500] {dag.py:4180} INFO - Setting next_dagrun for example_external_task_marker_child to None, run_after=None
[2025-03-27T14:37:19.032-0500] {logging_mixin.py:190} INFO - [2025-03-27T14:37:19.032-0500] {dag.py:4180} INFO - Setting next_dagrun for example_external_task_marker_parent to None, run_after=None
[2025-03-27T14:37:19.137-0500] {processor.py:208} INFO - Processing /home/udhbhav/miniconda3/lib/python3.11/site-packages/airflow/example_dags/example_external_task_marker_dag.py took 0.128 seconds
[2025-03-27T14:38:26.286-0500] {processor.py:186} INFO - Started process (PID=1770489) to work on /home/udhbhav/miniconda3/lib/python3.11/site-packages/airflow/example_dags/example_external_task_marker_dag.py
[2025-03-27T14:38:26.287-0500] {processor.py:914} INFO - Processing file /home/udhbhav/miniconda3/lib/python3.11/site-packages/airflow/example_dags/example_external_task_marker_dag.py for tasks to queue
[2025-03-27T14:38:26.288-0500] {logging_mixin.py:190} INFO - [2025-03-27T14:38:26.287-0500] {dagbag.py:588} INFO - Filling up the DagBag from /home/udhbhav/miniconda3/lib/python3.11/site-packages/airflow/example_dags/example_external_task_marker_dag.py
[2025-03-27T14:38:26.292-0500] {processor.py:925} INFO - DAG(s) 'example_external_task_marker_parent', 'example_external_task_marker_child' retrieved from /home/udhbhav/miniconda3/lib/python3.11/site-packages/airflow/example_dags/example_external_task_marker_dag.py
[2025-03-27T14:38:26.300-0500] {logging_mixin.py:190} INFO - [2025-03-27T14:38:26.300-0500] {dag.py:3239} INFO - Sync 2 DAGs
[2025-03-27T14:38:26.306-0500] {logging_mixin.py:190} INFO - [2025-03-27T14:38:26.306-0500] {dag.py:4180} INFO - Setting next_dagrun for example_external_task_marker_child to None, run_after=None
[2025-03-27T14:38:26.307-0500] {logging_mixin.py:190} INFO - [2025-03-27T14:38:26.307-0500] {dag.py:4180} INFO - Setting next_dagrun for example_external_task_marker_parent to None, run_after=None
[2025-03-27T14:38:26.412-0500] {processor.py:208} INFO - Processing /home/udhbhav/miniconda3/lib/python3.11/site-packages/airflow/example_dags/example_external_task_marker_dag.py took 0.129 seconds
[2025-03-27T14:39:37.648-0500] {processor.py:186} INFO - Started process (PID=1771254) to work on /home/udhbhav/miniconda3/lib/python3.11/site-packages/airflow/example_dags/example_external_task_marker_dag.py
[2025-03-27T14:39:37.648-0500] {processor.py:914} INFO - Processing file /home/udhbhav/miniconda3/lib/python3.11/site-packages/airflow/example_dags/example_external_task_marker_dag.py for tasks to queue
[2025-03-27T14:39:37.649-0500] {logging_mixin.py:190} INFO - [2025-03-27T14:39:37.649-0500] {dagbag.py:588} INFO - Filling up the DagBag from /home/udhbhav/miniconda3/lib/python3.11/site-packages/airflow/example_dags/example_external_task_marker_dag.py
[2025-03-27T14:39:37.654-0500] {processor.py:925} INFO - DAG(s) 'example_external_task_marker_child', 'example_external_task_marker_parent' retrieved from /home/udhbhav/miniconda3/lib/python3.11/site-packages/airflow/example_dags/example_external_task_marker_dag.py
[2025-03-27T14:39:37.662-0500] {logging_mixin.py:190} INFO - [2025-03-27T14:39:37.662-0500] {dag.py:3239} INFO - Sync 2 DAGs
[2025-03-27T14:39:37.667-0500] {logging_mixin.py:190} INFO - [2025-03-27T14:39:37.667-0500] {dag.py:4180} INFO - Setting next_dagrun for example_external_task_marker_child to None, run_after=None
[2025-03-27T14:39:37.668-0500] {logging_mixin.py:190} INFO - [2025-03-27T14:39:37.668-0500] {dag.py:4180} INFO - Setting next_dagrun for example_external_task_marker_parent to None, run_after=None
[2025-03-27T14:39:37.775-0500] {processor.py:208} INFO - Processing /home/udhbhav/miniconda3/lib/python3.11/site-packages/airflow/example_dags/example_external_task_marker_dag.py took 0.130 seconds
[2025-03-27T14:40:56.854-0500] {processor.py:186} INFO - Started process (PID=1772057) to work on /home/udhbhav/miniconda3/lib/python3.11/site-packages/airflow/example_dags/example_external_task_marker_dag.py
[2025-03-27T14:40:56.854-0500] {processor.py:914} INFO - Processing file /home/udhbhav/miniconda3/lib/python3.11/site-packages/airflow/example_dags/example_external_task_marker_dag.py for tasks to queue
[2025-03-27T14:40:56.855-0500] {logging_mixin.py:190} INFO - [2025-03-27T14:40:56.855-0500] {dagbag.py:588} INFO - Filling up the DagBag from /home/udhbhav/miniconda3/lib/python3.11/site-packages/airflow/example_dags/example_external_task_marker_dag.py
[2025-03-27T14:40:56.860-0500] {processor.py:925} INFO - DAG(s) 'example_external_task_marker_parent', 'example_external_task_marker_child' retrieved from /home/udhbhav/miniconda3/lib/python3.11/site-packages/airflow/example_dags/example_external_task_marker_dag.py
[2025-03-27T14:40:56.868-0500] {logging_mixin.py:190} INFO - [2025-03-27T14:40:56.868-0500] {dag.py:3239} INFO - Sync 2 DAGs
[2025-03-27T14:40:56.874-0500] {logging_mixin.py:190} INFO - [2025-03-27T14:40:56.873-0500] {dag.py:4180} INFO - Setting next_dagrun for example_external_task_marker_child to None, run_after=None
[2025-03-27T14:40:56.875-0500] {logging_mixin.py:190} INFO - [2025-03-27T14:40:56.875-0500] {dag.py:4180} INFO - Setting next_dagrun for example_external_task_marker_parent to None, run_after=None
[2025-03-27T14:40:56.980-0500] {processor.py:208} INFO - Processing /home/udhbhav/miniconda3/lib/python3.11/site-packages/airflow/example_dags/example_external_task_marker_dag.py took 0.129 seconds
[2025-03-27T14:41:47.998-0500] {processor.py:186} INFO - Started process (PID=1772873) to work on /home/udhbhav/miniconda3/lib/python3.11/site-packages/airflow/example_dags/example_external_task_marker_dag.py
[2025-03-27T14:41:47.999-0500] {processor.py:914} INFO - Processing file /home/udhbhav/miniconda3/lib/python3.11/site-packages/airflow/example_dags/example_external_task_marker_dag.py for tasks to queue
[2025-03-27T14:41:48.000-0500] {logging_mixin.py:190} INFO - [2025-03-27T14:41:48.000-0500] {dagbag.py:588} INFO - Filling up the DagBag from /home/udhbhav/miniconda3/lib/python3.11/site-packages/airflow/example_dags/example_external_task_marker_dag.py
[2025-03-27T14:41:48.004-0500] {processor.py:925} INFO - DAG(s) 'example_external_task_marker_child', 'example_external_task_marker_parent' retrieved from /home/udhbhav/miniconda3/lib/python3.11/site-packages/airflow/example_dags/example_external_task_marker_dag.py
[2025-03-27T14:41:48.012-0500] {logging_mixin.py:190} INFO - [2025-03-27T14:41:48.012-0500] {dag.py:3239} INFO - Sync 2 DAGs
[2025-03-27T14:41:48.020-0500] {logging_mixin.py:190} INFO - [2025-03-27T14:41:48.020-0500] {dag.py:4180} INFO - Setting next_dagrun for example_external_task_marker_child to None, run_after=None
[2025-03-27T14:41:48.022-0500] {logging_mixin.py:190} INFO - [2025-03-27T14:41:48.022-0500] {dag.py:4180} INFO - Setting next_dagrun for example_external_task_marker_parent to None, run_after=None
[2025-03-27T14:41:48.128-0500] {processor.py:208} INFO - Processing /home/udhbhav/miniconda3/lib/python3.11/site-packages/airflow/example_dags/example_external_task_marker_dag.py took 0.132 seconds
[2025-03-27T14:42:49.887-0500] {processor.py:186} INFO - Started process (PID=1773492) to work on /home/udhbhav/miniconda3/lib/python3.11/site-packages/airflow/example_dags/example_external_task_marker_dag.py
[2025-03-27T14:42:49.888-0500] {processor.py:914} INFO - Processing file /home/udhbhav/miniconda3/lib/python3.11/site-packages/airflow/example_dags/example_external_task_marker_dag.py for tasks to queue
[2025-03-27T14:42:49.889-0500] {logging_mixin.py:190} INFO - [2025-03-27T14:42:49.889-0500] {dagbag.py:588} INFO - Filling up the DagBag from /home/udhbhav/miniconda3/lib/python3.11/site-packages/airflow/example_dags/example_external_task_marker_dag.py
[2025-03-27T14:42:49.893-0500] {processor.py:925} INFO - DAG(s) 'example_external_task_marker_child', 'example_external_task_marker_parent' retrieved from /home/udhbhav/miniconda3/lib/python3.11/site-packages/airflow/example_dags/example_external_task_marker_dag.py
[2025-03-27T14:42:49.901-0500] {logging_mixin.py:190} INFO - [2025-03-27T14:42:49.901-0500] {dag.py:3239} INFO - Sync 2 DAGs
[2025-03-27T14:42:49.907-0500] {logging_mixin.py:190} INFO - [2025-03-27T14:42:49.907-0500] {dag.py:4180} INFO - Setting next_dagrun for example_external_task_marker_child to None, run_after=None
[2025-03-27T14:42:49.908-0500] {logging_mixin.py:190} INFO - [2025-03-27T14:42:49.908-0500] {dag.py:4180} INFO - Setting next_dagrun for example_external_task_marker_parent to None, run_after=None
[2025-03-27T14:42:50.664-0500] {processor.py:208} INFO - Processing /home/udhbhav/miniconda3/lib/python3.11/site-packages/airflow/example_dags/example_external_task_marker_dag.py took 0.779 seconds
[2025-03-27T14:43:53.837-0500] {processor.py:186} INFO - Started process (PID=1774245) to work on /home/udhbhav/miniconda3/lib/python3.11/site-packages/airflow/example_dags/example_external_task_marker_dag.py
[2025-03-27T14:43:53.838-0500] {processor.py:914} INFO - Processing file /home/udhbhav/miniconda3/lib/python3.11/site-packages/airflow/example_dags/example_external_task_marker_dag.py for tasks to queue
[2025-03-27T14:43:53.839-0500] {logging_mixin.py:190} INFO - [2025-03-27T14:43:53.838-0500] {dagbag.py:588} INFO - Filling up the DagBag from /home/udhbhav/miniconda3/lib/python3.11/site-packages/airflow/example_dags/example_external_task_marker_dag.py
[2025-03-27T14:43:53.843-0500] {processor.py:925} INFO - DAG(s) 'example_external_task_marker_parent', 'example_external_task_marker_child' retrieved from /home/udhbhav/miniconda3/lib/python3.11/site-packages/airflow/example_dags/example_external_task_marker_dag.py
[2025-03-27T14:43:53.851-0500] {logging_mixin.py:190} INFO - [2025-03-27T14:43:53.851-0500] {dag.py:3239} INFO - Sync 2 DAGs
[2025-03-27T14:43:53.857-0500] {logging_mixin.py:190} INFO - [2025-03-27T14:43:53.857-0500] {dag.py:4180} INFO - Setting next_dagrun for example_external_task_marker_child to None, run_after=None
[2025-03-27T14:43:53.858-0500] {logging_mixin.py:190} INFO - [2025-03-27T14:43:53.858-0500] {dag.py:4180} INFO - Setting next_dagrun for example_external_task_marker_parent to None, run_after=None
[2025-03-27T14:43:53.962-0500] {processor.py:208} INFO - Processing /home/udhbhav/miniconda3/lib/python3.11/site-packages/airflow/example_dags/example_external_task_marker_dag.py took 0.127 seconds
[2025-03-27T14:44:57.939-0500] {processor.py:186} INFO - Started process (PID=1774893) to work on /home/udhbhav/miniconda3/lib/python3.11/site-packages/airflow/example_dags/example_external_task_marker_dag.py
[2025-03-27T14:44:57.939-0500] {processor.py:914} INFO - Processing file /home/udhbhav/miniconda3/lib/python3.11/site-packages/airflow/example_dags/example_external_task_marker_dag.py for tasks to queue
[2025-03-27T14:44:57.940-0500] {logging_mixin.py:190} INFO - [2025-03-27T14:44:57.940-0500] {dagbag.py:588} INFO - Filling up the DagBag from /home/udhbhav/miniconda3/lib/python3.11/site-packages/airflow/example_dags/example_external_task_marker_dag.py
[2025-03-27T14:44:57.944-0500] {processor.py:925} INFO - DAG(s) 'example_external_task_marker_parent', 'example_external_task_marker_child' retrieved from /home/udhbhav/miniconda3/lib/python3.11/site-packages/airflow/example_dags/example_external_task_marker_dag.py
[2025-03-27T14:44:57.953-0500] {logging_mixin.py:190} INFO - [2025-03-27T14:44:57.953-0500] {dag.py:3239} INFO - Sync 2 DAGs
[2025-03-27T14:44:57.958-0500] {logging_mixin.py:190} INFO - [2025-03-27T14:44:57.958-0500] {dag.py:4180} INFO - Setting next_dagrun for example_external_task_marker_child to None, run_after=None
[2025-03-27T14:44:57.959-0500] {logging_mixin.py:190} INFO - [2025-03-27T14:44:57.959-0500] {dag.py:4180} INFO - Setting next_dagrun for example_external_task_marker_parent to None, run_after=None
[2025-03-27T14:44:58.067-0500] {processor.py:208} INFO - Processing /home/udhbhav/miniconda3/lib/python3.11/site-packages/airflow/example_dags/example_external_task_marker_dag.py took 0.131 seconds
[2025-03-27T14:45:54.092-0500] {processor.py:186} INFO - Started process (PID=1775447) to work on /home/udhbhav/miniconda3/lib/python3.11/site-packages/airflow/example_dags/example_external_task_marker_dag.py
[2025-03-27T14:45:54.092-0500] {processor.py:914} INFO - Processing file /home/udhbhav/miniconda3/lib/python3.11/site-packages/airflow/example_dags/example_external_task_marker_dag.py for tasks to queue
[2025-03-27T14:45:54.093-0500] {logging_mixin.py:190} INFO - [2025-03-27T14:45:54.093-0500] {dagbag.py:588} INFO - Filling up the DagBag from /home/udhbhav/miniconda3/lib/python3.11/site-packages/airflow/example_dags/example_external_task_marker_dag.py
[2025-03-27T14:45:54.097-0500] {processor.py:925} INFO - DAG(s) 'example_external_task_marker_parent', 'example_external_task_marker_child' retrieved from /home/udhbhav/miniconda3/lib/python3.11/site-packages/airflow/example_dags/example_external_task_marker_dag.py
[2025-03-27T14:45:54.106-0500] {logging_mixin.py:190} INFO - [2025-03-27T14:45:54.106-0500] {dag.py:3239} INFO - Sync 2 DAGs
[2025-03-27T14:45:54.111-0500] {logging_mixin.py:190} INFO - [2025-03-27T14:45:54.111-0500] {dag.py:4180} INFO - Setting next_dagrun for example_external_task_marker_child to None, run_after=None
[2025-03-27T14:45:54.112-0500] {logging_mixin.py:190} INFO - [2025-03-27T14:45:54.112-0500] {dag.py:4180} INFO - Setting next_dagrun for example_external_task_marker_parent to None, run_after=None
[2025-03-27T14:45:54.226-0500] {processor.py:208} INFO - Processing /home/udhbhav/miniconda3/lib/python3.11/site-packages/airflow/example_dags/example_external_task_marker_dag.py took 0.137 seconds
[2025-03-27T14:47:23.228-0500] {processor.py:186} INFO - Started process (PID=1776208) to work on /home/udhbhav/miniconda3/lib/python3.11/site-packages/airflow/example_dags/example_external_task_marker_dag.py
[2025-03-27T14:47:23.229-0500] {processor.py:914} INFO - Processing file /home/udhbhav/miniconda3/lib/python3.11/site-packages/airflow/example_dags/example_external_task_marker_dag.py for tasks to queue
[2025-03-27T14:47:23.230-0500] {logging_mixin.py:190} INFO - [2025-03-27T14:47:23.229-0500] {dagbag.py:588} INFO - Filling up the DagBag from /home/udhbhav/miniconda3/lib/python3.11/site-packages/airflow/example_dags/example_external_task_marker_dag.py
[2025-03-27T14:47:23.234-0500] {processor.py:925} INFO - DAG(s) 'example_external_task_marker_parent', 'example_external_task_marker_child' retrieved from /home/udhbhav/miniconda3/lib/python3.11/site-packages/airflow/example_dags/example_external_task_marker_dag.py
[2025-03-27T14:47:23.242-0500] {logging_mixin.py:190} INFO - [2025-03-27T14:47:23.242-0500] {dag.py:3239} INFO - Sync 2 DAGs
[2025-03-27T14:47:23.248-0500] {logging_mixin.py:190} INFO - [2025-03-27T14:47:23.247-0500] {dag.py:4180} INFO - Setting next_dagrun for example_external_task_marker_child to None, run_after=None
[2025-03-27T14:47:23.249-0500] {logging_mixin.py:190} INFO - [2025-03-27T14:47:23.249-0500] {dag.py:4180} INFO - Setting next_dagrun for example_external_task_marker_parent to None, run_after=None
[2025-03-27T14:47:23.426-0500] {processor.py:208} INFO - Processing /home/udhbhav/miniconda3/lib/python3.11/site-packages/airflow/example_dags/example_external_task_marker_dag.py took 0.200 seconds
[2025-03-27T14:48:41.082-0500] {processor.py:186} INFO - Started process (PID=1776986) to work on /home/udhbhav/miniconda3/lib/python3.11/site-packages/airflow/example_dags/example_external_task_marker_dag.py
[2025-03-27T14:48:41.083-0500] {processor.py:914} INFO - Processing file /home/udhbhav/miniconda3/lib/python3.11/site-packages/airflow/example_dags/example_external_task_marker_dag.py for tasks to queue
[2025-03-27T14:48:41.083-0500] {logging_mixin.py:190} INFO - [2025-03-27T14:48:41.083-0500] {dagbag.py:588} INFO - Filling up the DagBag from /home/udhbhav/miniconda3/lib/python3.11/site-packages/airflow/example_dags/example_external_task_marker_dag.py
[2025-03-27T14:48:41.088-0500] {processor.py:925} INFO - DAG(s) 'example_external_task_marker_child', 'example_external_task_marker_parent' retrieved from /home/udhbhav/miniconda3/lib/python3.11/site-packages/airflow/example_dags/example_external_task_marker_dag.py
[2025-03-27T14:48:41.096-0500] {logging_mixin.py:190} INFO - [2025-03-27T14:48:41.096-0500] {dag.py:3239} INFO - Sync 2 DAGs
[2025-03-27T14:48:41.101-0500] {logging_mixin.py:190} INFO - [2025-03-27T14:48:41.101-0500] {dag.py:4180} INFO - Setting next_dagrun for example_external_task_marker_child to None, run_after=None
[2025-03-27T14:48:41.103-0500] {logging_mixin.py:190} INFO - [2025-03-27T14:48:41.103-0500] {dag.py:4180} INFO - Setting next_dagrun for example_external_task_marker_parent to None, run_after=None
[2025-03-27T14:48:41.458-0500] {processor.py:208} INFO - Processing /home/udhbhav/miniconda3/lib/python3.11/site-packages/airflow/example_dags/example_external_task_marker_dag.py took 0.379 seconds
[2025-03-27T14:50:07.019-0500] {processor.py:186} INFO - Started process (PID=1777766) to work on /home/udhbhav/miniconda3/lib/python3.11/site-packages/airflow/example_dags/example_external_task_marker_dag.py
[2025-03-27T14:50:07.019-0500] {processor.py:914} INFO - Processing file /home/udhbhav/miniconda3/lib/python3.11/site-packages/airflow/example_dags/example_external_task_marker_dag.py for tasks to queue
[2025-03-27T14:50:07.020-0500] {logging_mixin.py:190} INFO - [2025-03-27T14:50:07.020-0500] {dagbag.py:588} INFO - Filling up the DagBag from /home/udhbhav/miniconda3/lib/python3.11/site-packages/airflow/example_dags/example_external_task_marker_dag.py
[2025-03-27T14:50:07.025-0500] {processor.py:925} INFO - DAG(s) 'example_external_task_marker_child', 'example_external_task_marker_parent' retrieved from /home/udhbhav/miniconda3/lib/python3.11/site-packages/airflow/example_dags/example_external_task_marker_dag.py
[2025-03-27T14:50:07.033-0500] {logging_mixin.py:190} INFO - [2025-03-27T14:50:07.033-0500] {dag.py:3239} INFO - Sync 2 DAGs
[2025-03-27T14:50:07.038-0500] {logging_mixin.py:190} INFO - [2025-03-27T14:50:07.038-0500] {dag.py:4180} INFO - Setting next_dagrun for example_external_task_marker_child to None, run_after=None
[2025-03-27T14:50:07.039-0500] {logging_mixin.py:190} INFO - [2025-03-27T14:50:07.039-0500] {dag.py:4180} INFO - Setting next_dagrun for example_external_task_marker_parent to None, run_after=None
[2025-03-27T14:50:07.147-0500] {processor.py:208} INFO - Processing /home/udhbhav/miniconda3/lib/python3.11/site-packages/airflow/example_dags/example_external_task_marker_dag.py took 0.131 seconds
[2025-03-27T14:51:13.902-0500] {processor.py:186} INFO - Started process (PID=1782808) to work on /home/udhbhav/miniconda3/lib/python3.11/site-packages/airflow/example_dags/example_external_task_marker_dag.py
[2025-03-27T14:51:13.903-0500] {processor.py:914} INFO - Processing file /home/udhbhav/miniconda3/lib/python3.11/site-packages/airflow/example_dags/example_external_task_marker_dag.py for tasks to queue
[2025-03-27T14:51:13.904-0500] {logging_mixin.py:190} INFO - [2025-03-27T14:51:13.903-0500] {dagbag.py:588} INFO - Filling up the DagBag from /home/udhbhav/miniconda3/lib/python3.11/site-packages/airflow/example_dags/example_external_task_marker_dag.py
[2025-03-27T14:51:13.908-0500] {processor.py:925} INFO - DAG(s) 'example_external_task_marker_parent', 'example_external_task_marker_child' retrieved from /home/udhbhav/miniconda3/lib/python3.11/site-packages/airflow/example_dags/example_external_task_marker_dag.py
[2025-03-27T14:51:13.917-0500] {logging_mixin.py:190} INFO - [2025-03-27T14:51:13.917-0500] {dag.py:3239} INFO - Sync 2 DAGs
[2025-03-27T14:51:13.923-0500] {logging_mixin.py:190} INFO - [2025-03-27T14:51:13.922-0500] {dag.py:4180} INFO - Setting next_dagrun for example_external_task_marker_child to None, run_after=None
[2025-03-27T14:51:13.924-0500] {logging_mixin.py:190} INFO - [2025-03-27T14:51:13.924-0500] {dag.py:4180} INFO - Setting next_dagrun for example_external_task_marker_parent to None, run_after=None
[2025-03-27T14:51:14.030-0500] {processor.py:208} INFO - Processing /home/udhbhav/miniconda3/lib/python3.11/site-packages/airflow/example_dags/example_external_task_marker_dag.py took 0.131 seconds
[2025-03-27T14:52:20.594-0500] {processor.py:186} INFO - Started process (PID=1783926) to work on /home/udhbhav/miniconda3/lib/python3.11/site-packages/airflow/example_dags/example_external_task_marker_dag.py
[2025-03-27T14:52:20.594-0500] {processor.py:914} INFO - Processing file /home/udhbhav/miniconda3/lib/python3.11/site-packages/airflow/example_dags/example_external_task_marker_dag.py for tasks to queue
[2025-03-27T14:52:20.595-0500] {logging_mixin.py:190} INFO - [2025-03-27T14:52:20.595-0500] {dagbag.py:588} INFO - Filling up the DagBag from /home/udhbhav/miniconda3/lib/python3.11/site-packages/airflow/example_dags/example_external_task_marker_dag.py
[2025-03-27T14:52:20.599-0500] {processor.py:925} INFO - DAG(s) 'example_external_task_marker_parent', 'example_external_task_marker_child' retrieved from /home/udhbhav/miniconda3/lib/python3.11/site-packages/airflow/example_dags/example_external_task_marker_dag.py
[2025-03-27T14:52:20.608-0500] {logging_mixin.py:190} INFO - [2025-03-27T14:52:20.608-0500] {dag.py:3239} INFO - Sync 2 DAGs
[2025-03-27T14:52:20.613-0500] {logging_mixin.py:190} INFO - [2025-03-27T14:52:20.613-0500] {dag.py:4180} INFO - Setting next_dagrun for example_external_task_marker_child to None, run_after=None
[2025-03-27T14:52:20.614-0500] {logging_mixin.py:190} INFO - [2025-03-27T14:52:20.614-0500] {dag.py:4180} INFO - Setting next_dagrun for example_external_task_marker_parent to None, run_after=None
[2025-03-27T14:52:20.721-0500] {processor.py:208} INFO - Processing /home/udhbhav/miniconda3/lib/python3.11/site-packages/airflow/example_dags/example_external_task_marker_dag.py took 0.131 seconds
[2025-03-27T14:53:31.273-0500] {processor.py:186} INFO - Started process (PID=1784646) to work on /home/udhbhav/miniconda3/lib/python3.11/site-packages/airflow/example_dags/example_external_task_marker_dag.py
[2025-03-27T14:53:31.273-0500] {processor.py:914} INFO - Processing file /home/udhbhav/miniconda3/lib/python3.11/site-packages/airflow/example_dags/example_external_task_marker_dag.py for tasks to queue
[2025-03-27T14:53:31.274-0500] {logging_mixin.py:190} INFO - [2025-03-27T14:53:31.274-0500] {dagbag.py:588} INFO - Filling up the DagBag from /home/udhbhav/miniconda3/lib/python3.11/site-packages/airflow/example_dags/example_external_task_marker_dag.py
[2025-03-27T14:53:31.279-0500] {processor.py:925} INFO - DAG(s) 'example_external_task_marker_parent', 'example_external_task_marker_child' retrieved from /home/udhbhav/miniconda3/lib/python3.11/site-packages/airflow/example_dags/example_external_task_marker_dag.py
[2025-03-27T14:53:31.287-0500] {logging_mixin.py:190} INFO - [2025-03-27T14:53:31.287-0500] {dag.py:3239} INFO - Sync 2 DAGs
[2025-03-27T14:53:31.292-0500] {logging_mixin.py:190} INFO - [2025-03-27T14:53:31.292-0500] {dag.py:4180} INFO - Setting next_dagrun for example_external_task_marker_child to None, run_after=None
[2025-03-27T14:53:31.294-0500] {logging_mixin.py:190} INFO - [2025-03-27T14:53:31.294-0500] {dag.py:4180} INFO - Setting next_dagrun for example_external_task_marker_parent to None, run_after=None
[2025-03-27T14:53:31.403-0500] {processor.py:208} INFO - Processing /home/udhbhav/miniconda3/lib/python3.11/site-packages/airflow/example_dags/example_external_task_marker_dag.py took 0.133 seconds
[2025-03-27T14:54:38.405-0500] {processor.py:186} INFO - Started process (PID=1785308) to work on /home/udhbhav/miniconda3/lib/python3.11/site-packages/airflow/example_dags/example_external_task_marker_dag.py
[2025-03-27T14:54:38.405-0500] {processor.py:914} INFO - Processing file /home/udhbhav/miniconda3/lib/python3.11/site-packages/airflow/example_dags/example_external_task_marker_dag.py for tasks to queue
[2025-03-27T14:54:38.406-0500] {logging_mixin.py:190} INFO - [2025-03-27T14:54:38.406-0500] {dagbag.py:588} INFO - Filling up the DagBag from /home/udhbhav/miniconda3/lib/python3.11/site-packages/airflow/example_dags/example_external_task_marker_dag.py
[2025-03-27T14:54:38.411-0500] {processor.py:925} INFO - DAG(s) 'example_external_task_marker_parent', 'example_external_task_marker_child' retrieved from /home/udhbhav/miniconda3/lib/python3.11/site-packages/airflow/example_dags/example_external_task_marker_dag.py
[2025-03-27T14:54:38.419-0500] {logging_mixin.py:190} INFO - [2025-03-27T14:54:38.419-0500] {dag.py:3239} INFO - Sync 2 DAGs
[2025-03-27T14:54:38.424-0500] {logging_mixin.py:190} INFO - [2025-03-27T14:54:38.424-0500] {dag.py:4180} INFO - Setting next_dagrun for example_external_task_marker_child to None, run_after=None
[2025-03-27T14:54:38.426-0500] {logging_mixin.py:190} INFO - [2025-03-27T14:54:38.426-0500] {dag.py:4180} INFO - Setting next_dagrun for example_external_task_marker_parent to None, run_after=None
[2025-03-27T14:54:38.534-0500] {processor.py:208} INFO - Processing /home/udhbhav/miniconda3/lib/python3.11/site-packages/airflow/example_dags/example_external_task_marker_dag.py took 0.131 seconds
[2025-03-27T14:55:43.324-0500] {processor.py:186} INFO - Started process (PID=1786027) to work on /home/udhbhav/miniconda3/lib/python3.11/site-packages/airflow/example_dags/example_external_task_marker_dag.py
[2025-03-27T14:55:43.324-0500] {processor.py:914} INFO - Processing file /home/udhbhav/miniconda3/lib/python3.11/site-packages/airflow/example_dags/example_external_task_marker_dag.py for tasks to queue
[2025-03-27T14:55:43.325-0500] {logging_mixin.py:190} INFO - [2025-03-27T14:55:43.325-0500] {dagbag.py:588} INFO - Filling up the DagBag from /home/udhbhav/miniconda3/lib/python3.11/site-packages/airflow/example_dags/example_external_task_marker_dag.py
[2025-03-27T14:55:43.330-0500] {processor.py:925} INFO - DAG(s) 'example_external_task_marker_parent', 'example_external_task_marker_child' retrieved from /home/udhbhav/miniconda3/lib/python3.11/site-packages/airflow/example_dags/example_external_task_marker_dag.py
[2025-03-27T14:55:43.338-0500] {logging_mixin.py:190} INFO - [2025-03-27T14:55:43.338-0500] {dag.py:3239} INFO - Sync 2 DAGs
[2025-03-27T14:55:43.344-0500] {logging_mixin.py:190} INFO - [2025-03-27T14:55:43.343-0500] {dag.py:4180} INFO - Setting next_dagrun for example_external_task_marker_child to None, run_after=None
[2025-03-27T14:55:43.345-0500] {logging_mixin.py:190} INFO - [2025-03-27T14:55:43.345-0500] {dag.py:4180} INFO - Setting next_dagrun for example_external_task_marker_parent to None, run_after=None
[2025-03-27T14:55:43.628-0500] {processor.py:208} INFO - Processing /home/udhbhav/miniconda3/lib/python3.11/site-packages/airflow/example_dags/example_external_task_marker_dag.py took 0.307 seconds
[2025-03-27T14:57:02.798-0500] {processor.py:186} INFO - Started process (PID=1786846) to work on /home/udhbhav/miniconda3/lib/python3.11/site-packages/airflow/example_dags/example_external_task_marker_dag.py
[2025-03-27T14:57:02.799-0500] {processor.py:914} INFO - Processing file /home/udhbhav/miniconda3/lib/python3.11/site-packages/airflow/example_dags/example_external_task_marker_dag.py for tasks to queue
[2025-03-27T14:57:02.800-0500] {logging_mixin.py:190} INFO - [2025-03-27T14:57:02.800-0500] {dagbag.py:588} INFO - Filling up the DagBag from /home/udhbhav/miniconda3/lib/python3.11/site-packages/airflow/example_dags/example_external_task_marker_dag.py
[2025-03-27T14:57:02.804-0500] {processor.py:925} INFO - DAG(s) 'example_external_task_marker_child', 'example_external_task_marker_parent' retrieved from /home/udhbhav/miniconda3/lib/python3.11/site-packages/airflow/example_dags/example_external_task_marker_dag.py
[2025-03-27T14:57:02.813-0500] {logging_mixin.py:190} INFO - [2025-03-27T14:57:02.812-0500] {dag.py:3239} INFO - Sync 2 DAGs
[2025-03-27T14:57:02.818-0500] {logging_mixin.py:190} INFO - [2025-03-27T14:57:02.818-0500] {dag.py:4180} INFO - Setting next_dagrun for example_external_task_marker_child to None, run_after=None
[2025-03-27T14:57:02.819-0500] {logging_mixin.py:190} INFO - [2025-03-27T14:57:02.819-0500] {dag.py:4180} INFO - Setting next_dagrun for example_external_task_marker_parent to None, run_after=None
[2025-03-27T14:57:02.959-0500] {processor.py:208} INFO - Processing /home/udhbhav/miniconda3/lib/python3.11/site-packages/airflow/example_dags/example_external_task_marker_dag.py took 0.163 seconds
[2025-03-27T14:58:21.753-0500] {processor.py:186} INFO - Started process (PID=1787594) to work on /home/udhbhav/miniconda3/lib/python3.11/site-packages/airflow/example_dags/example_external_task_marker_dag.py
[2025-03-27T14:58:21.753-0500] {processor.py:914} INFO - Processing file /home/udhbhav/miniconda3/lib/python3.11/site-packages/airflow/example_dags/example_external_task_marker_dag.py for tasks to queue
[2025-03-27T14:58:21.754-0500] {logging_mixin.py:190} INFO - [2025-03-27T14:58:21.754-0500] {dagbag.py:588} INFO - Filling up the DagBag from /home/udhbhav/miniconda3/lib/python3.11/site-packages/airflow/example_dags/example_external_task_marker_dag.py
[2025-03-27T14:58:21.758-0500] {processor.py:925} INFO - DAG(s) 'example_external_task_marker_parent', 'example_external_task_marker_child' retrieved from /home/udhbhav/miniconda3/lib/python3.11/site-packages/airflow/example_dags/example_external_task_marker_dag.py
[2025-03-27T14:58:21.767-0500] {logging_mixin.py:190} INFO - [2025-03-27T14:58:21.767-0500] {dag.py:3239} INFO - Sync 2 DAGs
[2025-03-27T14:58:21.772-0500] {logging_mixin.py:190} INFO - [2025-03-27T14:58:21.772-0500] {dag.py:4180} INFO - Setting next_dagrun for example_external_task_marker_child to None, run_after=None
[2025-03-27T14:58:21.773-0500] {logging_mixin.py:190} INFO - [2025-03-27T14:58:21.773-0500] {dag.py:4180} INFO - Setting next_dagrun for example_external_task_marker_parent to None, run_after=None
[2025-03-27T14:58:22.008-0500] {processor.py:208} INFO - Processing /home/udhbhav/miniconda3/lib/python3.11/site-packages/airflow/example_dags/example_external_task_marker_dag.py took 0.258 seconds
[2025-03-27T14:59:56.245-0500] {processor.py:186} INFO - Started process (PID=1788623) to work on /home/udhbhav/miniconda3/lib/python3.11/site-packages/airflow/example_dags/example_external_task_marker_dag.py
[2025-03-27T14:59:56.245-0500] {processor.py:914} INFO - Processing file /home/udhbhav/miniconda3/lib/python3.11/site-packages/airflow/example_dags/example_external_task_marker_dag.py for tasks to queue
[2025-03-27T14:59:56.246-0500] {logging_mixin.py:190} INFO - [2025-03-27T14:59:56.246-0500] {dagbag.py:588} INFO - Filling up the DagBag from /home/udhbhav/miniconda3/lib/python3.11/site-packages/airflow/example_dags/example_external_task_marker_dag.py
[2025-03-27T14:59:56.251-0500] {processor.py:925} INFO - DAG(s) 'example_external_task_marker_child', 'example_external_task_marker_parent' retrieved from /home/udhbhav/miniconda3/lib/python3.11/site-packages/airflow/example_dags/example_external_task_marker_dag.py
[2025-03-27T14:59:56.259-0500] {logging_mixin.py:190} INFO - [2025-03-27T14:59:56.259-0500] {dag.py:3239} INFO - Sync 2 DAGs
[2025-03-27T14:59:56.264-0500] {logging_mixin.py:190} INFO - [2025-03-27T14:59:56.264-0500] {dag.py:4180} INFO - Setting next_dagrun for example_external_task_marker_child to None, run_after=None
[2025-03-27T14:59:56.266-0500] {logging_mixin.py:190} INFO - [2025-03-27T14:59:56.266-0500] {dag.py:4180} INFO - Setting next_dagrun for example_external_task_marker_parent to None, run_after=None
[2025-03-27T14:59:56.368-0500] {processor.py:208} INFO - Processing /home/udhbhav/miniconda3/lib/python3.11/site-packages/airflow/example_dags/example_external_task_marker_dag.py took 0.126 seconds
[2025-03-27T15:01:04.221-0500] {processor.py:186} INFO - Started process (PID=1789432) to work on /home/udhbhav/miniconda3/lib/python3.11/site-packages/airflow/example_dags/example_external_task_marker_dag.py
[2025-03-27T15:01:04.221-0500] {processor.py:914} INFO - Processing file /home/udhbhav/miniconda3/lib/python3.11/site-packages/airflow/example_dags/example_external_task_marker_dag.py for tasks to queue
[2025-03-27T15:01:04.222-0500] {logging_mixin.py:190} INFO - [2025-03-27T15:01:04.222-0500] {dagbag.py:588} INFO - Filling up the DagBag from /home/udhbhav/miniconda3/lib/python3.11/site-packages/airflow/example_dags/example_external_task_marker_dag.py
[2025-03-27T15:01:04.227-0500] {processor.py:925} INFO - DAG(s) 'example_external_task_marker_child', 'example_external_task_marker_parent' retrieved from /home/udhbhav/miniconda3/lib/python3.11/site-packages/airflow/example_dags/example_external_task_marker_dag.py
[2025-03-27T15:01:04.236-0500] {logging_mixin.py:190} INFO - [2025-03-27T15:01:04.236-0500] {dag.py:3239} INFO - Sync 2 DAGs
[2025-03-27T15:01:04.241-0500] {logging_mixin.py:190} INFO - [2025-03-27T15:01:04.241-0500] {dag.py:4180} INFO - Setting next_dagrun for example_external_task_marker_child to None, run_after=None
[2025-03-27T15:01:04.242-0500] {logging_mixin.py:190} INFO - [2025-03-27T15:01:04.242-0500] {dag.py:4180} INFO - Setting next_dagrun for example_external_task_marker_parent to None, run_after=None
[2025-03-27T15:01:04.349-0500] {processor.py:208} INFO - Processing /home/udhbhav/miniconda3/lib/python3.11/site-packages/airflow/example_dags/example_external_task_marker_dag.py took 0.131 seconds
[2025-03-27T15:02:08.130-0500] {processor.py:186} INFO - Started process (PID=1790161) to work on /home/udhbhav/miniconda3/lib/python3.11/site-packages/airflow/example_dags/example_external_task_marker_dag.py
[2025-03-27T15:02:08.131-0500] {processor.py:914} INFO - Processing file /home/udhbhav/miniconda3/lib/python3.11/site-packages/airflow/example_dags/example_external_task_marker_dag.py for tasks to queue
[2025-03-27T15:02:08.131-0500] {logging_mixin.py:190} INFO - [2025-03-27T15:02:08.131-0500] {dagbag.py:588} INFO - Filling up the DagBag from /home/udhbhav/miniconda3/lib/python3.11/site-packages/airflow/example_dags/example_external_task_marker_dag.py
[2025-03-27T15:02:08.136-0500] {processor.py:925} INFO - DAG(s) 'example_external_task_marker_parent', 'example_external_task_marker_child' retrieved from /home/udhbhav/miniconda3/lib/python3.11/site-packages/airflow/example_dags/example_external_task_marker_dag.py
[2025-03-27T15:02:08.144-0500] {logging_mixin.py:190} INFO - [2025-03-27T15:02:08.144-0500] {dag.py:3239} INFO - Sync 2 DAGs
[2025-03-27T15:02:08.149-0500] {logging_mixin.py:190} INFO - [2025-03-27T15:02:08.149-0500] {dag.py:4180} INFO - Setting next_dagrun for example_external_task_marker_child to None, run_after=None
[2025-03-27T15:02:08.151-0500] {logging_mixin.py:190} INFO - [2025-03-27T15:02:08.151-0500] {dag.py:4180} INFO - Setting next_dagrun for example_external_task_marker_parent to None, run_after=None
[2025-03-27T15:02:08.256-0500] {processor.py:208} INFO - Processing /home/udhbhav/miniconda3/lib/python3.11/site-packages/airflow/example_dags/example_external_task_marker_dag.py took 0.129 seconds
[2025-03-27T15:03:25.452-0500] {processor.py:186} INFO - Started process (PID=1790917) to work on /home/udhbhav/miniconda3/lib/python3.11/site-packages/airflow/example_dags/example_external_task_marker_dag.py
[2025-03-27T15:03:25.453-0500] {processor.py:914} INFO - Processing file /home/udhbhav/miniconda3/lib/python3.11/site-packages/airflow/example_dags/example_external_task_marker_dag.py for tasks to queue
[2025-03-27T15:03:25.454-0500] {logging_mixin.py:190} INFO - [2025-03-27T15:03:25.453-0500] {dagbag.py:588} INFO - Filling up the DagBag from /home/udhbhav/miniconda3/lib/python3.11/site-packages/airflow/example_dags/example_external_task_marker_dag.py
[2025-03-27T15:03:25.458-0500] {processor.py:925} INFO - DAG(s) 'example_external_task_marker_child', 'example_external_task_marker_parent' retrieved from /home/udhbhav/miniconda3/lib/python3.11/site-packages/airflow/example_dags/example_external_task_marker_dag.py
[2025-03-27T15:03:25.466-0500] {logging_mixin.py:190} INFO - [2025-03-27T15:03:25.466-0500] {dag.py:3239} INFO - Sync 2 DAGs
[2025-03-27T15:03:25.472-0500] {logging_mixin.py:190} INFO - [2025-03-27T15:03:25.471-0500] {dag.py:4180} INFO - Setting next_dagrun for example_external_task_marker_child to None, run_after=None
[2025-03-27T15:03:25.473-0500] {logging_mixin.py:190} INFO - [2025-03-27T15:03:25.473-0500] {dag.py:4180} INFO - Setting next_dagrun for example_external_task_marker_parent to None, run_after=None
[2025-03-27T15:03:25.582-0500] {processor.py:208} INFO - Processing /home/udhbhav/miniconda3/lib/python3.11/site-packages/airflow/example_dags/example_external_task_marker_dag.py took 0.132 seconds
[2025-03-27T15:04:37.791-0500] {processor.py:186} INFO - Started process (PID=1791651) to work on /home/udhbhav/miniconda3/lib/python3.11/site-packages/airflow/example_dags/example_external_task_marker_dag.py
[2025-03-27T15:04:37.791-0500] {processor.py:914} INFO - Processing file /home/udhbhav/miniconda3/lib/python3.11/site-packages/airflow/example_dags/example_external_task_marker_dag.py for tasks to queue
[2025-03-27T15:04:37.792-0500] {logging_mixin.py:190} INFO - [2025-03-27T15:04:37.792-0500] {dagbag.py:588} INFO - Filling up the DagBag from /home/udhbhav/miniconda3/lib/python3.11/site-packages/airflow/example_dags/example_external_task_marker_dag.py
[2025-03-27T15:04:37.798-0500] {processor.py:925} INFO - DAG(s) 'example_external_task_marker_child', 'example_external_task_marker_parent' retrieved from /home/udhbhav/miniconda3/lib/python3.11/site-packages/airflow/example_dags/example_external_task_marker_dag.py
[2025-03-27T15:04:37.806-0500] {logging_mixin.py:190} INFO - [2025-03-27T15:04:37.806-0500] {dag.py:3239} INFO - Sync 2 DAGs
[2025-03-27T15:04:37.811-0500] {logging_mixin.py:190} INFO - [2025-03-27T15:04:37.811-0500] {dag.py:4180} INFO - Setting next_dagrun for example_external_task_marker_child to None, run_after=None
[2025-03-27T15:04:37.812-0500] {logging_mixin.py:190} INFO - [2025-03-27T15:04:37.812-0500] {dag.py:4180} INFO - Setting next_dagrun for example_external_task_marker_parent to None, run_after=None
[2025-03-27T15:04:37.987-0500] {processor.py:208} INFO - Processing /home/udhbhav/miniconda3/lib/python3.11/site-packages/airflow/example_dags/example_external_task_marker_dag.py took 0.199 seconds
[2025-03-27T15:05:57.347-0500] {processor.py:186} INFO - Started process (PID=1792465) to work on /home/udhbhav/miniconda3/lib/python3.11/site-packages/airflow/example_dags/example_external_task_marker_dag.py
[2025-03-27T15:05:57.347-0500] {processor.py:914} INFO - Processing file /home/udhbhav/miniconda3/lib/python3.11/site-packages/airflow/example_dags/example_external_task_marker_dag.py for tasks to queue
[2025-03-27T15:05:57.348-0500] {logging_mixin.py:190} INFO - [2025-03-27T15:05:57.348-0500] {dagbag.py:588} INFO - Filling up the DagBag from /home/udhbhav/miniconda3/lib/python3.11/site-packages/airflow/example_dags/example_external_task_marker_dag.py
[2025-03-27T15:05:57.353-0500] {processor.py:925} INFO - DAG(s) 'example_external_task_marker_parent', 'example_external_task_marker_child' retrieved from /home/udhbhav/miniconda3/lib/python3.11/site-packages/airflow/example_dags/example_external_task_marker_dag.py
[2025-03-27T15:05:57.361-0500] {logging_mixin.py:190} INFO - [2025-03-27T15:05:57.361-0500] {dag.py:3239} INFO - Sync 2 DAGs
[2025-03-27T15:05:57.366-0500] {logging_mixin.py:190} INFO - [2025-03-27T15:05:57.366-0500] {dag.py:4180} INFO - Setting next_dagrun for example_external_task_marker_child to None, run_after=None
[2025-03-27T15:05:57.368-0500] {logging_mixin.py:190} INFO - [2025-03-27T15:05:57.368-0500] {dag.py:4180} INFO - Setting next_dagrun for example_external_task_marker_parent to None, run_after=None
[2025-03-27T15:05:57.807-0500] {processor.py:208} INFO - Processing /home/udhbhav/miniconda3/lib/python3.11/site-packages/airflow/example_dags/example_external_task_marker_dag.py took 0.463 seconds
[2025-03-27T15:07:27.136-0500] {processor.py:186} INFO - Started process (PID=1793318) to work on /home/udhbhav/miniconda3/lib/python3.11/site-packages/airflow/example_dags/example_external_task_marker_dag.py
[2025-03-27T15:07:27.136-0500] {processor.py:914} INFO - Processing file /home/udhbhav/miniconda3/lib/python3.11/site-packages/airflow/example_dags/example_external_task_marker_dag.py for tasks to queue
[2025-03-27T15:07:27.137-0500] {logging_mixin.py:190} INFO - [2025-03-27T15:07:27.137-0500] {dagbag.py:588} INFO - Filling up the DagBag from /home/udhbhav/miniconda3/lib/python3.11/site-packages/airflow/example_dags/example_external_task_marker_dag.py
[2025-03-27T15:07:27.141-0500] {processor.py:925} INFO - DAG(s) 'example_external_task_marker_parent', 'example_external_task_marker_child' retrieved from /home/udhbhav/miniconda3/lib/python3.11/site-packages/airflow/example_dags/example_external_task_marker_dag.py
[2025-03-27T15:07:27.150-0500] {logging_mixin.py:190} INFO - [2025-03-27T15:07:27.149-0500] {dag.py:3239} INFO - Sync 2 DAGs
[2025-03-27T15:07:27.155-0500] {logging_mixin.py:190} INFO - [2025-03-27T15:07:27.155-0500] {dag.py:4180} INFO - Setting next_dagrun for example_external_task_marker_child to None, run_after=None
[2025-03-27T15:07:27.156-0500] {logging_mixin.py:190} INFO - [2025-03-27T15:07:27.156-0500] {dag.py:4180} INFO - Setting next_dagrun for example_external_task_marker_parent to None, run_after=None
[2025-03-27T15:07:27.262-0500] {processor.py:208} INFO - Processing /home/udhbhav/miniconda3/lib/python3.11/site-packages/airflow/example_dags/example_external_task_marker_dag.py took 0.130 seconds
[2025-03-27T15:08:30.901-0500] {processor.py:186} INFO - Started process (PID=1793941) to work on /home/udhbhav/miniconda3/lib/python3.11/site-packages/airflow/example_dags/example_external_task_marker_dag.py
[2025-03-27T15:08:30.901-0500] {processor.py:914} INFO - Processing file /home/udhbhav/miniconda3/lib/python3.11/site-packages/airflow/example_dags/example_external_task_marker_dag.py for tasks to queue
[2025-03-27T15:08:30.902-0500] {logging_mixin.py:190} INFO - [2025-03-27T15:08:30.902-0500] {dagbag.py:588} INFO - Filling up the DagBag from /home/udhbhav/miniconda3/lib/python3.11/site-packages/airflow/example_dags/example_external_task_marker_dag.py
[2025-03-27T15:08:30.907-0500] {processor.py:925} INFO - DAG(s) 'example_external_task_marker_child', 'example_external_task_marker_parent' retrieved from /home/udhbhav/miniconda3/lib/python3.11/site-packages/airflow/example_dags/example_external_task_marker_dag.py
[2025-03-27T15:08:30.915-0500] {logging_mixin.py:190} INFO - [2025-03-27T15:08:30.915-0500] {dag.py:3239} INFO - Sync 2 DAGs
[2025-03-27T15:08:30.920-0500] {logging_mixin.py:190} INFO - [2025-03-27T15:08:30.920-0500] {dag.py:4180} INFO - Setting next_dagrun for example_external_task_marker_child to None, run_after=None
[2025-03-27T15:08:30.922-0500] {logging_mixin.py:190} INFO - [2025-03-27T15:08:30.922-0500] {dag.py:4180} INFO - Setting next_dagrun for example_external_task_marker_parent to None, run_after=None
[2025-03-27T15:08:31.025-0500] {processor.py:208} INFO - Processing /home/udhbhav/miniconda3/lib/python3.11/site-packages/airflow/example_dags/example_external_task_marker_dag.py took 0.127 seconds
[2025-03-27T15:09:37.230-0500] {processor.py:186} INFO - Started process (PID=1794612) to work on /home/udhbhav/miniconda3/lib/python3.11/site-packages/airflow/example_dags/example_external_task_marker_dag.py
[2025-03-27T15:09:37.231-0500] {processor.py:914} INFO - Processing file /home/udhbhav/miniconda3/lib/python3.11/site-packages/airflow/example_dags/example_external_task_marker_dag.py for tasks to queue
[2025-03-27T15:09:37.232-0500] {logging_mixin.py:190} INFO - [2025-03-27T15:09:37.232-0500] {dagbag.py:588} INFO - Filling up the DagBag from /home/udhbhav/miniconda3/lib/python3.11/site-packages/airflow/example_dags/example_external_task_marker_dag.py
[2025-03-27T15:09:37.236-0500] {processor.py:925} INFO - DAG(s) 'example_external_task_marker_parent', 'example_external_task_marker_child' retrieved from /home/udhbhav/miniconda3/lib/python3.11/site-packages/airflow/example_dags/example_external_task_marker_dag.py
[2025-03-27T15:09:37.245-0500] {logging_mixin.py:190} INFO - [2025-03-27T15:09:37.244-0500] {dag.py:3239} INFO - Sync 2 DAGs
[2025-03-27T15:09:37.250-0500] {logging_mixin.py:190} INFO - [2025-03-27T15:09:37.250-0500] {dag.py:4180} INFO - Setting next_dagrun for example_external_task_marker_child to None, run_after=None
[2025-03-27T15:09:37.251-0500] {logging_mixin.py:190} INFO - [2025-03-27T15:09:37.251-0500] {dag.py:4180} INFO - Setting next_dagrun for example_external_task_marker_parent to None, run_after=None
[2025-03-27T15:09:37.358-0500] {processor.py:208} INFO - Processing /home/udhbhav/miniconda3/lib/python3.11/site-packages/airflow/example_dags/example_external_task_marker_dag.py took 0.131 seconds
[2025-03-27T15:10:49.014-0500] {processor.py:186} INFO - Started process (PID=1795363) to work on /home/udhbhav/miniconda3/lib/python3.11/site-packages/airflow/example_dags/example_external_task_marker_dag.py
[2025-03-27T15:10:49.014-0500] {processor.py:914} INFO - Processing file /home/udhbhav/miniconda3/lib/python3.11/site-packages/airflow/example_dags/example_external_task_marker_dag.py for tasks to queue
[2025-03-27T15:10:49.015-0500] {logging_mixin.py:190} INFO - [2025-03-27T15:10:49.015-0500] {dagbag.py:588} INFO - Filling up the DagBag from /home/udhbhav/miniconda3/lib/python3.11/site-packages/airflow/example_dags/example_external_task_marker_dag.py
[2025-03-27T15:10:49.019-0500] {processor.py:925} INFO - DAG(s) 'example_external_task_marker_child', 'example_external_task_marker_parent' retrieved from /home/udhbhav/miniconda3/lib/python3.11/site-packages/airflow/example_dags/example_external_task_marker_dag.py
[2025-03-27T15:10:49.028-0500] {logging_mixin.py:190} INFO - [2025-03-27T15:10:49.028-0500] {dag.py:3239} INFO - Sync 2 DAGs
[2025-03-27T15:10:49.033-0500] {logging_mixin.py:190} INFO - [2025-03-27T15:10:49.033-0500] {dag.py:4180} INFO - Setting next_dagrun for example_external_task_marker_child to None, run_after=None
[2025-03-27T15:10:49.034-0500] {logging_mixin.py:190} INFO - [2025-03-27T15:10:49.034-0500] {dag.py:4180} INFO - Setting next_dagrun for example_external_task_marker_parent to None, run_after=None
[2025-03-27T15:10:49.142-0500] {processor.py:208} INFO - Processing /home/udhbhav/miniconda3/lib/python3.11/site-packages/airflow/example_dags/example_external_task_marker_dag.py took 0.131 seconds
[2025-03-27T15:11:55.399-0500] {processor.py:186} INFO - Started process (PID=1797605) to work on /home/udhbhav/miniconda3/lib/python3.11/site-packages/airflow/example_dags/example_external_task_marker_dag.py
[2025-03-27T15:11:55.400-0500] {processor.py:914} INFO - Processing file /home/udhbhav/miniconda3/lib/python3.11/site-packages/airflow/example_dags/example_external_task_marker_dag.py for tasks to queue
[2025-03-27T15:11:55.400-0500] {logging_mixin.py:190} INFO - [2025-03-27T15:11:55.400-0500] {dagbag.py:588} INFO - Filling up the DagBag from /home/udhbhav/miniconda3/lib/python3.11/site-packages/airflow/example_dags/example_external_task_marker_dag.py
[2025-03-27T15:11:55.405-0500] {processor.py:925} INFO - DAG(s) 'example_external_task_marker_parent', 'example_external_task_marker_child' retrieved from /home/udhbhav/miniconda3/lib/python3.11/site-packages/airflow/example_dags/example_external_task_marker_dag.py
[2025-03-27T15:11:55.413-0500] {logging_mixin.py:190} INFO - [2025-03-27T15:11:55.413-0500] {dag.py:3239} INFO - Sync 2 DAGs
[2025-03-27T15:11:55.418-0500] {logging_mixin.py:190} INFO - [2025-03-27T15:11:55.418-0500] {dag.py:4180} INFO - Setting next_dagrun for example_external_task_marker_child to None, run_after=None
[2025-03-27T15:11:55.420-0500] {logging_mixin.py:190} INFO - [2025-03-27T15:11:55.420-0500] {dag.py:4180} INFO - Setting next_dagrun for example_external_task_marker_parent to None, run_after=None
[2025-03-27T15:11:55.524-0500] {processor.py:208} INFO - Processing /home/udhbhav/miniconda3/lib/python3.11/site-packages/airflow/example_dags/example_external_task_marker_dag.py took 0.128 seconds
[2025-03-27T15:13:14.696-0500] {processor.py:186} INFO - Started process (PID=1798305) to work on /home/udhbhav/miniconda3/lib/python3.11/site-packages/airflow/example_dags/example_external_task_marker_dag.py
[2025-03-27T15:13:14.696-0500] {processor.py:914} INFO - Processing file /home/udhbhav/miniconda3/lib/python3.11/site-packages/airflow/example_dags/example_external_task_marker_dag.py for tasks to queue
[2025-03-27T15:13:14.698-0500] {logging_mixin.py:190} INFO - [2025-03-27T15:13:14.698-0500] {dagbag.py:588} INFO - Filling up the DagBag from /home/udhbhav/miniconda3/lib/python3.11/site-packages/airflow/example_dags/example_external_task_marker_dag.py
[2025-03-27T15:13:14.702-0500] {processor.py:925} INFO - DAG(s) 'example_external_task_marker_parent', 'example_external_task_marker_child' retrieved from /home/udhbhav/miniconda3/lib/python3.11/site-packages/airflow/example_dags/example_external_task_marker_dag.py
[2025-03-27T15:13:14.711-0500] {logging_mixin.py:190} INFO - [2025-03-27T15:13:14.710-0500] {dag.py:3239} INFO - Sync 2 DAGs
[2025-03-27T15:13:14.716-0500] {logging_mixin.py:190} INFO - [2025-03-27T15:13:14.715-0500] {dag.py:4180} INFO - Setting next_dagrun for example_external_task_marker_child to None, run_after=None
[2025-03-27T15:13:14.717-0500] {logging_mixin.py:190} INFO - [2025-03-27T15:13:14.717-0500] {dag.py:4180} INFO - Setting next_dagrun for example_external_task_marker_parent to None, run_after=None
[2025-03-27T15:13:14.823-0500] {processor.py:208} INFO - Processing /home/udhbhav/miniconda3/lib/python3.11/site-packages/airflow/example_dags/example_external_task_marker_dag.py took 0.129 seconds
[2025-03-27T15:14:29.784-0500] {processor.py:186} INFO - Started process (PID=1799070) to work on /home/udhbhav/miniconda3/lib/python3.11/site-packages/airflow/example_dags/example_external_task_marker_dag.py
[2025-03-27T15:14:29.784-0500] {processor.py:914} INFO - Processing file /home/udhbhav/miniconda3/lib/python3.11/site-packages/airflow/example_dags/example_external_task_marker_dag.py for tasks to queue
[2025-03-27T15:14:29.785-0500] {logging_mixin.py:190} INFO - [2025-03-27T15:14:29.785-0500] {dagbag.py:588} INFO - Filling up the DagBag from /home/udhbhav/miniconda3/lib/python3.11/site-packages/airflow/example_dags/example_external_task_marker_dag.py
[2025-03-27T15:14:29.789-0500] {processor.py:925} INFO - DAG(s) 'example_external_task_marker_parent', 'example_external_task_marker_child' retrieved from /home/udhbhav/miniconda3/lib/python3.11/site-packages/airflow/example_dags/example_external_task_marker_dag.py
[2025-03-27T15:14:29.798-0500] {logging_mixin.py:190} INFO - [2025-03-27T15:14:29.798-0500] {dag.py:3239} INFO - Sync 2 DAGs
[2025-03-27T15:14:29.803-0500] {logging_mixin.py:190} INFO - [2025-03-27T15:14:29.803-0500] {dag.py:4180} INFO - Setting next_dagrun for example_external_task_marker_child to None, run_after=None
[2025-03-27T15:14:29.804-0500] {logging_mixin.py:190} INFO - [2025-03-27T15:14:29.804-0500] {dag.py:4180} INFO - Setting next_dagrun for example_external_task_marker_parent to None, run_after=None
[2025-03-27T15:14:29.949-0500] {processor.py:208} INFO - Processing /home/udhbhav/miniconda3/lib/python3.11/site-packages/airflow/example_dags/example_external_task_marker_dag.py took 0.168 seconds
[2025-03-27T15:15:48.140-0500] {processor.py:186} INFO - Started process (PID=1799917) to work on /home/udhbhav/miniconda3/lib/python3.11/site-packages/airflow/example_dags/example_external_task_marker_dag.py
[2025-03-27T15:15:48.141-0500] {processor.py:914} INFO - Processing file /home/udhbhav/miniconda3/lib/python3.11/site-packages/airflow/example_dags/example_external_task_marker_dag.py for tasks to queue
[2025-03-27T15:15:48.141-0500] {logging_mixin.py:190} INFO - [2025-03-27T15:15:48.141-0500] {dagbag.py:588} INFO - Filling up the DagBag from /home/udhbhav/miniconda3/lib/python3.11/site-packages/airflow/example_dags/example_external_task_marker_dag.py
[2025-03-27T15:15:48.146-0500] {processor.py:925} INFO - DAG(s) 'example_external_task_marker_parent', 'example_external_task_marker_child' retrieved from /home/udhbhav/miniconda3/lib/python3.11/site-packages/airflow/example_dags/example_external_task_marker_dag.py
[2025-03-27T15:15:48.154-0500] {logging_mixin.py:190} INFO - [2025-03-27T15:15:48.154-0500] {dag.py:3239} INFO - Sync 2 DAGs
[2025-03-27T15:15:48.160-0500] {logging_mixin.py:190} INFO - [2025-03-27T15:15:48.159-0500] {dag.py:4180} INFO - Setting next_dagrun for example_external_task_marker_child to None, run_after=None
[2025-03-27T15:15:48.161-0500] {logging_mixin.py:190} INFO - [2025-03-27T15:15:48.161-0500] {dag.py:4180} INFO - Setting next_dagrun for example_external_task_marker_parent to None, run_after=None
[2025-03-27T15:15:48.429-0500] {processor.py:208} INFO - Processing /home/udhbhav/miniconda3/lib/python3.11/site-packages/airflow/example_dags/example_external_task_marker_dag.py took 0.292 seconds
[2025-03-27T15:17:07.926-0500] {processor.py:186} INFO - Started process (PID=1800648) to work on /home/udhbhav/miniconda3/lib/python3.11/site-packages/airflow/example_dags/example_external_task_marker_dag.py
[2025-03-27T15:17:07.926-0500] {processor.py:914} INFO - Processing file /home/udhbhav/miniconda3/lib/python3.11/site-packages/airflow/example_dags/example_external_task_marker_dag.py for tasks to queue
[2025-03-27T15:17:07.927-0500] {logging_mixin.py:190} INFO - [2025-03-27T15:17:07.927-0500] {dagbag.py:588} INFO - Filling up the DagBag from /home/udhbhav/miniconda3/lib/python3.11/site-packages/airflow/example_dags/example_external_task_marker_dag.py
[2025-03-27T15:17:07.931-0500] {processor.py:925} INFO - DAG(s) 'example_external_task_marker_child', 'example_external_task_marker_parent' retrieved from /home/udhbhav/miniconda3/lib/python3.11/site-packages/airflow/example_dags/example_external_task_marker_dag.py
[2025-03-27T15:17:07.940-0500] {logging_mixin.py:190} INFO - [2025-03-27T15:17:07.940-0500] {dag.py:3239} INFO - Sync 2 DAGs
[2025-03-27T15:17:07.945-0500] {logging_mixin.py:190} INFO - [2025-03-27T15:17:07.945-0500] {dag.py:4180} INFO - Setting next_dagrun for example_external_task_marker_child to None, run_after=None
[2025-03-27T15:17:07.946-0500] {logging_mixin.py:190} INFO - [2025-03-27T15:17:07.946-0500] {dag.py:4180} INFO - Setting next_dagrun for example_external_task_marker_parent to None, run_after=None
[2025-03-27T15:17:08.052-0500] {processor.py:208} INFO - Processing /home/udhbhav/miniconda3/lib/python3.11/site-packages/airflow/example_dags/example_external_task_marker_dag.py took 0.129 seconds
[2025-03-27T15:18:14.058-0500] {processor.py:186} INFO - Started process (PID=1801287) to work on /home/udhbhav/miniconda3/lib/python3.11/site-packages/airflow/example_dags/example_external_task_marker_dag.py
[2025-03-27T15:18:14.058-0500] {processor.py:914} INFO - Processing file /home/udhbhav/miniconda3/lib/python3.11/site-packages/airflow/example_dags/example_external_task_marker_dag.py for tasks to queue
[2025-03-27T15:18:14.059-0500] {logging_mixin.py:190} INFO - [2025-03-27T15:18:14.059-0500] {dagbag.py:588} INFO - Filling up the DagBag from /home/udhbhav/miniconda3/lib/python3.11/site-packages/airflow/example_dags/example_external_task_marker_dag.py
[2025-03-27T15:18:14.063-0500] {processor.py:925} INFO - DAG(s) 'example_external_task_marker_parent', 'example_external_task_marker_child' retrieved from /home/udhbhav/miniconda3/lib/python3.11/site-packages/airflow/example_dags/example_external_task_marker_dag.py
[2025-03-27T15:18:14.072-0500] {logging_mixin.py:190} INFO - [2025-03-27T15:18:14.071-0500] {dag.py:3239} INFO - Sync 2 DAGs
[2025-03-27T15:18:14.077-0500] {logging_mixin.py:190} INFO - [2025-03-27T15:18:14.077-0500] {dag.py:4180} INFO - Setting next_dagrun for example_external_task_marker_child to None, run_after=None
[2025-03-27T15:18:14.078-0500] {logging_mixin.py:190} INFO - [2025-03-27T15:18:14.078-0500] {dag.py:4180} INFO - Setting next_dagrun for example_external_task_marker_parent to None, run_after=None
[2025-03-27T15:18:14.183-0500] {processor.py:208} INFO - Processing /home/udhbhav/miniconda3/lib/python3.11/site-packages/airflow/example_dags/example_external_task_marker_dag.py took 0.128 seconds
[2025-03-27T15:19:25.205-0500] {processor.py:186} INFO - Started process (PID=1801982) to work on /home/udhbhav/miniconda3/lib/python3.11/site-packages/airflow/example_dags/example_external_task_marker_dag.py
[2025-03-27T15:19:25.205-0500] {processor.py:914} INFO - Processing file /home/udhbhav/miniconda3/lib/python3.11/site-packages/airflow/example_dags/example_external_task_marker_dag.py for tasks to queue
[2025-03-27T15:19:25.206-0500] {logging_mixin.py:190} INFO - [2025-03-27T15:19:25.206-0500] {dagbag.py:588} INFO - Filling up the DagBag from /home/udhbhav/miniconda3/lib/python3.11/site-packages/airflow/example_dags/example_external_task_marker_dag.py
[2025-03-27T15:19:25.211-0500] {processor.py:925} INFO - DAG(s) 'example_external_task_marker_parent', 'example_external_task_marker_child' retrieved from /home/udhbhav/miniconda3/lib/python3.11/site-packages/airflow/example_dags/example_external_task_marker_dag.py
[2025-03-27T15:19:25.219-0500] {logging_mixin.py:190} INFO - [2025-03-27T15:19:25.219-0500] {dag.py:3239} INFO - Sync 2 DAGs
[2025-03-27T15:19:25.224-0500] {logging_mixin.py:190} INFO - [2025-03-27T15:19:25.224-0500] {dag.py:4180} INFO - Setting next_dagrun for example_external_task_marker_child to None, run_after=None
[2025-03-27T15:19:25.226-0500] {logging_mixin.py:190} INFO - [2025-03-27T15:19:25.225-0500] {dag.py:4180} INFO - Setting next_dagrun for example_external_task_marker_parent to None, run_after=None
[2025-03-27T15:19:25.372-0500] {processor.py:208} INFO - Processing /home/udhbhav/miniconda3/lib/python3.11/site-packages/airflow/example_dags/example_external_task_marker_dag.py took 0.170 seconds
[2025-03-27T15:20:30.826-0500] {processor.py:186} INFO - Started process (PID=1803401) to work on /home/udhbhav/miniconda3/lib/python3.11/site-packages/airflow/example_dags/example_external_task_marker_dag.py
[2025-03-27T15:20:30.826-0500] {processor.py:914} INFO - Processing file /home/udhbhav/miniconda3/lib/python3.11/site-packages/airflow/example_dags/example_external_task_marker_dag.py for tasks to queue
[2025-03-27T15:20:30.827-0500] {logging_mixin.py:190} INFO - [2025-03-27T15:20:30.827-0500] {dagbag.py:588} INFO - Filling up the DagBag from /home/udhbhav/miniconda3/lib/python3.11/site-packages/airflow/example_dags/example_external_task_marker_dag.py
[2025-03-27T15:20:30.831-0500] {processor.py:925} INFO - DAG(s) 'example_external_task_marker_parent', 'example_external_task_marker_child' retrieved from /home/udhbhav/miniconda3/lib/python3.11/site-packages/airflow/example_dags/example_external_task_marker_dag.py
[2025-03-27T15:20:30.840-0500] {logging_mixin.py:190} INFO - [2025-03-27T15:20:30.840-0500] {dag.py:3239} INFO - Sync 2 DAGs
[2025-03-27T15:20:30.845-0500] {logging_mixin.py:190} INFO - [2025-03-27T15:20:30.845-0500] {dag.py:4180} INFO - Setting next_dagrun for example_external_task_marker_child to None, run_after=None
[2025-03-27T15:20:30.846-0500] {logging_mixin.py:190} INFO - [2025-03-27T15:20:30.846-0500] {dag.py:4180} INFO - Setting next_dagrun for example_external_task_marker_parent to None, run_after=None
[2025-03-27T15:20:30.953-0500] {processor.py:208} INFO - Processing /home/udhbhav/miniconda3/lib/python3.11/site-packages/airflow/example_dags/example_external_task_marker_dag.py took 0.130 seconds
[2025-03-27T15:21:40.275-0500] {processor.py:186} INFO - Started process (PID=1808232) to work on /home/udhbhav/miniconda3/lib/python3.11/site-packages/airflow/example_dags/example_external_task_marker_dag.py
[2025-03-27T15:21:40.275-0500] {processor.py:914} INFO - Processing file /home/udhbhav/miniconda3/lib/python3.11/site-packages/airflow/example_dags/example_external_task_marker_dag.py for tasks to queue
[2025-03-27T15:21:40.276-0500] {logging_mixin.py:190} INFO - [2025-03-27T15:21:40.276-0500] {dagbag.py:588} INFO - Filling up the DagBag from /home/udhbhav/miniconda3/lib/python3.11/site-packages/airflow/example_dags/example_external_task_marker_dag.py
[2025-03-27T15:21:40.281-0500] {processor.py:925} INFO - DAG(s) 'example_external_task_marker_parent', 'example_external_task_marker_child' retrieved from /home/udhbhav/miniconda3/lib/python3.11/site-packages/airflow/example_dags/example_external_task_marker_dag.py
[2025-03-27T15:21:40.289-0500] {logging_mixin.py:190} INFO - [2025-03-27T15:21:40.289-0500] {dag.py:3239} INFO - Sync 2 DAGs
[2025-03-27T15:21:40.294-0500] {logging_mixin.py:190} INFO - [2025-03-27T15:21:40.294-0500] {dag.py:4180} INFO - Setting next_dagrun for example_external_task_marker_child to None, run_after=None
[2025-03-27T15:21:40.296-0500] {logging_mixin.py:190} INFO - [2025-03-27T15:21:40.296-0500] {dag.py:4180} INFO - Setting next_dagrun for example_external_task_marker_parent to None, run_after=None
[2025-03-27T15:21:40.402-0500] {processor.py:208} INFO - Processing /home/udhbhav/miniconda3/lib/python3.11/site-packages/airflow/example_dags/example_external_task_marker_dag.py took 0.130 seconds
[2025-03-27T15:22:59.776-0500] {processor.py:186} INFO - Started process (PID=1809033) to work on /home/udhbhav/miniconda3/lib/python3.11/site-packages/airflow/example_dags/example_external_task_marker_dag.py
[2025-03-27T15:22:59.777-0500] {processor.py:914} INFO - Processing file /home/udhbhav/miniconda3/lib/python3.11/site-packages/airflow/example_dags/example_external_task_marker_dag.py for tasks to queue
[2025-03-27T15:22:59.777-0500] {logging_mixin.py:190} INFO - [2025-03-27T15:22:59.777-0500] {dagbag.py:588} INFO - Filling up the DagBag from /home/udhbhav/miniconda3/lib/python3.11/site-packages/airflow/example_dags/example_external_task_marker_dag.py
[2025-03-27T15:22:59.782-0500] {processor.py:925} INFO - DAG(s) 'example_external_task_marker_parent', 'example_external_task_marker_child' retrieved from /home/udhbhav/miniconda3/lib/python3.11/site-packages/airflow/example_dags/example_external_task_marker_dag.py
[2025-03-27T15:22:59.790-0500] {logging_mixin.py:190} INFO - [2025-03-27T15:22:59.790-0500] {dag.py:3239} INFO - Sync 2 DAGs
[2025-03-27T15:22:59.795-0500] {logging_mixin.py:190} INFO - [2025-03-27T15:22:59.795-0500] {dag.py:4180} INFO - Setting next_dagrun for example_external_task_marker_child to None, run_after=None
[2025-03-27T15:22:59.797-0500] {logging_mixin.py:190} INFO - [2025-03-27T15:22:59.797-0500] {dag.py:4180} INFO - Setting next_dagrun for example_external_task_marker_parent to None, run_after=None
[2025-03-27T15:22:59.988-0500] {processor.py:208} INFO - Processing /home/udhbhav/miniconda3/lib/python3.11/site-packages/airflow/example_dags/example_external_task_marker_dag.py took 0.215 seconds
[2025-03-27T15:24:08.508-0500] {processor.py:186} INFO - Started process (PID=1809771) to work on /home/udhbhav/miniconda3/lib/python3.11/site-packages/airflow/example_dags/example_external_task_marker_dag.py
[2025-03-27T15:24:08.508-0500] {processor.py:914} INFO - Processing file /home/udhbhav/miniconda3/lib/python3.11/site-packages/airflow/example_dags/example_external_task_marker_dag.py for tasks to queue
[2025-03-27T15:24:08.509-0500] {logging_mixin.py:190} INFO - [2025-03-27T15:24:08.509-0500] {dagbag.py:588} INFO - Filling up the DagBag from /home/udhbhav/miniconda3/lib/python3.11/site-packages/airflow/example_dags/example_external_task_marker_dag.py
[2025-03-27T15:24:08.513-0500] {processor.py:925} INFO - DAG(s) 'example_external_task_marker_parent', 'example_external_task_marker_child' retrieved from /home/udhbhav/miniconda3/lib/python3.11/site-packages/airflow/example_dags/example_external_task_marker_dag.py
[2025-03-27T15:24:08.522-0500] {logging_mixin.py:190} INFO - [2025-03-27T15:24:08.522-0500] {dag.py:3239} INFO - Sync 2 DAGs
[2025-03-27T15:24:08.527-0500] {logging_mixin.py:190} INFO - [2025-03-27T15:24:08.527-0500] {dag.py:4180} INFO - Setting next_dagrun for example_external_task_marker_child to None, run_after=None
[2025-03-27T15:24:08.528-0500] {logging_mixin.py:190} INFO - [2025-03-27T15:24:08.528-0500] {dag.py:4180} INFO - Setting next_dagrun for example_external_task_marker_parent to None, run_after=None
[2025-03-27T15:24:08.673-0500] {processor.py:208} INFO - Processing /home/udhbhav/miniconda3/lib/python3.11/site-packages/airflow/example_dags/example_external_task_marker_dag.py took 0.168 seconds
[2025-03-27T15:25:24.226-0500] {processor.py:186} INFO - Started process (PID=1810500) to work on /home/udhbhav/miniconda3/lib/python3.11/site-packages/airflow/example_dags/example_external_task_marker_dag.py
[2025-03-27T15:25:24.227-0500] {processor.py:914} INFO - Processing file /home/udhbhav/miniconda3/lib/python3.11/site-packages/airflow/example_dags/example_external_task_marker_dag.py for tasks to queue
[2025-03-27T15:25:24.227-0500] {logging_mixin.py:190} INFO - [2025-03-27T15:25:24.227-0500] {dagbag.py:588} INFO - Filling up the DagBag from /home/udhbhav/miniconda3/lib/python3.11/site-packages/airflow/example_dags/example_external_task_marker_dag.py
[2025-03-27T15:25:24.232-0500] {processor.py:925} INFO - DAG(s) 'example_external_task_marker_parent', 'example_external_task_marker_child' retrieved from /home/udhbhav/miniconda3/lib/python3.11/site-packages/airflow/example_dags/example_external_task_marker_dag.py
[2025-03-27T15:25:24.240-0500] {logging_mixin.py:190} INFO - [2025-03-27T15:25:24.240-0500] {dag.py:3239} INFO - Sync 2 DAGs
[2025-03-27T15:25:24.245-0500] {logging_mixin.py:190} INFO - [2025-03-27T15:25:24.245-0500] {dag.py:4180} INFO - Setting next_dagrun for example_external_task_marker_child to None, run_after=None
[2025-03-27T15:25:24.247-0500] {logging_mixin.py:190} INFO - [2025-03-27T15:25:24.247-0500] {dag.py:4180} INFO - Setting next_dagrun for example_external_task_marker_parent to None, run_after=None
[2025-03-27T15:25:25.258-0500] {processor.py:208} INFO - Processing /home/udhbhav/miniconda3/lib/python3.11/site-packages/airflow/example_dags/example_external_task_marker_dag.py took 1.035 seconds
[2025-03-27T15:26:19.557-0500] {processor.py:186} INFO - Started process (PID=1811048) to work on /home/udhbhav/miniconda3/lib/python3.11/site-packages/airflow/example_dags/example_external_task_marker_dag.py
[2025-03-27T15:26:19.557-0500] {processor.py:914} INFO - Processing file /home/udhbhav/miniconda3/lib/python3.11/site-packages/airflow/example_dags/example_external_task_marker_dag.py for tasks to queue
[2025-03-27T15:26:19.558-0500] {logging_mixin.py:190} INFO - [2025-03-27T15:26:19.558-0500] {dagbag.py:588} INFO - Filling up the DagBag from /home/udhbhav/miniconda3/lib/python3.11/site-packages/airflow/example_dags/example_external_task_marker_dag.py
[2025-03-27T15:26:19.562-0500] {processor.py:925} INFO - DAG(s) 'example_external_task_marker_parent', 'example_external_task_marker_child' retrieved from /home/udhbhav/miniconda3/lib/python3.11/site-packages/airflow/example_dags/example_external_task_marker_dag.py
[2025-03-27T15:26:19.571-0500] {logging_mixin.py:190} INFO - [2025-03-27T15:26:19.571-0500] {dag.py:3239} INFO - Sync 2 DAGs
[2025-03-27T15:26:19.576-0500] {logging_mixin.py:190} INFO - [2025-03-27T15:26:19.576-0500] {dag.py:4180} INFO - Setting next_dagrun for example_external_task_marker_child to None, run_after=None
[2025-03-27T15:26:19.578-0500] {logging_mixin.py:190} INFO - [2025-03-27T15:26:19.578-0500] {dag.py:4180} INFO - Setting next_dagrun for example_external_task_marker_parent to None, run_after=None
[2025-03-27T15:26:19.788-0500] {processor.py:208} INFO - Processing /home/udhbhav/miniconda3/lib/python3.11/site-packages/airflow/example_dags/example_external_task_marker_dag.py took 0.234 seconds
[2025-03-27T15:27:36.196-0500] {processor.py:186} INFO - Started process (PID=1811788) to work on /home/udhbhav/miniconda3/lib/python3.11/site-packages/airflow/example_dags/example_external_task_marker_dag.py
[2025-03-27T15:27:36.197-0500] {processor.py:914} INFO - Processing file /home/udhbhav/miniconda3/lib/python3.11/site-packages/airflow/example_dags/example_external_task_marker_dag.py for tasks to queue
[2025-03-27T15:27:36.198-0500] {logging_mixin.py:190} INFO - [2025-03-27T15:27:36.197-0500] {dagbag.py:588} INFO - Filling up the DagBag from /home/udhbhav/miniconda3/lib/python3.11/site-packages/airflow/example_dags/example_external_task_marker_dag.py
[2025-03-27T15:27:36.202-0500] {processor.py:925} INFO - DAG(s) 'example_external_task_marker_child', 'example_external_task_marker_parent' retrieved from /home/udhbhav/miniconda3/lib/python3.11/site-packages/airflow/example_dags/example_external_task_marker_dag.py
[2025-03-27T15:27:36.210-0500] {logging_mixin.py:190} INFO - [2025-03-27T15:27:36.210-0500] {dag.py:3239} INFO - Sync 2 DAGs
[2025-03-27T15:27:36.216-0500] {logging_mixin.py:190} INFO - [2025-03-27T15:27:36.216-0500] {dag.py:4180} INFO - Setting next_dagrun for example_external_task_marker_child to None, run_after=None
[2025-03-27T15:27:36.217-0500] {logging_mixin.py:190} INFO - [2025-03-27T15:27:36.217-0500] {dag.py:4180} INFO - Setting next_dagrun for example_external_task_marker_parent to None, run_after=None
[2025-03-27T15:27:36.322-0500] {processor.py:208} INFO - Processing /home/udhbhav/miniconda3/lib/python3.11/site-packages/airflow/example_dags/example_external_task_marker_dag.py took 0.129 seconds
[2025-03-27T15:29:12.217-0500] {processor.py:186} INFO - Started process (PID=1812666) to work on /home/udhbhav/miniconda3/lib/python3.11/site-packages/airflow/example_dags/example_external_task_marker_dag.py
[2025-03-27T15:29:12.217-0500] {processor.py:914} INFO - Processing file /home/udhbhav/miniconda3/lib/python3.11/site-packages/airflow/example_dags/example_external_task_marker_dag.py for tasks to queue
[2025-03-27T15:29:12.218-0500] {logging_mixin.py:190} INFO - [2025-03-27T15:29:12.218-0500] {dagbag.py:588} INFO - Filling up the DagBag from /home/udhbhav/miniconda3/lib/python3.11/site-packages/airflow/example_dags/example_external_task_marker_dag.py
[2025-03-27T15:29:12.222-0500] {processor.py:925} INFO - DAG(s) 'example_external_task_marker_child', 'example_external_task_marker_parent' retrieved from /home/udhbhav/miniconda3/lib/python3.11/site-packages/airflow/example_dags/example_external_task_marker_dag.py
[2025-03-27T15:29:12.231-0500] {logging_mixin.py:190} INFO - [2025-03-27T15:29:12.231-0500] {dag.py:3239} INFO - Sync 2 DAGs
[2025-03-27T15:29:12.236-0500] {logging_mixin.py:190} INFO - [2025-03-27T15:29:12.236-0500] {dag.py:4180} INFO - Setting next_dagrun for example_external_task_marker_child to None, run_after=None
[2025-03-27T15:29:12.237-0500] {logging_mixin.py:190} INFO - [2025-03-27T15:29:12.237-0500] {dag.py:4180} INFO - Setting next_dagrun for example_external_task_marker_parent to None, run_after=None
[2025-03-27T15:29:13.155-0500] {processor.py:208} INFO - Processing /home/udhbhav/miniconda3/lib/python3.11/site-packages/airflow/example_dags/example_external_task_marker_dag.py took 0.942 seconds
[2025-03-27T15:30:06.323-0500] {processor.py:186} INFO - Started process (PID=1813220) to work on /home/udhbhav/miniconda3/lib/python3.11/site-packages/airflow/example_dags/example_external_task_marker_dag.py
[2025-03-27T15:30:06.324-0500] {processor.py:914} INFO - Processing file /home/udhbhav/miniconda3/lib/python3.11/site-packages/airflow/example_dags/example_external_task_marker_dag.py for tasks to queue
[2025-03-27T15:30:06.325-0500] {logging_mixin.py:190} INFO - [2025-03-27T15:30:06.325-0500] {dagbag.py:588} INFO - Filling up the DagBag from /home/udhbhav/miniconda3/lib/python3.11/site-packages/airflow/example_dags/example_external_task_marker_dag.py
[2025-03-27T15:30:06.329-0500] {processor.py:925} INFO - DAG(s) 'example_external_task_marker_parent', 'example_external_task_marker_child' retrieved from /home/udhbhav/miniconda3/lib/python3.11/site-packages/airflow/example_dags/example_external_task_marker_dag.py
[2025-03-27T15:30:06.338-0500] {logging_mixin.py:190} INFO - [2025-03-27T15:30:06.338-0500] {dag.py:3239} INFO - Sync 2 DAGs
[2025-03-27T15:30:06.343-0500] {logging_mixin.py:190} INFO - [2025-03-27T15:30:06.343-0500] {dag.py:4180} INFO - Setting next_dagrun for example_external_task_marker_child to None, run_after=None
[2025-03-27T15:30:06.344-0500] {logging_mixin.py:190} INFO - [2025-03-27T15:30:06.344-0500] {dag.py:4180} INFO - Setting next_dagrun for example_external_task_marker_parent to None, run_after=None
[2025-03-27T15:30:07.626-0500] {processor.py:208} INFO - Processing /home/udhbhav/miniconda3/lib/python3.11/site-packages/airflow/example_dags/example_external_task_marker_dag.py took 1.305 seconds
[2025-03-27T15:31:56.578-0500] {processor.py:186} INFO - Started process (PID=1814303) to work on /home/udhbhav/miniconda3/lib/python3.11/site-packages/airflow/example_dags/example_external_task_marker_dag.py
[2025-03-27T15:31:56.578-0500] {processor.py:914} INFO - Processing file /home/udhbhav/miniconda3/lib/python3.11/site-packages/airflow/example_dags/example_external_task_marker_dag.py for tasks to queue
[2025-03-27T15:31:56.579-0500] {logging_mixin.py:190} INFO - [2025-03-27T15:31:56.579-0500] {dagbag.py:588} INFO - Filling up the DagBag from /home/udhbhav/miniconda3/lib/python3.11/site-packages/airflow/example_dags/example_external_task_marker_dag.py
[2025-03-27T15:31:56.583-0500] {processor.py:925} INFO - DAG(s) 'example_external_task_marker_child', 'example_external_task_marker_parent' retrieved from /home/udhbhav/miniconda3/lib/python3.11/site-packages/airflow/example_dags/example_external_task_marker_dag.py
[2025-03-27T15:31:56.592-0500] {logging_mixin.py:190} INFO - [2025-03-27T15:31:56.592-0500] {dag.py:3239} INFO - Sync 2 DAGs
[2025-03-27T15:31:56.597-0500] {logging_mixin.py:190} INFO - [2025-03-27T15:31:56.597-0500] {dag.py:4180} INFO - Setting next_dagrun for example_external_task_marker_child to None, run_after=None
[2025-03-27T15:31:56.599-0500] {logging_mixin.py:190} INFO - [2025-03-27T15:31:56.599-0500] {dag.py:4180} INFO - Setting next_dagrun for example_external_task_marker_parent to None, run_after=None
[2025-03-27T15:31:56.724-0500] {processor.py:208} INFO - Processing /home/udhbhav/miniconda3/lib/python3.11/site-packages/airflow/example_dags/example_external_task_marker_dag.py took 0.149 seconds
[2025-03-27T15:33:09.268-0500] {processor.py:186} INFO - Started process (PID=1814909) to work on /home/udhbhav/miniconda3/lib/python3.11/site-packages/airflow/example_dags/example_external_task_marker_dag.py
[2025-03-27T15:33:09.268-0500] {processor.py:914} INFO - Processing file /home/udhbhav/miniconda3/lib/python3.11/site-packages/airflow/example_dags/example_external_task_marker_dag.py for tasks to queue
[2025-03-27T15:33:09.269-0500] {logging_mixin.py:190} INFO - [2025-03-27T15:33:09.269-0500] {dagbag.py:588} INFO - Filling up the DagBag from /home/udhbhav/miniconda3/lib/python3.11/site-packages/airflow/example_dags/example_external_task_marker_dag.py
[2025-03-27T15:33:09.273-0500] {processor.py:925} INFO - DAG(s) 'example_external_task_marker_parent', 'example_external_task_marker_child' retrieved from /home/udhbhav/miniconda3/lib/python3.11/site-packages/airflow/example_dags/example_external_task_marker_dag.py
[2025-03-27T15:33:09.282-0500] {logging_mixin.py:190} INFO - [2025-03-27T15:33:09.282-0500] {dag.py:3239} INFO - Sync 2 DAGs
[2025-03-27T15:33:09.287-0500] {logging_mixin.py:190} INFO - [2025-03-27T15:33:09.287-0500] {dag.py:4180} INFO - Setting next_dagrun for example_external_task_marker_child to None, run_after=None
[2025-03-27T15:33:09.289-0500] {logging_mixin.py:190} INFO - [2025-03-27T15:33:09.289-0500] {dag.py:4180} INFO - Setting next_dagrun for example_external_task_marker_parent to None, run_after=None
[2025-03-27T15:33:09.359-0500] {processor.py:208} INFO - Processing /home/udhbhav/miniconda3/lib/python3.11/site-packages/airflow/example_dags/example_external_task_marker_dag.py took 0.094 seconds
[2025-03-27T15:34:15.535-0500] {processor.py:186} INFO - Started process (PID=1815554) to work on /home/udhbhav/miniconda3/lib/python3.11/site-packages/airflow/example_dags/example_external_task_marker_dag.py
[2025-03-27T15:34:15.535-0500] {processor.py:914} INFO - Processing file /home/udhbhav/miniconda3/lib/python3.11/site-packages/airflow/example_dags/example_external_task_marker_dag.py for tasks to queue
[2025-03-27T15:34:15.536-0500] {logging_mixin.py:190} INFO - [2025-03-27T15:34:15.536-0500] {dagbag.py:588} INFO - Filling up the DagBag from /home/udhbhav/miniconda3/lib/python3.11/site-packages/airflow/example_dags/example_external_task_marker_dag.py
[2025-03-27T15:34:15.540-0500] {processor.py:925} INFO - DAG(s) 'example_external_task_marker_child', 'example_external_task_marker_parent' retrieved from /home/udhbhav/miniconda3/lib/python3.11/site-packages/airflow/example_dags/example_external_task_marker_dag.py
[2025-03-27T15:34:15.549-0500] {logging_mixin.py:190} INFO - [2025-03-27T15:34:15.549-0500] {dag.py:3239} INFO - Sync 2 DAGs
[2025-03-27T15:34:15.554-0500] {logging_mixin.py:190} INFO - [2025-03-27T15:34:15.554-0500] {dag.py:4180} INFO - Setting next_dagrun for example_external_task_marker_child to None, run_after=None
[2025-03-27T15:34:15.555-0500] {logging_mixin.py:190} INFO - [2025-03-27T15:34:15.555-0500] {dag.py:4180} INFO - Setting next_dagrun for example_external_task_marker_parent to None, run_after=None
[2025-03-27T15:34:15.657-0500] {processor.py:208} INFO - Processing /home/udhbhav/miniconda3/lib/python3.11/site-packages/airflow/example_dags/example_external_task_marker_dag.py took 0.125 seconds
[2025-03-27T15:35:21.474-0500] {processor.py:186} INFO - Started process (PID=1816198) to work on /home/udhbhav/miniconda3/lib/python3.11/site-packages/airflow/example_dags/example_external_task_marker_dag.py
[2025-03-27T15:35:21.474-0500] {processor.py:914} INFO - Processing file /home/udhbhav/miniconda3/lib/python3.11/site-packages/airflow/example_dags/example_external_task_marker_dag.py for tasks to queue
[2025-03-27T15:35:21.475-0500] {logging_mixin.py:190} INFO - [2025-03-27T15:35:21.475-0500] {dagbag.py:588} INFO - Filling up the DagBag from /home/udhbhav/miniconda3/lib/python3.11/site-packages/airflow/example_dags/example_external_task_marker_dag.py
[2025-03-27T15:35:21.480-0500] {processor.py:925} INFO - DAG(s) 'example_external_task_marker_parent', 'example_external_task_marker_child' retrieved from /home/udhbhav/miniconda3/lib/python3.11/site-packages/airflow/example_dags/example_external_task_marker_dag.py
[2025-03-27T15:35:21.488-0500] {logging_mixin.py:190} INFO - [2025-03-27T15:35:21.488-0500] {dag.py:3239} INFO - Sync 2 DAGs
[2025-03-27T15:35:21.494-0500] {logging_mixin.py:190} INFO - [2025-03-27T15:35:21.493-0500] {dag.py:4180} INFO - Setting next_dagrun for example_external_task_marker_child to None, run_after=None
[2025-03-27T15:35:21.495-0500] {logging_mixin.py:190} INFO - [2025-03-27T15:35:21.495-0500] {dag.py:4180} INFO - Setting next_dagrun for example_external_task_marker_parent to None, run_after=None
[2025-03-27T15:35:21.654-0500] {processor.py:208} INFO - Processing /home/udhbhav/miniconda3/lib/python3.11/site-packages/airflow/example_dags/example_external_task_marker_dag.py took 0.183 seconds
