[2025-03-27T14:26:30.333-0500] {processor.py:186} INFO - Started process (PID=1763307) to work on /home/udhbhav/miniconda3/lib/python3.11/site-packages/airflow/example_dags/example_python_operator.py
[2025-03-27T14:26:30.333-0500] {processor.py:914} INFO - Processing file /home/udhbhav/miniconda3/lib/python3.11/site-packages/airflow/example_dags/example_python_operator.py for tasks to queue
[2025-03-27T14:26:30.334-0500] {logging_mixin.py:190} INFO - [2025-03-27T14:26:30.334-0500] {dagbag.py:588} INFO - Filling up the DagBag from /home/udhbhav/miniconda3/lib/python3.11/site-packages/airflow/example_dags/example_python_operator.py
[2025-03-27T14:26:30.341-0500] {processor.py:925} INFO - DAG(s) 'example_python_operator' retrieved from /home/udhbhav/miniconda3/lib/python3.11/site-packages/airflow/example_dags/example_python_operator.py
[2025-03-27T14:26:31.556-0500] {logging_mixin.py:190} INFO - [2025-03-27T14:26:31.556-0500] {override.py:1912} INFO - Created Permission View: can read on DAG:example_python_operator
[2025-03-27T14:26:31.778-0500] {logging_mixin.py:190} INFO - [2025-03-27T14:26:31.778-0500] {override.py:1912} INFO - Created Permission View: can edit on DAG:example_python_operator
[2025-03-27T14:26:31.908-0500] {logging_mixin.py:190} INFO - [2025-03-27T14:26:31.908-0500] {override.py:1912} INFO - Created Permission View: can delete on DAG:example_python_operator
[2025-03-27T14:26:32.782-0500] {logging_mixin.py:190} INFO - [2025-03-27T14:26:32.782-0500] {override.py:1912} INFO - Created Permission View: can read on DAG Run:example_python_operator
[2025-03-27T14:26:33.006-0500] {logging_mixin.py:190} INFO - [2025-03-27T14:26:33.005-0500] {override.py:1912} INFO - Created Permission View: menu access on DAG Run:example_python_operator
[2025-03-27T14:26:33.231-0500] {logging_mixin.py:190} INFO - [2025-03-27T14:26:33.231-0500] {override.py:1912} INFO - Created Permission View: can create on DAG Run:example_python_operator
[2025-03-27T14:26:33.882-0500] {logging_mixin.py:190} INFO - [2025-03-27T14:26:33.882-0500] {override.py:1912} INFO - Created Permission View: can delete on DAG Run:example_python_operator
[2025-03-27T14:26:33.882-0500] {logging_mixin.py:190} INFO - [2025-03-27T14:26:33.882-0500] {dag.py:3239} INFO - Sync 1 DAGs
[2025-03-27T14:26:33.888-0500] {logging_mixin.py:190} INFO - [2025-03-27T14:26:33.888-0500] {dag.py:3262} INFO - Creating ORM DAG for example_python_operator
[2025-03-27T14:26:33.888-0500] {logging_mixin.py:190} INFO - [2025-03-27T14:26:33.888-0500] {dag.py:4180} INFO - Setting next_dagrun for example_python_operator to None, run_after=None
[2025-03-27T14:26:35.389-0500] {processor.py:208} INFO - Processing /home/udhbhav/miniconda3/lib/python3.11/site-packages/airflow/example_dags/example_python_operator.py took 5.059 seconds
[2025-03-27T14:28:34.388-0500] {processor.py:186} INFO - Started process (PID=1764369) to work on /home/udhbhav/miniconda3/lib/python3.11/site-packages/airflow/example_dags/example_python_operator.py
[2025-03-27T14:28:34.388-0500] {processor.py:914} INFO - Processing file /home/udhbhav/miniconda3/lib/python3.11/site-packages/airflow/example_dags/example_python_operator.py for tasks to queue
[2025-03-27T14:28:34.389-0500] {logging_mixin.py:190} INFO - [2025-03-27T14:28:34.389-0500] {dagbag.py:588} INFO - Filling up the DagBag from /home/udhbhav/miniconda3/lib/python3.11/site-packages/airflow/example_dags/example_python_operator.py
[2025-03-27T14:28:34.396-0500] {processor.py:925} INFO - DAG(s) 'example_python_operator' retrieved from /home/udhbhav/miniconda3/lib/python3.11/site-packages/airflow/example_dags/example_python_operator.py
[2025-03-27T14:28:34.405-0500] {logging_mixin.py:190} INFO - [2025-03-27T14:28:34.405-0500] {dag.py:3239} INFO - Sync 1 DAGs
[2025-03-27T14:28:34.410-0500] {logging_mixin.py:190} INFO - [2025-03-27T14:28:34.410-0500] {dag.py:4180} INFO - Setting next_dagrun for example_python_operator to None, run_after=None
[2025-03-27T14:28:34.587-0500] {processor.py:208} INFO - Processing /home/udhbhav/miniconda3/lib/python3.11/site-packages/airflow/example_dags/example_python_operator.py took 0.202 seconds
[2025-03-27T14:35:46.098-0500] {processor.py:186} INFO - Started process (PID=1768633) to work on /home/udhbhav/miniconda3/lib/python3.11/site-packages/airflow/example_dags/example_python_operator.py
[2025-03-27T14:35:46.098-0500] {processor.py:914} INFO - Processing file /home/udhbhav/miniconda3/lib/python3.11/site-packages/airflow/example_dags/example_python_operator.py for tasks to queue
[2025-03-27T14:35:46.099-0500] {logging_mixin.py:190} INFO - [2025-03-27T14:35:46.099-0500] {dagbag.py:588} INFO - Filling up the DagBag from /home/udhbhav/miniconda3/lib/python3.11/site-packages/airflow/example_dags/example_python_operator.py
[2025-03-27T14:35:46.105-0500] {processor.py:925} INFO - DAG(s) 'example_python_operator' retrieved from /home/udhbhav/miniconda3/lib/python3.11/site-packages/airflow/example_dags/example_python_operator.py
[2025-03-27T14:35:46.151-0500] {logging_mixin.py:190} INFO - [2025-03-27T14:35:46.151-0500] {dag.py:3239} INFO - Sync 1 DAGs
[2025-03-27T14:35:46.156-0500] {logging_mixin.py:190} INFO - [2025-03-27T14:35:46.156-0500] {dag.py:4180} INFO - Setting next_dagrun for example_python_operator to None, run_after=None
[2025-03-27T14:35:46.263-0500] {processor.py:208} INFO - Processing /home/udhbhav/miniconda3/lib/python3.11/site-packages/airflow/example_dags/example_python_operator.py took 0.168 seconds
[2025-03-27T14:37:33.443-0500] {processor.py:186} INFO - Started process (PID=1769672) to work on /home/udhbhav/miniconda3/lib/python3.11/site-packages/airflow/example_dags/example_python_operator.py
[2025-03-27T14:37:33.443-0500] {processor.py:914} INFO - Processing file /home/udhbhav/miniconda3/lib/python3.11/site-packages/airflow/example_dags/example_python_operator.py for tasks to queue
[2025-03-27T14:37:33.444-0500] {logging_mixin.py:190} INFO - [2025-03-27T14:37:33.444-0500] {dagbag.py:588} INFO - Filling up the DagBag from /home/udhbhav/miniconda3/lib/python3.11/site-packages/airflow/example_dags/example_python_operator.py
[2025-03-27T14:37:33.451-0500] {processor.py:925} INFO - DAG(s) 'example_python_operator' retrieved from /home/udhbhav/miniconda3/lib/python3.11/site-packages/airflow/example_dags/example_python_operator.py
[2025-03-27T14:37:33.459-0500] {logging_mixin.py:190} INFO - [2025-03-27T14:37:33.459-0500] {dag.py:3239} INFO - Sync 1 DAGs
[2025-03-27T14:37:33.519-0500] {logging_mixin.py:190} INFO - [2025-03-27T14:37:33.519-0500] {dag.py:4180} INFO - Setting next_dagrun for example_python_operator to None, run_after=None
[2025-03-27T14:37:33.629-0500] {processor.py:208} INFO - Processing /home/udhbhav/miniconda3/lib/python3.11/site-packages/airflow/example_dags/example_python_operator.py took 0.189 seconds
[2025-03-27T14:38:40.432-0500] {processor.py:186} INFO - Started process (PID=1770669) to work on /home/udhbhav/miniconda3/lib/python3.11/site-packages/airflow/example_dags/example_python_operator.py
[2025-03-27T14:38:40.433-0500] {processor.py:914} INFO - Processing file /home/udhbhav/miniconda3/lib/python3.11/site-packages/airflow/example_dags/example_python_operator.py for tasks to queue
[2025-03-27T14:38:40.433-0500] {logging_mixin.py:190} INFO - [2025-03-27T14:38:40.433-0500] {dagbag.py:588} INFO - Filling up the DagBag from /home/udhbhav/miniconda3/lib/python3.11/site-packages/airflow/example_dags/example_python_operator.py
[2025-03-27T14:38:40.440-0500] {processor.py:925} INFO - DAG(s) 'example_python_operator' retrieved from /home/udhbhav/miniconda3/lib/python3.11/site-packages/airflow/example_dags/example_python_operator.py
[2025-03-27T14:38:40.448-0500] {logging_mixin.py:190} INFO - [2025-03-27T14:38:40.448-0500] {dag.py:3239} INFO - Sync 1 DAGs
[2025-03-27T14:38:40.453-0500] {logging_mixin.py:190} INFO - [2025-03-27T14:38:40.453-0500] {dag.py:4180} INFO - Setting next_dagrun for example_python_operator to None, run_after=None
[2025-03-27T14:38:40.561-0500] {processor.py:208} INFO - Processing /home/udhbhav/miniconda3/lib/python3.11/site-packages/airflow/example_dags/example_python_operator.py took 0.132 seconds
[2025-03-27T14:39:58.772-0500] {processor.py:186} INFO - Started process (PID=1771460) to work on /home/udhbhav/miniconda3/lib/python3.11/site-packages/airflow/example_dags/example_python_operator.py
[2025-03-27T14:39:58.773-0500] {processor.py:914} INFO - Processing file /home/udhbhav/miniconda3/lib/python3.11/site-packages/airflow/example_dags/example_python_operator.py for tasks to queue
[2025-03-27T14:39:58.774-0500] {logging_mixin.py:190} INFO - [2025-03-27T14:39:58.774-0500] {dagbag.py:588} INFO - Filling up the DagBag from /home/udhbhav/miniconda3/lib/python3.11/site-packages/airflow/example_dags/example_python_operator.py
[2025-03-27T14:39:58.780-0500] {processor.py:925} INFO - DAG(s) 'example_python_operator' retrieved from /home/udhbhav/miniconda3/lib/python3.11/site-packages/airflow/example_dags/example_python_operator.py
[2025-03-27T14:39:58.788-0500] {logging_mixin.py:190} INFO - [2025-03-27T14:39:58.788-0500] {dag.py:3239} INFO - Sync 1 DAGs
[2025-03-27T14:39:58.793-0500] {logging_mixin.py:190} INFO - [2025-03-27T14:39:58.793-0500] {dag.py:4180} INFO - Setting next_dagrun for example_python_operator to None, run_after=None
[2025-03-27T14:39:58.908-0500] {processor.py:208} INFO - Processing /home/udhbhav/miniconda3/lib/python3.11/site-packages/airflow/example_dags/example_python_operator.py took 0.139 seconds
[2025-03-27T14:41:24.555-0500] {processor.py:186} INFO - Started process (PID=1772430) to work on /home/udhbhav/miniconda3/lib/python3.11/site-packages/airflow/example_dags/example_python_operator.py
[2025-03-27T14:41:24.555-0500] {processor.py:914} INFO - Processing file /home/udhbhav/miniconda3/lib/python3.11/site-packages/airflow/example_dags/example_python_operator.py for tasks to queue
[2025-03-27T14:41:24.556-0500] {logging_mixin.py:190} INFO - [2025-03-27T14:41:24.556-0500] {dagbag.py:588} INFO - Filling up the DagBag from /home/udhbhav/miniconda3/lib/python3.11/site-packages/airflow/example_dags/example_python_operator.py
[2025-03-27T14:41:24.563-0500] {processor.py:925} INFO - DAG(s) 'example_python_operator' retrieved from /home/udhbhav/miniconda3/lib/python3.11/site-packages/airflow/example_dags/example_python_operator.py
[2025-03-27T14:41:24.679-0500] {logging_mixin.py:190} INFO - [2025-03-27T14:41:24.679-0500] {dag.py:3239} INFO - Sync 1 DAGs
[2025-03-27T14:41:24.790-0500] {logging_mixin.py:190} INFO - [2025-03-27T14:41:24.789-0500] {dag.py:4180} INFO - Setting next_dagrun for example_python_operator to None, run_after=None
[2025-03-27T14:41:24.894-0500] {processor.py:208} INFO - Processing /home/udhbhav/miniconda3/lib/python3.11/site-packages/airflow/example_dags/example_python_operator.py took 0.342 seconds
[2025-03-27T14:42:40.887-0500] {processor.py:186} INFO - Started process (PID=1773374) to work on /home/udhbhav/miniconda3/lib/python3.11/site-packages/airflow/example_dags/example_python_operator.py
[2025-03-27T14:42:40.888-0500] {processor.py:914} INFO - Processing file /home/udhbhav/miniconda3/lib/python3.11/site-packages/airflow/example_dags/example_python_operator.py for tasks to queue
[2025-03-27T14:42:40.889-0500] {logging_mixin.py:190} INFO - [2025-03-27T14:42:40.889-0500] {dagbag.py:588} INFO - Filling up the DagBag from /home/udhbhav/miniconda3/lib/python3.11/site-packages/airflow/example_dags/example_python_operator.py
[2025-03-27T14:42:40.895-0500] {processor.py:925} INFO - DAG(s) 'example_python_operator' retrieved from /home/udhbhav/miniconda3/lib/python3.11/site-packages/airflow/example_dags/example_python_operator.py
[2025-03-27T14:42:40.903-0500] {logging_mixin.py:190} INFO - [2025-03-27T14:42:40.903-0500] {dag.py:3239} INFO - Sync 1 DAGs
[2025-03-27T14:42:40.908-0500] {logging_mixin.py:190} INFO - [2025-03-27T14:42:40.908-0500] {dag.py:4180} INFO - Setting next_dagrun for example_python_operator to None, run_after=None
[2025-03-27T14:42:41.015-0500] {processor.py:208} INFO - Processing /home/udhbhav/miniconda3/lib/python3.11/site-packages/airflow/example_dags/example_python_operator.py took 0.131 seconds
[2025-03-27T14:44:07.238-0500] {processor.py:186} INFO - Started process (PID=1774309) to work on /home/udhbhav/miniconda3/lib/python3.11/site-packages/airflow/example_dags/example_python_operator.py
[2025-03-27T14:44:07.238-0500] {processor.py:914} INFO - Processing file /home/udhbhav/miniconda3/lib/python3.11/site-packages/airflow/example_dags/example_python_operator.py for tasks to queue
[2025-03-27T14:44:07.239-0500] {logging_mixin.py:190} INFO - [2025-03-27T14:44:07.239-0500] {dagbag.py:588} INFO - Filling up the DagBag from /home/udhbhav/miniconda3/lib/python3.11/site-packages/airflow/example_dags/example_python_operator.py
[2025-03-27T14:44:07.245-0500] {processor.py:925} INFO - DAG(s) 'example_python_operator' retrieved from /home/udhbhav/miniconda3/lib/python3.11/site-packages/airflow/example_dags/example_python_operator.py
[2025-03-27T14:44:07.254-0500] {logging_mixin.py:190} INFO - [2025-03-27T14:44:07.254-0500] {dag.py:3239} INFO - Sync 1 DAGs
[2025-03-27T14:44:07.259-0500] {logging_mixin.py:190} INFO - [2025-03-27T14:44:07.259-0500] {dag.py:4180} INFO - Setting next_dagrun for example_python_operator to None, run_after=None
[2025-03-27T14:44:07.369-0500] {processor.py:208} INFO - Processing /home/udhbhav/miniconda3/lib/python3.11/site-packages/airflow/example_dags/example_python_operator.py took 0.135 seconds
[2025-03-27T14:45:13.101-0500] {processor.py:186} INFO - Started process (PID=1774968) to work on /home/udhbhav/miniconda3/lib/python3.11/site-packages/airflow/example_dags/example_python_operator.py
[2025-03-27T14:45:13.101-0500] {processor.py:914} INFO - Processing file /home/udhbhav/miniconda3/lib/python3.11/site-packages/airflow/example_dags/example_python_operator.py for tasks to queue
[2025-03-27T14:45:13.102-0500] {logging_mixin.py:190} INFO - [2025-03-27T14:45:13.102-0500] {dagbag.py:588} INFO - Filling up the DagBag from /home/udhbhav/miniconda3/lib/python3.11/site-packages/airflow/example_dags/example_python_operator.py
[2025-03-27T14:45:13.109-0500] {processor.py:925} INFO - DAG(s) 'example_python_operator' retrieved from /home/udhbhav/miniconda3/lib/python3.11/site-packages/airflow/example_dags/example_python_operator.py
[2025-03-27T14:45:13.117-0500] {logging_mixin.py:190} INFO - [2025-03-27T14:45:13.117-0500] {dag.py:3239} INFO - Sync 1 DAGs
[2025-03-27T14:45:13.122-0500] {logging_mixin.py:190} INFO - [2025-03-27T14:45:13.122-0500] {dag.py:4180} INFO - Setting next_dagrun for example_python_operator to None, run_after=None
[2025-03-27T14:45:13.230-0500] {processor.py:208} INFO - Processing /home/udhbhav/miniconda3/lib/python3.11/site-packages/airflow/example_dags/example_python_operator.py took 0.132 seconds
[2025-03-27T14:46:50.086-0500] {processor.py:186} INFO - Started process (PID=1775950) to work on /home/udhbhav/miniconda3/lib/python3.11/site-packages/airflow/example_dags/example_python_operator.py
[2025-03-27T14:46:50.087-0500] {processor.py:914} INFO - Processing file /home/udhbhav/miniconda3/lib/python3.11/site-packages/airflow/example_dags/example_python_operator.py for tasks to queue
[2025-03-27T14:46:50.088-0500] {logging_mixin.py:190} INFO - [2025-03-27T14:46:50.088-0500] {dagbag.py:588} INFO - Filling up the DagBag from /home/udhbhav/miniconda3/lib/python3.11/site-packages/airflow/example_dags/example_python_operator.py
[2025-03-27T14:46:50.094-0500] {processor.py:925} INFO - DAG(s) 'example_python_operator' retrieved from /home/udhbhav/miniconda3/lib/python3.11/site-packages/airflow/example_dags/example_python_operator.py
[2025-03-27T14:46:50.102-0500] {logging_mixin.py:190} INFO - [2025-03-27T14:46:50.102-0500] {dag.py:3239} INFO - Sync 1 DAGs
[2025-03-27T14:46:50.107-0500] {logging_mixin.py:190} INFO - [2025-03-27T14:46:50.107-0500] {dag.py:4180} INFO - Setting next_dagrun for example_python_operator to None, run_after=None
[2025-03-27T14:46:50.214-0500] {processor.py:208} INFO - Processing /home/udhbhav/miniconda3/lib/python3.11/site-packages/airflow/example_dags/example_python_operator.py took 0.130 seconds
[2025-03-27T14:48:05.021-0500] {processor.py:186} INFO - Started process (PID=1776627) to work on /home/udhbhav/miniconda3/lib/python3.11/site-packages/airflow/example_dags/example_python_operator.py
[2025-03-27T14:48:05.022-0500] {processor.py:914} INFO - Processing file /home/udhbhav/miniconda3/lib/python3.11/site-packages/airflow/example_dags/example_python_operator.py for tasks to queue
[2025-03-27T14:48:05.023-0500] {logging_mixin.py:190} INFO - [2025-03-27T14:48:05.022-0500] {dagbag.py:588} INFO - Filling up the DagBag from /home/udhbhav/miniconda3/lib/python3.11/site-packages/airflow/example_dags/example_python_operator.py
[2025-03-27T14:48:05.029-0500] {processor.py:925} INFO - DAG(s) 'example_python_operator' retrieved from /home/udhbhav/miniconda3/lib/python3.11/site-packages/airflow/example_dags/example_python_operator.py
[2025-03-27T14:48:05.037-0500] {logging_mixin.py:190} INFO - [2025-03-27T14:48:05.037-0500] {dag.py:3239} INFO - Sync 1 DAGs
[2025-03-27T14:48:05.042-0500] {logging_mixin.py:190} INFO - [2025-03-27T14:48:05.042-0500] {dag.py:4180} INFO - Setting next_dagrun for example_python_operator to None, run_after=None
[2025-03-27T14:48:05.208-0500] {processor.py:208} INFO - Processing /home/udhbhav/miniconda3/lib/python3.11/site-packages/airflow/example_dags/example_python_operator.py took 0.189 seconds
[2025-03-27T14:49:24.880-0500] {processor.py:186} INFO - Started process (PID=1777340) to work on /home/udhbhav/miniconda3/lib/python3.11/site-packages/airflow/example_dags/example_python_operator.py
[2025-03-27T14:49:24.881-0500] {processor.py:914} INFO - Processing file /home/udhbhav/miniconda3/lib/python3.11/site-packages/airflow/example_dags/example_python_operator.py for tasks to queue
[2025-03-27T14:49:24.882-0500] {logging_mixin.py:190} INFO - [2025-03-27T14:49:24.882-0500] {dagbag.py:588} INFO - Filling up the DagBag from /home/udhbhav/miniconda3/lib/python3.11/site-packages/airflow/example_dags/example_python_operator.py
[2025-03-27T14:49:24.888-0500] {processor.py:925} INFO - DAG(s) 'example_python_operator' retrieved from /home/udhbhav/miniconda3/lib/python3.11/site-packages/airflow/example_dags/example_python_operator.py
[2025-03-27T14:49:24.897-0500] {logging_mixin.py:190} INFO - [2025-03-27T14:49:24.896-0500] {dag.py:3239} INFO - Sync 1 DAGs
[2025-03-27T14:49:24.902-0500] {logging_mixin.py:190} INFO - [2025-03-27T14:49:24.902-0500] {dag.py:4180} INFO - Setting next_dagrun for example_python_operator to None, run_after=None
[2025-03-27T14:49:25.344-0500] {processor.py:208} INFO - Processing /home/udhbhav/miniconda3/lib/python3.11/site-packages/airflow/example_dags/example_python_operator.py took 0.466 seconds
[2025-03-27T14:50:50.118-0500] {processor.py:186} INFO - Started process (PID=1779117) to work on /home/udhbhav/miniconda3/lib/python3.11/site-packages/airflow/example_dags/example_python_operator.py
[2025-03-27T14:50:50.118-0500] {processor.py:914} INFO - Processing file /home/udhbhav/miniconda3/lib/python3.11/site-packages/airflow/example_dags/example_python_operator.py for tasks to queue
[2025-03-27T14:50:50.119-0500] {logging_mixin.py:190} INFO - [2025-03-27T14:50:50.119-0500] {dagbag.py:588} INFO - Filling up the DagBag from /home/udhbhav/miniconda3/lib/python3.11/site-packages/airflow/example_dags/example_python_operator.py
[2025-03-27T14:50:50.126-0500] {processor.py:925} INFO - DAG(s) 'example_python_operator' retrieved from /home/udhbhav/miniconda3/lib/python3.11/site-packages/airflow/example_dags/example_python_operator.py
[2025-03-27T14:50:50.134-0500] {logging_mixin.py:190} INFO - [2025-03-27T14:50:50.134-0500] {dag.py:3239} INFO - Sync 1 DAGs
[2025-03-27T14:50:50.140-0500] {logging_mixin.py:190} INFO - [2025-03-27T14:50:50.140-0500] {dag.py:4180} INFO - Setting next_dagrun for example_python_operator to None, run_after=None
[2025-03-27T14:50:50.247-0500] {processor.py:208} INFO - Processing /home/udhbhav/miniconda3/lib/python3.11/site-packages/airflow/example_dags/example_python_operator.py took 0.132 seconds
[2025-03-27T14:51:55.127-0500] {processor.py:186} INFO - Started process (PID=1783761) to work on /home/udhbhav/miniconda3/lib/python3.11/site-packages/airflow/example_dags/example_python_operator.py
[2025-03-27T14:51:55.127-0500] {processor.py:914} INFO - Processing file /home/udhbhav/miniconda3/lib/python3.11/site-packages/airflow/example_dags/example_python_operator.py for tasks to queue
[2025-03-27T14:51:55.128-0500] {logging_mixin.py:190} INFO - [2025-03-27T14:51:55.128-0500] {dagbag.py:588} INFO - Filling up the DagBag from /home/udhbhav/miniconda3/lib/python3.11/site-packages/airflow/example_dags/example_python_operator.py
[2025-03-27T14:51:55.135-0500] {processor.py:925} INFO - DAG(s) 'example_python_operator' retrieved from /home/udhbhav/miniconda3/lib/python3.11/site-packages/airflow/example_dags/example_python_operator.py
[2025-03-27T14:51:55.143-0500] {logging_mixin.py:190} INFO - [2025-03-27T14:51:55.143-0500] {dag.py:3239} INFO - Sync 1 DAGs
[2025-03-27T14:51:55.149-0500] {logging_mixin.py:190} INFO - [2025-03-27T14:51:55.149-0500] {dag.py:4180} INFO - Setting next_dagrun for example_python_operator to None, run_after=None
[2025-03-27T14:51:55.256-0500] {processor.py:208} INFO - Processing /home/udhbhav/miniconda3/lib/python3.11/site-packages/airflow/example_dags/example_python_operator.py took 0.132 seconds
[2025-03-27T14:53:06.871-0500] {processor.py:186} INFO - Started process (PID=1784443) to work on /home/udhbhav/miniconda3/lib/python3.11/site-packages/airflow/example_dags/example_python_operator.py
[2025-03-27T14:53:06.872-0500] {processor.py:914} INFO - Processing file /home/udhbhav/miniconda3/lib/python3.11/site-packages/airflow/example_dags/example_python_operator.py for tasks to queue
[2025-03-27T14:53:06.873-0500] {logging_mixin.py:190} INFO - [2025-03-27T14:53:06.873-0500] {dagbag.py:588} INFO - Filling up the DagBag from /home/udhbhav/miniconda3/lib/python3.11/site-packages/airflow/example_dags/example_python_operator.py
[2025-03-27T14:53:06.879-0500] {processor.py:925} INFO - DAG(s) 'example_python_operator' retrieved from /home/udhbhav/miniconda3/lib/python3.11/site-packages/airflow/example_dags/example_python_operator.py
[2025-03-27T14:53:06.887-0500] {logging_mixin.py:190} INFO - [2025-03-27T14:53:06.887-0500] {dag.py:3239} INFO - Sync 1 DAGs
[2025-03-27T14:53:06.892-0500] {logging_mixin.py:190} INFO - [2025-03-27T14:53:06.892-0500] {dag.py:4180} INFO - Setting next_dagrun for example_python_operator to None, run_after=None
[2025-03-27T14:53:06.996-0500] {processor.py:208} INFO - Processing /home/udhbhav/miniconda3/lib/python3.11/site-packages/airflow/example_dags/example_python_operator.py took 0.128 seconds
[2025-03-27T14:54:14.545-0500] {processor.py:186} INFO - Started process (PID=1785043) to work on /home/udhbhav/miniconda3/lib/python3.11/site-packages/airflow/example_dags/example_python_operator.py
[2025-03-27T14:54:14.545-0500] {processor.py:914} INFO - Processing file /home/udhbhav/miniconda3/lib/python3.11/site-packages/airflow/example_dags/example_python_operator.py for tasks to queue
[2025-03-27T14:54:14.546-0500] {logging_mixin.py:190} INFO - [2025-03-27T14:54:14.546-0500] {dagbag.py:588} INFO - Filling up the DagBag from /home/udhbhav/miniconda3/lib/python3.11/site-packages/airflow/example_dags/example_python_operator.py
[2025-03-27T14:54:14.552-0500] {processor.py:925} INFO - DAG(s) 'example_python_operator' retrieved from /home/udhbhav/miniconda3/lib/python3.11/site-packages/airflow/example_dags/example_python_operator.py
[2025-03-27T14:54:14.561-0500] {logging_mixin.py:190} INFO - [2025-03-27T14:54:14.561-0500] {dag.py:3239} INFO - Sync 1 DAGs
[2025-03-27T14:54:14.566-0500] {logging_mixin.py:190} INFO - [2025-03-27T14:54:14.566-0500] {dag.py:4180} INFO - Setting next_dagrun for example_python_operator to None, run_after=None
[2025-03-27T14:54:14.672-0500] {processor.py:208} INFO - Processing /home/udhbhav/miniconda3/lib/python3.11/site-packages/airflow/example_dags/example_python_operator.py took 0.130 seconds
[2025-03-27T14:55:16.266-0500] {processor.py:186} INFO - Started process (PID=1785666) to work on /home/udhbhav/miniconda3/lib/python3.11/site-packages/airflow/example_dags/example_python_operator.py
[2025-03-27T14:55:16.267-0500] {processor.py:914} INFO - Processing file /home/udhbhav/miniconda3/lib/python3.11/site-packages/airflow/example_dags/example_python_operator.py for tasks to queue
[2025-03-27T14:55:16.268-0500] {logging_mixin.py:190} INFO - [2025-03-27T14:55:16.268-0500] {dagbag.py:588} INFO - Filling up the DagBag from /home/udhbhav/miniconda3/lib/python3.11/site-packages/airflow/example_dags/example_python_operator.py
[2025-03-27T14:55:16.274-0500] {processor.py:925} INFO - DAG(s) 'example_python_operator' retrieved from /home/udhbhav/miniconda3/lib/python3.11/site-packages/airflow/example_dags/example_python_operator.py
[2025-03-27T14:55:16.282-0500] {logging_mixin.py:190} INFO - [2025-03-27T14:55:16.282-0500] {dag.py:3239} INFO - Sync 1 DAGs
[2025-03-27T14:55:16.288-0500] {logging_mixin.py:190} INFO - [2025-03-27T14:55:16.288-0500] {dag.py:4180} INFO - Setting next_dagrun for example_python_operator to None, run_after=None
[2025-03-27T14:55:16.396-0500] {processor.py:208} INFO - Processing /home/udhbhav/miniconda3/lib/python3.11/site-packages/airflow/example_dags/example_python_operator.py took 0.133 seconds
[2025-03-27T14:56:33.756-0500] {processor.py:186} INFO - Started process (PID=1786489) to work on /home/udhbhav/miniconda3/lib/python3.11/site-packages/airflow/example_dags/example_python_operator.py
[2025-03-27T14:56:33.756-0500] {processor.py:914} INFO - Processing file /home/udhbhav/miniconda3/lib/python3.11/site-packages/airflow/example_dags/example_python_operator.py for tasks to queue
[2025-03-27T14:56:33.757-0500] {logging_mixin.py:190} INFO - [2025-03-27T14:56:33.757-0500] {dagbag.py:588} INFO - Filling up the DagBag from /home/udhbhav/miniconda3/lib/python3.11/site-packages/airflow/example_dags/example_python_operator.py
[2025-03-27T14:56:33.764-0500] {processor.py:925} INFO - DAG(s) 'example_python_operator' retrieved from /home/udhbhav/miniconda3/lib/python3.11/site-packages/airflow/example_dags/example_python_operator.py
[2025-03-27T14:56:33.772-0500] {logging_mixin.py:190} INFO - [2025-03-27T14:56:33.772-0500] {dag.py:3239} INFO - Sync 1 DAGs
[2025-03-27T14:56:33.777-0500] {logging_mixin.py:190} INFO - [2025-03-27T14:56:33.777-0500] {dag.py:4180} INFO - Setting next_dagrun for example_python_operator to None, run_after=None
[2025-03-27T14:56:33.882-0500] {processor.py:208} INFO - Processing /home/udhbhav/miniconda3/lib/python3.11/site-packages/airflow/example_dags/example_python_operator.py took 0.129 seconds
[2025-03-27T14:57:50.219-0500] {processor.py:186} INFO - Started process (PID=1787337) to work on /home/udhbhav/miniconda3/lib/python3.11/site-packages/airflow/example_dags/example_python_operator.py
[2025-03-27T14:57:50.220-0500] {processor.py:914} INFO - Processing file /home/udhbhav/miniconda3/lib/python3.11/site-packages/airflow/example_dags/example_python_operator.py for tasks to queue
[2025-03-27T14:57:50.221-0500] {logging_mixin.py:190} INFO - [2025-03-27T14:57:50.220-0500] {dagbag.py:588} INFO - Filling up the DagBag from /home/udhbhav/miniconda3/lib/python3.11/site-packages/airflow/example_dags/example_python_operator.py
[2025-03-27T14:57:50.227-0500] {processor.py:925} INFO - DAG(s) 'example_python_operator' retrieved from /home/udhbhav/miniconda3/lib/python3.11/site-packages/airflow/example_dags/example_python_operator.py
[2025-03-27T14:57:50.235-0500] {logging_mixin.py:190} INFO - [2025-03-27T14:57:50.235-0500] {dag.py:3239} INFO - Sync 1 DAGs
[2025-03-27T14:57:50.241-0500] {logging_mixin.py:190} INFO - [2025-03-27T14:57:50.240-0500] {dag.py:4180} INFO - Setting next_dagrun for example_python_operator to None, run_after=None
[2025-03-27T14:57:50.718-0500] {processor.py:208} INFO - Processing /home/udhbhav/miniconda3/lib/python3.11/site-packages/airflow/example_dags/example_python_operator.py took 0.502 seconds
[2025-03-27T14:59:12.172-0500] {processor.py:186} INFO - Started process (PID=1788153) to work on /home/udhbhav/miniconda3/lib/python3.11/site-packages/airflow/example_dags/example_python_operator.py
[2025-03-27T14:59:12.173-0500] {processor.py:914} INFO - Processing file /home/udhbhav/miniconda3/lib/python3.11/site-packages/airflow/example_dags/example_python_operator.py for tasks to queue
[2025-03-27T14:59:12.174-0500] {logging_mixin.py:190} INFO - [2025-03-27T14:59:12.173-0500] {dagbag.py:588} INFO - Filling up the DagBag from /home/udhbhav/miniconda3/lib/python3.11/site-packages/airflow/example_dags/example_python_operator.py
[2025-03-27T14:59:12.180-0500] {processor.py:925} INFO - DAG(s) 'example_python_operator' retrieved from /home/udhbhav/miniconda3/lib/python3.11/site-packages/airflow/example_dags/example_python_operator.py
[2025-03-27T14:59:12.188-0500] {logging_mixin.py:190} INFO - [2025-03-27T14:59:12.188-0500] {dag.py:3239} INFO - Sync 1 DAGs
[2025-03-27T14:59:12.194-0500] {logging_mixin.py:190} INFO - [2025-03-27T14:59:12.194-0500] {dag.py:4180} INFO - Setting next_dagrun for example_python_operator to None, run_after=None
[2025-03-27T14:59:12.594-0500] {processor.py:208} INFO - Processing /home/udhbhav/miniconda3/lib/python3.11/site-packages/airflow/example_dags/example_python_operator.py took 0.425 seconds
[2025-03-27T15:00:40.757-0500] {processor.py:186} INFO - Started process (PID=1789200) to work on /home/udhbhav/miniconda3/lib/python3.11/site-packages/airflow/example_dags/example_python_operator.py
[2025-03-27T15:00:40.758-0500] {processor.py:914} INFO - Processing file /home/udhbhav/miniconda3/lib/python3.11/site-packages/airflow/example_dags/example_python_operator.py for tasks to queue
[2025-03-27T15:00:40.759-0500] {logging_mixin.py:190} INFO - [2025-03-27T15:00:40.759-0500] {dagbag.py:588} INFO - Filling up the DagBag from /home/udhbhav/miniconda3/lib/python3.11/site-packages/airflow/example_dags/example_python_operator.py
[2025-03-27T15:00:40.766-0500] {processor.py:925} INFO - DAG(s) 'example_python_operator' retrieved from /home/udhbhav/miniconda3/lib/python3.11/site-packages/airflow/example_dags/example_python_operator.py
[2025-03-27T15:00:40.774-0500] {logging_mixin.py:190} INFO - [2025-03-27T15:00:40.774-0500] {dag.py:3239} INFO - Sync 1 DAGs
[2025-03-27T15:00:40.779-0500] {logging_mixin.py:190} INFO - [2025-03-27T15:00:40.779-0500] {dag.py:4180} INFO - Setting next_dagrun for example_python_operator to None, run_after=None
[2025-03-27T15:00:40.888-0500] {processor.py:208} INFO - Processing /home/udhbhav/miniconda3/lib/python3.11/site-packages/airflow/example_dags/example_python_operator.py took 0.133 seconds
[2025-03-27T15:01:42.241-0500] {processor.py:186} INFO - Started process (PID=1789916) to work on /home/udhbhav/miniconda3/lib/python3.11/site-packages/airflow/example_dags/example_python_operator.py
[2025-03-27T15:01:42.241-0500] {processor.py:914} INFO - Processing file /home/udhbhav/miniconda3/lib/python3.11/site-packages/airflow/example_dags/example_python_operator.py for tasks to queue
[2025-03-27T15:01:42.243-0500] {logging_mixin.py:190} INFO - [2025-03-27T15:01:42.242-0500] {dagbag.py:588} INFO - Filling up the DagBag from /home/udhbhav/miniconda3/lib/python3.11/site-packages/airflow/example_dags/example_python_operator.py
[2025-03-27T15:01:42.250-0500] {processor.py:925} INFO - DAG(s) 'example_python_operator' retrieved from /home/udhbhav/miniconda3/lib/python3.11/site-packages/airflow/example_dags/example_python_operator.py
[2025-03-27T15:01:42.258-0500] {logging_mixin.py:190} INFO - [2025-03-27T15:01:42.258-0500] {dag.py:3239} INFO - Sync 1 DAGs
[2025-03-27T15:01:42.264-0500] {logging_mixin.py:190} INFO - [2025-03-27T15:01:42.264-0500] {dag.py:4180} INFO - Setting next_dagrun for example_python_operator to None, run_after=None
[2025-03-27T15:01:42.372-0500] {processor.py:208} INFO - Processing /home/udhbhav/miniconda3/lib/python3.11/site-packages/airflow/example_dags/example_python_operator.py took 0.134 seconds
[2025-03-27T15:02:50.440-0500] {processor.py:186} INFO - Started process (PID=1790668) to work on /home/udhbhav/miniconda3/lib/python3.11/site-packages/airflow/example_dags/example_python_operator.py
[2025-03-27T15:02:50.440-0500] {processor.py:914} INFO - Processing file /home/udhbhav/miniconda3/lib/python3.11/site-packages/airflow/example_dags/example_python_operator.py for tasks to queue
[2025-03-27T15:02:50.441-0500] {logging_mixin.py:190} INFO - [2025-03-27T15:02:50.441-0500] {dagbag.py:588} INFO - Filling up the DagBag from /home/udhbhav/miniconda3/lib/python3.11/site-packages/airflow/example_dags/example_python_operator.py
[2025-03-27T15:02:50.448-0500] {processor.py:925} INFO - DAG(s) 'example_python_operator' retrieved from /home/udhbhav/miniconda3/lib/python3.11/site-packages/airflow/example_dags/example_python_operator.py
[2025-03-27T15:02:50.456-0500] {logging_mixin.py:190} INFO - [2025-03-27T15:02:50.456-0500] {dag.py:3239} INFO - Sync 1 DAGs
[2025-03-27T15:02:50.461-0500] {logging_mixin.py:190} INFO - [2025-03-27T15:02:50.461-0500] {dag.py:4180} INFO - Setting next_dagrun for example_python_operator to None, run_after=None
[2025-03-27T15:02:51.492-0500] {processor.py:208} INFO - Processing /home/udhbhav/miniconda3/lib/python3.11/site-packages/airflow/example_dags/example_python_operator.py took 1.055 seconds
[2025-03-27T15:04:08.577-0500] {processor.py:186} INFO - Started process (PID=1791321) to work on /home/udhbhav/miniconda3/lib/python3.11/site-packages/airflow/example_dags/example_python_operator.py
[2025-03-27T15:04:08.577-0500] {processor.py:914} INFO - Processing file /home/udhbhav/miniconda3/lib/python3.11/site-packages/airflow/example_dags/example_python_operator.py for tasks to queue
[2025-03-27T15:04:08.578-0500] {logging_mixin.py:190} INFO - [2025-03-27T15:04:08.578-0500] {dagbag.py:588} INFO - Filling up the DagBag from /home/udhbhav/miniconda3/lib/python3.11/site-packages/airflow/example_dags/example_python_operator.py
[2025-03-27T15:04:08.585-0500] {processor.py:925} INFO - DAG(s) 'example_python_operator' retrieved from /home/udhbhav/miniconda3/lib/python3.11/site-packages/airflow/example_dags/example_python_operator.py
[2025-03-27T15:04:08.593-0500] {logging_mixin.py:190} INFO - [2025-03-27T15:04:08.593-0500] {dag.py:3239} INFO - Sync 1 DAGs
[2025-03-27T15:04:08.598-0500] {logging_mixin.py:190} INFO - [2025-03-27T15:04:08.598-0500] {dag.py:4180} INFO - Setting next_dagrun for example_python_operator to None, run_after=None
[2025-03-27T15:04:08.703-0500] {processor.py:208} INFO - Processing /home/udhbhav/miniconda3/lib/python3.11/site-packages/airflow/example_dags/example_python_operator.py took 0.129 seconds
[2025-03-27T15:05:25.152-0500] {processor.py:186} INFO - Started process (PID=1792104) to work on /home/udhbhav/miniconda3/lib/python3.11/site-packages/airflow/example_dags/example_python_operator.py
[2025-03-27T15:05:25.152-0500] {processor.py:914} INFO - Processing file /home/udhbhav/miniconda3/lib/python3.11/site-packages/airflow/example_dags/example_python_operator.py for tasks to queue
[2025-03-27T15:05:25.153-0500] {logging_mixin.py:190} INFO - [2025-03-27T15:05:25.153-0500] {dagbag.py:588} INFO - Filling up the DagBag from /home/udhbhav/miniconda3/lib/python3.11/site-packages/airflow/example_dags/example_python_operator.py
[2025-03-27T15:05:25.159-0500] {processor.py:925} INFO - DAG(s) 'example_python_operator' retrieved from /home/udhbhav/miniconda3/lib/python3.11/site-packages/airflow/example_dags/example_python_operator.py
[2025-03-27T15:05:25.168-0500] {logging_mixin.py:190} INFO - [2025-03-27T15:05:25.167-0500] {dag.py:3239} INFO - Sync 1 DAGs
[2025-03-27T15:05:25.173-0500] {logging_mixin.py:190} INFO - [2025-03-27T15:05:25.173-0500] {dag.py:4180} INFO - Setting next_dagrun for example_python_operator to None, run_after=None
[2025-03-27T15:05:25.354-0500] {processor.py:208} INFO - Processing /home/udhbhav/miniconda3/lib/python3.11/site-packages/airflow/example_dags/example_python_operator.py took 0.205 seconds
[2025-03-27T15:06:57.746-0500] {processor.py:186} INFO - Started process (PID=1793033) to work on /home/udhbhav/miniconda3/lib/python3.11/site-packages/airflow/example_dags/example_python_operator.py
[2025-03-27T15:06:57.747-0500] {processor.py:914} INFO - Processing file /home/udhbhav/miniconda3/lib/python3.11/site-packages/airflow/example_dags/example_python_operator.py for tasks to queue
[2025-03-27T15:06:57.748-0500] {logging_mixin.py:190} INFO - [2025-03-27T15:06:57.747-0500] {dagbag.py:588} INFO - Filling up the DagBag from /home/udhbhav/miniconda3/lib/python3.11/site-packages/airflow/example_dags/example_python_operator.py
[2025-03-27T15:06:57.756-0500] {processor.py:925} INFO - DAG(s) 'example_python_operator' retrieved from /home/udhbhav/miniconda3/lib/python3.11/site-packages/airflow/example_dags/example_python_operator.py
[2025-03-27T15:06:57.765-0500] {logging_mixin.py:190} INFO - [2025-03-27T15:06:57.765-0500] {dag.py:3239} INFO - Sync 1 DAGs
[2025-03-27T15:06:57.770-0500] {logging_mixin.py:190} INFO - [2025-03-27T15:06:57.770-0500] {dag.py:4180} INFO - Setting next_dagrun for example_python_operator to None, run_after=None
[2025-03-27T15:06:57.957-0500] {processor.py:208} INFO - Processing /home/udhbhav/miniconda3/lib/python3.11/site-packages/airflow/example_dags/example_python_operator.py took 0.213 seconds
[2025-03-27T15:08:06.137-0500] {processor.py:186} INFO - Started process (PID=1793731) to work on /home/udhbhav/miniconda3/lib/python3.11/site-packages/airflow/example_dags/example_python_operator.py
[2025-03-27T15:08:06.137-0500] {processor.py:914} INFO - Processing file /home/udhbhav/miniconda3/lib/python3.11/site-packages/airflow/example_dags/example_python_operator.py for tasks to queue
[2025-03-27T15:08:06.138-0500] {logging_mixin.py:190} INFO - [2025-03-27T15:08:06.138-0500] {dagbag.py:588} INFO - Filling up the DagBag from /home/udhbhav/miniconda3/lib/python3.11/site-packages/airflow/example_dags/example_python_operator.py
[2025-03-27T15:08:06.144-0500] {processor.py:925} INFO - DAG(s) 'example_python_operator' retrieved from /home/udhbhav/miniconda3/lib/python3.11/site-packages/airflow/example_dags/example_python_operator.py
[2025-03-27T15:08:06.153-0500] {logging_mixin.py:190} INFO - [2025-03-27T15:08:06.153-0500] {dag.py:3239} INFO - Sync 1 DAGs
[2025-03-27T15:08:06.158-0500] {logging_mixin.py:190} INFO - [2025-03-27T15:08:06.158-0500] {dag.py:4180} INFO - Setting next_dagrun for example_python_operator to None, run_after=None
[2025-03-27T15:08:06.265-0500] {processor.py:208} INFO - Processing /home/udhbhav/miniconda3/lib/python3.11/site-packages/airflow/example_dags/example_python_operator.py took 0.131 seconds
[2025-03-27T15:09:07.764-0500] {processor.py:186} INFO - Started process (PID=1794334) to work on /home/udhbhav/miniconda3/lib/python3.11/site-packages/airflow/example_dags/example_python_operator.py
[2025-03-27T15:09:07.765-0500] {processor.py:914} INFO - Processing file /home/udhbhav/miniconda3/lib/python3.11/site-packages/airflow/example_dags/example_python_operator.py for tasks to queue
[2025-03-27T15:09:07.766-0500] {logging_mixin.py:190} INFO - [2025-03-27T15:09:07.766-0500] {dagbag.py:588} INFO - Filling up the DagBag from /home/udhbhav/miniconda3/lib/python3.11/site-packages/airflow/example_dags/example_python_operator.py
[2025-03-27T15:09:07.772-0500] {processor.py:925} INFO - DAG(s) 'example_python_operator' retrieved from /home/udhbhav/miniconda3/lib/python3.11/site-packages/airflow/example_dags/example_python_operator.py
[2025-03-27T15:09:07.781-0500] {logging_mixin.py:190} INFO - [2025-03-27T15:09:07.780-0500] {dag.py:3239} INFO - Sync 1 DAGs
[2025-03-27T15:09:07.786-0500] {logging_mixin.py:190} INFO - [2025-03-27T15:09:07.786-0500] {dag.py:4180} INFO - Setting next_dagrun for example_python_operator to None, run_after=None
[2025-03-27T15:09:07.890-0500] {processor.py:208} INFO - Processing /home/udhbhav/miniconda3/lib/python3.11/site-packages/airflow/example_dags/example_python_operator.py took 0.128 seconds
[2025-03-27T15:10:25.202-0500] {processor.py:186} INFO - Started process (PID=1795046) to work on /home/udhbhav/miniconda3/lib/python3.11/site-packages/airflow/example_dags/example_python_operator.py
[2025-03-27T15:10:25.202-0500] {processor.py:914} INFO - Processing file /home/udhbhav/miniconda3/lib/python3.11/site-packages/airflow/example_dags/example_python_operator.py for tasks to queue
[2025-03-27T15:10:25.203-0500] {logging_mixin.py:190} INFO - [2025-03-27T15:10:25.203-0500] {dagbag.py:588} INFO - Filling up the DagBag from /home/udhbhav/miniconda3/lib/python3.11/site-packages/airflow/example_dags/example_python_operator.py
[2025-03-27T15:10:25.209-0500] {processor.py:925} INFO - DAG(s) 'example_python_operator' retrieved from /home/udhbhav/miniconda3/lib/python3.11/site-packages/airflow/example_dags/example_python_operator.py
[2025-03-27T15:10:25.217-0500] {logging_mixin.py:190} INFO - [2025-03-27T15:10:25.217-0500] {dag.py:3239} INFO - Sync 1 DAGs
[2025-03-27T15:10:25.222-0500] {logging_mixin.py:190} INFO - [2025-03-27T15:10:25.222-0500] {dag.py:4180} INFO - Setting next_dagrun for example_python_operator to None, run_after=None
[2025-03-27T15:10:25.330-0500] {processor.py:208} INFO - Processing /home/udhbhav/miniconda3/lib/python3.11/site-packages/airflow/example_dags/example_python_operator.py took 0.131 seconds
[2025-03-27T15:11:30.839-0500] {processor.py:186} INFO - Started process (PID=1796334) to work on /home/udhbhav/miniconda3/lib/python3.11/site-packages/airflow/example_dags/example_python_operator.py
[2025-03-27T15:11:30.840-0500] {processor.py:914} INFO - Processing file /home/udhbhav/miniconda3/lib/python3.11/site-packages/airflow/example_dags/example_python_operator.py for tasks to queue
[2025-03-27T15:11:30.841-0500] {logging_mixin.py:190} INFO - [2025-03-27T15:11:30.841-0500] {dagbag.py:588} INFO - Filling up the DagBag from /home/udhbhav/miniconda3/lib/python3.11/site-packages/airflow/example_dags/example_python_operator.py
[2025-03-27T15:11:30.847-0500] {processor.py:925} INFO - DAG(s) 'example_python_operator' retrieved from /home/udhbhav/miniconda3/lib/python3.11/site-packages/airflow/example_dags/example_python_operator.py
[2025-03-27T15:11:30.857-0500] {logging_mixin.py:190} INFO - [2025-03-27T15:11:30.857-0500] {dag.py:3239} INFO - Sync 1 DAGs
[2025-03-27T15:11:30.863-0500] {logging_mixin.py:190} INFO - [2025-03-27T15:11:30.863-0500] {dag.py:4180} INFO - Setting next_dagrun for example_python_operator to None, run_after=None
[2025-03-27T15:11:30.970-0500] {processor.py:208} INFO - Processing /home/udhbhav/miniconda3/lib/python3.11/site-packages/airflow/example_dags/example_python_operator.py took 0.133 seconds
[2025-03-27T15:12:41.516-0500] {processor.py:186} INFO - Started process (PID=1798059) to work on /home/udhbhav/miniconda3/lib/python3.11/site-packages/airflow/example_dags/example_python_operator.py
[2025-03-27T15:12:41.516-0500] {processor.py:914} INFO - Processing file /home/udhbhav/miniconda3/lib/python3.11/site-packages/airflow/example_dags/example_python_operator.py for tasks to queue
[2025-03-27T15:12:41.517-0500] {logging_mixin.py:190} INFO - [2025-03-27T15:12:41.517-0500] {dagbag.py:588} INFO - Filling up the DagBag from /home/udhbhav/miniconda3/lib/python3.11/site-packages/airflow/example_dags/example_python_operator.py
[2025-03-27T15:12:41.524-0500] {processor.py:925} INFO - DAG(s) 'example_python_operator' retrieved from /home/udhbhav/miniconda3/lib/python3.11/site-packages/airflow/example_dags/example_python_operator.py
[2025-03-27T15:12:41.532-0500] {logging_mixin.py:190} INFO - [2025-03-27T15:12:41.532-0500] {dag.py:3239} INFO - Sync 1 DAGs
[2025-03-27T15:12:41.538-0500] {logging_mixin.py:190} INFO - [2025-03-27T15:12:41.537-0500] {dag.py:4180} INFO - Setting next_dagrun for example_python_operator to None, run_after=None
[2025-03-27T15:12:41.765-0500] {processor.py:208} INFO - Processing /home/udhbhav/miniconda3/lib/python3.11/site-packages/airflow/example_dags/example_python_operator.py took 0.252 seconds
[2025-03-27T15:14:00.101-0500] {processor.py:186} INFO - Started process (PID=1798842) to work on /home/udhbhav/miniconda3/lib/python3.11/site-packages/airflow/example_dags/example_python_operator.py
[2025-03-27T15:14:00.102-0500] {processor.py:914} INFO - Processing file /home/udhbhav/miniconda3/lib/python3.11/site-packages/airflow/example_dags/example_python_operator.py for tasks to queue
[2025-03-27T15:14:00.103-0500] {logging_mixin.py:190} INFO - [2025-03-27T15:14:00.102-0500] {dagbag.py:588} INFO - Filling up the DagBag from /home/udhbhav/miniconda3/lib/python3.11/site-packages/airflow/example_dags/example_python_operator.py
[2025-03-27T15:14:00.109-0500] {processor.py:925} INFO - DAG(s) 'example_python_operator' retrieved from /home/udhbhav/miniconda3/lib/python3.11/site-packages/airflow/example_dags/example_python_operator.py
[2025-03-27T15:14:00.117-0500] {logging_mixin.py:190} INFO - [2025-03-27T15:14:00.117-0500] {dag.py:3239} INFO - Sync 1 DAGs
[2025-03-27T15:14:00.123-0500] {logging_mixin.py:190} INFO - [2025-03-27T15:14:00.123-0500] {dag.py:4180} INFO - Setting next_dagrun for example_python_operator to None, run_after=None
[2025-03-27T15:14:00.272-0500] {processor.py:208} INFO - Processing /home/udhbhav/miniconda3/lib/python3.11/site-packages/airflow/example_dags/example_python_operator.py took 0.174 seconds
[2025-03-27T15:15:18.056-0500] {processor.py:186} INFO - Started process (PID=1799573) to work on /home/udhbhav/miniconda3/lib/python3.11/site-packages/airflow/example_dags/example_python_operator.py
[2025-03-27T15:15:18.056-0500] {processor.py:914} INFO - Processing file /home/udhbhav/miniconda3/lib/python3.11/site-packages/airflow/example_dags/example_python_operator.py for tasks to queue
[2025-03-27T15:15:18.058-0500] {logging_mixin.py:190} INFO - [2025-03-27T15:15:18.057-0500] {dagbag.py:588} INFO - Filling up the DagBag from /home/udhbhav/miniconda3/lib/python3.11/site-packages/airflow/example_dags/example_python_operator.py
[2025-03-27T15:15:18.064-0500] {processor.py:925} INFO - DAG(s) 'example_python_operator' retrieved from /home/udhbhav/miniconda3/lib/python3.11/site-packages/airflow/example_dags/example_python_operator.py
[2025-03-27T15:15:18.072-0500] {logging_mixin.py:190} INFO - [2025-03-27T15:15:18.072-0500] {dag.py:3239} INFO - Sync 1 DAGs
[2025-03-27T15:15:18.077-0500] {logging_mixin.py:190} INFO - [2025-03-27T15:15:18.077-0500] {dag.py:4180} INFO - Setting next_dagrun for example_python_operator to None, run_after=None
[2025-03-27T15:15:18.221-0500] {processor.py:208} INFO - Processing /home/udhbhav/miniconda3/lib/python3.11/site-packages/airflow/example_dags/example_python_operator.py took 0.168 seconds
[2025-03-27T15:16:41.687-0500] {processor.py:186} INFO - Started process (PID=1800436) to work on /home/udhbhav/miniconda3/lib/python3.11/site-packages/airflow/example_dags/example_python_operator.py
[2025-03-27T15:16:41.687-0500] {processor.py:914} INFO - Processing file /home/udhbhav/miniconda3/lib/python3.11/site-packages/airflow/example_dags/example_python_operator.py for tasks to queue
[2025-03-27T15:16:41.688-0500] {logging_mixin.py:190} INFO - [2025-03-27T15:16:41.688-0500] {dagbag.py:588} INFO - Filling up the DagBag from /home/udhbhav/miniconda3/lib/python3.11/site-packages/airflow/example_dags/example_python_operator.py
[2025-03-27T15:16:41.694-0500] {processor.py:925} INFO - DAG(s) 'example_python_operator' retrieved from /home/udhbhav/miniconda3/lib/python3.11/site-packages/airflow/example_dags/example_python_operator.py
[2025-03-27T15:16:41.703-0500] {logging_mixin.py:190} INFO - [2025-03-27T15:16:41.703-0500] {dag.py:3239} INFO - Sync 1 DAGs
[2025-03-27T15:16:41.708-0500] {logging_mixin.py:190} INFO - [2025-03-27T15:16:41.708-0500] {dag.py:4180} INFO - Setting next_dagrun for example_python_operator to None, run_after=None
[2025-03-27T15:16:41.814-0500] {processor.py:208} INFO - Processing /home/udhbhav/miniconda3/lib/python3.11/site-packages/airflow/example_dags/example_python_operator.py took 0.130 seconds
[2025-03-27T15:17:50.025-0500] {processor.py:186} INFO - Started process (PID=1801122) to work on /home/udhbhav/miniconda3/lib/python3.11/site-packages/airflow/example_dags/example_python_operator.py
[2025-03-27T15:17:50.026-0500] {processor.py:914} INFO - Processing file /home/udhbhav/miniconda3/lib/python3.11/site-packages/airflow/example_dags/example_python_operator.py for tasks to queue
[2025-03-27T15:17:50.027-0500] {logging_mixin.py:190} INFO - [2025-03-27T15:17:50.026-0500] {dagbag.py:588} INFO - Filling up the DagBag from /home/udhbhav/miniconda3/lib/python3.11/site-packages/airflow/example_dags/example_python_operator.py
[2025-03-27T15:17:50.033-0500] {processor.py:925} INFO - DAG(s) 'example_python_operator' retrieved from /home/udhbhav/miniconda3/lib/python3.11/site-packages/airflow/example_dags/example_python_operator.py
[2025-03-27T15:17:50.041-0500] {logging_mixin.py:190} INFO - [2025-03-27T15:17:50.041-0500] {dag.py:3239} INFO - Sync 1 DAGs
[2025-03-27T15:17:50.046-0500] {logging_mixin.py:190} INFO - [2025-03-27T15:17:50.046-0500] {dag.py:4180} INFO - Setting next_dagrun for example_python_operator to None, run_after=None
[2025-03-27T15:17:50.156-0500] {processor.py:208} INFO - Processing /home/udhbhav/miniconda3/lib/python3.11/site-packages/airflow/example_dags/example_python_operator.py took 0.133 seconds
[2025-03-27T15:18:56.300-0500] {processor.py:186} INFO - Started process (PID=1801763) to work on /home/udhbhav/miniconda3/lib/python3.11/site-packages/airflow/example_dags/example_python_operator.py
[2025-03-27T15:18:56.301-0500] {processor.py:914} INFO - Processing file /home/udhbhav/miniconda3/lib/python3.11/site-packages/airflow/example_dags/example_python_operator.py for tasks to queue
[2025-03-27T15:18:56.301-0500] {logging_mixin.py:190} INFO - [2025-03-27T15:18:56.301-0500] {dagbag.py:588} INFO - Filling up the DagBag from /home/udhbhav/miniconda3/lib/python3.11/site-packages/airflow/example_dags/example_python_operator.py
[2025-03-27T15:18:56.308-0500] {processor.py:925} INFO - DAG(s) 'example_python_operator' retrieved from /home/udhbhav/miniconda3/lib/python3.11/site-packages/airflow/example_dags/example_python_operator.py
[2025-03-27T15:18:56.316-0500] {logging_mixin.py:190} INFO - [2025-03-27T15:18:56.316-0500] {dag.py:3239} INFO - Sync 1 DAGs
[2025-03-27T15:18:56.321-0500] {logging_mixin.py:190} INFO - [2025-03-27T15:18:56.321-0500] {dag.py:4180} INFO - Setting next_dagrun for example_python_operator to None, run_after=None
[2025-03-27T15:18:56.428-0500] {processor.py:208} INFO - Processing /home/udhbhav/miniconda3/lib/python3.11/site-packages/airflow/example_dags/example_python_operator.py took 0.131 seconds
[2025-03-27T15:20:07.918-0500] {processor.py:186} INFO - Started process (PID=1802445) to work on /home/udhbhav/miniconda3/lib/python3.11/site-packages/airflow/example_dags/example_python_operator.py
[2025-03-27T15:20:07.919-0500] {processor.py:914} INFO - Processing file /home/udhbhav/miniconda3/lib/python3.11/site-packages/airflow/example_dags/example_python_operator.py for tasks to queue
[2025-03-27T15:20:07.920-0500] {logging_mixin.py:190} INFO - [2025-03-27T15:20:07.920-0500] {dagbag.py:588} INFO - Filling up the DagBag from /home/udhbhav/miniconda3/lib/python3.11/site-packages/airflow/example_dags/example_python_operator.py
[2025-03-27T15:20:07.926-0500] {processor.py:925} INFO - DAG(s) 'example_python_operator' retrieved from /home/udhbhav/miniconda3/lib/python3.11/site-packages/airflow/example_dags/example_python_operator.py
[2025-03-27T15:20:07.935-0500] {logging_mixin.py:190} INFO - [2025-03-27T15:20:07.934-0500] {dag.py:3239} INFO - Sync 1 DAGs
[2025-03-27T15:20:07.940-0500] {logging_mixin.py:190} INFO - [2025-03-27T15:20:07.940-0500] {dag.py:4180} INFO - Setting next_dagrun for example_python_operator to None, run_after=None
[2025-03-27T15:20:08.045-0500] {processor.py:208} INFO - Processing /home/udhbhav/miniconda3/lib/python3.11/site-packages/airflow/example_dags/example_python_operator.py took 0.129 seconds
[2025-03-27T15:21:13.952-0500] {processor.py:186} INFO - Started process (PID=1807460) to work on /home/udhbhav/miniconda3/lib/python3.11/site-packages/airflow/example_dags/example_python_operator.py
[2025-03-27T15:21:13.952-0500] {processor.py:914} INFO - Processing file /home/udhbhav/miniconda3/lib/python3.11/site-packages/airflow/example_dags/example_python_operator.py for tasks to queue
[2025-03-27T15:21:13.953-0500] {logging_mixin.py:190} INFO - [2025-03-27T15:21:13.953-0500] {dagbag.py:588} INFO - Filling up the DagBag from /home/udhbhav/miniconda3/lib/python3.11/site-packages/airflow/example_dags/example_python_operator.py
[2025-03-27T15:21:13.960-0500] {processor.py:925} INFO - DAG(s) 'example_python_operator' retrieved from /home/udhbhav/miniconda3/lib/python3.11/site-packages/airflow/example_dags/example_python_operator.py
[2025-03-27T15:21:13.969-0500] {logging_mixin.py:190} INFO - [2025-03-27T15:21:13.969-0500] {dag.py:3239} INFO - Sync 1 DAGs
[2025-03-27T15:21:13.975-0500] {logging_mixin.py:190} INFO - [2025-03-27T15:21:13.975-0500] {dag.py:4180} INFO - Setting next_dagrun for example_python_operator to None, run_after=None
[2025-03-27T15:21:14.083-0500] {processor.py:208} INFO - Processing /home/udhbhav/miniconda3/lib/python3.11/site-packages/airflow/example_dags/example_python_operator.py took 0.134 seconds
[2025-03-27T15:22:28.122-0500] {processor.py:186} INFO - Started process (PID=1808664) to work on /home/udhbhav/miniconda3/lib/python3.11/site-packages/airflow/example_dags/example_python_operator.py
[2025-03-27T15:22:28.122-0500] {processor.py:914} INFO - Processing file /home/udhbhav/miniconda3/lib/python3.11/site-packages/airflow/example_dags/example_python_operator.py for tasks to queue
[2025-03-27T15:22:28.123-0500] {logging_mixin.py:190} INFO - [2025-03-27T15:22:28.123-0500] {dagbag.py:588} INFO - Filling up the DagBag from /home/udhbhav/miniconda3/lib/python3.11/site-packages/airflow/example_dags/example_python_operator.py
[2025-03-27T15:22:28.130-0500] {processor.py:925} INFO - DAG(s) 'example_python_operator' retrieved from /home/udhbhav/miniconda3/lib/python3.11/site-packages/airflow/example_dags/example_python_operator.py
[2025-03-27T15:22:28.138-0500] {logging_mixin.py:190} INFO - [2025-03-27T15:22:28.138-0500] {dag.py:3239} INFO - Sync 1 DAGs
[2025-03-27T15:22:28.143-0500] {logging_mixin.py:190} INFO - [2025-03-27T15:22:28.143-0500] {dag.py:4180} INFO - Setting next_dagrun for example_python_operator to None, run_after=None
[2025-03-27T15:22:28.333-0500] {processor.py:208} INFO - Processing /home/udhbhav/miniconda3/lib/python3.11/site-packages/airflow/example_dags/example_python_operator.py took 0.214 seconds
[2025-03-27T15:23:43.710-0500] {processor.py:186} INFO - Started process (PID=1809499) to work on /home/udhbhav/miniconda3/lib/python3.11/site-packages/airflow/example_dags/example_python_operator.py
[2025-03-27T15:23:43.710-0500] {processor.py:914} INFO - Processing file /home/udhbhav/miniconda3/lib/python3.11/site-packages/airflow/example_dags/example_python_operator.py for tasks to queue
[2025-03-27T15:23:43.711-0500] {logging_mixin.py:190} INFO - [2025-03-27T15:23:43.711-0500] {dagbag.py:588} INFO - Filling up the DagBag from /home/udhbhav/miniconda3/lib/python3.11/site-packages/airflow/example_dags/example_python_operator.py
[2025-03-27T15:23:43.717-0500] {processor.py:925} INFO - DAG(s) 'example_python_operator' retrieved from /home/udhbhav/miniconda3/lib/python3.11/site-packages/airflow/example_dags/example_python_operator.py
[2025-03-27T15:23:43.726-0500] {logging_mixin.py:190} INFO - [2025-03-27T15:23:43.726-0500] {dag.py:3239} INFO - Sync 1 DAGs
[2025-03-27T15:23:43.731-0500] {logging_mixin.py:190} INFO - [2025-03-27T15:23:43.731-0500] {dag.py:4180} INFO - Setting next_dagrun for example_python_operator to None, run_after=None
[2025-03-27T15:23:43.958-0500] {processor.py:208} INFO - Processing /home/udhbhav/miniconda3/lib/python3.11/site-packages/airflow/example_dags/example_python_operator.py took 0.252 seconds
[2025-03-27T15:24:52.180-0500] {processor.py:186} INFO - Started process (PID=1810266) to work on /home/udhbhav/miniconda3/lib/python3.11/site-packages/airflow/example_dags/example_python_operator.py
[2025-03-27T15:24:52.181-0500] {processor.py:914} INFO - Processing file /home/udhbhav/miniconda3/lib/python3.11/site-packages/airflow/example_dags/example_python_operator.py for tasks to queue
[2025-03-27T15:24:52.182-0500] {logging_mixin.py:190} INFO - [2025-03-27T15:24:52.182-0500] {dagbag.py:588} INFO - Filling up the DagBag from /home/udhbhav/miniconda3/lib/python3.11/site-packages/airflow/example_dags/example_python_operator.py
[2025-03-27T15:24:52.188-0500] {processor.py:925} INFO - DAG(s) 'example_python_operator' retrieved from /home/udhbhav/miniconda3/lib/python3.11/site-packages/airflow/example_dags/example_python_operator.py
[2025-03-27T15:24:52.197-0500] {logging_mixin.py:190} INFO - [2025-03-27T15:24:52.196-0500] {dag.py:3239} INFO - Sync 1 DAGs
[2025-03-27T15:24:52.202-0500] {logging_mixin.py:190} INFO - [2025-03-27T15:24:52.202-0500] {dag.py:4180} INFO - Setting next_dagrun for example_python_operator to None, run_after=None
[2025-03-27T15:24:52.349-0500] {processor.py:208} INFO - Processing /home/udhbhav/miniconda3/lib/python3.11/site-packages/airflow/example_dags/example_python_operator.py took 0.171 seconds
[2025-03-27T15:26:30.109-0500] {processor.py:186} INFO - Started process (PID=1811135) to work on /home/udhbhav/miniconda3/lib/python3.11/site-packages/airflow/example_dags/example_python_operator.py
[2025-03-27T15:26:30.110-0500] {processor.py:914} INFO - Processing file /home/udhbhav/miniconda3/lib/python3.11/site-packages/airflow/example_dags/example_python_operator.py for tasks to queue
[2025-03-27T15:26:30.111-0500] {logging_mixin.py:190} INFO - [2025-03-27T15:26:30.111-0500] {dagbag.py:588} INFO - Filling up the DagBag from /home/udhbhav/miniconda3/lib/python3.11/site-packages/airflow/example_dags/example_python_operator.py
[2025-03-27T15:26:30.117-0500] {processor.py:925} INFO - DAG(s) 'example_python_operator' retrieved from /home/udhbhav/miniconda3/lib/python3.11/site-packages/airflow/example_dags/example_python_operator.py
[2025-03-27T15:26:30.126-0500] {logging_mixin.py:190} INFO - [2025-03-27T15:26:30.125-0500] {dag.py:3239} INFO - Sync 1 DAGs
[2025-03-27T15:26:30.131-0500] {logging_mixin.py:190} INFO - [2025-03-27T15:26:30.131-0500] {dag.py:4180} INFO - Setting next_dagrun for example_python_operator to None, run_after=None
[2025-03-27T15:26:30.354-0500] {processor.py:208} INFO - Processing /home/udhbhav/miniconda3/lib/python3.11/site-packages/airflow/example_dags/example_python_operator.py took 0.247 seconds
[2025-03-27T15:27:44.075-0500] {processor.py:186} INFO - Started process (PID=1811937) to work on /home/udhbhav/miniconda3/lib/python3.11/site-packages/airflow/example_dags/example_python_operator.py
[2025-03-27T15:27:44.075-0500] {processor.py:914} INFO - Processing file /home/udhbhav/miniconda3/lib/python3.11/site-packages/airflow/example_dags/example_python_operator.py for tasks to queue
[2025-03-27T15:27:44.076-0500] {logging_mixin.py:190} INFO - [2025-03-27T15:27:44.076-0500] {dagbag.py:588} INFO - Filling up the DagBag from /home/udhbhav/miniconda3/lib/python3.11/site-packages/airflow/example_dags/example_python_operator.py
[2025-03-27T15:27:44.083-0500] {processor.py:925} INFO - DAG(s) 'example_python_operator' retrieved from /home/udhbhav/miniconda3/lib/python3.11/site-packages/airflow/example_dags/example_python_operator.py
[2025-03-27T15:27:44.091-0500] {logging_mixin.py:190} INFO - [2025-03-27T15:27:44.091-0500] {dag.py:3239} INFO - Sync 1 DAGs
[2025-03-27T15:27:44.096-0500] {logging_mixin.py:190} INFO - [2025-03-27T15:27:44.096-0500] {dag.py:4180} INFO - Setting next_dagrun for example_python_operator to None, run_after=None
[2025-03-27T15:27:44.203-0500] {processor.py:208} INFO - Processing /home/udhbhav/miniconda3/lib/python3.11/site-packages/airflow/example_dags/example_python_operator.py took 0.131 seconds
[2025-03-27T15:29:23.636-0500] {processor.py:186} INFO - Started process (PID=1812776) to work on /home/udhbhav/miniconda3/lib/python3.11/site-packages/airflow/example_dags/example_python_operator.py
[2025-03-27T15:29:23.637-0500] {processor.py:914} INFO - Processing file /home/udhbhav/miniconda3/lib/python3.11/site-packages/airflow/example_dags/example_python_operator.py for tasks to queue
[2025-03-27T15:29:23.638-0500] {logging_mixin.py:190} INFO - [2025-03-27T15:29:23.637-0500] {dagbag.py:588} INFO - Filling up the DagBag from /home/udhbhav/miniconda3/lib/python3.11/site-packages/airflow/example_dags/example_python_operator.py
[2025-03-27T15:29:23.644-0500] {processor.py:925} INFO - DAG(s) 'example_python_operator' retrieved from /home/udhbhav/miniconda3/lib/python3.11/site-packages/airflow/example_dags/example_python_operator.py
[2025-03-27T15:29:23.652-0500] {logging_mixin.py:190} INFO - [2025-03-27T15:29:23.652-0500] {dag.py:3239} INFO - Sync 1 DAGs
[2025-03-27T15:29:23.657-0500] {logging_mixin.py:190} INFO - [2025-03-27T15:29:23.657-0500] {dag.py:4180} INFO - Setting next_dagrun for example_python_operator to None, run_after=None
[2025-03-27T15:29:23.867-0500] {processor.py:208} INFO - Processing /home/udhbhav/miniconda3/lib/python3.11/site-packages/airflow/example_dags/example_python_operator.py took 0.234 seconds
[2025-03-27T15:31:14.029-0500] {processor.py:186} INFO - Started process (PID=1813783) to work on /home/udhbhav/miniconda3/lib/python3.11/site-packages/airflow/example_dags/example_python_operator.py
[2025-03-27T15:31:14.029-0500] {processor.py:914} INFO - Processing file /home/udhbhav/miniconda3/lib/python3.11/site-packages/airflow/example_dags/example_python_operator.py for tasks to queue
[2025-03-27T15:31:14.030-0500] {logging_mixin.py:190} INFO - [2025-03-27T15:31:14.030-0500] {dagbag.py:588} INFO - Filling up the DagBag from /home/udhbhav/miniconda3/lib/python3.11/site-packages/airflow/example_dags/example_python_operator.py
[2025-03-27T15:31:14.036-0500] {processor.py:925} INFO - DAG(s) 'example_python_operator' retrieved from /home/udhbhav/miniconda3/lib/python3.11/site-packages/airflow/example_dags/example_python_operator.py
[2025-03-27T15:31:14.045-0500] {logging_mixin.py:190} INFO - [2025-03-27T15:31:14.045-0500] {dag.py:3239} INFO - Sync 1 DAGs
[2025-03-27T15:31:14.050-0500] {logging_mixin.py:190} INFO - [2025-03-27T15:31:14.050-0500] {dag.py:4180} INFO - Setting next_dagrun for example_python_operator to None, run_after=None
[2025-03-27T15:31:15.022-0500] {processor.py:208} INFO - Processing /home/udhbhav/miniconda3/lib/python3.11/site-packages/airflow/example_dags/example_python_operator.py took 0.996 seconds
[2025-03-27T15:32:43.344-0500] {processor.py:186} INFO - Started process (PID=1814732) to work on /home/udhbhav/miniconda3/lib/python3.11/site-packages/airflow/example_dags/example_python_operator.py
[2025-03-27T15:32:43.344-0500] {processor.py:914} INFO - Processing file /home/udhbhav/miniconda3/lib/python3.11/site-packages/airflow/example_dags/example_python_operator.py for tasks to queue
[2025-03-27T15:32:43.345-0500] {logging_mixin.py:190} INFO - [2025-03-27T15:32:43.345-0500] {dagbag.py:588} INFO - Filling up the DagBag from /home/udhbhav/miniconda3/lib/python3.11/site-packages/airflow/example_dags/example_python_operator.py
[2025-03-27T15:32:43.352-0500] {processor.py:925} INFO - DAG(s) 'example_python_operator' retrieved from /home/udhbhav/miniconda3/lib/python3.11/site-packages/airflow/example_dags/example_python_operator.py
[2025-03-27T15:32:43.360-0500] {logging_mixin.py:190} INFO - [2025-03-27T15:32:43.360-0500] {dag.py:3239} INFO - Sync 1 DAGs
[2025-03-27T15:32:43.365-0500] {logging_mixin.py:190} INFO - [2025-03-27T15:32:43.365-0500] {dag.py:4180} INFO - Setting next_dagrun for example_python_operator to None, run_after=None
[2025-03-27T15:32:43.495-0500] {processor.py:208} INFO - Processing /home/udhbhav/miniconda3/lib/python3.11/site-packages/airflow/example_dags/example_python_operator.py took 0.154 seconds
[2025-03-27T15:33:53.929-0500] {processor.py:186} INFO - Started process (PID=1815417) to work on /home/udhbhav/miniconda3/lib/python3.11/site-packages/airflow/example_dags/example_python_operator.py
[2025-03-27T15:33:53.929-0500] {processor.py:914} INFO - Processing file /home/udhbhav/miniconda3/lib/python3.11/site-packages/airflow/example_dags/example_python_operator.py for tasks to queue
[2025-03-27T15:33:53.930-0500] {logging_mixin.py:190} INFO - [2025-03-27T15:33:53.930-0500] {dagbag.py:588} INFO - Filling up the DagBag from /home/udhbhav/miniconda3/lib/python3.11/site-packages/airflow/example_dags/example_python_operator.py
[2025-03-27T15:33:53.936-0500] {processor.py:925} INFO - DAG(s) 'example_python_operator' retrieved from /home/udhbhav/miniconda3/lib/python3.11/site-packages/airflow/example_dags/example_python_operator.py
[2025-03-27T15:33:53.945-0500] {logging_mixin.py:190} INFO - [2025-03-27T15:33:53.944-0500] {dag.py:3239} INFO - Sync 1 DAGs
[2025-03-27T15:33:53.950-0500] {logging_mixin.py:190} INFO - [2025-03-27T15:33:53.950-0500] {dag.py:4180} INFO - Setting next_dagrun for example_python_operator to None, run_after=None
[2025-03-27T15:33:54.058-0500] {processor.py:208} INFO - Processing /home/udhbhav/miniconda3/lib/python3.11/site-packages/airflow/example_dags/example_python_operator.py took 0.132 seconds
[2025-03-27T15:34:56.898-0500] {processor.py:186} INFO - Started process (PID=1816052) to work on /home/udhbhav/miniconda3/lib/python3.11/site-packages/airflow/example_dags/example_python_operator.py
[2025-03-27T15:34:56.898-0500] {processor.py:914} INFO - Processing file /home/udhbhav/miniconda3/lib/python3.11/site-packages/airflow/example_dags/example_python_operator.py for tasks to queue
[2025-03-27T15:34:56.899-0500] {logging_mixin.py:190} INFO - [2025-03-27T15:34:56.899-0500] {dagbag.py:588} INFO - Filling up the DagBag from /home/udhbhav/miniconda3/lib/python3.11/site-packages/airflow/example_dags/example_python_operator.py
[2025-03-27T15:34:56.905-0500] {processor.py:925} INFO - DAG(s) 'example_python_operator' retrieved from /home/udhbhav/miniconda3/lib/python3.11/site-packages/airflow/example_dags/example_python_operator.py
[2025-03-27T15:34:56.914-0500] {logging_mixin.py:190} INFO - [2025-03-27T15:34:56.914-0500] {dag.py:3239} INFO - Sync 1 DAGs
[2025-03-27T15:34:56.919-0500] {logging_mixin.py:190} INFO - [2025-03-27T15:34:56.919-0500] {dag.py:4180} INFO - Setting next_dagrun for example_python_operator to None, run_after=None
[2025-03-27T15:34:57.027-0500] {processor.py:208} INFO - Processing /home/udhbhav/miniconda3/lib/python3.11/site-packages/airflow/example_dags/example_python_operator.py took 0.132 seconds
[2025-03-27T15:36:18.777-0500] {processor.py:186} INFO - Started process (PID=1816775) to work on /home/udhbhav/miniconda3/lib/python3.11/site-packages/airflow/example_dags/example_python_operator.py
[2025-03-27T15:36:18.777-0500] {processor.py:914} INFO - Processing file /home/udhbhav/miniconda3/lib/python3.11/site-packages/airflow/example_dags/example_python_operator.py for tasks to queue
[2025-03-27T15:36:18.778-0500] {logging_mixin.py:190} INFO - [2025-03-27T15:36:18.778-0500] {dagbag.py:588} INFO - Filling up the DagBag from /home/udhbhav/miniconda3/lib/python3.11/site-packages/airflow/example_dags/example_python_operator.py
[2025-03-27T15:36:18.784-0500] {processor.py:925} INFO - DAG(s) 'example_python_operator' retrieved from /home/udhbhav/miniconda3/lib/python3.11/site-packages/airflow/example_dags/example_python_operator.py
[2025-03-27T15:36:18.793-0500] {logging_mixin.py:190} INFO - [2025-03-27T15:36:18.793-0500] {dag.py:3239} INFO - Sync 1 DAGs
[2025-03-27T15:36:18.798-0500] {logging_mixin.py:190} INFO - [2025-03-27T15:36:18.798-0500] {dag.py:4180} INFO - Setting next_dagrun for example_python_operator to None, run_after=None
[2025-03-27T15:36:19.357-0500] {processor.py:208} INFO - Processing /home/udhbhav/miniconda3/lib/python3.11/site-packages/airflow/example_dags/example_python_operator.py took 0.583 seconds
