[2025-03-27T14:25:39.929-0500] {processor.py:186} INFO - Started process (PID=1762820) to work on /home/udhbhav/miniconda3/lib/python3.11/site-packages/airflow/example_dags/example_display_name.py
[2025-03-27T14:25:39.931-0500] {processor.py:914} INFO - Processing file /home/udhbhav/miniconda3/lib/python3.11/site-packages/airflow/example_dags/example_display_name.py for tasks to queue
[2025-03-27T14:25:39.932-0500] {logging_mixin.py:190} INFO - [2025-03-27T14:25:39.932-0500] {dagbag.py:588} INFO - Filling up the DagBag from /home/udhbhav/miniconda3/lib/python3.11/site-packages/airflow/example_dags/example_display_name.py
[2025-03-27T14:25:39.945-0500] {processor.py:925} INFO - DAG(s) 'example_display_name' retrieved from /home/udhbhav/miniconda3/lib/python3.11/site-packages/airflow/example_dags/example_display_name.py
[2025-03-27T14:25:40.527-0500] {logging_mixin.py:190} INFO - [2025-03-27T14:25:40.527-0500] {override.py:1912} INFO - Created Permission View: can read on DAG:example_display_name
[2025-03-27T14:25:41.016-0500] {logging_mixin.py:190} INFO - [2025-03-27T14:25:41.015-0500] {override.py:1912} INFO - Created Permission View: can edit on DAG:example_display_name
[2025-03-27T14:25:41.103-0500] {logging_mixin.py:190} INFO - [2025-03-27T14:25:41.103-0500] {override.py:1912} INFO - Created Permission View: can delete on DAG:example_display_name
[2025-03-27T14:25:41.270-0500] {logging_mixin.py:190} INFO - [2025-03-27T14:25:41.270-0500] {override.py:1912} INFO - Created Permission View: can read on DAG Run:example_display_name
[2025-03-27T14:25:41.359-0500] {logging_mixin.py:190} INFO - [2025-03-27T14:25:41.359-0500] {override.py:1912} INFO - Created Permission View: menu access on DAG Run:example_display_name
[2025-03-27T14:25:41.450-0500] {logging_mixin.py:190} INFO - [2025-03-27T14:25:41.450-0500] {override.py:1912} INFO - Created Permission View: can create on DAG Run:example_display_name
[2025-03-27T14:25:41.532-0500] {logging_mixin.py:190} INFO - [2025-03-27T14:25:41.532-0500] {override.py:1912} INFO - Created Permission View: can delete on DAG Run:example_display_name
[2025-03-27T14:25:41.533-0500] {logging_mixin.py:190} INFO - [2025-03-27T14:25:41.533-0500] {dag.py:3239} INFO - Sync 1 DAGs
[2025-03-27T14:25:41.538-0500] {logging_mixin.py:190} INFO - [2025-03-27T14:25:41.538-0500] {dag.py:3262} INFO - Creating ORM DAG for example_display_name
[2025-03-27T14:25:41.538-0500] {logging_mixin.py:190} INFO - [2025-03-27T14:25:41.538-0500] {dag.py:4180} INFO - Setting next_dagrun for example_display_name to None, run_after=None
[2025-03-27T14:25:41.630-0500] {processor.py:208} INFO - Processing /home/udhbhav/miniconda3/lib/python3.11/site-packages/airflow/example_dags/example_display_name.py took 1.722 seconds
[2025-03-27T14:28:13.959-0500] {processor.py:186} INFO - Started process (PID=1764166) to work on /home/udhbhav/miniconda3/lib/python3.11/site-packages/airflow/example_dags/example_display_name.py
[2025-03-27T14:28:13.960-0500] {processor.py:914} INFO - Processing file /home/udhbhav/miniconda3/lib/python3.11/site-packages/airflow/example_dags/example_display_name.py for tasks to queue
[2025-03-27T14:28:13.961-0500] {logging_mixin.py:190} INFO - [2025-03-27T14:28:13.961-0500] {dagbag.py:588} INFO - Filling up the DagBag from /home/udhbhav/miniconda3/lib/python3.11/site-packages/airflow/example_dags/example_display_name.py
[2025-03-27T14:28:13.966-0500] {processor.py:925} INFO - DAG(s) 'example_display_name' retrieved from /home/udhbhav/miniconda3/lib/python3.11/site-packages/airflow/example_dags/example_display_name.py
[2025-03-27T14:28:13.973-0500] {logging_mixin.py:190} INFO - [2025-03-27T14:28:13.973-0500] {dag.py:3239} INFO - Sync 1 DAGs
[2025-03-27T14:28:13.979-0500] {logging_mixin.py:190} INFO - [2025-03-27T14:28:13.979-0500] {dag.py:4180} INFO - Setting next_dagrun for example_display_name to None, run_after=None
[2025-03-27T14:28:14.185-0500] {processor.py:208} INFO - Processing /home/udhbhav/miniconda3/lib/python3.11/site-packages/airflow/example_dags/example_display_name.py took 0.228 seconds
[2025-03-27T14:35:29.255-0500] {processor.py:186} INFO - Started process (PID=1768362) to work on /home/udhbhav/miniconda3/lib/python3.11/site-packages/airflow/example_dags/example_display_name.py
[2025-03-27T14:35:29.255-0500] {processor.py:914} INFO - Processing file /home/udhbhav/miniconda3/lib/python3.11/site-packages/airflow/example_dags/example_display_name.py for tasks to queue
[2025-03-27T14:35:29.256-0500] {logging_mixin.py:190} INFO - [2025-03-27T14:35:29.256-0500] {dagbag.py:588} INFO - Filling up the DagBag from /home/udhbhav/miniconda3/lib/python3.11/site-packages/airflow/example_dags/example_display_name.py
[2025-03-27T14:35:29.261-0500] {processor.py:925} INFO - DAG(s) 'example_display_name' retrieved from /home/udhbhav/miniconda3/lib/python3.11/site-packages/airflow/example_dags/example_display_name.py
[2025-03-27T14:35:29.271-0500] {logging_mixin.py:190} INFO - [2025-03-27T14:35:29.271-0500] {dag.py:3239} INFO - Sync 1 DAGs
[2025-03-27T14:35:29.277-0500] {logging_mixin.py:190} INFO - [2025-03-27T14:35:29.277-0500] {dag.py:4180} INFO - Setting next_dagrun for example_display_name to None, run_after=None
[2025-03-27T14:35:29.385-0500] {processor.py:208} INFO - Processing /home/udhbhav/miniconda3/lib/python3.11/site-packages/airflow/example_dags/example_display_name.py took 0.132 seconds
[2025-03-27T14:37:15.583-0500] {processor.py:186} INFO - Started process (PID=1769433) to work on /home/udhbhav/miniconda3/lib/python3.11/site-packages/airflow/example_dags/example_display_name.py
[2025-03-27T14:37:15.583-0500] {processor.py:914} INFO - Processing file /home/udhbhav/miniconda3/lib/python3.11/site-packages/airflow/example_dags/example_display_name.py for tasks to queue
[2025-03-27T14:37:15.584-0500] {logging_mixin.py:190} INFO - [2025-03-27T14:37:15.584-0500] {dagbag.py:588} INFO - Filling up the DagBag from /home/udhbhav/miniconda3/lib/python3.11/site-packages/airflow/example_dags/example_display_name.py
[2025-03-27T14:37:15.588-0500] {processor.py:925} INFO - DAG(s) 'example_display_name' retrieved from /home/udhbhav/miniconda3/lib/python3.11/site-packages/airflow/example_dags/example_display_name.py
[2025-03-27T14:37:15.598-0500] {logging_mixin.py:190} INFO - [2025-03-27T14:37:15.597-0500] {dag.py:3239} INFO - Sync 1 DAGs
[2025-03-27T14:37:15.603-0500] {logging_mixin.py:190} INFO - [2025-03-27T14:37:15.602-0500] {dag.py:4180} INFO - Setting next_dagrun for example_display_name to None, run_after=None
[2025-03-27T14:37:15.712-0500] {processor.py:208} INFO - Processing /home/udhbhav/miniconda3/lib/python3.11/site-packages/airflow/example_dags/example_display_name.py took 0.131 seconds
[2025-03-27T14:38:22.000-0500] {processor.py:186} INFO - Started process (PID=1770446) to work on /home/udhbhav/miniconda3/lib/python3.11/site-packages/airflow/example_dags/example_display_name.py
[2025-03-27T14:38:22.000-0500] {processor.py:914} INFO - Processing file /home/udhbhav/miniconda3/lib/python3.11/site-packages/airflow/example_dags/example_display_name.py for tasks to queue
[2025-03-27T14:38:22.001-0500] {logging_mixin.py:190} INFO - [2025-03-27T14:38:22.001-0500] {dagbag.py:588} INFO - Filling up the DagBag from /home/udhbhav/miniconda3/lib/python3.11/site-packages/airflow/example_dags/example_display_name.py
[2025-03-27T14:38:22.005-0500] {processor.py:925} INFO - DAG(s) 'example_display_name' retrieved from /home/udhbhav/miniconda3/lib/python3.11/site-packages/airflow/example_dags/example_display_name.py
[2025-03-27T14:38:22.012-0500] {logging_mixin.py:190} INFO - [2025-03-27T14:38:22.012-0500] {dag.py:3239} INFO - Sync 1 DAGs
[2025-03-27T14:38:22.017-0500] {logging_mixin.py:190} INFO - [2025-03-27T14:38:22.017-0500] {dag.py:4180} INFO - Setting next_dagrun for example_display_name to None, run_after=None
[2025-03-27T14:38:22.123-0500] {processor.py:208} INFO - Processing /home/udhbhav/miniconda3/lib/python3.11/site-packages/airflow/example_dags/example_display_name.py took 0.126 seconds
[2025-03-27T14:39:33.975-0500] {processor.py:186} INFO - Started process (PID=1771201) to work on /home/udhbhav/miniconda3/lib/python3.11/site-packages/airflow/example_dags/example_display_name.py
[2025-03-27T14:39:33.976-0500] {processor.py:914} INFO - Processing file /home/udhbhav/miniconda3/lib/python3.11/site-packages/airflow/example_dags/example_display_name.py for tasks to queue
[2025-03-27T14:39:33.977-0500] {logging_mixin.py:190} INFO - [2025-03-27T14:39:33.976-0500] {dagbag.py:588} INFO - Filling up the DagBag from /home/udhbhav/miniconda3/lib/python3.11/site-packages/airflow/example_dags/example_display_name.py
[2025-03-27T14:39:33.981-0500] {processor.py:925} INFO - DAG(s) 'example_display_name' retrieved from /home/udhbhav/miniconda3/lib/python3.11/site-packages/airflow/example_dags/example_display_name.py
[2025-03-27T14:39:33.987-0500] {logging_mixin.py:190} INFO - [2025-03-27T14:39:33.987-0500] {dag.py:3239} INFO - Sync 1 DAGs
[2025-03-27T14:39:33.993-0500] {logging_mixin.py:190} INFO - [2025-03-27T14:39:33.992-0500] {dag.py:4180} INFO - Setting next_dagrun for example_display_name to None, run_after=None
[2025-03-27T14:39:34.098-0500] {processor.py:208} INFO - Processing /home/udhbhav/miniconda3/lib/python3.11/site-packages/airflow/example_dags/example_display_name.py took 0.126 seconds
[2025-03-27T14:40:18.658-0500] {processor.py:186} INFO - Started process (PID=1771582) to work on /home/udhbhav/miniconda3/lib/python3.11/site-packages/airflow/example_dags/example_display_name.py
[2025-03-27T14:40:18.659-0500] {processor.py:914} INFO - Processing file /home/udhbhav/miniconda3/lib/python3.11/site-packages/airflow/example_dags/example_display_name.py for tasks to queue
[2025-03-27T14:40:18.660-0500] {logging_mixin.py:190} INFO - [2025-03-27T14:40:18.659-0500] {dagbag.py:588} INFO - Filling up the DagBag from /home/udhbhav/miniconda3/lib/python3.11/site-packages/airflow/example_dags/example_display_name.py
[2025-03-27T14:40:18.663-0500] {processor.py:925} INFO - DAG(s) 'example_display_name' retrieved from /home/udhbhav/miniconda3/lib/python3.11/site-packages/airflow/example_dags/example_display_name.py
[2025-03-27T14:40:18.670-0500] {logging_mixin.py:190} INFO - [2025-03-27T14:40:18.670-0500] {dag.py:3239} INFO - Sync 1 DAGs
[2025-03-27T14:40:18.675-0500] {logging_mixin.py:190} INFO - [2025-03-27T14:40:18.675-0500] {dag.py:4180} INFO - Setting next_dagrun for example_display_name to None, run_after=None
[2025-03-27T14:40:18.781-0500] {processor.py:208} INFO - Processing /home/udhbhav/miniconda3/lib/python3.11/site-packages/airflow/example_dags/example_display_name.py took 0.126 seconds
[2025-03-27T14:41:45.323-0500] {processor.py:186} INFO - Started process (PID=1772845) to work on /home/udhbhav/miniconda3/lib/python3.11/site-packages/airflow/example_dags/example_display_name.py
[2025-03-27T14:41:45.324-0500] {processor.py:914} INFO - Processing file /home/udhbhav/miniconda3/lib/python3.11/site-packages/airflow/example_dags/example_display_name.py for tasks to queue
[2025-03-27T14:41:45.325-0500] {logging_mixin.py:190} INFO - [2025-03-27T14:41:45.325-0500] {dagbag.py:588} INFO - Filling up the DagBag from /home/udhbhav/miniconda3/lib/python3.11/site-packages/airflow/example_dags/example_display_name.py
[2025-03-27T14:41:45.329-0500] {processor.py:925} INFO - DAG(s) 'example_display_name' retrieved from /home/udhbhav/miniconda3/lib/python3.11/site-packages/airflow/example_dags/example_display_name.py
[2025-03-27T14:41:45.335-0500] {logging_mixin.py:190} INFO - [2025-03-27T14:41:45.335-0500] {dag.py:3239} INFO - Sync 1 DAGs
[2025-03-27T14:41:45.341-0500] {logging_mixin.py:190} INFO - [2025-03-27T14:41:45.341-0500] {dag.py:4180} INFO - Setting next_dagrun for example_display_name to None, run_after=None
[2025-03-27T14:41:45.449-0500] {processor.py:208} INFO - Processing /home/udhbhav/miniconda3/lib/python3.11/site-packages/airflow/example_dags/example_display_name.py took 0.128 seconds
[2025-03-27T14:42:29.574-0500] {processor.py:186} INFO - Started process (PID=1773175) to work on /home/udhbhav/miniconda3/lib/python3.11/site-packages/airflow/example_dags/example_display_name.py
[2025-03-27T14:42:29.575-0500] {processor.py:914} INFO - Processing file /home/udhbhav/miniconda3/lib/python3.11/site-packages/airflow/example_dags/example_display_name.py for tasks to queue
[2025-03-27T14:42:29.576-0500] {logging_mixin.py:190} INFO - [2025-03-27T14:42:29.575-0500] {dagbag.py:588} INFO - Filling up the DagBag from /home/udhbhav/miniconda3/lib/python3.11/site-packages/airflow/example_dags/example_display_name.py
[2025-03-27T14:42:29.580-0500] {processor.py:925} INFO - DAG(s) 'example_display_name' retrieved from /home/udhbhav/miniconda3/lib/python3.11/site-packages/airflow/example_dags/example_display_name.py
[2025-03-27T14:42:29.587-0500] {logging_mixin.py:190} INFO - [2025-03-27T14:42:29.587-0500] {dag.py:3239} INFO - Sync 1 DAGs
[2025-03-27T14:42:29.592-0500] {logging_mixin.py:190} INFO - [2025-03-27T14:42:29.592-0500] {dag.py:4180} INFO - Setting next_dagrun for example_display_name to None, run_after=None
[2025-03-27T14:42:29.698-0500] {processor.py:208} INFO - Processing /home/udhbhav/miniconda3/lib/python3.11/site-packages/airflow/example_dags/example_display_name.py took 0.126 seconds
[2025-03-27T14:43:50.960-0500] {processor.py:186} INFO - Started process (PID=1774232) to work on /home/udhbhav/miniconda3/lib/python3.11/site-packages/airflow/example_dags/example_display_name.py
[2025-03-27T14:43:50.961-0500] {processor.py:914} INFO - Processing file /home/udhbhav/miniconda3/lib/python3.11/site-packages/airflow/example_dags/example_display_name.py for tasks to queue
[2025-03-27T14:43:50.962-0500] {logging_mixin.py:190} INFO - [2025-03-27T14:43:50.962-0500] {dagbag.py:588} INFO - Filling up the DagBag from /home/udhbhav/miniconda3/lib/python3.11/site-packages/airflow/example_dags/example_display_name.py
[2025-03-27T14:43:50.966-0500] {processor.py:925} INFO - DAG(s) 'example_display_name' retrieved from /home/udhbhav/miniconda3/lib/python3.11/site-packages/airflow/example_dags/example_display_name.py
[2025-03-27T14:43:50.973-0500] {logging_mixin.py:190} INFO - [2025-03-27T14:43:50.973-0500] {dag.py:3239} INFO - Sync 1 DAGs
[2025-03-27T14:43:50.978-0500] {logging_mixin.py:190} INFO - [2025-03-27T14:43:50.978-0500] {dag.py:4180} INFO - Setting next_dagrun for example_display_name to None, run_after=None
[2025-03-27T14:43:51.086-0500] {processor.py:208} INFO - Processing /home/udhbhav/miniconda3/lib/python3.11/site-packages/airflow/example_dags/example_display_name.py took 0.128 seconds
[2025-03-27T14:44:35.142-0500] {processor.py:186} INFO - Started process (PID=1774595) to work on /home/udhbhav/miniconda3/lib/python3.11/site-packages/airflow/example_dags/example_display_name.py
[2025-03-27T14:44:35.142-0500] {processor.py:914} INFO - Processing file /home/udhbhav/miniconda3/lib/python3.11/site-packages/airflow/example_dags/example_display_name.py for tasks to queue
[2025-03-27T14:44:35.143-0500] {logging_mixin.py:190} INFO - [2025-03-27T14:44:35.143-0500] {dagbag.py:588} INFO - Filling up the DagBag from /home/udhbhav/miniconda3/lib/python3.11/site-packages/airflow/example_dags/example_display_name.py
[2025-03-27T14:44:35.147-0500] {processor.py:925} INFO - DAG(s) 'example_display_name' retrieved from /home/udhbhav/miniconda3/lib/python3.11/site-packages/airflow/example_dags/example_display_name.py
[2025-03-27T14:44:35.154-0500] {logging_mixin.py:190} INFO - [2025-03-27T14:44:35.154-0500] {dag.py:3239} INFO - Sync 1 DAGs
[2025-03-27T14:44:35.159-0500] {logging_mixin.py:190} INFO - [2025-03-27T14:44:35.159-0500] {dag.py:4180} INFO - Setting next_dagrun for example_display_name to None, run_after=None
[2025-03-27T14:44:35.332-0500] {processor.py:208} INFO - Processing /home/udhbhav/miniconda3/lib/python3.11/site-packages/airflow/example_dags/example_display_name.py took 0.193 seconds
[2025-03-27T14:45:47.499-0500] {processor.py:186} INFO - Started process (PID=1775389) to work on /home/udhbhav/miniconda3/lib/python3.11/site-packages/airflow/example_dags/example_display_name.py
[2025-03-27T14:45:47.499-0500] {processor.py:914} INFO - Processing file /home/udhbhav/miniconda3/lib/python3.11/site-packages/airflow/example_dags/example_display_name.py for tasks to queue
[2025-03-27T14:45:47.500-0500] {logging_mixin.py:190} INFO - [2025-03-27T14:45:47.500-0500] {dagbag.py:588} INFO - Filling up the DagBag from /home/udhbhav/miniconda3/lib/python3.11/site-packages/airflow/example_dags/example_display_name.py
[2025-03-27T14:45:47.504-0500] {processor.py:925} INFO - DAG(s) 'example_display_name' retrieved from /home/udhbhav/miniconda3/lib/python3.11/site-packages/airflow/example_dags/example_display_name.py
[2025-03-27T14:45:47.511-0500] {logging_mixin.py:190} INFO - [2025-03-27T14:45:47.511-0500] {dag.py:3239} INFO - Sync 1 DAGs
[2025-03-27T14:45:47.516-0500] {logging_mixin.py:190} INFO - [2025-03-27T14:45:47.516-0500] {dag.py:4180} INFO - Setting next_dagrun for example_display_name to None, run_after=None
[2025-03-27T14:45:48.958-0500] {processor.py:208} INFO - Processing /home/udhbhav/miniconda3/lib/python3.11/site-packages/airflow/example_dags/example_display_name.py took 1.463 seconds
[2025-03-27T14:47:20.085-0500] {processor.py:186} INFO - Started process (PID=1776176) to work on /home/udhbhav/miniconda3/lib/python3.11/site-packages/airflow/example_dags/example_display_name.py
[2025-03-27T14:47:20.086-0500] {processor.py:914} INFO - Processing file /home/udhbhav/miniconda3/lib/python3.11/site-packages/airflow/example_dags/example_display_name.py for tasks to queue
[2025-03-27T14:47:20.087-0500] {logging_mixin.py:190} INFO - [2025-03-27T14:47:20.086-0500] {dagbag.py:588} INFO - Filling up the DagBag from /home/udhbhav/miniconda3/lib/python3.11/site-packages/airflow/example_dags/example_display_name.py
[2025-03-27T14:47:20.091-0500] {processor.py:925} INFO - DAG(s) 'example_display_name' retrieved from /home/udhbhav/miniconda3/lib/python3.11/site-packages/airflow/example_dags/example_display_name.py
[2025-03-27T14:47:20.098-0500] {logging_mixin.py:190} INFO - [2025-03-27T14:47:20.098-0500] {dag.py:3239} INFO - Sync 1 DAGs
[2025-03-27T14:47:20.103-0500] {logging_mixin.py:190} INFO - [2025-03-27T14:47:20.103-0500] {dag.py:4180} INFO - Setting next_dagrun for example_display_name to None, run_after=None
[2025-03-27T14:47:20.263-0500] {processor.py:208} INFO - Processing /home/udhbhav/miniconda3/lib/python3.11/site-packages/airflow/example_dags/example_display_name.py took 0.181 seconds
[2025-03-27T14:48:38.509-0500] {processor.py:186} INFO - Started process (PID=1776933) to work on /home/udhbhav/miniconda3/lib/python3.11/site-packages/airflow/example_dags/example_display_name.py
[2025-03-27T14:48:38.510-0500] {processor.py:914} INFO - Processing file /home/udhbhav/miniconda3/lib/python3.11/site-packages/airflow/example_dags/example_display_name.py for tasks to queue
[2025-03-27T14:48:38.511-0500] {logging_mixin.py:190} INFO - [2025-03-27T14:48:38.511-0500] {dagbag.py:588} INFO - Filling up the DagBag from /home/udhbhav/miniconda3/lib/python3.11/site-packages/airflow/example_dags/example_display_name.py
[2025-03-27T14:48:38.515-0500] {processor.py:925} INFO - DAG(s) 'example_display_name' retrieved from /home/udhbhav/miniconda3/lib/python3.11/site-packages/airflow/example_dags/example_display_name.py
[2025-03-27T14:48:38.521-0500] {logging_mixin.py:190} INFO - [2025-03-27T14:48:38.521-0500] {dag.py:3239} INFO - Sync 1 DAGs
[2025-03-27T14:48:38.527-0500] {logging_mixin.py:190} INFO - [2025-03-27T14:48:38.527-0500] {dag.py:4180} INFO - Setting next_dagrun for example_display_name to None, run_after=None
[2025-03-27T14:48:38.679-0500] {processor.py:208} INFO - Processing /home/udhbhav/miniconda3/lib/python3.11/site-packages/airflow/example_dags/example_display_name.py took 0.172 seconds
[2025-03-27T14:50:04.084-0500] {processor.py:186} INFO - Started process (PID=1777751) to work on /home/udhbhav/miniconda3/lib/python3.11/site-packages/airflow/example_dags/example_display_name.py
[2025-03-27T14:50:04.084-0500] {processor.py:914} INFO - Processing file /home/udhbhav/miniconda3/lib/python3.11/site-packages/airflow/example_dags/example_display_name.py for tasks to queue
[2025-03-27T14:50:04.085-0500] {logging_mixin.py:190} INFO - [2025-03-27T14:50:04.085-0500] {dagbag.py:588} INFO - Filling up the DagBag from /home/udhbhav/miniconda3/lib/python3.11/site-packages/airflow/example_dags/example_display_name.py
[2025-03-27T14:50:04.089-0500] {processor.py:925} INFO - DAG(s) 'example_display_name' retrieved from /home/udhbhav/miniconda3/lib/python3.11/site-packages/airflow/example_dags/example_display_name.py
[2025-03-27T14:50:04.096-0500] {logging_mixin.py:190} INFO - [2025-03-27T14:50:04.096-0500] {dag.py:3239} INFO - Sync 1 DAGs
[2025-03-27T14:50:04.101-0500] {logging_mixin.py:190} INFO - [2025-03-27T14:50:04.101-0500] {dag.py:4180} INFO - Setting next_dagrun for example_display_name to None, run_after=None
[2025-03-27T14:50:04.216-0500] {processor.py:208} INFO - Processing /home/udhbhav/miniconda3/lib/python3.11/site-packages/airflow/example_dags/example_display_name.py took 0.135 seconds
[2025-03-27T14:51:10.372-0500] {processor.py:186} INFO - Started process (PID=1782548) to work on /home/udhbhav/miniconda3/lib/python3.11/site-packages/airflow/example_dags/example_display_name.py
[2025-03-27T14:51:10.373-0500] {processor.py:914} INFO - Processing file /home/udhbhav/miniconda3/lib/python3.11/site-packages/airflow/example_dags/example_display_name.py for tasks to queue
[2025-03-27T14:51:10.374-0500] {logging_mixin.py:190} INFO - [2025-03-27T14:51:10.373-0500] {dagbag.py:588} INFO - Filling up the DagBag from /home/udhbhav/miniconda3/lib/python3.11/site-packages/airflow/example_dags/example_display_name.py
[2025-03-27T14:51:10.377-0500] {processor.py:925} INFO - DAG(s) 'example_display_name' retrieved from /home/udhbhav/miniconda3/lib/python3.11/site-packages/airflow/example_dags/example_display_name.py
[2025-03-27T14:51:10.384-0500] {logging_mixin.py:190} INFO - [2025-03-27T14:51:10.384-0500] {dag.py:3239} INFO - Sync 1 DAGs
[2025-03-27T14:51:10.389-0500] {logging_mixin.py:190} INFO - [2025-03-27T14:51:10.389-0500] {dag.py:4180} INFO - Setting next_dagrun for example_display_name to None, run_after=None
[2025-03-27T14:51:10.496-0500] {processor.py:208} INFO - Processing /home/udhbhav/miniconda3/lib/python3.11/site-packages/airflow/example_dags/example_display_name.py took 0.127 seconds
[2025-03-27T14:52:17.819-0500] {processor.py:186} INFO - Started process (PID=1783907) to work on /home/udhbhav/miniconda3/lib/python3.11/site-packages/airflow/example_dags/example_display_name.py
[2025-03-27T14:52:17.819-0500] {processor.py:914} INFO - Processing file /home/udhbhav/miniconda3/lib/python3.11/site-packages/airflow/example_dags/example_display_name.py for tasks to queue
[2025-03-27T14:52:17.820-0500] {logging_mixin.py:190} INFO - [2025-03-27T14:52:17.820-0500] {dagbag.py:588} INFO - Filling up the DagBag from /home/udhbhav/miniconda3/lib/python3.11/site-packages/airflow/example_dags/example_display_name.py
[2025-03-27T14:52:17.824-0500] {processor.py:925} INFO - DAG(s) 'example_display_name' retrieved from /home/udhbhav/miniconda3/lib/python3.11/site-packages/airflow/example_dags/example_display_name.py
[2025-03-27T14:52:17.831-0500] {logging_mixin.py:190} INFO - [2025-03-27T14:52:17.831-0500] {dag.py:3239} INFO - Sync 1 DAGs
[2025-03-27T14:52:17.837-0500] {logging_mixin.py:190} INFO - [2025-03-27T14:52:17.836-0500] {dag.py:4180} INFO - Setting next_dagrun for example_display_name to None, run_after=None
[2025-03-27T14:52:17.944-0500] {processor.py:208} INFO - Processing /home/udhbhav/miniconda3/lib/python3.11/site-packages/airflow/example_dags/example_display_name.py took 0.128 seconds
[2025-03-27T14:53:28.391-0500] {processor.py:186} INFO - Started process (PID=1784622) to work on /home/udhbhav/miniconda3/lib/python3.11/site-packages/airflow/example_dags/example_display_name.py
[2025-03-27T14:53:28.391-0500] {processor.py:914} INFO - Processing file /home/udhbhav/miniconda3/lib/python3.11/site-packages/airflow/example_dags/example_display_name.py for tasks to queue
[2025-03-27T14:53:28.392-0500] {logging_mixin.py:190} INFO - [2025-03-27T14:53:28.392-0500] {dagbag.py:588} INFO - Filling up the DagBag from /home/udhbhav/miniconda3/lib/python3.11/site-packages/airflow/example_dags/example_display_name.py
[2025-03-27T14:53:28.396-0500] {processor.py:925} INFO - DAG(s) 'example_display_name' retrieved from /home/udhbhav/miniconda3/lib/python3.11/site-packages/airflow/example_dags/example_display_name.py
[2025-03-27T14:53:28.403-0500] {logging_mixin.py:190} INFO - [2025-03-27T14:53:28.403-0500] {dag.py:3239} INFO - Sync 1 DAGs
[2025-03-27T14:53:28.408-0500] {logging_mixin.py:190} INFO - [2025-03-27T14:53:28.408-0500] {dag.py:4180} INFO - Setting next_dagrun for example_display_name to None, run_after=None
[2025-03-27T14:53:28.517-0500] {processor.py:208} INFO - Processing /home/udhbhav/miniconda3/lib/python3.11/site-packages/airflow/example_dags/example_display_name.py took 0.130 seconds
[2025-03-27T14:54:35.630-0500] {processor.py:186} INFO - Started process (PID=1785264) to work on /home/udhbhav/miniconda3/lib/python3.11/site-packages/airflow/example_dags/example_display_name.py
[2025-03-27T14:54:35.630-0500] {processor.py:914} INFO - Processing file /home/udhbhav/miniconda3/lib/python3.11/site-packages/airflow/example_dags/example_display_name.py for tasks to queue
[2025-03-27T14:54:35.631-0500] {logging_mixin.py:190} INFO - [2025-03-27T14:54:35.631-0500] {dagbag.py:588} INFO - Filling up the DagBag from /home/udhbhav/miniconda3/lib/python3.11/site-packages/airflow/example_dags/example_display_name.py
[2025-03-27T14:54:35.635-0500] {processor.py:925} INFO - DAG(s) 'example_display_name' retrieved from /home/udhbhav/miniconda3/lib/python3.11/site-packages/airflow/example_dags/example_display_name.py
[2025-03-27T14:54:35.642-0500] {logging_mixin.py:190} INFO - [2025-03-27T14:54:35.642-0500] {dag.py:3239} INFO - Sync 1 DAGs
[2025-03-27T14:54:35.647-0500] {logging_mixin.py:190} INFO - [2025-03-27T14:54:35.647-0500] {dag.py:4180} INFO - Setting next_dagrun for example_display_name to None, run_after=None
[2025-03-27T14:54:35.756-0500] {processor.py:208} INFO - Processing /home/udhbhav/miniconda3/lib/python3.11/site-packages/airflow/example_dags/example_display_name.py took 0.129 seconds
[2025-03-27T14:55:40.850-0500] {processor.py:186} INFO - Started process (PID=1785971) to work on /home/udhbhav/miniconda3/lib/python3.11/site-packages/airflow/example_dags/example_display_name.py
[2025-03-27T14:55:40.850-0500] {processor.py:914} INFO - Processing file /home/udhbhav/miniconda3/lib/python3.11/site-packages/airflow/example_dags/example_display_name.py for tasks to queue
[2025-03-27T14:55:40.851-0500] {logging_mixin.py:190} INFO - [2025-03-27T14:55:40.851-0500] {dagbag.py:588} INFO - Filling up the DagBag from /home/udhbhav/miniconda3/lib/python3.11/site-packages/airflow/example_dags/example_display_name.py
[2025-03-27T14:55:40.855-0500] {processor.py:925} INFO - DAG(s) 'example_display_name' retrieved from /home/udhbhav/miniconda3/lib/python3.11/site-packages/airflow/example_dags/example_display_name.py
[2025-03-27T14:55:40.862-0500] {logging_mixin.py:190} INFO - [2025-03-27T14:55:40.862-0500] {dag.py:3239} INFO - Sync 1 DAGs
[2025-03-27T14:55:40.867-0500] {logging_mixin.py:190} INFO - [2025-03-27T14:55:40.867-0500] {dag.py:4180} INFO - Setting next_dagrun for example_display_name to None, run_after=None
[2025-03-27T14:55:41.202-0500] {processor.py:208} INFO - Processing /home/udhbhav/miniconda3/lib/python3.11/site-packages/airflow/example_dags/example_display_name.py took 0.355 seconds
[2025-03-27T14:56:26.313-0500] {processor.py:186} INFO - Started process (PID=1786402) to work on /home/udhbhav/miniconda3/lib/python3.11/site-packages/airflow/example_dags/example_display_name.py
[2025-03-27T14:56:26.314-0500] {processor.py:914} INFO - Processing file /home/udhbhav/miniconda3/lib/python3.11/site-packages/airflow/example_dags/example_display_name.py for tasks to queue
[2025-03-27T14:56:26.315-0500] {logging_mixin.py:190} INFO - [2025-03-27T14:56:26.315-0500] {dagbag.py:588} INFO - Filling up the DagBag from /home/udhbhav/miniconda3/lib/python3.11/site-packages/airflow/example_dags/example_display_name.py
[2025-03-27T14:56:26.319-0500] {processor.py:925} INFO - DAG(s) 'example_display_name' retrieved from /home/udhbhav/miniconda3/lib/python3.11/site-packages/airflow/example_dags/example_display_name.py
[2025-03-27T14:56:26.326-0500] {logging_mixin.py:190} INFO - [2025-03-27T14:56:26.326-0500] {dag.py:3239} INFO - Sync 1 DAGs
[2025-03-27T14:56:26.331-0500] {logging_mixin.py:190} INFO - [2025-03-27T14:56:26.331-0500] {dag.py:4180} INFO - Setting next_dagrun for example_display_name to None, run_after=None
[2025-03-27T14:56:26.467-0500] {processor.py:208} INFO - Processing /home/udhbhav/miniconda3/lib/python3.11/site-packages/airflow/example_dags/example_display_name.py took 0.156 seconds
[2025-03-27T14:57:42.190-0500] {processor.py:186} INFO - Started process (PID=1787247) to work on /home/udhbhav/miniconda3/lib/python3.11/site-packages/airflow/example_dags/example_display_name.py
[2025-03-27T14:57:42.190-0500] {processor.py:914} INFO - Processing file /home/udhbhav/miniconda3/lib/python3.11/site-packages/airflow/example_dags/example_display_name.py for tasks to queue
[2025-03-27T14:57:42.191-0500] {logging_mixin.py:190} INFO - [2025-03-27T14:57:42.191-0500] {dagbag.py:588} INFO - Filling up the DagBag from /home/udhbhav/miniconda3/lib/python3.11/site-packages/airflow/example_dags/example_display_name.py
[2025-03-27T14:57:42.195-0500] {processor.py:925} INFO - DAG(s) 'example_display_name' retrieved from /home/udhbhav/miniconda3/lib/python3.11/site-packages/airflow/example_dags/example_display_name.py
[2025-03-27T14:57:42.202-0500] {logging_mixin.py:190} INFO - [2025-03-27T14:57:42.202-0500] {dag.py:3239} INFO - Sync 1 DAGs
[2025-03-27T14:57:42.207-0500] {logging_mixin.py:190} INFO - [2025-03-27T14:57:42.207-0500] {dag.py:4180} INFO - Setting next_dagrun for example_display_name to None, run_after=None
[2025-03-27T14:57:43.540-0500] {processor.py:208} INFO - Processing /home/udhbhav/miniconda3/lib/python3.11/site-packages/airflow/example_dags/example_display_name.py took 1.353 seconds
[2025-03-27T14:59:03.933-0500] {processor.py:186} INFO - Started process (PID=1788114) to work on /home/udhbhav/miniconda3/lib/python3.11/site-packages/airflow/example_dags/example_display_name.py
[2025-03-27T14:59:03.933-0500] {processor.py:914} INFO - Processing file /home/udhbhav/miniconda3/lib/python3.11/site-packages/airflow/example_dags/example_display_name.py for tasks to queue
[2025-03-27T14:59:03.934-0500] {logging_mixin.py:190} INFO - [2025-03-27T14:59:03.934-0500] {dagbag.py:588} INFO - Filling up the DagBag from /home/udhbhav/miniconda3/lib/python3.11/site-packages/airflow/example_dags/example_display_name.py
[2025-03-27T14:59:03.938-0500] {processor.py:925} INFO - DAG(s) 'example_display_name' retrieved from /home/udhbhav/miniconda3/lib/python3.11/site-packages/airflow/example_dags/example_display_name.py
[2025-03-27T14:59:03.945-0500] {logging_mixin.py:190} INFO - [2025-03-27T14:59:03.945-0500] {dag.py:3239} INFO - Sync 1 DAGs
[2025-03-27T14:59:03.951-0500] {logging_mixin.py:190} INFO - [2025-03-27T14:59:03.950-0500] {dag.py:4180} INFO - Setting next_dagrun for example_display_name to None, run_after=None
[2025-03-27T14:59:04.310-0500] {processor.py:208} INFO - Processing /home/udhbhav/miniconda3/lib/python3.11/site-packages/airflow/example_dags/example_display_name.py took 0.380 seconds
[2025-03-27T14:59:52.464-0500] {processor.py:186} INFO - Started process (PID=1788601) to work on /home/udhbhav/miniconda3/lib/python3.11/site-packages/airflow/example_dags/example_display_name.py
[2025-03-27T14:59:52.465-0500] {processor.py:914} INFO - Processing file /home/udhbhav/miniconda3/lib/python3.11/site-packages/airflow/example_dags/example_display_name.py for tasks to queue
[2025-03-27T14:59:52.466-0500] {logging_mixin.py:190} INFO - [2025-03-27T14:59:52.465-0500] {dagbag.py:588} INFO - Filling up the DagBag from /home/udhbhav/miniconda3/lib/python3.11/site-packages/airflow/example_dags/example_display_name.py
[2025-03-27T14:59:52.469-0500] {processor.py:925} INFO - DAG(s) 'example_display_name' retrieved from /home/udhbhav/miniconda3/lib/python3.11/site-packages/airflow/example_dags/example_display_name.py
[2025-03-27T14:59:52.476-0500] {logging_mixin.py:190} INFO - [2025-03-27T14:59:52.476-0500] {dag.py:3239} INFO - Sync 1 DAGs
[2025-03-27T14:59:52.481-0500] {logging_mixin.py:190} INFO - [2025-03-27T14:59:52.481-0500] {dag.py:4180} INFO - Setting next_dagrun for example_display_name to None, run_after=None
[2025-03-27T14:59:52.589-0500] {processor.py:208} INFO - Processing /home/udhbhav/miniconda3/lib/python3.11/site-packages/airflow/example_dags/example_display_name.py took 0.128 seconds
[2025-03-27T15:01:00.441-0500] {processor.py:186} INFO - Started process (PID=1789412) to work on /home/udhbhav/miniconda3/lib/python3.11/site-packages/airflow/example_dags/example_display_name.py
[2025-03-27T15:01:00.441-0500] {processor.py:914} INFO - Processing file /home/udhbhav/miniconda3/lib/python3.11/site-packages/airflow/example_dags/example_display_name.py for tasks to queue
[2025-03-27T15:01:00.442-0500] {logging_mixin.py:190} INFO - [2025-03-27T15:01:00.442-0500] {dagbag.py:588} INFO - Filling up the DagBag from /home/udhbhav/miniconda3/lib/python3.11/site-packages/airflow/example_dags/example_display_name.py
[2025-03-27T15:01:00.447-0500] {processor.py:925} INFO - DAG(s) 'example_display_name' retrieved from /home/udhbhav/miniconda3/lib/python3.11/site-packages/airflow/example_dags/example_display_name.py
[2025-03-27T15:01:00.454-0500] {logging_mixin.py:190} INFO - [2025-03-27T15:01:00.454-0500] {dag.py:3239} INFO - Sync 1 DAGs
[2025-03-27T15:01:00.459-0500] {logging_mixin.py:190} INFO - [2025-03-27T15:01:00.459-0500] {dag.py:4180} INFO - Setting next_dagrun for example_display_name to None, run_after=None
[2025-03-27T15:01:00.566-0500] {processor.py:208} INFO - Processing /home/udhbhav/miniconda3/lib/python3.11/site-packages/airflow/example_dags/example_display_name.py took 0.128 seconds
[2025-03-27T15:02:04.630-0500] {processor.py:186} INFO - Started process (PID=1790144) to work on /home/udhbhav/miniconda3/lib/python3.11/site-packages/airflow/example_dags/example_display_name.py
[2025-03-27T15:02:04.630-0500] {processor.py:914} INFO - Processing file /home/udhbhav/miniconda3/lib/python3.11/site-packages/airflow/example_dags/example_display_name.py for tasks to queue
[2025-03-27T15:02:04.631-0500] {logging_mixin.py:190} INFO - [2025-03-27T15:02:04.631-0500] {dagbag.py:588} INFO - Filling up the DagBag from /home/udhbhav/miniconda3/lib/python3.11/site-packages/airflow/example_dags/example_display_name.py
[2025-03-27T15:02:04.635-0500] {processor.py:925} INFO - DAG(s) 'example_display_name' retrieved from /home/udhbhav/miniconda3/lib/python3.11/site-packages/airflow/example_dags/example_display_name.py
[2025-03-27T15:02:04.642-0500] {logging_mixin.py:190} INFO - [2025-03-27T15:02:04.642-0500] {dag.py:3239} INFO - Sync 1 DAGs
[2025-03-27T15:02:04.647-0500] {logging_mixin.py:190} INFO - [2025-03-27T15:02:04.647-0500] {dag.py:4180} INFO - Setting next_dagrun for example_display_name to None, run_after=None
[2025-03-27T15:02:04.754-0500] {processor.py:208} INFO - Processing /home/udhbhav/miniconda3/lib/python3.11/site-packages/airflow/example_dags/example_display_name.py took 0.127 seconds
[2025-03-27T15:03:21.574-0500] {processor.py:186} INFO - Started process (PID=1790870) to work on /home/udhbhav/miniconda3/lib/python3.11/site-packages/airflow/example_dags/example_display_name.py
[2025-03-27T15:03:21.574-0500] {processor.py:914} INFO - Processing file /home/udhbhav/miniconda3/lib/python3.11/site-packages/airflow/example_dags/example_display_name.py for tasks to queue
[2025-03-27T15:03:21.575-0500] {logging_mixin.py:190} INFO - [2025-03-27T15:03:21.575-0500] {dagbag.py:588} INFO - Filling up the DagBag from /home/udhbhav/miniconda3/lib/python3.11/site-packages/airflow/example_dags/example_display_name.py
[2025-03-27T15:03:21.579-0500] {processor.py:925} INFO - DAG(s) 'example_display_name' retrieved from /home/udhbhav/miniconda3/lib/python3.11/site-packages/airflow/example_dags/example_display_name.py
[2025-03-27T15:03:21.586-0500] {logging_mixin.py:190} INFO - [2025-03-27T15:03:21.586-0500] {dag.py:3239} INFO - Sync 1 DAGs
[2025-03-27T15:03:21.591-0500] {logging_mixin.py:190} INFO - [2025-03-27T15:03:21.591-0500] {dag.py:4180} INFO - Setting next_dagrun for example_display_name to None, run_after=None
[2025-03-27T15:03:21.785-0500] {processor.py:208} INFO - Processing /home/udhbhav/miniconda3/lib/python3.11/site-packages/airflow/example_dags/example_display_name.py took 0.214 seconds
[2025-03-27T15:04:33.654-0500] {processor.py:186} INFO - Started process (PID=1791588) to work on /home/udhbhav/miniconda3/lib/python3.11/site-packages/airflow/example_dags/example_display_name.py
[2025-03-27T15:04:33.655-0500] {processor.py:914} INFO - Processing file /home/udhbhav/miniconda3/lib/python3.11/site-packages/airflow/example_dags/example_display_name.py for tasks to queue
[2025-03-27T15:04:33.655-0500] {logging_mixin.py:190} INFO - [2025-03-27T15:04:33.655-0500] {dagbag.py:588} INFO - Filling up the DagBag from /home/udhbhav/miniconda3/lib/python3.11/site-packages/airflow/example_dags/example_display_name.py
[2025-03-27T15:04:33.660-0500] {processor.py:925} INFO - DAG(s) 'example_display_name' retrieved from /home/udhbhav/miniconda3/lib/python3.11/site-packages/airflow/example_dags/example_display_name.py
[2025-03-27T15:04:33.667-0500] {logging_mixin.py:190} INFO - [2025-03-27T15:04:33.667-0500] {dag.py:3239} INFO - Sync 1 DAGs
[2025-03-27T15:04:33.673-0500] {logging_mixin.py:190} INFO - [2025-03-27T15:04:33.672-0500] {dag.py:4180} INFO - Setting next_dagrun for example_display_name to None, run_after=None
[2025-03-27T15:04:33.832-0500] {processor.py:208} INFO - Processing /home/udhbhav/miniconda3/lib/python3.11/site-packages/airflow/example_dags/example_display_name.py took 0.181 seconds
[2025-03-27T15:05:51.456-0500] {processor.py:186} INFO - Started process (PID=1792430) to work on /home/udhbhav/miniconda3/lib/python3.11/site-packages/airflow/example_dags/example_display_name.py
[2025-03-27T15:05:51.456-0500] {processor.py:914} INFO - Processing file /home/udhbhav/miniconda3/lib/python3.11/site-packages/airflow/example_dags/example_display_name.py for tasks to queue
[2025-03-27T15:05:51.457-0500] {logging_mixin.py:190} INFO - [2025-03-27T15:05:51.457-0500] {dagbag.py:588} INFO - Filling up the DagBag from /home/udhbhav/miniconda3/lib/python3.11/site-packages/airflow/example_dags/example_display_name.py
[2025-03-27T15:05:51.461-0500] {processor.py:925} INFO - DAG(s) 'example_display_name' retrieved from /home/udhbhav/miniconda3/lib/python3.11/site-packages/airflow/example_dags/example_display_name.py
[2025-03-27T15:05:51.468-0500] {logging_mixin.py:190} INFO - [2025-03-27T15:05:51.468-0500] {dag.py:3239} INFO - Sync 1 DAGs
[2025-03-27T15:05:51.473-0500] {logging_mixin.py:190} INFO - [2025-03-27T15:05:51.473-0500] {dag.py:4180} INFO - Setting next_dagrun for example_display_name to None, run_after=None
[2025-03-27T15:05:52.209-0500] {processor.py:208} INFO - Processing /home/udhbhav/miniconda3/lib/python3.11/site-packages/airflow/example_dags/example_display_name.py took 0.756 seconds
[2025-03-27T15:06:48.030-0500] {processor.py:186} INFO - Started process (PID=1792956) to work on /home/udhbhav/miniconda3/lib/python3.11/site-packages/airflow/example_dags/example_display_name.py
[2025-03-27T15:06:48.031-0500] {processor.py:914} INFO - Processing file /home/udhbhav/miniconda3/lib/python3.11/site-packages/airflow/example_dags/example_display_name.py for tasks to queue
[2025-03-27T15:06:48.032-0500] {logging_mixin.py:190} INFO - [2025-03-27T15:06:48.032-0500] {dagbag.py:588} INFO - Filling up the DagBag from /home/udhbhav/miniconda3/lib/python3.11/site-packages/airflow/example_dags/example_display_name.py
[2025-03-27T15:06:48.036-0500] {processor.py:925} INFO - DAG(s) 'example_display_name' retrieved from /home/udhbhav/miniconda3/lib/python3.11/site-packages/airflow/example_dags/example_display_name.py
[2025-03-27T15:06:48.043-0500] {logging_mixin.py:190} INFO - [2025-03-27T15:06:48.043-0500] {dag.py:3239} INFO - Sync 1 DAGs
[2025-03-27T15:06:48.048-0500] {logging_mixin.py:190} INFO - [2025-03-27T15:06:48.048-0500] {dag.py:4180} INFO - Setting next_dagrun for example_display_name to None, run_after=None
[2025-03-27T15:06:48.248-0500] {processor.py:208} INFO - Processing /home/udhbhav/miniconda3/lib/python3.11/site-packages/airflow/example_dags/example_display_name.py took 0.220 seconds
[2025-03-27T15:07:57.715-0500] {processor.py:186} INFO - Started process (PID=1793696) to work on /home/udhbhav/miniconda3/lib/python3.11/site-packages/airflow/example_dags/example_display_name.py
[2025-03-27T15:07:57.715-0500] {processor.py:914} INFO - Processing file /home/udhbhav/miniconda3/lib/python3.11/site-packages/airflow/example_dags/example_display_name.py for tasks to queue
[2025-03-27T15:07:57.716-0500] {logging_mixin.py:190} INFO - [2025-03-27T15:07:57.716-0500] {dagbag.py:588} INFO - Filling up the DagBag from /home/udhbhav/miniconda3/lib/python3.11/site-packages/airflow/example_dags/example_display_name.py
[2025-03-27T15:07:57.720-0500] {processor.py:925} INFO - DAG(s) 'example_display_name' retrieved from /home/udhbhav/miniconda3/lib/python3.11/site-packages/airflow/example_dags/example_display_name.py
[2025-03-27T15:07:57.727-0500] {logging_mixin.py:190} INFO - [2025-03-27T15:07:57.727-0500] {dag.py:3239} INFO - Sync 1 DAGs
[2025-03-27T15:07:57.732-0500] {logging_mixin.py:190} INFO - [2025-03-27T15:07:57.732-0500] {dag.py:4180} INFO - Setting next_dagrun for example_display_name to None, run_after=None
[2025-03-27T15:07:57.840-0500] {processor.py:208} INFO - Processing /home/udhbhav/miniconda3/lib/python3.11/site-packages/airflow/example_dags/example_display_name.py took 0.128 seconds
[2025-03-27T15:08:58.928-0500] {processor.py:186} INFO - Started process (PID=1794297) to work on /home/udhbhav/miniconda3/lib/python3.11/site-packages/airflow/example_dags/example_display_name.py
[2025-03-27T15:08:58.929-0500] {processor.py:914} INFO - Processing file /home/udhbhav/miniconda3/lib/python3.11/site-packages/airflow/example_dags/example_display_name.py for tasks to queue
[2025-03-27T15:08:58.930-0500] {logging_mixin.py:190} INFO - [2025-03-27T15:08:58.929-0500] {dagbag.py:588} INFO - Filling up the DagBag from /home/udhbhav/miniconda3/lib/python3.11/site-packages/airflow/example_dags/example_display_name.py
[2025-03-27T15:08:58.934-0500] {processor.py:925} INFO - DAG(s) 'example_display_name' retrieved from /home/udhbhav/miniconda3/lib/python3.11/site-packages/airflow/example_dags/example_display_name.py
[2025-03-27T15:08:58.941-0500] {logging_mixin.py:190} INFO - [2025-03-27T15:08:58.940-0500] {dag.py:3239} INFO - Sync 1 DAGs
[2025-03-27T15:08:58.946-0500] {logging_mixin.py:190} INFO - [2025-03-27T15:08:58.946-0500] {dag.py:4180} INFO - Setting next_dagrun for example_display_name to None, run_after=None
[2025-03-27T15:08:59.053-0500] {processor.py:208} INFO - Processing /home/udhbhav/miniconda3/lib/python3.11/site-packages/airflow/example_dags/example_display_name.py took 0.128 seconds
[2025-03-27T15:10:16.093-0500] {processor.py:186} INFO - Started process (PID=1794957) to work on /home/udhbhav/miniconda3/lib/python3.11/site-packages/airflow/example_dags/example_display_name.py
[2025-03-27T15:10:16.093-0500] {processor.py:914} INFO - Processing file /home/udhbhav/miniconda3/lib/python3.11/site-packages/airflow/example_dags/example_display_name.py for tasks to queue
[2025-03-27T15:10:16.094-0500] {logging_mixin.py:190} INFO - [2025-03-27T15:10:16.094-0500] {dagbag.py:588} INFO - Filling up the DagBag from /home/udhbhav/miniconda3/lib/python3.11/site-packages/airflow/example_dags/example_display_name.py
[2025-03-27T15:10:16.098-0500] {processor.py:925} INFO - DAG(s) 'example_display_name' retrieved from /home/udhbhav/miniconda3/lib/python3.11/site-packages/airflow/example_dags/example_display_name.py
[2025-03-27T15:10:16.105-0500] {logging_mixin.py:190} INFO - [2025-03-27T15:10:16.105-0500] {dag.py:3239} INFO - Sync 1 DAGs
[2025-03-27T15:10:16.110-0500] {logging_mixin.py:190} INFO - [2025-03-27T15:10:16.110-0500] {dag.py:4180} INFO - Setting next_dagrun for example_display_name to None, run_after=None
[2025-03-27T15:10:16.223-0500] {processor.py:208} INFO - Processing /home/udhbhav/miniconda3/lib/python3.11/site-packages/airflow/example_dags/example_display_name.py took 0.133 seconds
[2025-03-27T15:11:21.260-0500] {processor.py:186} INFO - Started process (PID=1795612) to work on /home/udhbhav/miniconda3/lib/python3.11/site-packages/airflow/example_dags/example_display_name.py
[2025-03-27T15:11:21.260-0500] {processor.py:914} INFO - Processing file /home/udhbhav/miniconda3/lib/python3.11/site-packages/airflow/example_dags/example_display_name.py for tasks to queue
[2025-03-27T15:11:21.261-0500] {logging_mixin.py:190} INFO - [2025-03-27T15:11:21.261-0500] {dagbag.py:588} INFO - Filling up the DagBag from /home/udhbhav/miniconda3/lib/python3.11/site-packages/airflow/example_dags/example_display_name.py
[2025-03-27T15:11:21.265-0500] {processor.py:925} INFO - DAG(s) 'example_display_name' retrieved from /home/udhbhav/miniconda3/lib/python3.11/site-packages/airflow/example_dags/example_display_name.py
[2025-03-27T15:11:21.272-0500] {logging_mixin.py:190} INFO - [2025-03-27T15:11:21.272-0500] {dag.py:3239} INFO - Sync 1 DAGs
[2025-03-27T15:11:21.277-0500] {logging_mixin.py:190} INFO - [2025-03-27T15:11:21.277-0500] {dag.py:4180} INFO - Setting next_dagrun for example_display_name to None, run_after=None
[2025-03-27T15:11:21.385-0500] {processor.py:208} INFO - Processing /home/udhbhav/miniconda3/lib/python3.11/site-packages/airflow/example_dags/example_display_name.py took 0.128 seconds
[2025-03-27T15:12:29.881-0500] {processor.py:186} INFO - Started process (PID=1797889) to work on /home/udhbhav/miniconda3/lib/python3.11/site-packages/airflow/example_dags/example_display_name.py
[2025-03-27T15:12:29.881-0500] {processor.py:914} INFO - Processing file /home/udhbhav/miniconda3/lib/python3.11/site-packages/airflow/example_dags/example_display_name.py for tasks to queue
[2025-03-27T15:12:29.882-0500] {logging_mixin.py:190} INFO - [2025-03-27T15:12:29.882-0500] {dagbag.py:588} INFO - Filling up the DagBag from /home/udhbhav/miniconda3/lib/python3.11/site-packages/airflow/example_dags/example_display_name.py
[2025-03-27T15:12:29.886-0500] {processor.py:925} INFO - DAG(s) 'example_display_name' retrieved from /home/udhbhav/miniconda3/lib/python3.11/site-packages/airflow/example_dags/example_display_name.py
[2025-03-27T15:12:29.893-0500] {logging_mixin.py:190} INFO - [2025-03-27T15:12:29.893-0500] {dag.py:3239} INFO - Sync 1 DAGs
[2025-03-27T15:12:29.898-0500] {logging_mixin.py:190} INFO - [2025-03-27T15:12:29.898-0500] {dag.py:4180} INFO - Setting next_dagrun for example_display_name to None, run_after=None
[2025-03-27T15:12:30.166-0500] {processor.py:208} INFO - Processing /home/udhbhav/miniconda3/lib/python3.11/site-packages/airflow/example_dags/example_display_name.py took 0.288 seconds
[2025-03-27T15:13:50.444-0500] {processor.py:186} INFO - Started process (PID=1798796) to work on /home/udhbhav/miniconda3/lib/python3.11/site-packages/airflow/example_dags/example_display_name.py
[2025-03-27T15:13:50.444-0500] {processor.py:914} INFO - Processing file /home/udhbhav/miniconda3/lib/python3.11/site-packages/airflow/example_dags/example_display_name.py for tasks to queue
[2025-03-27T15:13:50.445-0500] {logging_mixin.py:190} INFO - [2025-03-27T15:13:50.445-0500] {dagbag.py:588} INFO - Filling up the DagBag from /home/udhbhav/miniconda3/lib/python3.11/site-packages/airflow/example_dags/example_display_name.py
[2025-03-27T15:13:50.449-0500] {processor.py:925} INFO - DAG(s) 'example_display_name' retrieved from /home/udhbhav/miniconda3/lib/python3.11/site-packages/airflow/example_dags/example_display_name.py
[2025-03-27T15:13:50.456-0500] {logging_mixin.py:190} INFO - [2025-03-27T15:13:50.456-0500] {dag.py:3239} INFO - Sync 1 DAGs
[2025-03-27T15:13:50.461-0500] {logging_mixin.py:190} INFO - [2025-03-27T15:13:50.461-0500] {dag.py:4180} INFO - Setting next_dagrun for example_display_name to None, run_after=None
[2025-03-27T15:13:50.600-0500] {processor.py:208} INFO - Processing /home/udhbhav/miniconda3/lib/python3.11/site-packages/airflow/example_dags/example_display_name.py took 0.159 seconds
[2025-03-27T15:15:09.681-0500] {processor.py:186} INFO - Started process (PID=1799480) to work on /home/udhbhav/miniconda3/lib/python3.11/site-packages/airflow/example_dags/example_display_name.py
[2025-03-27T15:15:09.682-0500] {processor.py:914} INFO - Processing file /home/udhbhav/miniconda3/lib/python3.11/site-packages/airflow/example_dags/example_display_name.py for tasks to queue
[2025-03-27T15:15:09.683-0500] {logging_mixin.py:190} INFO - [2025-03-27T15:15:09.683-0500] {dagbag.py:588} INFO - Filling up the DagBag from /home/udhbhav/miniconda3/lib/python3.11/site-packages/airflow/example_dags/example_display_name.py
[2025-03-27T15:15:09.687-0500] {processor.py:925} INFO - DAG(s) 'example_display_name' retrieved from /home/udhbhav/miniconda3/lib/python3.11/site-packages/airflow/example_dags/example_display_name.py
[2025-03-27T15:15:09.694-0500] {logging_mixin.py:190} INFO - [2025-03-27T15:15:09.694-0500] {dag.py:3239} INFO - Sync 1 DAGs
[2025-03-27T15:15:09.699-0500] {logging_mixin.py:190} INFO - [2025-03-27T15:15:09.699-0500] {dag.py:4180} INFO - Setting next_dagrun for example_display_name to None, run_after=None
[2025-03-27T15:15:09.866-0500] {processor.py:208} INFO - Processing /home/udhbhav/miniconda3/lib/python3.11/site-packages/airflow/example_dags/example_display_name.py took 0.188 seconds
[2025-03-27T15:16:32.191-0500] {processor.py:186} INFO - Started process (PID=1800284) to work on /home/udhbhav/miniconda3/lib/python3.11/site-packages/airflow/example_dags/example_display_name.py
[2025-03-27T15:16:32.192-0500] {processor.py:914} INFO - Processing file /home/udhbhav/miniconda3/lib/python3.11/site-packages/airflow/example_dags/example_display_name.py for tasks to queue
[2025-03-27T15:16:32.193-0500] {logging_mixin.py:190} INFO - [2025-03-27T15:16:32.193-0500] {dagbag.py:588} INFO - Filling up the DagBag from /home/udhbhav/miniconda3/lib/python3.11/site-packages/airflow/example_dags/example_display_name.py
[2025-03-27T15:16:32.197-0500] {processor.py:925} INFO - DAG(s) 'example_display_name' retrieved from /home/udhbhav/miniconda3/lib/python3.11/site-packages/airflow/example_dags/example_display_name.py
[2025-03-27T15:16:32.204-0500] {logging_mixin.py:190} INFO - [2025-03-27T15:16:32.204-0500] {dag.py:3239} INFO - Sync 1 DAGs
[2025-03-27T15:16:32.209-0500] {logging_mixin.py:190} INFO - [2025-03-27T15:16:32.209-0500] {dag.py:4180} INFO - Setting next_dagrun for example_display_name to None, run_after=None
[2025-03-27T15:16:32.320-0500] {processor.py:208} INFO - Processing /home/udhbhav/miniconda3/lib/python3.11/site-packages/airflow/example_dags/example_display_name.py took 0.131 seconds
[2025-03-27T15:17:41.754-0500] {processor.py:186} INFO - Started process (PID=1801033) to work on /home/udhbhav/miniconda3/lib/python3.11/site-packages/airflow/example_dags/example_display_name.py
[2025-03-27T15:17:41.754-0500] {processor.py:914} INFO - Processing file /home/udhbhav/miniconda3/lib/python3.11/site-packages/airflow/example_dags/example_display_name.py for tasks to queue
[2025-03-27T15:17:41.755-0500] {logging_mixin.py:190} INFO - [2025-03-27T15:17:41.755-0500] {dagbag.py:588} INFO - Filling up the DagBag from /home/udhbhav/miniconda3/lib/python3.11/site-packages/airflow/example_dags/example_display_name.py
[2025-03-27T15:17:41.759-0500] {processor.py:925} INFO - DAG(s) 'example_display_name' retrieved from /home/udhbhav/miniconda3/lib/python3.11/site-packages/airflow/example_dags/example_display_name.py
[2025-03-27T15:17:41.766-0500] {logging_mixin.py:190} INFO - [2025-03-27T15:17:41.766-0500] {dag.py:3239} INFO - Sync 1 DAGs
[2025-03-27T15:17:41.771-0500] {logging_mixin.py:190} INFO - [2025-03-27T15:17:41.771-0500] {dag.py:4180} INFO - Setting next_dagrun for example_display_name to None, run_after=None
[2025-03-27T15:17:41.880-0500] {processor.py:208} INFO - Processing /home/udhbhav/miniconda3/lib/python3.11/site-packages/airflow/example_dags/example_display_name.py took 0.129 seconds
[2025-03-27T15:18:48.094-0500] {processor.py:186} INFO - Started process (PID=1801694) to work on /home/udhbhav/miniconda3/lib/python3.11/site-packages/airflow/example_dags/example_display_name.py
[2025-03-27T15:18:48.095-0500] {processor.py:914} INFO - Processing file /home/udhbhav/miniconda3/lib/python3.11/site-packages/airflow/example_dags/example_display_name.py for tasks to queue
[2025-03-27T15:18:48.096-0500] {logging_mixin.py:190} INFO - [2025-03-27T15:18:48.096-0500] {dagbag.py:588} INFO - Filling up the DagBag from /home/udhbhav/miniconda3/lib/python3.11/site-packages/airflow/example_dags/example_display_name.py
[2025-03-27T15:18:48.100-0500] {processor.py:925} INFO - DAG(s) 'example_display_name' retrieved from /home/udhbhav/miniconda3/lib/python3.11/site-packages/airflow/example_dags/example_display_name.py
[2025-03-27T15:18:48.107-0500] {logging_mixin.py:190} INFO - [2025-03-27T15:18:48.107-0500] {dag.py:3239} INFO - Sync 1 DAGs
[2025-03-27T15:18:48.112-0500] {logging_mixin.py:190} INFO - [2025-03-27T15:18:48.112-0500] {dag.py:4180} INFO - Setting next_dagrun for example_display_name to None, run_after=None
[2025-03-27T15:18:48.219-0500] {processor.py:208} INFO - Processing /home/udhbhav/miniconda3/lib/python3.11/site-packages/airflow/example_dags/example_display_name.py took 0.127 seconds
[2025-03-27T15:19:59.202-0500] {processor.py:186} INFO - Started process (PID=1802411) to work on /home/udhbhav/miniconda3/lib/python3.11/site-packages/airflow/example_dags/example_display_name.py
[2025-03-27T15:19:59.203-0500] {processor.py:914} INFO - Processing file /home/udhbhav/miniconda3/lib/python3.11/site-packages/airflow/example_dags/example_display_name.py for tasks to queue
[2025-03-27T15:19:59.204-0500] {logging_mixin.py:190} INFO - [2025-03-27T15:19:59.204-0500] {dagbag.py:588} INFO - Filling up the DagBag from /home/udhbhav/miniconda3/lib/python3.11/site-packages/airflow/example_dags/example_display_name.py
[2025-03-27T15:19:59.208-0500] {processor.py:925} INFO - DAG(s) 'example_display_name' retrieved from /home/udhbhav/miniconda3/lib/python3.11/site-packages/airflow/example_dags/example_display_name.py
[2025-03-27T15:19:59.215-0500] {logging_mixin.py:190} INFO - [2025-03-27T15:19:59.215-0500] {dag.py:3239} INFO - Sync 1 DAGs
[2025-03-27T15:19:59.222-0500] {logging_mixin.py:190} INFO - [2025-03-27T15:19:59.222-0500] {dag.py:4180} INFO - Setting next_dagrun for example_display_name to None, run_after=None
[2025-03-27T15:19:59.333-0500] {processor.py:208} INFO - Processing /home/udhbhav/miniconda3/lib/python3.11/site-packages/airflow/example_dags/example_display_name.py took 0.134 seconds
[2025-03-27T15:21:03.937-0500] {processor.py:186} INFO - Started process (PID=1806002) to work on /home/udhbhav/miniconda3/lib/python3.11/site-packages/airflow/example_dags/example_display_name.py
[2025-03-27T15:21:03.938-0500] {processor.py:914} INFO - Processing file /home/udhbhav/miniconda3/lib/python3.11/site-packages/airflow/example_dags/example_display_name.py for tasks to queue
[2025-03-27T15:21:03.939-0500] {logging_mixin.py:190} INFO - [2025-03-27T15:21:03.939-0500] {dagbag.py:588} INFO - Filling up the DagBag from /home/udhbhav/miniconda3/lib/python3.11/site-packages/airflow/example_dags/example_display_name.py
[2025-03-27T15:21:03.943-0500] {processor.py:925} INFO - DAG(s) 'example_display_name' retrieved from /home/udhbhav/miniconda3/lib/python3.11/site-packages/airflow/example_dags/example_display_name.py
[2025-03-27T15:21:03.951-0500] {logging_mixin.py:190} INFO - [2025-03-27T15:21:03.951-0500] {dag.py:3239} INFO - Sync 1 DAGs
[2025-03-27T15:21:03.957-0500] {logging_mixin.py:190} INFO - [2025-03-27T15:21:03.957-0500] {dag.py:4180} INFO - Setting next_dagrun for example_display_name to None, run_after=None
[2025-03-27T15:21:04.066-0500] {processor.py:208} INFO - Processing /home/udhbhav/miniconda3/lib/python3.11/site-packages/airflow/example_dags/example_display_name.py took 0.132 seconds
[2025-03-27T15:22:15.959-0500] {processor.py:186} INFO - Started process (PID=1808557) to work on /home/udhbhav/miniconda3/lib/python3.11/site-packages/airflow/example_dags/example_display_name.py
[2025-03-27T15:22:15.959-0500] {processor.py:914} INFO - Processing file /home/udhbhav/miniconda3/lib/python3.11/site-packages/airflow/example_dags/example_display_name.py for tasks to queue
[2025-03-27T15:22:15.960-0500] {logging_mixin.py:190} INFO - [2025-03-27T15:22:15.960-0500] {dagbag.py:588} INFO - Filling up the DagBag from /home/udhbhav/miniconda3/lib/python3.11/site-packages/airflow/example_dags/example_display_name.py
[2025-03-27T15:22:15.964-0500] {processor.py:925} INFO - DAG(s) 'example_display_name' retrieved from /home/udhbhav/miniconda3/lib/python3.11/site-packages/airflow/example_dags/example_display_name.py
[2025-03-27T15:22:15.971-0500] {logging_mixin.py:190} INFO - [2025-03-27T15:22:15.971-0500] {dag.py:3239} INFO - Sync 1 DAGs
[2025-03-27T15:22:15.976-0500] {logging_mixin.py:190} INFO - [2025-03-27T15:22:15.976-0500] {dag.py:4180} INFO - Setting next_dagrun for example_display_name to None, run_after=None
[2025-03-27T15:22:16.768-0500] {processor.py:208} INFO - Processing /home/udhbhav/miniconda3/lib/python3.11/site-packages/airflow/example_dags/example_display_name.py took 0.812 seconds
[2025-03-27T15:23:35.190-0500] {processor.py:186} INFO - Started process (PID=1809329) to work on /home/udhbhav/miniconda3/lib/python3.11/site-packages/airflow/example_dags/example_display_name.py
[2025-03-27T15:23:35.190-0500] {processor.py:914} INFO - Processing file /home/udhbhav/miniconda3/lib/python3.11/site-packages/airflow/example_dags/example_display_name.py for tasks to queue
[2025-03-27T15:23:35.191-0500] {logging_mixin.py:190} INFO - [2025-03-27T15:23:35.191-0500] {dagbag.py:588} INFO - Filling up the DagBag from /home/udhbhav/miniconda3/lib/python3.11/site-packages/airflow/example_dags/example_display_name.py
[2025-03-27T15:23:35.195-0500] {processor.py:925} INFO - DAG(s) 'example_display_name' retrieved from /home/udhbhav/miniconda3/lib/python3.11/site-packages/airflow/example_dags/example_display_name.py
[2025-03-27T15:23:35.202-0500] {logging_mixin.py:190} INFO - [2025-03-27T15:23:35.202-0500] {dag.py:3239} INFO - Sync 1 DAGs
[2025-03-27T15:23:35.207-0500] {logging_mixin.py:190} INFO - [2025-03-27T15:23:35.207-0500] {dag.py:4180} INFO - Setting next_dagrun for example_display_name to None, run_after=None
[2025-03-27T15:23:35.332-0500] {processor.py:208} INFO - Processing /home/udhbhav/miniconda3/lib/python3.11/site-packages/airflow/example_dags/example_display_name.py took 0.146 seconds
[2025-03-27T15:24:43.513-0500] {processor.py:186} INFO - Started process (PID=1810181) to work on /home/udhbhav/miniconda3/lib/python3.11/site-packages/airflow/example_dags/example_display_name.py
[2025-03-27T15:24:43.514-0500] {processor.py:914} INFO - Processing file /home/udhbhav/miniconda3/lib/python3.11/site-packages/airflow/example_dags/example_display_name.py for tasks to queue
[2025-03-27T15:24:43.515-0500] {logging_mixin.py:190} INFO - [2025-03-27T15:24:43.515-0500] {dagbag.py:588} INFO - Filling up the DagBag from /home/udhbhav/miniconda3/lib/python3.11/site-packages/airflow/example_dags/example_display_name.py
[2025-03-27T15:24:43.519-0500] {processor.py:925} INFO - DAG(s) 'example_display_name' retrieved from /home/udhbhav/miniconda3/lib/python3.11/site-packages/airflow/example_dags/example_display_name.py
[2025-03-27T15:24:43.526-0500] {logging_mixin.py:190} INFO - [2025-03-27T15:24:43.525-0500] {dag.py:3239} INFO - Sync 1 DAGs
[2025-03-27T15:24:43.531-0500] {logging_mixin.py:190} INFO - [2025-03-27T15:24:43.531-0500] {dag.py:4180} INFO - Setting next_dagrun for example_display_name to None, run_after=None
[2025-03-27T15:24:43.681-0500] {processor.py:208} INFO - Processing /home/udhbhav/miniconda3/lib/python3.11/site-packages/airflow/example_dags/example_display_name.py took 0.170 seconds
[2025-03-27T15:26:16.882-0500] {processor.py:186} INFO - Started process (PID=1811024) to work on /home/udhbhav/miniconda3/lib/python3.11/site-packages/airflow/example_dags/example_display_name.py
[2025-03-27T15:26:16.882-0500] {processor.py:914} INFO - Processing file /home/udhbhav/miniconda3/lib/python3.11/site-packages/airflow/example_dags/example_display_name.py for tasks to queue
[2025-03-27T15:26:16.883-0500] {logging_mixin.py:190} INFO - [2025-03-27T15:26:16.883-0500] {dagbag.py:588} INFO - Filling up the DagBag from /home/udhbhav/miniconda3/lib/python3.11/site-packages/airflow/example_dags/example_display_name.py
[2025-03-27T15:26:16.887-0500] {processor.py:925} INFO - DAG(s) 'example_display_name' retrieved from /home/udhbhav/miniconda3/lib/python3.11/site-packages/airflow/example_dags/example_display_name.py
[2025-03-27T15:26:16.894-0500] {logging_mixin.py:190} INFO - [2025-03-27T15:26:16.894-0500] {dag.py:3239} INFO - Sync 1 DAGs
[2025-03-27T15:26:16.899-0500] {logging_mixin.py:190} INFO - [2025-03-27T15:26:16.899-0500] {dag.py:4180} INFO - Setting next_dagrun for example_display_name to None, run_after=None
[2025-03-27T15:26:17.113-0500] {processor.py:208} INFO - Processing /home/udhbhav/miniconda3/lib/python3.11/site-packages/airflow/example_dags/example_display_name.py took 0.234 seconds
[2025-03-27T15:27:03.191-0500] {processor.py:186} INFO - Started process (PID=1811494) to work on /home/udhbhav/miniconda3/lib/python3.11/site-packages/airflow/example_dags/example_display_name.py
[2025-03-27T15:27:03.192-0500] {processor.py:914} INFO - Processing file /home/udhbhav/miniconda3/lib/python3.11/site-packages/airflow/example_dags/example_display_name.py for tasks to queue
[2025-03-27T15:27:03.193-0500] {logging_mixin.py:190} INFO - [2025-03-27T15:27:03.193-0500] {dagbag.py:588} INFO - Filling up the DagBag from /home/udhbhav/miniconda3/lib/python3.11/site-packages/airflow/example_dags/example_display_name.py
[2025-03-27T15:27:03.197-0500] {processor.py:925} INFO - DAG(s) 'example_display_name' retrieved from /home/udhbhav/miniconda3/lib/python3.11/site-packages/airflow/example_dags/example_display_name.py
[2025-03-27T15:27:03.204-0500] {logging_mixin.py:190} INFO - [2025-03-27T15:27:03.204-0500] {dag.py:3239} INFO - Sync 1 DAGs
[2025-03-27T15:27:03.209-0500] {logging_mixin.py:190} INFO - [2025-03-27T15:27:03.209-0500] {dag.py:4180} INFO - Setting next_dagrun for example_display_name to None, run_after=None
[2025-03-27T15:27:03.315-0500] {processor.py:208} INFO - Processing /home/udhbhav/miniconda3/lib/python3.11/site-packages/airflow/example_dags/example_display_name.py took 0.126 seconds
[2025-03-27T15:28:16.035-0500] {processor.py:186} INFO - Started process (PID=1812146) to work on /home/udhbhav/miniconda3/lib/python3.11/site-packages/airflow/example_dags/example_display_name.py
[2025-03-27T15:28:16.036-0500] {processor.py:914} INFO - Processing file /home/udhbhav/miniconda3/lib/python3.11/site-packages/airflow/example_dags/example_display_name.py for tasks to queue
[2025-03-27T15:28:16.037-0500] {logging_mixin.py:190} INFO - [2025-03-27T15:28:16.037-0500] {dagbag.py:588} INFO - Filling up the DagBag from /home/udhbhav/miniconda3/lib/python3.11/site-packages/airflow/example_dags/example_display_name.py
[2025-03-27T15:28:16.041-0500] {processor.py:925} INFO - DAG(s) 'example_display_name' retrieved from /home/udhbhav/miniconda3/lib/python3.11/site-packages/airflow/example_dags/example_display_name.py
[2025-03-27T15:28:16.048-0500] {logging_mixin.py:190} INFO - [2025-03-27T15:28:16.048-0500] {dag.py:3239} INFO - Sync 1 DAGs
[2025-03-27T15:28:16.053-0500] {logging_mixin.py:190} INFO - [2025-03-27T15:28:16.053-0500] {dag.py:4180} INFO - Setting next_dagrun for example_display_name to None, run_after=None
[2025-03-27T15:28:16.664-0500] {processor.py:208} INFO - Processing /home/udhbhav/miniconda3/lib/python3.11/site-packages/airflow/example_dags/example_display_name.py took 0.632 seconds
[2025-03-27T15:30:00.851-0500] {processor.py:186} INFO - Started process (PID=1813196) to work on /home/udhbhav/miniconda3/lib/python3.11/site-packages/airflow/example_dags/example_display_name.py
[2025-03-27T15:30:00.852-0500] {processor.py:914} INFO - Processing file /home/udhbhav/miniconda3/lib/python3.11/site-packages/airflow/example_dags/example_display_name.py for tasks to queue
[2025-03-27T15:30:00.853-0500] {logging_mixin.py:190} INFO - [2025-03-27T15:30:00.852-0500] {dagbag.py:588} INFO - Filling up the DagBag from /home/udhbhav/miniconda3/lib/python3.11/site-packages/airflow/example_dags/example_display_name.py
[2025-03-27T15:30:00.857-0500] {processor.py:925} INFO - DAG(s) 'example_display_name' retrieved from /home/udhbhav/miniconda3/lib/python3.11/site-packages/airflow/example_dags/example_display_name.py
[2025-03-27T15:30:00.864-0500] {logging_mixin.py:190} INFO - [2025-03-27T15:30:00.863-0500] {dag.py:3239} INFO - Sync 1 DAGs
[2025-03-27T15:30:00.869-0500] {logging_mixin.py:190} INFO - [2025-03-27T15:30:00.869-0500] {dag.py:4180} INFO - Setting next_dagrun for example_display_name to None, run_after=None
[2025-03-27T15:30:01.078-0500] {processor.py:208} INFO - Processing /home/udhbhav/miniconda3/lib/python3.11/site-packages/airflow/example_dags/example_display_name.py took 0.230 seconds
[2025-03-27T15:30:57.505-0500] {processor.py:186} INFO - Started process (PID=1813702) to work on /home/udhbhav/miniconda3/lib/python3.11/site-packages/airflow/example_dags/example_display_name.py
[2025-03-27T15:30:57.506-0500] {processor.py:914} INFO - Processing file /home/udhbhav/miniconda3/lib/python3.11/site-packages/airflow/example_dags/example_display_name.py for tasks to queue
[2025-03-27T15:30:57.507-0500] {logging_mixin.py:190} INFO - [2025-03-27T15:30:57.507-0500] {dagbag.py:588} INFO - Filling up the DagBag from /home/udhbhav/miniconda3/lib/python3.11/site-packages/airflow/example_dags/example_display_name.py
[2025-03-27T15:30:57.511-0500] {processor.py:925} INFO - DAG(s) 'example_display_name' retrieved from /home/udhbhav/miniconda3/lib/python3.11/site-packages/airflow/example_dags/example_display_name.py
[2025-03-27T15:30:57.518-0500] {logging_mixin.py:190} INFO - [2025-03-27T15:30:57.518-0500] {dag.py:3239} INFO - Sync 1 DAGs
[2025-03-27T15:30:57.523-0500] {logging_mixin.py:190} INFO - [2025-03-27T15:30:57.523-0500] {dag.py:4180} INFO - Setting next_dagrun for example_display_name to None, run_after=None
[2025-03-27T15:30:58.596-0500] {processor.py:208} INFO - Processing /home/udhbhav/miniconda3/lib/python3.11/site-packages/airflow/example_dags/example_display_name.py took 1.094 seconds
[2025-03-27T15:31:53.776-0500] {processor.py:186} INFO - Started process (PID=1814284) to work on /home/udhbhav/miniconda3/lib/python3.11/site-packages/airflow/example_dags/example_display_name.py
[2025-03-27T15:31:53.776-0500] {processor.py:914} INFO - Processing file /home/udhbhav/miniconda3/lib/python3.11/site-packages/airflow/example_dags/example_display_name.py for tasks to queue
[2025-03-27T15:31:53.777-0500] {logging_mixin.py:190} INFO - [2025-03-27T15:31:53.777-0500] {dagbag.py:588} INFO - Filling up the DagBag from /home/udhbhav/miniconda3/lib/python3.11/site-packages/airflow/example_dags/example_display_name.py
[2025-03-27T15:31:53.781-0500] {processor.py:925} INFO - DAG(s) 'example_display_name' retrieved from /home/udhbhav/miniconda3/lib/python3.11/site-packages/airflow/example_dags/example_display_name.py
[2025-03-27T15:31:53.788-0500] {logging_mixin.py:190} INFO - [2025-03-27T15:31:53.788-0500] {dag.py:3239} INFO - Sync 1 DAGs
[2025-03-27T15:31:53.794-0500] {logging_mixin.py:190} INFO - [2025-03-27T15:31:53.794-0500] {dag.py:4180} INFO - Setting next_dagrun for example_display_name to None, run_after=None
[2025-03-27T15:31:53.901-0500] {processor.py:208} INFO - Processing /home/udhbhav/miniconda3/lib/python3.11/site-packages/airflow/example_dags/example_display_name.py took 0.128 seconds
[2025-03-27T15:33:06.048-0500] {processor.py:186} INFO - Started process (PID=1814891) to work on /home/udhbhav/miniconda3/lib/python3.11/site-packages/airflow/example_dags/example_display_name.py
[2025-03-27T15:33:06.048-0500] {processor.py:914} INFO - Processing file /home/udhbhav/miniconda3/lib/python3.11/site-packages/airflow/example_dags/example_display_name.py for tasks to queue
[2025-03-27T15:33:06.049-0500] {logging_mixin.py:190} INFO - [2025-03-27T15:33:06.049-0500] {dagbag.py:588} INFO - Filling up the DagBag from /home/udhbhav/miniconda3/lib/python3.11/site-packages/airflow/example_dags/example_display_name.py
[2025-03-27T15:33:06.053-0500] {processor.py:925} INFO - DAG(s) 'example_display_name' retrieved from /home/udhbhav/miniconda3/lib/python3.11/site-packages/airflow/example_dags/example_display_name.py
[2025-03-27T15:33:06.060-0500] {logging_mixin.py:190} INFO - [2025-03-27T15:33:06.060-0500] {dag.py:3239} INFO - Sync 1 DAGs
[2025-03-27T15:33:06.065-0500] {logging_mixin.py:190} INFO - [2025-03-27T15:33:06.065-0500] {dag.py:4180} INFO - Setting next_dagrun for example_display_name to None, run_after=None
[2025-03-27T15:33:06.171-0500] {processor.py:208} INFO - Processing /home/udhbhav/miniconda3/lib/python3.11/site-packages/airflow/example_dags/example_display_name.py took 0.126 seconds
[2025-03-27T15:34:12.759-0500] {processor.py:186} INFO - Started process (PID=1815520) to work on /home/udhbhav/miniconda3/lib/python3.11/site-packages/airflow/example_dags/example_display_name.py
[2025-03-27T15:34:12.759-0500] {processor.py:914} INFO - Processing file /home/udhbhav/miniconda3/lib/python3.11/site-packages/airflow/example_dags/example_display_name.py for tasks to queue
[2025-03-27T15:34:12.760-0500] {logging_mixin.py:190} INFO - [2025-03-27T15:34:12.760-0500] {dagbag.py:588} INFO - Filling up the DagBag from /home/udhbhav/miniconda3/lib/python3.11/site-packages/airflow/example_dags/example_display_name.py
[2025-03-27T15:34:12.764-0500] {processor.py:925} INFO - DAG(s) 'example_display_name' retrieved from /home/udhbhav/miniconda3/lib/python3.11/site-packages/airflow/example_dags/example_display_name.py
[2025-03-27T15:34:12.771-0500] {logging_mixin.py:190} INFO - [2025-03-27T15:34:12.771-0500] {dag.py:3239} INFO - Sync 1 DAGs
[2025-03-27T15:34:12.776-0500] {logging_mixin.py:190} INFO - [2025-03-27T15:34:12.776-0500] {dag.py:4180} INFO - Setting next_dagrun for example_display_name to None, run_after=None
[2025-03-27T15:34:12.885-0500] {processor.py:208} INFO - Processing /home/udhbhav/miniconda3/lib/python3.11/site-packages/airflow/example_dags/example_display_name.py took 0.128 seconds
[2025-03-27T15:35:16.446-0500] {processor.py:186} INFO - Started process (PID=1816174) to work on /home/udhbhav/miniconda3/lib/python3.11/site-packages/airflow/example_dags/example_display_name.py
[2025-03-27T15:35:16.446-0500] {processor.py:914} INFO - Processing file /home/udhbhav/miniconda3/lib/python3.11/site-packages/airflow/example_dags/example_display_name.py for tasks to queue
[2025-03-27T15:35:16.447-0500] {logging_mixin.py:190} INFO - [2025-03-27T15:35:16.447-0500] {dagbag.py:588} INFO - Filling up the DagBag from /home/udhbhav/miniconda3/lib/python3.11/site-packages/airflow/example_dags/example_display_name.py
[2025-03-27T15:35:16.451-0500] {processor.py:925} INFO - DAG(s) 'example_display_name' retrieved from /home/udhbhav/miniconda3/lib/python3.11/site-packages/airflow/example_dags/example_display_name.py
[2025-03-27T15:35:16.458-0500] {logging_mixin.py:190} INFO - [2025-03-27T15:35:16.458-0500] {dag.py:3239} INFO - Sync 1 DAGs
[2025-03-27T15:35:16.464-0500] {logging_mixin.py:190} INFO - [2025-03-27T15:35:16.464-0500] {dag.py:4180} INFO - Setting next_dagrun for example_display_name to None, run_after=None
[2025-03-27T15:35:16.653-0500] {processor.py:208} INFO - Processing /home/udhbhav/miniconda3/lib/python3.11/site-packages/airflow/example_dags/example_display_name.py took 0.210 seconds
[2025-03-27T15:36:08.616-0500] {processor.py:186} INFO - Started process (PID=1816679) to work on /home/udhbhav/miniconda3/lib/python3.11/site-packages/airflow/example_dags/example_display_name.py
[2025-03-27T15:36:08.616-0500] {processor.py:914} INFO - Processing file /home/udhbhav/miniconda3/lib/python3.11/site-packages/airflow/example_dags/example_display_name.py for tasks to queue
[2025-03-27T15:36:08.617-0500] {logging_mixin.py:190} INFO - [2025-03-27T15:36:08.617-0500] {dagbag.py:588} INFO - Filling up the DagBag from /home/udhbhav/miniconda3/lib/python3.11/site-packages/airflow/example_dags/example_display_name.py
[2025-03-27T15:36:08.621-0500] {processor.py:925} INFO - DAG(s) 'example_display_name' retrieved from /home/udhbhav/miniconda3/lib/python3.11/site-packages/airflow/example_dags/example_display_name.py
[2025-03-27T15:36:08.628-0500] {logging_mixin.py:190} INFO - [2025-03-27T15:36:08.628-0500] {dag.py:3239} INFO - Sync 1 DAGs
[2025-03-27T15:36:08.633-0500] {logging_mixin.py:190} INFO - [2025-03-27T15:36:08.633-0500] {dag.py:4180} INFO - Setting next_dagrun for example_display_name to None, run_after=None
[2025-03-27T15:36:09.320-0500] {processor.py:208} INFO - Processing /home/udhbhav/miniconda3/lib/python3.11/site-packages/airflow/example_dags/example_display_name.py took 0.707 seconds
