[2025-03-27T14:25:45.133-0500] {processor.py:186} INFO - Started process (PID=1762896) to work on /home/udhbhav/miniconda3/lib/python3.11/site-packages/airflow/example_dags/example_dynamic_task_mapping_with_no_taskflow_operators.py
[2025-03-27T14:25:45.133-0500] {processor.py:914} INFO - Processing file /home/udhbhav/miniconda3/lib/python3.11/site-packages/airflow/example_dags/example_dynamic_task_mapping_with_no_taskflow_operators.py for tasks to queue
[2025-03-27T14:25:45.134-0500] {logging_mixin.py:190} INFO - [2025-03-27T14:25:45.134-0500] {dagbag.py:588} INFO - Filling up the DagBag from /home/udhbhav/miniconda3/lib/python3.11/site-packages/airflow/example_dags/example_dynamic_task_mapping_with_no_taskflow_operators.py
[2025-03-27T14:25:45.139-0500] {processor.py:925} INFO - DAG(s) 'example_dynamic_task_mapping_with_no_taskflow_operators' retrieved from /home/udhbhav/miniconda3/lib/python3.11/site-packages/airflow/example_dags/example_dynamic_task_mapping_with_no_taskflow_operators.py
[2025-03-27T14:25:45.374-0500] {logging_mixin.py:190} INFO - [2025-03-27T14:25:45.373-0500] {override.py:1912} INFO - Created Permission View: can read on DAG:example_dynamic_task_mapping_with_no_taskflow_operators
[2025-03-27T14:25:45.483-0500] {logging_mixin.py:190} INFO - [2025-03-27T14:25:45.483-0500] {override.py:1912} INFO - Created Permission View: can edit on DAG:example_dynamic_task_mapping_with_no_taskflow_operators
[2025-03-27T14:25:45.582-0500] {logging_mixin.py:190} INFO - [2025-03-27T14:25:45.582-0500] {override.py:1912} INFO - Created Permission View: can delete on DAG:example_dynamic_task_mapping_with_no_taskflow_operators
[2025-03-27T14:25:45.797-0500] {logging_mixin.py:190} INFO - [2025-03-27T14:25:45.797-0500] {override.py:1912} INFO - Created Permission View: can read on DAG Run:example_dynamic_task_mapping_with_no_taskflow_operators
[2025-03-27T14:25:45.883-0500] {logging_mixin.py:190} INFO - [2025-03-27T14:25:45.883-0500] {override.py:1912} INFO - Created Permission View: menu access on DAG Run:example_dynamic_task_mapping_with_no_taskflow_operators
[2025-03-27T14:25:45.969-0500] {logging_mixin.py:190} INFO - [2025-03-27T14:25:45.969-0500] {override.py:1912} INFO - Created Permission View: can create on DAG Run:example_dynamic_task_mapping_with_no_taskflow_operators
[2025-03-27T14:25:46.059-0500] {logging_mixin.py:190} INFO - [2025-03-27T14:25:46.059-0500] {override.py:1912} INFO - Created Permission View: can delete on DAG Run:example_dynamic_task_mapping_with_no_taskflow_operators
[2025-03-27T14:25:46.059-0500] {logging_mixin.py:190} INFO - [2025-03-27T14:25:46.059-0500] {dag.py:3239} INFO - Sync 1 DAGs
[2025-03-27T14:25:46.065-0500] {logging_mixin.py:190} INFO - [2025-03-27T14:25:46.064-0500] {dag.py:3262} INFO - Creating ORM DAG for example_dynamic_task_mapping_with_no_taskflow_operators
[2025-03-27T14:25:46.065-0500] {logging_mixin.py:190} INFO - [2025-03-27T14:25:46.065-0500] {dag.py:4180} INFO - Setting next_dagrun for example_dynamic_task_mapping_with_no_taskflow_operators to None, run_after=None
[2025-03-27T14:25:46.163-0500] {processor.py:208} INFO - Processing /home/udhbhav/miniconda3/lib/python3.11/site-packages/airflow/example_dags/example_dynamic_task_mapping_with_no_taskflow_operators.py took 1.033 seconds
[2025-03-27T14:28:16.811-0500] {processor.py:186} INFO - Started process (PID=1764193) to work on /home/udhbhav/miniconda3/lib/python3.11/site-packages/airflow/example_dags/example_dynamic_task_mapping_with_no_taskflow_operators.py
[2025-03-27T14:28:16.811-0500] {processor.py:914} INFO - Processing file /home/udhbhav/miniconda3/lib/python3.11/site-packages/airflow/example_dags/example_dynamic_task_mapping_with_no_taskflow_operators.py for tasks to queue
[2025-03-27T14:28:16.812-0500] {logging_mixin.py:190} INFO - [2025-03-27T14:28:16.812-0500] {dagbag.py:588} INFO - Filling up the DagBag from /home/udhbhav/miniconda3/lib/python3.11/site-packages/airflow/example_dags/example_dynamic_task_mapping_with_no_taskflow_operators.py
[2025-03-27T14:28:16.817-0500] {processor.py:925} INFO - DAG(s) 'example_dynamic_task_mapping_with_no_taskflow_operators' retrieved from /home/udhbhav/miniconda3/lib/python3.11/site-packages/airflow/example_dags/example_dynamic_task_mapping_with_no_taskflow_operators.py
[2025-03-27T14:28:16.824-0500] {logging_mixin.py:190} INFO - [2025-03-27T14:28:16.824-0500] {dag.py:3239} INFO - Sync 1 DAGs
[2025-03-27T14:28:16.830-0500] {logging_mixin.py:190} INFO - [2025-03-27T14:28:16.830-0500] {dag.py:4180} INFO - Setting next_dagrun for example_dynamic_task_mapping_with_no_taskflow_operators to None, run_after=None
[2025-03-27T14:28:17.028-0500] {processor.py:208} INFO - Processing /home/udhbhav/miniconda3/lib/python3.11/site-packages/airflow/example_dags/example_dynamic_task_mapping_with_no_taskflow_operators.py took 0.220 seconds
[2025-03-27T14:35:31.437-0500] {processor.py:186} INFO - Started process (PID=1768393) to work on /home/udhbhav/miniconda3/lib/python3.11/site-packages/airflow/example_dags/example_dynamic_task_mapping_with_no_taskflow_operators.py
[2025-03-27T14:35:31.437-0500] {processor.py:914} INFO - Processing file /home/udhbhav/miniconda3/lib/python3.11/site-packages/airflow/example_dags/example_dynamic_task_mapping_with_no_taskflow_operators.py for tasks to queue
[2025-03-27T14:35:31.438-0500] {logging_mixin.py:190} INFO - [2025-03-27T14:35:31.438-0500] {dagbag.py:588} INFO - Filling up the DagBag from /home/udhbhav/miniconda3/lib/python3.11/site-packages/airflow/example_dags/example_dynamic_task_mapping_with_no_taskflow_operators.py
[2025-03-27T14:35:31.442-0500] {processor.py:925} INFO - DAG(s) 'example_dynamic_task_mapping_with_no_taskflow_operators' retrieved from /home/udhbhav/miniconda3/lib/python3.11/site-packages/airflow/example_dags/example_dynamic_task_mapping_with_no_taskflow_operators.py
[2025-03-27T14:35:31.453-0500] {logging_mixin.py:190} INFO - [2025-03-27T14:35:31.453-0500] {dag.py:3239} INFO - Sync 1 DAGs
[2025-03-27T14:35:31.459-0500] {logging_mixin.py:190} INFO - [2025-03-27T14:35:31.459-0500] {dag.py:4180} INFO - Setting next_dagrun for example_dynamic_task_mapping_with_no_taskflow_operators to None, run_after=None
[2025-03-27T14:35:31.566-0500] {processor.py:208} INFO - Processing /home/udhbhav/miniconda3/lib/python3.11/site-packages/airflow/example_dags/example_dynamic_task_mapping_with_no_taskflow_operators.py took 0.131 seconds
[2025-03-27T14:37:18.031-0500] {processor.py:186} INFO - Started process (PID=1769466) to work on /home/udhbhav/miniconda3/lib/python3.11/site-packages/airflow/example_dags/example_dynamic_task_mapping_with_no_taskflow_operators.py
[2025-03-27T14:37:18.031-0500] {processor.py:914} INFO - Processing file /home/udhbhav/miniconda3/lib/python3.11/site-packages/airflow/example_dags/example_dynamic_task_mapping_with_no_taskflow_operators.py for tasks to queue
[2025-03-27T14:37:18.032-0500] {logging_mixin.py:190} INFO - [2025-03-27T14:37:18.032-0500] {dagbag.py:588} INFO - Filling up the DagBag from /home/udhbhav/miniconda3/lib/python3.11/site-packages/airflow/example_dags/example_dynamic_task_mapping_with_no_taskflow_operators.py
[2025-03-27T14:37:18.036-0500] {processor.py:925} INFO - DAG(s) 'example_dynamic_task_mapping_with_no_taskflow_operators' retrieved from /home/udhbhav/miniconda3/lib/python3.11/site-packages/airflow/example_dags/example_dynamic_task_mapping_with_no_taskflow_operators.py
[2025-03-27T14:37:18.046-0500] {logging_mixin.py:190} INFO - [2025-03-27T14:37:18.046-0500] {dag.py:3239} INFO - Sync 1 DAGs
[2025-03-27T14:37:18.051-0500] {logging_mixin.py:190} INFO - [2025-03-27T14:37:18.051-0500] {dag.py:4180} INFO - Setting next_dagrun for example_dynamic_task_mapping_with_no_taskflow_operators to None, run_after=None
[2025-03-27T14:37:18.156-0500] {processor.py:208} INFO - Processing /home/udhbhav/miniconda3/lib/python3.11/site-packages/airflow/example_dags/example_dynamic_task_mapping_with_no_taskflow_operators.py took 0.128 seconds
[2025-03-27T14:38:25.062-0500] {processor.py:186} INFO - Started process (PID=1770478) to work on /home/udhbhav/miniconda3/lib/python3.11/site-packages/airflow/example_dags/example_dynamic_task_mapping_with_no_taskflow_operators.py
[2025-03-27T14:38:25.062-0500] {processor.py:914} INFO - Processing file /home/udhbhav/miniconda3/lib/python3.11/site-packages/airflow/example_dags/example_dynamic_task_mapping_with_no_taskflow_operators.py for tasks to queue
[2025-03-27T14:38:25.063-0500] {logging_mixin.py:190} INFO - [2025-03-27T14:38:25.063-0500] {dagbag.py:588} INFO - Filling up the DagBag from /home/udhbhav/miniconda3/lib/python3.11/site-packages/airflow/example_dags/example_dynamic_task_mapping_with_no_taskflow_operators.py
[2025-03-27T14:38:25.067-0500] {processor.py:925} INFO - DAG(s) 'example_dynamic_task_mapping_with_no_taskflow_operators' retrieved from /home/udhbhav/miniconda3/lib/python3.11/site-packages/airflow/example_dags/example_dynamic_task_mapping_with_no_taskflow_operators.py
[2025-03-27T14:38:25.074-0500] {logging_mixin.py:190} INFO - [2025-03-27T14:38:25.074-0500] {dag.py:3239} INFO - Sync 1 DAGs
[2025-03-27T14:38:25.079-0500] {logging_mixin.py:190} INFO - [2025-03-27T14:38:25.079-0500] {dag.py:4180} INFO - Setting next_dagrun for example_dynamic_task_mapping_with_no_taskflow_operators to None, run_after=None
[2025-03-27T14:38:25.186-0500] {processor.py:208} INFO - Processing /home/udhbhav/miniconda3/lib/python3.11/site-packages/airflow/example_dags/example_dynamic_task_mapping_with_no_taskflow_operators.py took 0.127 seconds
[2025-03-27T14:39:36.424-0500] {processor.py:186} INFO - Started process (PID=1771239) to work on /home/udhbhav/miniconda3/lib/python3.11/site-packages/airflow/example_dags/example_dynamic_task_mapping_with_no_taskflow_operators.py
[2025-03-27T14:39:36.424-0500] {processor.py:914} INFO - Processing file /home/udhbhav/miniconda3/lib/python3.11/site-packages/airflow/example_dags/example_dynamic_task_mapping_with_no_taskflow_operators.py for tasks to queue
[2025-03-27T14:39:36.425-0500] {logging_mixin.py:190} INFO - [2025-03-27T14:39:36.425-0500] {dagbag.py:588} INFO - Filling up the DagBag from /home/udhbhav/miniconda3/lib/python3.11/site-packages/airflow/example_dags/example_dynamic_task_mapping_with_no_taskflow_operators.py
[2025-03-27T14:39:36.429-0500] {processor.py:925} INFO - DAG(s) 'example_dynamic_task_mapping_with_no_taskflow_operators' retrieved from /home/udhbhav/miniconda3/lib/python3.11/site-packages/airflow/example_dags/example_dynamic_task_mapping_with_no_taskflow_operators.py
[2025-03-27T14:39:36.436-0500] {logging_mixin.py:190} INFO - [2025-03-27T14:39:36.436-0500] {dag.py:3239} INFO - Sync 1 DAGs
[2025-03-27T14:39:36.441-0500] {logging_mixin.py:190} INFO - [2025-03-27T14:39:36.441-0500] {dag.py:4180} INFO - Setting next_dagrun for example_dynamic_task_mapping_with_no_taskflow_operators to None, run_after=None
[2025-03-27T14:39:36.545-0500] {processor.py:208} INFO - Processing /home/udhbhav/miniconda3/lib/python3.11/site-packages/airflow/example_dags/example_dynamic_task_mapping_with_no_taskflow_operators.py took 0.125 seconds
[2025-03-27T14:40:55.629-0500] {processor.py:186} INFO - Started process (PID=1772054) to work on /home/udhbhav/miniconda3/lib/python3.11/site-packages/airflow/example_dags/example_dynamic_task_mapping_with_no_taskflow_operators.py
[2025-03-27T14:40:55.630-0500] {processor.py:914} INFO - Processing file /home/udhbhav/miniconda3/lib/python3.11/site-packages/airflow/example_dags/example_dynamic_task_mapping_with_no_taskflow_operators.py for tasks to queue
[2025-03-27T14:40:55.631-0500] {logging_mixin.py:190} INFO - [2025-03-27T14:40:55.631-0500] {dagbag.py:588} INFO - Filling up the DagBag from /home/udhbhav/miniconda3/lib/python3.11/site-packages/airflow/example_dags/example_dynamic_task_mapping_with_no_taskflow_operators.py
[2025-03-27T14:40:55.635-0500] {processor.py:925} INFO - DAG(s) 'example_dynamic_task_mapping_with_no_taskflow_operators' retrieved from /home/udhbhav/miniconda3/lib/python3.11/site-packages/airflow/example_dags/example_dynamic_task_mapping_with_no_taskflow_operators.py
[2025-03-27T14:40:55.642-0500] {logging_mixin.py:190} INFO - [2025-03-27T14:40:55.642-0500] {dag.py:3239} INFO - Sync 1 DAGs
[2025-03-27T14:40:55.647-0500] {logging_mixin.py:190} INFO - [2025-03-27T14:40:55.647-0500] {dag.py:4180} INFO - Setting next_dagrun for example_dynamic_task_mapping_with_no_taskflow_operators to None, run_after=None
[2025-03-27T14:40:55.755-0500] {processor.py:208} INFO - Processing /home/udhbhav/miniconda3/lib/python3.11/site-packages/airflow/example_dags/example_dynamic_task_mapping_with_no_taskflow_operators.py took 0.129 seconds
[2025-03-27T14:41:47.442-0500] {processor.py:186} INFO - Started process (PID=1772870) to work on /home/udhbhav/miniconda3/lib/python3.11/site-packages/airflow/example_dags/example_dynamic_task_mapping_with_no_taskflow_operators.py
[2025-03-27T14:41:47.442-0500] {processor.py:914} INFO - Processing file /home/udhbhav/miniconda3/lib/python3.11/site-packages/airflow/example_dags/example_dynamic_task_mapping_with_no_taskflow_operators.py for tasks to queue
[2025-03-27T14:41:47.443-0500] {logging_mixin.py:190} INFO - [2025-03-27T14:41:47.443-0500] {dagbag.py:588} INFO - Filling up the DagBag from /home/udhbhav/miniconda3/lib/python3.11/site-packages/airflow/example_dags/example_dynamic_task_mapping_with_no_taskflow_operators.py
[2025-03-27T14:41:47.447-0500] {processor.py:925} INFO - DAG(s) 'example_dynamic_task_mapping_with_no_taskflow_operators' retrieved from /home/udhbhav/miniconda3/lib/python3.11/site-packages/airflow/example_dags/example_dynamic_task_mapping_with_no_taskflow_operators.py
[2025-03-27T14:41:47.454-0500] {logging_mixin.py:190} INFO - [2025-03-27T14:41:47.454-0500] {dag.py:3239} INFO - Sync 1 DAGs
[2025-03-27T14:41:47.459-0500] {logging_mixin.py:190} INFO - [2025-03-27T14:41:47.459-0500] {dag.py:4180} INFO - Setting next_dagrun for example_dynamic_task_mapping_with_no_taskflow_operators to None, run_after=None
[2025-03-27T14:41:47.566-0500] {processor.py:208} INFO - Processing /home/udhbhav/miniconda3/lib/python3.11/site-packages/airflow/example_dags/example_dynamic_task_mapping_with_no_taskflow_operators.py took 0.127 seconds
[2025-03-27T14:42:48.661-0500] {processor.py:186} INFO - Started process (PID=1773484) to work on /home/udhbhav/miniconda3/lib/python3.11/site-packages/airflow/example_dags/example_dynamic_task_mapping_with_no_taskflow_operators.py
[2025-03-27T14:42:48.661-0500] {processor.py:914} INFO - Processing file /home/udhbhav/miniconda3/lib/python3.11/site-packages/airflow/example_dags/example_dynamic_task_mapping_with_no_taskflow_operators.py for tasks to queue
[2025-03-27T14:42:48.662-0500] {logging_mixin.py:190} INFO - [2025-03-27T14:42:48.662-0500] {dagbag.py:588} INFO - Filling up the DagBag from /home/udhbhav/miniconda3/lib/python3.11/site-packages/airflow/example_dags/example_dynamic_task_mapping_with_no_taskflow_operators.py
[2025-03-27T14:42:48.666-0500] {processor.py:925} INFO - DAG(s) 'example_dynamic_task_mapping_with_no_taskflow_operators' retrieved from /home/udhbhav/miniconda3/lib/python3.11/site-packages/airflow/example_dags/example_dynamic_task_mapping_with_no_taskflow_operators.py
[2025-03-27T14:42:48.673-0500] {logging_mixin.py:190} INFO - [2025-03-27T14:42:48.673-0500] {dag.py:3239} INFO - Sync 1 DAGs
[2025-03-27T14:42:48.678-0500] {logging_mixin.py:190} INFO - [2025-03-27T14:42:48.678-0500] {dag.py:4180} INFO - Setting next_dagrun for example_dynamic_task_mapping_with_no_taskflow_operators to None, run_after=None
[2025-03-27T14:42:48.825-0500] {processor.py:208} INFO - Processing /home/udhbhav/miniconda3/lib/python3.11/site-packages/airflow/example_dags/example_dynamic_task_mapping_with_no_taskflow_operators.py took 0.167 seconds
[2025-03-27T14:43:52.613-0500] {processor.py:186} INFO - Started process (PID=1774238) to work on /home/udhbhav/miniconda3/lib/python3.11/site-packages/airflow/example_dags/example_dynamic_task_mapping_with_no_taskflow_operators.py
[2025-03-27T14:43:52.613-0500] {processor.py:914} INFO - Processing file /home/udhbhav/miniconda3/lib/python3.11/site-packages/airflow/example_dags/example_dynamic_task_mapping_with_no_taskflow_operators.py for tasks to queue
[2025-03-27T14:43:52.614-0500] {logging_mixin.py:190} INFO - [2025-03-27T14:43:52.614-0500] {dagbag.py:588} INFO - Filling up the DagBag from /home/udhbhav/miniconda3/lib/python3.11/site-packages/airflow/example_dags/example_dynamic_task_mapping_with_no_taskflow_operators.py
[2025-03-27T14:43:52.618-0500] {processor.py:925} INFO - DAG(s) 'example_dynamic_task_mapping_with_no_taskflow_operators' retrieved from /home/udhbhav/miniconda3/lib/python3.11/site-packages/airflow/example_dags/example_dynamic_task_mapping_with_no_taskflow_operators.py
[2025-03-27T14:43:52.625-0500] {logging_mixin.py:190} INFO - [2025-03-27T14:43:52.625-0500] {dag.py:3239} INFO - Sync 1 DAGs
[2025-03-27T14:43:52.631-0500] {logging_mixin.py:190} INFO - [2025-03-27T14:43:52.631-0500] {dag.py:4180} INFO - Setting next_dagrun for example_dynamic_task_mapping_with_no_taskflow_operators to None, run_after=None
[2025-03-27T14:43:52.737-0500] {processor.py:208} INFO - Processing /home/udhbhav/miniconda3/lib/python3.11/site-packages/airflow/example_dags/example_dynamic_task_mapping_with_no_taskflow_operators.py took 0.127 seconds
[2025-03-27T14:44:56.712-0500] {processor.py:186} INFO - Started process (PID=1774890) to work on /home/udhbhav/miniconda3/lib/python3.11/site-packages/airflow/example_dags/example_dynamic_task_mapping_with_no_taskflow_operators.py
[2025-03-27T14:44:56.713-0500] {processor.py:914} INFO - Processing file /home/udhbhav/miniconda3/lib/python3.11/site-packages/airflow/example_dags/example_dynamic_task_mapping_with_no_taskflow_operators.py for tasks to queue
[2025-03-27T14:44:56.713-0500] {logging_mixin.py:190} INFO - [2025-03-27T14:44:56.713-0500] {dagbag.py:588} INFO - Filling up the DagBag from /home/udhbhav/miniconda3/lib/python3.11/site-packages/airflow/example_dags/example_dynamic_task_mapping_with_no_taskflow_operators.py
[2025-03-27T14:44:56.718-0500] {processor.py:925} INFO - DAG(s) 'example_dynamic_task_mapping_with_no_taskflow_operators' retrieved from /home/udhbhav/miniconda3/lib/python3.11/site-packages/airflow/example_dags/example_dynamic_task_mapping_with_no_taskflow_operators.py
[2025-03-27T14:44:56.725-0500] {logging_mixin.py:190} INFO - [2025-03-27T14:44:56.724-0500] {dag.py:3239} INFO - Sync 1 DAGs
[2025-03-27T14:44:56.730-0500] {logging_mixin.py:190} INFO - [2025-03-27T14:44:56.730-0500] {dag.py:4180} INFO - Setting next_dagrun for example_dynamic_task_mapping_with_no_taskflow_operators to None, run_after=None
[2025-03-27T14:44:56.837-0500] {processor.py:208} INFO - Processing /home/udhbhav/miniconda3/lib/python3.11/site-packages/airflow/example_dags/example_dynamic_task_mapping_with_no_taskflow_operators.py took 0.128 seconds
[2025-03-27T14:45:52.868-0500] {processor.py:186} INFO - Started process (PID=1775433) to work on /home/udhbhav/miniconda3/lib/python3.11/site-packages/airflow/example_dags/example_dynamic_task_mapping_with_no_taskflow_operators.py
[2025-03-27T14:45:52.868-0500] {processor.py:914} INFO - Processing file /home/udhbhav/miniconda3/lib/python3.11/site-packages/airflow/example_dags/example_dynamic_task_mapping_with_no_taskflow_operators.py for tasks to queue
[2025-03-27T14:45:52.869-0500] {logging_mixin.py:190} INFO - [2025-03-27T14:45:52.869-0500] {dagbag.py:588} INFO - Filling up the DagBag from /home/udhbhav/miniconda3/lib/python3.11/site-packages/airflow/example_dags/example_dynamic_task_mapping_with_no_taskflow_operators.py
[2025-03-27T14:45:52.873-0500] {processor.py:925} INFO - DAG(s) 'example_dynamic_task_mapping_with_no_taskflow_operators' retrieved from /home/udhbhav/miniconda3/lib/python3.11/site-packages/airflow/example_dags/example_dynamic_task_mapping_with_no_taskflow_operators.py
[2025-03-27T14:45:52.880-0500] {logging_mixin.py:190} INFO - [2025-03-27T14:45:52.880-0500] {dag.py:3239} INFO - Sync 1 DAGs
[2025-03-27T14:45:52.885-0500] {logging_mixin.py:190} INFO - [2025-03-27T14:45:52.885-0500] {dag.py:4180} INFO - Setting next_dagrun for example_dynamic_task_mapping_with_no_taskflow_operators to None, run_after=None
[2025-03-27T14:45:53.029-0500] {processor.py:208} INFO - Processing /home/udhbhav/miniconda3/lib/python3.11/site-packages/airflow/example_dags/example_dynamic_task_mapping_with_no_taskflow_operators.py took 0.164 seconds
[2025-03-27T14:47:22.003-0500] {processor.py:186} INFO - Started process (PID=1776191) to work on /home/udhbhav/miniconda3/lib/python3.11/site-packages/airflow/example_dags/example_dynamic_task_mapping_with_no_taskflow_operators.py
[2025-03-27T14:47:22.004-0500] {processor.py:914} INFO - Processing file /home/udhbhav/miniconda3/lib/python3.11/site-packages/airflow/example_dags/example_dynamic_task_mapping_with_no_taskflow_operators.py for tasks to queue
[2025-03-27T14:47:22.005-0500] {logging_mixin.py:190} INFO - [2025-03-27T14:47:22.005-0500] {dagbag.py:588} INFO - Filling up the DagBag from /home/udhbhav/miniconda3/lib/python3.11/site-packages/airflow/example_dags/example_dynamic_task_mapping_with_no_taskflow_operators.py
[2025-03-27T14:47:22.009-0500] {processor.py:925} INFO - DAG(s) 'example_dynamic_task_mapping_with_no_taskflow_operators' retrieved from /home/udhbhav/miniconda3/lib/python3.11/site-packages/airflow/example_dags/example_dynamic_task_mapping_with_no_taskflow_operators.py
[2025-03-27T14:47:22.016-0500] {logging_mixin.py:190} INFO - [2025-03-27T14:47:22.016-0500] {dag.py:3239} INFO - Sync 1 DAGs
[2025-03-27T14:47:22.021-0500] {logging_mixin.py:190} INFO - [2025-03-27T14:47:22.021-0500] {dag.py:4180} INFO - Setting next_dagrun for example_dynamic_task_mapping_with_no_taskflow_operators to None, run_after=None
[2025-03-27T14:47:22.136-0500] {processor.py:208} INFO - Processing /home/udhbhav/miniconda3/lib/python3.11/site-packages/airflow/example_dags/example_dynamic_task_mapping_with_no_taskflow_operators.py took 0.135 seconds
[2025-03-27T14:48:40.214-0500] {processor.py:186} INFO - Started process (PID=1776959) to work on /home/udhbhav/miniconda3/lib/python3.11/site-packages/airflow/example_dags/example_dynamic_task_mapping_with_no_taskflow_operators.py
[2025-03-27T14:48:40.214-0500] {processor.py:914} INFO - Processing file /home/udhbhav/miniconda3/lib/python3.11/site-packages/airflow/example_dags/example_dynamic_task_mapping_with_no_taskflow_operators.py for tasks to queue
[2025-03-27T14:48:40.215-0500] {logging_mixin.py:190} INFO - [2025-03-27T14:48:40.215-0500] {dagbag.py:588} INFO - Filling up the DagBag from /home/udhbhav/miniconda3/lib/python3.11/site-packages/airflow/example_dags/example_dynamic_task_mapping_with_no_taskflow_operators.py
[2025-03-27T14:48:40.219-0500] {processor.py:925} INFO - DAG(s) 'example_dynamic_task_mapping_with_no_taskflow_operators' retrieved from /home/udhbhav/miniconda3/lib/python3.11/site-packages/airflow/example_dags/example_dynamic_task_mapping_with_no_taskflow_operators.py
[2025-03-27T14:48:40.226-0500] {logging_mixin.py:190} INFO - [2025-03-27T14:48:40.226-0500] {dag.py:3239} INFO - Sync 1 DAGs
[2025-03-27T14:48:40.231-0500] {logging_mixin.py:190} INFO - [2025-03-27T14:48:40.231-0500] {dag.py:4180} INFO - Setting next_dagrun for example_dynamic_task_mapping_with_no_taskflow_operators to None, run_after=None
[2025-03-27T14:48:40.401-0500] {processor.py:208} INFO - Processing /home/udhbhav/miniconda3/lib/python3.11/site-packages/airflow/example_dags/example_dynamic_task_mapping_with_no_taskflow_operators.py took 0.191 seconds
[2025-03-27T14:50:05.793-0500] {processor.py:186} INFO - Started process (PID=1777763) to work on /home/udhbhav/miniconda3/lib/python3.11/site-packages/airflow/example_dags/example_dynamic_task_mapping_with_no_taskflow_operators.py
[2025-03-27T14:50:05.793-0500] {processor.py:914} INFO - Processing file /home/udhbhav/miniconda3/lib/python3.11/site-packages/airflow/example_dags/example_dynamic_task_mapping_with_no_taskflow_operators.py for tasks to queue
[2025-03-27T14:50:05.794-0500] {logging_mixin.py:190} INFO - [2025-03-27T14:50:05.794-0500] {dagbag.py:588} INFO - Filling up the DagBag from /home/udhbhav/miniconda3/lib/python3.11/site-packages/airflow/example_dags/example_dynamic_task_mapping_with_no_taskflow_operators.py
[2025-03-27T14:50:05.798-0500] {processor.py:925} INFO - DAG(s) 'example_dynamic_task_mapping_with_no_taskflow_operators' retrieved from /home/udhbhav/miniconda3/lib/python3.11/site-packages/airflow/example_dags/example_dynamic_task_mapping_with_no_taskflow_operators.py
[2025-03-27T14:50:05.805-0500] {logging_mixin.py:190} INFO - [2025-03-27T14:50:05.805-0500] {dag.py:3239} INFO - Sync 1 DAGs
[2025-03-27T14:50:05.810-0500] {logging_mixin.py:190} INFO - [2025-03-27T14:50:05.810-0500] {dag.py:4180} INFO - Setting next_dagrun for example_dynamic_task_mapping_with_no_taskflow_operators to None, run_after=None
[2025-03-27T14:50:05.916-0500] {processor.py:208} INFO - Processing /home/udhbhav/miniconda3/lib/python3.11/site-packages/airflow/example_dags/example_dynamic_task_mapping_with_no_taskflow_operators.py took 0.126 seconds
[2025-03-27T14:51:12.675-0500] {processor.py:186} INFO - Started process (PID=1782775) to work on /home/udhbhav/miniconda3/lib/python3.11/site-packages/airflow/example_dags/example_dynamic_task_mapping_with_no_taskflow_operators.py
[2025-03-27T14:51:12.676-0500] {processor.py:914} INFO - Processing file /home/udhbhav/miniconda3/lib/python3.11/site-packages/airflow/example_dags/example_dynamic_task_mapping_with_no_taskflow_operators.py for tasks to queue
[2025-03-27T14:51:12.677-0500] {logging_mixin.py:190} INFO - [2025-03-27T14:51:12.676-0500] {dagbag.py:588} INFO - Filling up the DagBag from /home/udhbhav/miniconda3/lib/python3.11/site-packages/airflow/example_dags/example_dynamic_task_mapping_with_no_taskflow_operators.py
[2025-03-27T14:51:12.681-0500] {processor.py:925} INFO - DAG(s) 'example_dynamic_task_mapping_with_no_taskflow_operators' retrieved from /home/udhbhav/miniconda3/lib/python3.11/site-packages/airflow/example_dags/example_dynamic_task_mapping_with_no_taskflow_operators.py
[2025-03-27T14:51:12.688-0500] {logging_mixin.py:190} INFO - [2025-03-27T14:51:12.688-0500] {dag.py:3239} INFO - Sync 1 DAGs
[2025-03-27T14:51:12.693-0500] {logging_mixin.py:190} INFO - [2025-03-27T14:51:12.693-0500] {dag.py:4180} INFO - Setting next_dagrun for example_dynamic_task_mapping_with_no_taskflow_operators to None, run_after=None
[2025-03-27T14:51:12.800-0500] {processor.py:208} INFO - Processing /home/udhbhav/miniconda3/lib/python3.11/site-packages/airflow/example_dags/example_dynamic_task_mapping_with_no_taskflow_operators.py took 0.127 seconds
[2025-03-27T14:52:19.707-0500] {processor.py:186} INFO - Started process (PID=1783918) to work on /home/udhbhav/miniconda3/lib/python3.11/site-packages/airflow/example_dags/example_dynamic_task_mapping_with_no_taskflow_operators.py
[2025-03-27T14:52:19.708-0500] {processor.py:914} INFO - Processing file /home/udhbhav/miniconda3/lib/python3.11/site-packages/airflow/example_dags/example_dynamic_task_mapping_with_no_taskflow_operators.py for tasks to queue
[2025-03-27T14:52:19.709-0500] {logging_mixin.py:190} INFO - [2025-03-27T14:52:19.709-0500] {dagbag.py:588} INFO - Filling up the DagBag from /home/udhbhav/miniconda3/lib/python3.11/site-packages/airflow/example_dags/example_dynamic_task_mapping_with_no_taskflow_operators.py
[2025-03-27T14:52:19.713-0500] {processor.py:925} INFO - DAG(s) 'example_dynamic_task_mapping_with_no_taskflow_operators' retrieved from /home/udhbhav/miniconda3/lib/python3.11/site-packages/airflow/example_dags/example_dynamic_task_mapping_with_no_taskflow_operators.py
[2025-03-27T14:52:19.720-0500] {logging_mixin.py:190} INFO - [2025-03-27T14:52:19.720-0500] {dag.py:3239} INFO - Sync 1 DAGs
[2025-03-27T14:52:19.725-0500] {logging_mixin.py:190} INFO - [2025-03-27T14:52:19.725-0500] {dag.py:4180} INFO - Setting next_dagrun for example_dynamic_task_mapping_with_no_taskflow_operators to None, run_after=None
[2025-03-27T14:52:19.832-0500] {processor.py:208} INFO - Processing /home/udhbhav/miniconda3/lib/python3.11/site-packages/airflow/example_dags/example_dynamic_task_mapping_with_no_taskflow_operators.py took 0.128 seconds
[2025-03-27T14:53:29.941-0500] {processor.py:186} INFO - Started process (PID=1784634) to work on /home/udhbhav/miniconda3/lib/python3.11/site-packages/airflow/example_dags/example_dynamic_task_mapping_with_no_taskflow_operators.py
[2025-03-27T14:53:29.941-0500] {processor.py:914} INFO - Processing file /home/udhbhav/miniconda3/lib/python3.11/site-packages/airflow/example_dags/example_dynamic_task_mapping_with_no_taskflow_operators.py for tasks to queue
[2025-03-27T14:53:29.943-0500] {logging_mixin.py:190} INFO - [2025-03-27T14:53:29.943-0500] {dagbag.py:588} INFO - Filling up the DagBag from /home/udhbhav/miniconda3/lib/python3.11/site-packages/airflow/example_dags/example_dynamic_task_mapping_with_no_taskflow_operators.py
[2025-03-27T14:53:29.947-0500] {processor.py:925} INFO - DAG(s) 'example_dynamic_task_mapping_with_no_taskflow_operators' retrieved from /home/udhbhav/miniconda3/lib/python3.11/site-packages/airflow/example_dags/example_dynamic_task_mapping_with_no_taskflow_operators.py
[2025-03-27T14:53:29.954-0500] {logging_mixin.py:190} INFO - [2025-03-27T14:53:29.954-0500] {dag.py:3239} INFO - Sync 1 DAGs
[2025-03-27T14:53:29.959-0500] {logging_mixin.py:190} INFO - [2025-03-27T14:53:29.959-0500] {dag.py:4180} INFO - Setting next_dagrun for example_dynamic_task_mapping_with_no_taskflow_operators to None, run_after=None
[2025-03-27T14:53:30.068-0500] {processor.py:208} INFO - Processing /home/udhbhav/miniconda3/lib/python3.11/site-packages/airflow/example_dags/example_dynamic_task_mapping_with_no_taskflow_operators.py took 0.130 seconds
[2025-03-27T14:54:38.079-0500] {processor.py:186} INFO - Started process (PID=1785303) to work on /home/udhbhav/miniconda3/lib/python3.11/site-packages/airflow/example_dags/example_dynamic_task_mapping_with_no_taskflow_operators.py
[2025-03-27T14:54:38.079-0500] {processor.py:914} INFO - Processing file /home/udhbhav/miniconda3/lib/python3.11/site-packages/airflow/example_dags/example_dynamic_task_mapping_with_no_taskflow_operators.py for tasks to queue
[2025-03-27T14:54:38.080-0500] {logging_mixin.py:190} INFO - [2025-03-27T14:54:38.080-0500] {dagbag.py:588} INFO - Filling up the DagBag from /home/udhbhav/miniconda3/lib/python3.11/site-packages/airflow/example_dags/example_dynamic_task_mapping_with_no_taskflow_operators.py
[2025-03-27T14:54:38.084-0500] {processor.py:925} INFO - DAG(s) 'example_dynamic_task_mapping_with_no_taskflow_operators' retrieved from /home/udhbhav/miniconda3/lib/python3.11/site-packages/airflow/example_dags/example_dynamic_task_mapping_with_no_taskflow_operators.py
[2025-03-27T14:54:38.091-0500] {logging_mixin.py:190} INFO - [2025-03-27T14:54:38.091-0500] {dag.py:3239} INFO - Sync 1 DAGs
[2025-03-27T14:54:38.097-0500] {logging_mixin.py:190} INFO - [2025-03-27T14:54:38.096-0500] {dag.py:4180} INFO - Setting next_dagrun for example_dynamic_task_mapping_with_no_taskflow_operators to None, run_after=None
[2025-03-27T14:54:38.246-0500] {processor.py:208} INFO - Processing /home/udhbhav/miniconda3/lib/python3.11/site-packages/airflow/example_dags/example_dynamic_task_mapping_with_no_taskflow_operators.py took 0.171 seconds
[2025-03-27T14:55:42.800-0500] {processor.py:186} INFO - Started process (PID=1786019) to work on /home/udhbhav/miniconda3/lib/python3.11/site-packages/airflow/example_dags/example_dynamic_task_mapping_with_no_taskflow_operators.py
[2025-03-27T14:55:42.800-0500] {processor.py:914} INFO - Processing file /home/udhbhav/miniconda3/lib/python3.11/site-packages/airflow/example_dags/example_dynamic_task_mapping_with_no_taskflow_operators.py for tasks to queue
[2025-03-27T14:55:42.801-0500] {logging_mixin.py:190} INFO - [2025-03-27T14:55:42.801-0500] {dagbag.py:588} INFO - Filling up the DagBag from /home/udhbhav/miniconda3/lib/python3.11/site-packages/airflow/example_dags/example_dynamic_task_mapping_with_no_taskflow_operators.py
[2025-03-27T14:55:42.806-0500] {processor.py:925} INFO - DAG(s) 'example_dynamic_task_mapping_with_no_taskflow_operators' retrieved from /home/udhbhav/miniconda3/lib/python3.11/site-packages/airflow/example_dags/example_dynamic_task_mapping_with_no_taskflow_operators.py
[2025-03-27T14:55:42.813-0500] {logging_mixin.py:190} INFO - [2025-03-27T14:55:42.813-0500] {dag.py:3239} INFO - Sync 1 DAGs
[2025-03-27T14:55:42.818-0500] {logging_mixin.py:190} INFO - [2025-03-27T14:55:42.818-0500] {dag.py:4180} INFO - Setting next_dagrun for example_dynamic_task_mapping_with_no_taskflow_operators to None, run_after=None
[2025-03-27T14:55:42.979-0500] {processor.py:208} INFO - Processing /home/udhbhav/miniconda3/lib/python3.11/site-packages/airflow/example_dags/example_dynamic_task_mapping_with_no_taskflow_operators.py took 0.182 seconds
[2025-03-27T14:57:01.574-0500] {processor.py:186} INFO - Started process (PID=1786842) to work on /home/udhbhav/miniconda3/lib/python3.11/site-packages/airflow/example_dags/example_dynamic_task_mapping_with_no_taskflow_operators.py
[2025-03-27T14:57:01.574-0500] {processor.py:914} INFO - Processing file /home/udhbhav/miniconda3/lib/python3.11/site-packages/airflow/example_dags/example_dynamic_task_mapping_with_no_taskflow_operators.py for tasks to queue
[2025-03-27T14:57:01.575-0500] {logging_mixin.py:190} INFO - [2025-03-27T14:57:01.575-0500] {dagbag.py:588} INFO - Filling up the DagBag from /home/udhbhav/miniconda3/lib/python3.11/site-packages/airflow/example_dags/example_dynamic_task_mapping_with_no_taskflow_operators.py
[2025-03-27T14:57:01.579-0500] {processor.py:925} INFO - DAG(s) 'example_dynamic_task_mapping_with_no_taskflow_operators' retrieved from /home/udhbhav/miniconda3/lib/python3.11/site-packages/airflow/example_dags/example_dynamic_task_mapping_with_no_taskflow_operators.py
[2025-03-27T14:57:01.587-0500] {logging_mixin.py:190} INFO - [2025-03-27T14:57:01.586-0500] {dag.py:3239} INFO - Sync 1 DAGs
[2025-03-27T14:57:01.592-0500] {logging_mixin.py:190} INFO - [2025-03-27T14:57:01.592-0500] {dag.py:4180} INFO - Setting next_dagrun for example_dynamic_task_mapping_with_no_taskflow_operators to None, run_after=None
[2025-03-27T14:57:01.743-0500] {processor.py:208} INFO - Processing /home/udhbhav/miniconda3/lib/python3.11/site-packages/airflow/example_dags/example_dynamic_task_mapping_with_no_taskflow_operators.py took 0.172 seconds
[2025-03-27T14:58:20.777-0500] {processor.py:186} INFO - Started process (PID=1787577) to work on /home/udhbhav/miniconda3/lib/python3.11/site-packages/airflow/example_dags/example_dynamic_task_mapping_with_no_taskflow_operators.py
[2025-03-27T14:58:20.777-0500] {processor.py:914} INFO - Processing file /home/udhbhav/miniconda3/lib/python3.11/site-packages/airflow/example_dags/example_dynamic_task_mapping_with_no_taskflow_operators.py for tasks to queue
[2025-03-27T14:58:20.778-0500] {logging_mixin.py:190} INFO - [2025-03-27T14:58:20.778-0500] {dagbag.py:588} INFO - Filling up the DagBag from /home/udhbhav/miniconda3/lib/python3.11/site-packages/airflow/example_dags/example_dynamic_task_mapping_with_no_taskflow_operators.py
[2025-03-27T14:58:20.782-0500] {processor.py:925} INFO - DAG(s) 'example_dynamic_task_mapping_with_no_taskflow_operators' retrieved from /home/udhbhav/miniconda3/lib/python3.11/site-packages/airflow/example_dags/example_dynamic_task_mapping_with_no_taskflow_operators.py
[2025-03-27T14:58:20.789-0500] {logging_mixin.py:190} INFO - [2025-03-27T14:58:20.789-0500] {dag.py:3239} INFO - Sync 1 DAGs
[2025-03-27T14:58:20.794-0500] {logging_mixin.py:190} INFO - [2025-03-27T14:58:20.794-0500] {dag.py:4180} INFO - Setting next_dagrun for example_dynamic_task_mapping_with_no_taskflow_operators to None, run_after=None
[2025-03-27T14:58:20.950-0500] {processor.py:208} INFO - Processing /home/udhbhav/miniconda3/lib/python3.11/site-packages/airflow/example_dags/example_dynamic_task_mapping_with_no_taskflow_operators.py took 0.177 seconds
[2025-03-27T14:59:55.020-0500] {processor.py:186} INFO - Started process (PID=1788615) to work on /home/udhbhav/miniconda3/lib/python3.11/site-packages/airflow/example_dags/example_dynamic_task_mapping_with_no_taskflow_operators.py
[2025-03-27T14:59:55.021-0500] {processor.py:914} INFO - Processing file /home/udhbhav/miniconda3/lib/python3.11/site-packages/airflow/example_dags/example_dynamic_task_mapping_with_no_taskflow_operators.py for tasks to queue
[2025-03-27T14:59:55.022-0500] {logging_mixin.py:190} INFO - [2025-03-27T14:59:55.022-0500] {dagbag.py:588} INFO - Filling up the DagBag from /home/udhbhav/miniconda3/lib/python3.11/site-packages/airflow/example_dags/example_dynamic_task_mapping_with_no_taskflow_operators.py
[2025-03-27T14:59:55.026-0500] {processor.py:925} INFO - DAG(s) 'example_dynamic_task_mapping_with_no_taskflow_operators' retrieved from /home/udhbhav/miniconda3/lib/python3.11/site-packages/airflow/example_dags/example_dynamic_task_mapping_with_no_taskflow_operators.py
[2025-03-27T14:59:55.033-0500] {logging_mixin.py:190} INFO - [2025-03-27T14:59:55.033-0500] {dag.py:3239} INFO - Sync 1 DAGs
[2025-03-27T14:59:55.039-0500] {logging_mixin.py:190} INFO - [2025-03-27T14:59:55.038-0500] {dag.py:4180} INFO - Setting next_dagrun for example_dynamic_task_mapping_with_no_taskflow_operators to None, run_after=None
[2025-03-27T14:59:55.144-0500] {processor.py:208} INFO - Processing /home/udhbhav/miniconda3/lib/python3.11/site-packages/airflow/example_dags/example_dynamic_task_mapping_with_no_taskflow_operators.py took 0.127 seconds
[2025-03-27T15:01:02.996-0500] {processor.py:186} INFO - Started process (PID=1789423) to work on /home/udhbhav/miniconda3/lib/python3.11/site-packages/airflow/example_dags/example_dynamic_task_mapping_with_no_taskflow_operators.py
[2025-03-27T15:01:02.997-0500] {processor.py:914} INFO - Processing file /home/udhbhav/miniconda3/lib/python3.11/site-packages/airflow/example_dags/example_dynamic_task_mapping_with_no_taskflow_operators.py for tasks to queue
[2025-03-27T15:01:02.998-0500] {logging_mixin.py:190} INFO - [2025-03-27T15:01:02.997-0500] {dagbag.py:588} INFO - Filling up the DagBag from /home/udhbhav/miniconda3/lib/python3.11/site-packages/airflow/example_dags/example_dynamic_task_mapping_with_no_taskflow_operators.py
[2025-03-27T15:01:03.003-0500] {processor.py:925} INFO - DAG(s) 'example_dynamic_task_mapping_with_no_taskflow_operators' retrieved from /home/udhbhav/miniconda3/lib/python3.11/site-packages/airflow/example_dags/example_dynamic_task_mapping_with_no_taskflow_operators.py
[2025-03-27T15:01:03.010-0500] {logging_mixin.py:190} INFO - [2025-03-27T15:01:03.010-0500] {dag.py:3239} INFO - Sync 1 DAGs
[2025-03-27T15:01:03.015-0500] {logging_mixin.py:190} INFO - [2025-03-27T15:01:03.015-0500] {dag.py:4180} INFO - Setting next_dagrun for example_dynamic_task_mapping_with_no_taskflow_operators to None, run_after=None
[2025-03-27T15:01:03.092-0500] {processor.py:208} INFO - Processing /home/udhbhav/miniconda3/lib/python3.11/site-packages/airflow/example_dags/example_dynamic_task_mapping_with_no_taskflow_operators.py took 0.099 seconds
[2025-03-27T15:02:06.905-0500] {processor.py:186} INFO - Started process (PID=1790151) to work on /home/udhbhav/miniconda3/lib/python3.11/site-packages/airflow/example_dags/example_dynamic_task_mapping_with_no_taskflow_operators.py
[2025-03-27T15:02:06.906-0500] {processor.py:914} INFO - Processing file /home/udhbhav/miniconda3/lib/python3.11/site-packages/airflow/example_dags/example_dynamic_task_mapping_with_no_taskflow_operators.py for tasks to queue
[2025-03-27T15:02:06.907-0500] {logging_mixin.py:190} INFO - [2025-03-27T15:02:06.907-0500] {dagbag.py:588} INFO - Filling up the DagBag from /home/udhbhav/miniconda3/lib/python3.11/site-packages/airflow/example_dags/example_dynamic_task_mapping_with_no_taskflow_operators.py
[2025-03-27T15:02:06.911-0500] {processor.py:925} INFO - DAG(s) 'example_dynamic_task_mapping_with_no_taskflow_operators' retrieved from /home/udhbhav/miniconda3/lib/python3.11/site-packages/airflow/example_dags/example_dynamic_task_mapping_with_no_taskflow_operators.py
[2025-03-27T15:02:06.918-0500] {logging_mixin.py:190} INFO - [2025-03-27T15:02:06.918-0500] {dag.py:3239} INFO - Sync 1 DAGs
[2025-03-27T15:02:06.923-0500] {logging_mixin.py:190} INFO - [2025-03-27T15:02:06.923-0500] {dag.py:4180} INFO - Setting next_dagrun for example_dynamic_task_mapping_with_no_taskflow_operators to None, run_after=None
[2025-03-27T15:02:07.023-0500] {processor.py:208} INFO - Processing /home/udhbhav/miniconda3/lib/python3.11/site-packages/airflow/example_dags/example_dynamic_task_mapping_with_no_taskflow_operators.py took 0.120 seconds
[2025-03-27T15:03:24.123-0500] {processor.py:186} INFO - Started process (PID=1790906) to work on /home/udhbhav/miniconda3/lib/python3.11/site-packages/airflow/example_dags/example_dynamic_task_mapping_with_no_taskflow_operators.py
[2025-03-27T15:03:24.123-0500] {processor.py:914} INFO - Processing file /home/udhbhav/miniconda3/lib/python3.11/site-packages/airflow/example_dags/example_dynamic_task_mapping_with_no_taskflow_operators.py for tasks to queue
[2025-03-27T15:03:24.124-0500] {logging_mixin.py:190} INFO - [2025-03-27T15:03:24.124-0500] {dagbag.py:588} INFO - Filling up the DagBag from /home/udhbhav/miniconda3/lib/python3.11/site-packages/airflow/example_dags/example_dynamic_task_mapping_with_no_taskflow_operators.py
[2025-03-27T15:03:24.128-0500] {processor.py:925} INFO - DAG(s) 'example_dynamic_task_mapping_with_no_taskflow_operators' retrieved from /home/udhbhav/miniconda3/lib/python3.11/site-packages/airflow/example_dags/example_dynamic_task_mapping_with_no_taskflow_operators.py
[2025-03-27T15:03:24.135-0500] {logging_mixin.py:190} INFO - [2025-03-27T15:03:24.135-0500] {dag.py:3239} INFO - Sync 1 DAGs
[2025-03-27T15:03:24.141-0500] {logging_mixin.py:190} INFO - [2025-03-27T15:03:24.141-0500] {dag.py:4180} INFO - Setting next_dagrun for example_dynamic_task_mapping_with_no_taskflow_operators to None, run_after=None
[2025-03-27T15:03:24.249-0500] {processor.py:208} INFO - Processing /home/udhbhav/miniconda3/lib/python3.11/site-packages/airflow/example_dags/example_dynamic_task_mapping_with_no_taskflow_operators.py took 0.129 seconds
[2025-03-27T15:04:36.266-0500] {processor.py:186} INFO - Started process (PID=1791624) to work on /home/udhbhav/miniconda3/lib/python3.11/site-packages/airflow/example_dags/example_dynamic_task_mapping_with_no_taskflow_operators.py
[2025-03-27T15:04:36.267-0500] {processor.py:914} INFO - Processing file /home/udhbhav/miniconda3/lib/python3.11/site-packages/airflow/example_dags/example_dynamic_task_mapping_with_no_taskflow_operators.py for tasks to queue
[2025-03-27T15:04:36.267-0500] {logging_mixin.py:190} INFO - [2025-03-27T15:04:36.267-0500] {dagbag.py:588} INFO - Filling up the DagBag from /home/udhbhav/miniconda3/lib/python3.11/site-packages/airflow/example_dags/example_dynamic_task_mapping_with_no_taskflow_operators.py
[2025-03-27T15:04:36.273-0500] {processor.py:925} INFO - DAG(s) 'example_dynamic_task_mapping_with_no_taskflow_operators' retrieved from /home/udhbhav/miniconda3/lib/python3.11/site-packages/airflow/example_dags/example_dynamic_task_mapping_with_no_taskflow_operators.py
[2025-03-27T15:04:36.280-0500] {logging_mixin.py:190} INFO - [2025-03-27T15:04:36.280-0500] {dag.py:3239} INFO - Sync 1 DAGs
[2025-03-27T15:04:36.285-0500] {logging_mixin.py:190} INFO - [2025-03-27T15:04:36.285-0500] {dag.py:4180} INFO - Setting next_dagrun for example_dynamic_task_mapping_with_no_taskflow_operators to None, run_after=None
[2025-03-27T15:04:36.739-0500] {processor.py:208} INFO - Processing /home/udhbhav/miniconda3/lib/python3.11/site-packages/airflow/example_dags/example_dynamic_task_mapping_with_no_taskflow_operators.py took 0.476 seconds
[2025-03-27T15:05:55.922-0500] {processor.py:186} INFO - Started process (PID=1792459) to work on /home/udhbhav/miniconda3/lib/python3.11/site-packages/airflow/example_dags/example_dynamic_task_mapping_with_no_taskflow_operators.py
[2025-03-27T15:05:55.923-0500] {processor.py:914} INFO - Processing file /home/udhbhav/miniconda3/lib/python3.11/site-packages/airflow/example_dags/example_dynamic_task_mapping_with_no_taskflow_operators.py for tasks to queue
[2025-03-27T15:05:55.923-0500] {logging_mixin.py:190} INFO - [2025-03-27T15:05:55.923-0500] {dagbag.py:588} INFO - Filling up the DagBag from /home/udhbhav/miniconda3/lib/python3.11/site-packages/airflow/example_dags/example_dynamic_task_mapping_with_no_taskflow_operators.py
[2025-03-27T15:05:55.928-0500] {processor.py:925} INFO - DAG(s) 'example_dynamic_task_mapping_with_no_taskflow_operators' retrieved from /home/udhbhav/miniconda3/lib/python3.11/site-packages/airflow/example_dags/example_dynamic_task_mapping_with_no_taskflow_operators.py
[2025-03-27T15:05:55.935-0500] {logging_mixin.py:190} INFO - [2025-03-27T15:05:55.935-0500] {dag.py:3239} INFO - Sync 1 DAGs
[2025-03-27T15:05:55.940-0500] {logging_mixin.py:190} INFO - [2025-03-27T15:05:55.940-0500] {dag.py:4180} INFO - Setting next_dagrun for example_dynamic_task_mapping_with_no_taskflow_operators to None, run_after=None
[2025-03-27T15:05:56.295-0500] {processor.py:208} INFO - Processing /home/udhbhav/miniconda3/lib/python3.11/site-packages/airflow/example_dags/example_dynamic_task_mapping_with_no_taskflow_operators.py took 0.375 seconds
[2025-03-27T15:06:49.996-0500] {processor.py:186} INFO - Started process (PID=1792968) to work on /home/udhbhav/miniconda3/lib/python3.11/site-packages/airflow/example_dags/example_dynamic_task_mapping_with_no_taskflow_operators.py
[2025-03-27T15:06:49.996-0500] {processor.py:914} INFO - Processing file /home/udhbhav/miniconda3/lib/python3.11/site-packages/airflow/example_dags/example_dynamic_task_mapping_with_no_taskflow_operators.py for tasks to queue
[2025-03-27T15:06:49.997-0500] {logging_mixin.py:190} INFO - [2025-03-27T15:06:49.997-0500] {dagbag.py:588} INFO - Filling up the DagBag from /home/udhbhav/miniconda3/lib/python3.11/site-packages/airflow/example_dags/example_dynamic_task_mapping_with_no_taskflow_operators.py
[2025-03-27T15:06:50.001-0500] {processor.py:925} INFO - DAG(s) 'example_dynamic_task_mapping_with_no_taskflow_operators' retrieved from /home/udhbhav/miniconda3/lib/python3.11/site-packages/airflow/example_dags/example_dynamic_task_mapping_with_no_taskflow_operators.py
[2025-03-27T15:06:50.008-0500] {logging_mixin.py:190} INFO - [2025-03-27T15:06:50.008-0500] {dag.py:3239} INFO - Sync 1 DAGs
[2025-03-27T15:06:50.013-0500] {logging_mixin.py:190} INFO - [2025-03-27T15:06:50.013-0500] {dag.py:4180} INFO - Setting next_dagrun for example_dynamic_task_mapping_with_no_taskflow_operators to None, run_after=None
[2025-03-27T15:06:50.168-0500] {processor.py:208} INFO - Processing /home/udhbhav/miniconda3/lib/python3.11/site-packages/airflow/example_dags/example_dynamic_task_mapping_with_no_taskflow_operators.py took 0.176 seconds
[2025-03-27T15:07:59.584-0500] {processor.py:186} INFO - Started process (PID=1793704) to work on /home/udhbhav/miniconda3/lib/python3.11/site-packages/airflow/example_dags/example_dynamic_task_mapping_with_no_taskflow_operators.py
[2025-03-27T15:07:59.584-0500] {processor.py:914} INFO - Processing file /home/udhbhav/miniconda3/lib/python3.11/site-packages/airflow/example_dags/example_dynamic_task_mapping_with_no_taskflow_operators.py for tasks to queue
[2025-03-27T15:07:59.585-0500] {logging_mixin.py:190} INFO - [2025-03-27T15:07:59.585-0500] {dagbag.py:588} INFO - Filling up the DagBag from /home/udhbhav/miniconda3/lib/python3.11/site-packages/airflow/example_dags/example_dynamic_task_mapping_with_no_taskflow_operators.py
[2025-03-27T15:07:59.589-0500] {processor.py:925} INFO - DAG(s) 'example_dynamic_task_mapping_with_no_taskflow_operators' retrieved from /home/udhbhav/miniconda3/lib/python3.11/site-packages/airflow/example_dags/example_dynamic_task_mapping_with_no_taskflow_operators.py
[2025-03-27T15:07:59.596-0500] {logging_mixin.py:190} INFO - [2025-03-27T15:07:59.596-0500] {dag.py:3239} INFO - Sync 1 DAGs
[2025-03-27T15:07:59.601-0500] {logging_mixin.py:190} INFO - [2025-03-27T15:07:59.601-0500] {dag.py:4180} INFO - Setting next_dagrun for example_dynamic_task_mapping_with_no_taskflow_operators to None, run_after=None
[2025-03-27T15:07:59.707-0500] {processor.py:208} INFO - Processing /home/udhbhav/miniconda3/lib/python3.11/site-packages/airflow/example_dags/example_dynamic_task_mapping_with_no_taskflow_operators.py took 0.126 seconds
[2025-03-27T15:09:01.111-0500] {processor.py:186} INFO - Started process (PID=1794305) to work on /home/udhbhav/miniconda3/lib/python3.11/site-packages/airflow/example_dags/example_dynamic_task_mapping_with_no_taskflow_operators.py
[2025-03-27T15:09:01.112-0500] {processor.py:914} INFO - Processing file /home/udhbhav/miniconda3/lib/python3.11/site-packages/airflow/example_dags/example_dynamic_task_mapping_with_no_taskflow_operators.py for tasks to queue
[2025-03-27T15:09:01.113-0500] {logging_mixin.py:190} INFO - [2025-03-27T15:09:01.112-0500] {dagbag.py:588} INFO - Filling up the DagBag from /home/udhbhav/miniconda3/lib/python3.11/site-packages/airflow/example_dags/example_dynamic_task_mapping_with_no_taskflow_operators.py
[2025-03-27T15:09:01.117-0500] {processor.py:925} INFO - DAG(s) 'example_dynamic_task_mapping_with_no_taskflow_operators' retrieved from /home/udhbhav/miniconda3/lib/python3.11/site-packages/airflow/example_dags/example_dynamic_task_mapping_with_no_taskflow_operators.py
[2025-03-27T15:09:01.124-0500] {logging_mixin.py:190} INFO - [2025-03-27T15:09:01.124-0500] {dag.py:3239} INFO - Sync 1 DAGs
[2025-03-27T15:09:01.129-0500] {logging_mixin.py:190} INFO - [2025-03-27T15:09:01.129-0500] {dag.py:4180} INFO - Setting next_dagrun for example_dynamic_task_mapping_with_no_taskflow_operators to None, run_after=None
[2025-03-27T15:09:01.235-0500] {processor.py:208} INFO - Processing /home/udhbhav/miniconda3/lib/python3.11/site-packages/airflow/example_dags/example_dynamic_task_mapping_with_no_taskflow_operators.py took 0.127 seconds
[2025-03-27T15:10:18.546-0500] {processor.py:186} INFO - Started process (PID=1794976) to work on /home/udhbhav/miniconda3/lib/python3.11/site-packages/airflow/example_dags/example_dynamic_task_mapping_with_no_taskflow_operators.py
[2025-03-27T15:10:18.546-0500] {processor.py:914} INFO - Processing file /home/udhbhav/miniconda3/lib/python3.11/site-packages/airflow/example_dags/example_dynamic_task_mapping_with_no_taskflow_operators.py for tasks to queue
[2025-03-27T15:10:18.548-0500] {logging_mixin.py:190} INFO - [2025-03-27T15:10:18.548-0500] {dagbag.py:588} INFO - Filling up the DagBag from /home/udhbhav/miniconda3/lib/python3.11/site-packages/airflow/example_dags/example_dynamic_task_mapping_with_no_taskflow_operators.py
[2025-03-27T15:10:18.552-0500] {processor.py:925} INFO - DAG(s) 'example_dynamic_task_mapping_with_no_taskflow_operators' retrieved from /home/udhbhav/miniconda3/lib/python3.11/site-packages/airflow/example_dags/example_dynamic_task_mapping_with_no_taskflow_operators.py
[2025-03-27T15:10:18.559-0500] {logging_mixin.py:190} INFO - [2025-03-27T15:10:18.559-0500] {dag.py:3239} INFO - Sync 1 DAGs
[2025-03-27T15:10:18.564-0500] {logging_mixin.py:190} INFO - [2025-03-27T15:10:18.564-0500] {dag.py:4180} INFO - Setting next_dagrun for example_dynamic_task_mapping_with_no_taskflow_operators to None, run_after=None
[2025-03-27T15:10:18.671-0500] {processor.py:208} INFO - Processing /home/udhbhav/miniconda3/lib/python3.11/site-packages/airflow/example_dags/example_dynamic_task_mapping_with_no_taskflow_operators.py took 0.128 seconds
[2025-03-27T15:11:23.711-0500] {processor.py:186} INFO - Started process (PID=1795653) to work on /home/udhbhav/miniconda3/lib/python3.11/site-packages/airflow/example_dags/example_dynamic_task_mapping_with_no_taskflow_operators.py
[2025-03-27T15:11:23.712-0500] {processor.py:914} INFO - Processing file /home/udhbhav/miniconda3/lib/python3.11/site-packages/airflow/example_dags/example_dynamic_task_mapping_with_no_taskflow_operators.py for tasks to queue
[2025-03-27T15:11:23.713-0500] {logging_mixin.py:190} INFO - [2025-03-27T15:11:23.712-0500] {dagbag.py:588} INFO - Filling up the DagBag from /home/udhbhav/miniconda3/lib/python3.11/site-packages/airflow/example_dags/example_dynamic_task_mapping_with_no_taskflow_operators.py
[2025-03-27T15:11:23.717-0500] {processor.py:925} INFO - DAG(s) 'example_dynamic_task_mapping_with_no_taskflow_operators' retrieved from /home/udhbhav/miniconda3/lib/python3.11/site-packages/airflow/example_dags/example_dynamic_task_mapping_with_no_taskflow_operators.py
[2025-03-27T15:11:23.724-0500] {logging_mixin.py:190} INFO - [2025-03-27T15:11:23.724-0500] {dag.py:3239} INFO - Sync 1 DAGs
[2025-03-27T15:11:23.729-0500] {logging_mixin.py:190} INFO - [2025-03-27T15:11:23.729-0500] {dag.py:4180} INFO - Setting next_dagrun for example_dynamic_task_mapping_with_no_taskflow_operators to None, run_after=None
[2025-03-27T15:11:23.836-0500] {processor.py:208} INFO - Processing /home/udhbhav/miniconda3/lib/python3.11/site-packages/airflow/example_dags/example_dynamic_task_mapping_with_no_taskflow_operators.py took 0.128 seconds
[2025-03-27T15:12:32.331-0500] {processor.py:186} INFO - Started process (PID=1797918) to work on /home/udhbhav/miniconda3/lib/python3.11/site-packages/airflow/example_dags/example_dynamic_task_mapping_with_no_taskflow_operators.py
[2025-03-27T15:12:32.332-0500] {processor.py:914} INFO - Processing file /home/udhbhav/miniconda3/lib/python3.11/site-packages/airflow/example_dags/example_dynamic_task_mapping_with_no_taskflow_operators.py for tasks to queue
[2025-03-27T15:12:32.333-0500] {logging_mixin.py:190} INFO - [2025-03-27T15:12:32.333-0500] {dagbag.py:588} INFO - Filling up the DagBag from /home/udhbhav/miniconda3/lib/python3.11/site-packages/airflow/example_dags/example_dynamic_task_mapping_with_no_taskflow_operators.py
[2025-03-27T15:12:32.337-0500] {processor.py:925} INFO - DAG(s) 'example_dynamic_task_mapping_with_no_taskflow_operators' retrieved from /home/udhbhav/miniconda3/lib/python3.11/site-packages/airflow/example_dags/example_dynamic_task_mapping_with_no_taskflow_operators.py
[2025-03-27T15:12:32.344-0500] {logging_mixin.py:190} INFO - [2025-03-27T15:12:32.344-0500] {dag.py:3239} INFO - Sync 1 DAGs
[2025-03-27T15:12:32.349-0500] {logging_mixin.py:190} INFO - [2025-03-27T15:12:32.349-0500] {dag.py:4180} INFO - Setting next_dagrun for example_dynamic_task_mapping_with_no_taskflow_operators to None, run_after=None
[2025-03-27T15:12:32.665-0500] {processor.py:208} INFO - Processing /home/udhbhav/miniconda3/lib/python3.11/site-packages/airflow/example_dags/example_dynamic_task_mapping_with_no_taskflow_operators.py took 0.336 seconds
[2025-03-27T15:13:52.460-0500] {processor.py:186} INFO - Started process (PID=1798804) to work on /home/udhbhav/miniconda3/lib/python3.11/site-packages/airflow/example_dags/example_dynamic_task_mapping_with_no_taskflow_operators.py
[2025-03-27T15:13:52.460-0500] {processor.py:914} INFO - Processing file /home/udhbhav/miniconda3/lib/python3.11/site-packages/airflow/example_dags/example_dynamic_task_mapping_with_no_taskflow_operators.py for tasks to queue
[2025-03-27T15:13:52.461-0500] {logging_mixin.py:190} INFO - [2025-03-27T15:13:52.461-0500] {dagbag.py:588} INFO - Filling up the DagBag from /home/udhbhav/miniconda3/lib/python3.11/site-packages/airflow/example_dags/example_dynamic_task_mapping_with_no_taskflow_operators.py
[2025-03-27T15:13:52.465-0500] {processor.py:925} INFO - DAG(s) 'example_dynamic_task_mapping_with_no_taskflow_operators' retrieved from /home/udhbhav/miniconda3/lib/python3.11/site-packages/airflow/example_dags/example_dynamic_task_mapping_with_no_taskflow_operators.py
[2025-03-27T15:13:52.472-0500] {logging_mixin.py:190} INFO - [2025-03-27T15:13:52.472-0500] {dag.py:3239} INFO - Sync 1 DAGs
[2025-03-27T15:13:52.477-0500] {logging_mixin.py:190} INFO - [2025-03-27T15:13:52.477-0500] {dag.py:4180} INFO - Setting next_dagrun for example_dynamic_task_mapping_with_no_taskflow_operators to None, run_after=None
[2025-03-27T15:13:52.715-0500] {processor.py:208} INFO - Processing /home/udhbhav/miniconda3/lib/python3.11/site-packages/airflow/example_dags/example_dynamic_task_mapping_with_no_taskflow_operators.py took 0.259 seconds
[2025-03-27T15:15:12.138-0500] {processor.py:186} INFO - Started process (PID=1799497) to work on /home/udhbhav/miniconda3/lib/python3.11/site-packages/airflow/example_dags/example_dynamic_task_mapping_with_no_taskflow_operators.py
[2025-03-27T15:15:12.139-0500] {processor.py:914} INFO - Processing file /home/udhbhav/miniconda3/lib/python3.11/site-packages/airflow/example_dags/example_dynamic_task_mapping_with_no_taskflow_operators.py for tasks to queue
[2025-03-27T15:15:12.139-0500] {logging_mixin.py:190} INFO - [2025-03-27T15:15:12.139-0500] {dagbag.py:588} INFO - Filling up the DagBag from /home/udhbhav/miniconda3/lib/python3.11/site-packages/airflow/example_dags/example_dynamic_task_mapping_with_no_taskflow_operators.py
[2025-03-27T15:15:12.144-0500] {processor.py:925} INFO - DAG(s) 'example_dynamic_task_mapping_with_no_taskflow_operators' retrieved from /home/udhbhav/miniconda3/lib/python3.11/site-packages/airflow/example_dags/example_dynamic_task_mapping_with_no_taskflow_operators.py
[2025-03-27T15:15:12.151-0500] {logging_mixin.py:190} INFO - [2025-03-27T15:15:12.151-0500] {dag.py:3239} INFO - Sync 1 DAGs
[2025-03-27T15:15:12.156-0500] {logging_mixin.py:190} INFO - [2025-03-27T15:15:12.156-0500] {dag.py:4180} INFO - Setting next_dagrun for example_dynamic_task_mapping_with_no_taskflow_operators to None, run_after=None
[2025-03-27T15:15:12.315-0500] {processor.py:208} INFO - Processing /home/udhbhav/miniconda3/lib/python3.11/site-packages/airflow/example_dags/example_dynamic_task_mapping_with_no_taskflow_operators.py took 0.180 seconds
[2025-03-27T15:16:34.642-0500] {processor.py:186} INFO - Started process (PID=1800321) to work on /home/udhbhav/miniconda3/lib/python3.11/site-packages/airflow/example_dags/example_dynamic_task_mapping_with_no_taskflow_operators.py
[2025-03-27T15:16:34.642-0500] {processor.py:914} INFO - Processing file /home/udhbhav/miniconda3/lib/python3.11/site-packages/airflow/example_dags/example_dynamic_task_mapping_with_no_taskflow_operators.py for tasks to queue
[2025-03-27T15:16:34.643-0500] {logging_mixin.py:190} INFO - [2025-03-27T15:16:34.643-0500] {dagbag.py:588} INFO - Filling up the DagBag from /home/udhbhav/miniconda3/lib/python3.11/site-packages/airflow/example_dags/example_dynamic_task_mapping_with_no_taskflow_operators.py
[2025-03-27T15:16:34.648-0500] {processor.py:925} INFO - DAG(s) 'example_dynamic_task_mapping_with_no_taskflow_operators' retrieved from /home/udhbhav/miniconda3/lib/python3.11/site-packages/airflow/example_dags/example_dynamic_task_mapping_with_no_taskflow_operators.py
[2025-03-27T15:16:34.654-0500] {logging_mixin.py:190} INFO - [2025-03-27T15:16:34.654-0500] {dag.py:3239} INFO - Sync 1 DAGs
[2025-03-27T15:16:34.660-0500] {logging_mixin.py:190} INFO - [2025-03-27T15:16:34.660-0500] {dag.py:4180} INFO - Setting next_dagrun for example_dynamic_task_mapping_with_no_taskflow_operators to None, run_after=None
[2025-03-27T15:16:34.768-0500] {processor.py:208} INFO - Processing /home/udhbhav/miniconda3/lib/python3.11/site-packages/airflow/example_dags/example_dynamic_task_mapping_with_no_taskflow_operators.py took 0.129 seconds
[2025-03-27T15:17:43.380-0500] {processor.py:186} INFO - Started process (PID=1801061) to work on /home/udhbhav/miniconda3/lib/python3.11/site-packages/airflow/example_dags/example_dynamic_task_mapping_with_no_taskflow_operators.py
[2025-03-27T15:17:43.380-0500] {processor.py:914} INFO - Processing file /home/udhbhav/miniconda3/lib/python3.11/site-packages/airflow/example_dags/example_dynamic_task_mapping_with_no_taskflow_operators.py for tasks to queue
[2025-03-27T15:17:43.381-0500] {logging_mixin.py:190} INFO - [2025-03-27T15:17:43.381-0500] {dagbag.py:588} INFO - Filling up the DagBag from /home/udhbhav/miniconda3/lib/python3.11/site-packages/airflow/example_dags/example_dynamic_task_mapping_with_no_taskflow_operators.py
[2025-03-27T15:17:43.385-0500] {processor.py:925} INFO - DAG(s) 'example_dynamic_task_mapping_with_no_taskflow_operators' retrieved from /home/udhbhav/miniconda3/lib/python3.11/site-packages/airflow/example_dags/example_dynamic_task_mapping_with_no_taskflow_operators.py
[2025-03-27T15:17:43.392-0500] {logging_mixin.py:190} INFO - [2025-03-27T15:17:43.392-0500] {dag.py:3239} INFO - Sync 1 DAGs
[2025-03-27T15:17:43.397-0500] {logging_mixin.py:190} INFO - [2025-03-27T15:17:43.397-0500] {dag.py:4180} INFO - Setting next_dagrun for example_dynamic_task_mapping_with_no_taskflow_operators to None, run_after=None
[2025-03-27T15:17:43.505-0500] {processor.py:208} INFO - Processing /home/udhbhav/miniconda3/lib/python3.11/site-packages/airflow/example_dags/example_dynamic_task_mapping_with_no_taskflow_operators.py took 0.128 seconds
[2025-03-27T15:18:49.644-0500] {processor.py:186} INFO - Started process (PID=1801700) to work on /home/udhbhav/miniconda3/lib/python3.11/site-packages/airflow/example_dags/example_dynamic_task_mapping_with_no_taskflow_operators.py
[2025-03-27T15:18:49.644-0500] {processor.py:914} INFO - Processing file /home/udhbhav/miniconda3/lib/python3.11/site-packages/airflow/example_dags/example_dynamic_task_mapping_with_no_taskflow_operators.py for tasks to queue
[2025-03-27T15:18:49.645-0500] {logging_mixin.py:190} INFO - [2025-03-27T15:18:49.645-0500] {dagbag.py:588} INFO - Filling up the DagBag from /home/udhbhav/miniconda3/lib/python3.11/site-packages/airflow/example_dags/example_dynamic_task_mapping_with_no_taskflow_operators.py
[2025-03-27T15:18:49.649-0500] {processor.py:925} INFO - DAG(s) 'example_dynamic_task_mapping_with_no_taskflow_operators' retrieved from /home/udhbhav/miniconda3/lib/python3.11/site-packages/airflow/example_dags/example_dynamic_task_mapping_with_no_taskflow_operators.py
[2025-03-27T15:18:49.656-0500] {logging_mixin.py:190} INFO - [2025-03-27T15:18:49.656-0500] {dag.py:3239} INFO - Sync 1 DAGs
[2025-03-27T15:18:49.661-0500] {logging_mixin.py:190} INFO - [2025-03-27T15:18:49.661-0500] {dag.py:4180} INFO - Setting next_dagrun for example_dynamic_task_mapping_with_no_taskflow_operators to None, run_after=None
[2025-03-27T15:18:49.767-0500] {processor.py:208} INFO - Processing /home/udhbhav/miniconda3/lib/python3.11/site-packages/airflow/example_dags/example_dynamic_task_mapping_with_no_taskflow_operators.py took 0.127 seconds
[2025-03-27T15:20:01.456-0500] {processor.py:186} INFO - Started process (PID=1802419) to work on /home/udhbhav/miniconda3/lib/python3.11/site-packages/airflow/example_dags/example_dynamic_task_mapping_with_no_taskflow_operators.py
[2025-03-27T15:20:01.457-0500] {processor.py:914} INFO - Processing file /home/udhbhav/miniconda3/lib/python3.11/site-packages/airflow/example_dags/example_dynamic_task_mapping_with_no_taskflow_operators.py for tasks to queue
[2025-03-27T15:20:01.458-0500] {logging_mixin.py:190} INFO - [2025-03-27T15:20:01.458-0500] {dagbag.py:588} INFO - Filling up the DagBag from /home/udhbhav/miniconda3/lib/python3.11/site-packages/airflow/example_dags/example_dynamic_task_mapping_with_no_taskflow_operators.py
[2025-03-27T15:20:01.462-0500] {processor.py:925} INFO - DAG(s) 'example_dynamic_task_mapping_with_no_taskflow_operators' retrieved from /home/udhbhav/miniconda3/lib/python3.11/site-packages/airflow/example_dags/example_dynamic_task_mapping_with_no_taskflow_operators.py
[2025-03-27T15:20:01.469-0500] {logging_mixin.py:190} INFO - [2025-03-27T15:20:01.469-0500] {dag.py:3239} INFO - Sync 1 DAGs
[2025-03-27T15:20:01.475-0500] {logging_mixin.py:190} INFO - [2025-03-27T15:20:01.474-0500] {dag.py:4180} INFO - Setting next_dagrun for example_dynamic_task_mapping_with_no_taskflow_operators to None, run_after=None
[2025-03-27T15:20:01.598-0500] {processor.py:208} INFO - Processing /home/udhbhav/miniconda3/lib/python3.11/site-packages/airflow/example_dags/example_dynamic_task_mapping_with_no_taskflow_operators.py took 0.145 seconds
[2025-03-27T15:21:06.391-0500] {processor.py:186} INFO - Started process (PID=1806838) to work on /home/udhbhav/miniconda3/lib/python3.11/site-packages/airflow/example_dags/example_dynamic_task_mapping_with_no_taskflow_operators.py
[2025-03-27T15:21:06.391-0500] {processor.py:914} INFO - Processing file /home/udhbhav/miniconda3/lib/python3.11/site-packages/airflow/example_dags/example_dynamic_task_mapping_with_no_taskflow_operators.py for tasks to queue
[2025-03-27T15:21:06.393-0500] {logging_mixin.py:190} INFO - [2025-03-27T15:21:06.392-0500] {dagbag.py:588} INFO - Filling up the DagBag from /home/udhbhav/miniconda3/lib/python3.11/site-packages/airflow/example_dags/example_dynamic_task_mapping_with_no_taskflow_operators.py
[2025-03-27T15:21:06.397-0500] {processor.py:925} INFO - DAG(s) 'example_dynamic_task_mapping_with_no_taskflow_operators' retrieved from /home/udhbhav/miniconda3/lib/python3.11/site-packages/airflow/example_dags/example_dynamic_task_mapping_with_no_taskflow_operators.py
[2025-03-27T15:21:06.406-0500] {logging_mixin.py:190} INFO - [2025-03-27T15:21:06.405-0500] {dag.py:3239} INFO - Sync 1 DAGs
[2025-03-27T15:21:06.411-0500] {logging_mixin.py:190} INFO - [2025-03-27T15:21:06.411-0500] {dag.py:4180} INFO - Setting next_dagrun for example_dynamic_task_mapping_with_no_taskflow_operators to None, run_after=None
[2025-03-27T15:21:06.519-0500] {processor.py:208} INFO - Processing /home/udhbhav/miniconda3/lib/python3.11/site-packages/airflow/example_dags/example_dynamic_task_mapping_with_no_taskflow_operators.py took 0.132 seconds
[2025-03-27T15:22:19.194-0500] {processor.py:186} INFO - Started process (PID=1808584) to work on /home/udhbhav/miniconda3/lib/python3.11/site-packages/airflow/example_dags/example_dynamic_task_mapping_with_no_taskflow_operators.py
[2025-03-27T15:22:19.194-0500] {processor.py:914} INFO - Processing file /home/udhbhav/miniconda3/lib/python3.11/site-packages/airflow/example_dags/example_dynamic_task_mapping_with_no_taskflow_operators.py for tasks to queue
[2025-03-27T15:22:19.195-0500] {logging_mixin.py:190} INFO - [2025-03-27T15:22:19.195-0500] {dagbag.py:588} INFO - Filling up the DagBag from /home/udhbhav/miniconda3/lib/python3.11/site-packages/airflow/example_dags/example_dynamic_task_mapping_with_no_taskflow_operators.py
[2025-03-27T15:22:19.199-0500] {processor.py:925} INFO - DAG(s) 'example_dynamic_task_mapping_with_no_taskflow_operators' retrieved from /home/udhbhav/miniconda3/lib/python3.11/site-packages/airflow/example_dags/example_dynamic_task_mapping_with_no_taskflow_operators.py
[2025-03-27T15:22:19.206-0500] {logging_mixin.py:190} INFO - [2025-03-27T15:22:19.206-0500] {dag.py:3239} INFO - Sync 1 DAGs
[2025-03-27T15:22:19.211-0500] {logging_mixin.py:190} INFO - [2025-03-27T15:22:19.211-0500] {dag.py:4180} INFO - Setting next_dagrun for example_dynamic_task_mapping_with_no_taskflow_operators to None, run_after=None
[2025-03-27T15:22:19.422-0500] {processor.py:208} INFO - Processing /home/udhbhav/miniconda3/lib/python3.11/site-packages/airflow/example_dags/example_dynamic_task_mapping_with_no_taskflow_operators.py took 0.231 seconds
[2025-03-27T15:23:37.047-0500] {processor.py:186} INFO - Started process (PID=1809357) to work on /home/udhbhav/miniconda3/lib/python3.11/site-packages/airflow/example_dags/example_dynamic_task_mapping_with_no_taskflow_operators.py
[2025-03-27T15:23:37.047-0500] {processor.py:914} INFO - Processing file /home/udhbhav/miniconda3/lib/python3.11/site-packages/airflow/example_dags/example_dynamic_task_mapping_with_no_taskflow_operators.py for tasks to queue
[2025-03-27T15:23:37.048-0500] {logging_mixin.py:190} INFO - [2025-03-27T15:23:37.048-0500] {dagbag.py:588} INFO - Filling up the DagBag from /home/udhbhav/miniconda3/lib/python3.11/site-packages/airflow/example_dags/example_dynamic_task_mapping_with_no_taskflow_operators.py
[2025-03-27T15:23:37.052-0500] {processor.py:925} INFO - DAG(s) 'example_dynamic_task_mapping_with_no_taskflow_operators' retrieved from /home/udhbhav/miniconda3/lib/python3.11/site-packages/airflow/example_dags/example_dynamic_task_mapping_with_no_taskflow_operators.py
[2025-03-27T15:23:37.059-0500] {logging_mixin.py:190} INFO - [2025-03-27T15:23:37.059-0500] {dag.py:3239} INFO - Sync 1 DAGs
[2025-03-27T15:23:37.064-0500] {logging_mixin.py:190} INFO - [2025-03-27T15:23:37.064-0500] {dag.py:4180} INFO - Setting next_dagrun for example_dynamic_task_mapping_with_no_taskflow_operators to None, run_after=None
[2025-03-27T15:23:37.188-0500] {processor.py:208} INFO - Processing /home/udhbhav/miniconda3/lib/python3.11/site-packages/airflow/example_dags/example_dynamic_task_mapping_with_no_taskflow_operators.py took 0.144 seconds
[2025-03-27T15:24:45.964-0500] {processor.py:186} INFO - Started process (PID=1810205) to work on /home/udhbhav/miniconda3/lib/python3.11/site-packages/airflow/example_dags/example_dynamic_task_mapping_with_no_taskflow_operators.py
[2025-03-27T15:24:45.965-0500] {processor.py:914} INFO - Processing file /home/udhbhav/miniconda3/lib/python3.11/site-packages/airflow/example_dags/example_dynamic_task_mapping_with_no_taskflow_operators.py for tasks to queue
[2025-03-27T15:24:45.966-0500] {logging_mixin.py:190} INFO - [2025-03-27T15:24:45.965-0500] {dagbag.py:588} INFO - Filling up the DagBag from /home/udhbhav/miniconda3/lib/python3.11/site-packages/airflow/example_dags/example_dynamic_task_mapping_with_no_taskflow_operators.py
[2025-03-27T15:24:45.970-0500] {processor.py:925} INFO - DAG(s) 'example_dynamic_task_mapping_with_no_taskflow_operators' retrieved from /home/udhbhav/miniconda3/lib/python3.11/site-packages/airflow/example_dags/example_dynamic_task_mapping_with_no_taskflow_operators.py
[2025-03-27T15:24:45.977-0500] {logging_mixin.py:190} INFO - [2025-03-27T15:24:45.977-0500] {dag.py:3239} INFO - Sync 1 DAGs
[2025-03-27T15:24:45.982-0500] {logging_mixin.py:190} INFO - [2025-03-27T15:24:45.982-0500] {dag.py:4180} INFO - Setting next_dagrun for example_dynamic_task_mapping_with_no_taskflow_operators to None, run_after=None
[2025-03-27T15:24:46.141-0500] {processor.py:208} INFO - Processing /home/udhbhav/miniconda3/lib/python3.11/site-packages/airflow/example_dags/example_dynamic_task_mapping_with_no_taskflow_operators.py took 0.179 seconds
[2025-03-27T15:26:18.456-0500] {processor.py:186} INFO - Started process (PID=1811042) to work on /home/udhbhav/miniconda3/lib/python3.11/site-packages/airflow/example_dags/example_dynamic_task_mapping_with_no_taskflow_operators.py
[2025-03-27T15:26:18.456-0500] {processor.py:914} INFO - Processing file /home/udhbhav/miniconda3/lib/python3.11/site-packages/airflow/example_dags/example_dynamic_task_mapping_with_no_taskflow_operators.py for tasks to queue
[2025-03-27T15:26:18.457-0500] {logging_mixin.py:190} INFO - [2025-03-27T15:26:18.457-0500] {dagbag.py:588} INFO - Filling up the DagBag from /home/udhbhav/miniconda3/lib/python3.11/site-packages/airflow/example_dags/example_dynamic_task_mapping_with_no_taskflow_operators.py
[2025-03-27T15:26:18.461-0500] {processor.py:925} INFO - DAG(s) 'example_dynamic_task_mapping_with_no_taskflow_operators' retrieved from /home/udhbhav/miniconda3/lib/python3.11/site-packages/airflow/example_dags/example_dynamic_task_mapping_with_no_taskflow_operators.py
[2025-03-27T15:26:18.469-0500] {logging_mixin.py:190} INFO - [2025-03-27T15:26:18.468-0500] {dag.py:3239} INFO - Sync 1 DAGs
[2025-03-27T15:26:18.474-0500] {logging_mixin.py:190} INFO - [2025-03-27T15:26:18.474-0500] {dag.py:4180} INFO - Setting next_dagrun for example_dynamic_task_mapping_with_no_taskflow_operators to None, run_after=None
[2025-03-27T15:26:18.699-0500] {processor.py:208} INFO - Processing /home/udhbhav/miniconda3/lib/python3.11/site-packages/airflow/example_dags/example_dynamic_task_mapping_with_no_taskflow_operators.py took 0.246 seconds
[2025-03-27T15:27:34.867-0500] {processor.py:186} INFO - Started process (PID=1811760) to work on /home/udhbhav/miniconda3/lib/python3.11/site-packages/airflow/example_dags/example_dynamic_task_mapping_with_no_taskflow_operators.py
[2025-03-27T15:27:34.868-0500] {processor.py:914} INFO - Processing file /home/udhbhav/miniconda3/lib/python3.11/site-packages/airflow/example_dags/example_dynamic_task_mapping_with_no_taskflow_operators.py for tasks to queue
[2025-03-27T15:27:34.869-0500] {logging_mixin.py:190} INFO - [2025-03-27T15:27:34.869-0500] {dagbag.py:588} INFO - Filling up the DagBag from /home/udhbhav/miniconda3/lib/python3.11/site-packages/airflow/example_dags/example_dynamic_task_mapping_with_no_taskflow_operators.py
[2025-03-27T15:27:34.874-0500] {processor.py:925} INFO - DAG(s) 'example_dynamic_task_mapping_with_no_taskflow_operators' retrieved from /home/udhbhav/miniconda3/lib/python3.11/site-packages/airflow/example_dags/example_dynamic_task_mapping_with_no_taskflow_operators.py
[2025-03-27T15:27:34.881-0500] {logging_mixin.py:190} INFO - [2025-03-27T15:27:34.880-0500] {dag.py:3239} INFO - Sync 1 DAGs
[2025-03-27T15:27:34.886-0500] {logging_mixin.py:190} INFO - [2025-03-27T15:27:34.886-0500] {dag.py:4180} INFO - Setting next_dagrun for example_dynamic_task_mapping_with_no_taskflow_operators to None, run_after=None
[2025-03-27T15:27:34.992-0500] {processor.py:208} INFO - Processing /home/udhbhav/miniconda3/lib/python3.11/site-packages/airflow/example_dags/example_dynamic_task_mapping_with_no_taskflow_operators.py took 0.128 seconds
[2025-03-27T15:29:10.290-0500] {processor.py:186} INFO - Started process (PID=1812659) to work on /home/udhbhav/miniconda3/lib/python3.11/site-packages/airflow/example_dags/example_dynamic_task_mapping_with_no_taskflow_operators.py
[2025-03-27T15:29:10.291-0500] {processor.py:914} INFO - Processing file /home/udhbhav/miniconda3/lib/python3.11/site-packages/airflow/example_dags/example_dynamic_task_mapping_with_no_taskflow_operators.py for tasks to queue
[2025-03-27T15:29:10.292-0500] {logging_mixin.py:190} INFO - [2025-03-27T15:29:10.292-0500] {dagbag.py:588} INFO - Filling up the DagBag from /home/udhbhav/miniconda3/lib/python3.11/site-packages/airflow/example_dags/example_dynamic_task_mapping_with_no_taskflow_operators.py
[2025-03-27T15:29:10.296-0500] {processor.py:925} INFO - DAG(s) 'example_dynamic_task_mapping_with_no_taskflow_operators' retrieved from /home/udhbhav/miniconda3/lib/python3.11/site-packages/airflow/example_dags/example_dynamic_task_mapping_with_no_taskflow_operators.py
[2025-03-27T15:29:10.303-0500] {logging_mixin.py:190} INFO - [2025-03-27T15:29:10.303-0500] {dag.py:3239} INFO - Sync 1 DAGs
[2025-03-27T15:29:10.308-0500] {logging_mixin.py:190} INFO - [2025-03-27T15:29:10.308-0500] {dag.py:4180} INFO - Setting next_dagrun for example_dynamic_task_mapping_with_no_taskflow_operators to None, run_after=None
[2025-03-27T15:29:11.129-0500] {processor.py:208} INFO - Processing /home/udhbhav/miniconda3/lib/python3.11/site-packages/airflow/example_dags/example_dynamic_task_mapping_with_no_taskflow_operators.py took 0.842 seconds
[2025-03-27T15:30:04.275-0500] {processor.py:186} INFO - Started process (PID=1813211) to work on /home/udhbhav/miniconda3/lib/python3.11/site-packages/airflow/example_dags/example_dynamic_task_mapping_with_no_taskflow_operators.py
[2025-03-27T15:30:04.276-0500] {processor.py:914} INFO - Processing file /home/udhbhav/miniconda3/lib/python3.11/site-packages/airflow/example_dags/example_dynamic_task_mapping_with_no_taskflow_operators.py for tasks to queue
[2025-03-27T15:30:04.277-0500] {logging_mixin.py:190} INFO - [2025-03-27T15:30:04.276-0500] {dagbag.py:588} INFO - Filling up the DagBag from /home/udhbhav/miniconda3/lib/python3.11/site-packages/airflow/example_dags/example_dynamic_task_mapping_with_no_taskflow_operators.py
[2025-03-27T15:30:04.281-0500] {processor.py:925} INFO - DAG(s) 'example_dynamic_task_mapping_with_no_taskflow_operators' retrieved from /home/udhbhav/miniconda3/lib/python3.11/site-packages/airflow/example_dags/example_dynamic_task_mapping_with_no_taskflow_operators.py
[2025-03-27T15:30:04.288-0500] {logging_mixin.py:190} INFO - [2025-03-27T15:30:04.288-0500] {dag.py:3239} INFO - Sync 1 DAGs
[2025-03-27T15:30:04.293-0500] {logging_mixin.py:190} INFO - [2025-03-27T15:30:04.293-0500] {dag.py:4180} INFO - Setting next_dagrun for example_dynamic_task_mapping_with_no_taskflow_operators to None, run_after=None
[2025-03-27T15:30:05.272-0500] {processor.py:208} INFO - Processing /home/udhbhav/miniconda3/lib/python3.11/site-packages/airflow/example_dags/example_dynamic_task_mapping_with_no_taskflow_operators.py took 1.000 seconds
[2025-03-27T15:31:01.067-0500] {processor.py:186} INFO - Started process (PID=1813708) to work on /home/udhbhav/miniconda3/lib/python3.11/site-packages/airflow/example_dags/example_dynamic_task_mapping_with_no_taskflow_operators.py
[2025-03-27T15:31:01.068-0500] {processor.py:914} INFO - Processing file /home/udhbhav/miniconda3/lib/python3.11/site-packages/airflow/example_dags/example_dynamic_task_mapping_with_no_taskflow_operators.py for tasks to queue
[2025-03-27T15:31:01.069-0500] {logging_mixin.py:190} INFO - [2025-03-27T15:31:01.069-0500] {dagbag.py:588} INFO - Filling up the DagBag from /home/udhbhav/miniconda3/lib/python3.11/site-packages/airflow/example_dags/example_dynamic_task_mapping_with_no_taskflow_operators.py
[2025-03-27T15:31:01.073-0500] {processor.py:925} INFO - DAG(s) 'example_dynamic_task_mapping_with_no_taskflow_operators' retrieved from /home/udhbhav/miniconda3/lib/python3.11/site-packages/airflow/example_dags/example_dynamic_task_mapping_with_no_taskflow_operators.py
[2025-03-27T15:31:01.080-0500] {logging_mixin.py:190} INFO - [2025-03-27T15:31:01.080-0500] {dag.py:3239} INFO - Sync 1 DAGs
[2025-03-27T15:31:01.085-0500] {logging_mixin.py:190} INFO - [2025-03-27T15:31:01.085-0500] {dag.py:4180} INFO - Setting next_dagrun for example_dynamic_task_mapping_with_no_taskflow_operators to None, run_after=None
[2025-03-27T15:31:02.484-0500] {processor.py:208} INFO - Processing /home/udhbhav/miniconda3/lib/python3.11/site-packages/airflow/example_dags/example_dynamic_task_mapping_with_no_taskflow_operators.py took 1.420 seconds
[2025-03-27T15:31:55.354-0500] {processor.py:186} INFO - Started process (PID=1814299) to work on /home/udhbhav/miniconda3/lib/python3.11/site-packages/airflow/example_dags/example_dynamic_task_mapping_with_no_taskflow_operators.py
[2025-03-27T15:31:55.354-0500] {processor.py:914} INFO - Processing file /home/udhbhav/miniconda3/lib/python3.11/site-packages/airflow/example_dags/example_dynamic_task_mapping_with_no_taskflow_operators.py for tasks to queue
[2025-03-27T15:31:55.355-0500] {logging_mixin.py:190} INFO - [2025-03-27T15:31:55.355-0500] {dagbag.py:588} INFO - Filling up the DagBag from /home/udhbhav/miniconda3/lib/python3.11/site-packages/airflow/example_dags/example_dynamic_task_mapping_with_no_taskflow_operators.py
[2025-03-27T15:31:55.359-0500] {processor.py:925} INFO - DAG(s) 'example_dynamic_task_mapping_with_no_taskflow_operators' retrieved from /home/udhbhav/miniconda3/lib/python3.11/site-packages/airflow/example_dags/example_dynamic_task_mapping_with_no_taskflow_operators.py
[2025-03-27T15:31:55.366-0500] {logging_mixin.py:190} INFO - [2025-03-27T15:31:55.366-0500] {dag.py:3239} INFO - Sync 1 DAGs
[2025-03-27T15:31:55.371-0500] {logging_mixin.py:190} INFO - [2025-03-27T15:31:55.371-0500] {dag.py:4180} INFO - Setting next_dagrun for example_dynamic_task_mapping_with_no_taskflow_operators to None, run_after=None
[2025-03-27T15:31:55.478-0500] {processor.py:208} INFO - Processing /home/udhbhav/miniconda3/lib/python3.11/site-packages/airflow/example_dags/example_dynamic_task_mapping_with_no_taskflow_operators.py took 0.127 seconds
[2025-03-27T15:33:08.043-0500] {processor.py:186} INFO - Started process (PID=1814897) to work on /home/udhbhav/miniconda3/lib/python3.11/site-packages/airflow/example_dags/example_dynamic_task_mapping_with_no_taskflow_operators.py
[2025-03-27T15:33:08.043-0500] {processor.py:914} INFO - Processing file /home/udhbhav/miniconda3/lib/python3.11/site-packages/airflow/example_dags/example_dynamic_task_mapping_with_no_taskflow_operators.py for tasks to queue
[2025-03-27T15:33:08.044-0500] {logging_mixin.py:190} INFO - [2025-03-27T15:33:08.044-0500] {dagbag.py:588} INFO - Filling up the DagBag from /home/udhbhav/miniconda3/lib/python3.11/site-packages/airflow/example_dags/example_dynamic_task_mapping_with_no_taskflow_operators.py
[2025-03-27T15:33:08.048-0500] {processor.py:925} INFO - DAG(s) 'example_dynamic_task_mapping_with_no_taskflow_operators' retrieved from /home/udhbhav/miniconda3/lib/python3.11/site-packages/airflow/example_dags/example_dynamic_task_mapping_with_no_taskflow_operators.py
[2025-03-27T15:33:08.055-0500] {logging_mixin.py:190} INFO - [2025-03-27T15:33:08.055-0500] {dag.py:3239} INFO - Sync 1 DAGs
[2025-03-27T15:33:08.060-0500] {logging_mixin.py:190} INFO - [2025-03-27T15:33:08.060-0500] {dag.py:4180} INFO - Setting next_dagrun for example_dynamic_task_mapping_with_no_taskflow_operators to None, run_after=None
[2025-03-27T15:33:08.179-0500] {processor.py:208} INFO - Processing /home/udhbhav/miniconda3/lib/python3.11/site-packages/airflow/example_dags/example_dynamic_task_mapping_with_no_taskflow_operators.py took 0.139 seconds
[2025-03-27T15:34:15.208-0500] {processor.py:186} INFO - Started process (PID=1815548) to work on /home/udhbhav/miniconda3/lib/python3.11/site-packages/airflow/example_dags/example_dynamic_task_mapping_with_no_taskflow_operators.py
[2025-03-27T15:34:15.209-0500] {processor.py:914} INFO - Processing file /home/udhbhav/miniconda3/lib/python3.11/site-packages/airflow/example_dags/example_dynamic_task_mapping_with_no_taskflow_operators.py for tasks to queue
[2025-03-27T15:34:15.209-0500] {logging_mixin.py:190} INFO - [2025-03-27T15:34:15.209-0500] {dagbag.py:588} INFO - Filling up the DagBag from /home/udhbhav/miniconda3/lib/python3.11/site-packages/airflow/example_dags/example_dynamic_task_mapping_with_no_taskflow_operators.py
[2025-03-27T15:34:15.214-0500] {processor.py:925} INFO - DAG(s) 'example_dynamic_task_mapping_with_no_taskflow_operators' retrieved from /home/udhbhav/miniconda3/lib/python3.11/site-packages/airflow/example_dags/example_dynamic_task_mapping_with_no_taskflow_operators.py
[2025-03-27T15:34:15.221-0500] {logging_mixin.py:190} INFO - [2025-03-27T15:34:15.221-0500] {dag.py:3239} INFO - Sync 1 DAGs
[2025-03-27T15:34:15.226-0500] {logging_mixin.py:190} INFO - [2025-03-27T15:34:15.226-0500] {dag.py:4180} INFO - Setting next_dagrun for example_dynamic_task_mapping_with_no_taskflow_operators to None, run_after=None
[2025-03-27T15:34:15.335-0500] {processor.py:208} INFO - Processing /home/udhbhav/miniconda3/lib/python3.11/site-packages/airflow/example_dags/example_dynamic_task_mapping_with_no_taskflow_operators.py took 0.130 seconds
[2025-03-27T15:35:19.732-0500] {processor.py:186} INFO - Started process (PID=1816188) to work on /home/udhbhav/miniconda3/lib/python3.11/site-packages/airflow/example_dags/example_dynamic_task_mapping_with_no_taskflow_operators.py
[2025-03-27T15:35:19.733-0500] {processor.py:914} INFO - Processing file /home/udhbhav/miniconda3/lib/python3.11/site-packages/airflow/example_dags/example_dynamic_task_mapping_with_no_taskflow_operators.py for tasks to queue
[2025-03-27T15:35:19.734-0500] {logging_mixin.py:190} INFO - [2025-03-27T15:35:19.734-0500] {dagbag.py:588} INFO - Filling up the DagBag from /home/udhbhav/miniconda3/lib/python3.11/site-packages/airflow/example_dags/example_dynamic_task_mapping_with_no_taskflow_operators.py
[2025-03-27T15:35:19.738-0500] {processor.py:925} INFO - DAG(s) 'example_dynamic_task_mapping_with_no_taskflow_operators' retrieved from /home/udhbhav/miniconda3/lib/python3.11/site-packages/airflow/example_dags/example_dynamic_task_mapping_with_no_taskflow_operators.py
[2025-03-27T15:35:19.745-0500] {logging_mixin.py:190} INFO - [2025-03-27T15:35:19.745-0500] {dag.py:3239} INFO - Sync 1 DAGs
[2025-03-27T15:35:19.751-0500] {logging_mixin.py:190} INFO - [2025-03-27T15:35:19.750-0500] {dag.py:4180} INFO - Setting next_dagrun for example_dynamic_task_mapping_with_no_taskflow_operators to None, run_after=None
[2025-03-27T15:35:19.989-0500] {processor.py:208} INFO - Processing /home/udhbhav/miniconda3/lib/python3.11/site-packages/airflow/example_dags/example_dynamic_task_mapping_with_no_taskflow_operators.py took 0.259 seconds
[2025-03-27T15:36:11.868-0500] {processor.py:186} INFO - Started process (PID=1816715) to work on /home/udhbhav/miniconda3/lib/python3.11/site-packages/airflow/example_dags/example_dynamic_task_mapping_with_no_taskflow_operators.py
[2025-03-27T15:36:11.869-0500] {processor.py:914} INFO - Processing file /home/udhbhav/miniconda3/lib/python3.11/site-packages/airflow/example_dags/example_dynamic_task_mapping_with_no_taskflow_operators.py for tasks to queue
[2025-03-27T15:36:11.870-0500] {logging_mixin.py:190} INFO - [2025-03-27T15:36:11.870-0500] {dagbag.py:588} INFO - Filling up the DagBag from /home/udhbhav/miniconda3/lib/python3.11/site-packages/airflow/example_dags/example_dynamic_task_mapping_with_no_taskflow_operators.py
[2025-03-27T15:36:11.874-0500] {processor.py:925} INFO - DAG(s) 'example_dynamic_task_mapping_with_no_taskflow_operators' retrieved from /home/udhbhav/miniconda3/lib/python3.11/site-packages/airflow/example_dags/example_dynamic_task_mapping_with_no_taskflow_operators.py
[2025-03-27T15:36:11.881-0500] {logging_mixin.py:190} INFO - [2025-03-27T15:36:11.881-0500] {dag.py:3239} INFO - Sync 1 DAGs
[2025-03-27T15:36:11.886-0500] {logging_mixin.py:190} INFO - [2025-03-27T15:36:11.886-0500] {dag.py:4180} INFO - Setting next_dagrun for example_dynamic_task_mapping_with_no_taskflow_operators to None, run_after=None
[2025-03-27T15:36:12.203-0500] {processor.py:208} INFO - Processing /home/udhbhav/miniconda3/lib/python3.11/site-packages/airflow/example_dags/example_dynamic_task_mapping_with_no_taskflow_operators.py took 0.337 seconds
