[2025-03-27T14:26:00.876-0500] {processor.py:186} INFO - Started process (PID=1762998) to work on /home/udhbhav/miniconda3/lib/python3.11/site-packages/airflow/example_dags/example_latest_only_with_trigger.py
[2025-03-27T14:26:00.877-0500] {processor.py:914} INFO - Processing file /home/udhbhav/miniconda3/lib/python3.11/site-packages/airflow/example_dags/example_latest_only_with_trigger.py for tasks to queue
[2025-03-27T14:26:00.878-0500] {logging_mixin.py:190} INFO - [2025-03-27T14:26:00.877-0500] {dagbag.py:588} INFO - Filling up the DagBag from /home/udhbhav/miniconda3/lib/python3.11/site-packages/airflow/example_dags/example_latest_only_with_trigger.py
[2025-03-27T14:26:00.883-0500] {processor.py:925} INFO - DAG(s) 'latest_only_with_trigger' retrieved from /home/udhbhav/miniconda3/lib/python3.11/site-packages/airflow/example_dags/example_latest_only_with_trigger.py
[2025-03-27T14:26:01.100-0500] {logging_mixin.py:190} INFO - [2025-03-27T14:26:01.100-0500] {override.py:1912} INFO - Created Permission View: can read on DAG:latest_only_with_trigger
[2025-03-27T14:26:01.188-0500] {logging_mixin.py:190} INFO - [2025-03-27T14:26:01.188-0500] {override.py:1912} INFO - Created Permission View: can edit on DAG:latest_only_with_trigger
[2025-03-27T14:26:01.275-0500] {logging_mixin.py:190} INFO - [2025-03-27T14:26:01.275-0500] {override.py:1912} INFO - Created Permission View: can delete on DAG:latest_only_with_trigger
[2025-03-27T14:26:01.445-0500] {logging_mixin.py:190} INFO - [2025-03-27T14:26:01.445-0500] {override.py:1912} INFO - Created Permission View: can read on DAG Run:latest_only_with_trigger
[2025-03-27T14:26:01.533-0500] {logging_mixin.py:190} INFO - [2025-03-27T14:26:01.533-0500] {override.py:1912} INFO - Created Permission View: menu access on DAG Run:latest_only_with_trigger
[2025-03-27T14:26:01.635-0500] {logging_mixin.py:190} INFO - [2025-03-27T14:26:01.634-0500] {override.py:1912} INFO - Created Permission View: can create on DAG Run:latest_only_with_trigger
[2025-03-27T14:26:01.731-0500] {logging_mixin.py:190} INFO - [2025-03-27T14:26:01.731-0500] {override.py:1912} INFO - Created Permission View: can delete on DAG Run:latest_only_with_trigger
[2025-03-27T14:26:01.731-0500] {logging_mixin.py:190} INFO - [2025-03-27T14:26:01.731-0500] {dag.py:3239} INFO - Sync 1 DAGs
[2025-03-27T14:26:01.737-0500] {logging_mixin.py:190} INFO - [2025-03-27T14:26:01.737-0500] {dag.py:3262} INFO - Creating ORM DAG for latest_only_with_trigger
[2025-03-27T14:26:01.740-0500] {logging_mixin.py:190} INFO - [2025-03-27T14:26:01.740-0500] {dag.py:4180} INFO - Setting next_dagrun for latest_only_with_trigger to 2025-03-27 12:00:00+00:00, run_after=2025-03-27 16:00:00+00:00
[2025-03-27T14:26:01.837-0500] {processor.py:208} INFO - Processing /home/udhbhav/miniconda3/lib/python3.11/site-packages/airflow/example_dags/example_latest_only_with_trigger.py took 0.964 seconds
[2025-03-27T14:28:23.059-0500] {processor.py:186} INFO - Started process (PID=1764253) to work on /home/udhbhav/miniconda3/lib/python3.11/site-packages/airflow/example_dags/example_latest_only_with_trigger.py
[2025-03-27T14:28:23.059-0500] {processor.py:914} INFO - Processing file /home/udhbhav/miniconda3/lib/python3.11/site-packages/airflow/example_dags/example_latest_only_with_trigger.py for tasks to queue
[2025-03-27T14:28:23.060-0500] {logging_mixin.py:190} INFO - [2025-03-27T14:28:23.060-0500] {dagbag.py:588} INFO - Filling up the DagBag from /home/udhbhav/miniconda3/lib/python3.11/site-packages/airflow/example_dags/example_latest_only_with_trigger.py
[2025-03-27T14:28:23.065-0500] {processor.py:925} INFO - DAG(s) 'latest_only_with_trigger' retrieved from /home/udhbhav/miniconda3/lib/python3.11/site-packages/airflow/example_dags/example_latest_only_with_trigger.py
[2025-03-27T14:28:23.073-0500] {logging_mixin.py:190} INFO - [2025-03-27T14:28:23.073-0500] {dag.py:3239} INFO - Sync 1 DAGs
[2025-03-27T14:28:23.082-0500] {logging_mixin.py:190} INFO - [2025-03-27T14:28:23.082-0500] {dag.py:4180} INFO - Setting next_dagrun for latest_only_with_trigger to 2025-03-27 12:00:00+00:00, run_after=2025-03-27 16:00:00+00:00
[2025-03-27T14:28:23.953-0500] {processor.py:208} INFO - Processing /home/udhbhav/miniconda3/lib/python3.11/site-packages/airflow/example_dags/example_latest_only_with_trigger.py took 0.897 seconds
[2025-03-27T14:35:36.765-0500] {processor.py:186} INFO - Started process (PID=1768449) to work on /home/udhbhav/miniconda3/lib/python3.11/site-packages/airflow/example_dags/example_latest_only_with_trigger.py
[2025-03-27T14:35:36.765-0500] {processor.py:914} INFO - Processing file /home/udhbhav/miniconda3/lib/python3.11/site-packages/airflow/example_dags/example_latest_only_with_trigger.py for tasks to queue
[2025-03-27T14:35:36.766-0500] {logging_mixin.py:190} INFO - [2025-03-27T14:35:36.766-0500] {dagbag.py:588} INFO - Filling up the DagBag from /home/udhbhav/miniconda3/lib/python3.11/site-packages/airflow/example_dags/example_latest_only_with_trigger.py
[2025-03-27T14:35:36.770-0500] {processor.py:925} INFO - DAG(s) 'latest_only_with_trigger' retrieved from /home/udhbhav/miniconda3/lib/python3.11/site-packages/airflow/example_dags/example_latest_only_with_trigger.py
[2025-03-27T14:35:36.779-0500] {logging_mixin.py:190} INFO - [2025-03-27T14:35:36.779-0500] {dag.py:3239} INFO - Sync 1 DAGs
[2025-03-27T14:35:36.788-0500] {logging_mixin.py:190} INFO - [2025-03-27T14:35:36.788-0500] {dag.py:4180} INFO - Setting next_dagrun for latest_only_with_trigger to 2025-03-27 12:00:00+00:00, run_after=2025-03-27 16:00:00+00:00
[2025-03-27T14:35:36.897-0500] {processor.py:208} INFO - Processing /home/udhbhav/miniconda3/lib/python3.11/site-packages/airflow/example_dags/example_latest_only_with_trigger.py took 0.134 seconds
[2025-03-27T14:37:23.912-0500] {processor.py:186} INFO - Started process (PID=1769517) to work on /home/udhbhav/miniconda3/lib/python3.11/site-packages/airflow/example_dags/example_latest_only_with_trigger.py
[2025-03-27T14:37:23.913-0500] {processor.py:914} INFO - Processing file /home/udhbhav/miniconda3/lib/python3.11/site-packages/airflow/example_dags/example_latest_only_with_trigger.py for tasks to queue
[2025-03-27T14:37:23.914-0500] {logging_mixin.py:190} INFO - [2025-03-27T14:37:23.913-0500] {dagbag.py:588} INFO - Filling up the DagBag from /home/udhbhav/miniconda3/lib/python3.11/site-packages/airflow/example_dags/example_latest_only_with_trigger.py
[2025-03-27T14:37:23.918-0500] {processor.py:925} INFO - DAG(s) 'latest_only_with_trigger' retrieved from /home/udhbhav/miniconda3/lib/python3.11/site-packages/airflow/example_dags/example_latest_only_with_trigger.py
[2025-03-27T14:37:23.925-0500] {logging_mixin.py:190} INFO - [2025-03-27T14:37:23.925-0500] {dag.py:3239} INFO - Sync 1 DAGs
[2025-03-27T14:37:23.934-0500] {logging_mixin.py:190} INFO - [2025-03-27T14:37:23.934-0500] {dag.py:4180} INFO - Setting next_dagrun for latest_only_with_trigger to 2025-03-27 12:00:00+00:00, run_after=2025-03-27 16:00:00+00:00
[2025-03-27T14:37:24.094-0500] {processor.py:208} INFO - Processing /home/udhbhav/miniconda3/lib/python3.11/site-packages/airflow/example_dags/example_latest_only_with_trigger.py took 0.184 seconds
[2025-03-27T14:38:29.775-0500] {processor.py:186} INFO - Started process (PID=1770512) to work on /home/udhbhav/miniconda3/lib/python3.11/site-packages/airflow/example_dags/example_latest_only_with_trigger.py
[2025-03-27T14:38:29.775-0500] {processor.py:914} INFO - Processing file /home/udhbhav/miniconda3/lib/python3.11/site-packages/airflow/example_dags/example_latest_only_with_trigger.py for tasks to queue
[2025-03-27T14:38:29.776-0500] {logging_mixin.py:190} INFO - [2025-03-27T14:38:29.776-0500] {dagbag.py:588} INFO - Filling up the DagBag from /home/udhbhav/miniconda3/lib/python3.11/site-packages/airflow/example_dags/example_latest_only_with_trigger.py
[2025-03-27T14:38:29.780-0500] {processor.py:925} INFO - DAG(s) 'latest_only_with_trigger' retrieved from /home/udhbhav/miniconda3/lib/python3.11/site-packages/airflow/example_dags/example_latest_only_with_trigger.py
[2025-03-27T14:38:29.787-0500] {logging_mixin.py:190} INFO - [2025-03-27T14:38:29.787-0500] {dag.py:3239} INFO - Sync 1 DAGs
[2025-03-27T14:38:29.795-0500] {logging_mixin.py:190} INFO - [2025-03-27T14:38:29.795-0500] {dag.py:4180} INFO - Setting next_dagrun for latest_only_with_trigger to 2025-03-27 12:00:00+00:00, run_after=2025-03-27 16:00:00+00:00
[2025-03-27T14:38:29.903-0500] {processor.py:208} INFO - Processing /home/udhbhav/miniconda3/lib/python3.11/site-packages/airflow/example_dags/example_latest_only_with_trigger.py took 0.132 seconds
[2025-03-27T14:39:42.655-0500] {processor.py:186} INFO - Started process (PID=1771323) to work on /home/udhbhav/miniconda3/lib/python3.11/site-packages/airflow/example_dags/example_latest_only_with_trigger.py
[2025-03-27T14:39:42.655-0500] {processor.py:914} INFO - Processing file /home/udhbhav/miniconda3/lib/python3.11/site-packages/airflow/example_dags/example_latest_only_with_trigger.py for tasks to queue
[2025-03-27T14:39:42.656-0500] {logging_mixin.py:190} INFO - [2025-03-27T14:39:42.656-0500] {dagbag.py:588} INFO - Filling up the DagBag from /home/udhbhav/miniconda3/lib/python3.11/site-packages/airflow/example_dags/example_latest_only_with_trigger.py
[2025-03-27T14:39:42.660-0500] {processor.py:925} INFO - DAG(s) 'latest_only_with_trigger' retrieved from /home/udhbhav/miniconda3/lib/python3.11/site-packages/airflow/example_dags/example_latest_only_with_trigger.py
[2025-03-27T14:39:42.667-0500] {logging_mixin.py:190} INFO - [2025-03-27T14:39:42.667-0500] {dag.py:3239} INFO - Sync 1 DAGs
[2025-03-27T14:39:42.675-0500] {logging_mixin.py:190} INFO - [2025-03-27T14:39:42.675-0500] {dag.py:4180} INFO - Setting next_dagrun for latest_only_with_trigger to 2025-03-27 12:00:00+00:00, run_after=2025-03-27 16:00:00+00:00
[2025-03-27T14:39:43.411-0500] {processor.py:208} INFO - Processing /home/udhbhav/miniconda3/lib/python3.11/site-packages/airflow/example_dags/example_latest_only_with_trigger.py took 0.759 seconds
[2025-03-27T14:41:04.254-0500] {processor.py:186} INFO - Started process (PID=1772119) to work on /home/udhbhav/miniconda3/lib/python3.11/site-packages/airflow/example_dags/example_latest_only_with_trigger.py
[2025-03-27T14:41:04.254-0500] {processor.py:914} INFO - Processing file /home/udhbhav/miniconda3/lib/python3.11/site-packages/airflow/example_dags/example_latest_only_with_trigger.py for tasks to queue
[2025-03-27T14:41:04.255-0500] {logging_mixin.py:190} INFO - [2025-03-27T14:41:04.255-0500] {dagbag.py:588} INFO - Filling up the DagBag from /home/udhbhav/miniconda3/lib/python3.11/site-packages/airflow/example_dags/example_latest_only_with_trigger.py
[2025-03-27T14:41:04.259-0500] {processor.py:925} INFO - DAG(s) 'latest_only_with_trigger' retrieved from /home/udhbhav/miniconda3/lib/python3.11/site-packages/airflow/example_dags/example_latest_only_with_trigger.py
[2025-03-27T14:41:04.267-0500] {logging_mixin.py:190} INFO - [2025-03-27T14:41:04.266-0500] {dag.py:3239} INFO - Sync 1 DAGs
[2025-03-27T14:41:04.274-0500] {logging_mixin.py:190} INFO - [2025-03-27T14:41:04.274-0500] {dag.py:4180} INFO - Setting next_dagrun for latest_only_with_trigger to 2025-03-27 12:00:00+00:00, run_after=2025-03-27 16:00:00+00:00
[2025-03-27T14:41:04.381-0500] {processor.py:208} INFO - Processing /home/udhbhav/miniconda3/lib/python3.11/site-packages/airflow/example_dags/example_latest_only_with_trigger.py took 0.130 seconds
[2025-03-27T14:42:31.670-0500] {processor.py:186} INFO - Started process (PID=1773218) to work on /home/udhbhav/miniconda3/lib/python3.11/site-packages/airflow/example_dags/example_latest_only_with_trigger.py
[2025-03-27T14:42:31.670-0500] {processor.py:914} INFO - Processing file /home/udhbhav/miniconda3/lib/python3.11/site-packages/airflow/example_dags/example_latest_only_with_trigger.py for tasks to queue
[2025-03-27T14:42:31.671-0500] {logging_mixin.py:190} INFO - [2025-03-27T14:42:31.671-0500] {dagbag.py:588} INFO - Filling up the DagBag from /home/udhbhav/miniconda3/lib/python3.11/site-packages/airflow/example_dags/example_latest_only_with_trigger.py
[2025-03-27T14:42:31.675-0500] {processor.py:925} INFO - DAG(s) 'latest_only_with_trigger' retrieved from /home/udhbhav/miniconda3/lib/python3.11/site-packages/airflow/example_dags/example_latest_only_with_trigger.py
[2025-03-27T14:42:31.682-0500] {logging_mixin.py:190} INFO - [2025-03-27T14:42:31.682-0500] {dag.py:3239} INFO - Sync 1 DAGs
[2025-03-27T14:42:31.690-0500] {logging_mixin.py:190} INFO - [2025-03-27T14:42:31.690-0500] {dag.py:4180} INFO - Setting next_dagrun for latest_only_with_trigger to 2025-03-27 12:00:00+00:00, run_after=2025-03-27 16:00:00+00:00
[2025-03-27T14:42:31.790-0500] {processor.py:208} INFO - Processing /home/udhbhav/miniconda3/lib/python3.11/site-packages/airflow/example_dags/example_latest_only_with_trigger.py took 0.123 seconds
[2025-03-27T14:43:57.909-0500] {processor.py:186} INFO - Started process (PID=1774269) to work on /home/udhbhav/miniconda3/lib/python3.11/site-packages/airflow/example_dags/example_latest_only_with_trigger.py
[2025-03-27T14:43:57.910-0500] {processor.py:914} INFO - Processing file /home/udhbhav/miniconda3/lib/python3.11/site-packages/airflow/example_dags/example_latest_only_with_trigger.py for tasks to queue
[2025-03-27T14:43:57.911-0500] {logging_mixin.py:190} INFO - [2025-03-27T14:43:57.910-0500] {dagbag.py:588} INFO - Filling up the DagBag from /home/udhbhav/miniconda3/lib/python3.11/site-packages/airflow/example_dags/example_latest_only_with_trigger.py
[2025-03-27T14:43:57.915-0500] {processor.py:925} INFO - DAG(s) 'latest_only_with_trigger' retrieved from /home/udhbhav/miniconda3/lib/python3.11/site-packages/airflow/example_dags/example_latest_only_with_trigger.py
[2025-03-27T14:43:57.922-0500] {logging_mixin.py:190} INFO - [2025-03-27T14:43:57.922-0500] {dag.py:3239} INFO - Sync 1 DAGs
[2025-03-27T14:43:57.930-0500] {logging_mixin.py:190} INFO - [2025-03-27T14:43:57.930-0500] {dag.py:4180} INFO - Setting next_dagrun for latest_only_with_trigger to 2025-03-27 12:00:00+00:00, run_after=2025-03-27 16:00:00+00:00
[2025-03-27T14:43:58.036-0500] {processor.py:208} INFO - Processing /home/udhbhav/miniconda3/lib/python3.11/site-packages/airflow/example_dags/example_latest_only_with_trigger.py took 0.130 seconds
[2025-03-27T14:45:02.209-0500] {processor.py:186} INFO - Started process (PID=1774918) to work on /home/udhbhav/miniconda3/lib/python3.11/site-packages/airflow/example_dags/example_latest_only_with_trigger.py
[2025-03-27T14:45:02.209-0500] {processor.py:914} INFO - Processing file /home/udhbhav/miniconda3/lib/python3.11/site-packages/airflow/example_dags/example_latest_only_with_trigger.py for tasks to queue
[2025-03-27T14:45:02.210-0500] {logging_mixin.py:190} INFO - [2025-03-27T14:45:02.210-0500] {dagbag.py:588} INFO - Filling up the DagBag from /home/udhbhav/miniconda3/lib/python3.11/site-packages/airflow/example_dags/example_latest_only_with_trigger.py
[2025-03-27T14:45:02.214-0500] {processor.py:925} INFO - DAG(s) 'latest_only_with_trigger' retrieved from /home/udhbhav/miniconda3/lib/python3.11/site-packages/airflow/example_dags/example_latest_only_with_trigger.py
[2025-03-27T14:45:02.221-0500] {logging_mixin.py:190} INFO - [2025-03-27T14:45:02.221-0500] {dag.py:3239} INFO - Sync 1 DAGs
[2025-03-27T14:45:02.229-0500] {logging_mixin.py:190} INFO - [2025-03-27T14:45:02.229-0500] {dag.py:4180} INFO - Setting next_dagrun for latest_only_with_trigger to 2025-03-27 12:00:00+00:00, run_after=2025-03-27 16:00:00+00:00
[2025-03-27T14:45:02.336-0500] {processor.py:208} INFO - Processing /home/udhbhav/miniconda3/lib/python3.11/site-packages/airflow/example_dags/example_latest_only_with_trigger.py took 0.130 seconds
[2025-03-27T14:46:39.860-0500] {processor.py:186} INFO - Started process (PID=1775816) to work on /home/udhbhav/miniconda3/lib/python3.11/site-packages/airflow/example_dags/example_latest_only_with_trigger.py
[2025-03-27T14:46:39.861-0500] {processor.py:914} INFO - Processing file /home/udhbhav/miniconda3/lib/python3.11/site-packages/airflow/example_dags/example_latest_only_with_trigger.py for tasks to queue
[2025-03-27T14:46:39.862-0500] {logging_mixin.py:190} INFO - [2025-03-27T14:46:39.861-0500] {dagbag.py:588} INFO - Filling up the DagBag from /home/udhbhav/miniconda3/lib/python3.11/site-packages/airflow/example_dags/example_latest_only_with_trigger.py
[2025-03-27T14:46:39.866-0500] {processor.py:925} INFO - DAG(s) 'latest_only_with_trigger' retrieved from /home/udhbhav/miniconda3/lib/python3.11/site-packages/airflow/example_dags/example_latest_only_with_trigger.py
[2025-03-27T14:46:39.873-0500] {logging_mixin.py:190} INFO - [2025-03-27T14:46:39.873-0500] {dag.py:3239} INFO - Sync 1 DAGs
[2025-03-27T14:46:39.881-0500] {logging_mixin.py:190} INFO - [2025-03-27T14:46:39.881-0500] {dag.py:4180} INFO - Setting next_dagrun for latest_only_with_trigger to 2025-03-27 12:00:00+00:00, run_after=2025-03-27 16:00:00+00:00
[2025-03-27T14:46:40.021-0500] {processor.py:208} INFO - Processing /home/udhbhav/miniconda3/lib/python3.11/site-packages/airflow/example_dags/example_latest_only_with_trigger.py took 0.164 seconds
[2025-03-27T14:47:53.048-0500] {processor.py:186} INFO - Started process (PID=1776578) to work on /home/udhbhav/miniconda3/lib/python3.11/site-packages/airflow/example_dags/example_latest_only_with_trigger.py
[2025-03-27T14:47:53.048-0500] {processor.py:914} INFO - Processing file /home/udhbhav/miniconda3/lib/python3.11/site-packages/airflow/example_dags/example_latest_only_with_trigger.py for tasks to queue
[2025-03-27T14:47:53.049-0500] {logging_mixin.py:190} INFO - [2025-03-27T14:47:53.049-0500] {dagbag.py:588} INFO - Filling up the DagBag from /home/udhbhav/miniconda3/lib/python3.11/site-packages/airflow/example_dags/example_latest_only_with_trigger.py
[2025-03-27T14:47:53.053-0500] {processor.py:925} INFO - DAG(s) 'latest_only_with_trigger' retrieved from /home/udhbhav/miniconda3/lib/python3.11/site-packages/airflow/example_dags/example_latest_only_with_trigger.py
[2025-03-27T14:47:53.060-0500] {logging_mixin.py:190} INFO - [2025-03-27T14:47:53.060-0500] {dag.py:3239} INFO - Sync 1 DAGs
[2025-03-27T14:47:53.068-0500] {logging_mixin.py:190} INFO - [2025-03-27T14:47:53.068-0500] {dag.py:4180} INFO - Setting next_dagrun for latest_only_with_trigger to 2025-03-27 12:00:00+00:00, run_after=2025-03-27 16:00:00+00:00
[2025-03-27T14:47:53.213-0500] {processor.py:208} INFO - Processing /home/udhbhav/miniconda3/lib/python3.11/site-packages/airflow/example_dags/example_latest_only_with_trigger.py took 0.169 seconds
[2025-03-27T14:49:13.010-0500] {processor.py:186} INFO - Started process (PID=1777223) to work on /home/udhbhav/miniconda3/lib/python3.11/site-packages/airflow/example_dags/example_latest_only_with_trigger.py
[2025-03-27T14:49:13.010-0500] {processor.py:914} INFO - Processing file /home/udhbhav/miniconda3/lib/python3.11/site-packages/airflow/example_dags/example_latest_only_with_trigger.py for tasks to queue
[2025-03-27T14:49:13.011-0500] {logging_mixin.py:190} INFO - [2025-03-27T14:49:13.011-0500] {dagbag.py:588} INFO - Filling up the DagBag from /home/udhbhav/miniconda3/lib/python3.11/site-packages/airflow/example_dags/example_latest_only_with_trigger.py
[2025-03-27T14:49:13.015-0500] {processor.py:925} INFO - DAG(s) 'latest_only_with_trigger' retrieved from /home/udhbhav/miniconda3/lib/python3.11/site-packages/airflow/example_dags/example_latest_only_with_trigger.py
[2025-03-27T14:49:13.022-0500] {logging_mixin.py:190} INFO - [2025-03-27T14:49:13.022-0500] {dag.py:3239} INFO - Sync 1 DAGs
[2025-03-27T14:49:13.030-0500] {logging_mixin.py:190} INFO - [2025-03-27T14:49:13.030-0500] {dag.py:4180} INFO - Setting next_dagrun for latest_only_with_trigger to 2025-03-27 12:00:00+00:00, run_after=2025-03-27 16:00:00+00:00
[2025-03-27T14:49:13.408-0500] {processor.py:208} INFO - Processing /home/udhbhav/miniconda3/lib/python3.11/site-packages/airflow/example_dags/example_latest_only_with_trigger.py took 0.401 seconds
[2025-03-27T14:50:11.865-0500] {processor.py:186} INFO - Started process (PID=1777798) to work on /home/udhbhav/miniconda3/lib/python3.11/site-packages/airflow/example_dags/example_latest_only_with_trigger.py
[2025-03-27T14:50:11.865-0500] {processor.py:914} INFO - Processing file /home/udhbhav/miniconda3/lib/python3.11/site-packages/airflow/example_dags/example_latest_only_with_trigger.py for tasks to queue
[2025-03-27T14:50:11.866-0500] {logging_mixin.py:190} INFO - [2025-03-27T14:50:11.866-0500] {dagbag.py:588} INFO - Filling up the DagBag from /home/udhbhav/miniconda3/lib/python3.11/site-packages/airflow/example_dags/example_latest_only_with_trigger.py
[2025-03-27T14:50:11.870-0500] {processor.py:925} INFO - DAG(s) 'latest_only_with_trigger' retrieved from /home/udhbhav/miniconda3/lib/python3.11/site-packages/airflow/example_dags/example_latest_only_with_trigger.py
[2025-03-27T14:50:11.878-0500] {logging_mixin.py:190} INFO - [2025-03-27T14:50:11.878-0500] {dag.py:3239} INFO - Sync 1 DAGs
[2025-03-27T14:50:11.885-0500] {logging_mixin.py:190} INFO - [2025-03-27T14:50:11.885-0500] {dag.py:4180} INFO - Setting next_dagrun for latest_only_with_trigger to 2025-03-27 12:00:00+00:00, run_after=2025-03-27 16:00:00+00:00
[2025-03-27T14:50:11.993-0500] {processor.py:208} INFO - Processing /home/udhbhav/miniconda3/lib/python3.11/site-packages/airflow/example_dags/example_latest_only_with_trigger.py took 0.131 seconds
[2025-03-27T14:51:18.250-0500] {processor.py:186} INFO - Started process (PID=1783297) to work on /home/udhbhav/miniconda3/lib/python3.11/site-packages/airflow/example_dags/example_latest_only_with_trigger.py
[2025-03-27T14:51:18.250-0500] {processor.py:914} INFO - Processing file /home/udhbhav/miniconda3/lib/python3.11/site-packages/airflow/example_dags/example_latest_only_with_trigger.py for tasks to queue
[2025-03-27T14:51:18.251-0500] {logging_mixin.py:190} INFO - [2025-03-27T14:51:18.251-0500] {dagbag.py:588} INFO - Filling up the DagBag from /home/udhbhav/miniconda3/lib/python3.11/site-packages/airflow/example_dags/example_latest_only_with_trigger.py
[2025-03-27T14:51:18.255-0500] {processor.py:925} INFO - DAG(s) 'latest_only_with_trigger' retrieved from /home/udhbhav/miniconda3/lib/python3.11/site-packages/airflow/example_dags/example_latest_only_with_trigger.py
[2025-03-27T14:51:18.264-0500] {logging_mixin.py:190} INFO - [2025-03-27T14:51:18.263-0500] {dag.py:3239} INFO - Sync 1 DAGs
[2025-03-27T14:51:18.272-0500] {logging_mixin.py:190} INFO - [2025-03-27T14:51:18.272-0500] {dag.py:4180} INFO - Setting next_dagrun for latest_only_with_trigger to 2025-03-27 12:00:00+00:00, run_after=2025-03-27 16:00:00+00:00
[2025-03-27T14:51:18.379-0500] {processor.py:208} INFO - Processing /home/udhbhav/miniconda3/lib/python3.11/site-packages/airflow/example_dags/example_latest_only_with_trigger.py took 0.132 seconds
[2025-03-27T14:52:25.499-0500] {processor.py:186} INFO - Started process (PID=1783988) to work on /home/udhbhav/miniconda3/lib/python3.11/site-packages/airflow/example_dags/example_latest_only_with_trigger.py
[2025-03-27T14:52:25.499-0500] {processor.py:914} INFO - Processing file /home/udhbhav/miniconda3/lib/python3.11/site-packages/airflow/example_dags/example_latest_only_with_trigger.py for tasks to queue
[2025-03-27T14:52:25.500-0500] {logging_mixin.py:190} INFO - [2025-03-27T14:52:25.500-0500] {dagbag.py:588} INFO - Filling up the DagBag from /home/udhbhav/miniconda3/lib/python3.11/site-packages/airflow/example_dags/example_latest_only_with_trigger.py
[2025-03-27T14:52:25.504-0500] {processor.py:925} INFO - DAG(s) 'latest_only_with_trigger' retrieved from /home/udhbhav/miniconda3/lib/python3.11/site-packages/airflow/example_dags/example_latest_only_with_trigger.py
[2025-03-27T14:52:25.512-0500] {logging_mixin.py:190} INFO - [2025-03-27T14:52:25.512-0500] {dag.py:3239} INFO - Sync 1 DAGs
[2025-03-27T14:52:25.519-0500] {logging_mixin.py:190} INFO - [2025-03-27T14:52:25.519-0500] {dag.py:4180} INFO - Setting next_dagrun for latest_only_with_trigger to 2025-03-27 12:00:00+00:00, run_after=2025-03-27 16:00:00+00:00
[2025-03-27T14:52:25.627-0500] {processor.py:208} INFO - Processing /home/udhbhav/miniconda3/lib/python3.11/site-packages/airflow/example_dags/example_latest_only_with_trigger.py took 0.131 seconds
[2025-03-27T14:53:35.272-0500] {processor.py:186} INFO - Started process (PID=1784693) to work on /home/udhbhav/miniconda3/lib/python3.11/site-packages/airflow/example_dags/example_latest_only_with_trigger.py
[2025-03-27T14:53:35.272-0500] {processor.py:914} INFO - Processing file /home/udhbhav/miniconda3/lib/python3.11/site-packages/airflow/example_dags/example_latest_only_with_trigger.py for tasks to queue
[2025-03-27T14:53:35.273-0500] {logging_mixin.py:190} INFO - [2025-03-27T14:53:35.273-0500] {dagbag.py:588} INFO - Filling up the DagBag from /home/udhbhav/miniconda3/lib/python3.11/site-packages/airflow/example_dags/example_latest_only_with_trigger.py
[2025-03-27T14:53:35.277-0500] {processor.py:925} INFO - DAG(s) 'latest_only_with_trigger' retrieved from /home/udhbhav/miniconda3/lib/python3.11/site-packages/airflow/example_dags/example_latest_only_with_trigger.py
[2025-03-27T14:53:35.285-0500] {logging_mixin.py:190} INFO - [2025-03-27T14:53:35.284-0500] {dag.py:3239} INFO - Sync 1 DAGs
[2025-03-27T14:53:35.293-0500] {logging_mixin.py:190} INFO - [2025-03-27T14:53:35.292-0500] {dag.py:4180} INFO - Setting next_dagrun for latest_only_with_trigger to 2025-03-27 12:00:00+00:00, run_after=2025-03-27 16:00:00+00:00
[2025-03-27T14:53:35.751-0500] {processor.py:208} INFO - Processing /home/udhbhav/miniconda3/lib/python3.11/site-packages/airflow/example_dags/example_latest_only_with_trigger.py took 0.483 seconds
[2025-03-27T14:54:42.392-0500] {processor.py:186} INFO - Started process (PID=1785382) to work on /home/udhbhav/miniconda3/lib/python3.11/site-packages/airflow/example_dags/example_latest_only_with_trigger.py
[2025-03-27T14:54:42.393-0500] {processor.py:914} INFO - Processing file /home/udhbhav/miniconda3/lib/python3.11/site-packages/airflow/example_dags/example_latest_only_with_trigger.py for tasks to queue
[2025-03-27T14:54:42.394-0500] {logging_mixin.py:190} INFO - [2025-03-27T14:54:42.393-0500] {dagbag.py:588} INFO - Filling up the DagBag from /home/udhbhav/miniconda3/lib/python3.11/site-packages/airflow/example_dags/example_latest_only_with_trigger.py
[2025-03-27T14:54:42.398-0500] {processor.py:925} INFO - DAG(s) 'latest_only_with_trigger' retrieved from /home/udhbhav/miniconda3/lib/python3.11/site-packages/airflow/example_dags/example_latest_only_with_trigger.py
[2025-03-27T14:54:42.405-0500] {logging_mixin.py:190} INFO - [2025-03-27T14:54:42.405-0500] {dag.py:3239} INFO - Sync 1 DAGs
[2025-03-27T14:54:42.413-0500] {logging_mixin.py:190} INFO - [2025-03-27T14:54:42.413-0500] {dag.py:4180} INFO - Setting next_dagrun for latest_only_with_trigger to 2025-03-27 12:00:00+00:00, run_after=2025-03-27 16:00:00+00:00
[2025-03-27T14:54:42.521-0500] {processor.py:208} INFO - Processing /home/udhbhav/miniconda3/lib/python3.11/site-packages/airflow/example_dags/example_latest_only_with_trigger.py took 0.132 seconds
[2025-03-27T14:55:47.935-0500] {processor.py:186} INFO - Started process (PID=1786110) to work on /home/udhbhav/miniconda3/lib/python3.11/site-packages/airflow/example_dags/example_latest_only_with_trigger.py
[2025-03-27T14:55:47.935-0500] {processor.py:914} INFO - Processing file /home/udhbhav/miniconda3/lib/python3.11/site-packages/airflow/example_dags/example_latest_only_with_trigger.py for tasks to queue
[2025-03-27T14:55:47.936-0500] {logging_mixin.py:190} INFO - [2025-03-27T14:55:47.936-0500] {dagbag.py:588} INFO - Filling up the DagBag from /home/udhbhav/miniconda3/lib/python3.11/site-packages/airflow/example_dags/example_latest_only_with_trigger.py
[2025-03-27T14:55:47.940-0500] {processor.py:925} INFO - DAG(s) 'latest_only_with_trigger' retrieved from /home/udhbhav/miniconda3/lib/python3.11/site-packages/airflow/example_dags/example_latest_only_with_trigger.py
[2025-03-27T14:55:47.948-0500] {logging_mixin.py:190} INFO - [2025-03-27T14:55:47.948-0500] {dag.py:3239} INFO - Sync 1 DAGs
[2025-03-27T14:55:47.956-0500] {logging_mixin.py:190} INFO - [2025-03-27T14:55:47.955-0500] {dag.py:4180} INFO - Setting next_dagrun for latest_only_with_trigger to 2025-03-27 12:00:00+00:00, run_after=2025-03-27 16:00:00+00:00
[2025-03-27T14:55:48.102-0500] {processor.py:208} INFO - Processing /home/udhbhav/miniconda3/lib/python3.11/site-packages/airflow/example_dags/example_latest_only_with_trigger.py took 0.170 seconds
[2025-03-27T14:57:06.547-0500] {processor.py:186} INFO - Started process (PID=1786860) to work on /home/udhbhav/miniconda3/lib/python3.11/site-packages/airflow/example_dags/example_latest_only_with_trigger.py
[2025-03-27T14:57:06.548-0500] {processor.py:914} INFO - Processing file /home/udhbhav/miniconda3/lib/python3.11/site-packages/airflow/example_dags/example_latest_only_with_trigger.py for tasks to queue
[2025-03-27T14:57:06.548-0500] {logging_mixin.py:190} INFO - [2025-03-27T14:57:06.548-0500] {dagbag.py:588} INFO - Filling up the DagBag from /home/udhbhav/miniconda3/lib/python3.11/site-packages/airflow/example_dags/example_latest_only_with_trigger.py
[2025-03-27T14:57:06.552-0500] {processor.py:925} INFO - DAG(s) 'latest_only_with_trigger' retrieved from /home/udhbhav/miniconda3/lib/python3.11/site-packages/airflow/example_dags/example_latest_only_with_trigger.py
[2025-03-27T14:57:06.560-0500] {logging_mixin.py:190} INFO - [2025-03-27T14:57:06.560-0500] {dag.py:3239} INFO - Sync 1 DAGs
[2025-03-27T14:57:06.568-0500] {logging_mixin.py:190} INFO - [2025-03-27T14:57:06.568-0500] {dag.py:4180} INFO - Setting next_dagrun for latest_only_with_trigger to 2025-03-27 12:00:00+00:00, run_after=2025-03-27 16:00:00+00:00
[2025-03-27T14:57:06.738-0500] {processor.py:208} INFO - Processing /home/udhbhav/miniconda3/lib/python3.11/site-packages/airflow/example_dags/example_latest_only_with_trigger.py took 0.194 seconds
[2025-03-27T14:58:26.851-0500] {processor.py:186} INFO - Started process (PID=1787644) to work on /home/udhbhav/miniconda3/lib/python3.11/site-packages/airflow/example_dags/example_latest_only_with_trigger.py
[2025-03-27T14:58:26.852-0500] {processor.py:914} INFO - Processing file /home/udhbhav/miniconda3/lib/python3.11/site-packages/airflow/example_dags/example_latest_only_with_trigger.py for tasks to queue
[2025-03-27T14:58:26.853-0500] {logging_mixin.py:190} INFO - [2025-03-27T14:58:26.852-0500] {dagbag.py:588} INFO - Filling up the DagBag from /home/udhbhav/miniconda3/lib/python3.11/site-packages/airflow/example_dags/example_latest_only_with_trigger.py
[2025-03-27T14:58:26.857-0500] {processor.py:925} INFO - DAG(s) 'latest_only_with_trigger' retrieved from /home/udhbhav/miniconda3/lib/python3.11/site-packages/airflow/example_dags/example_latest_only_with_trigger.py
[2025-03-27T14:58:26.864-0500] {logging_mixin.py:190} INFO - [2025-03-27T14:58:26.864-0500] {dag.py:3239} INFO - Sync 1 DAGs
[2025-03-27T14:58:26.872-0500] {logging_mixin.py:190} INFO - [2025-03-27T14:58:26.872-0500] {dag.py:4180} INFO - Setting next_dagrun for latest_only_with_trigger to 2025-03-27 12:00:00+00:00, run_after=2025-03-27 16:00:00+00:00
[2025-03-27T14:58:27.035-0500] {processor.py:208} INFO - Processing /home/udhbhav/miniconda3/lib/python3.11/site-packages/airflow/example_dags/example_latest_only_with_trigger.py took 0.187 seconds
[2025-03-27T15:00:01.159-0500] {processor.py:186} INFO - Started process (PID=1788668) to work on /home/udhbhav/miniconda3/lib/python3.11/site-packages/airflow/example_dags/example_latest_only_with_trigger.py
[2025-03-27T15:00:01.160-0500] {processor.py:914} INFO - Processing file /home/udhbhav/miniconda3/lib/python3.11/site-packages/airflow/example_dags/example_latest_only_with_trigger.py for tasks to queue
[2025-03-27T15:00:01.161-0500] {logging_mixin.py:190} INFO - [2025-03-27T15:00:01.161-0500] {dagbag.py:588} INFO - Filling up the DagBag from /home/udhbhav/miniconda3/lib/python3.11/site-packages/airflow/example_dags/example_latest_only_with_trigger.py
[2025-03-27T15:00:01.166-0500] {processor.py:925} INFO - DAG(s) 'latest_only_with_trigger' retrieved from /home/udhbhav/miniconda3/lib/python3.11/site-packages/airflow/example_dags/example_latest_only_with_trigger.py
[2025-03-27T15:00:01.173-0500] {logging_mixin.py:190} INFO - [2025-03-27T15:00:01.173-0500] {dag.py:3239} INFO - Sync 1 DAGs
[2025-03-27T15:00:01.181-0500] {logging_mixin.py:190} INFO - [2025-03-27T15:00:01.181-0500] {dag.py:4180} INFO - Setting next_dagrun for latest_only_with_trigger to 2025-03-27 16:00:00+00:00, run_after=2025-03-27 20:00:00+00:00
[2025-03-27T15:00:01.290-0500] {processor.py:208} INFO - Processing /home/udhbhav/miniconda3/lib/python3.11/site-packages/airflow/example_dags/example_latest_only_with_trigger.py took 0.133 seconds
[2025-03-27T15:01:08.139-0500] {processor.py:186} INFO - Started process (PID=1789461) to work on /home/udhbhav/miniconda3/lib/python3.11/site-packages/airflow/example_dags/example_latest_only_with_trigger.py
[2025-03-27T15:01:08.140-0500] {processor.py:914} INFO - Processing file /home/udhbhav/miniconda3/lib/python3.11/site-packages/airflow/example_dags/example_latest_only_with_trigger.py for tasks to queue
[2025-03-27T15:01:08.141-0500] {logging_mixin.py:190} INFO - [2025-03-27T15:01:08.140-0500] {dagbag.py:588} INFO - Filling up the DagBag from /home/udhbhav/miniconda3/lib/python3.11/site-packages/airflow/example_dags/example_latest_only_with_trigger.py
[2025-03-27T15:01:08.145-0500] {processor.py:925} INFO - DAG(s) 'latest_only_with_trigger' retrieved from /home/udhbhav/miniconda3/lib/python3.11/site-packages/airflow/example_dags/example_latest_only_with_trigger.py
[2025-03-27T15:01:08.153-0500] {logging_mixin.py:190} INFO - [2025-03-27T15:01:08.153-0500] {dag.py:3239} INFO - Sync 1 DAGs
[2025-03-27T15:01:08.160-0500] {logging_mixin.py:190} INFO - [2025-03-27T15:01:08.160-0500] {dag.py:4180} INFO - Setting next_dagrun for latest_only_with_trigger to 2025-03-27 16:00:00+00:00, run_after=2025-03-27 20:00:00+00:00
[2025-03-27T15:01:08.267-0500] {processor.py:208} INFO - Processing /home/udhbhav/miniconda3/lib/python3.11/site-packages/airflow/example_dags/example_latest_only_with_trigger.py took 0.131 seconds
[2025-03-27T15:02:11.803-0500] {processor.py:186} INFO - Started process (PID=1790202) to work on /home/udhbhav/miniconda3/lib/python3.11/site-packages/airflow/example_dags/example_latest_only_with_trigger.py
[2025-03-27T15:02:11.804-0500] {processor.py:914} INFO - Processing file /home/udhbhav/miniconda3/lib/python3.11/site-packages/airflow/example_dags/example_latest_only_with_trigger.py for tasks to queue
[2025-03-27T15:02:11.805-0500] {logging_mixin.py:190} INFO - [2025-03-27T15:02:11.805-0500] {dagbag.py:588} INFO - Filling up the DagBag from /home/udhbhav/miniconda3/lib/python3.11/site-packages/airflow/example_dags/example_latest_only_with_trigger.py
[2025-03-27T15:02:11.809-0500] {processor.py:925} INFO - DAG(s) 'latest_only_with_trigger' retrieved from /home/udhbhav/miniconda3/lib/python3.11/site-packages/airflow/example_dags/example_latest_only_with_trigger.py
[2025-03-27T15:02:11.816-0500] {logging_mixin.py:190} INFO - [2025-03-27T15:02:11.816-0500] {dag.py:3239} INFO - Sync 1 DAGs
[2025-03-27T15:02:11.824-0500] {logging_mixin.py:190} INFO - [2025-03-27T15:02:11.824-0500] {dag.py:4180} INFO - Setting next_dagrun for latest_only_with_trigger to 2025-03-27 16:00:00+00:00, run_after=2025-03-27 20:00:00+00:00
[2025-03-27T15:02:11.938-0500] {processor.py:208} INFO - Processing /home/udhbhav/miniconda3/lib/python3.11/site-packages/airflow/example_dags/example_latest_only_with_trigger.py took 0.137 seconds
[2025-03-27T15:03:29.452-0500] {processor.py:186} INFO - Started process (PID=1790940) to work on /home/udhbhav/miniconda3/lib/python3.11/site-packages/airflow/example_dags/example_latest_only_with_trigger.py
[2025-03-27T15:03:29.453-0500] {processor.py:914} INFO - Processing file /home/udhbhav/miniconda3/lib/python3.11/site-packages/airflow/example_dags/example_latest_only_with_trigger.py for tasks to queue
[2025-03-27T15:03:29.454-0500] {logging_mixin.py:190} INFO - [2025-03-27T15:03:29.454-0500] {dagbag.py:588} INFO - Filling up the DagBag from /home/udhbhav/miniconda3/lib/python3.11/site-packages/airflow/example_dags/example_latest_only_with_trigger.py
[2025-03-27T15:03:29.458-0500] {processor.py:925} INFO - DAG(s) 'latest_only_with_trigger' retrieved from /home/udhbhav/miniconda3/lib/python3.11/site-packages/airflow/example_dags/example_latest_only_with_trigger.py
[2025-03-27T15:03:29.466-0500] {logging_mixin.py:190} INFO - [2025-03-27T15:03:29.466-0500] {dag.py:3239} INFO - Sync 1 DAGs
[2025-03-27T15:03:29.473-0500] {logging_mixin.py:190} INFO - [2025-03-27T15:03:29.473-0500] {dag.py:4180} INFO - Setting next_dagrun for latest_only_with_trigger to 2025-03-27 16:00:00+00:00, run_after=2025-03-27 20:00:00+00:00
[2025-03-27T15:03:29.626-0500] {processor.py:208} INFO - Processing /home/udhbhav/miniconda3/lib/python3.11/site-packages/airflow/example_dags/example_latest_only_with_trigger.py took 0.176 seconds
[2025-03-27T15:04:42.549-0500] {processor.py:186} INFO - Started process (PID=1791735) to work on /home/udhbhav/miniconda3/lib/python3.11/site-packages/airflow/example_dags/example_latest_only_with_trigger.py
[2025-03-27T15:04:42.549-0500] {processor.py:914} INFO - Processing file /home/udhbhav/miniconda3/lib/python3.11/site-packages/airflow/example_dags/example_latest_only_with_trigger.py for tasks to queue
[2025-03-27T15:04:42.550-0500] {logging_mixin.py:190} INFO - [2025-03-27T15:04:42.550-0500] {dagbag.py:588} INFO - Filling up the DagBag from /home/udhbhav/miniconda3/lib/python3.11/site-packages/airflow/example_dags/example_latest_only_with_trigger.py
[2025-03-27T15:04:42.555-0500] {processor.py:925} INFO - DAG(s) 'latest_only_with_trigger' retrieved from /home/udhbhav/miniconda3/lib/python3.11/site-packages/airflow/example_dags/example_latest_only_with_trigger.py
[2025-03-27T15:04:42.562-0500] {logging_mixin.py:190} INFO - [2025-03-27T15:04:42.562-0500] {dag.py:3239} INFO - Sync 1 DAGs
[2025-03-27T15:04:42.570-0500] {logging_mixin.py:190} INFO - [2025-03-27T15:04:42.570-0500] {dag.py:4180} INFO - Setting next_dagrun for latest_only_with_trigger to 2025-03-27 16:00:00+00:00, run_after=2025-03-27 20:00:00+00:00
[2025-03-27T15:04:42.728-0500] {processor.py:208} INFO - Processing /home/udhbhav/miniconda3/lib/python3.11/site-packages/airflow/example_dags/example_latest_only_with_trigger.py took 0.182 seconds
[2025-03-27T15:06:03.709-0500] {processor.py:186} INFO - Started process (PID=1792484) to work on /home/udhbhav/miniconda3/lib/python3.11/site-packages/airflow/example_dags/example_latest_only_with_trigger.py
[2025-03-27T15:06:03.710-0500] {processor.py:914} INFO - Processing file /home/udhbhav/miniconda3/lib/python3.11/site-packages/airflow/example_dags/example_latest_only_with_trigger.py for tasks to queue
[2025-03-27T15:06:03.711-0500] {logging_mixin.py:190} INFO - [2025-03-27T15:06:03.710-0500] {dagbag.py:588} INFO - Filling up the DagBag from /home/udhbhav/miniconda3/lib/python3.11/site-packages/airflow/example_dags/example_latest_only_with_trigger.py
[2025-03-27T15:06:03.715-0500] {processor.py:925} INFO - DAG(s) 'latest_only_with_trigger' retrieved from /home/udhbhav/miniconda3/lib/python3.11/site-packages/airflow/example_dags/example_latest_only_with_trigger.py
[2025-03-27T15:06:03.722-0500] {logging_mixin.py:190} INFO - [2025-03-27T15:06:03.722-0500] {dag.py:3239} INFO - Sync 1 DAGs
[2025-03-27T15:06:03.730-0500] {logging_mixin.py:190} INFO - [2025-03-27T15:06:03.730-0500] {dag.py:4180} INFO - Setting next_dagrun for latest_only_with_trigger to 2025-03-27 16:00:00+00:00, run_after=2025-03-27 20:00:00+00:00
[2025-03-27T15:06:04.476-0500] {processor.py:208} INFO - Processing /home/udhbhav/miniconda3/lib/python3.11/site-packages/airflow/example_dags/example_latest_only_with_trigger.py took 0.770 seconds
[2025-03-27T15:07:32.038-0500] {processor.py:186} INFO - Started process (PID=1793365) to work on /home/udhbhav/miniconda3/lib/python3.11/site-packages/airflow/example_dags/example_latest_only_with_trigger.py
[2025-03-27T15:07:32.038-0500] {processor.py:914} INFO - Processing file /home/udhbhav/miniconda3/lib/python3.11/site-packages/airflow/example_dags/example_latest_only_with_trigger.py for tasks to queue
[2025-03-27T15:07:32.039-0500] {logging_mixin.py:190} INFO - [2025-03-27T15:07:32.039-0500] {dagbag.py:588} INFO - Filling up the DagBag from /home/udhbhav/miniconda3/lib/python3.11/site-packages/airflow/example_dags/example_latest_only_with_trigger.py
[2025-03-27T15:07:32.043-0500] {processor.py:925} INFO - DAG(s) 'latest_only_with_trigger' retrieved from /home/udhbhav/miniconda3/lib/python3.11/site-packages/airflow/example_dags/example_latest_only_with_trigger.py
[2025-03-27T15:07:32.051-0500] {logging_mixin.py:190} INFO - [2025-03-27T15:07:32.051-0500] {dag.py:3239} INFO - Sync 1 DAGs
[2025-03-27T15:07:32.058-0500] {logging_mixin.py:190} INFO - [2025-03-27T15:07:32.058-0500] {dag.py:4180} INFO - Setting next_dagrun for latest_only_with_trigger to 2025-03-27 16:00:00+00:00, run_after=2025-03-27 20:00:00+00:00
[2025-03-27T15:07:32.156-0500] {processor.py:208} INFO - Processing /home/udhbhav/miniconda3/lib/python3.11/site-packages/airflow/example_dags/example_latest_only_with_trigger.py took 0.121 seconds
[2025-03-27T15:08:34.901-0500] {processor.py:186} INFO - Started process (PID=1794005) to work on /home/udhbhav/miniconda3/lib/python3.11/site-packages/airflow/example_dags/example_latest_only_with_trigger.py
[2025-03-27T15:08:34.901-0500] {processor.py:914} INFO - Processing file /home/udhbhav/miniconda3/lib/python3.11/site-packages/airflow/example_dags/example_latest_only_with_trigger.py for tasks to queue
[2025-03-27T15:08:34.902-0500] {logging_mixin.py:190} INFO - [2025-03-27T15:08:34.902-0500] {dagbag.py:588} INFO - Filling up the DagBag from /home/udhbhav/miniconda3/lib/python3.11/site-packages/airflow/example_dags/example_latest_only_with_trigger.py
[2025-03-27T15:08:34.906-0500] {processor.py:925} INFO - DAG(s) 'latest_only_with_trigger' retrieved from /home/udhbhav/miniconda3/lib/python3.11/site-packages/airflow/example_dags/example_latest_only_with_trigger.py
[2025-03-27T15:08:34.914-0500] {logging_mixin.py:190} INFO - [2025-03-27T15:08:34.914-0500] {dag.py:3239} INFO - Sync 1 DAGs
[2025-03-27T15:08:34.921-0500] {logging_mixin.py:190} INFO - [2025-03-27T15:08:34.921-0500] {dag.py:4180} INFO - Setting next_dagrun for latest_only_with_trigger to 2025-03-27 16:00:00+00:00, run_after=2025-03-27 20:00:00+00:00
[2025-03-27T15:08:35.025-0500] {processor.py:208} INFO - Processing /home/udhbhav/miniconda3/lib/python3.11/site-packages/airflow/example_dags/example_latest_only_with_trigger.py took 0.127 seconds
[2025-03-27T15:09:42.665-0500] {processor.py:186} INFO - Started process (PID=1794724) to work on /home/udhbhav/miniconda3/lib/python3.11/site-packages/airflow/example_dags/example_latest_only_with_trigger.py
[2025-03-27T15:09:42.665-0500] {processor.py:914} INFO - Processing file /home/udhbhav/miniconda3/lib/python3.11/site-packages/airflow/example_dags/example_latest_only_with_trigger.py for tasks to queue
[2025-03-27T15:09:42.666-0500] {logging_mixin.py:190} INFO - [2025-03-27T15:09:42.666-0500] {dagbag.py:588} INFO - Filling up the DagBag from /home/udhbhav/miniconda3/lib/python3.11/site-packages/airflow/example_dags/example_latest_only_with_trigger.py
[2025-03-27T15:09:42.670-0500] {processor.py:925} INFO - DAG(s) 'latest_only_with_trigger' retrieved from /home/udhbhav/miniconda3/lib/python3.11/site-packages/airflow/example_dags/example_latest_only_with_trigger.py
[2025-03-27T15:09:42.678-0500] {logging_mixin.py:190} INFO - [2025-03-27T15:09:42.678-0500] {dag.py:3239} INFO - Sync 1 DAGs
[2025-03-27T15:09:42.685-0500] {logging_mixin.py:190} INFO - [2025-03-27T15:09:42.685-0500] {dag.py:4180} INFO - Setting next_dagrun for latest_only_with_trigger to 2025-03-27 16:00:00+00:00, run_after=2025-03-27 20:00:00+00:00
[2025-03-27T15:09:42.831-0500] {processor.py:208} INFO - Processing /home/udhbhav/miniconda3/lib/python3.11/site-packages/airflow/example_dags/example_latest_only_with_trigger.py took 0.169 seconds
[2025-03-27T15:10:53.014-0500] {processor.py:186} INFO - Started process (PID=1795413) to work on /home/udhbhav/miniconda3/lib/python3.11/site-packages/airflow/example_dags/example_latest_only_with_trigger.py
[2025-03-27T15:10:53.014-0500] {processor.py:914} INFO - Processing file /home/udhbhav/miniconda3/lib/python3.11/site-packages/airflow/example_dags/example_latest_only_with_trigger.py for tasks to queue
[2025-03-27T15:10:53.015-0500] {logging_mixin.py:190} INFO - [2025-03-27T15:10:53.015-0500] {dagbag.py:588} INFO - Filling up the DagBag from /home/udhbhav/miniconda3/lib/python3.11/site-packages/airflow/example_dags/example_latest_only_with_trigger.py
[2025-03-27T15:10:53.019-0500] {processor.py:925} INFO - DAG(s) 'latest_only_with_trigger' retrieved from /home/udhbhav/miniconda3/lib/python3.11/site-packages/airflow/example_dags/example_latest_only_with_trigger.py
[2025-03-27T15:10:53.027-0500] {logging_mixin.py:190} INFO - [2025-03-27T15:10:53.027-0500] {dag.py:3239} INFO - Sync 1 DAGs
[2025-03-27T15:10:53.035-0500] {logging_mixin.py:190} INFO - [2025-03-27T15:10:53.034-0500] {dag.py:4180} INFO - Setting next_dagrun for latest_only_with_trigger to 2025-03-27 16:00:00+00:00, run_after=2025-03-27 20:00:00+00:00
[2025-03-27T15:10:53.139-0500] {processor.py:208} INFO - Processing /home/udhbhav/miniconda3/lib/python3.11/site-packages/airflow/example_dags/example_latest_only_with_trigger.py took 0.128 seconds
[2025-03-27T15:12:00.300-0500] {processor.py:186} INFO - Started process (PID=1797617) to work on /home/udhbhav/miniconda3/lib/python3.11/site-packages/airflow/example_dags/example_latest_only_with_trigger.py
[2025-03-27T15:12:00.300-0500] {processor.py:914} INFO - Processing file /home/udhbhav/miniconda3/lib/python3.11/site-packages/airflow/example_dags/example_latest_only_with_trigger.py for tasks to queue
[2025-03-27T15:12:00.301-0500] {logging_mixin.py:190} INFO - [2025-03-27T15:12:00.301-0500] {dagbag.py:588} INFO - Filling up the DagBag from /home/udhbhav/miniconda3/lib/python3.11/site-packages/airflow/example_dags/example_latest_only_with_trigger.py
[2025-03-27T15:12:00.305-0500] {processor.py:925} INFO - DAG(s) 'latest_only_with_trigger' retrieved from /home/udhbhav/miniconda3/lib/python3.11/site-packages/airflow/example_dags/example_latest_only_with_trigger.py
[2025-03-27T15:12:00.313-0500] {logging_mixin.py:190} INFO - [2025-03-27T15:12:00.313-0500] {dag.py:3239} INFO - Sync 1 DAGs
[2025-03-27T15:12:00.321-0500] {logging_mixin.py:190} INFO - [2025-03-27T15:12:00.320-0500] {dag.py:4180} INFO - Setting next_dagrun for latest_only_with_trigger to 2025-03-27 16:00:00+00:00, run_after=2025-03-27 20:00:00+00:00
[2025-03-27T15:12:00.428-0500] {processor.py:208} INFO - Processing /home/udhbhav/miniconda3/lib/python3.11/site-packages/airflow/example_dags/example_latest_only_with_trigger.py took 0.131 seconds
[2025-03-27T15:13:19.579-0500] {processor.py:186} INFO - Started process (PID=1798347) to work on /home/udhbhav/miniconda3/lib/python3.11/site-packages/airflow/example_dags/example_latest_only_with_trigger.py
[2025-03-27T15:13:19.579-0500] {processor.py:914} INFO - Processing file /home/udhbhav/miniconda3/lib/python3.11/site-packages/airflow/example_dags/example_latest_only_with_trigger.py for tasks to queue
[2025-03-27T15:13:19.580-0500] {logging_mixin.py:190} INFO - [2025-03-27T15:13:19.580-0500] {dagbag.py:588} INFO - Filling up the DagBag from /home/udhbhav/miniconda3/lib/python3.11/site-packages/airflow/example_dags/example_latest_only_with_trigger.py
[2025-03-27T15:13:19.584-0500] {processor.py:925} INFO - DAG(s) 'latest_only_with_trigger' retrieved from /home/udhbhav/miniconda3/lib/python3.11/site-packages/airflow/example_dags/example_latest_only_with_trigger.py
[2025-03-27T15:13:19.591-0500] {logging_mixin.py:190} INFO - [2025-03-27T15:13:19.591-0500] {dag.py:3239} INFO - Sync 1 DAGs
[2025-03-27T15:13:19.599-0500] {logging_mixin.py:190} INFO - [2025-03-27T15:13:19.599-0500] {dag.py:4180} INFO - Setting next_dagrun for latest_only_with_trigger to 2025-03-27 16:00:00+00:00, run_after=2025-03-27 20:00:00+00:00
[2025-03-27T15:13:19.710-0500] {processor.py:208} INFO - Processing /home/udhbhav/miniconda3/lib/python3.11/site-packages/airflow/example_dags/example_latest_only_with_trigger.py took 0.134 seconds
[2025-03-27T15:14:35.461-0500] {processor.py:186} INFO - Started process (PID=1799130) to work on /home/udhbhav/miniconda3/lib/python3.11/site-packages/airflow/example_dags/example_latest_only_with_trigger.py
[2025-03-27T15:14:35.461-0500] {processor.py:914} INFO - Processing file /home/udhbhav/miniconda3/lib/python3.11/site-packages/airflow/example_dags/example_latest_only_with_trigger.py for tasks to queue
[2025-03-27T15:14:35.462-0500] {logging_mixin.py:190} INFO - [2025-03-27T15:14:35.462-0500] {dagbag.py:588} INFO - Filling up the DagBag from /home/udhbhav/miniconda3/lib/python3.11/site-packages/airflow/example_dags/example_latest_only_with_trigger.py
[2025-03-27T15:14:35.466-0500] {processor.py:925} INFO - DAG(s) 'latest_only_with_trigger' retrieved from /home/udhbhav/miniconda3/lib/python3.11/site-packages/airflow/example_dags/example_latest_only_with_trigger.py
[2025-03-27T15:14:35.474-0500] {logging_mixin.py:190} INFO - [2025-03-27T15:14:35.474-0500] {dag.py:3239} INFO - Sync 1 DAGs
[2025-03-27T15:14:35.482-0500] {logging_mixin.py:190} INFO - [2025-03-27T15:14:35.482-0500] {dag.py:4180} INFO - Setting next_dagrun for latest_only_with_trigger to 2025-03-27 16:00:00+00:00, run_after=2025-03-27 20:00:00+00:00
[2025-03-27T15:14:35.643-0500] {processor.py:208} INFO - Processing /home/udhbhav/miniconda3/lib/python3.11/site-packages/airflow/example_dags/example_latest_only_with_trigger.py took 0.185 seconds
[2025-03-27T15:15:52.412-0500] {processor.py:186} INFO - Started process (PID=1799965) to work on /home/udhbhav/miniconda3/lib/python3.11/site-packages/airflow/example_dags/example_latest_only_with_trigger.py
[2025-03-27T15:15:52.413-0500] {processor.py:914} INFO - Processing file /home/udhbhav/miniconda3/lib/python3.11/site-packages/airflow/example_dags/example_latest_only_with_trigger.py for tasks to queue
[2025-03-27T15:15:52.414-0500] {logging_mixin.py:190} INFO - [2025-03-27T15:15:52.413-0500] {dagbag.py:588} INFO - Filling up the DagBag from /home/udhbhav/miniconda3/lib/python3.11/site-packages/airflow/example_dags/example_latest_only_with_trigger.py
[2025-03-27T15:15:52.418-0500] {processor.py:925} INFO - DAG(s) 'latest_only_with_trigger' retrieved from /home/udhbhav/miniconda3/lib/python3.11/site-packages/airflow/example_dags/example_latest_only_with_trigger.py
[2025-03-27T15:15:52.425-0500] {logging_mixin.py:190} INFO - [2025-03-27T15:15:52.425-0500] {dag.py:3239} INFO - Sync 1 DAGs
[2025-03-27T15:15:52.433-0500] {logging_mixin.py:190} INFO - [2025-03-27T15:15:52.432-0500] {dag.py:4180} INFO - Setting next_dagrun for latest_only_with_trigger to 2025-03-27 16:00:00+00:00, run_after=2025-03-27 20:00:00+00:00
[2025-03-27T15:15:52.734-0500] {processor.py:208} INFO - Processing /home/udhbhav/miniconda3/lib/python3.11/site-packages/airflow/example_dags/example_latest_only_with_trigger.py took 0.325 seconds
[2025-03-27T15:17:12.139-0500] {processor.py:186} INFO - Started process (PID=1800678) to work on /home/udhbhav/miniconda3/lib/python3.11/site-packages/airflow/example_dags/example_latest_only_with_trigger.py
[2025-03-27T15:17:12.139-0500] {processor.py:914} INFO - Processing file /home/udhbhav/miniconda3/lib/python3.11/site-packages/airflow/example_dags/example_latest_only_with_trigger.py for tasks to queue
[2025-03-27T15:17:12.141-0500] {logging_mixin.py:190} INFO - [2025-03-27T15:17:12.140-0500] {dagbag.py:588} INFO - Filling up the DagBag from /home/udhbhav/miniconda3/lib/python3.11/site-packages/airflow/example_dags/example_latest_only_with_trigger.py
[2025-03-27T15:17:12.145-0500] {processor.py:925} INFO - DAG(s) 'latest_only_with_trigger' retrieved from /home/udhbhav/miniconda3/lib/python3.11/site-packages/airflow/example_dags/example_latest_only_with_trigger.py
[2025-03-27T15:17:12.152-0500] {logging_mixin.py:190} INFO - [2025-03-27T15:17:12.152-0500] {dag.py:3239} INFO - Sync 1 DAGs
[2025-03-27T15:17:12.160-0500] {logging_mixin.py:190} INFO - [2025-03-27T15:17:12.160-0500] {dag.py:4180} INFO - Setting next_dagrun for latest_only_with_trigger to 2025-03-27 16:00:00+00:00, run_after=2025-03-27 20:00:00+00:00
[2025-03-27T15:17:12.294-0500] {processor.py:208} INFO - Processing /home/udhbhav/miniconda3/lib/python3.11/site-packages/airflow/example_dags/example_latest_only_with_trigger.py took 0.158 seconds
[2025-03-27T15:18:18.950-0500] {processor.py:186} INFO - Started process (PID=1801342) to work on /home/udhbhav/miniconda3/lib/python3.11/site-packages/airflow/example_dags/example_latest_only_with_trigger.py
[2025-03-27T15:18:18.950-0500] {processor.py:914} INFO - Processing file /home/udhbhav/miniconda3/lib/python3.11/site-packages/airflow/example_dags/example_latest_only_with_trigger.py for tasks to queue
[2025-03-27T15:18:18.951-0500] {logging_mixin.py:190} INFO - [2025-03-27T15:18:18.951-0500] {dagbag.py:588} INFO - Filling up the DagBag from /home/udhbhav/miniconda3/lib/python3.11/site-packages/airflow/example_dags/example_latest_only_with_trigger.py
[2025-03-27T15:18:18.955-0500] {processor.py:925} INFO - DAG(s) 'latest_only_with_trigger' retrieved from /home/udhbhav/miniconda3/lib/python3.11/site-packages/airflow/example_dags/example_latest_only_with_trigger.py
[2025-03-27T15:18:18.963-0500] {logging_mixin.py:190} INFO - [2025-03-27T15:18:18.963-0500] {dag.py:3239} INFO - Sync 1 DAGs
[2025-03-27T15:18:18.971-0500] {logging_mixin.py:190} INFO - [2025-03-27T15:18:18.971-0500] {dag.py:4180} INFO - Setting next_dagrun for latest_only_with_trigger to 2025-03-27 16:00:00+00:00, run_after=2025-03-27 20:00:00+00:00
[2025-03-27T15:18:19.078-0500] {processor.py:208} INFO - Processing /home/udhbhav/miniconda3/lib/python3.11/site-packages/airflow/example_dags/example_latest_only_with_trigger.py took 0.131 seconds
[2025-03-27T15:19:28.745-0500] {processor.py:186} INFO - Started process (PID=1802015) to work on /home/udhbhav/miniconda3/lib/python3.11/site-packages/airflow/example_dags/example_latest_only_with_trigger.py
[2025-03-27T15:19:28.746-0500] {processor.py:914} INFO - Processing file /home/udhbhav/miniconda3/lib/python3.11/site-packages/airflow/example_dags/example_latest_only_with_trigger.py for tasks to queue
[2025-03-27T15:19:28.747-0500] {logging_mixin.py:190} INFO - [2025-03-27T15:19:28.746-0500] {dagbag.py:588} INFO - Filling up the DagBag from /home/udhbhav/miniconda3/lib/python3.11/site-packages/airflow/example_dags/example_latest_only_with_trigger.py
[2025-03-27T15:19:28.751-0500] {processor.py:925} INFO - DAG(s) 'latest_only_with_trigger' retrieved from /home/udhbhav/miniconda3/lib/python3.11/site-packages/airflow/example_dags/example_latest_only_with_trigger.py
[2025-03-27T15:19:28.758-0500] {logging_mixin.py:190} INFO - [2025-03-27T15:19:28.758-0500] {dag.py:3239} INFO - Sync 1 DAGs
[2025-03-27T15:19:28.766-0500] {logging_mixin.py:190} INFO - [2025-03-27T15:19:28.766-0500] {dag.py:4180} INFO - Setting next_dagrun for latest_only_with_trigger to 2025-03-27 16:00:00+00:00, run_after=2025-03-27 20:00:00+00:00
[2025-03-27T15:19:28.932-0500] {processor.py:208} INFO - Processing /home/udhbhav/miniconda3/lib/python3.11/site-packages/airflow/example_dags/example_latest_only_with_trigger.py took 0.190 seconds
[2025-03-27T15:20:35.014-0500] {processor.py:186} INFO - Started process (PID=1803467) to work on /home/udhbhav/miniconda3/lib/python3.11/site-packages/airflow/example_dags/example_latest_only_with_trigger.py
[2025-03-27T15:20:35.014-0500] {processor.py:914} INFO - Processing file /home/udhbhav/miniconda3/lib/python3.11/site-packages/airflow/example_dags/example_latest_only_with_trigger.py for tasks to queue
[2025-03-27T15:20:35.015-0500] {logging_mixin.py:190} INFO - [2025-03-27T15:20:35.015-0500] {dagbag.py:588} INFO - Filling up the DagBag from /home/udhbhav/miniconda3/lib/python3.11/site-packages/airflow/example_dags/example_latest_only_with_trigger.py
[2025-03-27T15:20:35.019-0500] {processor.py:925} INFO - DAG(s) 'latest_only_with_trigger' retrieved from /home/udhbhav/miniconda3/lib/python3.11/site-packages/airflow/example_dags/example_latest_only_with_trigger.py
[2025-03-27T15:20:35.026-0500] {logging_mixin.py:190} INFO - [2025-03-27T15:20:35.026-0500] {dag.py:3239} INFO - Sync 1 DAGs
[2025-03-27T15:20:35.034-0500] {logging_mixin.py:190} INFO - [2025-03-27T15:20:35.034-0500] {dag.py:4180} INFO - Setting next_dagrun for latest_only_with_trigger to 2025-03-27 16:00:00+00:00, run_after=2025-03-27 20:00:00+00:00
[2025-03-27T15:20:35.140-0500] {processor.py:208} INFO - Processing /home/udhbhav/miniconda3/lib/python3.11/site-packages/airflow/example_dags/example_latest_only_with_trigger.py took 0.130 seconds
[2025-03-27T15:21:45.605-0500] {processor.py:186} INFO - Started process (PID=1808323) to work on /home/udhbhav/miniconda3/lib/python3.11/site-packages/airflow/example_dags/example_latest_only_with_trigger.py
[2025-03-27T15:21:45.606-0500] {processor.py:914} INFO - Processing file /home/udhbhav/miniconda3/lib/python3.11/site-packages/airflow/example_dags/example_latest_only_with_trigger.py for tasks to queue
[2025-03-27T15:21:45.607-0500] {logging_mixin.py:190} INFO - [2025-03-27T15:21:45.606-0500] {dagbag.py:588} INFO - Filling up the DagBag from /home/udhbhav/miniconda3/lib/python3.11/site-packages/airflow/example_dags/example_latest_only_with_trigger.py
[2025-03-27T15:21:45.611-0500] {processor.py:925} INFO - DAG(s) 'latest_only_with_trigger' retrieved from /home/udhbhav/miniconda3/lib/python3.11/site-packages/airflow/example_dags/example_latest_only_with_trigger.py
[2025-03-27T15:21:45.618-0500] {logging_mixin.py:190} INFO - [2025-03-27T15:21:45.618-0500] {dag.py:3239} INFO - Sync 1 DAGs
[2025-03-27T15:21:45.626-0500] {logging_mixin.py:190} INFO - [2025-03-27T15:21:45.626-0500] {dag.py:4180} INFO - Setting next_dagrun for latest_only_with_trigger to 2025-03-27 16:00:00+00:00, run_after=2025-03-27 20:00:00+00:00
[2025-03-27T15:21:45.734-0500] {processor.py:208} INFO - Processing /home/udhbhav/miniconda3/lib/python3.11/site-packages/airflow/example_dags/example_latest_only_with_trigger.py took 0.131 seconds
[2025-03-27T15:23:03.676-0500] {processor.py:186} INFO - Started process (PID=1809048) to work on /home/udhbhav/miniconda3/lib/python3.11/site-packages/airflow/example_dags/example_latest_only_with_trigger.py
[2025-03-27T15:23:03.676-0500] {processor.py:914} INFO - Processing file /home/udhbhav/miniconda3/lib/python3.11/site-packages/airflow/example_dags/example_latest_only_with_trigger.py for tasks to queue
[2025-03-27T15:23:03.677-0500] {logging_mixin.py:190} INFO - [2025-03-27T15:23:03.677-0500] {dagbag.py:588} INFO - Filling up the DagBag from /home/udhbhav/miniconda3/lib/python3.11/site-packages/airflow/example_dags/example_latest_only_with_trigger.py
[2025-03-27T15:23:03.681-0500] {processor.py:925} INFO - DAG(s) 'latest_only_with_trigger' retrieved from /home/udhbhav/miniconda3/lib/python3.11/site-packages/airflow/example_dags/example_latest_only_with_trigger.py
[2025-03-27T15:23:03.689-0500] {logging_mixin.py:190} INFO - [2025-03-27T15:23:03.689-0500] {dag.py:3239} INFO - Sync 1 DAGs
[2025-03-27T15:23:03.696-0500] {logging_mixin.py:190} INFO - [2025-03-27T15:23:03.696-0500] {dag.py:4180} INFO - Setting next_dagrun for latest_only_with_trigger to 2025-03-27 16:00:00+00:00, run_after=2025-03-27 20:00:00+00:00
[2025-03-27T15:23:04.217-0500] {processor.py:208} INFO - Processing /home/udhbhav/miniconda3/lib/python3.11/site-packages/airflow/example_dags/example_latest_only_with_trigger.py took 0.544 seconds
[2025-03-27T15:24:12.724-0500] {processor.py:186} INFO - Started process (PID=1809798) to work on /home/udhbhav/miniconda3/lib/python3.11/site-packages/airflow/example_dags/example_latest_only_with_trigger.py
[2025-03-27T15:24:12.724-0500] {processor.py:914} INFO - Processing file /home/udhbhav/miniconda3/lib/python3.11/site-packages/airflow/example_dags/example_latest_only_with_trigger.py for tasks to queue
[2025-03-27T15:24:12.725-0500] {logging_mixin.py:190} INFO - [2025-03-27T15:24:12.725-0500] {dagbag.py:588} INFO - Filling up the DagBag from /home/udhbhav/miniconda3/lib/python3.11/site-packages/airflow/example_dags/example_latest_only_with_trigger.py
[2025-03-27T15:24:12.729-0500] {processor.py:925} INFO - DAG(s) 'latest_only_with_trigger' retrieved from /home/udhbhav/miniconda3/lib/python3.11/site-packages/airflow/example_dags/example_latest_only_with_trigger.py
[2025-03-27T15:24:12.736-0500] {logging_mixin.py:190} INFO - [2025-03-27T15:24:12.736-0500] {dag.py:3239} INFO - Sync 1 DAGs
[2025-03-27T15:24:12.744-0500] {logging_mixin.py:190} INFO - [2025-03-27T15:24:12.744-0500] {dag.py:4180} INFO - Setting next_dagrun for latest_only_with_trigger to 2025-03-27 16:00:00+00:00, run_after=2025-03-27 20:00:00+00:00
[2025-03-27T15:24:12.917-0500] {processor.py:208} INFO - Processing /home/udhbhav/miniconda3/lib/python3.11/site-packages/airflow/example_dags/example_latest_only_with_trigger.py took 0.196 seconds
[2025-03-27T15:25:31.797-0500] {processor.py:186} INFO - Started process (PID=1810581) to work on /home/udhbhav/miniconda3/lib/python3.11/site-packages/airflow/example_dags/example_latest_only_with_trigger.py
[2025-03-27T15:25:31.797-0500] {processor.py:914} INFO - Processing file /home/udhbhav/miniconda3/lib/python3.11/site-packages/airflow/example_dags/example_latest_only_with_trigger.py for tasks to queue
[2025-03-27T15:25:31.798-0500] {logging_mixin.py:190} INFO - [2025-03-27T15:25:31.798-0500] {dagbag.py:588} INFO - Filling up the DagBag from /home/udhbhav/miniconda3/lib/python3.11/site-packages/airflow/example_dags/example_latest_only_with_trigger.py
[2025-03-27T15:25:31.802-0500] {processor.py:925} INFO - DAG(s) 'latest_only_with_trigger' retrieved from /home/udhbhav/miniconda3/lib/python3.11/site-packages/airflow/example_dags/example_latest_only_with_trigger.py
[2025-03-27T15:25:31.810-0500] {logging_mixin.py:190} INFO - [2025-03-27T15:25:31.810-0500] {dag.py:3239} INFO - Sync 1 DAGs
[2025-03-27T15:25:31.818-0500] {logging_mixin.py:190} INFO - [2025-03-27T15:25:31.818-0500] {dag.py:4180} INFO - Setting next_dagrun for latest_only_with_trigger to 2025-03-27 16:00:00+00:00, run_after=2025-03-27 20:00:00+00:00
[2025-03-27T15:25:32.160-0500] {processor.py:208} INFO - Processing /home/udhbhav/miniconda3/lib/python3.11/site-packages/airflow/example_dags/example_latest_only_with_trigger.py took 0.366 seconds
[2025-03-27T15:27:06.883-0500] {processor.py:186} INFO - Started process (PID=1811511) to work on /home/udhbhav/miniconda3/lib/python3.11/site-packages/airflow/example_dags/example_latest_only_with_trigger.py
[2025-03-27T15:27:06.883-0500] {processor.py:914} INFO - Processing file /home/udhbhav/miniconda3/lib/python3.11/site-packages/airflow/example_dags/example_latest_only_with_trigger.py for tasks to queue
[2025-03-27T15:27:06.885-0500] {logging_mixin.py:190} INFO - [2025-03-27T15:27:06.884-0500] {dagbag.py:588} INFO - Filling up the DagBag from /home/udhbhav/miniconda3/lib/python3.11/site-packages/airflow/example_dags/example_latest_only_with_trigger.py
[2025-03-27T15:27:06.889-0500] {processor.py:925} INFO - DAG(s) 'latest_only_with_trigger' retrieved from /home/udhbhav/miniconda3/lib/python3.11/site-packages/airflow/example_dags/example_latest_only_with_trigger.py
[2025-03-27T15:27:06.896-0500] {logging_mixin.py:190} INFO - [2025-03-27T15:27:06.896-0500] {dag.py:3239} INFO - Sync 1 DAGs
[2025-03-27T15:27:06.904-0500] {logging_mixin.py:190} INFO - [2025-03-27T15:27:06.904-0500] {dag.py:4180} INFO - Setting next_dagrun for latest_only_with_trigger to 2025-03-27 16:00:00+00:00, run_after=2025-03-27 20:00:00+00:00
[2025-03-27T15:27:07.011-0500] {processor.py:208} INFO - Processing /home/udhbhav/miniconda3/lib/python3.11/site-packages/airflow/example_dags/example_latest_only_with_trigger.py took 0.131 seconds
[2025-03-27T15:28:23.168-0500] {processor.py:186} INFO - Started process (PID=1812194) to work on /home/udhbhav/miniconda3/lib/python3.11/site-packages/airflow/example_dags/example_latest_only_with_trigger.py
[2025-03-27T15:28:23.168-0500] {processor.py:914} INFO - Processing file /home/udhbhav/miniconda3/lib/python3.11/site-packages/airflow/example_dags/example_latest_only_with_trigger.py for tasks to queue
[2025-03-27T15:28:23.169-0500] {logging_mixin.py:190} INFO - [2025-03-27T15:28:23.169-0500] {dagbag.py:588} INFO - Filling up the DagBag from /home/udhbhav/miniconda3/lib/python3.11/site-packages/airflow/example_dags/example_latest_only_with_trigger.py
[2025-03-27T15:28:23.173-0500] {processor.py:925} INFO - DAG(s) 'latest_only_with_trigger' retrieved from /home/udhbhav/miniconda3/lib/python3.11/site-packages/airflow/example_dags/example_latest_only_with_trigger.py
[2025-03-27T15:28:23.181-0500] {logging_mixin.py:190} INFO - [2025-03-27T15:28:23.180-0500] {dag.py:3239} INFO - Sync 1 DAGs
[2025-03-27T15:28:23.188-0500] {logging_mixin.py:190} INFO - [2025-03-27T15:28:23.188-0500] {dag.py:4180} INFO - Setting next_dagrun for latest_only_with_trigger to 2025-03-27 16:00:00+00:00, run_after=2025-03-27 20:00:00+00:00
[2025-03-27T15:28:23.424-0500] {processor.py:208} INFO - Processing /home/udhbhav/miniconda3/lib/python3.11/site-packages/airflow/example_dags/example_latest_only_with_trigger.py took 0.259 seconds
[2025-03-27T15:30:10.893-0500] {processor.py:186} INFO - Started process (PID=1813245) to work on /home/udhbhav/miniconda3/lib/python3.11/site-packages/airflow/example_dags/example_latest_only_with_trigger.py
[2025-03-27T15:30:10.893-0500] {processor.py:914} INFO - Processing file /home/udhbhav/miniconda3/lib/python3.11/site-packages/airflow/example_dags/example_latest_only_with_trigger.py for tasks to queue
[2025-03-27T15:30:10.894-0500] {logging_mixin.py:190} INFO - [2025-03-27T15:30:10.894-0500] {dagbag.py:588} INFO - Filling up the DagBag from /home/udhbhav/miniconda3/lib/python3.11/site-packages/airflow/example_dags/example_latest_only_with_trigger.py
[2025-03-27T15:30:10.898-0500] {processor.py:925} INFO - DAG(s) 'latest_only_with_trigger' retrieved from /home/udhbhav/miniconda3/lib/python3.11/site-packages/airflow/example_dags/example_latest_only_with_trigger.py
[2025-03-27T15:30:10.906-0500] {logging_mixin.py:190} INFO - [2025-03-27T15:30:10.906-0500] {dag.py:3239} INFO - Sync 1 DAGs
[2025-03-27T15:30:10.913-0500] {logging_mixin.py:190} INFO - [2025-03-27T15:30:10.913-0500] {dag.py:4180} INFO - Setting next_dagrun for latest_only_with_trigger to 2025-03-27 16:00:00+00:00, run_after=2025-03-27 20:00:00+00:00
[2025-03-27T15:30:11.204-0500] {processor.py:208} INFO - Processing /home/udhbhav/miniconda3/lib/python3.11/site-packages/airflow/example_dags/example_latest_only_with_trigger.py took 0.315 seconds
[2025-03-27T15:32:01.624-0500] {processor.py:186} INFO - Started process (PID=1814316) to work on /home/udhbhav/miniconda3/lib/python3.11/site-packages/airflow/example_dags/example_latest_only_with_trigger.py
[2025-03-27T15:32:01.624-0500] {processor.py:914} INFO - Processing file /home/udhbhav/miniconda3/lib/python3.11/site-packages/airflow/example_dags/example_latest_only_with_trigger.py for tasks to queue
[2025-03-27T15:32:01.625-0500] {logging_mixin.py:190} INFO - [2025-03-27T15:32:01.625-0500] {dagbag.py:588} INFO - Filling up the DagBag from /home/udhbhav/miniconda3/lib/python3.11/site-packages/airflow/example_dags/example_latest_only_with_trigger.py
[2025-03-27T15:32:01.629-0500] {processor.py:925} INFO - DAG(s) 'latest_only_with_trigger' retrieved from /home/udhbhav/miniconda3/lib/python3.11/site-packages/airflow/example_dags/example_latest_only_with_trigger.py
[2025-03-27T15:32:01.637-0500] {logging_mixin.py:190} INFO - [2025-03-27T15:32:01.636-0500] {dag.py:3239} INFO - Sync 1 DAGs
[2025-03-27T15:32:01.644-0500] {logging_mixin.py:190} INFO - [2025-03-27T15:32:01.644-0500] {dag.py:4180} INFO - Setting next_dagrun for latest_only_with_trigger to 2025-03-27 16:00:00+00:00, run_after=2025-03-27 20:00:00+00:00
[2025-03-27T15:32:01.751-0500] {processor.py:208} INFO - Processing /home/udhbhav/miniconda3/lib/python3.11/site-packages/airflow/example_dags/example_latest_only_with_trigger.py took 0.131 seconds
[2025-03-27T15:33:13.371-0500] {processor.py:186} INFO - Started process (PID=1814930) to work on /home/udhbhav/miniconda3/lib/python3.11/site-packages/airflow/example_dags/example_latest_only_with_trigger.py
[2025-03-27T15:33:13.371-0500] {processor.py:914} INFO - Processing file /home/udhbhav/miniconda3/lib/python3.11/site-packages/airflow/example_dags/example_latest_only_with_trigger.py for tasks to queue
[2025-03-27T15:33:13.372-0500] {logging_mixin.py:190} INFO - [2025-03-27T15:33:13.372-0500] {dagbag.py:588} INFO - Filling up the DagBag from /home/udhbhav/miniconda3/lib/python3.11/site-packages/airflow/example_dags/example_latest_only_with_trigger.py
[2025-03-27T15:33:13.376-0500] {processor.py:925} INFO - DAG(s) 'latest_only_with_trigger' retrieved from /home/udhbhav/miniconda3/lib/python3.11/site-packages/airflow/example_dags/example_latest_only_with_trigger.py
[2025-03-27T15:33:13.384-0500] {logging_mixin.py:190} INFO - [2025-03-27T15:33:13.384-0500] {dag.py:3239} INFO - Sync 1 DAGs
[2025-03-27T15:33:13.391-0500] {logging_mixin.py:190} INFO - [2025-03-27T15:33:13.391-0500] {dag.py:4180} INFO - Setting next_dagrun for latest_only_with_trigger to 2025-03-27 16:00:00+00:00, run_after=2025-03-27 20:00:00+00:00
[2025-03-27T15:33:13.506-0500] {processor.py:208} INFO - Processing /home/udhbhav/miniconda3/lib/python3.11/site-packages/airflow/example_dags/example_latest_only_with_trigger.py took 0.138 seconds
[2025-03-27T15:34:19.802-0500] {processor.py:186} INFO - Started process (PID=1815593) to work on /home/udhbhav/miniconda3/lib/python3.11/site-packages/airflow/example_dags/example_latest_only_with_trigger.py
[2025-03-27T15:34:19.803-0500] {processor.py:914} INFO - Processing file /home/udhbhav/miniconda3/lib/python3.11/site-packages/airflow/example_dags/example_latest_only_with_trigger.py for tasks to queue
[2025-03-27T15:34:19.803-0500] {logging_mixin.py:190} INFO - [2025-03-27T15:34:19.803-0500] {dagbag.py:588} INFO - Filling up the DagBag from /home/udhbhav/miniconda3/lib/python3.11/site-packages/airflow/example_dags/example_latest_only_with_trigger.py
[2025-03-27T15:34:19.807-0500] {processor.py:925} INFO - DAG(s) 'latest_only_with_trigger' retrieved from /home/udhbhav/miniconda3/lib/python3.11/site-packages/airflow/example_dags/example_latest_only_with_trigger.py
[2025-03-27T15:34:19.815-0500] {logging_mixin.py:190} INFO - [2025-03-27T15:34:19.815-0500] {dag.py:3239} INFO - Sync 1 DAGs
[2025-03-27T15:34:19.823-0500] {logging_mixin.py:190} INFO - [2025-03-27T15:34:19.823-0500] {dag.py:4180} INFO - Setting next_dagrun for latest_only_with_trigger to 2025-03-27 16:00:00+00:00, run_after=2025-03-27 20:00:00+00:00
[2025-03-27T15:34:19.930-0500] {processor.py:208} INFO - Processing /home/udhbhav/miniconda3/lib/python3.11/site-packages/airflow/example_dags/example_latest_only_with_trigger.py took 0.131 seconds
[2025-03-27T15:35:25.943-0500] {processor.py:186} INFO - Started process (PID=1816252) to work on /home/udhbhav/miniconda3/lib/python3.11/site-packages/airflow/example_dags/example_latest_only_with_trigger.py
[2025-03-27T15:35:25.943-0500] {processor.py:914} INFO - Processing file /home/udhbhav/miniconda3/lib/python3.11/site-packages/airflow/example_dags/example_latest_only_with_trigger.py for tasks to queue
[2025-03-27T15:35:25.944-0500] {logging_mixin.py:190} INFO - [2025-03-27T15:35:25.944-0500] {dagbag.py:588} INFO - Filling up the DagBag from /home/udhbhav/miniconda3/lib/python3.11/site-packages/airflow/example_dags/example_latest_only_with_trigger.py
[2025-03-27T15:35:25.948-0500] {processor.py:925} INFO - DAG(s) 'latest_only_with_trigger' retrieved from /home/udhbhav/miniconda3/lib/python3.11/site-packages/airflow/example_dags/example_latest_only_with_trigger.py
[2025-03-27T15:35:25.956-0500] {logging_mixin.py:190} INFO - [2025-03-27T15:35:25.956-0500] {dag.py:3239} INFO - Sync 1 DAGs
[2025-03-27T15:35:25.964-0500] {logging_mixin.py:190} INFO - [2025-03-27T15:35:25.963-0500] {dag.py:4180} INFO - Setting next_dagrun for latest_only_with_trigger to 2025-03-27 16:00:00+00:00, run_after=2025-03-27 20:00:00+00:00
[2025-03-27T15:35:26.162-0500] {processor.py:208} INFO - Processing /home/udhbhav/miniconda3/lib/python3.11/site-packages/airflow/example_dags/example_latest_only_with_trigger.py took 0.222 seconds
