[2025-03-27T14:27:24.435-0500] {processor.py:186} INFO - Started process (PID=1763743) to work on /home/udhbhav/miniconda3/lib/python3.11/site-packages/airflow/example_dags/example_xcomargs.py
[2025-03-27T14:27:24.439-0500] {processor.py:914} INFO - Processing file /home/udhbhav/miniconda3/lib/python3.11/site-packages/airflow/example_dags/example_xcomargs.py for tasks to queue
[2025-03-27T14:27:24.440-0500] {logging_mixin.py:190} INFO - [2025-03-27T14:27:24.440-0500] {dagbag.py:588} INFO - Filling up the DagBag from /home/udhbhav/miniconda3/lib/python3.11/site-packages/airflow/example_dags/example_xcomargs.py
[2025-03-27T14:27:24.465-0500] {processor.py:925} INFO - DAG(s) 'example_xcom_args_with_operators', 'example_xcom_args' retrieved from /home/udhbhav/miniconda3/lib/python3.11/site-packages/airflow/example_dags/example_xcomargs.py
[2025-03-27T14:27:25.163-0500] {logging_mixin.py:190} INFO - [2025-03-27T14:27:25.163-0500] {override.py:1912} INFO - Created Permission View: can read on DAG:example_xcom_args_with_operators
[2025-03-27T14:27:25.304-0500] {logging_mixin.py:190} INFO - [2025-03-27T14:27:25.303-0500] {override.py:1912} INFO - Created Permission View: can edit on DAG:example_xcom_args_with_operators
[2025-03-27T14:27:25.492-0500] {logging_mixin.py:190} INFO - [2025-03-27T14:27:25.492-0500] {override.py:1912} INFO - Created Permission View: can delete on DAG:example_xcom_args_with_operators
[2025-03-27T14:27:26.570-0500] {logging_mixin.py:190} INFO - [2025-03-27T14:27:26.570-0500] {override.py:1912} INFO - Created Permission View: can read on DAG Run:example_xcom_args_with_operators
[2025-03-27T14:27:27.013-0500] {logging_mixin.py:190} INFO - [2025-03-27T14:27:27.013-0500] {override.py:1912} INFO - Created Permission View: menu access on DAG Run:example_xcom_args_with_operators
[2025-03-27T14:27:27.144-0500] {logging_mixin.py:190} INFO - [2025-03-27T14:27:27.144-0500] {override.py:1912} INFO - Created Permission View: can create on DAG Run:example_xcom_args_with_operators
[2025-03-27T14:27:27.262-0500] {logging_mixin.py:190} INFO - [2025-03-27T14:27:27.262-0500] {override.py:1912} INFO - Created Permission View: can delete on DAG Run:example_xcom_args_with_operators
[2025-03-27T14:27:27.640-0500] {logging_mixin.py:190} INFO - [2025-03-27T14:27:27.636-0500] {override.py:1912} INFO - Created Permission View: can read on DAG:example_xcom_args
[2025-03-27T14:27:27.816-0500] {logging_mixin.py:190} INFO - [2025-03-27T14:27:27.816-0500] {override.py:1912} INFO - Created Permission View: can edit on DAG:example_xcom_args
[2025-03-27T14:27:28.578-0500] {logging_mixin.py:190} INFO - [2025-03-27T14:27:28.578-0500] {override.py:1912} INFO - Created Permission View: can delete on DAG:example_xcom_args
[2025-03-27T14:27:28.827-0500] {logging_mixin.py:190} INFO - [2025-03-27T14:27:28.826-0500] {override.py:1912} INFO - Created Permission View: can read on DAG Run:example_xcom_args
[2025-03-27T14:27:29.024-0500] {logging_mixin.py:190} INFO - [2025-03-27T14:27:29.024-0500] {override.py:1912} INFO - Created Permission View: menu access on DAG Run:example_xcom_args
[2025-03-27T14:27:29.182-0500] {logging_mixin.py:190} INFO - [2025-03-27T14:27:29.182-0500] {override.py:1912} INFO - Created Permission View: can create on DAG Run:example_xcom_args
[2025-03-27T14:27:29.318-0500] {logging_mixin.py:190} INFO - [2025-03-27T14:27:29.318-0500] {override.py:1912} INFO - Created Permission View: can delete on DAG Run:example_xcom_args
[2025-03-27T14:27:29.318-0500] {logging_mixin.py:190} INFO - [2025-03-27T14:27:29.318-0500] {dag.py:3239} INFO - Sync 2 DAGs
[2025-03-27T14:27:29.324-0500] {logging_mixin.py:190} INFO - [2025-03-27T14:27:29.324-0500] {dag.py:3262} INFO - Creating ORM DAG for example_xcom_args
[2025-03-27T14:27:29.325-0500] {logging_mixin.py:190} INFO - [2025-03-27T14:27:29.324-0500] {dag.py:3262} INFO - Creating ORM DAG for example_xcom_args_with_operators
[2025-03-27T14:27:29.325-0500] {logging_mixin.py:190} INFO - [2025-03-27T14:27:29.325-0500] {dag.py:4180} INFO - Setting next_dagrun for example_xcom_args to None, run_after=None
[2025-03-27T14:27:29.325-0500] {logging_mixin.py:190} INFO - [2025-03-27T14:27:29.325-0500] {dag.py:4180} INFO - Setting next_dagrun for example_xcom_args_with_operators to None, run_after=None
[2025-03-27T14:27:29.501-0500] {processor.py:208} INFO - Processing /home/udhbhav/miniconda3/lib/python3.11/site-packages/airflow/example_dags/example_xcomargs.py took 5.073 seconds
[2025-03-27T14:36:04.419-0500] {processor.py:186} INFO - Started process (PID=1768776) to work on /home/udhbhav/miniconda3/lib/python3.11/site-packages/airflow/example_dags/example_xcomargs.py
[2025-03-27T14:36:04.420-0500] {processor.py:914} INFO - Processing file /home/udhbhav/miniconda3/lib/python3.11/site-packages/airflow/example_dags/example_xcomargs.py for tasks to queue
[2025-03-27T14:36:04.421-0500] {logging_mixin.py:190} INFO - [2025-03-27T14:36:04.420-0500] {dagbag.py:588} INFO - Filling up the DagBag from /home/udhbhav/miniconda3/lib/python3.11/site-packages/airflow/example_dags/example_xcomargs.py
[2025-03-27T14:36:04.426-0500] {processor.py:925} INFO - DAG(s) 'example_xcom_args', 'example_xcom_args_with_operators' retrieved from /home/udhbhav/miniconda3/lib/python3.11/site-packages/airflow/example_dags/example_xcomargs.py
[2025-03-27T14:36:04.435-0500] {logging_mixin.py:190} INFO - [2025-03-27T14:36:04.435-0500] {dag.py:3239} INFO - Sync 2 DAGs
[2025-03-27T14:36:04.441-0500] {logging_mixin.py:190} INFO - [2025-03-27T14:36:04.441-0500] {dag.py:4180} INFO - Setting next_dagrun for example_xcom_args to None, run_after=None
[2025-03-27T14:36:04.443-0500] {logging_mixin.py:190} INFO - [2025-03-27T14:36:04.443-0500] {dag.py:4180} INFO - Setting next_dagrun for example_xcom_args_with_operators to None, run_after=None
[2025-03-27T14:36:04.677-0500] {processor.py:208} INFO - Processing /home/udhbhav/miniconda3/lib/python3.11/site-packages/airflow/example_dags/example_xcomargs.py took 0.260 seconds
[2025-03-27T14:37:50.891-0500] {processor.py:186} INFO - Started process (PID=1770074) to work on /home/udhbhav/miniconda3/lib/python3.11/site-packages/airflow/example_dags/example_xcomargs.py
[2025-03-27T14:37:50.891-0500] {processor.py:914} INFO - Processing file /home/udhbhav/miniconda3/lib/python3.11/site-packages/airflow/example_dags/example_xcomargs.py for tasks to queue
[2025-03-27T14:37:50.892-0500] {logging_mixin.py:190} INFO - [2025-03-27T14:37:50.892-0500] {dagbag.py:588} INFO - Filling up the DagBag from /home/udhbhav/miniconda3/lib/python3.11/site-packages/airflow/example_dags/example_xcomargs.py
[2025-03-27T14:37:50.897-0500] {processor.py:925} INFO - DAG(s) 'example_xcom_args_with_operators', 'example_xcom_args' retrieved from /home/udhbhav/miniconda3/lib/python3.11/site-packages/airflow/example_dags/example_xcomargs.py
[2025-03-27T14:37:50.962-0500] {logging_mixin.py:190} INFO - [2025-03-27T14:37:50.961-0500] {dag.py:3239} INFO - Sync 2 DAGs
[2025-03-27T14:37:50.966-0500] {logging_mixin.py:190} INFO - [2025-03-27T14:37:50.966-0500] {dag.py:4180} INFO - Setting next_dagrun for example_xcom_args to None, run_after=None
[2025-03-27T14:37:50.967-0500] {logging_mixin.py:190} INFO - [2025-03-27T14:37:50.967-0500] {dag.py:4180} INFO - Setting next_dagrun for example_xcom_args_with_operators to None, run_after=None
[2025-03-27T14:37:51.095-0500] {processor.py:208} INFO - Processing /home/udhbhav/miniconda3/lib/python3.11/site-packages/airflow/example_dags/example_xcomargs.py took 0.207 seconds
[2025-03-27T14:39:08.153-0500] {processor.py:186} INFO - Started process (PID=1770949) to work on /home/udhbhav/miniconda3/lib/python3.11/site-packages/airflow/example_dags/example_xcomargs.py
[2025-03-27T14:39:08.153-0500] {processor.py:914} INFO - Processing file /home/udhbhav/miniconda3/lib/python3.11/site-packages/airflow/example_dags/example_xcomargs.py for tasks to queue
[2025-03-27T14:39:08.154-0500] {logging_mixin.py:190} INFO - [2025-03-27T14:39:08.154-0500] {dagbag.py:588} INFO - Filling up the DagBag from /home/udhbhav/miniconda3/lib/python3.11/site-packages/airflow/example_dags/example_xcomargs.py
[2025-03-27T14:39:08.159-0500] {processor.py:925} INFO - DAG(s) 'example_xcom_args', 'example_xcom_args_with_operators' retrieved from /home/udhbhav/miniconda3/lib/python3.11/site-packages/airflow/example_dags/example_xcomargs.py
[2025-03-27T14:39:08.168-0500] {logging_mixin.py:190} INFO - [2025-03-27T14:39:08.167-0500] {dag.py:3239} INFO - Sync 2 DAGs
[2025-03-27T14:39:08.173-0500] {logging_mixin.py:190} INFO - [2025-03-27T14:39:08.173-0500] {dag.py:4180} INFO - Setting next_dagrun for example_xcom_args to None, run_after=None
[2025-03-27T14:39:08.174-0500] {logging_mixin.py:190} INFO - [2025-03-27T14:39:08.174-0500] {dag.py:4180} INFO - Setting next_dagrun for example_xcom_args_with_operators to None, run_after=None
[2025-03-27T14:39:08.418-0500] {processor.py:208} INFO - Processing /home/udhbhav/miniconda3/lib/python3.11/site-packages/airflow/example_dags/example_xcomargs.py took 0.269 seconds
[2025-03-27T14:40:32.986-0500] {processor.py:186} INFO - Started process (PID=1771738) to work on /home/udhbhav/miniconda3/lib/python3.11/site-packages/airflow/example_dags/example_xcomargs.py
[2025-03-27T14:40:32.987-0500] {processor.py:914} INFO - Processing file /home/udhbhav/miniconda3/lib/python3.11/site-packages/airflow/example_dags/example_xcomargs.py for tasks to queue
[2025-03-27T14:40:32.988-0500] {logging_mixin.py:190} INFO - [2025-03-27T14:40:32.988-0500] {dagbag.py:588} INFO - Filling up the DagBag from /home/udhbhav/miniconda3/lib/python3.11/site-packages/airflow/example_dags/example_xcomargs.py
[2025-03-27T14:40:32.993-0500] {processor.py:925} INFO - DAG(s) 'example_xcom_args', 'example_xcom_args_with_operators' retrieved from /home/udhbhav/miniconda3/lib/python3.11/site-packages/airflow/example_dags/example_xcomargs.py
[2025-03-27T14:40:33.002-0500] {logging_mixin.py:190} INFO - [2025-03-27T14:40:33.002-0500] {dag.py:3239} INFO - Sync 2 DAGs
[2025-03-27T14:40:33.007-0500] {logging_mixin.py:190} INFO - [2025-03-27T14:40:33.007-0500] {dag.py:4180} INFO - Setting next_dagrun for example_xcom_args to None, run_after=None
[2025-03-27T14:40:33.009-0500] {logging_mixin.py:190} INFO - [2025-03-27T14:40:33.009-0500] {dag.py:4180} INFO - Setting next_dagrun for example_xcom_args_with_operators to None, run_after=None
[2025-03-27T14:40:33.135-0500] {processor.py:208} INFO - Processing /home/udhbhav/miniconda3/lib/python3.11/site-packages/airflow/example_dags/example_xcomargs.py took 0.152 seconds
[2025-03-27T14:42:03.579-0500] {processor.py:186} INFO - Started process (PID=1772972) to work on /home/udhbhav/miniconda3/lib/python3.11/site-packages/airflow/example_dags/example_xcomargs.py
[2025-03-27T14:42:03.579-0500] {processor.py:914} INFO - Processing file /home/udhbhav/miniconda3/lib/python3.11/site-packages/airflow/example_dags/example_xcomargs.py for tasks to queue
[2025-03-27T14:42:03.580-0500] {logging_mixin.py:190} INFO - [2025-03-27T14:42:03.580-0500] {dagbag.py:588} INFO - Filling up the DagBag from /home/udhbhav/miniconda3/lib/python3.11/site-packages/airflow/example_dags/example_xcomargs.py
[2025-03-27T14:42:03.585-0500] {processor.py:925} INFO - DAG(s) 'example_xcom_args', 'example_xcom_args_with_operators' retrieved from /home/udhbhav/miniconda3/lib/python3.11/site-packages/airflow/example_dags/example_xcomargs.py
[2025-03-27T14:42:03.594-0500] {logging_mixin.py:190} INFO - [2025-03-27T14:42:03.594-0500] {dag.py:3239} INFO - Sync 2 DAGs
[2025-03-27T14:42:03.599-0500] {logging_mixin.py:190} INFO - [2025-03-27T14:42:03.599-0500] {dag.py:4180} INFO - Setting next_dagrun for example_xcom_args to None, run_after=None
[2025-03-27T14:42:03.600-0500] {logging_mixin.py:190} INFO - [2025-03-27T14:42:03.600-0500] {dag.py:4180} INFO - Setting next_dagrun for example_xcom_args_with_operators to None, run_after=None
[2025-03-27T14:42:03.730-0500] {processor.py:208} INFO - Processing /home/udhbhav/miniconda3/lib/python3.11/site-packages/airflow/example_dags/example_xcomargs.py took 0.155 seconds
[2025-03-27T14:43:16.276-0500] {processor.py:186} INFO - Started process (PID=1773686) to work on /home/udhbhav/miniconda3/lib/python3.11/site-packages/airflow/example_dags/example_xcomargs.py
[2025-03-27T14:43:16.277-0500] {processor.py:914} INFO - Processing file /home/udhbhav/miniconda3/lib/python3.11/site-packages/airflow/example_dags/example_xcomargs.py for tasks to queue
[2025-03-27T14:43:16.278-0500] {logging_mixin.py:190} INFO - [2025-03-27T14:43:16.278-0500] {dagbag.py:588} INFO - Filling up the DagBag from /home/udhbhav/miniconda3/lib/python3.11/site-packages/airflow/example_dags/example_xcomargs.py
[2025-03-27T14:43:16.283-0500] {processor.py:925} INFO - DAG(s) 'example_xcom_args_with_operators', 'example_xcom_args' retrieved from /home/udhbhav/miniconda3/lib/python3.11/site-packages/airflow/example_dags/example_xcomargs.py
[2025-03-27T14:43:16.292-0500] {logging_mixin.py:190} INFO - [2025-03-27T14:43:16.292-0500] {dag.py:3239} INFO - Sync 2 DAGs
[2025-03-27T14:43:16.297-0500] {logging_mixin.py:190} INFO - [2025-03-27T14:43:16.297-0500] {dag.py:4180} INFO - Setting next_dagrun for example_xcom_args to None, run_after=None
[2025-03-27T14:43:16.298-0500] {logging_mixin.py:190} INFO - [2025-03-27T14:43:16.298-0500] {dag.py:4180} INFO - Setting next_dagrun for example_xcom_args_with_operators to None, run_after=None
[2025-03-27T14:43:16.426-0500] {processor.py:208} INFO - Processing /home/udhbhav/miniconda3/lib/python3.11/site-packages/airflow/example_dags/example_xcomargs.py took 0.153 seconds
[2025-03-27T14:44:40.740-0500] {processor.py:186} INFO - Started process (PID=1774693) to work on /home/udhbhav/miniconda3/lib/python3.11/site-packages/airflow/example_dags/example_xcomargs.py
[2025-03-27T14:44:40.740-0500] {processor.py:914} INFO - Processing file /home/udhbhav/miniconda3/lib/python3.11/site-packages/airflow/example_dags/example_xcomargs.py for tasks to queue
[2025-03-27T14:44:40.741-0500] {logging_mixin.py:190} INFO - [2025-03-27T14:44:40.741-0500] {dagbag.py:588} INFO - Filling up the DagBag from /home/udhbhav/miniconda3/lib/python3.11/site-packages/airflow/example_dags/example_xcomargs.py
[2025-03-27T14:44:40.746-0500] {processor.py:925} INFO - DAG(s) 'example_xcom_args', 'example_xcom_args_with_operators' retrieved from /home/udhbhav/miniconda3/lib/python3.11/site-packages/airflow/example_dags/example_xcomargs.py
[2025-03-27T14:44:40.755-0500] {logging_mixin.py:190} INFO - [2025-03-27T14:44:40.755-0500] {dag.py:3239} INFO - Sync 2 DAGs
[2025-03-27T14:44:40.761-0500] {logging_mixin.py:190} INFO - [2025-03-27T14:44:40.761-0500] {dag.py:4180} INFO - Setting next_dagrun for example_xcom_args to None, run_after=None
[2025-03-27T14:44:40.762-0500] {logging_mixin.py:190} INFO - [2025-03-27T14:44:40.762-0500] {dag.py:4180} INFO - Setting next_dagrun for example_xcom_args_with_operators to None, run_after=None
[2025-03-27T14:44:40.895-0500] {processor.py:208} INFO - Processing /home/udhbhav/miniconda3/lib/python3.11/site-packages/airflow/example_dags/example_xcomargs.py took 0.159 seconds
[2025-03-27T14:46:00.101-0500] {processor.py:186} INFO - Started process (PID=1775466) to work on /home/udhbhav/miniconda3/lib/python3.11/site-packages/airflow/example_dags/example_xcomargs.py
[2025-03-27T14:46:00.101-0500] {processor.py:914} INFO - Processing file /home/udhbhav/miniconda3/lib/python3.11/site-packages/airflow/example_dags/example_xcomargs.py for tasks to queue
[2025-03-27T14:46:00.102-0500] {logging_mixin.py:190} INFO - [2025-03-27T14:46:00.102-0500] {dagbag.py:588} INFO - Filling up the DagBag from /home/udhbhav/miniconda3/lib/python3.11/site-packages/airflow/example_dags/example_xcomargs.py
[2025-03-27T14:46:00.108-0500] {processor.py:925} INFO - DAG(s) 'example_xcom_args', 'example_xcom_args_with_operators' retrieved from /home/udhbhav/miniconda3/lib/python3.11/site-packages/airflow/example_dags/example_xcomargs.py
[2025-03-27T14:46:00.116-0500] {logging_mixin.py:190} INFO - [2025-03-27T14:46:00.116-0500] {dag.py:3239} INFO - Sync 2 DAGs
[2025-03-27T14:46:00.122-0500] {logging_mixin.py:190} INFO - [2025-03-27T14:46:00.121-0500] {dag.py:4180} INFO - Setting next_dagrun for example_xcom_args to None, run_after=None
[2025-03-27T14:46:00.123-0500] {logging_mixin.py:190} INFO - [2025-03-27T14:46:00.123-0500] {dag.py:4180} INFO - Setting next_dagrun for example_xcom_args_with_operators to None, run_after=None
[2025-03-27T14:46:00.331-0500] {processor.py:208} INFO - Processing /home/udhbhav/miniconda3/lib/python3.11/site-packages/airflow/example_dags/example_xcomargs.py took 0.233 seconds
[2025-03-27T14:47:28.293-0500] {processor.py:186} INFO - Started process (PID=1776249) to work on /home/udhbhav/miniconda3/lib/python3.11/site-packages/airflow/example_dags/example_xcomargs.py
[2025-03-27T14:47:28.294-0500] {processor.py:914} INFO - Processing file /home/udhbhav/miniconda3/lib/python3.11/site-packages/airflow/example_dags/example_xcomargs.py for tasks to queue
[2025-03-27T14:47:28.295-0500] {logging_mixin.py:190} INFO - [2025-03-27T14:47:28.295-0500] {dagbag.py:588} INFO - Filling up the DagBag from /home/udhbhav/miniconda3/lib/python3.11/site-packages/airflow/example_dags/example_xcomargs.py
[2025-03-27T14:47:28.300-0500] {processor.py:925} INFO - DAG(s) 'example_xcom_args', 'example_xcom_args_with_operators' retrieved from /home/udhbhav/miniconda3/lib/python3.11/site-packages/airflow/example_dags/example_xcomargs.py
[2025-03-27T14:47:28.309-0500] {logging_mixin.py:190} INFO - [2025-03-27T14:47:28.309-0500] {dag.py:3239} INFO - Sync 2 DAGs
[2025-03-27T14:47:28.314-0500] {logging_mixin.py:190} INFO - [2025-03-27T14:47:28.314-0500] {dag.py:4180} INFO - Setting next_dagrun for example_xcom_args to None, run_after=None
[2025-03-27T14:47:28.316-0500] {logging_mixin.py:190} INFO - [2025-03-27T14:47:28.316-0500] {dag.py:4180} INFO - Setting next_dagrun for example_xcom_args_with_operators to None, run_after=None
[2025-03-27T14:47:28.521-0500] {processor.py:208} INFO - Processing /home/udhbhav/miniconda3/lib/python3.11/site-packages/airflow/example_dags/example_xcomargs.py took 0.231 seconds
[2025-03-27T14:48:47.009-0500] {processor.py:186} INFO - Started process (PID=1777076) to work on /home/udhbhav/miniconda3/lib/python3.11/site-packages/airflow/example_dags/example_xcomargs.py
[2025-03-27T14:48:47.010-0500] {processor.py:914} INFO - Processing file /home/udhbhav/miniconda3/lib/python3.11/site-packages/airflow/example_dags/example_xcomargs.py for tasks to queue
[2025-03-27T14:48:47.011-0500] {logging_mixin.py:190} INFO - [2025-03-27T14:48:47.011-0500] {dagbag.py:588} INFO - Filling up the DagBag from /home/udhbhav/miniconda3/lib/python3.11/site-packages/airflow/example_dags/example_xcomargs.py
[2025-03-27T14:48:47.016-0500] {processor.py:925} INFO - DAG(s) 'example_xcom_args', 'example_xcom_args_with_operators' retrieved from /home/udhbhav/miniconda3/lib/python3.11/site-packages/airflow/example_dags/example_xcomargs.py
[2025-03-27T14:48:47.025-0500] {logging_mixin.py:190} INFO - [2025-03-27T14:48:47.025-0500] {dag.py:3239} INFO - Sync 2 DAGs
[2025-03-27T14:48:47.030-0500] {logging_mixin.py:190} INFO - [2025-03-27T14:48:47.030-0500] {dag.py:4180} INFO - Setting next_dagrun for example_xcom_args to None, run_after=None
[2025-03-27T14:48:47.032-0500] {logging_mixin.py:190} INFO - [2025-03-27T14:48:47.032-0500] {dag.py:4180} INFO - Setting next_dagrun for example_xcom_args_with_operators to None, run_after=None
[2025-03-27T14:48:47.289-0500] {processor.py:208} INFO - Processing /home/udhbhav/miniconda3/lib/python3.11/site-packages/airflow/example_dags/example_xcomargs.py took 0.282 seconds
[2025-03-27T14:50:18.423-0500] {processor.py:186} INFO - Started process (PID=1777874) to work on /home/udhbhav/miniconda3/lib/python3.11/site-packages/airflow/example_dags/example_xcomargs.py
[2025-03-27T14:50:18.423-0500] {processor.py:914} INFO - Processing file /home/udhbhav/miniconda3/lib/python3.11/site-packages/airflow/example_dags/example_xcomargs.py for tasks to queue
[2025-03-27T14:50:18.424-0500] {logging_mixin.py:190} INFO - [2025-03-27T14:50:18.424-0500] {dagbag.py:588} INFO - Filling up the DagBag from /home/udhbhav/miniconda3/lib/python3.11/site-packages/airflow/example_dags/example_xcomargs.py
[2025-03-27T14:50:18.430-0500] {processor.py:925} INFO - DAG(s) 'example_xcom_args_with_operators', 'example_xcom_args' retrieved from /home/udhbhav/miniconda3/lib/python3.11/site-packages/airflow/example_dags/example_xcomargs.py
[2025-03-27T14:50:18.439-0500] {logging_mixin.py:190} INFO - [2025-03-27T14:50:18.438-0500] {dag.py:3239} INFO - Sync 2 DAGs
[2025-03-27T14:50:18.444-0500] {logging_mixin.py:190} INFO - [2025-03-27T14:50:18.444-0500] {dag.py:4180} INFO - Setting next_dagrun for example_xcom_args to None, run_after=None
[2025-03-27T14:50:18.445-0500] {logging_mixin.py:190} INFO - [2025-03-27T14:50:18.445-0500] {dag.py:4180} INFO - Setting next_dagrun for example_xcom_args_with_operators to None, run_after=None
[2025-03-27T14:50:18.578-0500] {processor.py:208} INFO - Processing /home/udhbhav/miniconda3/lib/python3.11/site-packages/airflow/example_dags/example_xcomargs.py took 0.158 seconds
[2025-03-27T14:51:24.802-0500] {processor.py:186} INFO - Started process (PID=1783393) to work on /home/udhbhav/miniconda3/lib/python3.11/site-packages/airflow/example_dags/example_xcomargs.py
[2025-03-27T14:51:24.803-0500] {processor.py:914} INFO - Processing file /home/udhbhav/miniconda3/lib/python3.11/site-packages/airflow/example_dags/example_xcomargs.py for tasks to queue
[2025-03-27T14:51:24.804-0500] {logging_mixin.py:190} INFO - [2025-03-27T14:51:24.803-0500] {dagbag.py:588} INFO - Filling up the DagBag from /home/udhbhav/miniconda3/lib/python3.11/site-packages/airflow/example_dags/example_xcomargs.py
[2025-03-27T14:51:24.809-0500] {processor.py:925} INFO - DAG(s) 'example_xcom_args_with_operators', 'example_xcom_args' retrieved from /home/udhbhav/miniconda3/lib/python3.11/site-packages/airflow/example_dags/example_xcomargs.py
[2025-03-27T14:51:24.817-0500] {logging_mixin.py:190} INFO - [2025-03-27T14:51:24.817-0500] {dag.py:3239} INFO - Sync 2 DAGs
[2025-03-27T14:51:24.823-0500] {logging_mixin.py:190} INFO - [2025-03-27T14:51:24.823-0500] {dag.py:4180} INFO - Setting next_dagrun for example_xcom_args to None, run_after=None
[2025-03-27T14:51:24.824-0500] {logging_mixin.py:190} INFO - [2025-03-27T14:51:24.824-0500] {dag.py:4180} INFO - Setting next_dagrun for example_xcom_args_with_operators to None, run_after=None
[2025-03-27T14:51:24.956-0500] {processor.py:208} INFO - Processing /home/udhbhav/miniconda3/lib/python3.11/site-packages/airflow/example_dags/example_xcomargs.py took 0.156 seconds
[2025-03-27T14:52:31.151-0500] {processor.py:186} INFO - Started process (PID=1784083) to work on /home/udhbhav/miniconda3/lib/python3.11/site-packages/airflow/example_dags/example_xcomargs.py
[2025-03-27T14:52:31.152-0500] {processor.py:914} INFO - Processing file /home/udhbhav/miniconda3/lib/python3.11/site-packages/airflow/example_dags/example_xcomargs.py for tasks to queue
[2025-03-27T14:52:31.153-0500] {logging_mixin.py:190} INFO - [2025-03-27T14:52:31.152-0500] {dagbag.py:588} INFO - Filling up the DagBag from /home/udhbhav/miniconda3/lib/python3.11/site-packages/airflow/example_dags/example_xcomargs.py
[2025-03-27T14:52:31.158-0500] {processor.py:925} INFO - DAG(s) 'example_xcom_args', 'example_xcom_args_with_operators' retrieved from /home/udhbhav/miniconda3/lib/python3.11/site-packages/airflow/example_dags/example_xcomargs.py
[2025-03-27T14:52:31.166-0500] {logging_mixin.py:190} INFO - [2025-03-27T14:52:31.166-0500] {dag.py:3239} INFO - Sync 2 DAGs
[2025-03-27T14:52:31.172-0500] {logging_mixin.py:190} INFO - [2025-03-27T14:52:31.172-0500] {dag.py:4180} INFO - Setting next_dagrun for example_xcom_args to None, run_after=None
[2025-03-27T14:52:31.173-0500] {logging_mixin.py:190} INFO - [2025-03-27T14:52:31.173-0500] {dag.py:4180} INFO - Setting next_dagrun for example_xcom_args_with_operators to None, run_after=None
[2025-03-27T14:52:31.305-0500] {processor.py:208} INFO - Processing /home/udhbhav/miniconda3/lib/python3.11/site-packages/airflow/example_dags/example_xcomargs.py took 0.157 seconds
[2025-03-27T14:53:42.166-0500] {processor.py:186} INFO - Started process (PID=1784806) to work on /home/udhbhav/miniconda3/lib/python3.11/site-packages/airflow/example_dags/example_xcomargs.py
[2025-03-27T14:53:42.166-0500] {processor.py:914} INFO - Processing file /home/udhbhav/miniconda3/lib/python3.11/site-packages/airflow/example_dags/example_xcomargs.py for tasks to queue
[2025-03-27T14:53:42.167-0500] {logging_mixin.py:190} INFO - [2025-03-27T14:53:42.167-0500] {dagbag.py:588} INFO - Filling up the DagBag from /home/udhbhav/miniconda3/lib/python3.11/site-packages/airflow/example_dags/example_xcomargs.py
[2025-03-27T14:53:42.173-0500] {processor.py:925} INFO - DAG(s) 'example_xcom_args', 'example_xcom_args_with_operators' retrieved from /home/udhbhav/miniconda3/lib/python3.11/site-packages/airflow/example_dags/example_xcomargs.py
[2025-03-27T14:53:42.181-0500] {logging_mixin.py:190} INFO - [2025-03-27T14:53:42.181-0500] {dag.py:3239} INFO - Sync 2 DAGs
[2025-03-27T14:53:42.187-0500] {logging_mixin.py:190} INFO - [2025-03-27T14:53:42.187-0500] {dag.py:4180} INFO - Setting next_dagrun for example_xcom_args to None, run_after=None
[2025-03-27T14:53:42.188-0500] {logging_mixin.py:190} INFO - [2025-03-27T14:53:42.188-0500] {dag.py:4180} INFO - Setting next_dagrun for example_xcom_args_with_operators to None, run_after=None
[2025-03-27T14:53:42.322-0500] {processor.py:208} INFO - Processing /home/udhbhav/miniconda3/lib/python3.11/site-packages/airflow/example_dags/example_xcomargs.py took 0.158 seconds
[2025-03-27T14:54:48.849-0500] {processor.py:186} INFO - Started process (PID=1785471) to work on /home/udhbhav/miniconda3/lib/python3.11/site-packages/airflow/example_dags/example_xcomargs.py
[2025-03-27T14:54:48.849-0500] {processor.py:914} INFO - Processing file /home/udhbhav/miniconda3/lib/python3.11/site-packages/airflow/example_dags/example_xcomargs.py for tasks to queue
[2025-03-27T14:54:48.850-0500] {logging_mixin.py:190} INFO - [2025-03-27T14:54:48.850-0500] {dagbag.py:588} INFO - Filling up the DagBag from /home/udhbhav/miniconda3/lib/python3.11/site-packages/airflow/example_dags/example_xcomargs.py
[2025-03-27T14:54:48.856-0500] {processor.py:925} INFO - DAG(s) 'example_xcom_args', 'example_xcom_args_with_operators' retrieved from /home/udhbhav/miniconda3/lib/python3.11/site-packages/airflow/example_dags/example_xcomargs.py
[2025-03-27T14:54:48.864-0500] {logging_mixin.py:190} INFO - [2025-03-27T14:54:48.864-0500] {dag.py:3239} INFO - Sync 2 DAGs
[2025-03-27T14:54:48.869-0500] {logging_mixin.py:190} INFO - [2025-03-27T14:54:48.869-0500] {dag.py:4180} INFO - Setting next_dagrun for example_xcom_args to None, run_after=None
[2025-03-27T14:54:48.871-0500] {logging_mixin.py:190} INFO - [2025-03-27T14:54:48.871-0500] {dag.py:4180} INFO - Setting next_dagrun for example_xcom_args_with_operators to None, run_after=None
[2025-03-27T14:54:49.003-0500] {processor.py:208} INFO - Processing /home/udhbhav/miniconda3/lib/python3.11/site-packages/airflow/example_dags/example_xcomargs.py took 0.157 seconds
[2025-03-27T14:55:55.807-0500] {processor.py:186} INFO - Started process (PID=1786179) to work on /home/udhbhav/miniconda3/lib/python3.11/site-packages/airflow/example_dags/example_xcomargs.py
[2025-03-27T14:55:55.808-0500] {processor.py:914} INFO - Processing file /home/udhbhav/miniconda3/lib/python3.11/site-packages/airflow/example_dags/example_xcomargs.py for tasks to queue
[2025-03-27T14:55:55.809-0500] {logging_mixin.py:190} INFO - [2025-03-27T14:55:55.808-0500] {dagbag.py:588} INFO - Filling up the DagBag from /home/udhbhav/miniconda3/lib/python3.11/site-packages/airflow/example_dags/example_xcomargs.py
[2025-03-27T14:55:55.814-0500] {processor.py:925} INFO - DAG(s) 'example_xcom_args_with_operators', 'example_xcom_args' retrieved from /home/udhbhav/miniconda3/lib/python3.11/site-packages/airflow/example_dags/example_xcomargs.py
[2025-03-27T14:55:55.823-0500] {logging_mixin.py:190} INFO - [2025-03-27T14:55:55.823-0500] {dag.py:3239} INFO - Sync 2 DAGs
[2025-03-27T14:55:55.828-0500] {logging_mixin.py:190} INFO - [2025-03-27T14:55:55.828-0500] {dag.py:4180} INFO - Setting next_dagrun for example_xcom_args to None, run_after=None
[2025-03-27T14:55:55.829-0500] {logging_mixin.py:190} INFO - [2025-03-27T14:55:55.829-0500] {dag.py:4180} INFO - Setting next_dagrun for example_xcom_args_with_operators to None, run_after=None
[2025-03-27T14:55:56.717-0500] {processor.py:208} INFO - Processing /home/udhbhav/miniconda3/lib/python3.11/site-packages/airflow/example_dags/example_xcomargs.py took 0.913 seconds
[2025-03-27T14:57:14.982-0500] {processor.py:186} INFO - Started process (PID=1786925) to work on /home/udhbhav/miniconda3/lib/python3.11/site-packages/airflow/example_dags/example_xcomargs.py
[2025-03-27T14:57:14.982-0500] {processor.py:914} INFO - Processing file /home/udhbhav/miniconda3/lib/python3.11/site-packages/airflow/example_dags/example_xcomargs.py for tasks to queue
[2025-03-27T14:57:14.983-0500] {logging_mixin.py:190} INFO - [2025-03-27T14:57:14.983-0500] {dagbag.py:588} INFO - Filling up the DagBag from /home/udhbhav/miniconda3/lib/python3.11/site-packages/airflow/example_dags/example_xcomargs.py
[2025-03-27T14:57:14.989-0500] {processor.py:925} INFO - DAG(s) 'example_xcom_args', 'example_xcom_args_with_operators' retrieved from /home/udhbhav/miniconda3/lib/python3.11/site-packages/airflow/example_dags/example_xcomargs.py
[2025-03-27T14:57:14.998-0500] {logging_mixin.py:190} INFO - [2025-03-27T14:57:14.997-0500] {dag.py:3239} INFO - Sync 2 DAGs
[2025-03-27T14:57:15.003-0500] {logging_mixin.py:190} INFO - [2025-03-27T14:57:15.003-0500] {dag.py:4180} INFO - Setting next_dagrun for example_xcom_args to None, run_after=None
[2025-03-27T14:57:15.004-0500] {logging_mixin.py:190} INFO - [2025-03-27T14:57:15.004-0500] {dag.py:4180} INFO - Setting next_dagrun for example_xcom_args_with_operators to None, run_after=None
[2025-03-27T14:57:15.203-0500] {processor.py:208} INFO - Processing /home/udhbhav/miniconda3/lib/python3.11/site-packages/airflow/example_dags/example_xcomargs.py took 0.224 seconds
[2025-03-27T14:58:32.537-0500] {processor.py:186} INFO - Started process (PID=1787718) to work on /home/udhbhav/miniconda3/lib/python3.11/site-packages/airflow/example_dags/example_xcomargs.py
[2025-03-27T14:58:32.537-0500] {processor.py:914} INFO - Processing file /home/udhbhav/miniconda3/lib/python3.11/site-packages/airflow/example_dags/example_xcomargs.py for tasks to queue
[2025-03-27T14:58:32.538-0500] {logging_mixin.py:190} INFO - [2025-03-27T14:58:32.538-0500] {dagbag.py:588} INFO - Filling up the DagBag from /home/udhbhav/miniconda3/lib/python3.11/site-packages/airflow/example_dags/example_xcomargs.py
[2025-03-27T14:58:32.543-0500] {processor.py:925} INFO - DAG(s) 'example_xcom_args', 'example_xcom_args_with_operators' retrieved from /home/udhbhav/miniconda3/lib/python3.11/site-packages/airflow/example_dags/example_xcomargs.py
[2025-03-27T14:58:32.552-0500] {logging_mixin.py:190} INFO - [2025-03-27T14:58:32.552-0500] {dag.py:3239} INFO - Sync 2 DAGs
[2025-03-27T14:58:32.557-0500] {logging_mixin.py:190} INFO - [2025-03-27T14:58:32.557-0500] {dag.py:4180} INFO - Setting next_dagrun for example_xcom_args to None, run_after=None
[2025-03-27T14:58:32.559-0500] {logging_mixin.py:190} INFO - [2025-03-27T14:58:32.559-0500] {dag.py:4180} INFO - Setting next_dagrun for example_xcom_args_with_operators to None, run_after=None
[2025-03-27T14:58:32.772-0500] {processor.py:208} INFO - Processing /home/udhbhav/miniconda3/lib/python3.11/site-packages/airflow/example_dags/example_xcomargs.py took 0.238 seconds
[2025-03-27T15:00:07.798-0500] {processor.py:186} INFO - Started process (PID=1788714) to work on /home/udhbhav/miniconda3/lib/python3.11/site-packages/airflow/example_dags/example_xcomargs.py
[2025-03-27T15:00:07.799-0500] {processor.py:914} INFO - Processing file /home/udhbhav/miniconda3/lib/python3.11/site-packages/airflow/example_dags/example_xcomargs.py for tasks to queue
[2025-03-27T15:00:07.800-0500] {logging_mixin.py:190} INFO - [2025-03-27T15:00:07.799-0500] {dagbag.py:588} INFO - Filling up the DagBag from /home/udhbhav/miniconda3/lib/python3.11/site-packages/airflow/example_dags/example_xcomargs.py
[2025-03-27T15:00:07.806-0500] {processor.py:925} INFO - DAG(s) 'example_xcom_args', 'example_xcom_args_with_operators' retrieved from /home/udhbhav/miniconda3/lib/python3.11/site-packages/airflow/example_dags/example_xcomargs.py
[2025-03-27T15:00:07.814-0500] {logging_mixin.py:190} INFO - [2025-03-27T15:00:07.814-0500] {dag.py:3239} INFO - Sync 2 DAGs
[2025-03-27T15:00:07.820-0500] {logging_mixin.py:190} INFO - [2025-03-27T15:00:07.820-0500] {dag.py:4180} INFO - Setting next_dagrun for example_xcom_args to None, run_after=None
[2025-03-27T15:00:07.821-0500] {logging_mixin.py:190} INFO - [2025-03-27T15:00:07.821-0500] {dag.py:4180} INFO - Setting next_dagrun for example_xcom_args_with_operators to None, run_after=None
[2025-03-27T15:00:07.953-0500] {processor.py:208} INFO - Processing /home/udhbhav/miniconda3/lib/python3.11/site-packages/airflow/example_dags/example_xcomargs.py took 0.158 seconds
[2025-03-27T15:01:14.686-0500] {processor.py:186} INFO - Started process (PID=1789556) to work on /home/udhbhav/miniconda3/lib/python3.11/site-packages/airflow/example_dags/example_xcomargs.py
[2025-03-27T15:01:14.687-0500] {processor.py:914} INFO - Processing file /home/udhbhav/miniconda3/lib/python3.11/site-packages/airflow/example_dags/example_xcomargs.py for tasks to queue
[2025-03-27T15:01:14.688-0500] {logging_mixin.py:190} INFO - [2025-03-27T15:01:14.688-0500] {dagbag.py:588} INFO - Filling up the DagBag from /home/udhbhav/miniconda3/lib/python3.11/site-packages/airflow/example_dags/example_xcomargs.py
[2025-03-27T15:01:14.694-0500] {processor.py:925} INFO - DAG(s) 'example_xcom_args_with_operators', 'example_xcom_args' retrieved from /home/udhbhav/miniconda3/lib/python3.11/site-packages/airflow/example_dags/example_xcomargs.py
[2025-03-27T15:01:14.703-0500] {logging_mixin.py:190} INFO - [2025-03-27T15:01:14.702-0500] {dag.py:3239} INFO - Sync 2 DAGs
[2025-03-27T15:01:14.708-0500] {logging_mixin.py:190} INFO - [2025-03-27T15:01:14.708-0500] {dag.py:4180} INFO - Setting next_dagrun for example_xcom_args to None, run_after=None
[2025-03-27T15:01:14.709-0500] {logging_mixin.py:190} INFO - [2025-03-27T15:01:14.709-0500] {dag.py:4180} INFO - Setting next_dagrun for example_xcom_args_with_operators to None, run_after=None
[2025-03-27T15:01:14.840-0500] {processor.py:208} INFO - Processing /home/udhbhav/miniconda3/lib/python3.11/site-packages/airflow/example_dags/example_xcomargs.py took 0.157 seconds
[2025-03-27T15:02:18.456-0500] {processor.py:186} INFO - Started process (PID=1790269) to work on /home/udhbhav/miniconda3/lib/python3.11/site-packages/airflow/example_dags/example_xcomargs.py
[2025-03-27T15:02:18.457-0500] {processor.py:914} INFO - Processing file /home/udhbhav/miniconda3/lib/python3.11/site-packages/airflow/example_dags/example_xcomargs.py for tasks to queue
[2025-03-27T15:02:18.458-0500] {logging_mixin.py:190} INFO - [2025-03-27T15:02:18.457-0500] {dagbag.py:588} INFO - Filling up the DagBag from /home/udhbhav/miniconda3/lib/python3.11/site-packages/airflow/example_dags/example_xcomargs.py
[2025-03-27T15:02:18.463-0500] {processor.py:925} INFO - DAG(s) 'example_xcom_args_with_operators', 'example_xcom_args' retrieved from /home/udhbhav/miniconda3/lib/python3.11/site-packages/airflow/example_dags/example_xcomargs.py
[2025-03-27T15:02:18.471-0500] {logging_mixin.py:190} INFO - [2025-03-27T15:02:18.471-0500] {dag.py:3239} INFO - Sync 2 DAGs
[2025-03-27T15:02:18.477-0500] {logging_mixin.py:190} INFO - [2025-03-27T15:02:18.477-0500] {dag.py:4180} INFO - Setting next_dagrun for example_xcom_args to None, run_after=None
[2025-03-27T15:02:18.478-0500] {logging_mixin.py:190} INFO - [2025-03-27T15:02:18.478-0500] {dag.py:4180} INFO - Setting next_dagrun for example_xcom_args_with_operators to None, run_after=None
[2025-03-27T15:02:18.678-0500] {processor.py:208} INFO - Processing /home/udhbhav/miniconda3/lib/python3.11/site-packages/airflow/example_dags/example_xcomargs.py took 0.225 seconds
[2025-03-27T15:03:36.222-0500] {processor.py:186} INFO - Started process (PID=1791017) to work on /home/udhbhav/miniconda3/lib/python3.11/site-packages/airflow/example_dags/example_xcomargs.py
[2025-03-27T15:03:36.222-0500] {processor.py:914} INFO - Processing file /home/udhbhav/miniconda3/lib/python3.11/site-packages/airflow/example_dags/example_xcomargs.py for tasks to queue
[2025-03-27T15:03:36.223-0500] {logging_mixin.py:190} INFO - [2025-03-27T15:03:36.223-0500] {dagbag.py:588} INFO - Filling up the DagBag from /home/udhbhav/miniconda3/lib/python3.11/site-packages/airflow/example_dags/example_xcomargs.py
[2025-03-27T15:03:36.229-0500] {processor.py:925} INFO - DAG(s) 'example_xcom_args_with_operators', 'example_xcom_args' retrieved from /home/udhbhav/miniconda3/lib/python3.11/site-packages/airflow/example_dags/example_xcomargs.py
[2025-03-27T15:03:36.237-0500] {logging_mixin.py:190} INFO - [2025-03-27T15:03:36.237-0500] {dag.py:3239} INFO - Sync 2 DAGs
[2025-03-27T15:03:36.242-0500] {logging_mixin.py:190} INFO - [2025-03-27T15:03:36.242-0500] {dag.py:4180} INFO - Setting next_dagrun for example_xcom_args to None, run_after=None
[2025-03-27T15:03:36.244-0500] {logging_mixin.py:190} INFO - [2025-03-27T15:03:36.244-0500] {dag.py:4180} INFO - Setting next_dagrun for example_xcom_args_with_operators to None, run_after=None
[2025-03-27T15:03:36.376-0500] {processor.py:208} INFO - Processing /home/udhbhav/miniconda3/lib/python3.11/site-packages/airflow/example_dags/example_xcomargs.py took 0.157 seconds
[2025-03-27T15:04:49.919-0500] {processor.py:186} INFO - Started process (PID=1791817) to work on /home/udhbhav/miniconda3/lib/python3.11/site-packages/airflow/example_dags/example_xcomargs.py
[2025-03-27T15:04:49.919-0500] {processor.py:914} INFO - Processing file /home/udhbhav/miniconda3/lib/python3.11/site-packages/airflow/example_dags/example_xcomargs.py for tasks to queue
[2025-03-27T15:04:49.920-0500] {logging_mixin.py:190} INFO - [2025-03-27T15:04:49.920-0500] {dagbag.py:588} INFO - Filling up the DagBag from /home/udhbhav/miniconda3/lib/python3.11/site-packages/airflow/example_dags/example_xcomargs.py
[2025-03-27T15:04:49.926-0500] {processor.py:925} INFO - DAG(s) 'example_xcom_args_with_operators', 'example_xcom_args' retrieved from /home/udhbhav/miniconda3/lib/python3.11/site-packages/airflow/example_dags/example_xcomargs.py
[2025-03-27T15:04:49.935-0500] {logging_mixin.py:190} INFO - [2025-03-27T15:04:49.934-0500] {dag.py:3239} INFO - Sync 2 DAGs
[2025-03-27T15:04:49.940-0500] {logging_mixin.py:190} INFO - [2025-03-27T15:04:49.940-0500] {dag.py:4180} INFO - Setting next_dagrun for example_xcom_args to None, run_after=None
[2025-03-27T15:04:49.941-0500] {logging_mixin.py:190} INFO - [2025-03-27T15:04:49.941-0500] {dag.py:4180} INFO - Setting next_dagrun for example_xcom_args_with_operators to None, run_after=None
[2025-03-27T15:04:50.150-0500] {processor.py:208} INFO - Processing /home/udhbhav/miniconda3/lib/python3.11/site-packages/airflow/example_dags/example_xcomargs.py took 0.234 seconds
[2025-03-27T15:06:12.626-0500] {processor.py:186} INFO - Started process (PID=1792541) to work on /home/udhbhav/miniconda3/lib/python3.11/site-packages/airflow/example_dags/example_xcomargs.py
[2025-03-27T15:06:12.626-0500] {processor.py:914} INFO - Processing file /home/udhbhav/miniconda3/lib/python3.11/site-packages/airflow/example_dags/example_xcomargs.py for tasks to queue
[2025-03-27T15:06:12.627-0500] {logging_mixin.py:190} INFO - [2025-03-27T15:06:12.627-0500] {dagbag.py:588} INFO - Filling up the DagBag from /home/udhbhav/miniconda3/lib/python3.11/site-packages/airflow/example_dags/example_xcomargs.py
[2025-03-27T15:06:12.633-0500] {processor.py:925} INFO - DAG(s) 'example_xcom_args', 'example_xcom_args_with_operators' retrieved from /home/udhbhav/miniconda3/lib/python3.11/site-packages/airflow/example_dags/example_xcomargs.py
[2025-03-27T15:06:12.641-0500] {logging_mixin.py:190} INFO - [2025-03-27T15:06:12.641-0500] {dag.py:3239} INFO - Sync 2 DAGs
[2025-03-27T15:06:12.646-0500] {logging_mixin.py:190} INFO - [2025-03-27T15:06:12.646-0500] {dag.py:4180} INFO - Setting next_dagrun for example_xcom_args to None, run_after=None
[2025-03-27T15:06:12.648-0500] {logging_mixin.py:190} INFO - [2025-03-27T15:06:12.648-0500] {dag.py:4180} INFO - Setting next_dagrun for example_xcom_args_with_operators to None, run_after=None
[2025-03-27T15:06:13.156-0500] {processor.py:208} INFO - Processing /home/udhbhav/miniconda3/lib/python3.11/site-packages/airflow/example_dags/example_xcomargs.py took 0.533 seconds
[2025-03-27T15:07:37.692-0500] {processor.py:186} INFO - Started process (PID=1793449) to work on /home/udhbhav/miniconda3/lib/python3.11/site-packages/airflow/example_dags/example_xcomargs.py
[2025-03-27T15:07:37.693-0500] {processor.py:914} INFO - Processing file /home/udhbhav/miniconda3/lib/python3.11/site-packages/airflow/example_dags/example_xcomargs.py for tasks to queue
[2025-03-27T15:07:37.694-0500] {logging_mixin.py:190} INFO - [2025-03-27T15:07:37.694-0500] {dagbag.py:588} INFO - Filling up the DagBag from /home/udhbhav/miniconda3/lib/python3.11/site-packages/airflow/example_dags/example_xcomargs.py
[2025-03-27T15:07:37.699-0500] {processor.py:925} INFO - DAG(s) 'example_xcom_args_with_operators', 'example_xcom_args' retrieved from /home/udhbhav/miniconda3/lib/python3.11/site-packages/airflow/example_dags/example_xcomargs.py
[2025-03-27T15:07:37.708-0500] {logging_mixin.py:190} INFO - [2025-03-27T15:07:37.707-0500] {dag.py:3239} INFO - Sync 2 DAGs
[2025-03-27T15:07:37.713-0500] {logging_mixin.py:190} INFO - [2025-03-27T15:07:37.713-0500] {dag.py:4180} INFO - Setting next_dagrun for example_xcom_args to None, run_after=None
[2025-03-27T15:07:37.714-0500] {logging_mixin.py:190} INFO - [2025-03-27T15:07:37.714-0500] {dag.py:4180} INFO - Setting next_dagrun for example_xcom_args_with_operators to None, run_after=None
[2025-03-27T15:07:37.845-0500] {processor.py:208} INFO - Processing /home/udhbhav/miniconda3/lib/python3.11/site-packages/airflow/example_dags/example_xcomargs.py took 0.156 seconds
[2025-03-27T15:08:41.551-0500] {processor.py:186} INFO - Started process (PID=1794132) to work on /home/udhbhav/miniconda3/lib/python3.11/site-packages/airflow/example_dags/example_xcomargs.py
[2025-03-27T15:08:41.552-0500] {processor.py:914} INFO - Processing file /home/udhbhav/miniconda3/lib/python3.11/site-packages/airflow/example_dags/example_xcomargs.py for tasks to queue
[2025-03-27T15:08:41.553-0500] {logging_mixin.py:190} INFO - [2025-03-27T15:08:41.552-0500] {dagbag.py:588} INFO - Filling up the DagBag from /home/udhbhav/miniconda3/lib/python3.11/site-packages/airflow/example_dags/example_xcomargs.py
[2025-03-27T15:08:41.558-0500] {processor.py:925} INFO - DAG(s) 'example_xcom_args_with_operators', 'example_xcom_args' retrieved from /home/udhbhav/miniconda3/lib/python3.11/site-packages/airflow/example_dags/example_xcomargs.py
[2025-03-27T15:08:41.567-0500] {logging_mixin.py:190} INFO - [2025-03-27T15:08:41.567-0500] {dag.py:3239} INFO - Sync 2 DAGs
[2025-03-27T15:08:41.572-0500] {logging_mixin.py:190} INFO - [2025-03-27T15:08:41.572-0500] {dag.py:4180} INFO - Setting next_dagrun for example_xcom_args to None, run_after=None
[2025-03-27T15:08:41.573-0500] {logging_mixin.py:190} INFO - [2025-03-27T15:08:41.573-0500] {dag.py:4180} INFO - Setting next_dagrun for example_xcom_args_with_operators to None, run_after=None
[2025-03-27T15:08:41.702-0500] {processor.py:208} INFO - Processing /home/udhbhav/miniconda3/lib/python3.11/site-packages/airflow/example_dags/example_xcomargs.py took 0.153 seconds
[2025-03-27T15:09:51.334-0500] {processor.py:186} INFO - Started process (PID=1794806) to work on /home/udhbhav/miniconda3/lib/python3.11/site-packages/airflow/example_dags/example_xcomargs.py
[2025-03-27T15:09:51.335-0500] {processor.py:914} INFO - Processing file /home/udhbhav/miniconda3/lib/python3.11/site-packages/airflow/example_dags/example_xcomargs.py for tasks to queue
[2025-03-27T15:09:51.336-0500] {logging_mixin.py:190} INFO - [2025-03-27T15:09:51.335-0500] {dagbag.py:588} INFO - Filling up the DagBag from /home/udhbhav/miniconda3/lib/python3.11/site-packages/airflow/example_dags/example_xcomargs.py
[2025-03-27T15:09:51.341-0500] {processor.py:925} INFO - DAG(s) 'example_xcom_args_with_operators', 'example_xcom_args' retrieved from /home/udhbhav/miniconda3/lib/python3.11/site-packages/airflow/example_dags/example_xcomargs.py
[2025-03-27T15:09:51.349-0500] {logging_mixin.py:190} INFO - [2025-03-27T15:09:51.349-0500] {dag.py:3239} INFO - Sync 2 DAGs
[2025-03-27T15:09:51.355-0500] {logging_mixin.py:190} INFO - [2025-03-27T15:09:51.355-0500] {dag.py:4180} INFO - Setting next_dagrun for example_xcom_args to None, run_after=None
[2025-03-27T15:09:51.356-0500] {logging_mixin.py:190} INFO - [2025-03-27T15:09:51.356-0500] {dag.py:4180} INFO - Setting next_dagrun for example_xcom_args_with_operators to None, run_after=None
[2025-03-27T15:09:51.488-0500] {processor.py:208} INFO - Processing /home/udhbhav/miniconda3/lib/python3.11/site-packages/airflow/example_dags/example_xcomargs.py took 0.156 seconds
[2025-03-27T15:11:00.464-0500] {processor.py:186} INFO - Started process (PID=1795447) to work on /home/udhbhav/miniconda3/lib/python3.11/site-packages/airflow/example_dags/example_xcomargs.py
[2025-03-27T15:11:00.465-0500] {processor.py:914} INFO - Processing file /home/udhbhav/miniconda3/lib/python3.11/site-packages/airflow/example_dags/example_xcomargs.py for tasks to queue
[2025-03-27T15:11:00.466-0500] {logging_mixin.py:190} INFO - [2025-03-27T15:11:00.466-0500] {dagbag.py:588} INFO - Filling up the DagBag from /home/udhbhav/miniconda3/lib/python3.11/site-packages/airflow/example_dags/example_xcomargs.py
[2025-03-27T15:11:00.472-0500] {processor.py:925} INFO - DAG(s) 'example_xcom_args', 'example_xcom_args_with_operators' retrieved from /home/udhbhav/miniconda3/lib/python3.11/site-packages/airflow/example_dags/example_xcomargs.py
[2025-03-27T15:11:00.480-0500] {logging_mixin.py:190} INFO - [2025-03-27T15:11:00.480-0500] {dag.py:3239} INFO - Sync 2 DAGs
[2025-03-27T15:11:00.485-0500] {logging_mixin.py:190} INFO - [2025-03-27T15:11:00.485-0500] {dag.py:4180} INFO - Setting next_dagrun for example_xcom_args to None, run_after=None
[2025-03-27T15:11:00.487-0500] {logging_mixin.py:190} INFO - [2025-03-27T15:11:00.487-0500] {dag.py:4180} INFO - Setting next_dagrun for example_xcom_args_with_operators to None, run_after=None
[2025-03-27T15:11:00.618-0500] {processor.py:208} INFO - Processing /home/udhbhav/miniconda3/lib/python3.11/site-packages/airflow/example_dags/example_xcomargs.py took 0.157 seconds
[2025-03-27T15:12:05.954-0500] {processor.py:186} INFO - Started process (PID=1797646) to work on /home/udhbhav/miniconda3/lib/python3.11/site-packages/airflow/example_dags/example_xcomargs.py
[2025-03-27T15:12:05.955-0500] {processor.py:914} INFO - Processing file /home/udhbhav/miniconda3/lib/python3.11/site-packages/airflow/example_dags/example_xcomargs.py for tasks to queue
[2025-03-27T15:12:05.956-0500] {logging_mixin.py:190} INFO - [2025-03-27T15:12:05.956-0500] {dagbag.py:588} INFO - Filling up the DagBag from /home/udhbhav/miniconda3/lib/python3.11/site-packages/airflow/example_dags/example_xcomargs.py
[2025-03-27T15:12:05.961-0500] {processor.py:925} INFO - DAG(s) 'example_xcom_args_with_operators', 'example_xcom_args' retrieved from /home/udhbhav/miniconda3/lib/python3.11/site-packages/airflow/example_dags/example_xcomargs.py
[2025-03-27T15:12:05.970-0500] {logging_mixin.py:190} INFO - [2025-03-27T15:12:05.970-0500] {dag.py:3239} INFO - Sync 2 DAGs
[2025-03-27T15:12:05.975-0500] {logging_mixin.py:190} INFO - [2025-03-27T15:12:05.975-0500] {dag.py:4180} INFO - Setting next_dagrun for example_xcom_args to None, run_after=None
[2025-03-27T15:12:05.976-0500] {logging_mixin.py:190} INFO - [2025-03-27T15:12:05.976-0500] {dag.py:4180} INFO - Setting next_dagrun for example_xcom_args_with_operators to None, run_after=None
[2025-03-27T15:12:06.196-0500] {processor.py:208} INFO - Processing /home/udhbhav/miniconda3/lib/python3.11/site-packages/airflow/example_dags/example_xcomargs.py took 0.245 seconds
[2025-03-27T15:13:25.399-0500] {processor.py:186} INFO - Started process (PID=1798415) to work on /home/udhbhav/miniconda3/lib/python3.11/site-packages/airflow/example_dags/example_xcomargs.py
[2025-03-27T15:13:25.399-0500] {processor.py:914} INFO - Processing file /home/udhbhav/miniconda3/lib/python3.11/site-packages/airflow/example_dags/example_xcomargs.py for tasks to queue
[2025-03-27T15:13:25.400-0500] {logging_mixin.py:190} INFO - [2025-03-27T15:13:25.400-0500] {dagbag.py:588} INFO - Filling up the DagBag from /home/udhbhav/miniconda3/lib/python3.11/site-packages/airflow/example_dags/example_xcomargs.py
[2025-03-27T15:13:25.406-0500] {processor.py:925} INFO - DAG(s) 'example_xcom_args', 'example_xcom_args_with_operators' retrieved from /home/udhbhav/miniconda3/lib/python3.11/site-packages/airflow/example_dags/example_xcomargs.py
[2025-03-27T15:13:25.414-0500] {logging_mixin.py:190} INFO - [2025-03-27T15:13:25.414-0500] {dag.py:3239} INFO - Sync 2 DAGs
[2025-03-27T15:13:25.420-0500] {logging_mixin.py:190} INFO - [2025-03-27T15:13:25.419-0500] {dag.py:4180} INFO - Setting next_dagrun for example_xcom_args to None, run_after=None
[2025-03-27T15:13:25.421-0500] {logging_mixin.py:190} INFO - [2025-03-27T15:13:25.421-0500] {dag.py:4180} INFO - Setting next_dagrun for example_xcom_args_with_operators to None, run_after=None
[2025-03-27T15:13:25.553-0500] {processor.py:208} INFO - Processing /home/udhbhav/miniconda3/lib/python3.11/site-packages/airflow/example_dags/example_xcomargs.py took 0.156 seconds
[2025-03-27T15:14:42.074-0500] {processor.py:186} INFO - Started process (PID=1799245) to work on /home/udhbhav/miniconda3/lib/python3.11/site-packages/airflow/example_dags/example_xcomargs.py
[2025-03-27T15:14:42.074-0500] {processor.py:914} INFO - Processing file /home/udhbhav/miniconda3/lib/python3.11/site-packages/airflow/example_dags/example_xcomargs.py for tasks to queue
[2025-03-27T15:14:42.075-0500] {logging_mixin.py:190} INFO - [2025-03-27T15:14:42.075-0500] {dagbag.py:588} INFO - Filling up the DagBag from /home/udhbhav/miniconda3/lib/python3.11/site-packages/airflow/example_dags/example_xcomargs.py
[2025-03-27T15:14:42.081-0500] {processor.py:925} INFO - DAG(s) 'example_xcom_args', 'example_xcom_args_with_operators' retrieved from /home/udhbhav/miniconda3/lib/python3.11/site-packages/airflow/example_dags/example_xcomargs.py
[2025-03-27T15:14:42.089-0500] {logging_mixin.py:190} INFO - [2025-03-27T15:14:42.089-0500] {dag.py:3239} INFO - Sync 2 DAGs
[2025-03-27T15:14:42.095-0500] {logging_mixin.py:190} INFO - [2025-03-27T15:14:42.095-0500] {dag.py:4180} INFO - Setting next_dagrun for example_xcom_args to None, run_after=None
[2025-03-27T15:14:42.096-0500] {logging_mixin.py:190} INFO - [2025-03-27T15:14:42.096-0500] {dag.py:4180} INFO - Setting next_dagrun for example_xcom_args_with_operators to None, run_after=None
[2025-03-27T15:14:42.302-0500] {processor.py:208} INFO - Processing /home/udhbhav/miniconda3/lib/python3.11/site-packages/airflow/example_dags/example_xcomargs.py took 0.231 seconds
[2025-03-27T15:16:00.681-0500] {processor.py:186} INFO - Started process (PID=1800002) to work on /home/udhbhav/miniconda3/lib/python3.11/site-packages/airflow/example_dags/example_xcomargs.py
[2025-03-27T15:16:00.681-0500] {processor.py:914} INFO - Processing file /home/udhbhav/miniconda3/lib/python3.11/site-packages/airflow/example_dags/example_xcomargs.py for tasks to queue
[2025-03-27T15:16:00.682-0500] {logging_mixin.py:190} INFO - [2025-03-27T15:16:00.682-0500] {dagbag.py:588} INFO - Filling up the DagBag from /home/udhbhav/miniconda3/lib/python3.11/site-packages/airflow/example_dags/example_xcomargs.py
[2025-03-27T15:16:00.687-0500] {processor.py:925} INFO - DAG(s) 'example_xcom_args_with_operators', 'example_xcom_args' retrieved from /home/udhbhav/miniconda3/lib/python3.11/site-packages/airflow/example_dags/example_xcomargs.py
[2025-03-27T15:16:00.696-0500] {logging_mixin.py:190} INFO - [2025-03-27T15:16:00.696-0500] {dag.py:3239} INFO - Sync 2 DAGs
[2025-03-27T15:16:00.701-0500] {logging_mixin.py:190} INFO - [2025-03-27T15:16:00.701-0500] {dag.py:4180} INFO - Setting next_dagrun for example_xcom_args to None, run_after=None
[2025-03-27T15:16:00.702-0500] {logging_mixin.py:190} INFO - [2025-03-27T15:16:00.702-0500] {dag.py:4180} INFO - Setting next_dagrun for example_xcom_args_with_operators to None, run_after=None
[2025-03-27T15:16:01.099-0500] {processor.py:208} INFO - Processing /home/udhbhav/miniconda3/lib/python3.11/site-packages/airflow/example_dags/example_xcomargs.py took 0.422 seconds
[2025-03-27T15:17:19.376-0500] {processor.py:186} INFO - Started process (PID=1800745) to work on /home/udhbhav/miniconda3/lib/python3.11/site-packages/airflow/example_dags/example_xcomargs.py
[2025-03-27T15:17:19.376-0500] {processor.py:914} INFO - Processing file /home/udhbhav/miniconda3/lib/python3.11/site-packages/airflow/example_dags/example_xcomargs.py for tasks to queue
[2025-03-27T15:17:19.377-0500] {logging_mixin.py:190} INFO - [2025-03-27T15:17:19.377-0500] {dagbag.py:588} INFO - Filling up the DagBag from /home/udhbhav/miniconda3/lib/python3.11/site-packages/airflow/example_dags/example_xcomargs.py
[2025-03-27T15:17:19.382-0500] {processor.py:925} INFO - DAG(s) 'example_xcom_args', 'example_xcom_args_with_operators' retrieved from /home/udhbhav/miniconda3/lib/python3.11/site-packages/airflow/example_dags/example_xcomargs.py
[2025-03-27T15:17:19.391-0500] {logging_mixin.py:190} INFO - [2025-03-27T15:17:19.390-0500] {dag.py:3239} INFO - Sync 2 DAGs
[2025-03-27T15:17:19.396-0500] {logging_mixin.py:190} INFO - [2025-03-27T15:17:19.396-0500] {dag.py:4180} INFO - Setting next_dagrun for example_xcom_args to None, run_after=None
[2025-03-27T15:17:19.397-0500] {logging_mixin.py:190} INFO - [2025-03-27T15:17:19.397-0500] {dag.py:4180} INFO - Setting next_dagrun for example_xcom_args_with_operators to None, run_after=None
[2025-03-27T15:17:19.529-0500] {processor.py:208} INFO - Processing /home/udhbhav/miniconda3/lib/python3.11/site-packages/airflow/example_dags/example_xcomargs.py took 0.157 seconds
[2025-03-27T15:18:25.503-0500] {processor.py:186} INFO - Started process (PID=1801407) to work on /home/udhbhav/miniconda3/lib/python3.11/site-packages/airflow/example_dags/example_xcomargs.py
[2025-03-27T15:18:25.504-0500] {processor.py:914} INFO - Processing file /home/udhbhav/miniconda3/lib/python3.11/site-packages/airflow/example_dags/example_xcomargs.py for tasks to queue
[2025-03-27T15:18:25.505-0500] {logging_mixin.py:190} INFO - [2025-03-27T15:18:25.505-0500] {dagbag.py:588} INFO - Filling up the DagBag from /home/udhbhav/miniconda3/lib/python3.11/site-packages/airflow/example_dags/example_xcomargs.py
[2025-03-27T15:18:25.510-0500] {processor.py:925} INFO - DAG(s) 'example_xcom_args_with_operators', 'example_xcom_args' retrieved from /home/udhbhav/miniconda3/lib/python3.11/site-packages/airflow/example_dags/example_xcomargs.py
[2025-03-27T15:18:25.519-0500] {logging_mixin.py:190} INFO - [2025-03-27T15:18:25.519-0500] {dag.py:3239} INFO - Sync 2 DAGs
[2025-03-27T15:18:25.524-0500] {logging_mixin.py:190} INFO - [2025-03-27T15:18:25.524-0500] {dag.py:4180} INFO - Setting next_dagrun for example_xcom_args to None, run_after=None
[2025-03-27T15:18:25.525-0500] {logging_mixin.py:190} INFO - [2025-03-27T15:18:25.525-0500] {dag.py:4180} INFO - Setting next_dagrun for example_xcom_args_with_operators to None, run_after=None
[2025-03-27T15:18:25.657-0500] {processor.py:208} INFO - Processing /home/udhbhav/miniconda3/lib/python3.11/site-packages/airflow/example_dags/example_xcomargs.py took 0.156 seconds
[2025-03-27T15:19:36.002-0500] {processor.py:186} INFO - Started process (PID=1802123) to work on /home/udhbhav/miniconda3/lib/python3.11/site-packages/airflow/example_dags/example_xcomargs.py
[2025-03-27T15:19:36.002-0500] {processor.py:914} INFO - Processing file /home/udhbhav/miniconda3/lib/python3.11/site-packages/airflow/example_dags/example_xcomargs.py for tasks to queue
[2025-03-27T15:19:36.003-0500] {logging_mixin.py:190} INFO - [2025-03-27T15:19:36.003-0500] {dagbag.py:588} INFO - Filling up the DagBag from /home/udhbhav/miniconda3/lib/python3.11/site-packages/airflow/example_dags/example_xcomargs.py
[2025-03-27T15:19:36.008-0500] {processor.py:925} INFO - DAG(s) 'example_xcom_args_with_operators', 'example_xcom_args' retrieved from /home/udhbhav/miniconda3/lib/python3.11/site-packages/airflow/example_dags/example_xcomargs.py
[2025-03-27T15:19:36.017-0500] {logging_mixin.py:190} INFO - [2025-03-27T15:19:36.017-0500] {dag.py:3239} INFO - Sync 2 DAGs
[2025-03-27T15:19:36.022-0500] {logging_mixin.py:190} INFO - [2025-03-27T15:19:36.022-0500] {dag.py:4180} INFO - Setting next_dagrun for example_xcom_args to None, run_after=None
[2025-03-27T15:19:36.023-0500] {logging_mixin.py:190} INFO - [2025-03-27T15:19:36.023-0500] {dag.py:4180} INFO - Setting next_dagrun for example_xcom_args_with_operators to None, run_after=None
[2025-03-27T15:19:36.369-0500] {processor.py:208} INFO - Processing /home/udhbhav/miniconda3/lib/python3.11/site-packages/airflow/example_dags/example_xcomargs.py took 0.371 seconds
[2025-03-27T15:20:41.049-0500] {processor.py:186} INFO - Started process (PID=1803589) to work on /home/udhbhav/miniconda3/lib/python3.11/site-packages/airflow/example_dags/example_xcomargs.py
[2025-03-27T15:20:41.049-0500] {processor.py:914} INFO - Processing file /home/udhbhav/miniconda3/lib/python3.11/site-packages/airflow/example_dags/example_xcomargs.py for tasks to queue
[2025-03-27T15:20:41.050-0500] {logging_mixin.py:190} INFO - [2025-03-27T15:20:41.050-0500] {dagbag.py:588} INFO - Filling up the DagBag from /home/udhbhav/miniconda3/lib/python3.11/site-packages/airflow/example_dags/example_xcomargs.py
[2025-03-27T15:20:41.056-0500] {processor.py:925} INFO - DAG(s) 'example_xcom_args_with_operators', 'example_xcom_args' retrieved from /home/udhbhav/miniconda3/lib/python3.11/site-packages/airflow/example_dags/example_xcomargs.py
[2025-03-27T15:20:41.064-0500] {logging_mixin.py:190} INFO - [2025-03-27T15:20:41.064-0500] {dag.py:3239} INFO - Sync 2 DAGs
[2025-03-27T15:20:41.070-0500] {logging_mixin.py:190} INFO - [2025-03-27T15:20:41.070-0500] {dag.py:4180} INFO - Setting next_dagrun for example_xcom_args to None, run_after=None
[2025-03-27T15:20:41.071-0500] {logging_mixin.py:190} INFO - [2025-03-27T15:20:41.071-0500] {dag.py:4180} INFO - Setting next_dagrun for example_xcom_args_with_operators to None, run_after=None
[2025-03-27T15:20:41.198-0500] {processor.py:208} INFO - Processing /home/udhbhav/miniconda3/lib/python3.11/site-packages/airflow/example_dags/example_xcomargs.py took 0.152 seconds
[2025-03-27T15:21:52.162-0500] {processor.py:186} INFO - Started process (PID=1808395) to work on /home/udhbhav/miniconda3/lib/python3.11/site-packages/airflow/example_dags/example_xcomargs.py
[2025-03-27T15:21:52.162-0500] {processor.py:914} INFO - Processing file /home/udhbhav/miniconda3/lib/python3.11/site-packages/airflow/example_dags/example_xcomargs.py for tasks to queue
[2025-03-27T15:21:52.163-0500] {logging_mixin.py:190} INFO - [2025-03-27T15:21:52.163-0500] {dagbag.py:588} INFO - Filling up the DagBag from /home/udhbhav/miniconda3/lib/python3.11/site-packages/airflow/example_dags/example_xcomargs.py
[2025-03-27T15:21:52.169-0500] {processor.py:925} INFO - DAG(s) 'example_xcom_args', 'example_xcom_args_with_operators' retrieved from /home/udhbhav/miniconda3/lib/python3.11/site-packages/airflow/example_dags/example_xcomargs.py
[2025-03-27T15:21:52.177-0500] {logging_mixin.py:190} INFO - [2025-03-27T15:21:52.177-0500] {dag.py:3239} INFO - Sync 2 DAGs
[2025-03-27T15:21:52.182-0500] {logging_mixin.py:190} INFO - [2025-03-27T15:21:52.182-0500] {dag.py:4180} INFO - Setting next_dagrun for example_xcom_args to None, run_after=None
[2025-03-27T15:21:52.184-0500] {logging_mixin.py:190} INFO - [2025-03-27T15:21:52.184-0500] {dag.py:4180} INFO - Setting next_dagrun for example_xcom_args_with_operators to None, run_after=None
[2025-03-27T15:21:52.316-0500] {processor.py:208} INFO - Processing /home/udhbhav/miniconda3/lib/python3.11/site-packages/airflow/example_dags/example_xcomargs.py took 0.157 seconds
[2025-03-27T15:23:11.064-0500] {processor.py:186} INFO - Started process (PID=1809082) to work on /home/udhbhav/miniconda3/lib/python3.11/site-packages/airflow/example_dags/example_xcomargs.py
[2025-03-27T15:23:11.065-0500] {processor.py:914} INFO - Processing file /home/udhbhav/miniconda3/lib/python3.11/site-packages/airflow/example_dags/example_xcomargs.py for tasks to queue
[2025-03-27T15:23:11.066-0500] {logging_mixin.py:190} INFO - [2025-03-27T15:23:11.065-0500] {dagbag.py:588} INFO - Filling up the DagBag from /home/udhbhav/miniconda3/lib/python3.11/site-packages/airflow/example_dags/example_xcomargs.py
[2025-03-27T15:23:11.071-0500] {processor.py:925} INFO - DAG(s) 'example_xcom_args', 'example_xcom_args_with_operators' retrieved from /home/udhbhav/miniconda3/lib/python3.11/site-packages/airflow/example_dags/example_xcomargs.py
[2025-03-27T15:23:11.080-0500] {logging_mixin.py:190} INFO - [2025-03-27T15:23:11.079-0500] {dag.py:3239} INFO - Sync 2 DAGs
[2025-03-27T15:23:11.085-0500] {logging_mixin.py:190} INFO - [2025-03-27T15:23:11.085-0500] {dag.py:4180} INFO - Setting next_dagrun for example_xcom_args to None, run_after=None
[2025-03-27T15:23:11.086-0500] {logging_mixin.py:190} INFO - [2025-03-27T15:23:11.086-0500] {dag.py:4180} INFO - Setting next_dagrun for example_xcom_args_with_operators to None, run_after=None
[2025-03-27T15:23:11.521-0500] {processor.py:208} INFO - Processing /home/udhbhav/miniconda3/lib/python3.11/site-packages/airflow/example_dags/example_xcomargs.py took 0.460 seconds
[2025-03-27T15:24:19.209-0500] {processor.py:186} INFO - Started process (PID=1809865) to work on /home/udhbhav/miniconda3/lib/python3.11/site-packages/airflow/example_dags/example_xcomargs.py
[2025-03-27T15:24:19.209-0500] {processor.py:914} INFO - Processing file /home/udhbhav/miniconda3/lib/python3.11/site-packages/airflow/example_dags/example_xcomargs.py for tasks to queue
[2025-03-27T15:24:19.210-0500] {logging_mixin.py:190} INFO - [2025-03-27T15:24:19.210-0500] {dagbag.py:588} INFO - Filling up the DagBag from /home/udhbhav/miniconda3/lib/python3.11/site-packages/airflow/example_dags/example_xcomargs.py
[2025-03-27T15:24:19.216-0500] {processor.py:925} INFO - DAG(s) 'example_xcom_args_with_operators', 'example_xcom_args' retrieved from /home/udhbhav/miniconda3/lib/python3.11/site-packages/airflow/example_dags/example_xcomargs.py
[2025-03-27T15:24:19.224-0500] {logging_mixin.py:190} INFO - [2025-03-27T15:24:19.224-0500] {dag.py:3239} INFO - Sync 2 DAGs
[2025-03-27T15:24:19.230-0500] {logging_mixin.py:190} INFO - [2025-03-27T15:24:19.230-0500] {dag.py:4180} INFO - Setting next_dagrun for example_xcom_args to None, run_after=None
[2025-03-27T15:24:19.231-0500] {logging_mixin.py:190} INFO - [2025-03-27T15:24:19.231-0500] {dag.py:4180} INFO - Setting next_dagrun for example_xcom_args_with_operators to None, run_after=None
[2025-03-27T15:24:20.039-0500] {processor.py:208} INFO - Processing /home/udhbhav/miniconda3/lib/python3.11/site-packages/airflow/example_dags/example_xcomargs.py took 0.833 seconds
[2025-03-27T15:25:40.178-0500] {processor.py:186} INFO - Started process (PID=1810725) to work on /home/udhbhav/miniconda3/lib/python3.11/site-packages/airflow/example_dags/example_xcomargs.py
[2025-03-27T15:25:40.179-0500] {processor.py:914} INFO - Processing file /home/udhbhav/miniconda3/lib/python3.11/site-packages/airflow/example_dags/example_xcomargs.py for tasks to queue
[2025-03-27T15:25:40.180-0500] {logging_mixin.py:190} INFO - [2025-03-27T15:25:40.179-0500] {dagbag.py:588} INFO - Filling up the DagBag from /home/udhbhav/miniconda3/lib/python3.11/site-packages/airflow/example_dags/example_xcomargs.py
[2025-03-27T15:25:40.185-0500] {processor.py:925} INFO - DAG(s) 'example_xcom_args_with_operators', 'example_xcom_args' retrieved from /home/udhbhav/miniconda3/lib/python3.11/site-packages/airflow/example_dags/example_xcomargs.py
[2025-03-27T15:25:40.194-0500] {logging_mixin.py:190} INFO - [2025-03-27T15:25:40.193-0500] {dag.py:3239} INFO - Sync 2 DAGs
[2025-03-27T15:25:40.199-0500] {logging_mixin.py:190} INFO - [2025-03-27T15:25:40.199-0500] {dag.py:4180} INFO - Setting next_dagrun for example_xcom_args to None, run_after=None
[2025-03-27T15:25:40.200-0500] {logging_mixin.py:190} INFO - [2025-03-27T15:25:40.200-0500] {dag.py:4180} INFO - Setting next_dagrun for example_xcom_args_with_operators to None, run_after=None
[2025-03-27T15:25:41.162-0500] {processor.py:208} INFO - Processing /home/udhbhav/miniconda3/lib/python3.11/site-packages/airflow/example_dags/example_xcomargs.py took 0.986 seconds
[2025-03-27T15:27:13.480-0500] {processor.py:186} INFO - Started process (PID=1811552) to work on /home/udhbhav/miniconda3/lib/python3.11/site-packages/airflow/example_dags/example_xcomargs.py
[2025-03-27T15:27:13.480-0500] {processor.py:914} INFO - Processing file /home/udhbhav/miniconda3/lib/python3.11/site-packages/airflow/example_dags/example_xcomargs.py for tasks to queue
[2025-03-27T15:27:13.482-0500] {logging_mixin.py:190} INFO - [2025-03-27T15:27:13.481-0500] {dagbag.py:588} INFO - Filling up the DagBag from /home/udhbhav/miniconda3/lib/python3.11/site-packages/airflow/example_dags/example_xcomargs.py
[2025-03-27T15:27:13.487-0500] {processor.py:925} INFO - DAG(s) 'example_xcom_args', 'example_xcom_args_with_operators' retrieved from /home/udhbhav/miniconda3/lib/python3.11/site-packages/airflow/example_dags/example_xcomargs.py
[2025-03-27T15:27:13.496-0500] {logging_mixin.py:190} INFO - [2025-03-27T15:27:13.495-0500] {dag.py:3239} INFO - Sync 2 DAGs
[2025-03-27T15:27:13.501-0500] {logging_mixin.py:190} INFO - [2025-03-27T15:27:13.501-0500] {dag.py:4180} INFO - Setting next_dagrun for example_xcom_args to None, run_after=None
[2025-03-27T15:27:13.502-0500] {logging_mixin.py:190} INFO - [2025-03-27T15:27:13.502-0500] {dag.py:4180} INFO - Setting next_dagrun for example_xcom_args_with_operators to None, run_after=None
[2025-03-27T15:27:13.702-0500] {processor.py:208} INFO - Processing /home/udhbhav/miniconda3/lib/python3.11/site-packages/airflow/example_dags/example_xcomargs.py took 0.225 seconds
[2025-03-27T15:28:31.553-0500] {processor.py:186} INFO - Started process (PID=1812289) to work on /home/udhbhav/miniconda3/lib/python3.11/site-packages/airflow/example_dags/example_xcomargs.py
[2025-03-27T15:28:31.554-0500] {processor.py:914} INFO - Processing file /home/udhbhav/miniconda3/lib/python3.11/site-packages/airflow/example_dags/example_xcomargs.py for tasks to queue
[2025-03-27T15:28:31.555-0500] {logging_mixin.py:190} INFO - [2025-03-27T15:28:31.555-0500] {dagbag.py:588} INFO - Filling up the DagBag from /home/udhbhav/miniconda3/lib/python3.11/site-packages/airflow/example_dags/example_xcomargs.py
[2025-03-27T15:28:31.560-0500] {processor.py:925} INFO - DAG(s) 'example_xcom_args', 'example_xcom_args_with_operators' retrieved from /home/udhbhav/miniconda3/lib/python3.11/site-packages/airflow/example_dags/example_xcomargs.py
[2025-03-27T15:28:31.569-0500] {logging_mixin.py:190} INFO - [2025-03-27T15:28:31.569-0500] {dag.py:3239} INFO - Sync 2 DAGs
[2025-03-27T15:28:31.574-0500] {logging_mixin.py:190} INFO - [2025-03-27T15:28:31.574-0500] {dag.py:4180} INFO - Setting next_dagrun for example_xcom_args to None, run_after=None
[2025-03-27T15:28:31.576-0500] {logging_mixin.py:190} INFO - [2025-03-27T15:28:31.576-0500] {dag.py:4180} INFO - Setting next_dagrun for example_xcom_args_with_operators to None, run_after=None
[2025-03-27T15:28:31.836-0500] {processor.py:208} INFO - Processing /home/udhbhav/miniconda3/lib/python3.11/site-packages/airflow/example_dags/example_xcomargs.py took 0.286 seconds
[2025-03-27T15:30:18.292-0500] {processor.py:186} INFO - Started process (PID=1813301) to work on /home/udhbhav/miniconda3/lib/python3.11/site-packages/airflow/example_dags/example_xcomargs.py
[2025-03-27T15:30:18.293-0500] {processor.py:914} INFO - Processing file /home/udhbhav/miniconda3/lib/python3.11/site-packages/airflow/example_dags/example_xcomargs.py for tasks to queue
[2025-03-27T15:30:18.294-0500] {logging_mixin.py:190} INFO - [2025-03-27T15:30:18.294-0500] {dagbag.py:588} INFO - Filling up the DagBag from /home/udhbhav/miniconda3/lib/python3.11/site-packages/airflow/example_dags/example_xcomargs.py
[2025-03-27T15:30:18.299-0500] {processor.py:925} INFO - DAG(s) 'example_xcom_args_with_operators', 'example_xcom_args' retrieved from /home/udhbhav/miniconda3/lib/python3.11/site-packages/airflow/example_dags/example_xcomargs.py
[2025-03-27T15:30:18.308-0500] {logging_mixin.py:190} INFO - [2025-03-27T15:30:18.308-0500] {dag.py:3239} INFO - Sync 2 DAGs
[2025-03-27T15:30:18.313-0500] {logging_mixin.py:190} INFO - [2025-03-27T15:30:18.313-0500] {dag.py:4180} INFO - Setting next_dagrun for example_xcom_args to None, run_after=None
[2025-03-27T15:30:18.314-0500] {logging_mixin.py:190} INFO - [2025-03-27T15:30:18.314-0500] {dag.py:4180} INFO - Setting next_dagrun for example_xcom_args_with_operators to None, run_after=None
[2025-03-27T15:30:18.587-0500] {processor.py:208} INFO - Processing /home/udhbhav/miniconda3/lib/python3.11/site-packages/airflow/example_dags/example_xcomargs.py took 0.297 seconds
[2025-03-27T15:32:10.953-0500] {processor.py:186} INFO - Started process (PID=1814359) to work on /home/udhbhav/miniconda3/lib/python3.11/site-packages/airflow/example_dags/example_xcomargs.py
[2025-03-27T15:32:10.954-0500] {processor.py:914} INFO - Processing file /home/udhbhav/miniconda3/lib/python3.11/site-packages/airflow/example_dags/example_xcomargs.py for tasks to queue
[2025-03-27T15:32:10.955-0500] {logging_mixin.py:190} INFO - [2025-03-27T15:32:10.954-0500] {dagbag.py:588} INFO - Filling up the DagBag from /home/udhbhav/miniconda3/lib/python3.11/site-packages/airflow/example_dags/example_xcomargs.py
[2025-03-27T15:32:10.960-0500] {processor.py:925} INFO - DAG(s) 'example_xcom_args_with_operators', 'example_xcom_args' retrieved from /home/udhbhav/miniconda3/lib/python3.11/site-packages/airflow/example_dags/example_xcomargs.py
[2025-03-27T15:32:10.968-0500] {logging_mixin.py:190} INFO - [2025-03-27T15:32:10.968-0500] {dag.py:3239} INFO - Sync 2 DAGs
[2025-03-27T15:32:10.974-0500] {logging_mixin.py:190} INFO - [2025-03-27T15:32:10.973-0500] {dag.py:4180} INFO - Setting next_dagrun for example_xcom_args to None, run_after=None
[2025-03-27T15:32:10.975-0500] {logging_mixin.py:190} INFO - [2025-03-27T15:32:10.975-0500] {dag.py:4180} INFO - Setting next_dagrun for example_xcom_args_with_operators to None, run_after=None
[2025-03-27T15:32:11.269-0500] {processor.py:208} INFO - Processing /home/udhbhav/miniconda3/lib/python3.11/site-packages/airflow/example_dags/example_xcomargs.py took 0.319 seconds
[2025-03-27T15:33:22.502-0500] {processor.py:186} INFO - Started process (PID=1815016) to work on /home/udhbhav/miniconda3/lib/python3.11/site-packages/airflow/example_dags/example_xcomargs.py
[2025-03-27T15:33:22.503-0500] {processor.py:914} INFO - Processing file /home/udhbhav/miniconda3/lib/python3.11/site-packages/airflow/example_dags/example_xcomargs.py for tasks to queue
[2025-03-27T15:33:22.504-0500] {logging_mixin.py:190} INFO - [2025-03-27T15:33:22.504-0500] {dagbag.py:588} INFO - Filling up the DagBag from /home/udhbhav/miniconda3/lib/python3.11/site-packages/airflow/example_dags/example_xcomargs.py
[2025-03-27T15:33:22.510-0500] {processor.py:925} INFO - DAG(s) 'example_xcom_args', 'example_xcom_args_with_operators' retrieved from /home/udhbhav/miniconda3/lib/python3.11/site-packages/airflow/example_dags/example_xcomargs.py
[2025-03-27T15:33:22.518-0500] {logging_mixin.py:190} INFO - [2025-03-27T15:33:22.518-0500] {dag.py:3239} INFO - Sync 2 DAGs
[2025-03-27T15:33:22.524-0500] {logging_mixin.py:190} INFO - [2025-03-27T15:33:22.524-0500] {dag.py:4180} INFO - Setting next_dagrun for example_xcom_args to None, run_after=None
[2025-03-27T15:33:22.525-0500] {logging_mixin.py:190} INFO - [2025-03-27T15:33:22.525-0500] {dag.py:4180} INFO - Setting next_dagrun for example_xcom_args_with_operators to None, run_after=None
[2025-03-27T15:33:22.656-0500] {processor.py:208} INFO - Processing /home/udhbhav/miniconda3/lib/python3.11/site-packages/airflow/example_dags/example_xcomargs.py took 0.156 seconds
[2025-03-27T15:34:28.903-0500] {processor.py:186} INFO - Started process (PID=1815689) to work on /home/udhbhav/miniconda3/lib/python3.11/site-packages/airflow/example_dags/example_xcomargs.py
[2025-03-27T15:34:28.903-0500] {processor.py:914} INFO - Processing file /home/udhbhav/miniconda3/lib/python3.11/site-packages/airflow/example_dags/example_xcomargs.py for tasks to queue
[2025-03-27T15:34:28.904-0500] {logging_mixin.py:190} INFO - [2025-03-27T15:34:28.904-0500] {dagbag.py:588} INFO - Filling up the DagBag from /home/udhbhav/miniconda3/lib/python3.11/site-packages/airflow/example_dags/example_xcomargs.py
[2025-03-27T15:34:28.910-0500] {processor.py:925} INFO - DAG(s) 'example_xcom_args_with_operators', 'example_xcom_args' retrieved from /home/udhbhav/miniconda3/lib/python3.11/site-packages/airflow/example_dags/example_xcomargs.py
[2025-03-27T15:34:28.918-0500] {logging_mixin.py:190} INFO - [2025-03-27T15:34:28.918-0500] {dag.py:3239} INFO - Sync 2 DAGs
[2025-03-27T15:34:28.923-0500] {logging_mixin.py:190} INFO - [2025-03-27T15:34:28.923-0500] {dag.py:4180} INFO - Setting next_dagrun for example_xcom_args to None, run_after=None
[2025-03-27T15:34:28.925-0500] {logging_mixin.py:190} INFO - [2025-03-27T15:34:28.925-0500] {dag.py:4180} INFO - Setting next_dagrun for example_xcom_args_with_operators to None, run_after=None
[2025-03-27T15:34:29.056-0500] {processor.py:208} INFO - Processing /home/udhbhav/miniconda3/lib/python3.11/site-packages/airflow/example_dags/example_xcomargs.py took 0.156 seconds
[2025-03-27T15:35:36.700-0500] {processor.py:186} INFO - Started process (PID=1816357) to work on /home/udhbhav/miniconda3/lib/python3.11/site-packages/airflow/example_dags/example_xcomargs.py
[2025-03-27T15:35:36.700-0500] {processor.py:914} INFO - Processing file /home/udhbhav/miniconda3/lib/python3.11/site-packages/airflow/example_dags/example_xcomargs.py for tasks to queue
[2025-03-27T15:35:36.701-0500] {logging_mixin.py:190} INFO - [2025-03-27T15:35:36.701-0500] {dagbag.py:588} INFO - Filling up the DagBag from /home/udhbhav/miniconda3/lib/python3.11/site-packages/airflow/example_dags/example_xcomargs.py
[2025-03-27T15:35:36.707-0500] {processor.py:925} INFO - DAG(s) 'example_xcom_args', 'example_xcom_args_with_operators' retrieved from /home/udhbhav/miniconda3/lib/python3.11/site-packages/airflow/example_dags/example_xcomargs.py
[2025-03-27T15:35:36.715-0500] {logging_mixin.py:190} INFO - [2025-03-27T15:35:36.715-0500] {dag.py:3239} INFO - Sync 2 DAGs
[2025-03-27T15:35:36.721-0500] {logging_mixin.py:190} INFO - [2025-03-27T15:35:36.721-0500] {dag.py:4180} INFO - Setting next_dagrun for example_xcom_args to None, run_after=None
[2025-03-27T15:35:36.722-0500] {logging_mixin.py:190} INFO - [2025-03-27T15:35:36.722-0500] {dag.py:4180} INFO - Setting next_dagrun for example_xcom_args_with_operators to None, run_after=None
[2025-03-27T15:35:36.895-0500] {processor.py:208} INFO - Processing /home/udhbhav/miniconda3/lib/python3.11/site-packages/airflow/example_dags/example_xcomargs.py took 0.198 seconds
