[2025-03-27T14:27:20.292-0500] {processor.py:186} INFO - Started process (PID=1763710) to work on /home/udhbhav/miniconda3/lib/python3.11/site-packages/airflow/example_dags/example_workday_timetable.py
[2025-03-27T14:27:20.293-0500] {processor.py:914} INFO - Processing file /home/udhbhav/miniconda3/lib/python3.11/site-packages/airflow/example_dags/example_workday_timetable.py for tasks to queue
[2025-03-27T14:27:20.294-0500] {logging_mixin.py:190} INFO - [2025-03-27T14:27:20.294-0500] {dagbag.py:588} INFO - Filling up the DagBag from /home/udhbhav/miniconda3/lib/python3.11/site-packages/airflow/example_dags/example_workday_timetable.py
[2025-03-27T14:27:20.297-0500] {processor.py:925} INFO - DAG(s) 'example_workday_timetable' retrieved from /home/udhbhav/miniconda3/lib/python3.11/site-packages/airflow/example_dags/example_workday_timetable.py
[2025-03-27T14:27:20.619-0500] {logging_mixin.py:190} INFO - [2025-03-27T14:27:20.618-0500] {override.py:1912} INFO - Created Permission View: can read on DAG:example_workday_timetable
[2025-03-27T14:27:21.404-0500] {logging_mixin.py:190} INFO - [2025-03-27T14:27:21.404-0500] {override.py:1912} INFO - Created Permission View: can edit on DAG:example_workday_timetable
[2025-03-27T14:27:21.524-0500] {logging_mixin.py:190} INFO - [2025-03-27T14:27:21.524-0500] {override.py:1912} INFO - Created Permission View: can delete on DAG:example_workday_timetable
[2025-03-27T14:27:21.778-0500] {logging_mixin.py:190} INFO - [2025-03-27T14:27:21.777-0500] {override.py:1912} INFO - Created Permission View: can read on DAG Run:example_workday_timetable
[2025-03-27T14:27:21.899-0500] {logging_mixin.py:190} INFO - [2025-03-27T14:27:21.899-0500] {override.py:1912} INFO - Created Permission View: menu access on DAG Run:example_workday_timetable
[2025-03-27T14:27:22.020-0500] {logging_mixin.py:190} INFO - [2025-03-27T14:27:22.020-0500] {override.py:1912} INFO - Created Permission View: can create on DAG Run:example_workday_timetable
[2025-03-27T14:27:22.138-0500] {logging_mixin.py:190} INFO - [2025-03-27T14:27:22.138-0500] {override.py:1912} INFO - Created Permission View: can delete on DAG Run:example_workday_timetable
[2025-03-27T14:27:22.138-0500] {logging_mixin.py:190} INFO - [2025-03-27T14:27:22.138-0500] {dag.py:3239} INFO - Sync 1 DAGs
[2025-03-27T14:27:22.144-0500] {logging_mixin.py:190} INFO - [2025-03-27T14:27:22.143-0500] {dag.py:3262} INFO - Creating ORM DAG for example_workday_timetable
[2025-03-27T14:27:22.149-0500] {logging_mixin.py:190} INFO - [2025-03-27T14:27:22.149-0500] {dag.py:4180} INFO - Setting next_dagrun for example_workday_timetable to 2021-01-01 00:00:00+00:00, run_after=2021-01-02 00:00:00+00:00
[2025-03-27T14:27:22.281-0500] {processor.py:208} INFO - Processing /home/udhbhav/miniconda3/lib/python3.11/site-packages/airflow/example_dags/example_workday_timetable.py took 1.991 seconds
[2025-03-27T14:28:54.915-0500] {processor.py:186} INFO - Started process (PID=1764659) to work on /home/udhbhav/miniconda3/lib/python3.11/site-packages/airflow/example_dags/example_workday_timetable.py
[2025-03-27T14:28:54.915-0500] {processor.py:914} INFO - Processing file /home/udhbhav/miniconda3/lib/python3.11/site-packages/airflow/example_dags/example_workday_timetable.py for tasks to queue
[2025-03-27T14:28:54.916-0500] {logging_mixin.py:190} INFO - [2025-03-27T14:28:54.916-0500] {dagbag.py:588} INFO - Filling up the DagBag from /home/udhbhav/miniconda3/lib/python3.11/site-packages/airflow/example_dags/example_workday_timetable.py
[2025-03-27T14:28:54.920-0500] {processor.py:925} INFO - DAG(s) 'example_workday_timetable' retrieved from /home/udhbhav/miniconda3/lib/python3.11/site-packages/airflow/example_dags/example_workday_timetable.py
[2025-03-27T14:28:54.927-0500] {logging_mixin.py:190} INFO - [2025-03-27T14:28:54.927-0500] {dag.py:3239} INFO - Sync 1 DAGs
[2025-03-27T14:28:54.939-0500] {logging_mixin.py:190} INFO - [2025-03-27T14:28:54.939-0500] {dag.py:4180} INFO - Setting next_dagrun for example_workday_timetable to 2021-01-01 00:00:00+00:00, run_after=2021-01-02 00:00:00+00:00
[2025-03-27T14:28:55.190-0500] {processor.py:208} INFO - Processing /home/udhbhav/miniconda3/lib/python3.11/site-packages/airflow/example_dags/example_workday_timetable.py took 0.278 seconds
[2025-03-27T14:36:03.092-0500] {processor.py:186} INFO - Started process (PID=1768770) to work on /home/udhbhav/miniconda3/lib/python3.11/site-packages/airflow/example_dags/example_workday_timetable.py
[2025-03-27T14:36:03.092-0500] {processor.py:914} INFO - Processing file /home/udhbhav/miniconda3/lib/python3.11/site-packages/airflow/example_dags/example_workday_timetable.py for tasks to queue
[2025-03-27T14:36:03.093-0500] {logging_mixin.py:190} INFO - [2025-03-27T14:36:03.093-0500] {dagbag.py:588} INFO - Filling up the DagBag from /home/udhbhav/miniconda3/lib/python3.11/site-packages/airflow/example_dags/example_workday_timetable.py
[2025-03-27T14:36:03.096-0500] {processor.py:925} INFO - DAG(s) 'example_workday_timetable' retrieved from /home/udhbhav/miniconda3/lib/python3.11/site-packages/airflow/example_dags/example_workday_timetable.py
[2025-03-27T14:36:03.103-0500] {logging_mixin.py:190} INFO - [2025-03-27T14:36:03.103-0500] {dag.py:3239} INFO - Sync 1 DAGs
[2025-03-27T14:36:03.116-0500] {logging_mixin.py:190} INFO - [2025-03-27T14:36:03.116-0500] {dag.py:4180} INFO - Setting next_dagrun for example_workday_timetable to 2021-01-01 00:00:00+00:00, run_after=2021-01-02 00:00:00+00:00
[2025-03-27T14:36:03.379-0500] {processor.py:208} INFO - Processing /home/udhbhav/miniconda3/lib/python3.11/site-packages/airflow/example_dags/example_workday_timetable.py took 0.289 seconds
[2025-03-27T14:37:49.996-0500] {processor.py:186} INFO - Started process (PID=1770052) to work on /home/udhbhav/miniconda3/lib/python3.11/site-packages/airflow/example_dags/example_workday_timetable.py
[2025-03-27T14:37:49.996-0500] {processor.py:914} INFO - Processing file /home/udhbhav/miniconda3/lib/python3.11/site-packages/airflow/example_dags/example_workday_timetable.py for tasks to queue
[2025-03-27T14:37:49.997-0500] {logging_mixin.py:190} INFO - [2025-03-27T14:37:49.997-0500] {dagbag.py:588} INFO - Filling up the DagBag from /home/udhbhav/miniconda3/lib/python3.11/site-packages/airflow/example_dags/example_workday_timetable.py
[2025-03-27T14:37:50.000-0500] {processor.py:925} INFO - DAG(s) 'example_workday_timetable' retrieved from /home/udhbhav/miniconda3/lib/python3.11/site-packages/airflow/example_dags/example_workday_timetable.py
[2025-03-27T14:37:50.007-0500] {logging_mixin.py:190} INFO - [2025-03-27T14:37:50.007-0500] {dag.py:3239} INFO - Sync 1 DAGs
[2025-03-27T14:37:50.070-0500] {logging_mixin.py:190} INFO - [2025-03-27T14:37:50.070-0500] {dag.py:4180} INFO - Setting next_dagrun for example_workday_timetable to 2021-01-01 00:00:00+00:00, run_after=2021-01-02 00:00:00+00:00
[2025-03-27T14:37:50.194-0500] {processor.py:208} INFO - Processing /home/udhbhav/miniconda3/lib/python3.11/site-packages/airflow/example_dags/example_workday_timetable.py took 0.201 seconds
[2025-03-27T14:39:06.138-0500] {processor.py:186} INFO - Started process (PID=1770946) to work on /home/udhbhav/miniconda3/lib/python3.11/site-packages/airflow/example_dags/example_workday_timetable.py
[2025-03-27T14:39:06.138-0500] {processor.py:914} INFO - Processing file /home/udhbhav/miniconda3/lib/python3.11/site-packages/airflow/example_dags/example_workday_timetable.py for tasks to queue
[2025-03-27T14:39:06.139-0500] {logging_mixin.py:190} INFO - [2025-03-27T14:39:06.139-0500] {dagbag.py:588} INFO - Filling up the DagBag from /home/udhbhav/miniconda3/lib/python3.11/site-packages/airflow/example_dags/example_workday_timetable.py
[2025-03-27T14:39:06.142-0500] {processor.py:925} INFO - DAG(s) 'example_workday_timetable' retrieved from /home/udhbhav/miniconda3/lib/python3.11/site-packages/airflow/example_dags/example_workday_timetable.py
[2025-03-27T14:39:06.149-0500] {logging_mixin.py:190} INFO - [2025-03-27T14:39:06.149-0500] {dag.py:3239} INFO - Sync 1 DAGs
[2025-03-27T14:39:06.157-0500] {logging_mixin.py:190} INFO - [2025-03-27T14:39:06.157-0500] {dag.py:4180} INFO - Setting next_dagrun for example_workday_timetable to 2021-01-01 00:00:00+00:00, run_after=2021-01-02 00:00:00+00:00
[2025-03-27T14:39:06.963-0500] {processor.py:208} INFO - Processing /home/udhbhav/miniconda3/lib/python3.11/site-packages/airflow/example_dags/example_workday_timetable.py took 0.829 seconds
[2025-03-27T14:40:31.915-0500] {processor.py:186} INFO - Started process (PID=1771716) to work on /home/udhbhav/miniconda3/lib/python3.11/site-packages/airflow/example_dags/example_workday_timetable.py
[2025-03-27T14:40:31.915-0500] {processor.py:914} INFO - Processing file /home/udhbhav/miniconda3/lib/python3.11/site-packages/airflow/example_dags/example_workday_timetable.py for tasks to queue
[2025-03-27T14:40:31.917-0500] {logging_mixin.py:190} INFO - [2025-03-27T14:40:31.916-0500] {dagbag.py:588} INFO - Filling up the DagBag from /home/udhbhav/miniconda3/lib/python3.11/site-packages/airflow/example_dags/example_workday_timetable.py
[2025-03-27T14:40:31.920-0500] {processor.py:925} INFO - DAG(s) 'example_workday_timetable' retrieved from /home/udhbhav/miniconda3/lib/python3.11/site-packages/airflow/example_dags/example_workday_timetable.py
[2025-03-27T14:40:31.926-0500] {logging_mixin.py:190} INFO - [2025-03-27T14:40:31.926-0500] {dag.py:3239} INFO - Sync 1 DAGs
[2025-03-27T14:40:31.934-0500] {logging_mixin.py:190} INFO - [2025-03-27T14:40:31.934-0500] {dag.py:4180} INFO - Setting next_dagrun for example_workday_timetable to 2021-01-01 00:00:00+00:00, run_after=2021-01-02 00:00:00+00:00
[2025-03-27T14:40:32.040-0500] {processor.py:208} INFO - Processing /home/udhbhav/miniconda3/lib/python3.11/site-packages/airflow/example_dags/example_workday_timetable.py took 0.128 seconds
[2025-03-27T14:42:02.354-0500] {processor.py:186} INFO - Started process (PID=1772966) to work on /home/udhbhav/miniconda3/lib/python3.11/site-packages/airflow/example_dags/example_workday_timetable.py
[2025-03-27T14:42:02.354-0500] {processor.py:914} INFO - Processing file /home/udhbhav/miniconda3/lib/python3.11/site-packages/airflow/example_dags/example_workday_timetable.py for tasks to queue
[2025-03-27T14:42:02.355-0500] {logging_mixin.py:190} INFO - [2025-03-27T14:42:02.355-0500] {dagbag.py:588} INFO - Filling up the DagBag from /home/udhbhav/miniconda3/lib/python3.11/site-packages/airflow/example_dags/example_workday_timetable.py
[2025-03-27T14:42:02.358-0500] {processor.py:925} INFO - DAG(s) 'example_workday_timetable' retrieved from /home/udhbhav/miniconda3/lib/python3.11/site-packages/airflow/example_dags/example_workday_timetable.py
[2025-03-27T14:42:02.365-0500] {logging_mixin.py:190} INFO - [2025-03-27T14:42:02.365-0500] {dag.py:3239} INFO - Sync 1 DAGs
[2025-03-27T14:42:02.373-0500] {logging_mixin.py:190} INFO - [2025-03-27T14:42:02.373-0500] {dag.py:4180} INFO - Setting next_dagrun for example_workday_timetable to 2021-01-01 00:00:00+00:00, run_after=2021-01-02 00:00:00+00:00
[2025-03-27T14:42:02.503-0500] {processor.py:208} INFO - Processing /home/udhbhav/miniconda3/lib/python3.11/site-packages/airflow/example_dags/example_workday_timetable.py took 0.153 seconds
[2025-03-27T14:43:13.554-0500] {processor.py:186} INFO - Started process (PID=1773634) to work on /home/udhbhav/miniconda3/lib/python3.11/site-packages/airflow/example_dags/example_workday_timetable.py
[2025-03-27T14:43:13.555-0500] {processor.py:914} INFO - Processing file /home/udhbhav/miniconda3/lib/python3.11/site-packages/airflow/example_dags/example_workday_timetable.py for tasks to queue
[2025-03-27T14:43:13.556-0500] {logging_mixin.py:190} INFO - [2025-03-27T14:43:13.556-0500] {dagbag.py:588} INFO - Filling up the DagBag from /home/udhbhav/miniconda3/lib/python3.11/site-packages/airflow/example_dags/example_workday_timetable.py
[2025-03-27T14:43:13.559-0500] {processor.py:925} INFO - DAG(s) 'example_workday_timetable' retrieved from /home/udhbhav/miniconda3/lib/python3.11/site-packages/airflow/example_dags/example_workday_timetable.py
[2025-03-27T14:43:13.566-0500] {logging_mixin.py:190} INFO - [2025-03-27T14:43:13.566-0500] {dag.py:3239} INFO - Sync 1 DAGs
[2025-03-27T14:43:13.573-0500] {logging_mixin.py:190} INFO - [2025-03-27T14:43:13.573-0500] {dag.py:4180} INFO - Setting next_dagrun for example_workday_timetable to 2021-01-01 00:00:00+00:00, run_after=2021-01-02 00:00:00+00:00
[2025-03-27T14:43:13.707-0500] {processor.py:208} INFO - Processing /home/udhbhav/miniconda3/lib/python3.11/site-packages/airflow/example_dags/example_workday_timetable.py took 0.156 seconds
[2025-03-27T14:44:38.884-0500] {processor.py:186} INFO - Started process (PID=1774642) to work on /home/udhbhav/miniconda3/lib/python3.11/site-packages/airflow/example_dags/example_workday_timetable.py
[2025-03-27T14:44:38.884-0500] {processor.py:914} INFO - Processing file /home/udhbhav/miniconda3/lib/python3.11/site-packages/airflow/example_dags/example_workday_timetable.py for tasks to queue
[2025-03-27T14:44:38.885-0500] {logging_mixin.py:190} INFO - [2025-03-27T14:44:38.885-0500] {dagbag.py:588} INFO - Filling up the DagBag from /home/udhbhav/miniconda3/lib/python3.11/site-packages/airflow/example_dags/example_workday_timetable.py
[2025-03-27T14:44:38.888-0500] {processor.py:925} INFO - DAG(s) 'example_workday_timetable' retrieved from /home/udhbhav/miniconda3/lib/python3.11/site-packages/airflow/example_dags/example_workday_timetable.py
[2025-03-27T14:44:38.895-0500] {logging_mixin.py:190} INFO - [2025-03-27T14:44:38.895-0500] {dag.py:3239} INFO - Sync 1 DAGs
[2025-03-27T14:44:38.903-0500] {logging_mixin.py:190} INFO - [2025-03-27T14:44:38.903-0500] {dag.py:4180} INFO - Setting next_dagrun for example_workday_timetable to 2021-01-01 00:00:00+00:00, run_after=2021-01-02 00:00:00+00:00
[2025-03-27T14:44:39.045-0500] {processor.py:208} INFO - Processing /home/udhbhav/miniconda3/lib/python3.11/site-packages/airflow/example_dags/example_workday_timetable.py took 0.164 seconds
[2025-03-27T14:45:58.775-0500] {processor.py:186} INFO - Started process (PID=1775463) to work on /home/udhbhav/miniconda3/lib/python3.11/site-packages/airflow/example_dags/example_workday_timetable.py
[2025-03-27T14:45:58.775-0500] {processor.py:914} INFO - Processing file /home/udhbhav/miniconda3/lib/python3.11/site-packages/airflow/example_dags/example_workday_timetable.py for tasks to queue
[2025-03-27T14:45:58.776-0500] {logging_mixin.py:190} INFO - [2025-03-27T14:45:58.776-0500] {dagbag.py:588} INFO - Filling up the DagBag from /home/udhbhav/miniconda3/lib/python3.11/site-packages/airflow/example_dags/example_workday_timetable.py
[2025-03-27T14:45:58.780-0500] {processor.py:925} INFO - DAG(s) 'example_workday_timetable' retrieved from /home/udhbhav/miniconda3/lib/python3.11/site-packages/airflow/example_dags/example_workday_timetable.py
[2025-03-27T14:45:58.786-0500] {logging_mixin.py:190} INFO - [2025-03-27T14:45:58.786-0500] {dag.py:3239} INFO - Sync 1 DAGs
[2025-03-27T14:45:58.794-0500] {logging_mixin.py:190} INFO - [2025-03-27T14:45:58.794-0500] {dag.py:4180} INFO - Setting next_dagrun for example_workday_timetable to 2021-01-01 00:00:00+00:00, run_after=2021-01-02 00:00:00+00:00
[2025-03-27T14:45:59.043-0500] {processor.py:208} INFO - Processing /home/udhbhav/miniconda3/lib/python3.11/site-packages/airflow/example_dags/example_workday_timetable.py took 0.271 seconds
[2025-03-27T14:47:26.969-0500] {processor.py:186} INFO - Started process (PID=1776244) to work on /home/udhbhav/miniconda3/lib/python3.11/site-packages/airflow/example_dags/example_workday_timetable.py
[2025-03-27T14:47:26.969-0500] {processor.py:914} INFO - Processing file /home/udhbhav/miniconda3/lib/python3.11/site-packages/airflow/example_dags/example_workday_timetable.py for tasks to queue
[2025-03-27T14:47:26.970-0500] {logging_mixin.py:190} INFO - [2025-03-27T14:47:26.970-0500] {dagbag.py:588} INFO - Filling up the DagBag from /home/udhbhav/miniconda3/lib/python3.11/site-packages/airflow/example_dags/example_workday_timetable.py
[2025-03-27T14:47:26.973-0500] {processor.py:925} INFO - DAG(s) 'example_workday_timetable' retrieved from /home/udhbhav/miniconda3/lib/python3.11/site-packages/airflow/example_dags/example_workday_timetable.py
[2025-03-27T14:47:26.980-0500] {logging_mixin.py:190} INFO - [2025-03-27T14:47:26.980-0500] {dag.py:3239} INFO - Sync 1 DAGs
[2025-03-27T14:47:26.988-0500] {logging_mixin.py:190} INFO - [2025-03-27T14:47:26.988-0500] {dag.py:4180} INFO - Setting next_dagrun for example_workday_timetable to 2021-01-01 00:00:00+00:00, run_after=2021-01-02 00:00:00+00:00
[2025-03-27T14:47:27.238-0500] {processor.py:208} INFO - Processing /home/udhbhav/miniconda3/lib/python3.11/site-packages/airflow/example_dags/example_workday_timetable.py took 0.272 seconds
[2025-03-27T14:48:45.733-0500] {processor.py:186} INFO - Started process (PID=1777067) to work on /home/udhbhav/miniconda3/lib/python3.11/site-packages/airflow/example_dags/example_workday_timetable.py
[2025-03-27T14:48:45.733-0500] {processor.py:914} INFO - Processing file /home/udhbhav/miniconda3/lib/python3.11/site-packages/airflow/example_dags/example_workday_timetable.py for tasks to queue
[2025-03-27T14:48:45.734-0500] {logging_mixin.py:190} INFO - [2025-03-27T14:48:45.734-0500] {dagbag.py:588} INFO - Filling up the DagBag from /home/udhbhav/miniconda3/lib/python3.11/site-packages/airflow/example_dags/example_workday_timetable.py
[2025-03-27T14:48:45.737-0500] {processor.py:925} INFO - DAG(s) 'example_workday_timetable' retrieved from /home/udhbhav/miniconda3/lib/python3.11/site-packages/airflow/example_dags/example_workday_timetable.py
[2025-03-27T14:48:45.744-0500] {logging_mixin.py:190} INFO - [2025-03-27T14:48:45.744-0500] {dag.py:3239} INFO - Sync 1 DAGs
[2025-03-27T14:48:45.752-0500] {logging_mixin.py:190} INFO - [2025-03-27T14:48:45.752-0500] {dag.py:4180} INFO - Setting next_dagrun for example_workday_timetable to 2021-01-01 00:00:00+00:00, run_after=2021-01-02 00:00:00+00:00
[2025-03-27T14:48:46.011-0500] {processor.py:208} INFO - Processing /home/udhbhav/miniconda3/lib/python3.11/site-packages/airflow/example_dags/example_workday_timetable.py took 0.281 seconds
[2025-03-27T14:50:17.198-0500] {processor.py:186} INFO - Started process (PID=1777868) to work on /home/udhbhav/miniconda3/lib/python3.11/site-packages/airflow/example_dags/example_workday_timetable.py
[2025-03-27T14:50:17.198-0500] {processor.py:914} INFO - Processing file /home/udhbhav/miniconda3/lib/python3.11/site-packages/airflow/example_dags/example_workday_timetable.py for tasks to queue
[2025-03-27T14:50:17.199-0500] {logging_mixin.py:190} INFO - [2025-03-27T14:50:17.199-0500] {dagbag.py:588} INFO - Filling up the DagBag from /home/udhbhav/miniconda3/lib/python3.11/site-packages/airflow/example_dags/example_workday_timetable.py
[2025-03-27T14:50:17.202-0500] {processor.py:925} INFO - DAG(s) 'example_workday_timetable' retrieved from /home/udhbhav/miniconda3/lib/python3.11/site-packages/airflow/example_dags/example_workday_timetable.py
[2025-03-27T14:50:17.209-0500] {logging_mixin.py:190} INFO - [2025-03-27T14:50:17.209-0500] {dag.py:3239} INFO - Sync 1 DAGs
[2025-03-27T14:50:17.217-0500] {logging_mixin.py:190} INFO - [2025-03-27T14:50:17.217-0500] {dag.py:4180} INFO - Setting next_dagrun for example_workday_timetable to 2021-01-01 00:00:00+00:00, run_after=2021-01-02 00:00:00+00:00
[2025-03-27T14:50:17.321-0500] {processor.py:208} INFO - Processing /home/udhbhav/miniconda3/lib/python3.11/site-packages/airflow/example_dags/example_workday_timetable.py took 0.126 seconds
[2025-03-27T14:51:23.577-0500] {processor.py:186} INFO - Started process (PID=1783376) to work on /home/udhbhav/miniconda3/lib/python3.11/site-packages/airflow/example_dags/example_workday_timetable.py
[2025-03-27T14:51:23.578-0500] {processor.py:914} INFO - Processing file /home/udhbhav/miniconda3/lib/python3.11/site-packages/airflow/example_dags/example_workday_timetable.py for tasks to queue
[2025-03-27T14:51:23.579-0500] {logging_mixin.py:190} INFO - [2025-03-27T14:51:23.579-0500] {dagbag.py:588} INFO - Filling up the DagBag from /home/udhbhav/miniconda3/lib/python3.11/site-packages/airflow/example_dags/example_workday_timetable.py
[2025-03-27T14:51:23.582-0500] {processor.py:925} INFO - DAG(s) 'example_workday_timetable' retrieved from /home/udhbhav/miniconda3/lib/python3.11/site-packages/airflow/example_dags/example_workday_timetable.py
[2025-03-27T14:51:23.589-0500] {logging_mixin.py:190} INFO - [2025-03-27T14:51:23.589-0500] {dag.py:3239} INFO - Sync 1 DAGs
[2025-03-27T14:51:23.597-0500] {logging_mixin.py:190} INFO - [2025-03-27T14:51:23.597-0500] {dag.py:4180} INFO - Setting next_dagrun for example_workday_timetable to 2021-01-01 00:00:00+00:00, run_after=2021-01-02 00:00:00+00:00
[2025-03-27T14:51:23.729-0500] {processor.py:208} INFO - Processing /home/udhbhav/miniconda3/lib/python3.11/site-packages/airflow/example_dags/example_workday_timetable.py took 0.155 seconds
[2025-03-27T14:52:29.934-0500] {processor.py:186} INFO - Started process (PID=1784053) to work on /home/udhbhav/miniconda3/lib/python3.11/site-packages/airflow/example_dags/example_workday_timetable.py
[2025-03-27T14:52:29.934-0500] {processor.py:914} INFO - Processing file /home/udhbhav/miniconda3/lib/python3.11/site-packages/airflow/example_dags/example_workday_timetable.py for tasks to queue
[2025-03-27T14:52:29.935-0500] {logging_mixin.py:190} INFO - [2025-03-27T14:52:29.935-0500] {dagbag.py:588} INFO - Filling up the DagBag from /home/udhbhav/miniconda3/lib/python3.11/site-packages/airflow/example_dags/example_workday_timetable.py
[2025-03-27T14:52:29.938-0500] {processor.py:925} INFO - DAG(s) 'example_workday_timetable' retrieved from /home/udhbhav/miniconda3/lib/python3.11/site-packages/airflow/example_dags/example_workday_timetable.py
[2025-03-27T14:52:29.945-0500] {logging_mixin.py:190} INFO - [2025-03-27T14:52:29.945-0500] {dag.py:3239} INFO - Sync 1 DAGs
[2025-03-27T14:52:29.953-0500] {logging_mixin.py:190} INFO - [2025-03-27T14:52:29.953-0500] {dag.py:4180} INFO - Setting next_dagrun for example_workday_timetable to 2021-01-01 00:00:00+00:00, run_after=2021-01-02 00:00:00+00:00
[2025-03-27T14:52:30.085-0500] {processor.py:208} INFO - Processing /home/udhbhav/miniconda3/lib/python3.11/site-packages/airflow/example_dags/example_workday_timetable.py took 0.154 seconds
[2025-03-27T14:53:40.900-0500] {processor.py:186} INFO - Started process (PID=1784781) to work on /home/udhbhav/miniconda3/lib/python3.11/site-packages/airflow/example_dags/example_workday_timetable.py
[2025-03-27T14:53:40.900-0500] {processor.py:914} INFO - Processing file /home/udhbhav/miniconda3/lib/python3.11/site-packages/airflow/example_dags/example_workday_timetable.py for tasks to queue
[2025-03-27T14:53:40.901-0500] {logging_mixin.py:190} INFO - [2025-03-27T14:53:40.901-0500] {dagbag.py:588} INFO - Filling up the DagBag from /home/udhbhav/miniconda3/lib/python3.11/site-packages/airflow/example_dags/example_workday_timetable.py
[2025-03-27T14:53:40.904-0500] {processor.py:925} INFO - DAG(s) 'example_workday_timetable' retrieved from /home/udhbhav/miniconda3/lib/python3.11/site-packages/airflow/example_dags/example_workday_timetable.py
[2025-03-27T14:53:40.911-0500] {logging_mixin.py:190} INFO - [2025-03-27T14:53:40.911-0500] {dag.py:3239} INFO - Sync 1 DAGs
[2025-03-27T14:53:40.919-0500] {logging_mixin.py:190} INFO - [2025-03-27T14:53:40.919-0500] {dag.py:4180} INFO - Setting next_dagrun for example_workday_timetable to 2021-01-01 00:00:00+00:00, run_after=2021-01-02 00:00:00+00:00
[2025-03-27T14:53:41.052-0500] {processor.py:208} INFO - Processing /home/udhbhav/miniconda3/lib/python3.11/site-packages/airflow/example_dags/example_workday_timetable.py took 0.155 seconds
[2025-03-27T14:54:48.264-0500] {processor.py:186} INFO - Started process (PID=1785468) to work on /home/udhbhav/miniconda3/lib/python3.11/site-packages/airflow/example_dags/example_workday_timetable.py
[2025-03-27T14:54:48.264-0500] {processor.py:914} INFO - Processing file /home/udhbhav/miniconda3/lib/python3.11/site-packages/airflow/example_dags/example_workday_timetable.py for tasks to queue
[2025-03-27T14:54:48.265-0500] {logging_mixin.py:190} INFO - [2025-03-27T14:54:48.265-0500] {dagbag.py:588} INFO - Filling up the DagBag from /home/udhbhav/miniconda3/lib/python3.11/site-packages/airflow/example_dags/example_workday_timetable.py
[2025-03-27T14:54:48.268-0500] {processor.py:925} INFO - DAG(s) 'example_workday_timetable' retrieved from /home/udhbhav/miniconda3/lib/python3.11/site-packages/airflow/example_dags/example_workday_timetable.py
[2025-03-27T14:54:48.275-0500] {logging_mixin.py:190} INFO - [2025-03-27T14:54:48.275-0500] {dag.py:3239} INFO - Sync 1 DAGs
[2025-03-27T14:54:48.283-0500] {logging_mixin.py:190} INFO - [2025-03-27T14:54:48.283-0500] {dag.py:4180} INFO - Setting next_dagrun for example_workday_timetable to 2021-01-01 00:00:00+00:00, run_after=2021-01-02 00:00:00+00:00
[2025-03-27T14:54:48.415-0500] {processor.py:208} INFO - Processing /home/udhbhav/miniconda3/lib/python3.11/site-packages/airflow/example_dags/example_workday_timetable.py took 0.155 seconds
[2025-03-27T14:55:53.877-0500] {processor.py:186} INFO - Started process (PID=1786172) to work on /home/udhbhav/miniconda3/lib/python3.11/site-packages/airflow/example_dags/example_workday_timetable.py
[2025-03-27T14:55:53.877-0500] {processor.py:914} INFO - Processing file /home/udhbhav/miniconda3/lib/python3.11/site-packages/airflow/example_dags/example_workday_timetable.py for tasks to queue
[2025-03-27T14:55:53.878-0500] {logging_mixin.py:190} INFO - [2025-03-27T14:55:53.878-0500] {dagbag.py:588} INFO - Filling up the DagBag from /home/udhbhav/miniconda3/lib/python3.11/site-packages/airflow/example_dags/example_workday_timetable.py
[2025-03-27T14:55:53.881-0500] {processor.py:925} INFO - DAG(s) 'example_workday_timetable' retrieved from /home/udhbhav/miniconda3/lib/python3.11/site-packages/airflow/example_dags/example_workday_timetable.py
[2025-03-27T14:55:53.888-0500] {logging_mixin.py:190} INFO - [2025-03-27T14:55:53.888-0500] {dag.py:3239} INFO - Sync 1 DAGs
[2025-03-27T14:55:53.896-0500] {logging_mixin.py:190} INFO - [2025-03-27T14:55:53.896-0500] {dag.py:4180} INFO - Setting next_dagrun for example_workday_timetable to 2021-01-01 00:00:00+00:00, run_after=2021-01-02 00:00:00+00:00
[2025-03-27T14:55:54.689-0500] {processor.py:208} INFO - Processing /home/udhbhav/miniconda3/lib/python3.11/site-packages/airflow/example_dags/example_workday_timetable.py took 0.815 seconds
[2025-03-27T14:57:12.956-0500] {processor.py:186} INFO - Started process (PID=1786906) to work on /home/udhbhav/miniconda3/lib/python3.11/site-packages/airflow/example_dags/example_workday_timetable.py
[2025-03-27T14:57:12.956-0500] {processor.py:914} INFO - Processing file /home/udhbhav/miniconda3/lib/python3.11/site-packages/airflow/example_dags/example_workday_timetable.py for tasks to queue
[2025-03-27T14:57:12.957-0500] {logging_mixin.py:190} INFO - [2025-03-27T14:57:12.957-0500] {dagbag.py:588} INFO - Filling up the DagBag from /home/udhbhav/miniconda3/lib/python3.11/site-packages/airflow/example_dags/example_workday_timetable.py
[2025-03-27T14:57:12.960-0500] {processor.py:925} INFO - DAG(s) 'example_workday_timetable' retrieved from /home/udhbhav/miniconda3/lib/python3.11/site-packages/airflow/example_dags/example_workday_timetable.py
[2025-03-27T14:57:12.967-0500] {logging_mixin.py:190} INFO - [2025-03-27T14:57:12.967-0500] {dag.py:3239} INFO - Sync 1 DAGs
[2025-03-27T14:57:12.975-0500] {logging_mixin.py:190} INFO - [2025-03-27T14:57:12.975-0500] {dag.py:4180} INFO - Setting next_dagrun for example_workday_timetable to 2021-01-01 00:00:00+00:00, run_after=2021-01-02 00:00:00+00:00
[2025-03-27T14:57:13.882-0500] {processor.py:208} INFO - Processing /home/udhbhav/miniconda3/lib/python3.11/site-packages/airflow/example_dags/example_workday_timetable.py took 0.929 seconds
[2025-03-27T14:58:31.856-0500] {processor.py:186} INFO - Started process (PID=1787715) to work on /home/udhbhav/miniconda3/lib/python3.11/site-packages/airflow/example_dags/example_workday_timetable.py
[2025-03-27T14:58:31.857-0500] {processor.py:914} INFO - Processing file /home/udhbhav/miniconda3/lib/python3.11/site-packages/airflow/example_dags/example_workday_timetable.py for tasks to queue
[2025-03-27T14:58:31.858-0500] {logging_mixin.py:190} INFO - [2025-03-27T14:58:31.857-0500] {dagbag.py:588} INFO - Filling up the DagBag from /home/udhbhav/miniconda3/lib/python3.11/site-packages/airflow/example_dags/example_workday_timetable.py
[2025-03-27T14:58:31.861-0500] {processor.py:925} INFO - DAG(s) 'example_workday_timetable' retrieved from /home/udhbhav/miniconda3/lib/python3.11/site-packages/airflow/example_dags/example_workday_timetable.py
[2025-03-27T14:58:31.868-0500] {logging_mixin.py:190} INFO - [2025-03-27T14:58:31.868-0500] {dag.py:3239} INFO - Sync 1 DAGs
[2025-03-27T14:58:31.876-0500] {logging_mixin.py:190} INFO - [2025-03-27T14:58:31.876-0500] {dag.py:4180} INFO - Setting next_dagrun for example_workday_timetable to 2021-01-01 00:00:00+00:00, run_after=2021-01-02 00:00:00+00:00
[2025-03-27T14:58:32.019-0500] {processor.py:208} INFO - Processing /home/udhbhav/miniconda3/lib/python3.11/site-packages/airflow/example_dags/example_workday_timetable.py took 0.166 seconds
[2025-03-27T15:00:06.577-0500] {processor.py:186} INFO - Started process (PID=1788702) to work on /home/udhbhav/miniconda3/lib/python3.11/site-packages/airflow/example_dags/example_workday_timetable.py
[2025-03-27T15:00:06.578-0500] {processor.py:914} INFO - Processing file /home/udhbhav/miniconda3/lib/python3.11/site-packages/airflow/example_dags/example_workday_timetable.py for tasks to queue
[2025-03-27T15:00:06.579-0500] {logging_mixin.py:190} INFO - [2025-03-27T15:00:06.579-0500] {dagbag.py:588} INFO - Filling up the DagBag from /home/udhbhav/miniconda3/lib/python3.11/site-packages/airflow/example_dags/example_workday_timetable.py
[2025-03-27T15:00:06.583-0500] {processor.py:925} INFO - DAG(s) 'example_workday_timetable' retrieved from /home/udhbhav/miniconda3/lib/python3.11/site-packages/airflow/example_dags/example_workday_timetable.py
[2025-03-27T15:00:06.590-0500] {logging_mixin.py:190} INFO - [2025-03-27T15:00:06.589-0500] {dag.py:3239} INFO - Sync 1 DAGs
[2025-03-27T15:00:06.599-0500] {logging_mixin.py:190} INFO - [2025-03-27T15:00:06.599-0500] {dag.py:4180} INFO - Setting next_dagrun for example_workday_timetable to 2021-01-01 00:00:00+00:00, run_after=2021-01-02 00:00:00+00:00
[2025-03-27T15:00:06.732-0500] {processor.py:208} INFO - Processing /home/udhbhav/miniconda3/lib/python3.11/site-packages/airflow/example_dags/example_workday_timetable.py took 0.157 seconds
[2025-03-27T15:01:13.467-0500] {processor.py:186} INFO - Started process (PID=1789539) to work on /home/udhbhav/miniconda3/lib/python3.11/site-packages/airflow/example_dags/example_workday_timetable.py
[2025-03-27T15:01:13.468-0500] {processor.py:914} INFO - Processing file /home/udhbhav/miniconda3/lib/python3.11/site-packages/airflow/example_dags/example_workday_timetable.py for tasks to queue
[2025-03-27T15:01:13.469-0500] {logging_mixin.py:190} INFO - [2025-03-27T15:01:13.468-0500] {dagbag.py:588} INFO - Filling up the DagBag from /home/udhbhav/miniconda3/lib/python3.11/site-packages/airflow/example_dags/example_workday_timetable.py
[2025-03-27T15:01:13.473-0500] {processor.py:925} INFO - DAG(s) 'example_workday_timetable' retrieved from /home/udhbhav/miniconda3/lib/python3.11/site-packages/airflow/example_dags/example_workday_timetable.py
[2025-03-27T15:01:13.480-0500] {logging_mixin.py:190} INFO - [2025-03-27T15:01:13.479-0500] {dag.py:3239} INFO - Sync 1 DAGs
[2025-03-27T15:01:13.487-0500] {logging_mixin.py:190} INFO - [2025-03-27T15:01:13.487-0500] {dag.py:4180} INFO - Setting next_dagrun for example_workday_timetable to 2021-01-01 00:00:00+00:00, run_after=2021-01-02 00:00:00+00:00
[2025-03-27T15:01:13.619-0500] {processor.py:208} INFO - Processing /home/udhbhav/miniconda3/lib/python3.11/site-packages/airflow/example_dags/example_workday_timetable.py took 0.155 seconds
[2025-03-27T15:02:17.132-0500] {processor.py:186} INFO - Started process (PID=1790263) to work on /home/udhbhav/miniconda3/lib/python3.11/site-packages/airflow/example_dags/example_workday_timetable.py
[2025-03-27T15:02:17.132-0500] {processor.py:914} INFO - Processing file /home/udhbhav/miniconda3/lib/python3.11/site-packages/airflow/example_dags/example_workday_timetable.py for tasks to queue
[2025-03-27T15:02:17.133-0500] {logging_mixin.py:190} INFO - [2025-03-27T15:02:17.133-0500] {dagbag.py:588} INFO - Filling up the DagBag from /home/udhbhav/miniconda3/lib/python3.11/site-packages/airflow/example_dags/example_workday_timetable.py
[2025-03-27T15:02:17.136-0500] {processor.py:925} INFO - DAG(s) 'example_workday_timetable' retrieved from /home/udhbhav/miniconda3/lib/python3.11/site-packages/airflow/example_dags/example_workday_timetable.py
[2025-03-27T15:02:17.143-0500] {logging_mixin.py:190} INFO - [2025-03-27T15:02:17.143-0500] {dag.py:3239} INFO - Sync 1 DAGs
[2025-03-27T15:02:17.150-0500] {logging_mixin.py:190} INFO - [2025-03-27T15:02:17.150-0500] {dag.py:4180} INFO - Setting next_dagrun for example_workday_timetable to 2021-01-01 00:00:00+00:00, run_after=2021-01-02 00:00:00+00:00
[2025-03-27T15:02:17.380-0500] {processor.py:208} INFO - Processing /home/udhbhav/miniconda3/lib/python3.11/site-packages/airflow/example_dags/example_workday_timetable.py took 0.251 seconds
[2025-03-27T15:03:34.895-0500] {processor.py:186} INFO - Started process (PID=1791005) to work on /home/udhbhav/miniconda3/lib/python3.11/site-packages/airflow/example_dags/example_workday_timetable.py
[2025-03-27T15:03:34.896-0500] {processor.py:914} INFO - Processing file /home/udhbhav/miniconda3/lib/python3.11/site-packages/airflow/example_dags/example_workday_timetable.py for tasks to queue
[2025-03-27T15:03:34.897-0500] {logging_mixin.py:190} INFO - [2025-03-27T15:03:34.896-0500] {dagbag.py:588} INFO - Filling up the DagBag from /home/udhbhav/miniconda3/lib/python3.11/site-packages/airflow/example_dags/example_workday_timetable.py
[2025-03-27T15:03:34.900-0500] {processor.py:925} INFO - DAG(s) 'example_workday_timetable' retrieved from /home/udhbhav/miniconda3/lib/python3.11/site-packages/airflow/example_dags/example_workday_timetable.py
[2025-03-27T15:03:34.907-0500] {logging_mixin.py:190} INFO - [2025-03-27T15:03:34.906-0500] {dag.py:3239} INFO - Sync 1 DAGs
[2025-03-27T15:03:34.914-0500] {logging_mixin.py:190} INFO - [2025-03-27T15:03:34.914-0500] {dag.py:4180} INFO - Setting next_dagrun for example_workday_timetable to 2021-01-01 00:00:00+00:00, run_after=2021-01-02 00:00:00+00:00
[2025-03-27T15:03:35.161-0500] {processor.py:208} INFO - Processing /home/udhbhav/miniconda3/lib/python3.11/site-packages/airflow/example_dags/example_workday_timetable.py took 0.269 seconds
[2025-03-27T15:04:48.903-0500] {processor.py:186} INFO - Started process (PID=1791814) to work on /home/udhbhav/miniconda3/lib/python3.11/site-packages/airflow/example_dags/example_workday_timetable.py
[2025-03-27T15:04:48.903-0500] {processor.py:914} INFO - Processing file /home/udhbhav/miniconda3/lib/python3.11/site-packages/airflow/example_dags/example_workday_timetable.py for tasks to queue
[2025-03-27T15:04:48.904-0500] {logging_mixin.py:190} INFO - [2025-03-27T15:04:48.904-0500] {dagbag.py:588} INFO - Filling up the DagBag from /home/udhbhav/miniconda3/lib/python3.11/site-packages/airflow/example_dags/example_workday_timetable.py
[2025-03-27T15:04:48.908-0500] {processor.py:925} INFO - DAG(s) 'example_workday_timetable' retrieved from /home/udhbhav/miniconda3/lib/python3.11/site-packages/airflow/example_dags/example_workday_timetable.py
[2025-03-27T15:04:48.915-0500] {logging_mixin.py:190} INFO - [2025-03-27T15:04:48.915-0500] {dag.py:3239} INFO - Sync 1 DAGs
[2025-03-27T15:04:48.923-0500] {logging_mixin.py:190} INFO - [2025-03-27T15:04:48.923-0500] {dag.py:4180} INFO - Setting next_dagrun for example_workday_timetable to 2021-01-01 00:00:00+00:00, run_after=2021-01-02 00:00:00+00:00
[2025-03-27T15:04:49.133-0500] {processor.py:208} INFO - Processing /home/udhbhav/miniconda3/lib/python3.11/site-packages/airflow/example_dags/example_workday_timetable.py took 0.233 seconds
[2025-03-27T15:06:11.012-0500] {processor.py:186} INFO - Started process (PID=1792532) to work on /home/udhbhav/miniconda3/lib/python3.11/site-packages/airflow/example_dags/example_workday_timetable.py
[2025-03-27T15:06:11.012-0500] {processor.py:914} INFO - Processing file /home/udhbhav/miniconda3/lib/python3.11/site-packages/airflow/example_dags/example_workday_timetable.py for tasks to queue
[2025-03-27T15:06:11.013-0500] {logging_mixin.py:190} INFO - [2025-03-27T15:06:11.013-0500] {dagbag.py:588} INFO - Filling up the DagBag from /home/udhbhav/miniconda3/lib/python3.11/site-packages/airflow/example_dags/example_workday_timetable.py
[2025-03-27T15:06:11.016-0500] {processor.py:925} INFO - DAG(s) 'example_workday_timetable' retrieved from /home/udhbhav/miniconda3/lib/python3.11/site-packages/airflow/example_dags/example_workday_timetable.py
[2025-03-27T15:06:11.023-0500] {logging_mixin.py:190} INFO - [2025-03-27T15:06:11.023-0500] {dag.py:3239} INFO - Sync 1 DAGs
[2025-03-27T15:06:11.031-0500] {logging_mixin.py:190} INFO - [2025-03-27T15:06:11.031-0500] {dag.py:4180} INFO - Setting next_dagrun for example_workday_timetable to 2021-01-01 00:00:00+00:00, run_after=2021-01-02 00:00:00+00:00
[2025-03-27T15:06:11.331-0500] {processor.py:208} INFO - Processing /home/udhbhav/miniconda3/lib/python3.11/site-packages/airflow/example_dags/example_workday_timetable.py took 0.322 seconds
[2025-03-27T15:07:37.362-0500] {processor.py:186} INFO - Started process (PID=1793433) to work on /home/udhbhav/miniconda3/lib/python3.11/site-packages/airflow/example_dags/example_workday_timetable.py
[2025-03-27T15:07:37.362-0500] {processor.py:914} INFO - Processing file /home/udhbhav/miniconda3/lib/python3.11/site-packages/airflow/example_dags/example_workday_timetable.py for tasks to queue
[2025-03-27T15:07:37.363-0500] {logging_mixin.py:190} INFO - [2025-03-27T15:07:37.363-0500] {dagbag.py:588} INFO - Filling up the DagBag from /home/udhbhav/miniconda3/lib/python3.11/site-packages/airflow/example_dags/example_workday_timetable.py
[2025-03-27T15:07:37.366-0500] {processor.py:925} INFO - DAG(s) 'example_workday_timetable' retrieved from /home/udhbhav/miniconda3/lib/python3.11/site-packages/airflow/example_dags/example_workday_timetable.py
[2025-03-27T15:07:37.373-0500] {logging_mixin.py:190} INFO - [2025-03-27T15:07:37.373-0500] {dag.py:3239} INFO - Sync 1 DAGs
[2025-03-27T15:07:37.381-0500] {logging_mixin.py:190} INFO - [2025-03-27T15:07:37.381-0500] {dag.py:4180} INFO - Setting next_dagrun for example_workday_timetable to 2021-01-01 00:00:00+00:00, run_after=2021-01-02 00:00:00+00:00
[2025-03-27T15:07:37.514-0500] {processor.py:208} INFO - Processing /home/udhbhav/miniconda3/lib/python3.11/site-packages/airflow/example_dags/example_workday_timetable.py took 0.155 seconds
[2025-03-27T15:08:40.226-0500] {processor.py:186} INFO - Started process (PID=1794091) to work on /home/udhbhav/miniconda3/lib/python3.11/site-packages/airflow/example_dags/example_workday_timetable.py
[2025-03-27T15:08:40.226-0500] {processor.py:914} INFO - Processing file /home/udhbhav/miniconda3/lib/python3.11/site-packages/airflow/example_dags/example_workday_timetable.py for tasks to queue
[2025-03-27T15:08:40.227-0500] {logging_mixin.py:190} INFO - [2025-03-27T15:08:40.227-0500] {dagbag.py:588} INFO - Filling up the DagBag from /home/udhbhav/miniconda3/lib/python3.11/site-packages/airflow/example_dags/example_workday_timetable.py
[2025-03-27T15:08:40.230-0500] {processor.py:925} INFO - DAG(s) 'example_workday_timetable' retrieved from /home/udhbhav/miniconda3/lib/python3.11/site-packages/airflow/example_dags/example_workday_timetable.py
[2025-03-27T15:08:40.237-0500] {logging_mixin.py:190} INFO - [2025-03-27T15:08:40.237-0500] {dag.py:3239} INFO - Sync 1 DAGs
[2025-03-27T15:08:40.245-0500] {logging_mixin.py:190} INFO - [2025-03-27T15:08:40.245-0500] {dag.py:4180} INFO - Setting next_dagrun for example_workday_timetable to 2021-01-01 00:00:00+00:00, run_after=2021-01-02 00:00:00+00:00
[2025-03-27T15:08:40.374-0500] {processor.py:208} INFO - Processing /home/udhbhav/miniconda3/lib/python3.11/site-packages/airflow/example_dags/example_workday_timetable.py took 0.151 seconds
[2025-03-27T15:09:50.005-0500] {processor.py:186} INFO - Started process (PID=1794782) to work on /home/udhbhav/miniconda3/lib/python3.11/site-packages/airflow/example_dags/example_workday_timetable.py
[2025-03-27T15:09:50.006-0500] {processor.py:914} INFO - Processing file /home/udhbhav/miniconda3/lib/python3.11/site-packages/airflow/example_dags/example_workday_timetable.py for tasks to queue
[2025-03-27T15:09:50.007-0500] {logging_mixin.py:190} INFO - [2025-03-27T15:09:50.007-0500] {dagbag.py:588} INFO - Filling up the DagBag from /home/udhbhav/miniconda3/lib/python3.11/site-packages/airflow/example_dags/example_workday_timetable.py
[2025-03-27T15:09:50.010-0500] {processor.py:925} INFO - DAG(s) 'example_workday_timetable' retrieved from /home/udhbhav/miniconda3/lib/python3.11/site-packages/airflow/example_dags/example_workday_timetable.py
[2025-03-27T15:09:50.017-0500] {logging_mixin.py:190} INFO - [2025-03-27T15:09:50.017-0500] {dag.py:3239} INFO - Sync 1 DAGs
[2025-03-27T15:09:50.024-0500] {logging_mixin.py:190} INFO - [2025-03-27T15:09:50.024-0500] {dag.py:4180} INFO - Setting next_dagrun for example_workday_timetable to 2021-01-01 00:00:00+00:00, run_after=2021-01-02 00:00:00+00:00
[2025-03-27T15:09:50.158-0500] {processor.py:208} INFO - Processing /home/udhbhav/miniconda3/lib/python3.11/site-packages/airflow/example_dags/example_workday_timetable.py took 0.155 seconds
[2025-03-27T15:10:59.671-0500] {processor.py:186} INFO - Started process (PID=1795443) to work on /home/udhbhav/miniconda3/lib/python3.11/site-packages/airflow/example_dags/example_workday_timetable.py
[2025-03-27T15:10:59.671-0500] {processor.py:914} INFO - Processing file /home/udhbhav/miniconda3/lib/python3.11/site-packages/airflow/example_dags/example_workday_timetable.py for tasks to queue
[2025-03-27T15:10:59.672-0500] {logging_mixin.py:190} INFO - [2025-03-27T15:10:59.672-0500] {dagbag.py:588} INFO - Filling up the DagBag from /home/udhbhav/miniconda3/lib/python3.11/site-packages/airflow/example_dags/example_workday_timetable.py
[2025-03-27T15:10:59.675-0500] {processor.py:925} INFO - DAG(s) 'example_workday_timetable' retrieved from /home/udhbhav/miniconda3/lib/python3.11/site-packages/airflow/example_dags/example_workday_timetable.py
[2025-03-27T15:10:59.682-0500] {logging_mixin.py:190} INFO - [2025-03-27T15:10:59.682-0500] {dag.py:3239} INFO - Sync 1 DAGs
[2025-03-27T15:10:59.690-0500] {logging_mixin.py:190} INFO - [2025-03-27T15:10:59.690-0500] {dag.py:4180} INFO - Setting next_dagrun for example_workday_timetable to 2021-01-01 00:00:00+00:00, run_after=2021-01-02 00:00:00+00:00
[2025-03-27T15:10:59.822-0500] {processor.py:208} INFO - Processing /home/udhbhav/miniconda3/lib/python3.11/site-packages/airflow/example_dags/example_workday_timetable.py took 0.155 seconds
[2025-03-27T15:12:05.308-0500] {processor.py:186} INFO - Started process (PID=1797642) to work on /home/udhbhav/miniconda3/lib/python3.11/site-packages/airflow/example_dags/example_workday_timetable.py
[2025-03-27T15:12:05.308-0500] {processor.py:914} INFO - Processing file /home/udhbhav/miniconda3/lib/python3.11/site-packages/airflow/example_dags/example_workday_timetable.py for tasks to queue
[2025-03-27T15:12:05.309-0500] {logging_mixin.py:190} INFO - [2025-03-27T15:12:05.309-0500] {dagbag.py:588} INFO - Filling up the DagBag from /home/udhbhav/miniconda3/lib/python3.11/site-packages/airflow/example_dags/example_workday_timetable.py
[2025-03-27T15:12:05.312-0500] {processor.py:925} INFO - DAG(s) 'example_workday_timetable' retrieved from /home/udhbhav/miniconda3/lib/python3.11/site-packages/airflow/example_dags/example_workday_timetable.py
[2025-03-27T15:12:05.319-0500] {logging_mixin.py:190} INFO - [2025-03-27T15:12:05.319-0500] {dag.py:3239} INFO - Sync 1 DAGs
[2025-03-27T15:12:05.327-0500] {logging_mixin.py:190} INFO - [2025-03-27T15:12:05.327-0500] {dag.py:4180} INFO - Setting next_dagrun for example_workday_timetable to 2021-01-01 00:00:00+00:00, run_after=2021-01-02 00:00:00+00:00
[2025-03-27T15:12:05.548-0500] {processor.py:208} INFO - Processing /home/udhbhav/miniconda3/lib/python3.11/site-packages/airflow/example_dags/example_workday_timetable.py took 0.243 seconds
[2025-03-27T15:13:24.905-0500] {processor.py:186} INFO - Started process (PID=1798411) to work on /home/udhbhav/miniconda3/lib/python3.11/site-packages/airflow/example_dags/example_workday_timetable.py
[2025-03-27T15:13:24.906-0500] {processor.py:914} INFO - Processing file /home/udhbhav/miniconda3/lib/python3.11/site-packages/airflow/example_dags/example_workday_timetable.py for tasks to queue
[2025-03-27T15:13:24.907-0500] {logging_mixin.py:190} INFO - [2025-03-27T15:13:24.907-0500] {dagbag.py:588} INFO - Filling up the DagBag from /home/udhbhav/miniconda3/lib/python3.11/site-packages/airflow/example_dags/example_workday_timetable.py
[2025-03-27T15:13:24.910-0500] {processor.py:925} INFO - DAG(s) 'example_workday_timetable' retrieved from /home/udhbhav/miniconda3/lib/python3.11/site-packages/airflow/example_dags/example_workday_timetable.py
[2025-03-27T15:13:24.918-0500] {logging_mixin.py:190} INFO - [2025-03-27T15:13:24.917-0500] {dag.py:3239} INFO - Sync 1 DAGs
[2025-03-27T15:13:24.925-0500] {logging_mixin.py:190} INFO - [2025-03-27T15:13:24.925-0500] {dag.py:4180} INFO - Setting next_dagrun for example_workday_timetable to 2021-01-01 00:00:00+00:00, run_after=2021-01-02 00:00:00+00:00
[2025-03-27T15:13:25.079-0500] {processor.py:208} INFO - Processing /home/udhbhav/miniconda3/lib/python3.11/site-packages/airflow/example_dags/example_workday_timetable.py took 0.176 seconds
[2025-03-27T15:14:40.749-0500] {processor.py:186} INFO - Started process (PID=1799228) to work on /home/udhbhav/miniconda3/lib/python3.11/site-packages/airflow/example_dags/example_workday_timetable.py
[2025-03-27T15:14:40.750-0500] {processor.py:914} INFO - Processing file /home/udhbhav/miniconda3/lib/python3.11/site-packages/airflow/example_dags/example_workday_timetable.py for tasks to queue
[2025-03-27T15:14:40.751-0500] {logging_mixin.py:190} INFO - [2025-03-27T15:14:40.750-0500] {dagbag.py:588} INFO - Filling up the DagBag from /home/udhbhav/miniconda3/lib/python3.11/site-packages/airflow/example_dags/example_workday_timetable.py
[2025-03-27T15:14:40.754-0500] {processor.py:925} INFO - DAG(s) 'example_workday_timetable' retrieved from /home/udhbhav/miniconda3/lib/python3.11/site-packages/airflow/example_dags/example_workday_timetable.py
[2025-03-27T15:14:40.761-0500] {logging_mixin.py:190} INFO - [2025-03-27T15:14:40.761-0500] {dag.py:3239} INFO - Sync 1 DAGs
[2025-03-27T15:14:40.769-0500] {logging_mixin.py:190} INFO - [2025-03-27T15:14:40.769-0500] {dag.py:4180} INFO - Setting next_dagrun for example_workday_timetable to 2021-01-01 00:00:00+00:00, run_after=2021-01-02 00:00:00+00:00
[2025-03-27T15:14:40.994-0500] {processor.py:208} INFO - Processing /home/udhbhav/miniconda3/lib/python3.11/site-packages/airflow/example_dags/example_workday_timetable.py took 0.247 seconds
[2025-03-27T15:15:59.055-0500] {processor.py:186} INFO - Started process (PID=1799999) to work on /home/udhbhav/miniconda3/lib/python3.11/site-packages/airflow/example_dags/example_workday_timetable.py
[2025-03-27T15:15:59.055-0500] {processor.py:914} INFO - Processing file /home/udhbhav/miniconda3/lib/python3.11/site-packages/airflow/example_dags/example_workday_timetable.py for tasks to queue
[2025-03-27T15:15:59.056-0500] {logging_mixin.py:190} INFO - [2025-03-27T15:15:59.056-0500] {dagbag.py:588} INFO - Filling up the DagBag from /home/udhbhav/miniconda3/lib/python3.11/site-packages/airflow/example_dags/example_workday_timetable.py
[2025-03-27T15:15:59.059-0500] {processor.py:925} INFO - DAG(s) 'example_workday_timetable' retrieved from /home/udhbhav/miniconda3/lib/python3.11/site-packages/airflow/example_dags/example_workday_timetable.py
[2025-03-27T15:15:59.066-0500] {logging_mixin.py:190} INFO - [2025-03-27T15:15:59.066-0500] {dag.py:3239} INFO - Sync 1 DAGs
[2025-03-27T15:15:59.074-0500] {logging_mixin.py:190} INFO - [2025-03-27T15:15:59.074-0500] {dag.py:4180} INFO - Setting next_dagrun for example_workday_timetable to 2021-01-01 00:00:00+00:00, run_after=2021-01-02 00:00:00+00:00
[2025-03-27T15:15:59.570-0500] {processor.py:208} INFO - Processing /home/udhbhav/miniconda3/lib/python3.11/site-packages/airflow/example_dags/example_workday_timetable.py took 0.518 seconds
[2025-03-27T15:17:18.151-0500] {processor.py:186} INFO - Started process (PID=1800739) to work on /home/udhbhav/miniconda3/lib/python3.11/site-packages/airflow/example_dags/example_workday_timetable.py
[2025-03-27T15:17:18.152-0500] {processor.py:914} INFO - Processing file /home/udhbhav/miniconda3/lib/python3.11/site-packages/airflow/example_dags/example_workday_timetable.py for tasks to queue
[2025-03-27T15:17:18.152-0500] {logging_mixin.py:190} INFO - [2025-03-27T15:17:18.152-0500] {dagbag.py:588} INFO - Filling up the DagBag from /home/udhbhav/miniconda3/lib/python3.11/site-packages/airflow/example_dags/example_workday_timetable.py
[2025-03-27T15:17:18.155-0500] {processor.py:925} INFO - DAG(s) 'example_workday_timetable' retrieved from /home/udhbhav/miniconda3/lib/python3.11/site-packages/airflow/example_dags/example_workday_timetable.py
[2025-03-27T15:17:18.162-0500] {logging_mixin.py:190} INFO - [2025-03-27T15:17:18.162-0500] {dag.py:3239} INFO - Sync 1 DAGs
[2025-03-27T15:17:18.170-0500] {logging_mixin.py:190} INFO - [2025-03-27T15:17:18.170-0500] {dag.py:4180} INFO - Setting next_dagrun for example_workday_timetable to 2021-01-01 00:00:00+00:00, run_after=2021-01-02 00:00:00+00:00
[2025-03-27T15:17:18.311-0500] {processor.py:208} INFO - Processing /home/udhbhav/miniconda3/lib/python3.11/site-packages/airflow/example_dags/example_workday_timetable.py took 0.163 seconds
[2025-03-27T15:18:24.277-0500] {processor.py:186} INFO - Started process (PID=1801396) to work on /home/udhbhav/miniconda3/lib/python3.11/site-packages/airflow/example_dags/example_workday_timetable.py
[2025-03-27T15:18:24.278-0500] {processor.py:914} INFO - Processing file /home/udhbhav/miniconda3/lib/python3.11/site-packages/airflow/example_dags/example_workday_timetable.py for tasks to queue
[2025-03-27T15:18:24.278-0500] {logging_mixin.py:190} INFO - [2025-03-27T15:18:24.278-0500] {dagbag.py:588} INFO - Filling up the DagBag from /home/udhbhav/miniconda3/lib/python3.11/site-packages/airflow/example_dags/example_workday_timetable.py
[2025-03-27T15:18:24.281-0500] {processor.py:925} INFO - DAG(s) 'example_workday_timetable' retrieved from /home/udhbhav/miniconda3/lib/python3.11/site-packages/airflow/example_dags/example_workday_timetable.py
[2025-03-27T15:18:24.288-0500] {logging_mixin.py:190} INFO - [2025-03-27T15:18:24.288-0500] {dag.py:3239} INFO - Sync 1 DAGs
[2025-03-27T15:18:24.296-0500] {logging_mixin.py:190} INFO - [2025-03-27T15:18:24.296-0500] {dag.py:4180} INFO - Setting next_dagrun for example_workday_timetable to 2021-01-01 00:00:00+00:00, run_after=2021-01-02 00:00:00+00:00
[2025-03-27T15:18:24.430-0500] {processor.py:208} INFO - Processing /home/udhbhav/miniconda3/lib/python3.11/site-packages/airflow/example_dags/example_workday_timetable.py took 0.156 seconds
[2025-03-27T15:19:34.777-0500] {processor.py:186} INFO - Started process (PID=1802110) to work on /home/udhbhav/miniconda3/lib/python3.11/site-packages/airflow/example_dags/example_workday_timetable.py
[2025-03-27T15:19:34.777-0500] {processor.py:914} INFO - Processing file /home/udhbhav/miniconda3/lib/python3.11/site-packages/airflow/example_dags/example_workday_timetable.py for tasks to queue
[2025-03-27T15:19:34.778-0500] {logging_mixin.py:190} INFO - [2025-03-27T15:19:34.778-0500] {dagbag.py:588} INFO - Filling up the DagBag from /home/udhbhav/miniconda3/lib/python3.11/site-packages/airflow/example_dags/example_workday_timetable.py
[2025-03-27T15:19:34.781-0500] {processor.py:925} INFO - DAG(s) 'example_workday_timetable' retrieved from /home/udhbhav/miniconda3/lib/python3.11/site-packages/airflow/example_dags/example_workday_timetable.py
[2025-03-27T15:19:34.788-0500] {logging_mixin.py:190} INFO - [2025-03-27T15:19:34.788-0500] {dag.py:3239} INFO - Sync 1 DAGs
[2025-03-27T15:19:34.796-0500] {logging_mixin.py:190} INFO - [2025-03-27T15:19:34.796-0500] {dag.py:4180} INFO - Setting next_dagrun for example_workday_timetable to 2021-01-01 00:00:00+00:00, run_after=2021-01-02 00:00:00+00:00
[2025-03-27T15:19:34.934-0500] {processor.py:208} INFO - Processing /home/udhbhav/miniconda3/lib/python3.11/site-packages/airflow/example_dags/example_workday_timetable.py took 0.160 seconds
[2025-03-27T15:20:39.824-0500] {processor.py:186} INFO - Started process (PID=1803553) to work on /home/udhbhav/miniconda3/lib/python3.11/site-packages/airflow/example_dags/example_workday_timetable.py
[2025-03-27T15:20:39.824-0500] {processor.py:914} INFO - Processing file /home/udhbhav/miniconda3/lib/python3.11/site-packages/airflow/example_dags/example_workday_timetable.py for tasks to queue
[2025-03-27T15:20:39.825-0500] {logging_mixin.py:190} INFO - [2025-03-27T15:20:39.825-0500] {dagbag.py:588} INFO - Filling up the DagBag from /home/udhbhav/miniconda3/lib/python3.11/site-packages/airflow/example_dags/example_workday_timetable.py
[2025-03-27T15:20:39.828-0500] {processor.py:925} INFO - DAG(s) 'example_workday_timetable' retrieved from /home/udhbhav/miniconda3/lib/python3.11/site-packages/airflow/example_dags/example_workday_timetable.py
[2025-03-27T15:20:39.835-0500] {logging_mixin.py:190} INFO - [2025-03-27T15:20:39.835-0500] {dag.py:3239} INFO - Sync 1 DAGs
[2025-03-27T15:20:39.843-0500] {logging_mixin.py:190} INFO - [2025-03-27T15:20:39.843-0500] {dag.py:4180} INFO - Setting next_dagrun for example_workday_timetable to 2021-01-01 00:00:00+00:00, run_after=2021-01-02 00:00:00+00:00
[2025-03-27T15:20:39.976-0500] {processor.py:208} INFO - Processing /home/udhbhav/miniconda3/lib/python3.11/site-packages/airflow/example_dags/example_workday_timetable.py took 0.155 seconds
[2025-03-27T15:21:50.937-0500] {processor.py:186} INFO - Started process (PID=1808392) to work on /home/udhbhav/miniconda3/lib/python3.11/site-packages/airflow/example_dags/example_workday_timetable.py
[2025-03-27T15:21:50.938-0500] {processor.py:914} INFO - Processing file /home/udhbhav/miniconda3/lib/python3.11/site-packages/airflow/example_dags/example_workday_timetable.py for tasks to queue
[2025-03-27T15:21:50.939-0500] {logging_mixin.py:190} INFO - [2025-03-27T15:21:50.938-0500] {dagbag.py:588} INFO - Filling up the DagBag from /home/udhbhav/miniconda3/lib/python3.11/site-packages/airflow/example_dags/example_workday_timetable.py
[2025-03-27T15:21:50.942-0500] {processor.py:925} INFO - DAG(s) 'example_workday_timetable' retrieved from /home/udhbhav/miniconda3/lib/python3.11/site-packages/airflow/example_dags/example_workday_timetable.py
[2025-03-27T15:21:50.949-0500] {logging_mixin.py:190} INFO - [2025-03-27T15:21:50.948-0500] {dag.py:3239} INFO - Sync 1 DAGs
[2025-03-27T15:21:50.956-0500] {logging_mixin.py:190} INFO - [2025-03-27T15:21:50.956-0500] {dag.py:4180} INFO - Setting next_dagrun for example_workday_timetable to 2021-01-01 00:00:00+00:00, run_after=2021-01-02 00:00:00+00:00
[2025-03-27T15:21:51.089-0500] {processor.py:208} INFO - Processing /home/udhbhav/miniconda3/lib/python3.11/site-packages/airflow/example_dags/example_workday_timetable.py took 0.155 seconds
[2025-03-27T15:23:10.567-0500] {processor.py:186} INFO - Started process (PID=1809079) to work on /home/udhbhav/miniconda3/lib/python3.11/site-packages/airflow/example_dags/example_workday_timetable.py
[2025-03-27T15:23:10.568-0500] {processor.py:914} INFO - Processing file /home/udhbhav/miniconda3/lib/python3.11/site-packages/airflow/example_dags/example_workday_timetable.py for tasks to queue
[2025-03-27T15:23:10.569-0500] {logging_mixin.py:190} INFO - [2025-03-27T15:23:10.568-0500] {dagbag.py:588} INFO - Filling up the DagBag from /home/udhbhav/miniconda3/lib/python3.11/site-packages/airflow/example_dags/example_workday_timetable.py
[2025-03-27T15:23:10.572-0500] {processor.py:925} INFO - DAG(s) 'example_workday_timetable' retrieved from /home/udhbhav/miniconda3/lib/python3.11/site-packages/airflow/example_dags/example_workday_timetable.py
[2025-03-27T15:23:10.579-0500] {logging_mixin.py:190} INFO - [2025-03-27T15:23:10.579-0500] {dag.py:3239} INFO - Sync 1 DAGs
[2025-03-27T15:23:10.587-0500] {logging_mixin.py:190} INFO - [2025-03-27T15:23:10.587-0500] {dag.py:4180} INFO - Setting next_dagrun for example_workday_timetable to 2021-01-01 00:00:00+00:00, run_after=2021-01-02 00:00:00+00:00
[2025-03-27T15:23:10.729-0500] {processor.py:208} INFO - Processing /home/udhbhav/miniconda3/lib/python3.11/site-packages/airflow/example_dags/example_workday_timetable.py took 0.165 seconds
[2025-03-27T15:24:18.506-0500] {processor.py:186} INFO - Started process (PID=1809858) to work on /home/udhbhav/miniconda3/lib/python3.11/site-packages/airflow/example_dags/example_workday_timetable.py
[2025-03-27T15:24:18.507-0500] {processor.py:914} INFO - Processing file /home/udhbhav/miniconda3/lib/python3.11/site-packages/airflow/example_dags/example_workday_timetable.py for tasks to queue
[2025-03-27T15:24:18.508-0500] {logging_mixin.py:190} INFO - [2025-03-27T15:24:18.508-0500] {dagbag.py:588} INFO - Filling up the DagBag from /home/udhbhav/miniconda3/lib/python3.11/site-packages/airflow/example_dags/example_workday_timetable.py
[2025-03-27T15:24:18.511-0500] {processor.py:925} INFO - DAG(s) 'example_workday_timetable' retrieved from /home/udhbhav/miniconda3/lib/python3.11/site-packages/airflow/example_dags/example_workday_timetable.py
[2025-03-27T15:24:18.518-0500] {logging_mixin.py:190} INFO - [2025-03-27T15:24:18.518-0500] {dag.py:3239} INFO - Sync 1 DAGs
[2025-03-27T15:24:18.525-0500] {logging_mixin.py:190} INFO - [2025-03-27T15:24:18.525-0500] {dag.py:4180} INFO - Setting next_dagrun for example_workday_timetable to 2021-01-01 00:00:00+00:00, run_after=2021-01-02 00:00:00+00:00
[2025-03-27T15:24:18.669-0500] {processor.py:208} INFO - Processing /home/udhbhav/miniconda3/lib/python3.11/site-packages/airflow/example_dags/example_workday_timetable.py took 0.166 seconds
[2025-03-27T15:25:38.753-0500] {processor.py:186} INFO - Started process (PID=1810689) to work on /home/udhbhav/miniconda3/lib/python3.11/site-packages/airflow/example_dags/example_workday_timetable.py
[2025-03-27T15:25:38.753-0500] {processor.py:914} INFO - Processing file /home/udhbhav/miniconda3/lib/python3.11/site-packages/airflow/example_dags/example_workday_timetable.py for tasks to queue
[2025-03-27T15:25:38.754-0500] {logging_mixin.py:190} INFO - [2025-03-27T15:25:38.754-0500] {dagbag.py:588} INFO - Filling up the DagBag from /home/udhbhav/miniconda3/lib/python3.11/site-packages/airflow/example_dags/example_workday_timetable.py
[2025-03-27T15:25:38.757-0500] {processor.py:925} INFO - DAG(s) 'example_workday_timetable' retrieved from /home/udhbhav/miniconda3/lib/python3.11/site-packages/airflow/example_dags/example_workday_timetable.py
[2025-03-27T15:25:38.764-0500] {logging_mixin.py:190} INFO - [2025-03-27T15:25:38.764-0500] {dag.py:3239} INFO - Sync 1 DAGs
[2025-03-27T15:25:38.772-0500] {logging_mixin.py:190} INFO - [2025-03-27T15:25:38.772-0500] {dag.py:4180} INFO - Setting next_dagrun for example_workday_timetable to 2021-01-01 00:00:00+00:00, run_after=2021-01-02 00:00:00+00:00
[2025-03-27T15:25:39.092-0500] {processor.py:208} INFO - Processing /home/udhbhav/miniconda3/lib/python3.11/site-packages/airflow/example_dags/example_workday_timetable.py took 0.342 seconds
[2025-03-27T15:27:12.255-0500] {processor.py:186} INFO - Started process (PID=1811540) to work on /home/udhbhav/miniconda3/lib/python3.11/site-packages/airflow/example_dags/example_workday_timetable.py
[2025-03-27T15:27:12.255-0500] {processor.py:914} INFO - Processing file /home/udhbhav/miniconda3/lib/python3.11/site-packages/airflow/example_dags/example_workday_timetable.py for tasks to queue
[2025-03-27T15:27:12.256-0500] {logging_mixin.py:190} INFO - [2025-03-27T15:27:12.256-0500] {dagbag.py:588} INFO - Filling up the DagBag from /home/udhbhav/miniconda3/lib/python3.11/site-packages/airflow/example_dags/example_workday_timetable.py
[2025-03-27T15:27:12.259-0500] {processor.py:925} INFO - DAG(s) 'example_workday_timetable' retrieved from /home/udhbhav/miniconda3/lib/python3.11/site-packages/airflow/example_dags/example_workday_timetable.py
[2025-03-27T15:27:12.267-0500] {logging_mixin.py:190} INFO - [2025-03-27T15:27:12.266-0500] {dag.py:3239} INFO - Sync 1 DAGs
[2025-03-27T15:27:12.274-0500] {logging_mixin.py:190} INFO - [2025-03-27T15:27:12.274-0500] {dag.py:4180} INFO - Setting next_dagrun for example_workday_timetable to 2021-01-01 00:00:00+00:00, run_after=2021-01-02 00:00:00+00:00
[2025-03-27T15:27:12.407-0500] {processor.py:208} INFO - Processing /home/udhbhav/miniconda3/lib/python3.11/site-packages/airflow/example_dags/example_workday_timetable.py took 0.155 seconds
[2025-03-27T15:28:30.128-0500] {processor.py:186} INFO - Started process (PID=1812267) to work on /home/udhbhav/miniconda3/lib/python3.11/site-packages/airflow/example_dags/example_workday_timetable.py
[2025-03-27T15:28:30.128-0500] {processor.py:914} INFO - Processing file /home/udhbhav/miniconda3/lib/python3.11/site-packages/airflow/example_dags/example_workday_timetable.py for tasks to queue
[2025-03-27T15:28:30.129-0500] {logging_mixin.py:190} INFO - [2025-03-27T15:28:30.129-0500] {dagbag.py:588} INFO - Filling up the DagBag from /home/udhbhav/miniconda3/lib/python3.11/site-packages/airflow/example_dags/example_workday_timetable.py
[2025-03-27T15:28:30.132-0500] {processor.py:925} INFO - DAG(s) 'example_workday_timetable' retrieved from /home/udhbhav/miniconda3/lib/python3.11/site-packages/airflow/example_dags/example_workday_timetable.py
[2025-03-27T15:28:30.140-0500] {logging_mixin.py:190} INFO - [2025-03-27T15:28:30.140-0500] {dag.py:3239} INFO - Sync 1 DAGs
[2025-03-27T15:28:30.148-0500] {logging_mixin.py:190} INFO - [2025-03-27T15:28:30.147-0500] {dag.py:4180} INFO - Setting next_dagrun for example_workday_timetable to 2021-01-01 00:00:00+00:00, run_after=2021-01-02 00:00:00+00:00
[2025-03-27T15:28:30.441-0500] {processor.py:208} INFO - Processing /home/udhbhav/miniconda3/lib/python3.11/site-packages/airflow/example_dags/example_workday_timetable.py took 0.316 seconds
[2025-03-27T15:30:16.865-0500] {processor.py:186} INFO - Started process (PID=1813295) to work on /home/udhbhav/miniconda3/lib/python3.11/site-packages/airflow/example_dags/example_workday_timetable.py
[2025-03-27T15:30:16.866-0500] {processor.py:914} INFO - Processing file /home/udhbhav/miniconda3/lib/python3.11/site-packages/airflow/example_dags/example_workday_timetable.py for tasks to queue
[2025-03-27T15:30:16.866-0500] {logging_mixin.py:190} INFO - [2025-03-27T15:30:16.866-0500] {dagbag.py:588} INFO - Filling up the DagBag from /home/udhbhav/miniconda3/lib/python3.11/site-packages/airflow/example_dags/example_workday_timetable.py
[2025-03-27T15:30:16.870-0500] {processor.py:925} INFO - DAG(s) 'example_workday_timetable' retrieved from /home/udhbhav/miniconda3/lib/python3.11/site-packages/airflow/example_dags/example_workday_timetable.py
[2025-03-27T15:30:16.877-0500] {logging_mixin.py:190} INFO - [2025-03-27T15:30:16.876-0500] {dag.py:3239} INFO - Sync 1 DAGs
[2025-03-27T15:30:16.884-0500] {logging_mixin.py:190} INFO - [2025-03-27T15:30:16.884-0500] {dag.py:4180} INFO - Setting next_dagrun for example_workday_timetable to 2021-01-01 00:00:00+00:00, run_after=2021-01-02 00:00:00+00:00
[2025-03-27T15:30:17.194-0500] {processor.py:208} INFO - Processing /home/udhbhav/miniconda3/lib/python3.11/site-packages/airflow/example_dags/example_workday_timetable.py took 0.332 seconds
[2025-03-27T15:32:09.476-0500] {processor.py:186} INFO - Started process (PID=1814343) to work on /home/udhbhav/miniconda3/lib/python3.11/site-packages/airflow/example_dags/example_workday_timetable.py
[2025-03-27T15:32:09.477-0500] {processor.py:914} INFO - Processing file /home/udhbhav/miniconda3/lib/python3.11/site-packages/airflow/example_dags/example_workday_timetable.py for tasks to queue
[2025-03-27T15:32:09.478-0500] {logging_mixin.py:190} INFO - [2025-03-27T15:32:09.478-0500] {dagbag.py:588} INFO - Filling up the DagBag from /home/udhbhav/miniconda3/lib/python3.11/site-packages/airflow/example_dags/example_workday_timetable.py
[2025-03-27T15:32:09.481-0500] {processor.py:925} INFO - DAG(s) 'example_workday_timetable' retrieved from /home/udhbhav/miniconda3/lib/python3.11/site-packages/airflow/example_dags/example_workday_timetable.py
[2025-03-27T15:32:09.489-0500] {logging_mixin.py:190} INFO - [2025-03-27T15:32:09.489-0500] {dag.py:3239} INFO - Sync 1 DAGs
[2025-03-27T15:32:09.497-0500] {logging_mixin.py:190} INFO - [2025-03-27T15:32:09.496-0500] {dag.py:4180} INFO - Setting next_dagrun for example_workday_timetable to 2021-01-01 00:00:00+00:00, run_after=2021-01-02 00:00:00+00:00
[2025-03-27T15:32:09.682-0500] {processor.py:208} INFO - Processing /home/udhbhav/miniconda3/lib/python3.11/site-packages/airflow/example_dags/example_workday_timetable.py took 0.209 seconds
[2025-03-27T15:33:21.278-0500] {processor.py:186} INFO - Started process (PID=1815005) to work on /home/udhbhav/miniconda3/lib/python3.11/site-packages/airflow/example_dags/example_workday_timetable.py
[2025-03-27T15:33:21.278-0500] {processor.py:914} INFO - Processing file /home/udhbhav/miniconda3/lib/python3.11/site-packages/airflow/example_dags/example_workday_timetable.py for tasks to queue
[2025-03-27T15:33:21.279-0500] {logging_mixin.py:190} INFO - [2025-03-27T15:33:21.279-0500] {dagbag.py:588} INFO - Filling up the DagBag from /home/udhbhav/miniconda3/lib/python3.11/site-packages/airflow/example_dags/example_workday_timetable.py
[2025-03-27T15:33:21.282-0500] {processor.py:925} INFO - DAG(s) 'example_workday_timetable' retrieved from /home/udhbhav/miniconda3/lib/python3.11/site-packages/airflow/example_dags/example_workday_timetable.py
[2025-03-27T15:33:21.289-0500] {logging_mixin.py:190} INFO - [2025-03-27T15:33:21.289-0500] {dag.py:3239} INFO - Sync 1 DAGs
[2025-03-27T15:33:21.297-0500] {logging_mixin.py:190} INFO - [2025-03-27T15:33:21.297-0500] {dag.py:4180} INFO - Setting next_dagrun for example_workday_timetable to 2021-01-01 00:00:00+00:00, run_after=2021-01-02 00:00:00+00:00
[2025-03-27T15:33:21.427-0500] {processor.py:208} INFO - Processing /home/udhbhav/miniconda3/lib/python3.11/site-packages/airflow/example_dags/example_workday_timetable.py took 0.152 seconds
[2025-03-27T15:34:27.679-0500] {processor.py:186} INFO - Started process (PID=1815676) to work on /home/udhbhav/miniconda3/lib/python3.11/site-packages/airflow/example_dags/example_workday_timetable.py
[2025-03-27T15:34:27.679-0500] {processor.py:914} INFO - Processing file /home/udhbhav/miniconda3/lib/python3.11/site-packages/airflow/example_dags/example_workday_timetable.py for tasks to queue
[2025-03-27T15:34:27.680-0500] {logging_mixin.py:190} INFO - [2025-03-27T15:34:27.680-0500] {dagbag.py:588} INFO - Filling up the DagBag from /home/udhbhav/miniconda3/lib/python3.11/site-packages/airflow/example_dags/example_workday_timetable.py
[2025-03-27T15:34:27.683-0500] {processor.py:925} INFO - DAG(s) 'example_workday_timetable' retrieved from /home/udhbhav/miniconda3/lib/python3.11/site-packages/airflow/example_dags/example_workday_timetable.py
[2025-03-27T15:34:27.690-0500] {logging_mixin.py:190} INFO - [2025-03-27T15:34:27.690-0500] {dag.py:3239} INFO - Sync 1 DAGs
[2025-03-27T15:34:27.698-0500] {logging_mixin.py:190} INFO - [2025-03-27T15:34:27.698-0500] {dag.py:4180} INFO - Setting next_dagrun for example_workday_timetable to 2021-01-01 00:00:00+00:00, run_after=2021-01-02 00:00:00+00:00
[2025-03-27T15:34:27.831-0500] {processor.py:208} INFO - Processing /home/udhbhav/miniconda3/lib/python3.11/site-packages/airflow/example_dags/example_workday_timetable.py took 0.155 seconds
[2025-03-27T15:35:36.392-0500] {processor.py:186} INFO - Started process (PID=1816347) to work on /home/udhbhav/miniconda3/lib/python3.11/site-packages/airflow/example_dags/example_workday_timetable.py
[2025-03-27T15:35:36.393-0500] {processor.py:914} INFO - Processing file /home/udhbhav/miniconda3/lib/python3.11/site-packages/airflow/example_dags/example_workday_timetable.py for tasks to queue
[2025-03-27T15:35:36.394-0500] {logging_mixin.py:190} INFO - [2025-03-27T15:35:36.394-0500] {dagbag.py:588} INFO - Filling up the DagBag from /home/udhbhav/miniconda3/lib/python3.11/site-packages/airflow/example_dags/example_workday_timetable.py
[2025-03-27T15:35:36.397-0500] {processor.py:925} INFO - DAG(s) 'example_workday_timetable' retrieved from /home/udhbhav/miniconda3/lib/python3.11/site-packages/airflow/example_dags/example_workday_timetable.py
[2025-03-27T15:35:36.404-0500] {logging_mixin.py:190} INFO - [2025-03-27T15:35:36.404-0500] {dag.py:3239} INFO - Sync 1 DAGs
[2025-03-27T15:35:36.412-0500] {logging_mixin.py:190} INFO - [2025-03-27T15:35:36.412-0500] {dag.py:4180} INFO - Setting next_dagrun for example_workday_timetable to 2021-01-01 00:00:00+00:00, run_after=2021-01-02 00:00:00+00:00
[2025-03-27T15:35:36.544-0500] {processor.py:208} INFO - Processing /home/udhbhav/miniconda3/lib/python3.11/site-packages/airflow/example_dags/example_workday_timetable.py took 0.155 seconds
