[2025-03-27T14:27:15.690-0500] {processor.py:186} INFO - Started process (PID=1763656) to work on /home/udhbhav/miniconda3/lib/python3.11/site-packages/airflow/example_dags/example_trigger_controller_dag.py
[2025-03-27T14:27:15.691-0500] {processor.py:914} INFO - Processing file /home/udhbhav/miniconda3/lib/python3.11/site-packages/airflow/example_dags/example_trigger_controller_dag.py for tasks to queue
[2025-03-27T14:27:15.692-0500] {logging_mixin.py:190} INFO - [2025-03-27T14:27:15.691-0500] {dagbag.py:588} INFO - Filling up the DagBag from /home/udhbhav/miniconda3/lib/python3.11/site-packages/airflow/example_dags/example_trigger_controller_dag.py
[2025-03-27T14:27:15.696-0500] {processor.py:925} INFO - DAG(s) 'example_trigger_controller_dag' retrieved from /home/udhbhav/miniconda3/lib/python3.11/site-packages/airflow/example_dags/example_trigger_controller_dag.py
[2025-03-27T14:27:15.994-0500] {logging_mixin.py:190} INFO - [2025-03-27T14:27:15.994-0500] {override.py:1912} INFO - Created Permission View: can read on DAG:example_trigger_controller_dag
[2025-03-27T14:27:16.119-0500] {logging_mixin.py:190} INFO - [2025-03-27T14:27:16.119-0500] {override.py:1912} INFO - Created Permission View: can edit on DAG:example_trigger_controller_dag
[2025-03-27T14:27:16.237-0500] {logging_mixin.py:190} INFO - [2025-03-27T14:27:16.237-0500] {override.py:1912} INFO - Created Permission View: can delete on DAG:example_trigger_controller_dag
[2025-03-27T14:27:16.458-0500] {logging_mixin.py:190} INFO - [2025-03-27T14:27:16.458-0500] {override.py:1912} INFO - Created Permission View: can read on DAG Run:example_trigger_controller_dag
[2025-03-27T14:27:16.573-0500] {logging_mixin.py:190} INFO - [2025-03-27T14:27:16.573-0500] {override.py:1912} INFO - Created Permission View: menu access on DAG Run:example_trigger_controller_dag
[2025-03-27T14:27:16.682-0500] {logging_mixin.py:190} INFO - [2025-03-27T14:27:16.682-0500] {override.py:1912} INFO - Created Permission View: can create on DAG Run:example_trigger_controller_dag
[2025-03-27T14:27:16.797-0500] {logging_mixin.py:190} INFO - [2025-03-27T14:27:16.797-0500] {override.py:1912} INFO - Created Permission View: can delete on DAG Run:example_trigger_controller_dag
[2025-03-27T14:27:16.797-0500] {logging_mixin.py:190} INFO - [2025-03-27T14:27:16.797-0500] {dag.py:3239} INFO - Sync 1 DAGs
[2025-03-27T14:27:16.803-0500] {logging_mixin.py:190} INFO - [2025-03-27T14:27:16.803-0500] {dag.py:3262} INFO - Creating ORM DAG for example_trigger_controller_dag
[2025-03-27T14:27:16.807-0500] {logging_mixin.py:190} INFO - [2025-03-27T14:27:16.807-0500] {dag.py:4180} INFO - Setting next_dagrun for example_trigger_controller_dag to 2021-01-01 00:00:00+00:00, run_after=2021-01-01 00:00:00+00:00
[2025-03-27T14:27:16.934-0500] {processor.py:208} INFO - Processing /home/udhbhav/miniconda3/lib/python3.11/site-packages/airflow/example_dags/example_trigger_controller_dag.py took 1.246 seconds
[2025-03-27T14:28:51.912-0500] {processor.py:186} INFO - Started process (PID=1764645) to work on /home/udhbhav/miniconda3/lib/python3.11/site-packages/airflow/example_dags/example_trigger_controller_dag.py
[2025-03-27T14:28:51.912-0500] {processor.py:914} INFO - Processing file /home/udhbhav/miniconda3/lib/python3.11/site-packages/airflow/example_dags/example_trigger_controller_dag.py for tasks to queue
[2025-03-27T14:28:51.913-0500] {logging_mixin.py:190} INFO - [2025-03-27T14:28:51.913-0500] {dagbag.py:588} INFO - Filling up the DagBag from /home/udhbhav/miniconda3/lib/python3.11/site-packages/airflow/example_dags/example_trigger_controller_dag.py
[2025-03-27T14:28:51.918-0500] {processor.py:925} INFO - DAG(s) 'example_trigger_controller_dag' retrieved from /home/udhbhav/miniconda3/lib/python3.11/site-packages/airflow/example_dags/example_trigger_controller_dag.py
[2025-03-27T14:28:51.925-0500] {logging_mixin.py:190} INFO - [2025-03-27T14:28:51.924-0500] {dag.py:3239} INFO - Sync 1 DAGs
[2025-03-27T14:28:51.933-0500] {logging_mixin.py:190} INFO - [2025-03-27T14:28:51.933-0500] {dag.py:4180} INFO - Setting next_dagrun for example_trigger_controller_dag to 2021-01-01 00:00:00+00:00, run_after=2021-01-01 00:00:00+00:00
[2025-03-27T14:28:52.177-0500] {processor.py:208} INFO - Processing /home/udhbhav/miniconda3/lib/python3.11/site-packages/airflow/example_dags/example_trigger_controller_dag.py took 0.269 seconds
[2025-03-27T14:36:00.936-0500] {processor.py:186} INFO - Started process (PID=1768764) to work on /home/udhbhav/miniconda3/lib/python3.11/site-packages/airflow/example_dags/example_trigger_controller_dag.py
[2025-03-27T14:36:00.937-0500] {processor.py:914} INFO - Processing file /home/udhbhav/miniconda3/lib/python3.11/site-packages/airflow/example_dags/example_trigger_controller_dag.py for tasks to queue
[2025-03-27T14:36:00.938-0500] {logging_mixin.py:190} INFO - [2025-03-27T14:36:00.937-0500] {dagbag.py:588} INFO - Filling up the DagBag from /home/udhbhav/miniconda3/lib/python3.11/site-packages/airflow/example_dags/example_trigger_controller_dag.py
[2025-03-27T14:36:00.941-0500] {processor.py:925} INFO - DAG(s) 'example_trigger_controller_dag' retrieved from /home/udhbhav/miniconda3/lib/python3.11/site-packages/airflow/example_dags/example_trigger_controller_dag.py
[2025-03-27T14:36:00.948-0500] {logging_mixin.py:190} INFO - [2025-03-27T14:36:00.948-0500] {dag.py:3239} INFO - Sync 1 DAGs
[2025-03-27T14:36:00.957-0500] {logging_mixin.py:190} INFO - [2025-03-27T14:36:00.956-0500] {dag.py:4180} INFO - Setting next_dagrun for example_trigger_controller_dag to 2021-01-01 00:00:00+00:00, run_after=2021-01-01 00:00:00+00:00
[2025-03-27T14:36:01.088-0500] {processor.py:208} INFO - Processing /home/udhbhav/miniconda3/lib/python3.11/site-packages/airflow/example_dags/example_trigger_controller_dag.py took 0.155 seconds
[2025-03-27T14:37:48.215-0500] {processor.py:186} INFO - Started process (PID=1770034) to work on /home/udhbhav/miniconda3/lib/python3.11/site-packages/airflow/example_dags/example_trigger_controller_dag.py
[2025-03-27T14:37:48.215-0500] {processor.py:914} INFO - Processing file /home/udhbhav/miniconda3/lib/python3.11/site-packages/airflow/example_dags/example_trigger_controller_dag.py for tasks to queue
[2025-03-27T14:37:48.216-0500] {logging_mixin.py:190} INFO - [2025-03-27T14:37:48.216-0500] {dagbag.py:588} INFO - Filling up the DagBag from /home/udhbhav/miniconda3/lib/python3.11/site-packages/airflow/example_dags/example_trigger_controller_dag.py
[2025-03-27T14:37:48.220-0500] {processor.py:925} INFO - DAG(s) 'example_trigger_controller_dag' retrieved from /home/udhbhav/miniconda3/lib/python3.11/site-packages/airflow/example_dags/example_trigger_controller_dag.py
[2025-03-27T14:37:48.283-0500] {logging_mixin.py:190} INFO - [2025-03-27T14:37:48.282-0500] {dag.py:3239} INFO - Sync 1 DAGs
[2025-03-27T14:37:48.289-0500] {logging_mixin.py:190} INFO - [2025-03-27T14:37:48.289-0500] {dag.py:4180} INFO - Setting next_dagrun for example_trigger_controller_dag to 2021-01-01 00:00:00+00:00, run_after=2021-01-01 00:00:00+00:00
[2025-03-27T14:37:48.427-0500] {processor.py:208} INFO - Processing /home/udhbhav/miniconda3/lib/python3.11/site-packages/airflow/example_dags/example_trigger_controller_dag.py took 0.214 seconds
[2025-03-27T14:39:02.987-0500] {processor.py:186} INFO - Started process (PID=1770940) to work on /home/udhbhav/miniconda3/lib/python3.11/site-packages/airflow/example_dags/example_trigger_controller_dag.py
[2025-03-27T14:39:02.987-0500] {processor.py:914} INFO - Processing file /home/udhbhav/miniconda3/lib/python3.11/site-packages/airflow/example_dags/example_trigger_controller_dag.py for tasks to queue
[2025-03-27T14:39:02.988-0500] {logging_mixin.py:190} INFO - [2025-03-27T14:39:02.988-0500] {dagbag.py:588} INFO - Filling up the DagBag from /home/udhbhav/miniconda3/lib/python3.11/site-packages/airflow/example_dags/example_trigger_controller_dag.py
[2025-03-27T14:39:02.992-0500] {processor.py:925} INFO - DAG(s) 'example_trigger_controller_dag' retrieved from /home/udhbhav/miniconda3/lib/python3.11/site-packages/airflow/example_dags/example_trigger_controller_dag.py
[2025-03-27T14:39:02.998-0500] {logging_mixin.py:190} INFO - [2025-03-27T14:39:02.998-0500] {dag.py:3239} INFO - Sync 1 DAGs
[2025-03-27T14:39:03.006-0500] {logging_mixin.py:190} INFO - [2025-03-27T14:39:03.006-0500] {dag.py:4180} INFO - Setting next_dagrun for example_trigger_controller_dag to 2021-01-01 00:00:00+00:00, run_after=2021-01-01 00:00:00+00:00
[2025-03-27T14:39:03.136-0500] {processor.py:208} INFO - Processing /home/udhbhav/miniconda3/lib/python3.11/site-packages/airflow/example_dags/example_trigger_controller_dag.py took 0.152 seconds
[2025-03-27T14:40:30.213-0500] {processor.py:186} INFO - Started process (PID=1771701) to work on /home/udhbhav/miniconda3/lib/python3.11/site-packages/airflow/example_dags/example_trigger_controller_dag.py
[2025-03-27T14:40:30.213-0500] {processor.py:914} INFO - Processing file /home/udhbhav/miniconda3/lib/python3.11/site-packages/airflow/example_dags/example_trigger_controller_dag.py for tasks to queue
[2025-03-27T14:40:30.214-0500] {logging_mixin.py:190} INFO - [2025-03-27T14:40:30.214-0500] {dagbag.py:588} INFO - Filling up the DagBag from /home/udhbhav/miniconda3/lib/python3.11/site-packages/airflow/example_dags/example_trigger_controller_dag.py
[2025-03-27T14:40:30.218-0500] {processor.py:925} INFO - DAG(s) 'example_trigger_controller_dag' retrieved from /home/udhbhav/miniconda3/lib/python3.11/site-packages/airflow/example_dags/example_trigger_controller_dag.py
[2025-03-27T14:40:30.225-0500] {logging_mixin.py:190} INFO - [2025-03-27T14:40:30.225-0500] {dag.py:3239} INFO - Sync 1 DAGs
[2025-03-27T14:40:30.232-0500] {logging_mixin.py:190} INFO - [2025-03-27T14:40:30.232-0500] {dag.py:4180} INFO - Setting next_dagrun for example_trigger_controller_dag to 2021-01-01 00:00:00+00:00, run_after=2021-01-01 00:00:00+00:00
[2025-03-27T14:40:30.362-0500] {processor.py:208} INFO - Processing /home/udhbhav/miniconda3/lib/python3.11/site-packages/airflow/example_dags/example_trigger_controller_dag.py took 0.152 seconds
[2025-03-27T14:41:59.905-0500] {processor.py:186} INFO - Started process (PID=1772958) to work on /home/udhbhav/miniconda3/lib/python3.11/site-packages/airflow/example_dags/example_trigger_controller_dag.py
[2025-03-27T14:41:59.906-0500] {processor.py:914} INFO - Processing file /home/udhbhav/miniconda3/lib/python3.11/site-packages/airflow/example_dags/example_trigger_controller_dag.py for tasks to queue
[2025-03-27T14:41:59.907-0500] {logging_mixin.py:190} INFO - [2025-03-27T14:41:59.907-0500] {dagbag.py:588} INFO - Filling up the DagBag from /home/udhbhav/miniconda3/lib/python3.11/site-packages/airflow/example_dags/example_trigger_controller_dag.py
[2025-03-27T14:41:59.910-0500] {processor.py:925} INFO - DAG(s) 'example_trigger_controller_dag' retrieved from /home/udhbhav/miniconda3/lib/python3.11/site-packages/airflow/example_dags/example_trigger_controller_dag.py
[2025-03-27T14:41:59.917-0500] {logging_mixin.py:190} INFO - [2025-03-27T14:41:59.917-0500] {dag.py:3239} INFO - Sync 1 DAGs
[2025-03-27T14:41:59.924-0500] {logging_mixin.py:190} INFO - [2025-03-27T14:41:59.924-0500] {dag.py:4180} INFO - Setting next_dagrun for example_trigger_controller_dag to 2021-01-01 00:00:00+00:00, run_after=2021-01-01 00:00:00+00:00
[2025-03-27T14:42:00.054-0500] {processor.py:208} INFO - Processing /home/udhbhav/miniconda3/lib/python3.11/site-packages/airflow/example_dags/example_trigger_controller_dag.py took 0.152 seconds
[2025-03-27T14:43:05.895-0500] {processor.py:186} INFO - Started process (PID=1773584) to work on /home/udhbhav/miniconda3/lib/python3.11/site-packages/airflow/example_dags/example_trigger_controller_dag.py
[2025-03-27T14:43:05.895-0500] {processor.py:914} INFO - Processing file /home/udhbhav/miniconda3/lib/python3.11/site-packages/airflow/example_dags/example_trigger_controller_dag.py for tasks to queue
[2025-03-27T14:43:05.896-0500] {logging_mixin.py:190} INFO - [2025-03-27T14:43:05.896-0500] {dagbag.py:588} INFO - Filling up the DagBag from /home/udhbhav/miniconda3/lib/python3.11/site-packages/airflow/example_dags/example_trigger_controller_dag.py
[2025-03-27T14:43:05.900-0500] {processor.py:925} INFO - DAG(s) 'example_trigger_controller_dag' retrieved from /home/udhbhav/miniconda3/lib/python3.11/site-packages/airflow/example_dags/example_trigger_controller_dag.py
[2025-03-27T14:43:05.906-0500] {logging_mixin.py:190} INFO - [2025-03-27T14:43:05.906-0500] {dag.py:3239} INFO - Sync 1 DAGs
[2025-03-27T14:43:05.914-0500] {logging_mixin.py:190} INFO - [2025-03-27T14:43:05.914-0500] {dag.py:4180} INFO - Setting next_dagrun for example_trigger_controller_dag to 2021-01-01 00:00:00+00:00, run_after=2021-01-01 00:00:00+00:00
[2025-03-27T14:43:06.122-0500] {processor.py:208} INFO - Processing /home/udhbhav/miniconda3/lib/python3.11/site-packages/airflow/example_dags/example_trigger_controller_dag.py took 0.230 seconds
[2025-03-27T14:44:20.442-0500] {processor.py:186} INFO - Started process (PID=1774433) to work on /home/udhbhav/miniconda3/lib/python3.11/site-packages/airflow/example_dags/example_trigger_controller_dag.py
[2025-03-27T14:44:20.442-0500] {processor.py:914} INFO - Processing file /home/udhbhav/miniconda3/lib/python3.11/site-packages/airflow/example_dags/example_trigger_controller_dag.py for tasks to queue
[2025-03-27T14:44:20.443-0500] {logging_mixin.py:190} INFO - [2025-03-27T14:44:20.443-0500] {dagbag.py:588} INFO - Filling up the DagBag from /home/udhbhav/miniconda3/lib/python3.11/site-packages/airflow/example_dags/example_trigger_controller_dag.py
[2025-03-27T14:44:20.447-0500] {processor.py:925} INFO - DAG(s) 'example_trigger_controller_dag' retrieved from /home/udhbhav/miniconda3/lib/python3.11/site-packages/airflow/example_dags/example_trigger_controller_dag.py
[2025-03-27T14:44:20.453-0500] {logging_mixin.py:190} INFO - [2025-03-27T14:44:20.453-0500] {dag.py:3239} INFO - Sync 1 DAGs
[2025-03-27T14:44:20.461-0500] {logging_mixin.py:190} INFO - [2025-03-27T14:44:20.461-0500] {dag.py:4180} INFO - Setting next_dagrun for example_trigger_controller_dag to 2021-01-01 00:00:00+00:00, run_after=2021-01-01 00:00:00+00:00
[2025-03-27T14:44:20.591-0500] {processor.py:208} INFO - Processing /home/udhbhav/miniconda3/lib/python3.11/site-packages/airflow/example_dags/example_trigger_controller_dag.py took 0.153 seconds
[2025-03-27T14:45:27.126-0500] {processor.py:186} INFO - Started process (PID=1775106) to work on /home/udhbhav/miniconda3/lib/python3.11/site-packages/airflow/example_dags/example_trigger_controller_dag.py
[2025-03-27T14:45:27.126-0500] {processor.py:914} INFO - Processing file /home/udhbhav/miniconda3/lib/python3.11/site-packages/airflow/example_dags/example_trigger_controller_dag.py for tasks to queue
[2025-03-27T14:45:27.128-0500] {logging_mixin.py:190} INFO - [2025-03-27T14:45:27.127-0500] {dagbag.py:588} INFO - Filling up the DagBag from /home/udhbhav/miniconda3/lib/python3.11/site-packages/airflow/example_dags/example_trigger_controller_dag.py
[2025-03-27T14:45:27.131-0500] {processor.py:925} INFO - DAG(s) 'example_trigger_controller_dag' retrieved from /home/udhbhav/miniconda3/lib/python3.11/site-packages/airflow/example_dags/example_trigger_controller_dag.py
[2025-03-27T14:45:27.138-0500] {logging_mixin.py:190} INFO - [2025-03-27T14:45:27.137-0500] {dag.py:3239} INFO - Sync 1 DAGs
[2025-03-27T14:45:27.145-0500] {logging_mixin.py:190} INFO - [2025-03-27T14:45:27.145-0500] {dag.py:4180} INFO - Setting next_dagrun for example_trigger_controller_dag to 2021-01-01 00:00:00+00:00, run_after=2021-01-01 00:00:00+00:00
[2025-03-27T14:45:28.308-0500] {processor.py:208} INFO - Processing /home/udhbhav/miniconda3/lib/python3.11/site-packages/airflow/example_dags/example_trigger_controller_dag.py took 1.186 seconds
[2025-03-27T14:47:03.958-0500] {processor.py:186} INFO - Started process (PID=1776060) to work on /home/udhbhav/miniconda3/lib/python3.11/site-packages/airflow/example_dags/example_trigger_controller_dag.py
[2025-03-27T14:47:03.958-0500] {processor.py:914} INFO - Processing file /home/udhbhav/miniconda3/lib/python3.11/site-packages/airflow/example_dags/example_trigger_controller_dag.py for tasks to queue
[2025-03-27T14:47:03.960-0500] {logging_mixin.py:190} INFO - [2025-03-27T14:47:03.959-0500] {dagbag.py:588} INFO - Filling up the DagBag from /home/udhbhav/miniconda3/lib/python3.11/site-packages/airflow/example_dags/example_trigger_controller_dag.py
[2025-03-27T14:47:03.963-0500] {processor.py:925} INFO - DAG(s) 'example_trigger_controller_dag' retrieved from /home/udhbhav/miniconda3/lib/python3.11/site-packages/airflow/example_dags/example_trigger_controller_dag.py
[2025-03-27T14:47:03.970-0500] {logging_mixin.py:190} INFO - [2025-03-27T14:47:03.970-0500] {dag.py:3239} INFO - Sync 1 DAGs
[2025-03-27T14:47:03.977-0500] {logging_mixin.py:190} INFO - [2025-03-27T14:47:03.977-0500] {dag.py:4180} INFO - Setting next_dagrun for example_trigger_controller_dag to 2021-01-01 00:00:00+00:00, run_after=2021-01-01 00:00:00+00:00
[2025-03-27T14:47:04.219-0500] {processor.py:208} INFO - Processing /home/udhbhav/miniconda3/lib/python3.11/site-packages/airflow/example_dags/example_trigger_controller_dag.py took 0.264 seconds
[2025-03-27T14:48:20.786-0500] {processor.py:186} INFO - Started process (PID=1776737) to work on /home/udhbhav/miniconda3/lib/python3.11/site-packages/airflow/example_dags/example_trigger_controller_dag.py
[2025-03-27T14:48:20.786-0500] {processor.py:914} INFO - Processing file /home/udhbhav/miniconda3/lib/python3.11/site-packages/airflow/example_dags/example_trigger_controller_dag.py for tasks to queue
[2025-03-27T14:48:20.787-0500] {logging_mixin.py:190} INFO - [2025-03-27T14:48:20.787-0500] {dagbag.py:588} INFO - Filling up the DagBag from /home/udhbhav/miniconda3/lib/python3.11/site-packages/airflow/example_dags/example_trigger_controller_dag.py
[2025-03-27T14:48:20.791-0500] {processor.py:925} INFO - DAG(s) 'example_trigger_controller_dag' retrieved from /home/udhbhav/miniconda3/lib/python3.11/site-packages/airflow/example_dags/example_trigger_controller_dag.py
[2025-03-27T14:48:20.797-0500] {logging_mixin.py:190} INFO - [2025-03-27T14:48:20.797-0500] {dag.py:3239} INFO - Sync 1 DAGs
[2025-03-27T14:48:20.805-0500] {logging_mixin.py:190} INFO - [2025-03-27T14:48:20.805-0500] {dag.py:4180} INFO - Setting next_dagrun for example_trigger_controller_dag to 2021-01-01 00:00:00+00:00, run_after=2021-01-01 00:00:00+00:00
[2025-03-27T14:48:20.971-0500] {processor.py:208} INFO - Processing /home/udhbhav/miniconda3/lib/python3.11/site-packages/airflow/example_dags/example_trigger_controller_dag.py took 0.188 seconds
[2025-03-27T14:49:46.566-0500] {processor.py:186} INFO - Started process (PID=1777643) to work on /home/udhbhav/miniconda3/lib/python3.11/site-packages/airflow/example_dags/example_trigger_controller_dag.py
[2025-03-27T14:49:46.567-0500] {processor.py:914} INFO - Processing file /home/udhbhav/miniconda3/lib/python3.11/site-packages/airflow/example_dags/example_trigger_controller_dag.py for tasks to queue
[2025-03-27T14:49:46.568-0500] {logging_mixin.py:190} INFO - [2025-03-27T14:49:46.568-0500] {dagbag.py:588} INFO - Filling up the DagBag from /home/udhbhav/miniconda3/lib/python3.11/site-packages/airflow/example_dags/example_trigger_controller_dag.py
[2025-03-27T14:49:46.571-0500] {processor.py:925} INFO - DAG(s) 'example_trigger_controller_dag' retrieved from /home/udhbhav/miniconda3/lib/python3.11/site-packages/airflow/example_dags/example_trigger_controller_dag.py
[2025-03-27T14:49:46.578-0500] {logging_mixin.py:190} INFO - [2025-03-27T14:49:46.578-0500] {dag.py:3239} INFO - Sync 1 DAGs
[2025-03-27T14:49:46.585-0500] {logging_mixin.py:190} INFO - [2025-03-27T14:49:46.585-0500] {dag.py:4180} INFO - Setting next_dagrun for example_trigger_controller_dag to 2021-01-01 00:00:00+00:00, run_after=2021-01-01 00:00:00+00:00
[2025-03-27T14:49:46.854-0500] {processor.py:208} INFO - Processing /home/udhbhav/miniconda3/lib/python3.11/site-packages/airflow/example_dags/example_trigger_controller_dag.py took 0.291 seconds
[2025-03-27T14:51:04.139-0500] {processor.py:186} INFO - Started process (PID=1781547) to work on /home/udhbhav/miniconda3/lib/python3.11/site-packages/airflow/example_dags/example_trigger_controller_dag.py
[2025-03-27T14:51:04.140-0500] {processor.py:914} INFO - Processing file /home/udhbhav/miniconda3/lib/python3.11/site-packages/airflow/example_dags/example_trigger_controller_dag.py for tasks to queue
[2025-03-27T14:51:04.142-0500] {logging_mixin.py:190} INFO - [2025-03-27T14:51:04.141-0500] {dagbag.py:588} INFO - Filling up the DagBag from /home/udhbhav/miniconda3/lib/python3.11/site-packages/airflow/example_dags/example_trigger_controller_dag.py
[2025-03-27T14:51:04.146-0500] {processor.py:925} INFO - DAG(s) 'example_trigger_controller_dag' retrieved from /home/udhbhav/miniconda3/lib/python3.11/site-packages/airflow/example_dags/example_trigger_controller_dag.py
[2025-03-27T14:51:04.153-0500] {logging_mixin.py:190} INFO - [2025-03-27T14:51:04.153-0500] {dag.py:3239} INFO - Sync 1 DAGs
[2025-03-27T14:51:04.162-0500] {logging_mixin.py:190} INFO - [2025-03-27T14:51:04.162-0500] {dag.py:4180} INFO - Setting next_dagrun for example_trigger_controller_dag to 2021-01-01 00:00:00+00:00, run_after=2021-01-01 00:00:00+00:00
[2025-03-27T14:51:04.295-0500] {processor.py:208} INFO - Processing /home/udhbhav/miniconda3/lib/python3.11/site-packages/airflow/example_dags/example_trigger_controller_dag.py took 0.159 seconds
[2025-03-27T14:52:09.934-0500] {processor.py:186} INFO - Started process (PID=1783832) to work on /home/udhbhav/miniconda3/lib/python3.11/site-packages/airflow/example_dags/example_trigger_controller_dag.py
[2025-03-27T14:52:09.935-0500] {processor.py:914} INFO - Processing file /home/udhbhav/miniconda3/lib/python3.11/site-packages/airflow/example_dags/example_trigger_controller_dag.py for tasks to queue
[2025-03-27T14:52:09.936-0500] {logging_mixin.py:190} INFO - [2025-03-27T14:52:09.935-0500] {dagbag.py:588} INFO - Filling up the DagBag from /home/udhbhav/miniconda3/lib/python3.11/site-packages/airflow/example_dags/example_trigger_controller_dag.py
[2025-03-27T14:52:09.939-0500] {processor.py:925} INFO - DAG(s) 'example_trigger_controller_dag' retrieved from /home/udhbhav/miniconda3/lib/python3.11/site-packages/airflow/example_dags/example_trigger_controller_dag.py
[2025-03-27T14:52:09.946-0500] {logging_mixin.py:190} INFO - [2025-03-27T14:52:09.946-0500] {dag.py:3239} INFO - Sync 1 DAGs
[2025-03-27T14:52:09.954-0500] {logging_mixin.py:190} INFO - [2025-03-27T14:52:09.954-0500] {dag.py:4180} INFO - Setting next_dagrun for example_trigger_controller_dag to 2021-01-01 00:00:00+00:00, run_after=2021-01-01 00:00:00+00:00
[2025-03-27T14:52:10.088-0500] {processor.py:208} INFO - Processing /home/udhbhav/miniconda3/lib/python3.11/site-packages/airflow/example_dags/example_trigger_controller_dag.py took 0.156 seconds
[2025-03-27T14:53:19.950-0500] {processor.py:186} INFO - Started process (PID=1784549) to work on /home/udhbhav/miniconda3/lib/python3.11/site-packages/airflow/example_dags/example_trigger_controller_dag.py
[2025-03-27T14:53:19.950-0500] {processor.py:914} INFO - Processing file /home/udhbhav/miniconda3/lib/python3.11/site-packages/airflow/example_dags/example_trigger_controller_dag.py for tasks to queue
[2025-03-27T14:53:19.952-0500] {logging_mixin.py:190} INFO - [2025-03-27T14:53:19.951-0500] {dagbag.py:588} INFO - Filling up the DagBag from /home/udhbhav/miniconda3/lib/python3.11/site-packages/airflow/example_dags/example_trigger_controller_dag.py
[2025-03-27T14:53:19.955-0500] {processor.py:925} INFO - DAG(s) 'example_trigger_controller_dag' retrieved from /home/udhbhav/miniconda3/lib/python3.11/site-packages/airflow/example_dags/example_trigger_controller_dag.py
[2025-03-27T14:53:19.962-0500] {logging_mixin.py:190} INFO - [2025-03-27T14:53:19.961-0500] {dag.py:3239} INFO - Sync 1 DAGs
[2025-03-27T14:53:19.969-0500] {logging_mixin.py:190} INFO - [2025-03-27T14:53:19.969-0500] {dag.py:4180} INFO - Setting next_dagrun for example_trigger_controller_dag to 2021-01-01 00:00:00+00:00, run_after=2021-01-01 00:00:00+00:00
[2025-03-27T14:53:20.102-0500] {processor.py:208} INFO - Processing /home/udhbhav/miniconda3/lib/python3.11/site-packages/airflow/example_dags/example_trigger_controller_dag.py took 0.155 seconds
[2025-03-27T14:54:29.077-0500] {processor.py:186} INFO - Started process (PID=1785188) to work on /home/udhbhav/miniconda3/lib/python3.11/site-packages/airflow/example_dags/example_trigger_controller_dag.py
[2025-03-27T14:54:29.078-0500] {processor.py:914} INFO - Processing file /home/udhbhav/miniconda3/lib/python3.11/site-packages/airflow/example_dags/example_trigger_controller_dag.py for tasks to queue
[2025-03-27T14:54:29.079-0500] {logging_mixin.py:190} INFO - [2025-03-27T14:54:29.079-0500] {dagbag.py:588} INFO - Filling up the DagBag from /home/udhbhav/miniconda3/lib/python3.11/site-packages/airflow/example_dags/example_trigger_controller_dag.py
[2025-03-27T14:54:29.082-0500] {processor.py:925} INFO - DAG(s) 'example_trigger_controller_dag' retrieved from /home/udhbhav/miniconda3/lib/python3.11/site-packages/airflow/example_dags/example_trigger_controller_dag.py
[2025-03-27T14:54:29.089-0500] {logging_mixin.py:190} INFO - [2025-03-27T14:54:29.089-0500] {dag.py:3239} INFO - Sync 1 DAGs
[2025-03-27T14:54:29.097-0500] {logging_mixin.py:190} INFO - [2025-03-27T14:54:29.097-0500] {dag.py:4180} INFO - Setting next_dagrun for example_trigger_controller_dag to 2021-01-01 00:00:00+00:00, run_after=2021-01-01 00:00:00+00:00
[2025-03-27T14:54:29.240-0500] {processor.py:208} INFO - Processing /home/udhbhav/miniconda3/lib/python3.11/site-packages/airflow/example_dags/example_trigger_controller_dag.py took 0.165 seconds
[2025-03-27T14:55:30.893-0500] {processor.py:186} INFO - Started process (PID=1785810) to work on /home/udhbhav/miniconda3/lib/python3.11/site-packages/airflow/example_dags/example_trigger_controller_dag.py
[2025-03-27T14:55:30.893-0500] {processor.py:914} INFO - Processing file /home/udhbhav/miniconda3/lib/python3.11/site-packages/airflow/example_dags/example_trigger_controller_dag.py for tasks to queue
[2025-03-27T14:55:30.894-0500] {logging_mixin.py:190} INFO - [2025-03-27T14:55:30.894-0500] {dagbag.py:588} INFO - Filling up the DagBag from /home/udhbhav/miniconda3/lib/python3.11/site-packages/airflow/example_dags/example_trigger_controller_dag.py
[2025-03-27T14:55:30.898-0500] {processor.py:925} INFO - DAG(s) 'example_trigger_controller_dag' retrieved from /home/udhbhav/miniconda3/lib/python3.11/site-packages/airflow/example_dags/example_trigger_controller_dag.py
[2025-03-27T14:55:30.905-0500] {logging_mixin.py:190} INFO - [2025-03-27T14:55:30.904-0500] {dag.py:3239} INFO - Sync 1 DAGs
[2025-03-27T14:55:30.912-0500] {logging_mixin.py:190} INFO - [2025-03-27T14:55:30.912-0500] {dag.py:4180} INFO - Setting next_dagrun for example_trigger_controller_dag to 2021-01-01 00:00:00+00:00, run_after=2021-01-01 00:00:00+00:00
[2025-03-27T14:55:31.495-0500] {processor.py:208} INFO - Processing /home/udhbhav/miniconda3/lib/python3.11/site-packages/airflow/example_dags/example_trigger_controller_dag.py took 0.605 seconds
[2025-03-27T14:56:49.276-0500] {processor.py:186} INFO - Started process (PID=1786750) to work on /home/udhbhav/miniconda3/lib/python3.11/site-packages/airflow/example_dags/example_trigger_controller_dag.py
[2025-03-27T14:56:49.277-0500] {processor.py:914} INFO - Processing file /home/udhbhav/miniconda3/lib/python3.11/site-packages/airflow/example_dags/example_trigger_controller_dag.py for tasks to queue
[2025-03-27T14:56:49.278-0500] {logging_mixin.py:190} INFO - [2025-03-27T14:56:49.278-0500] {dagbag.py:588} INFO - Filling up the DagBag from /home/udhbhav/miniconda3/lib/python3.11/site-packages/airflow/example_dags/example_trigger_controller_dag.py
[2025-03-27T14:56:49.282-0500] {processor.py:925} INFO - DAG(s) 'example_trigger_controller_dag' retrieved from /home/udhbhav/miniconda3/lib/python3.11/site-packages/airflow/example_dags/example_trigger_controller_dag.py
[2025-03-27T14:56:49.289-0500] {logging_mixin.py:190} INFO - [2025-03-27T14:56:49.288-0500] {dag.py:3239} INFO - Sync 1 DAGs
[2025-03-27T14:56:49.296-0500] {logging_mixin.py:190} INFO - [2025-03-27T14:56:49.296-0500] {dag.py:4180} INFO - Setting next_dagrun for example_trigger_controller_dag to 2021-01-01 00:00:00+00:00, run_after=2021-01-01 00:00:00+00:00
[2025-03-27T14:56:49.491-0500] {processor.py:208} INFO - Processing /home/udhbhav/miniconda3/lib/python3.11/site-packages/airflow/example_dags/example_trigger_controller_dag.py took 0.217 seconds
[2025-03-27T14:58:06.598-0500] {processor.py:186} INFO - Started process (PID=1787459) to work on /home/udhbhav/miniconda3/lib/python3.11/site-packages/airflow/example_dags/example_trigger_controller_dag.py
[2025-03-27T14:58:06.598-0500] {processor.py:914} INFO - Processing file /home/udhbhav/miniconda3/lib/python3.11/site-packages/airflow/example_dags/example_trigger_controller_dag.py for tasks to queue
[2025-03-27T14:58:06.600-0500] {logging_mixin.py:190} INFO - [2025-03-27T14:58:06.600-0500] {dagbag.py:588} INFO - Filling up the DagBag from /home/udhbhav/miniconda3/lib/python3.11/site-packages/airflow/example_dags/example_trigger_controller_dag.py
[2025-03-27T14:58:06.603-0500] {processor.py:925} INFO - DAG(s) 'example_trigger_controller_dag' retrieved from /home/udhbhav/miniconda3/lib/python3.11/site-packages/airflow/example_dags/example_trigger_controller_dag.py
[2025-03-27T14:58:06.610-0500] {logging_mixin.py:190} INFO - [2025-03-27T14:58:06.610-0500] {dag.py:3239} INFO - Sync 1 DAGs
[2025-03-27T14:58:06.617-0500] {logging_mixin.py:190} INFO - [2025-03-27T14:58:06.617-0500] {dag.py:4180} INFO - Setting next_dagrun for example_trigger_controller_dag to 2021-01-01 00:00:00+00:00, run_after=2021-01-01 00:00:00+00:00
[2025-03-27T14:58:06.862-0500] {processor.py:208} INFO - Processing /home/udhbhav/miniconda3/lib/python3.11/site-packages/airflow/example_dags/example_trigger_controller_dag.py took 0.267 seconds
[2025-03-27T14:59:33.318-0500] {processor.py:186} INFO - Started process (PID=1788331) to work on /home/udhbhav/miniconda3/lib/python3.11/site-packages/airflow/example_dags/example_trigger_controller_dag.py
[2025-03-27T14:59:33.319-0500] {processor.py:914} INFO - Processing file /home/udhbhav/miniconda3/lib/python3.11/site-packages/airflow/example_dags/example_trigger_controller_dag.py for tasks to queue
[2025-03-27T14:59:33.320-0500] {logging_mixin.py:190} INFO - [2025-03-27T14:59:33.320-0500] {dagbag.py:588} INFO - Filling up the DagBag from /home/udhbhav/miniconda3/lib/python3.11/site-packages/airflow/example_dags/example_trigger_controller_dag.py
[2025-03-27T14:59:33.323-0500] {processor.py:925} INFO - DAG(s) 'example_trigger_controller_dag' retrieved from /home/udhbhav/miniconda3/lib/python3.11/site-packages/airflow/example_dags/example_trigger_controller_dag.py
[2025-03-27T14:59:33.330-0500] {logging_mixin.py:190} INFO - [2025-03-27T14:59:33.330-0500] {dag.py:3239} INFO - Sync 1 DAGs
[2025-03-27T14:59:33.338-0500] {logging_mixin.py:190} INFO - [2025-03-27T14:59:33.338-0500] {dag.py:4180} INFO - Setting next_dagrun for example_trigger_controller_dag to 2021-01-01 00:00:00+00:00, run_after=2021-01-01 00:00:00+00:00
[2025-03-27T14:59:33.633-0500] {processor.py:208} INFO - Processing /home/udhbhav/miniconda3/lib/python3.11/site-packages/airflow/example_dags/example_trigger_controller_dag.py took 0.317 seconds
[2025-03-27T15:00:54.240-0500] {processor.py:186} INFO - Started process (PID=1789388) to work on /home/udhbhav/miniconda3/lib/python3.11/site-packages/airflow/example_dags/example_trigger_controller_dag.py
[2025-03-27T15:00:54.241-0500] {processor.py:914} INFO - Processing file /home/udhbhav/miniconda3/lib/python3.11/site-packages/airflow/example_dags/example_trigger_controller_dag.py for tasks to queue
[2025-03-27T15:00:54.242-0500] {logging_mixin.py:190} INFO - [2025-03-27T15:00:54.242-0500] {dagbag.py:588} INFO - Filling up the DagBag from /home/udhbhav/miniconda3/lib/python3.11/site-packages/airflow/example_dags/example_trigger_controller_dag.py
[2025-03-27T15:00:54.256-0500] {processor.py:925} INFO - DAG(s) 'example_trigger_controller_dag' retrieved from /home/udhbhav/miniconda3/lib/python3.11/site-packages/airflow/example_dags/example_trigger_controller_dag.py
[2025-03-27T15:00:54.262-0500] {logging_mixin.py:190} INFO - [2025-03-27T15:00:54.262-0500] {dag.py:3239} INFO - Sync 1 DAGs
[2025-03-27T15:00:54.270-0500] {logging_mixin.py:190} INFO - [2025-03-27T15:00:54.270-0500] {dag.py:4180} INFO - Setting next_dagrun for example_trigger_controller_dag to 2021-01-01 00:00:00+00:00, run_after=2021-01-01 00:00:00+00:00
[2025-03-27T15:00:54.405-0500] {processor.py:208} INFO - Processing /home/udhbhav/miniconda3/lib/python3.11/site-packages/airflow/example_dags/example_trigger_controller_dag.py took 0.170 seconds
[2025-03-27T15:01:56.681-0500] {processor.py:186} INFO - Started process (PID=1790121) to work on /home/udhbhav/miniconda3/lib/python3.11/site-packages/airflow/example_dags/example_trigger_controller_dag.py
[2025-03-27T15:01:56.682-0500] {processor.py:914} INFO - Processing file /home/udhbhav/miniconda3/lib/python3.11/site-packages/airflow/example_dags/example_trigger_controller_dag.py for tasks to queue
[2025-03-27T15:01:56.684-0500] {logging_mixin.py:190} INFO - [2025-03-27T15:01:56.683-0500] {dagbag.py:588} INFO - Filling up the DagBag from /home/udhbhav/miniconda3/lib/python3.11/site-packages/airflow/example_dags/example_trigger_controller_dag.py
[2025-03-27T15:01:56.688-0500] {processor.py:925} INFO - DAG(s) 'example_trigger_controller_dag' retrieved from /home/udhbhav/miniconda3/lib/python3.11/site-packages/airflow/example_dags/example_trigger_controller_dag.py
[2025-03-27T15:01:56.695-0500] {logging_mixin.py:190} INFO - [2025-03-27T15:01:56.695-0500] {dag.py:3239} INFO - Sync 1 DAGs
[2025-03-27T15:01:56.702-0500] {logging_mixin.py:190} INFO - [2025-03-27T15:01:56.702-0500] {dag.py:4180} INFO - Setting next_dagrun for example_trigger_controller_dag to 2021-01-01 00:00:00+00:00, run_after=2021-01-01 00:00:00+00:00
[2025-03-27T15:01:56.835-0500] {processor.py:208} INFO - Processing /home/udhbhav/miniconda3/lib/python3.11/site-packages/airflow/example_dags/example_trigger_controller_dag.py took 0.157 seconds
[2025-03-27T15:03:09.395-0500] {processor.py:186} INFO - Started process (PID=1790769) to work on /home/udhbhav/miniconda3/lib/python3.11/site-packages/airflow/example_dags/example_trigger_controller_dag.py
[2025-03-27T15:03:09.396-0500] {processor.py:914} INFO - Processing file /home/udhbhav/miniconda3/lib/python3.11/site-packages/airflow/example_dags/example_trigger_controller_dag.py for tasks to queue
[2025-03-27T15:03:09.397-0500] {logging_mixin.py:190} INFO - [2025-03-27T15:03:09.397-0500] {dagbag.py:588} INFO - Filling up the DagBag from /home/udhbhav/miniconda3/lib/python3.11/site-packages/airflow/example_dags/example_trigger_controller_dag.py
[2025-03-27T15:03:09.400-0500] {processor.py:925} INFO - DAG(s) 'example_trigger_controller_dag' retrieved from /home/udhbhav/miniconda3/lib/python3.11/site-packages/airflow/example_dags/example_trigger_controller_dag.py
[2025-03-27T15:03:09.407-0500] {logging_mixin.py:190} INFO - [2025-03-27T15:03:09.407-0500] {dag.py:3239} INFO - Sync 1 DAGs
[2025-03-27T15:03:09.415-0500] {logging_mixin.py:190} INFO - [2025-03-27T15:03:09.414-0500] {dag.py:4180} INFO - Setting next_dagrun for example_trigger_controller_dag to 2021-01-01 00:00:00+00:00, run_after=2021-01-01 00:00:00+00:00
[2025-03-27T15:03:09.535-0500] {processor.py:208} INFO - Processing /home/udhbhav/miniconda3/lib/python3.11/site-packages/airflow/example_dags/example_trigger_controller_dag.py took 0.143 seconds
[2025-03-27T15:04:23.061-0500] {processor.py:186} INFO - Started process (PID=1791456) to work on /home/udhbhav/miniconda3/lib/python3.11/site-packages/airflow/example_dags/example_trigger_controller_dag.py
[2025-03-27T15:04:23.061-0500] {processor.py:914} INFO - Processing file /home/udhbhav/miniconda3/lib/python3.11/site-packages/airflow/example_dags/example_trigger_controller_dag.py for tasks to queue
[2025-03-27T15:04:23.063-0500] {logging_mixin.py:190} INFO - [2025-03-27T15:04:23.063-0500] {dagbag.py:588} INFO - Filling up the DagBag from /home/udhbhav/miniconda3/lib/python3.11/site-packages/airflow/example_dags/example_trigger_controller_dag.py
[2025-03-27T15:04:23.067-0500] {processor.py:925} INFO - DAG(s) 'example_trigger_controller_dag' retrieved from /home/udhbhav/miniconda3/lib/python3.11/site-packages/airflow/example_dags/example_trigger_controller_dag.py
[2025-03-27T15:04:23.074-0500] {logging_mixin.py:190} INFO - [2025-03-27T15:04:23.074-0500] {dag.py:3239} INFO - Sync 1 DAGs
[2025-03-27T15:04:23.081-0500] {logging_mixin.py:190} INFO - [2025-03-27T15:04:23.081-0500] {dag.py:4180} INFO - Setting next_dagrun for example_trigger_controller_dag to 2021-01-01 00:00:00+00:00, run_after=2021-01-01 00:00:00+00:00
[2025-03-27T15:04:23.303-0500] {processor.py:208} INFO - Processing /home/udhbhav/miniconda3/lib/python3.11/site-packages/airflow/example_dags/example_trigger_controller_dag.py took 0.245 seconds
[2025-03-27T15:05:40.589-0500] {processor.py:186} INFO - Started process (PID=1792270) to work on /home/udhbhav/miniconda3/lib/python3.11/site-packages/airflow/example_dags/example_trigger_controller_dag.py
[2025-03-27T15:05:40.589-0500] {processor.py:914} INFO - Processing file /home/udhbhav/miniconda3/lib/python3.11/site-packages/airflow/example_dags/example_trigger_controller_dag.py for tasks to queue
[2025-03-27T15:05:40.590-0500] {logging_mixin.py:190} INFO - [2025-03-27T15:05:40.590-0500] {dagbag.py:588} INFO - Filling up the DagBag from /home/udhbhav/miniconda3/lib/python3.11/site-packages/airflow/example_dags/example_trigger_controller_dag.py
[2025-03-27T15:05:40.594-0500] {processor.py:925} INFO - DAG(s) 'example_trigger_controller_dag' retrieved from /home/udhbhav/miniconda3/lib/python3.11/site-packages/airflow/example_dags/example_trigger_controller_dag.py
[2025-03-27T15:05:40.600-0500] {logging_mixin.py:190} INFO - [2025-03-27T15:05:40.600-0500] {dag.py:3239} INFO - Sync 1 DAGs
[2025-03-27T15:05:40.608-0500] {logging_mixin.py:190} INFO - [2025-03-27T15:05:40.608-0500] {dag.py:4180} INFO - Setting next_dagrun for example_trigger_controller_dag to 2021-01-01 00:00:00+00:00, run_after=2021-01-01 00:00:00+00:00
[2025-03-27T15:05:40.820-0500] {processor.py:208} INFO - Processing /home/udhbhav/miniconda3/lib/python3.11/site-packages/airflow/example_dags/example_trigger_controller_dag.py took 0.235 seconds
[2025-03-27T15:07:14.086-0500] {processor.py:186} INFO - Started process (PID=1793176) to work on /home/udhbhav/miniconda3/lib/python3.11/site-packages/airflow/example_dags/example_trigger_controller_dag.py
[2025-03-27T15:07:14.086-0500] {processor.py:914} INFO - Processing file /home/udhbhav/miniconda3/lib/python3.11/site-packages/airflow/example_dags/example_trigger_controller_dag.py for tasks to queue
[2025-03-27T15:07:14.087-0500] {logging_mixin.py:190} INFO - [2025-03-27T15:07:14.087-0500] {dagbag.py:588} INFO - Filling up the DagBag from /home/udhbhav/miniconda3/lib/python3.11/site-packages/airflow/example_dags/example_trigger_controller_dag.py
[2025-03-27T15:07:14.091-0500] {processor.py:925} INFO - DAG(s) 'example_trigger_controller_dag' retrieved from /home/udhbhav/miniconda3/lib/python3.11/site-packages/airflow/example_dags/example_trigger_controller_dag.py
[2025-03-27T15:07:14.097-0500] {logging_mixin.py:190} INFO - [2025-03-27T15:07:14.097-0500] {dag.py:3239} INFO - Sync 1 DAGs
[2025-03-27T15:07:14.105-0500] {logging_mixin.py:190} INFO - [2025-03-27T15:07:14.105-0500] {dag.py:4180} INFO - Setting next_dagrun for example_trigger_controller_dag to 2021-01-01 00:00:00+00:00, run_after=2021-01-01 00:00:00+00:00
[2025-03-27T15:07:14.342-0500] {processor.py:208} INFO - Processing /home/udhbhav/miniconda3/lib/python3.11/site-packages/airflow/example_dags/example_trigger_controller_dag.py took 0.260 seconds
[2025-03-27T15:08:20.572-0500] {processor.py:186} INFO - Started process (PID=1793854) to work on /home/udhbhav/miniconda3/lib/python3.11/site-packages/airflow/example_dags/example_trigger_controller_dag.py
[2025-03-27T15:08:20.572-0500] {processor.py:914} INFO - Processing file /home/udhbhav/miniconda3/lib/python3.11/site-packages/airflow/example_dags/example_trigger_controller_dag.py for tasks to queue
[2025-03-27T15:08:20.574-0500] {logging_mixin.py:190} INFO - [2025-03-27T15:08:20.573-0500] {dagbag.py:588} INFO - Filling up the DagBag from /home/udhbhav/miniconda3/lib/python3.11/site-packages/airflow/example_dags/example_trigger_controller_dag.py
[2025-03-27T15:08:20.577-0500] {processor.py:925} INFO - DAG(s) 'example_trigger_controller_dag' retrieved from /home/udhbhav/miniconda3/lib/python3.11/site-packages/airflow/example_dags/example_trigger_controller_dag.py
[2025-03-27T15:08:20.584-0500] {logging_mixin.py:190} INFO - [2025-03-27T15:08:20.583-0500] {dag.py:3239} INFO - Sync 1 DAGs
[2025-03-27T15:08:20.591-0500] {logging_mixin.py:190} INFO - [2025-03-27T15:08:20.591-0500] {dag.py:4180} INFO - Setting next_dagrun for example_trigger_controller_dag to 2021-01-01 00:00:00+00:00, run_after=2021-01-01 00:00:00+00:00
[2025-03-27T15:08:20.725-0500] {processor.py:208} INFO - Processing /home/udhbhav/miniconda3/lib/python3.11/site-packages/airflow/example_dags/example_trigger_controller_dag.py took 0.156 seconds
[2025-03-27T15:09:23.213-0500] {processor.py:186} INFO - Started process (PID=1794469) to work on /home/udhbhav/miniconda3/lib/python3.11/site-packages/airflow/example_dags/example_trigger_controller_dag.py
[2025-03-27T15:09:23.213-0500] {processor.py:914} INFO - Processing file /home/udhbhav/miniconda3/lib/python3.11/site-packages/airflow/example_dags/example_trigger_controller_dag.py for tasks to queue
[2025-03-27T15:09:23.215-0500] {logging_mixin.py:190} INFO - [2025-03-27T15:09:23.215-0500] {dagbag.py:588} INFO - Filling up the DagBag from /home/udhbhav/miniconda3/lib/python3.11/site-packages/airflow/example_dags/example_trigger_controller_dag.py
[2025-03-27T15:09:23.218-0500] {processor.py:925} INFO - DAG(s) 'example_trigger_controller_dag' retrieved from /home/udhbhav/miniconda3/lib/python3.11/site-packages/airflow/example_dags/example_trigger_controller_dag.py
[2025-03-27T15:09:23.225-0500] {logging_mixin.py:190} INFO - [2025-03-27T15:09:23.225-0500] {dag.py:3239} INFO - Sync 1 DAGs
[2025-03-27T15:09:23.232-0500] {logging_mixin.py:190} INFO - [2025-03-27T15:09:23.232-0500] {dag.py:4180} INFO - Setting next_dagrun for example_trigger_controller_dag to 2021-01-01 00:00:00+00:00, run_after=2021-01-01 00:00:00+00:00
[2025-03-27T15:09:23.363-0500] {processor.py:208} INFO - Processing /home/udhbhav/miniconda3/lib/python3.11/site-packages/airflow/example_dags/example_trigger_controller_dag.py took 0.153 seconds
[2025-03-27T15:10:39.582-0500] {processor.py:186} INFO - Started process (PID=1795222) to work on /home/udhbhav/miniconda3/lib/python3.11/site-packages/airflow/example_dags/example_trigger_controller_dag.py
[2025-03-27T15:10:39.582-0500] {processor.py:914} INFO - Processing file /home/udhbhav/miniconda3/lib/python3.11/site-packages/airflow/example_dags/example_trigger_controller_dag.py for tasks to queue
[2025-03-27T15:10:39.584-0500] {logging_mixin.py:190} INFO - [2025-03-27T15:10:39.583-0500] {dagbag.py:588} INFO - Filling up the DagBag from /home/udhbhav/miniconda3/lib/python3.11/site-packages/airflow/example_dags/example_trigger_controller_dag.py
[2025-03-27T15:10:39.587-0500] {processor.py:925} INFO - DAG(s) 'example_trigger_controller_dag' retrieved from /home/udhbhav/miniconda3/lib/python3.11/site-packages/airflow/example_dags/example_trigger_controller_dag.py
[2025-03-27T15:10:39.594-0500] {logging_mixin.py:190} INFO - [2025-03-27T15:10:39.594-0500] {dag.py:3239} INFO - Sync 1 DAGs
[2025-03-27T15:10:39.601-0500] {logging_mixin.py:190} INFO - [2025-03-27T15:10:39.601-0500] {dag.py:4180} INFO - Setting next_dagrun for example_trigger_controller_dag to 2021-01-01 00:00:00+00:00, run_after=2021-01-01 00:00:00+00:00
[2025-03-27T15:10:39.731-0500] {processor.py:208} INFO - Processing /home/udhbhav/miniconda3/lib/python3.11/site-packages/airflow/example_dags/example_trigger_controller_dag.py took 0.152 seconds
[2025-03-27T15:11:45.266-0500] {processor.py:186} INFO - Started process (PID=1797507) to work on /home/udhbhav/miniconda3/lib/python3.11/site-packages/airflow/example_dags/example_trigger_controller_dag.py
[2025-03-27T15:11:45.266-0500] {processor.py:914} INFO - Processing file /home/udhbhav/miniconda3/lib/python3.11/site-packages/airflow/example_dags/example_trigger_controller_dag.py for tasks to queue
[2025-03-27T15:11:45.268-0500] {logging_mixin.py:190} INFO - [2025-03-27T15:11:45.268-0500] {dagbag.py:588} INFO - Filling up the DagBag from /home/udhbhav/miniconda3/lib/python3.11/site-packages/airflow/example_dags/example_trigger_controller_dag.py
[2025-03-27T15:11:45.271-0500] {processor.py:925} INFO - DAG(s) 'example_trigger_controller_dag' retrieved from /home/udhbhav/miniconda3/lib/python3.11/site-packages/airflow/example_dags/example_trigger_controller_dag.py
[2025-03-27T15:11:45.278-0500] {logging_mixin.py:190} INFO - [2025-03-27T15:11:45.278-0500] {dag.py:3239} INFO - Sync 1 DAGs
[2025-03-27T15:11:45.285-0500] {logging_mixin.py:190} INFO - [2025-03-27T15:11:45.285-0500] {dag.py:4180} INFO - Setting next_dagrun for example_trigger_controller_dag to 2021-01-01 00:00:00+00:00, run_after=2021-01-01 00:00:00+00:00
[2025-03-27T15:11:45.417-0500] {processor.py:208} INFO - Processing /home/udhbhav/miniconda3/lib/python3.11/site-packages/airflow/example_dags/example_trigger_controller_dag.py took 0.154 seconds
[2025-03-27T15:12:58.921-0500] {processor.py:186} INFO - Started process (PID=1798222) to work on /home/udhbhav/miniconda3/lib/python3.11/site-packages/airflow/example_dags/example_trigger_controller_dag.py
[2025-03-27T15:12:58.922-0500] {processor.py:914} INFO - Processing file /home/udhbhav/miniconda3/lib/python3.11/site-packages/airflow/example_dags/example_trigger_controller_dag.py for tasks to queue
[2025-03-27T15:12:58.923-0500] {logging_mixin.py:190} INFO - [2025-03-27T15:12:58.923-0500] {dagbag.py:588} INFO - Filling up the DagBag from /home/udhbhav/miniconda3/lib/python3.11/site-packages/airflow/example_dags/example_trigger_controller_dag.py
[2025-03-27T15:12:58.926-0500] {processor.py:925} INFO - DAG(s) 'example_trigger_controller_dag' retrieved from /home/udhbhav/miniconda3/lib/python3.11/site-packages/airflow/example_dags/example_trigger_controller_dag.py
[2025-03-27T15:12:58.933-0500] {logging_mixin.py:190} INFO - [2025-03-27T15:12:58.933-0500] {dag.py:3239} INFO - Sync 1 DAGs
[2025-03-27T15:12:58.941-0500] {logging_mixin.py:190} INFO - [2025-03-27T15:12:58.941-0500] {dag.py:4180} INFO - Setting next_dagrun for example_trigger_controller_dag to 2021-01-01 00:00:00+00:00, run_after=2021-01-01 00:00:00+00:00
[2025-03-27T15:12:59.075-0500] {processor.py:208} INFO - Processing /home/udhbhav/miniconda3/lib/python3.11/site-packages/airflow/example_dags/example_trigger_controller_dag.py took 0.157 seconds
[2025-03-27T15:14:16.003-0500] {processor.py:186} INFO - Started process (PID=1798942) to work on /home/udhbhav/miniconda3/lib/python3.11/site-packages/airflow/example_dags/example_trigger_controller_dag.py
[2025-03-27T15:14:16.003-0500] {processor.py:914} INFO - Processing file /home/udhbhav/miniconda3/lib/python3.11/site-packages/airflow/example_dags/example_trigger_controller_dag.py for tasks to queue
[2025-03-27T15:14:16.005-0500] {logging_mixin.py:190} INFO - [2025-03-27T15:14:16.004-0500] {dagbag.py:588} INFO - Filling up the DagBag from /home/udhbhav/miniconda3/lib/python3.11/site-packages/airflow/example_dags/example_trigger_controller_dag.py
[2025-03-27T15:14:16.008-0500] {processor.py:925} INFO - DAG(s) 'example_trigger_controller_dag' retrieved from /home/udhbhav/miniconda3/lib/python3.11/site-packages/airflow/example_dags/example_trigger_controller_dag.py
[2025-03-27T15:14:16.015-0500] {logging_mixin.py:190} INFO - [2025-03-27T15:14:16.015-0500] {dag.py:3239} INFO - Sync 1 DAGs
[2025-03-27T15:14:16.023-0500] {logging_mixin.py:190} INFO - [2025-03-27T15:14:16.023-0500] {dag.py:4180} INFO - Setting next_dagrun for example_trigger_controller_dag to 2021-01-01 00:00:00+00:00, run_after=2021-01-01 00:00:00+00:00
[2025-03-27T15:14:16.236-0500] {processor.py:208} INFO - Processing /home/udhbhav/miniconda3/lib/python3.11/site-packages/airflow/example_dags/example_trigger_controller_dag.py took 0.236 seconds
[2025-03-27T15:15:33.916-0500] {processor.py:186} INFO - Started process (PID=1799707) to work on /home/udhbhav/miniconda3/lib/python3.11/site-packages/airflow/example_dags/example_trigger_controller_dag.py
[2025-03-27T15:15:33.916-0500] {processor.py:914} INFO - Processing file /home/udhbhav/miniconda3/lib/python3.11/site-packages/airflow/example_dags/example_trigger_controller_dag.py for tasks to queue
[2025-03-27T15:15:33.918-0500] {logging_mixin.py:190} INFO - [2025-03-27T15:15:33.918-0500] {dagbag.py:588} INFO - Filling up the DagBag from /home/udhbhav/miniconda3/lib/python3.11/site-packages/airflow/example_dags/example_trigger_controller_dag.py
[2025-03-27T15:15:33.921-0500] {processor.py:925} INFO - DAG(s) 'example_trigger_controller_dag' retrieved from /home/udhbhav/miniconda3/lib/python3.11/site-packages/airflow/example_dags/example_trigger_controller_dag.py
[2025-03-27T15:15:33.928-0500] {logging_mixin.py:190} INFO - [2025-03-27T15:15:33.928-0500] {dag.py:3239} INFO - Sync 1 DAGs
[2025-03-27T15:15:33.935-0500] {logging_mixin.py:190} INFO - [2025-03-27T15:15:33.935-0500] {dag.py:4180} INFO - Setting next_dagrun for example_trigger_controller_dag to 2021-01-01 00:00:00+00:00, run_after=2021-01-01 00:00:00+00:00
[2025-03-27T15:15:34.133-0500] {processor.py:208} INFO - Processing /home/udhbhav/miniconda3/lib/python3.11/site-packages/airflow/example_dags/example_trigger_controller_dag.py took 0.220 seconds
[2025-03-27T15:16:56.912-0500] {processor.py:186} INFO - Started process (PID=1800590) to work on /home/udhbhav/miniconda3/lib/python3.11/site-packages/airflow/example_dags/example_trigger_controller_dag.py
[2025-03-27T15:16:56.913-0500] {processor.py:914} INFO - Processing file /home/udhbhav/miniconda3/lib/python3.11/site-packages/airflow/example_dags/example_trigger_controller_dag.py for tasks to queue
[2025-03-27T15:16:56.914-0500] {logging_mixin.py:190} INFO - [2025-03-27T15:16:56.914-0500] {dagbag.py:588} INFO - Filling up the DagBag from /home/udhbhav/miniconda3/lib/python3.11/site-packages/airflow/example_dags/example_trigger_controller_dag.py
[2025-03-27T15:16:56.917-0500] {processor.py:925} INFO - DAG(s) 'example_trigger_controller_dag' retrieved from /home/udhbhav/miniconda3/lib/python3.11/site-packages/airflow/example_dags/example_trigger_controller_dag.py
[2025-03-27T15:16:56.924-0500] {logging_mixin.py:190} INFO - [2025-03-27T15:16:56.924-0500] {dag.py:3239} INFO - Sync 1 DAGs
[2025-03-27T15:16:56.931-0500] {logging_mixin.py:190} INFO - [2025-03-27T15:16:56.931-0500] {dag.py:4180} INFO - Setting next_dagrun for example_trigger_controller_dag to 2021-01-01 00:00:00+00:00, run_after=2021-01-01 00:00:00+00:00
[2025-03-27T15:16:57.065-0500] {processor.py:208} INFO - Processing /home/udhbhav/miniconda3/lib/python3.11/site-packages/airflow/example_dags/example_trigger_controller_dag.py took 0.155 seconds
[2025-03-27T15:18:03.832-0500] {processor.py:186} INFO - Started process (PID=1801216) to work on /home/udhbhav/miniconda3/lib/python3.11/site-packages/airflow/example_dags/example_trigger_controller_dag.py
[2025-03-27T15:18:03.832-0500] {processor.py:914} INFO - Processing file /home/udhbhav/miniconda3/lib/python3.11/site-packages/airflow/example_dags/example_trigger_controller_dag.py for tasks to queue
[2025-03-27T15:18:03.833-0500] {logging_mixin.py:190} INFO - [2025-03-27T15:18:03.833-0500] {dagbag.py:588} INFO - Filling up the DagBag from /home/udhbhav/miniconda3/lib/python3.11/site-packages/airflow/example_dags/example_trigger_controller_dag.py
[2025-03-27T15:18:03.837-0500] {processor.py:925} INFO - DAG(s) 'example_trigger_controller_dag' retrieved from /home/udhbhav/miniconda3/lib/python3.11/site-packages/airflow/example_dags/example_trigger_controller_dag.py
[2025-03-27T15:18:03.843-0500] {logging_mixin.py:190} INFO - [2025-03-27T15:18:03.843-0500] {dag.py:3239} INFO - Sync 1 DAGs
[2025-03-27T15:18:03.851-0500] {logging_mixin.py:190} INFO - [2025-03-27T15:18:03.851-0500] {dag.py:4180} INFO - Setting next_dagrun for example_trigger_controller_dag to 2021-01-01 00:00:00+00:00, run_after=2021-01-01 00:00:00+00:00
[2025-03-27T15:18:03.986-0500] {processor.py:208} INFO - Processing /home/udhbhav/miniconda3/lib/python3.11/site-packages/airflow/example_dags/example_trigger_controller_dag.py took 0.157 seconds
[2025-03-27T15:19:11.147-0500] {processor.py:186} INFO - Started process (PID=1801837) to work on /home/udhbhav/miniconda3/lib/python3.11/site-packages/airflow/example_dags/example_trigger_controller_dag.py
[2025-03-27T15:19:11.147-0500] {processor.py:914} INFO - Processing file /home/udhbhav/miniconda3/lib/python3.11/site-packages/airflow/example_dags/example_trigger_controller_dag.py for tasks to queue
[2025-03-27T15:19:11.149-0500] {logging_mixin.py:190} INFO - [2025-03-27T15:19:11.149-0500] {dagbag.py:588} INFO - Filling up the DagBag from /home/udhbhav/miniconda3/lib/python3.11/site-packages/airflow/example_dags/example_trigger_controller_dag.py
[2025-03-27T15:19:11.152-0500] {processor.py:925} INFO - DAG(s) 'example_trigger_controller_dag' retrieved from /home/udhbhav/miniconda3/lib/python3.11/site-packages/airflow/example_dags/example_trigger_controller_dag.py
[2025-03-27T15:19:11.159-0500] {logging_mixin.py:190} INFO - [2025-03-27T15:19:11.159-0500] {dag.py:3239} INFO - Sync 1 DAGs
[2025-03-27T15:19:11.166-0500] {logging_mixin.py:190} INFO - [2025-03-27T15:19:11.166-0500] {dag.py:4180} INFO - Setting next_dagrun for example_trigger_controller_dag to 2021-01-01 00:00:00+00:00, run_after=2021-01-01 00:00:00+00:00
[2025-03-27T15:19:11.399-0500] {processor.py:208} INFO - Processing /home/udhbhav/miniconda3/lib/python3.11/site-packages/airflow/example_dags/example_trigger_controller_dag.py took 0.255 seconds
[2025-03-27T15:20:20.983-0500] {processor.py:186} INFO - Started process (PID=1802855) to work on /home/udhbhav/miniconda3/lib/python3.11/site-packages/airflow/example_dags/example_trigger_controller_dag.py
[2025-03-27T15:20:20.983-0500] {processor.py:914} INFO - Processing file /home/udhbhav/miniconda3/lib/python3.11/site-packages/airflow/example_dags/example_trigger_controller_dag.py for tasks to queue
[2025-03-27T15:20:20.985-0500] {logging_mixin.py:190} INFO - [2025-03-27T15:20:20.985-0500] {dagbag.py:588} INFO - Filling up the DagBag from /home/udhbhav/miniconda3/lib/python3.11/site-packages/airflow/example_dags/example_trigger_controller_dag.py
[2025-03-27T15:20:20.989-0500] {processor.py:925} INFO - DAG(s) 'example_trigger_controller_dag' retrieved from /home/udhbhav/miniconda3/lib/python3.11/site-packages/airflow/example_dags/example_trigger_controller_dag.py
[2025-03-27T15:20:20.998-0500] {logging_mixin.py:190} INFO - [2025-03-27T15:20:20.998-0500] {dag.py:3239} INFO - Sync 1 DAGs
[2025-03-27T15:20:21.008-0500] {logging_mixin.py:190} INFO - [2025-03-27T15:20:21.007-0500] {dag.py:4180} INFO - Setting next_dagrun for example_trigger_controller_dag to 2021-01-01 00:00:00+00:00, run_after=2021-01-01 00:00:00+00:00
[2025-03-27T15:20:21.140-0500] {processor.py:208} INFO - Processing /home/udhbhav/miniconda3/lib/python3.11/site-packages/airflow/example_dags/example_trigger_controller_dag.py took 0.160 seconds
[2025-03-27T15:21:28.291-0500] {processor.py:186} INFO - Started process (PID=1808046) to work on /home/udhbhav/miniconda3/lib/python3.11/site-packages/airflow/example_dags/example_trigger_controller_dag.py
[2025-03-27T15:21:28.291-0500] {processor.py:914} INFO - Processing file /home/udhbhav/miniconda3/lib/python3.11/site-packages/airflow/example_dags/example_trigger_controller_dag.py for tasks to queue
[2025-03-27T15:21:28.293-0500] {logging_mixin.py:190} INFO - [2025-03-27T15:21:28.292-0500] {dagbag.py:588} INFO - Filling up the DagBag from /home/udhbhav/miniconda3/lib/python3.11/site-packages/airflow/example_dags/example_trigger_controller_dag.py
[2025-03-27T15:21:28.296-0500] {processor.py:925} INFO - DAG(s) 'example_trigger_controller_dag' retrieved from /home/udhbhav/miniconda3/lib/python3.11/site-packages/airflow/example_dags/example_trigger_controller_dag.py
[2025-03-27T15:21:28.303-0500] {logging_mixin.py:190} INFO - [2025-03-27T15:21:28.302-0500] {dag.py:3239} INFO - Sync 1 DAGs
[2025-03-27T15:21:28.310-0500] {logging_mixin.py:190} INFO - [2025-03-27T15:21:28.310-0500] {dag.py:4180} INFO - Setting next_dagrun for example_trigger_controller_dag to 2021-01-01 00:00:00+00:00, run_after=2021-01-01 00:00:00+00:00
[2025-03-27T15:21:28.438-0500] {processor.py:208} INFO - Processing /home/udhbhav/miniconda3/lib/python3.11/site-packages/airflow/example_dags/example_trigger_controller_dag.py took 0.150 seconds
[2025-03-27T15:22:44.045-0500] {processor.py:186} INFO - Started process (PID=1808919) to work on /home/udhbhav/miniconda3/lib/python3.11/site-packages/airflow/example_dags/example_trigger_controller_dag.py
[2025-03-27T15:22:44.045-0500] {processor.py:914} INFO - Processing file /home/udhbhav/miniconda3/lib/python3.11/site-packages/airflow/example_dags/example_trigger_controller_dag.py for tasks to queue
[2025-03-27T15:22:44.047-0500] {logging_mixin.py:190} INFO - [2025-03-27T15:22:44.047-0500] {dagbag.py:588} INFO - Filling up the DagBag from /home/udhbhav/miniconda3/lib/python3.11/site-packages/airflow/example_dags/example_trigger_controller_dag.py
[2025-03-27T15:22:44.050-0500] {processor.py:925} INFO - DAG(s) 'example_trigger_controller_dag' retrieved from /home/udhbhav/miniconda3/lib/python3.11/site-packages/airflow/example_dags/example_trigger_controller_dag.py
[2025-03-27T15:22:44.057-0500] {logging_mixin.py:190} INFO - [2025-03-27T15:22:44.057-0500] {dag.py:3239} INFO - Sync 1 DAGs
[2025-03-27T15:22:44.064-0500] {logging_mixin.py:190} INFO - [2025-03-27T15:22:44.064-0500] {dag.py:4180} INFO - Setting next_dagrun for example_trigger_controller_dag to 2021-01-01 00:00:00+00:00, run_after=2021-01-01 00:00:00+00:00
[2025-03-27T15:22:44.197-0500] {processor.py:208} INFO - Processing /home/udhbhav/miniconda3/lib/python3.11/site-packages/airflow/example_dags/example_trigger_controller_dag.py took 0.155 seconds
[2025-03-27T15:23:58.044-0500] {processor.py:186} INFO - Started process (PID=1809614) to work on /home/udhbhav/miniconda3/lib/python3.11/site-packages/airflow/example_dags/example_trigger_controller_dag.py
[2025-03-27T15:23:58.044-0500] {processor.py:914} INFO - Processing file /home/udhbhav/miniconda3/lib/python3.11/site-packages/airflow/example_dags/example_trigger_controller_dag.py for tasks to queue
[2025-03-27T15:23:58.046-0500] {logging_mixin.py:190} INFO - [2025-03-27T15:23:58.046-0500] {dagbag.py:588} INFO - Filling up the DagBag from /home/udhbhav/miniconda3/lib/python3.11/site-packages/airflow/example_dags/example_trigger_controller_dag.py
[2025-03-27T15:23:58.049-0500] {processor.py:925} INFO - DAG(s) 'example_trigger_controller_dag' retrieved from /home/udhbhav/miniconda3/lib/python3.11/site-packages/airflow/example_dags/example_trigger_controller_dag.py
[2025-03-27T15:23:58.056-0500] {logging_mixin.py:190} INFO - [2025-03-27T15:23:58.056-0500] {dag.py:3239} INFO - Sync 1 DAGs
[2025-03-27T15:23:58.064-0500] {logging_mixin.py:190} INFO - [2025-03-27T15:23:58.063-0500] {dag.py:4180} INFO - Setting next_dagrun for example_trigger_controller_dag to 2021-01-01 00:00:00+00:00, run_after=2021-01-01 00:00:00+00:00
[2025-03-27T15:23:58.243-0500] {processor.py:208} INFO - Processing /home/udhbhav/miniconda3/lib/python3.11/site-packages/airflow/example_dags/example_trigger_controller_dag.py took 0.202 seconds
[2025-03-27T15:25:07.844-0500] {processor.py:186} INFO - Started process (PID=1810344) to work on /home/udhbhav/miniconda3/lib/python3.11/site-packages/airflow/example_dags/example_trigger_controller_dag.py
[2025-03-27T15:25:07.844-0500] {processor.py:914} INFO - Processing file /home/udhbhav/miniconda3/lib/python3.11/site-packages/airflow/example_dags/example_trigger_controller_dag.py for tasks to queue
[2025-03-27T15:25:07.845-0500] {logging_mixin.py:190} INFO - [2025-03-27T15:25:07.845-0500] {dagbag.py:588} INFO - Filling up the DagBag from /home/udhbhav/miniconda3/lib/python3.11/site-packages/airflow/example_dags/example_trigger_controller_dag.py
[2025-03-27T15:25:07.849-0500] {processor.py:925} INFO - DAG(s) 'example_trigger_controller_dag' retrieved from /home/udhbhav/miniconda3/lib/python3.11/site-packages/airflow/example_dags/example_trigger_controller_dag.py
[2025-03-27T15:25:07.855-0500] {logging_mixin.py:190} INFO - [2025-03-27T15:25:07.855-0500] {dag.py:3239} INFO - Sync 1 DAGs
[2025-03-27T15:25:07.863-0500] {logging_mixin.py:190} INFO - [2025-03-27T15:25:07.863-0500] {dag.py:4180} INFO - Setting next_dagrun for example_trigger_controller_dag to 2021-01-01 00:00:00+00:00, run_after=2021-01-01 00:00:00+00:00
[2025-03-27T15:25:08.096-0500] {processor.py:208} INFO - Processing /home/udhbhav/miniconda3/lib/python3.11/site-packages/airflow/example_dags/example_trigger_controller_dag.py took 0.255 seconds
[2025-03-27T15:26:46.549-0500] {processor.py:186} INFO - Started process (PID=1811383) to work on /home/udhbhav/miniconda3/lib/python3.11/site-packages/airflow/example_dags/example_trigger_controller_dag.py
[2025-03-27T15:26:46.549-0500] {processor.py:914} INFO - Processing file /home/udhbhav/miniconda3/lib/python3.11/site-packages/airflow/example_dags/example_trigger_controller_dag.py for tasks to queue
[2025-03-27T15:26:46.550-0500] {logging_mixin.py:190} INFO - [2025-03-27T15:26:46.550-0500] {dagbag.py:588} INFO - Filling up the DagBag from /home/udhbhav/miniconda3/lib/python3.11/site-packages/airflow/example_dags/example_trigger_controller_dag.py
[2025-03-27T15:26:46.554-0500] {processor.py:925} INFO - DAG(s) 'example_trigger_controller_dag' retrieved from /home/udhbhav/miniconda3/lib/python3.11/site-packages/airflow/example_dags/example_trigger_controller_dag.py
[2025-03-27T15:26:46.561-0500] {logging_mixin.py:190} INFO - [2025-03-27T15:26:46.560-0500] {dag.py:3239} INFO - Sync 1 DAGs
[2025-03-27T15:26:46.568-0500] {logging_mixin.py:190} INFO - [2025-03-27T15:26:46.568-0500] {dag.py:4180} INFO - Setting next_dagrun for example_trigger_controller_dag to 2021-01-01 00:00:00+00:00, run_after=2021-01-01 00:00:00+00:00
[2025-03-27T15:26:46.792-0500] {processor.py:208} INFO - Processing /home/udhbhav/miniconda3/lib/python3.11/site-packages/airflow/example_dags/example_trigger_controller_dag.py took 0.246 seconds
[2025-03-27T15:27:59.513-0500] {processor.py:186} INFO - Started process (PID=1812050) to work on /home/udhbhav/miniconda3/lib/python3.11/site-packages/airflow/example_dags/example_trigger_controller_dag.py
[2025-03-27T15:27:59.514-0500] {processor.py:914} INFO - Processing file /home/udhbhav/miniconda3/lib/python3.11/site-packages/airflow/example_dags/example_trigger_controller_dag.py for tasks to queue
[2025-03-27T15:27:59.515-0500] {logging_mixin.py:190} INFO - [2025-03-27T15:27:59.515-0500] {dagbag.py:588} INFO - Filling up the DagBag from /home/udhbhav/miniconda3/lib/python3.11/site-packages/airflow/example_dags/example_trigger_controller_dag.py
[2025-03-27T15:27:59.518-0500] {processor.py:925} INFO - DAG(s) 'example_trigger_controller_dag' retrieved from /home/udhbhav/miniconda3/lib/python3.11/site-packages/airflow/example_dags/example_trigger_controller_dag.py
[2025-03-27T15:27:59.525-0500] {logging_mixin.py:190} INFO - [2025-03-27T15:27:59.525-0500] {dag.py:3239} INFO - Sync 1 DAGs
[2025-03-27T15:27:59.533-0500] {logging_mixin.py:190} INFO - [2025-03-27T15:27:59.533-0500] {dag.py:4180} INFO - Setting next_dagrun for example_trigger_controller_dag to 2021-01-01 00:00:00+00:00, run_after=2021-01-01 00:00:00+00:00
[2025-03-27T15:27:59.665-0500] {processor.py:208} INFO - Processing /home/udhbhav/miniconda3/lib/python3.11/site-packages/airflow/example_dags/example_trigger_controller_dag.py took 0.155 seconds
[2025-03-27T15:29:42.686-0500] {processor.py:186} INFO - Started process (PID=1813031) to work on /home/udhbhav/miniconda3/lib/python3.11/site-packages/airflow/example_dags/example_trigger_controller_dag.py
[2025-03-27T15:29:42.686-0500] {processor.py:914} INFO - Processing file /home/udhbhav/miniconda3/lib/python3.11/site-packages/airflow/example_dags/example_trigger_controller_dag.py for tasks to queue
[2025-03-27T15:29:42.688-0500] {logging_mixin.py:190} INFO - [2025-03-27T15:29:42.688-0500] {dagbag.py:588} INFO - Filling up the DagBag from /home/udhbhav/miniconda3/lib/python3.11/site-packages/airflow/example_dags/example_trigger_controller_dag.py
[2025-03-27T15:29:42.691-0500] {processor.py:925} INFO - DAG(s) 'example_trigger_controller_dag' retrieved from /home/udhbhav/miniconda3/lib/python3.11/site-packages/airflow/example_dags/example_trigger_controller_dag.py
[2025-03-27T15:29:42.698-0500] {logging_mixin.py:190} INFO - [2025-03-27T15:29:42.698-0500] {dag.py:3239} INFO - Sync 1 DAGs
[2025-03-27T15:29:42.706-0500] {logging_mixin.py:190} INFO - [2025-03-27T15:29:42.706-0500] {dag.py:4180} INFO - Setting next_dagrun for example_trigger_controller_dag to 2021-01-01 00:00:00+00:00, run_after=2021-01-01 00:00:00+00:00
[2025-03-27T15:29:43.239-0500] {processor.py:208} INFO - Processing /home/udhbhav/miniconda3/lib/python3.11/site-packages/airflow/example_dags/example_trigger_controller_dag.py took 0.556 seconds
[2025-03-27T15:31:35.867-0500] {processor.py:186} INFO - Started process (PID=1814002) to work on /home/udhbhav/miniconda3/lib/python3.11/site-packages/airflow/example_dags/example_trigger_controller_dag.py
[2025-03-27T15:31:35.867-0500] {processor.py:914} INFO - Processing file /home/udhbhav/miniconda3/lib/python3.11/site-packages/airflow/example_dags/example_trigger_controller_dag.py for tasks to queue
[2025-03-27T15:31:35.869-0500] {logging_mixin.py:190} INFO - [2025-03-27T15:31:35.869-0500] {dagbag.py:588} INFO - Filling up the DagBag from /home/udhbhav/miniconda3/lib/python3.11/site-packages/airflow/example_dags/example_trigger_controller_dag.py
[2025-03-27T15:31:35.872-0500] {processor.py:925} INFO - DAG(s) 'example_trigger_controller_dag' retrieved from /home/udhbhav/miniconda3/lib/python3.11/site-packages/airflow/example_dags/example_trigger_controller_dag.py
[2025-03-27T15:31:35.879-0500] {logging_mixin.py:190} INFO - [2025-03-27T15:31:35.879-0500] {dag.py:3239} INFO - Sync 1 DAGs
[2025-03-27T15:31:35.886-0500] {logging_mixin.py:190} INFO - [2025-03-27T15:31:35.886-0500] {dag.py:4180} INFO - Setting next_dagrun for example_trigger_controller_dag to 2021-01-01 00:00:00+00:00, run_after=2021-01-01 00:00:00+00:00
[2025-03-27T15:31:36.095-0500] {processor.py:208} INFO - Processing /home/udhbhav/miniconda3/lib/python3.11/site-packages/airflow/example_dags/example_trigger_controller_dag.py took 0.231 seconds
[2025-03-27T15:32:58.575-0500] {processor.py:186} INFO - Started process (PID=1814864) to work on /home/udhbhav/miniconda3/lib/python3.11/site-packages/airflow/example_dags/example_trigger_controller_dag.py
[2025-03-27T15:32:58.575-0500] {processor.py:914} INFO - Processing file /home/udhbhav/miniconda3/lib/python3.11/site-packages/airflow/example_dags/example_trigger_controller_dag.py for tasks to queue
[2025-03-27T15:32:58.577-0500] {logging_mixin.py:190} INFO - [2025-03-27T15:32:58.576-0500] {dagbag.py:588} INFO - Filling up the DagBag from /home/udhbhav/miniconda3/lib/python3.11/site-packages/airflow/example_dags/example_trigger_controller_dag.py
[2025-03-27T15:32:58.580-0500] {processor.py:925} INFO - DAG(s) 'example_trigger_controller_dag' retrieved from /home/udhbhav/miniconda3/lib/python3.11/site-packages/airflow/example_dags/example_trigger_controller_dag.py
[2025-03-27T15:32:58.587-0500] {logging_mixin.py:190} INFO - [2025-03-27T15:32:58.587-0500] {dag.py:3239} INFO - Sync 1 DAGs
[2025-03-27T15:32:58.594-0500] {logging_mixin.py:190} INFO - [2025-03-27T15:32:58.594-0500] {dag.py:4180} INFO - Setting next_dagrun for example_trigger_controller_dag to 2021-01-01 00:00:00+00:00, run_after=2021-01-01 00:00:00+00:00
[2025-03-27T15:32:58.753-0500] {processor.py:208} INFO - Processing /home/udhbhav/miniconda3/lib/python3.11/site-packages/airflow/example_dags/example_trigger_controller_dag.py took 0.181 seconds
[2025-03-27T15:34:07.224-0500] {processor.py:186} INFO - Started process (PID=1815482) to work on /home/udhbhav/miniconda3/lib/python3.11/site-packages/airflow/example_dags/example_trigger_controller_dag.py
[2025-03-27T15:34:07.225-0500] {processor.py:914} INFO - Processing file /home/udhbhav/miniconda3/lib/python3.11/site-packages/airflow/example_dags/example_trigger_controller_dag.py for tasks to queue
[2025-03-27T15:34:07.226-0500] {logging_mixin.py:190} INFO - [2025-03-27T15:34:07.226-0500] {dagbag.py:588} INFO - Filling up the DagBag from /home/udhbhav/miniconda3/lib/python3.11/site-packages/airflow/example_dags/example_trigger_controller_dag.py
[2025-03-27T15:34:07.229-0500] {processor.py:925} INFO - DAG(s) 'example_trigger_controller_dag' retrieved from /home/udhbhav/miniconda3/lib/python3.11/site-packages/airflow/example_dags/example_trigger_controller_dag.py
[2025-03-27T15:34:07.236-0500] {logging_mixin.py:190} INFO - [2025-03-27T15:34:07.236-0500] {dag.py:3239} INFO - Sync 1 DAGs
[2025-03-27T15:34:07.243-0500] {logging_mixin.py:190} INFO - [2025-03-27T15:34:07.243-0500] {dag.py:4180} INFO - Setting next_dagrun for example_trigger_controller_dag to 2021-01-01 00:00:00+00:00, run_after=2021-01-01 00:00:00+00:00
[2025-03-27T15:34:07.379-0500] {processor.py:208} INFO - Processing /home/udhbhav/miniconda3/lib/python3.11/site-packages/airflow/example_dags/example_trigger_controller_dag.py took 0.157 seconds
[2025-03-27T15:35:10.116-0500] {processor.py:186} INFO - Started process (PID=1816116) to work on /home/udhbhav/miniconda3/lib/python3.11/site-packages/airflow/example_dags/example_trigger_controller_dag.py
[2025-03-27T15:35:10.116-0500] {processor.py:914} INFO - Processing file /home/udhbhav/miniconda3/lib/python3.11/site-packages/airflow/example_dags/example_trigger_controller_dag.py for tasks to queue
[2025-03-27T15:35:10.118-0500] {logging_mixin.py:190} INFO - [2025-03-27T15:35:10.118-0500] {dagbag.py:588} INFO - Filling up the DagBag from /home/udhbhav/miniconda3/lib/python3.11/site-packages/airflow/example_dags/example_trigger_controller_dag.py
[2025-03-27T15:35:10.121-0500] {processor.py:925} INFO - DAG(s) 'example_trigger_controller_dag' retrieved from /home/udhbhav/miniconda3/lib/python3.11/site-packages/airflow/example_dags/example_trigger_controller_dag.py
[2025-03-27T15:35:10.128-0500] {logging_mixin.py:190} INFO - [2025-03-27T15:35:10.128-0500] {dag.py:3239} INFO - Sync 1 DAGs
[2025-03-27T15:35:10.135-0500] {logging_mixin.py:190} INFO - [2025-03-27T15:35:10.135-0500] {dag.py:4180} INFO - Setting next_dagrun for example_trigger_controller_dag to 2021-01-01 00:00:00+00:00, run_after=2021-01-01 00:00:00+00:00
[2025-03-27T15:35:10.788-0500] {processor.py:208} INFO - Processing /home/udhbhav/miniconda3/lib/python3.11/site-packages/airflow/example_dags/example_trigger_controller_dag.py took 0.675 seconds
