[2025-03-27T14:26:49.358-0500] {processor.py:186} INFO - Started process (PID=1763543) to work on /home/udhbhav/miniconda3/lib/python3.11/site-packages/airflow/example_dags/example_setup_teardown_taskflow.py
[2025-03-27T14:26:49.359-0500] {processor.py:914} INFO - Processing file /home/udhbhav/miniconda3/lib/python3.11/site-packages/airflow/example_dags/example_setup_teardown_taskflow.py for tasks to queue
[2025-03-27T14:26:49.360-0500] {logging_mixin.py:190} INFO - [2025-03-27T14:26:49.360-0500] {dagbag.py:588} INFO - Filling up the DagBag from /home/udhbhav/miniconda3/lib/python3.11/site-packages/airflow/example_dags/example_setup_teardown_taskflow.py
[2025-03-27T14:26:49.366-0500] {processor.py:925} INFO - DAG(s) 'example_setup_teardown_taskflow' retrieved from /home/udhbhav/miniconda3/lib/python3.11/site-packages/airflow/example_dags/example_setup_teardown_taskflow.py
[2025-03-27T14:26:49.626-0500] {logging_mixin.py:190} INFO - [2025-03-27T14:26:49.626-0500] {override.py:1912} INFO - Created Permission View: can read on DAG:example_setup_teardown_taskflow
[2025-03-27T14:26:49.746-0500] {logging_mixin.py:190} INFO - [2025-03-27T14:26:49.745-0500] {override.py:1912} INFO - Created Permission View: can edit on DAG:example_setup_teardown_taskflow
[2025-03-27T14:26:49.852-0500] {logging_mixin.py:190} INFO - [2025-03-27T14:26:49.852-0500] {override.py:1912} INFO - Created Permission View: can delete on DAG:example_setup_teardown_taskflow
[2025-03-27T14:26:50.134-0500] {logging_mixin.py:190} INFO - [2025-03-27T14:26:50.134-0500] {override.py:1912} INFO - Created Permission View: can read on DAG Run:example_setup_teardown_taskflow
[2025-03-27T14:26:50.318-0500] {logging_mixin.py:190} INFO - [2025-03-27T14:26:50.318-0500] {override.py:1912} INFO - Created Permission View: menu access on DAG Run:example_setup_teardown_taskflow
[2025-03-27T14:26:50.430-0500] {logging_mixin.py:190} INFO - [2025-03-27T14:26:50.430-0500] {override.py:1912} INFO - Created Permission View: can create on DAG Run:example_setup_teardown_taskflow
[2025-03-27T14:26:50.552-0500] {logging_mixin.py:190} INFO - [2025-03-27T14:26:50.551-0500] {override.py:1912} INFO - Created Permission View: can delete on DAG Run:example_setup_teardown_taskflow
[2025-03-27T14:26:50.552-0500] {logging_mixin.py:190} INFO - [2025-03-27T14:26:50.552-0500] {dag.py:3239} INFO - Sync 1 DAGs
[2025-03-27T14:26:50.557-0500] {logging_mixin.py:190} INFO - [2025-03-27T14:26:50.557-0500] {dag.py:3262} INFO - Creating ORM DAG for example_setup_teardown_taskflow
[2025-03-27T14:26:50.558-0500] {logging_mixin.py:190} INFO - [2025-03-27T14:26:50.558-0500] {dag.py:4180} INFO - Setting next_dagrun for example_setup_teardown_taskflow to None, run_after=None
[2025-03-27T14:26:50.679-0500] {processor.py:208} INFO - Processing /home/udhbhav/miniconda3/lib/python3.11/site-packages/airflow/example_dags/example_setup_teardown_taskflow.py took 1.323 seconds
[2025-03-27T14:28:40.194-0500] {processor.py:186} INFO - Started process (PID=1764468) to work on /home/udhbhav/miniconda3/lib/python3.11/site-packages/airflow/example_dags/example_setup_teardown_taskflow.py
[2025-03-27T14:28:40.194-0500] {processor.py:914} INFO - Processing file /home/udhbhav/miniconda3/lib/python3.11/site-packages/airflow/example_dags/example_setup_teardown_taskflow.py for tasks to queue
[2025-03-27T14:28:40.195-0500] {logging_mixin.py:190} INFO - [2025-03-27T14:28:40.195-0500] {dagbag.py:588} INFO - Filling up the DagBag from /home/udhbhav/miniconda3/lib/python3.11/site-packages/airflow/example_dags/example_setup_teardown_taskflow.py
[2025-03-27T14:28:40.202-0500] {processor.py:925} INFO - DAG(s) 'example_setup_teardown_taskflow' retrieved from /home/udhbhav/miniconda3/lib/python3.11/site-packages/airflow/example_dags/example_setup_teardown_taskflow.py
[2025-03-27T14:28:40.210-0500] {logging_mixin.py:190} INFO - [2025-03-27T14:28:40.210-0500] {dag.py:3239} INFO - Sync 1 DAGs
[2025-03-27T14:28:40.216-0500] {logging_mixin.py:190} INFO - [2025-03-27T14:28:40.216-0500] {dag.py:4180} INFO - Setting next_dagrun for example_setup_teardown_taskflow to None, run_after=None
[2025-03-27T14:28:40.394-0500] {processor.py:208} INFO - Processing /home/udhbhav/miniconda3/lib/python3.11/site-packages/airflow/example_dags/example_setup_teardown_taskflow.py took 0.203 seconds
[2025-03-27T14:35:51.106-0500] {processor.py:186} INFO - Started process (PID=1768710) to work on /home/udhbhav/miniconda3/lib/python3.11/site-packages/airflow/example_dags/example_setup_teardown_taskflow.py
[2025-03-27T14:35:51.107-0500] {processor.py:914} INFO - Processing file /home/udhbhav/miniconda3/lib/python3.11/site-packages/airflow/example_dags/example_setup_teardown_taskflow.py for tasks to queue
[2025-03-27T14:35:51.108-0500] {logging_mixin.py:190} INFO - [2025-03-27T14:35:51.107-0500] {dagbag.py:588} INFO - Filling up the DagBag from /home/udhbhav/miniconda3/lib/python3.11/site-packages/airflow/example_dags/example_setup_teardown_taskflow.py
[2025-03-27T14:35:51.113-0500] {processor.py:925} INFO - DAG(s) 'example_setup_teardown_taskflow' retrieved from /home/udhbhav/miniconda3/lib/python3.11/site-packages/airflow/example_dags/example_setup_teardown_taskflow.py
[2025-03-27T14:35:51.122-0500] {logging_mixin.py:190} INFO - [2025-03-27T14:35:51.122-0500] {dag.py:3239} INFO - Sync 1 DAGs
[2025-03-27T14:35:51.128-0500] {logging_mixin.py:190} INFO - [2025-03-27T14:35:51.128-0500] {dag.py:4180} INFO - Setting next_dagrun for example_setup_teardown_taskflow to None, run_after=None
[2025-03-27T14:35:51.235-0500] {processor.py:208} INFO - Processing /home/udhbhav/miniconda3/lib/python3.11/site-packages/airflow/example_dags/example_setup_teardown_taskflow.py took 0.132 seconds
[2025-03-27T14:37:37.548-0500] {processor.py:186} INFO - Started process (PID=1769735) to work on /home/udhbhav/miniconda3/lib/python3.11/site-packages/airflow/example_dags/example_setup_teardown_taskflow.py
[2025-03-27T14:37:37.548-0500] {processor.py:914} INFO - Processing file /home/udhbhav/miniconda3/lib/python3.11/site-packages/airflow/example_dags/example_setup_teardown_taskflow.py for tasks to queue
[2025-03-27T14:37:37.549-0500] {logging_mixin.py:190} INFO - [2025-03-27T14:37:37.549-0500] {dagbag.py:588} INFO - Filling up the DagBag from /home/udhbhav/miniconda3/lib/python3.11/site-packages/airflow/example_dags/example_setup_teardown_taskflow.py
[2025-03-27T14:37:37.555-0500] {processor.py:925} INFO - DAG(s) 'example_setup_teardown_taskflow' retrieved from /home/udhbhav/miniconda3/lib/python3.11/site-packages/airflow/example_dags/example_setup_teardown_taskflow.py
[2025-03-27T14:37:37.564-0500] {logging_mixin.py:190} INFO - [2025-03-27T14:37:37.564-0500] {dag.py:3239} INFO - Sync 1 DAGs
[2025-03-27T14:37:37.624-0500] {logging_mixin.py:190} INFO - [2025-03-27T14:37:37.624-0500] {dag.py:4180} INFO - Setting next_dagrun for example_setup_teardown_taskflow to None, run_after=None
[2025-03-27T14:37:37.731-0500] {processor.py:208} INFO - Processing /home/udhbhav/miniconda3/lib/python3.11/site-packages/airflow/example_dags/example_setup_teardown_taskflow.py took 0.186 seconds
[2025-03-27T14:38:45.001-0500] {processor.py:186} INFO - Started process (PID=1770792) to work on /home/udhbhav/miniconda3/lib/python3.11/site-packages/airflow/example_dags/example_setup_teardown_taskflow.py
[2025-03-27T14:38:45.002-0500] {processor.py:914} INFO - Processing file /home/udhbhav/miniconda3/lib/python3.11/site-packages/airflow/example_dags/example_setup_teardown_taskflow.py for tasks to queue
[2025-03-27T14:38:45.003-0500] {logging_mixin.py:190} INFO - [2025-03-27T14:38:45.003-0500] {dagbag.py:588} INFO - Filling up the DagBag from /home/udhbhav/miniconda3/lib/python3.11/site-packages/airflow/example_dags/example_setup_teardown_taskflow.py
[2025-03-27T14:38:45.009-0500] {processor.py:925} INFO - DAG(s) 'example_setup_teardown_taskflow' retrieved from /home/udhbhav/miniconda3/lib/python3.11/site-packages/airflow/example_dags/example_setup_teardown_taskflow.py
[2025-03-27T14:38:45.017-0500] {logging_mixin.py:190} INFO - [2025-03-27T14:38:45.016-0500] {dag.py:3239} INFO - Sync 1 DAGs
[2025-03-27T14:38:45.022-0500] {logging_mixin.py:190} INFO - [2025-03-27T14:38:45.022-0500] {dag.py:4180} INFO - Setting next_dagrun for example_setup_teardown_taskflow to None, run_after=None
[2025-03-27T14:38:45.128-0500] {processor.py:208} INFO - Processing /home/udhbhav/miniconda3/lib/python3.11/site-packages/airflow/example_dags/example_setup_teardown_taskflow.py took 0.129 seconds
[2025-03-27T14:40:03.442-0500] {processor.py:186} INFO - Started process (PID=1771480) to work on /home/udhbhav/miniconda3/lib/python3.11/site-packages/airflow/example_dags/example_setup_teardown_taskflow.py
[2025-03-27T14:40:03.443-0500] {processor.py:914} INFO - Processing file /home/udhbhav/miniconda3/lib/python3.11/site-packages/airflow/example_dags/example_setup_teardown_taskflow.py for tasks to queue
[2025-03-27T14:40:03.444-0500] {logging_mixin.py:190} INFO - [2025-03-27T14:40:03.444-0500] {dagbag.py:588} INFO - Filling up the DagBag from /home/udhbhav/miniconda3/lib/python3.11/site-packages/airflow/example_dags/example_setup_teardown_taskflow.py
[2025-03-27T14:40:03.450-0500] {processor.py:925} INFO - DAG(s) 'example_setup_teardown_taskflow' retrieved from /home/udhbhav/miniconda3/lib/python3.11/site-packages/airflow/example_dags/example_setup_teardown_taskflow.py
[2025-03-27T14:40:03.458-0500] {logging_mixin.py:190} INFO - [2025-03-27T14:40:03.458-0500] {dag.py:3239} INFO - Sync 1 DAGs
[2025-03-27T14:40:03.463-0500] {logging_mixin.py:190} INFO - [2025-03-27T14:40:03.463-0500] {dag.py:4180} INFO - Setting next_dagrun for example_setup_teardown_taskflow to None, run_after=None
[2025-03-27T14:40:04.370-0500] {processor.py:208} INFO - Processing /home/udhbhav/miniconda3/lib/python3.11/site-packages/airflow/example_dags/example_setup_teardown_taskflow.py took 0.931 seconds
[2025-03-27T14:41:29.337-0500] {processor.py:186} INFO - Started process (PID=1772559) to work on /home/udhbhav/miniconda3/lib/python3.11/site-packages/airflow/example_dags/example_setup_teardown_taskflow.py
[2025-03-27T14:41:29.338-0500] {processor.py:914} INFO - Processing file /home/udhbhav/miniconda3/lib/python3.11/site-packages/airflow/example_dags/example_setup_teardown_taskflow.py for tasks to queue
[2025-03-27T14:41:29.339-0500] {logging_mixin.py:190} INFO - [2025-03-27T14:41:29.339-0500] {dagbag.py:588} INFO - Filling up the DagBag from /home/udhbhav/miniconda3/lib/python3.11/site-packages/airflow/example_dags/example_setup_teardown_taskflow.py
[2025-03-27T14:41:29.344-0500] {processor.py:925} INFO - DAG(s) 'example_setup_teardown_taskflow' retrieved from /home/udhbhav/miniconda3/lib/python3.11/site-packages/airflow/example_dags/example_setup_teardown_taskflow.py
[2025-03-27T14:41:29.353-0500] {logging_mixin.py:190} INFO - [2025-03-27T14:41:29.352-0500] {dag.py:3239} INFO - Sync 1 DAGs
[2025-03-27T14:41:29.358-0500] {logging_mixin.py:190} INFO - [2025-03-27T14:41:29.357-0500] {dag.py:4180} INFO - Setting next_dagrun for example_setup_teardown_taskflow to None, run_after=None
[2025-03-27T14:41:29.462-0500] {processor.py:208} INFO - Processing /home/udhbhav/miniconda3/lib/python3.11/site-packages/airflow/example_dags/example_setup_teardown_taskflow.py took 0.127 seconds
[2025-03-27T14:42:45.889-0500] {processor.py:186} INFO - Started process (PID=1773454) to work on /home/udhbhav/miniconda3/lib/python3.11/site-packages/airflow/example_dags/example_setup_teardown_taskflow.py
[2025-03-27T14:42:45.890-0500] {processor.py:914} INFO - Processing file /home/udhbhav/miniconda3/lib/python3.11/site-packages/airflow/example_dags/example_setup_teardown_taskflow.py for tasks to queue
[2025-03-27T14:42:45.890-0500] {logging_mixin.py:190} INFO - [2025-03-27T14:42:45.890-0500] {dagbag.py:588} INFO - Filling up the DagBag from /home/udhbhav/miniconda3/lib/python3.11/site-packages/airflow/example_dags/example_setup_teardown_taskflow.py
[2025-03-27T14:42:45.896-0500] {processor.py:925} INFO - DAG(s) 'example_setup_teardown_taskflow' retrieved from /home/udhbhav/miniconda3/lib/python3.11/site-packages/airflow/example_dags/example_setup_teardown_taskflow.py
[2025-03-27T14:42:45.904-0500] {logging_mixin.py:190} INFO - [2025-03-27T14:42:45.904-0500] {dag.py:3239} INFO - Sync 1 DAGs
[2025-03-27T14:42:45.909-0500] {logging_mixin.py:190} INFO - [2025-03-27T14:42:45.909-0500] {dag.py:4180} INFO - Setting next_dagrun for example_setup_teardown_taskflow to None, run_after=None
[2025-03-27T14:42:46.017-0500] {processor.py:208} INFO - Processing /home/udhbhav/miniconda3/lib/python3.11/site-packages/airflow/example_dags/example_setup_teardown_taskflow.py took 0.130 seconds
[2025-03-27T14:44:12.238-0500] {processor.py:186} INFO - Started process (PID=1774353) to work on /home/udhbhav/miniconda3/lib/python3.11/site-packages/airflow/example_dags/example_setup_teardown_taskflow.py
[2025-03-27T14:44:12.238-0500] {processor.py:914} INFO - Processing file /home/udhbhav/miniconda3/lib/python3.11/site-packages/airflow/example_dags/example_setup_teardown_taskflow.py for tasks to queue
[2025-03-27T14:44:12.239-0500] {logging_mixin.py:190} INFO - [2025-03-27T14:44:12.239-0500] {dagbag.py:588} INFO - Filling up the DagBag from /home/udhbhav/miniconda3/lib/python3.11/site-packages/airflow/example_dags/example_setup_teardown_taskflow.py
[2025-03-27T14:44:12.245-0500] {processor.py:925} INFO - DAG(s) 'example_setup_teardown_taskflow' retrieved from /home/udhbhav/miniconda3/lib/python3.11/site-packages/airflow/example_dags/example_setup_teardown_taskflow.py
[2025-03-27T14:44:12.253-0500] {logging_mixin.py:190} INFO - [2025-03-27T14:44:12.253-0500] {dag.py:3239} INFO - Sync 1 DAGs
[2025-03-27T14:44:12.258-0500] {logging_mixin.py:190} INFO - [2025-03-27T14:44:12.258-0500] {dag.py:4180} INFO - Setting next_dagrun for example_setup_teardown_taskflow to None, run_after=None
[2025-03-27T14:44:12.364-0500] {processor.py:208} INFO - Processing /home/udhbhav/miniconda3/lib/python3.11/site-packages/airflow/example_dags/example_setup_teardown_taskflow.py took 0.128 seconds
[2025-03-27T14:45:16.209-0500] {processor.py:186} INFO - Started process (PID=1775008) to work on /home/udhbhav/miniconda3/lib/python3.11/site-packages/airflow/example_dags/example_setup_teardown_taskflow.py
[2025-03-27T14:45:16.209-0500] {processor.py:914} INFO - Processing file /home/udhbhav/miniconda3/lib/python3.11/site-packages/airflow/example_dags/example_setup_teardown_taskflow.py for tasks to queue
[2025-03-27T14:45:16.210-0500] {logging_mixin.py:190} INFO - [2025-03-27T14:45:16.210-0500] {dagbag.py:588} INFO - Filling up the DagBag from /home/udhbhav/miniconda3/lib/python3.11/site-packages/airflow/example_dags/example_setup_teardown_taskflow.py
[2025-03-27T14:45:16.216-0500] {processor.py:925} INFO - DAG(s) 'example_setup_teardown_taskflow' retrieved from /home/udhbhav/miniconda3/lib/python3.11/site-packages/airflow/example_dags/example_setup_teardown_taskflow.py
[2025-03-27T14:45:16.225-0500] {logging_mixin.py:190} INFO - [2025-03-27T14:45:16.225-0500] {dag.py:3239} INFO - Sync 1 DAGs
[2025-03-27T14:45:16.230-0500] {logging_mixin.py:190} INFO - [2025-03-27T14:45:16.230-0500] {dag.py:4180} INFO - Setting next_dagrun for example_setup_teardown_taskflow to None, run_after=None
[2025-03-27T14:45:16.334-0500] {processor.py:208} INFO - Processing /home/udhbhav/miniconda3/lib/python3.11/site-packages/airflow/example_dags/example_setup_teardown_taskflow.py took 0.128 seconds
[2025-03-27T14:46:53.460-0500] {processor.py:186} INFO - Started process (PID=1775995) to work on /home/udhbhav/miniconda3/lib/python3.11/site-packages/airflow/example_dags/example_setup_teardown_taskflow.py
[2025-03-27T14:46:53.460-0500] {processor.py:914} INFO - Processing file /home/udhbhav/miniconda3/lib/python3.11/site-packages/airflow/example_dags/example_setup_teardown_taskflow.py for tasks to queue
[2025-03-27T14:46:53.461-0500] {logging_mixin.py:190} INFO - [2025-03-27T14:46:53.461-0500] {dagbag.py:588} INFO - Filling up the DagBag from /home/udhbhav/miniconda3/lib/python3.11/site-packages/airflow/example_dags/example_setup_teardown_taskflow.py
[2025-03-27T14:46:53.467-0500] {processor.py:925} INFO - DAG(s) 'example_setup_teardown_taskflow' retrieved from /home/udhbhav/miniconda3/lib/python3.11/site-packages/airflow/example_dags/example_setup_teardown_taskflow.py
[2025-03-27T14:46:53.475-0500] {logging_mixin.py:190} INFO - [2025-03-27T14:46:53.475-0500] {dag.py:3239} INFO - Sync 1 DAGs
[2025-03-27T14:46:53.480-0500] {logging_mixin.py:190} INFO - [2025-03-27T14:46:53.480-0500] {dag.py:4180} INFO - Setting next_dagrun for example_setup_teardown_taskflow to None, run_after=None
[2025-03-27T14:46:53.587-0500] {processor.py:208} INFO - Processing /home/udhbhav/miniconda3/lib/python3.11/site-packages/airflow/example_dags/example_setup_teardown_taskflow.py took 0.130 seconds
[2025-03-27T14:48:09.272-0500] {processor.py:186} INFO - Started process (PID=1776642) to work on /home/udhbhav/miniconda3/lib/python3.11/site-packages/airflow/example_dags/example_setup_teardown_taskflow.py
[2025-03-27T14:48:09.272-0500] {processor.py:914} INFO - Processing file /home/udhbhav/miniconda3/lib/python3.11/site-packages/airflow/example_dags/example_setup_teardown_taskflow.py for tasks to queue
[2025-03-27T14:48:09.273-0500] {logging_mixin.py:190} INFO - [2025-03-27T14:48:09.273-0500] {dagbag.py:588} INFO - Filling up the DagBag from /home/udhbhav/miniconda3/lib/python3.11/site-packages/airflow/example_dags/example_setup_teardown_taskflow.py
[2025-03-27T14:48:09.279-0500] {processor.py:925} INFO - DAG(s) 'example_setup_teardown_taskflow' retrieved from /home/udhbhav/miniconda3/lib/python3.11/site-packages/airflow/example_dags/example_setup_teardown_taskflow.py
[2025-03-27T14:48:09.287-0500] {logging_mixin.py:190} INFO - [2025-03-27T14:48:09.287-0500] {dag.py:3239} INFO - Sync 1 DAGs
[2025-03-27T14:48:09.292-0500] {logging_mixin.py:190} INFO - [2025-03-27T14:48:09.292-0500] {dag.py:4180} INFO - Setting next_dagrun for example_setup_teardown_taskflow to None, run_after=None
[2025-03-27T14:48:09.432-0500] {processor.py:208} INFO - Processing /home/udhbhav/miniconda3/lib/python3.11/site-packages/airflow/example_dags/example_setup_teardown_taskflow.py took 0.163 seconds
[2025-03-27T14:49:31.012-0500] {processor.py:186} INFO - Started process (PID=1777399) to work on /home/udhbhav/miniconda3/lib/python3.11/site-packages/airflow/example_dags/example_setup_teardown_taskflow.py
[2025-03-27T14:49:31.013-0500] {processor.py:914} INFO - Processing file /home/udhbhav/miniconda3/lib/python3.11/site-packages/airflow/example_dags/example_setup_teardown_taskflow.py for tasks to queue
[2025-03-27T14:49:31.014-0500] {logging_mixin.py:190} INFO - [2025-03-27T14:49:31.013-0500] {dagbag.py:588} INFO - Filling up the DagBag from /home/udhbhav/miniconda3/lib/python3.11/site-packages/airflow/example_dags/example_setup_teardown_taskflow.py
[2025-03-27T14:49:31.019-0500] {processor.py:925} INFO - DAG(s) 'example_setup_teardown_taskflow' retrieved from /home/udhbhav/miniconda3/lib/python3.11/site-packages/airflow/example_dags/example_setup_teardown_taskflow.py
[2025-03-27T14:49:31.028-0500] {logging_mixin.py:190} INFO - [2025-03-27T14:49:31.027-0500] {dag.py:3239} INFO - Sync 1 DAGs
[2025-03-27T14:49:31.033-0500] {logging_mixin.py:190} INFO - [2025-03-27T14:49:31.033-0500] {dag.py:4180} INFO - Setting next_dagrun for example_setup_teardown_taskflow to None, run_after=None
[2025-03-27T14:49:31.268-0500] {processor.py:208} INFO - Processing /home/udhbhav/miniconda3/lib/python3.11/site-packages/airflow/example_dags/example_setup_teardown_taskflow.py took 0.259 seconds
[2025-03-27T14:50:55.007-0500] {processor.py:186} INFO - Started process (PID=1779313) to work on /home/udhbhav/miniconda3/lib/python3.11/site-packages/airflow/example_dags/example_setup_teardown_taskflow.py
[2025-03-27T14:50:55.007-0500] {processor.py:914} INFO - Processing file /home/udhbhav/miniconda3/lib/python3.11/site-packages/airflow/example_dags/example_setup_teardown_taskflow.py for tasks to queue
[2025-03-27T14:50:55.008-0500] {logging_mixin.py:190} INFO - [2025-03-27T14:50:55.008-0500] {dagbag.py:588} INFO - Filling up the DagBag from /home/udhbhav/miniconda3/lib/python3.11/site-packages/airflow/example_dags/example_setup_teardown_taskflow.py
[2025-03-27T14:50:55.014-0500] {processor.py:925} INFO - DAG(s) 'example_setup_teardown_taskflow' retrieved from /home/udhbhav/miniconda3/lib/python3.11/site-packages/airflow/example_dags/example_setup_teardown_taskflow.py
[2025-03-27T14:50:55.023-0500] {logging_mixin.py:190} INFO - [2025-03-27T14:50:55.023-0500] {dag.py:3239} INFO - Sync 1 DAGs
[2025-03-27T14:50:55.028-0500] {logging_mixin.py:190} INFO - [2025-03-27T14:50:55.028-0500] {dag.py:4180} INFO - Setting next_dagrun for example_setup_teardown_taskflow to None, run_after=None
[2025-03-27T14:50:55.133-0500] {processor.py:208} INFO - Processing /home/udhbhav/miniconda3/lib/python3.11/site-packages/airflow/example_dags/example_setup_teardown_taskflow.py took 0.129 seconds
[2025-03-27T14:51:59.127-0500] {processor.py:186} INFO - Started process (PID=1783776) to work on /home/udhbhav/miniconda3/lib/python3.11/site-packages/airflow/example_dags/example_setup_teardown_taskflow.py
[2025-03-27T14:51:59.127-0500] {processor.py:914} INFO - Processing file /home/udhbhav/miniconda3/lib/python3.11/site-packages/airflow/example_dags/example_setup_teardown_taskflow.py for tasks to queue
[2025-03-27T14:51:59.128-0500] {logging_mixin.py:190} INFO - [2025-03-27T14:51:59.128-0500] {dagbag.py:588} INFO - Filling up the DagBag from /home/udhbhav/miniconda3/lib/python3.11/site-packages/airflow/example_dags/example_setup_teardown_taskflow.py
[2025-03-27T14:51:59.134-0500] {processor.py:925} INFO - DAG(s) 'example_setup_teardown_taskflow' retrieved from /home/udhbhav/miniconda3/lib/python3.11/site-packages/airflow/example_dags/example_setup_teardown_taskflow.py
[2025-03-27T14:51:59.142-0500] {logging_mixin.py:190} INFO - [2025-03-27T14:51:59.142-0500] {dag.py:3239} INFO - Sync 1 DAGs
[2025-03-27T14:51:59.147-0500] {logging_mixin.py:190} INFO - [2025-03-27T14:51:59.147-0500] {dag.py:4180} INFO - Setting next_dagrun for example_setup_teardown_taskflow to None, run_after=None
[2025-03-27T14:51:59.254-0500] {processor.py:208} INFO - Processing /home/udhbhav/miniconda3/lib/python3.11/site-packages/airflow/example_dags/example_setup_teardown_taskflow.py took 0.130 seconds
[2025-03-27T14:53:10.950-0500] {processor.py:186} INFO - Started process (PID=1784472) to work on /home/udhbhav/miniconda3/lib/python3.11/site-packages/airflow/example_dags/example_setup_teardown_taskflow.py
[2025-03-27T14:53:10.951-0500] {processor.py:914} INFO - Processing file /home/udhbhav/miniconda3/lib/python3.11/site-packages/airflow/example_dags/example_setup_teardown_taskflow.py for tasks to queue
[2025-03-27T14:53:10.952-0500] {logging_mixin.py:190} INFO - [2025-03-27T14:53:10.951-0500] {dagbag.py:588} INFO - Filling up the DagBag from /home/udhbhav/miniconda3/lib/python3.11/site-packages/airflow/example_dags/example_setup_teardown_taskflow.py
[2025-03-27T14:53:10.957-0500] {processor.py:925} INFO - DAG(s) 'example_setup_teardown_taskflow' retrieved from /home/udhbhav/miniconda3/lib/python3.11/site-packages/airflow/example_dags/example_setup_teardown_taskflow.py
[2025-03-27T14:53:10.966-0500] {logging_mixin.py:190} INFO - [2025-03-27T14:53:10.965-0500] {dag.py:3239} INFO - Sync 1 DAGs
[2025-03-27T14:53:10.971-0500] {logging_mixin.py:190} INFO - [2025-03-27T14:53:10.971-0500] {dag.py:4180} INFO - Setting next_dagrun for example_setup_teardown_taskflow to None, run_after=None
[2025-03-27T14:53:11.075-0500] {processor.py:208} INFO - Processing /home/udhbhav/miniconda3/lib/python3.11/site-packages/airflow/example_dags/example_setup_teardown_taskflow.py took 0.127 seconds
[2025-03-27T14:54:18.644-0500] {processor.py:186} INFO - Started process (PID=1785086) to work on /home/udhbhav/miniconda3/lib/python3.11/site-packages/airflow/example_dags/example_setup_teardown_taskflow.py
[2025-03-27T14:54:18.644-0500] {processor.py:914} INFO - Processing file /home/udhbhav/miniconda3/lib/python3.11/site-packages/airflow/example_dags/example_setup_teardown_taskflow.py for tasks to queue
[2025-03-27T14:54:18.645-0500] {logging_mixin.py:190} INFO - [2025-03-27T14:54:18.645-0500] {dagbag.py:588} INFO - Filling up the DagBag from /home/udhbhav/miniconda3/lib/python3.11/site-packages/airflow/example_dags/example_setup_teardown_taskflow.py
[2025-03-27T14:54:18.651-0500] {processor.py:925} INFO - DAG(s) 'example_setup_teardown_taskflow' retrieved from /home/udhbhav/miniconda3/lib/python3.11/site-packages/airflow/example_dags/example_setup_teardown_taskflow.py
[2025-03-27T14:54:18.659-0500] {logging_mixin.py:190} INFO - [2025-03-27T14:54:18.659-0500] {dag.py:3239} INFO - Sync 1 DAGs
[2025-03-27T14:54:18.664-0500] {logging_mixin.py:190} INFO - [2025-03-27T14:54:18.664-0500] {dag.py:4180} INFO - Setting next_dagrun for example_setup_teardown_taskflow to None, run_after=None
[2025-03-27T14:54:18.773-0500] {processor.py:208} INFO - Processing /home/udhbhav/miniconda3/lib/python3.11/site-packages/airflow/example_dags/example_setup_teardown_taskflow.py took 0.132 seconds
[2025-03-27T14:55:20.301-0500] {processor.py:186} INFO - Started process (PID=1785700) to work on /home/udhbhav/miniconda3/lib/python3.11/site-packages/airflow/example_dags/example_setup_teardown_taskflow.py
[2025-03-27T14:55:20.302-0500] {processor.py:914} INFO - Processing file /home/udhbhav/miniconda3/lib/python3.11/site-packages/airflow/example_dags/example_setup_teardown_taskflow.py for tasks to queue
[2025-03-27T14:55:20.303-0500] {logging_mixin.py:190} INFO - [2025-03-27T14:55:20.303-0500] {dagbag.py:588} INFO - Filling up the DagBag from /home/udhbhav/miniconda3/lib/python3.11/site-packages/airflow/example_dags/example_setup_teardown_taskflow.py
[2025-03-27T14:55:20.309-0500] {processor.py:925} INFO - DAG(s) 'example_setup_teardown_taskflow' retrieved from /home/udhbhav/miniconda3/lib/python3.11/site-packages/airflow/example_dags/example_setup_teardown_taskflow.py
[2025-03-27T14:55:20.317-0500] {logging_mixin.py:190} INFO - [2025-03-27T14:55:20.317-0500] {dag.py:3239} INFO - Sync 1 DAGs
[2025-03-27T14:55:20.322-0500] {logging_mixin.py:190} INFO - [2025-03-27T14:55:20.322-0500] {dag.py:4180} INFO - Setting next_dagrun for example_setup_teardown_taskflow to None, run_after=None
[2025-03-27T14:55:20.477-0500] {processor.py:208} INFO - Processing /home/udhbhav/miniconda3/lib/python3.11/site-packages/airflow/example_dags/example_setup_teardown_taskflow.py took 0.178 seconds
[2025-03-27T14:56:38.684-0500] {processor.py:186} INFO - Started process (PID=1786541) to work on /home/udhbhav/miniconda3/lib/python3.11/site-packages/airflow/example_dags/example_setup_teardown_taskflow.py
[2025-03-27T14:56:38.685-0500] {processor.py:914} INFO - Processing file /home/udhbhav/miniconda3/lib/python3.11/site-packages/airflow/example_dags/example_setup_teardown_taskflow.py for tasks to queue
[2025-03-27T14:56:38.686-0500] {logging_mixin.py:190} INFO - [2025-03-27T14:56:38.686-0500] {dagbag.py:588} INFO - Filling up the DagBag from /home/udhbhav/miniconda3/lib/python3.11/site-packages/airflow/example_dags/example_setup_teardown_taskflow.py
[2025-03-27T14:56:38.692-0500] {processor.py:925} INFO - DAG(s) 'example_setup_teardown_taskflow' retrieved from /home/udhbhav/miniconda3/lib/python3.11/site-packages/airflow/example_dags/example_setup_teardown_taskflow.py
[2025-03-27T14:56:38.700-0500] {logging_mixin.py:190} INFO - [2025-03-27T14:56:38.700-0500] {dag.py:3239} INFO - Sync 1 DAGs
[2025-03-27T14:56:38.705-0500] {logging_mixin.py:190} INFO - [2025-03-27T14:56:38.705-0500] {dag.py:4180} INFO - Setting next_dagrun for example_setup_teardown_taskflow to None, run_after=None
[2025-03-27T14:56:38.814-0500] {processor.py:208} INFO - Processing /home/udhbhav/miniconda3/lib/python3.11/site-packages/airflow/example_dags/example_setup_teardown_taskflow.py took 0.132 seconds
[2025-03-27T14:57:56.795-0500] {processor.py:186} INFO - Started process (PID=1787409) to work on /home/udhbhav/miniconda3/lib/python3.11/site-packages/airflow/example_dags/example_setup_teardown_taskflow.py
[2025-03-27T14:57:56.795-0500] {processor.py:914} INFO - Processing file /home/udhbhav/miniconda3/lib/python3.11/site-packages/airflow/example_dags/example_setup_teardown_taskflow.py for tasks to queue
[2025-03-27T14:57:56.796-0500] {logging_mixin.py:190} INFO - [2025-03-27T14:57:56.796-0500] {dagbag.py:588} INFO - Filling up the DagBag from /home/udhbhav/miniconda3/lib/python3.11/site-packages/airflow/example_dags/example_setup_teardown_taskflow.py
[2025-03-27T14:57:56.802-0500] {processor.py:925} INFO - DAG(s) 'example_setup_teardown_taskflow' retrieved from /home/udhbhav/miniconda3/lib/python3.11/site-packages/airflow/example_dags/example_setup_teardown_taskflow.py
[2025-03-27T14:57:56.810-0500] {logging_mixin.py:190} INFO - [2025-03-27T14:57:56.810-0500] {dag.py:3239} INFO - Sync 1 DAGs
[2025-03-27T14:57:56.815-0500] {logging_mixin.py:190} INFO - [2025-03-27T14:57:56.815-0500] {dag.py:4180} INFO - Setting next_dagrun for example_setup_teardown_taskflow to None, run_after=None
[2025-03-27T14:57:56.963-0500] {processor.py:208} INFO - Processing /home/udhbhav/miniconda3/lib/python3.11/site-packages/airflow/example_dags/example_setup_teardown_taskflow.py took 0.171 seconds
[2025-03-27T14:59:18.349-0500] {processor.py:186} INFO - Started process (PID=1788208) to work on /home/udhbhav/miniconda3/lib/python3.11/site-packages/airflow/example_dags/example_setup_teardown_taskflow.py
[2025-03-27T14:59:18.350-0500] {processor.py:914} INFO - Processing file /home/udhbhav/miniconda3/lib/python3.11/site-packages/airflow/example_dags/example_setup_teardown_taskflow.py for tasks to queue
[2025-03-27T14:59:18.351-0500] {logging_mixin.py:190} INFO - [2025-03-27T14:59:18.350-0500] {dagbag.py:588} INFO - Filling up the DagBag from /home/udhbhav/miniconda3/lib/python3.11/site-packages/airflow/example_dags/example_setup_teardown_taskflow.py
[2025-03-27T14:59:18.357-0500] {processor.py:925} INFO - DAG(s) 'example_setup_teardown_taskflow' retrieved from /home/udhbhav/miniconda3/lib/python3.11/site-packages/airflow/example_dags/example_setup_teardown_taskflow.py
[2025-03-27T14:59:18.365-0500] {logging_mixin.py:190} INFO - [2025-03-27T14:59:18.365-0500] {dag.py:3239} INFO - Sync 1 DAGs
[2025-03-27T14:59:18.370-0500] {logging_mixin.py:190} INFO - [2025-03-27T14:59:18.370-0500] {dag.py:4180} INFO - Setting next_dagrun for example_setup_teardown_taskflow to None, run_after=None
[2025-03-27T14:59:18.732-0500] {processor.py:208} INFO - Processing /home/udhbhav/miniconda3/lib/python3.11/site-packages/airflow/example_dags/example_setup_teardown_taskflow.py took 0.385 seconds
[2025-03-27T15:00:44.343-0500] {processor.py:186} INFO - Started process (PID=1789282) to work on /home/udhbhav/miniconda3/lib/python3.11/site-packages/airflow/example_dags/example_setup_teardown_taskflow.py
[2025-03-27T15:00:44.343-0500] {processor.py:914} INFO - Processing file /home/udhbhav/miniconda3/lib/python3.11/site-packages/airflow/example_dags/example_setup_teardown_taskflow.py for tasks to queue
[2025-03-27T15:00:44.344-0500] {logging_mixin.py:190} INFO - [2025-03-27T15:00:44.344-0500] {dagbag.py:588} INFO - Filling up the DagBag from /home/udhbhav/miniconda3/lib/python3.11/site-packages/airflow/example_dags/example_setup_teardown_taskflow.py
[2025-03-27T15:00:44.351-0500] {processor.py:925} INFO - DAG(s) 'example_setup_teardown_taskflow' retrieved from /home/udhbhav/miniconda3/lib/python3.11/site-packages/airflow/example_dags/example_setup_teardown_taskflow.py
[2025-03-27T15:00:44.359-0500] {logging_mixin.py:190} INFO - [2025-03-27T15:00:44.359-0500] {dag.py:3239} INFO - Sync 1 DAGs
[2025-03-27T15:00:44.364-0500] {logging_mixin.py:190} INFO - [2025-03-27T15:00:44.364-0500] {dag.py:4180} INFO - Setting next_dagrun for example_setup_teardown_taskflow to None, run_after=None
[2025-03-27T15:00:44.471-0500] {processor.py:208} INFO - Processing /home/udhbhav/miniconda3/lib/python3.11/site-packages/airflow/example_dags/example_setup_teardown_taskflow.py took 0.131 seconds
[2025-03-27T15:01:46.492-0500] {processor.py:186} INFO - Started process (PID=1789982) to work on /home/udhbhav/miniconda3/lib/python3.11/site-packages/airflow/example_dags/example_setup_teardown_taskflow.py
[2025-03-27T15:01:46.492-0500] {processor.py:914} INFO - Processing file /home/udhbhav/miniconda3/lib/python3.11/site-packages/airflow/example_dags/example_setup_teardown_taskflow.py for tasks to queue
[2025-03-27T15:01:46.493-0500] {logging_mixin.py:190} INFO - [2025-03-27T15:01:46.493-0500] {dagbag.py:588} INFO - Filling up the DagBag from /home/udhbhav/miniconda3/lib/python3.11/site-packages/airflow/example_dags/example_setup_teardown_taskflow.py
[2025-03-27T15:01:46.500-0500] {processor.py:925} INFO - DAG(s) 'example_setup_teardown_taskflow' retrieved from /home/udhbhav/miniconda3/lib/python3.11/site-packages/airflow/example_dags/example_setup_teardown_taskflow.py
[2025-03-27T15:01:46.508-0500] {logging_mixin.py:190} INFO - [2025-03-27T15:01:46.508-0500] {dag.py:3239} INFO - Sync 1 DAGs
[2025-03-27T15:01:46.513-0500] {logging_mixin.py:190} INFO - [2025-03-27T15:01:46.513-0500] {dag.py:4180} INFO - Setting next_dagrun for example_setup_teardown_taskflow to None, run_after=None
[2025-03-27T15:01:46.618-0500] {processor.py:208} INFO - Processing /home/udhbhav/miniconda3/lib/python3.11/site-packages/airflow/example_dags/example_setup_teardown_taskflow.py took 0.129 seconds
[2025-03-27T15:02:56.723-0500] {processor.py:186} INFO - Started process (PID=1790731) to work on /home/udhbhav/miniconda3/lib/python3.11/site-packages/airflow/example_dags/example_setup_teardown_taskflow.py
[2025-03-27T15:02:56.724-0500] {processor.py:914} INFO - Processing file /home/udhbhav/miniconda3/lib/python3.11/site-packages/airflow/example_dags/example_setup_teardown_taskflow.py for tasks to queue
[2025-03-27T15:02:56.725-0500] {logging_mixin.py:190} INFO - [2025-03-27T15:02:56.724-0500] {dagbag.py:588} INFO - Filling up the DagBag from /home/udhbhav/miniconda3/lib/python3.11/site-packages/airflow/example_dags/example_setup_teardown_taskflow.py
[2025-03-27T15:02:56.730-0500] {processor.py:925} INFO - DAG(s) 'example_setup_teardown_taskflow' retrieved from /home/udhbhav/miniconda3/lib/python3.11/site-packages/airflow/example_dags/example_setup_teardown_taskflow.py
[2025-03-27T15:02:56.739-0500] {logging_mixin.py:190} INFO - [2025-03-27T15:02:56.739-0500] {dag.py:3239} INFO - Sync 1 DAGs
[2025-03-27T15:02:56.744-0500] {logging_mixin.py:190} INFO - [2025-03-27T15:02:56.744-0500] {dag.py:4180} INFO - Setting next_dagrun for example_setup_teardown_taskflow to None, run_after=None
[2025-03-27T15:02:57.623-0500] {processor.py:208} INFO - Processing /home/udhbhav/miniconda3/lib/python3.11/site-packages/airflow/example_dags/example_setup_teardown_taskflow.py took 0.903 seconds
[2025-03-27T15:04:12.085-0500] {processor.py:186} INFO - Started process (PID=1791353) to work on /home/udhbhav/miniconda3/lib/python3.11/site-packages/airflow/example_dags/example_setup_teardown_taskflow.py
[2025-03-27T15:04:12.085-0500] {processor.py:914} INFO - Processing file /home/udhbhav/miniconda3/lib/python3.11/site-packages/airflow/example_dags/example_setup_teardown_taskflow.py for tasks to queue
[2025-03-27T15:04:12.086-0500] {logging_mixin.py:190} INFO - [2025-03-27T15:04:12.086-0500] {dagbag.py:588} INFO - Filling up the DagBag from /home/udhbhav/miniconda3/lib/python3.11/site-packages/airflow/example_dags/example_setup_teardown_taskflow.py
[2025-03-27T15:04:12.093-0500] {processor.py:925} INFO - DAG(s) 'example_setup_teardown_taskflow' retrieved from /home/udhbhav/miniconda3/lib/python3.11/site-packages/airflow/example_dags/example_setup_teardown_taskflow.py
[2025-03-27T15:04:12.101-0500] {logging_mixin.py:190} INFO - [2025-03-27T15:04:12.101-0500] {dag.py:3239} INFO - Sync 1 DAGs
[2025-03-27T15:04:12.106-0500] {logging_mixin.py:190} INFO - [2025-03-27T15:04:12.106-0500] {dag.py:4180} INFO - Setting next_dagrun for example_setup_teardown_taskflow to None, run_after=None
[2025-03-27T15:04:12.261-0500] {processor.py:208} INFO - Processing /home/udhbhav/miniconda3/lib/python3.11/site-packages/airflow/example_dags/example_setup_teardown_taskflow.py took 0.180 seconds
[2025-03-27T15:05:29.474-0500] {processor.py:186} INFO - Started process (PID=1792128) to work on /home/udhbhav/miniconda3/lib/python3.11/site-packages/airflow/example_dags/example_setup_teardown_taskflow.py
[2025-03-27T15:05:29.475-0500] {processor.py:914} INFO - Processing file /home/udhbhav/miniconda3/lib/python3.11/site-packages/airflow/example_dags/example_setup_teardown_taskflow.py for tasks to queue
[2025-03-27T15:05:29.476-0500] {logging_mixin.py:190} INFO - [2025-03-27T15:05:29.475-0500] {dagbag.py:588} INFO - Filling up the DagBag from /home/udhbhav/miniconda3/lib/python3.11/site-packages/airflow/example_dags/example_setup_teardown_taskflow.py
[2025-03-27T15:05:29.481-0500] {processor.py:925} INFO - DAG(s) 'example_setup_teardown_taskflow' retrieved from /home/udhbhav/miniconda3/lib/python3.11/site-packages/airflow/example_dags/example_setup_teardown_taskflow.py
[2025-03-27T15:05:29.490-0500] {logging_mixin.py:190} INFO - [2025-03-27T15:05:29.490-0500] {dag.py:3239} INFO - Sync 1 DAGs
[2025-03-27T15:05:29.495-0500] {logging_mixin.py:190} INFO - [2025-03-27T15:05:29.495-0500] {dag.py:4180} INFO - Setting next_dagrun for example_setup_teardown_taskflow to None, run_after=None
[2025-03-27T15:05:29.658-0500] {processor.py:208} INFO - Processing /home/udhbhav/miniconda3/lib/python3.11/site-packages/airflow/example_dags/example_setup_teardown_taskflow.py took 0.187 seconds
[2025-03-27T15:07:03.272-0500] {processor.py:186} INFO - Started process (PID=1793053) to work on /home/udhbhav/miniconda3/lib/python3.11/site-packages/airflow/example_dags/example_setup_teardown_taskflow.py
[2025-03-27T15:07:03.273-0500] {processor.py:914} INFO - Processing file /home/udhbhav/miniconda3/lib/python3.11/site-packages/airflow/example_dags/example_setup_teardown_taskflow.py for tasks to queue
[2025-03-27T15:07:03.274-0500] {logging_mixin.py:190} INFO - [2025-03-27T15:07:03.273-0500] {dagbag.py:588} INFO - Filling up the DagBag from /home/udhbhav/miniconda3/lib/python3.11/site-packages/airflow/example_dags/example_setup_teardown_taskflow.py
[2025-03-27T15:07:03.279-0500] {processor.py:925} INFO - DAG(s) 'example_setup_teardown_taskflow' retrieved from /home/udhbhav/miniconda3/lib/python3.11/site-packages/airflow/example_dags/example_setup_teardown_taskflow.py
[2025-03-27T15:07:03.287-0500] {logging_mixin.py:190} INFO - [2025-03-27T15:07:03.287-0500] {dag.py:3239} INFO - Sync 1 DAGs
[2025-03-27T15:07:03.293-0500] {logging_mixin.py:190} INFO - [2025-03-27T15:07:03.293-0500] {dag.py:4180} INFO - Setting next_dagrun for example_setup_teardown_taskflow to None, run_after=None
[2025-03-27T15:07:03.476-0500] {processor.py:208} INFO - Processing /home/udhbhav/miniconda3/lib/python3.11/site-packages/airflow/example_dags/example_setup_teardown_taskflow.py took 0.207 seconds
[2025-03-27T15:08:10.240-0500] {processor.py:186} INFO - Started process (PID=1793763) to work on /home/udhbhav/miniconda3/lib/python3.11/site-packages/airflow/example_dags/example_setup_teardown_taskflow.py
[2025-03-27T15:08:10.240-0500] {processor.py:914} INFO - Processing file /home/udhbhav/miniconda3/lib/python3.11/site-packages/airflow/example_dags/example_setup_teardown_taskflow.py for tasks to queue
[2025-03-27T15:08:10.241-0500] {logging_mixin.py:190} INFO - [2025-03-27T15:08:10.241-0500] {dagbag.py:588} INFO - Filling up the DagBag from /home/udhbhav/miniconda3/lib/python3.11/site-packages/airflow/example_dags/example_setup_teardown_taskflow.py
[2025-03-27T15:08:10.247-0500] {processor.py:925} INFO - DAG(s) 'example_setup_teardown_taskflow' retrieved from /home/udhbhav/miniconda3/lib/python3.11/site-packages/airflow/example_dags/example_setup_teardown_taskflow.py
[2025-03-27T15:08:10.255-0500] {logging_mixin.py:190} INFO - [2025-03-27T15:08:10.255-0500] {dag.py:3239} INFO - Sync 1 DAGs
[2025-03-27T15:08:10.260-0500] {logging_mixin.py:190} INFO - [2025-03-27T15:08:10.260-0500] {dag.py:4180} INFO - Setting next_dagrun for example_setup_teardown_taskflow to None, run_after=None
[2025-03-27T15:08:10.367-0500] {processor.py:208} INFO - Processing /home/udhbhav/miniconda3/lib/python3.11/site-packages/airflow/example_dags/example_setup_teardown_taskflow.py took 0.130 seconds
[2025-03-27T15:09:12.869-0500] {processor.py:186} INFO - Started process (PID=1794369) to work on /home/udhbhav/miniconda3/lib/python3.11/site-packages/airflow/example_dags/example_setup_teardown_taskflow.py
[2025-03-27T15:09:12.869-0500] {processor.py:914} INFO - Processing file /home/udhbhav/miniconda3/lib/python3.11/site-packages/airflow/example_dags/example_setup_teardown_taskflow.py for tasks to queue
[2025-03-27T15:09:12.870-0500] {logging_mixin.py:190} INFO - [2025-03-27T15:09:12.870-0500] {dagbag.py:588} INFO - Filling up the DagBag from /home/udhbhav/miniconda3/lib/python3.11/site-packages/airflow/example_dags/example_setup_teardown_taskflow.py
[2025-03-27T15:09:12.876-0500] {processor.py:925} INFO - DAG(s) 'example_setup_teardown_taskflow' retrieved from /home/udhbhav/miniconda3/lib/python3.11/site-packages/airflow/example_dags/example_setup_teardown_taskflow.py
[2025-03-27T15:09:12.884-0500] {logging_mixin.py:190} INFO - [2025-03-27T15:09:12.884-0500] {dag.py:3239} INFO - Sync 1 DAGs
[2025-03-27T15:09:12.889-0500] {logging_mixin.py:190} INFO - [2025-03-27T15:09:12.889-0500] {dag.py:4180} INFO - Setting next_dagrun for example_setup_teardown_taskflow to None, run_after=None
[2025-03-27T15:09:12.997-0500] {processor.py:208} INFO - Processing /home/udhbhav/miniconda3/lib/python3.11/site-packages/airflow/example_dags/example_setup_teardown_taskflow.py took 0.131 seconds
[2025-03-27T15:10:29.997-0500] {processor.py:186} INFO - Started process (PID=1795091) to work on /home/udhbhav/miniconda3/lib/python3.11/site-packages/airflow/example_dags/example_setup_teardown_taskflow.py
[2025-03-27T15:10:29.997-0500] {processor.py:914} INFO - Processing file /home/udhbhav/miniconda3/lib/python3.11/site-packages/airflow/example_dags/example_setup_teardown_taskflow.py for tasks to queue
[2025-03-27T15:10:29.998-0500] {logging_mixin.py:190} INFO - [2025-03-27T15:10:29.998-0500] {dagbag.py:588} INFO - Filling up the DagBag from /home/udhbhav/miniconda3/lib/python3.11/site-packages/airflow/example_dags/example_setup_teardown_taskflow.py
[2025-03-27T15:10:30.004-0500] {processor.py:925} INFO - DAG(s) 'example_setup_teardown_taskflow' retrieved from /home/udhbhav/miniconda3/lib/python3.11/site-packages/airflow/example_dags/example_setup_teardown_taskflow.py
[2025-03-27T15:10:30.013-0500] {logging_mixin.py:190} INFO - [2025-03-27T15:10:30.012-0500] {dag.py:3239} INFO - Sync 1 DAGs
[2025-03-27T15:10:30.018-0500] {logging_mixin.py:190} INFO - [2025-03-27T15:10:30.018-0500] {dag.py:4180} INFO - Setting next_dagrun for example_setup_teardown_taskflow to None, run_after=None
[2025-03-27T15:10:30.124-0500] {processor.py:208} INFO - Processing /home/udhbhav/miniconda3/lib/python3.11/site-packages/airflow/example_dags/example_setup_teardown_taskflow.py took 0.131 seconds
[2025-03-27T15:11:35.846-0500] {processor.py:186} INFO - Started process (PID=1796823) to work on /home/udhbhav/miniconda3/lib/python3.11/site-packages/airflow/example_dags/example_setup_teardown_taskflow.py
[2025-03-27T15:11:35.846-0500] {processor.py:914} INFO - Processing file /home/udhbhav/miniconda3/lib/python3.11/site-packages/airflow/example_dags/example_setup_teardown_taskflow.py for tasks to queue
[2025-03-27T15:11:35.847-0500] {logging_mixin.py:190} INFO - [2025-03-27T15:11:35.847-0500] {dagbag.py:588} INFO - Filling up the DagBag from /home/udhbhav/miniconda3/lib/python3.11/site-packages/airflow/example_dags/example_setup_teardown_taskflow.py
[2025-03-27T15:11:35.853-0500] {processor.py:925} INFO - DAG(s) 'example_setup_teardown_taskflow' retrieved from /home/udhbhav/miniconda3/lib/python3.11/site-packages/airflow/example_dags/example_setup_teardown_taskflow.py
[2025-03-27T15:11:35.861-0500] {logging_mixin.py:190} INFO - [2025-03-27T15:11:35.861-0500] {dag.py:3239} INFO - Sync 1 DAGs
[2025-03-27T15:11:35.867-0500] {logging_mixin.py:190} INFO - [2025-03-27T15:11:35.866-0500] {dag.py:4180} INFO - Setting next_dagrun for example_setup_teardown_taskflow to None, run_after=None
[2025-03-27T15:11:35.971-0500] {processor.py:208} INFO - Processing /home/udhbhav/miniconda3/lib/python3.11/site-packages/airflow/example_dags/example_setup_teardown_taskflow.py took 0.128 seconds
[2025-03-27T15:12:46.747-0500] {processor.py:186} INFO - Started process (PID=1798145) to work on /home/udhbhav/miniconda3/lib/python3.11/site-packages/airflow/example_dags/example_setup_teardown_taskflow.py
[2025-03-27T15:12:46.747-0500] {processor.py:914} INFO - Processing file /home/udhbhav/miniconda3/lib/python3.11/site-packages/airflow/example_dags/example_setup_teardown_taskflow.py for tasks to queue
[2025-03-27T15:12:46.748-0500] {logging_mixin.py:190} INFO - [2025-03-27T15:12:46.748-0500] {dagbag.py:588} INFO - Filling up the DagBag from /home/udhbhav/miniconda3/lib/python3.11/site-packages/airflow/example_dags/example_setup_teardown_taskflow.py
[2025-03-27T15:12:46.754-0500] {processor.py:925} INFO - DAG(s) 'example_setup_teardown_taskflow' retrieved from /home/udhbhav/miniconda3/lib/python3.11/site-packages/airflow/example_dags/example_setup_teardown_taskflow.py
[2025-03-27T15:12:46.762-0500] {logging_mixin.py:190} INFO - [2025-03-27T15:12:46.762-0500] {dag.py:3239} INFO - Sync 1 DAGs
[2025-03-27T15:12:46.767-0500] {logging_mixin.py:190} INFO - [2025-03-27T15:12:46.767-0500] {dag.py:4180} INFO - Setting next_dagrun for example_setup_teardown_taskflow to None, run_after=None
[2025-03-27T15:12:47.747-0500] {processor.py:208} INFO - Processing /home/udhbhav/miniconda3/lib/python3.11/site-packages/airflow/example_dags/example_setup_teardown_taskflow.py took 1.003 seconds
[2025-03-27T15:14:05.878-0500] {processor.py:186} INFO - Started process (PID=1798870) to work on /home/udhbhav/miniconda3/lib/python3.11/site-packages/airflow/example_dags/example_setup_teardown_taskflow.py
[2025-03-27T15:14:05.879-0500] {processor.py:914} INFO - Processing file /home/udhbhav/miniconda3/lib/python3.11/site-packages/airflow/example_dags/example_setup_teardown_taskflow.py for tasks to queue
[2025-03-27T15:14:05.880-0500] {logging_mixin.py:190} INFO - [2025-03-27T15:14:05.879-0500] {dagbag.py:588} INFO - Filling up the DagBag from /home/udhbhav/miniconda3/lib/python3.11/site-packages/airflow/example_dags/example_setup_teardown_taskflow.py
[2025-03-27T15:14:05.885-0500] {processor.py:925} INFO - DAG(s) 'example_setup_teardown_taskflow' retrieved from /home/udhbhav/miniconda3/lib/python3.11/site-packages/airflow/example_dags/example_setup_teardown_taskflow.py
[2025-03-27T15:14:05.893-0500] {logging_mixin.py:190} INFO - [2025-03-27T15:14:05.893-0500] {dag.py:3239} INFO - Sync 1 DAGs
[2025-03-27T15:14:05.899-0500] {logging_mixin.py:190} INFO - [2025-03-27T15:14:05.898-0500] {dag.py:4180} INFO - Setting next_dagrun for example_setup_teardown_taskflow to None, run_after=None
[2025-03-27T15:14:06.044-0500] {processor.py:208} INFO - Processing /home/udhbhav/miniconda3/lib/python3.11/site-packages/airflow/example_dags/example_setup_teardown_taskflow.py took 0.169 seconds
[2025-03-27T15:15:21.712-0500] {processor.py:186} INFO - Started process (PID=1799599) to work on /home/udhbhav/miniconda3/lib/python3.11/site-packages/airflow/example_dags/example_setup_teardown_taskflow.py
[2025-03-27T15:15:21.712-0500] {processor.py:914} INFO - Processing file /home/udhbhav/miniconda3/lib/python3.11/site-packages/airflow/example_dags/example_setup_teardown_taskflow.py for tasks to queue
[2025-03-27T15:15:21.713-0500] {logging_mixin.py:190} INFO - [2025-03-27T15:15:21.713-0500] {dagbag.py:588} INFO - Filling up the DagBag from /home/udhbhav/miniconda3/lib/python3.11/site-packages/airflow/example_dags/example_setup_teardown_taskflow.py
[2025-03-27T15:15:21.719-0500] {processor.py:925} INFO - DAG(s) 'example_setup_teardown_taskflow' retrieved from /home/udhbhav/miniconda3/lib/python3.11/site-packages/airflow/example_dags/example_setup_teardown_taskflow.py
[2025-03-27T15:15:21.727-0500] {logging_mixin.py:190} INFO - [2025-03-27T15:15:21.727-0500] {dag.py:3239} INFO - Sync 1 DAGs
[2025-03-27T15:15:21.733-0500] {logging_mixin.py:190} INFO - [2025-03-27T15:15:21.732-0500] {dag.py:4180} INFO - Setting next_dagrun for example_setup_teardown_taskflow to None, run_after=None
[2025-03-27T15:15:21.917-0500] {processor.py:208} INFO - Processing /home/udhbhav/miniconda3/lib/python3.11/site-packages/airflow/example_dags/example_setup_teardown_taskflow.py took 0.208 seconds
[2025-03-27T15:16:46.014-0500] {processor.py:186} INFO - Started process (PID=1800505) to work on /home/udhbhav/miniconda3/lib/python3.11/site-packages/airflow/example_dags/example_setup_teardown_taskflow.py
[2025-03-27T15:16:46.014-0500] {processor.py:914} INFO - Processing file /home/udhbhav/miniconda3/lib/python3.11/site-packages/airflow/example_dags/example_setup_teardown_taskflow.py for tasks to queue
[2025-03-27T15:16:46.015-0500] {logging_mixin.py:190} INFO - [2025-03-27T15:16:46.015-0500] {dagbag.py:588} INFO - Filling up the DagBag from /home/udhbhav/miniconda3/lib/python3.11/site-packages/airflow/example_dags/example_setup_teardown_taskflow.py
[2025-03-27T15:16:46.021-0500] {processor.py:925} INFO - DAG(s) 'example_setup_teardown_taskflow' retrieved from /home/udhbhav/miniconda3/lib/python3.11/site-packages/airflow/example_dags/example_setup_teardown_taskflow.py
[2025-03-27T15:16:46.030-0500] {logging_mixin.py:190} INFO - [2025-03-27T15:16:46.029-0500] {dag.py:3239} INFO - Sync 1 DAGs
[2025-03-27T15:16:46.035-0500] {logging_mixin.py:190} INFO - [2025-03-27T15:16:46.035-0500] {dag.py:4180} INFO - Setting next_dagrun for example_setup_teardown_taskflow to None, run_after=None
[2025-03-27T15:16:46.152-0500] {processor.py:208} INFO - Processing /home/udhbhav/miniconda3/lib/python3.11/site-packages/airflow/example_dags/example_setup_teardown_taskflow.py took 0.141 seconds
[2025-03-27T15:17:54.834-0500] {processor.py:186} INFO - Started process (PID=1801183) to work on /home/udhbhav/miniconda3/lib/python3.11/site-packages/airflow/example_dags/example_setup_teardown_taskflow.py
[2025-03-27T15:17:54.835-0500] {processor.py:914} INFO - Processing file /home/udhbhav/miniconda3/lib/python3.11/site-packages/airflow/example_dags/example_setup_teardown_taskflow.py for tasks to queue
[2025-03-27T15:17:54.836-0500] {logging_mixin.py:190} INFO - [2025-03-27T15:17:54.835-0500] {dagbag.py:588} INFO - Filling up the DagBag from /home/udhbhav/miniconda3/lib/python3.11/site-packages/airflow/example_dags/example_setup_teardown_taskflow.py
[2025-03-27T15:17:54.841-0500] {processor.py:925} INFO - DAG(s) 'example_setup_teardown_taskflow' retrieved from /home/udhbhav/miniconda3/lib/python3.11/site-packages/airflow/example_dags/example_setup_teardown_taskflow.py
[2025-03-27T15:17:54.849-0500] {logging_mixin.py:190} INFO - [2025-03-27T15:17:54.849-0500] {dag.py:3239} INFO - Sync 1 DAGs
[2025-03-27T15:17:54.855-0500] {logging_mixin.py:190} INFO - [2025-03-27T15:17:54.855-0500] {dag.py:4180} INFO - Setting next_dagrun for example_setup_teardown_taskflow to None, run_after=None
[2025-03-27T15:17:54.963-0500] {processor.py:208} INFO - Processing /home/udhbhav/miniconda3/lib/python3.11/site-packages/airflow/example_dags/example_setup_teardown_taskflow.py took 0.132 seconds
[2025-03-27T15:19:00.300-0500] {processor.py:186} INFO - Started process (PID=1801783) to work on /home/udhbhav/miniconda3/lib/python3.11/site-packages/airflow/example_dags/example_setup_teardown_taskflow.py
[2025-03-27T15:19:00.300-0500] {processor.py:914} INFO - Processing file /home/udhbhav/miniconda3/lib/python3.11/site-packages/airflow/example_dags/example_setup_teardown_taskflow.py for tasks to queue
[2025-03-27T15:19:00.301-0500] {logging_mixin.py:190} INFO - [2025-03-27T15:19:00.301-0500] {dagbag.py:588} INFO - Filling up the DagBag from /home/udhbhav/miniconda3/lib/python3.11/site-packages/airflow/example_dags/example_setup_teardown_taskflow.py
[2025-03-27T15:19:00.307-0500] {processor.py:925} INFO - DAG(s) 'example_setup_teardown_taskflow' retrieved from /home/udhbhav/miniconda3/lib/python3.11/site-packages/airflow/example_dags/example_setup_teardown_taskflow.py
[2025-03-27T15:19:00.315-0500] {logging_mixin.py:190} INFO - [2025-03-27T15:19:00.315-0500] {dag.py:3239} INFO - Sync 1 DAGs
[2025-03-27T15:19:00.320-0500] {logging_mixin.py:190} INFO - [2025-03-27T15:19:00.320-0500] {dag.py:4180} INFO - Setting next_dagrun for example_setup_teardown_taskflow to None, run_after=None
[2025-03-27T15:19:00.427-0500] {processor.py:208} INFO - Processing /home/udhbhav/miniconda3/lib/python3.11/site-packages/airflow/example_dags/example_setup_teardown_taskflow.py took 0.130 seconds
[2025-03-27T15:20:12.921-0500] {processor.py:186} INFO - Started process (PID=1802469) to work on /home/udhbhav/miniconda3/lib/python3.11/site-packages/airflow/example_dags/example_setup_teardown_taskflow.py
[2025-03-27T15:20:12.922-0500] {processor.py:914} INFO - Processing file /home/udhbhav/miniconda3/lib/python3.11/site-packages/airflow/example_dags/example_setup_teardown_taskflow.py for tasks to queue
[2025-03-27T15:20:12.923-0500] {logging_mixin.py:190} INFO - [2025-03-27T15:20:12.923-0500] {dagbag.py:588} INFO - Filling up the DagBag from /home/udhbhav/miniconda3/lib/python3.11/site-packages/airflow/example_dags/example_setup_teardown_taskflow.py
[2025-03-27T15:20:12.929-0500] {processor.py:925} INFO - DAG(s) 'example_setup_teardown_taskflow' retrieved from /home/udhbhav/miniconda3/lib/python3.11/site-packages/airflow/example_dags/example_setup_teardown_taskflow.py
[2025-03-27T15:20:12.937-0500] {logging_mixin.py:190} INFO - [2025-03-27T15:20:12.937-0500] {dag.py:3239} INFO - Sync 1 DAGs
[2025-03-27T15:20:12.942-0500] {logging_mixin.py:190} INFO - [2025-03-27T15:20:12.942-0500] {dag.py:4180} INFO - Setting next_dagrun for example_setup_teardown_taskflow to None, run_after=None
[2025-03-27T15:20:13.049-0500] {processor.py:208} INFO - Processing /home/udhbhav/miniconda3/lib/python3.11/site-packages/airflow/example_dags/example_setup_teardown_taskflow.py took 0.131 seconds
[2025-03-27T15:21:18.965-0500] {processor.py:186} INFO - Started process (PID=1807947) to work on /home/udhbhav/miniconda3/lib/python3.11/site-packages/airflow/example_dags/example_setup_teardown_taskflow.py
[2025-03-27T15:21:18.965-0500] {processor.py:914} INFO - Processing file /home/udhbhav/miniconda3/lib/python3.11/site-packages/airflow/example_dags/example_setup_teardown_taskflow.py for tasks to queue
[2025-03-27T15:21:18.966-0500] {logging_mixin.py:190} INFO - [2025-03-27T15:21:18.966-0500] {dagbag.py:588} INFO - Filling up the DagBag from /home/udhbhav/miniconda3/lib/python3.11/site-packages/airflow/example_dags/example_setup_teardown_taskflow.py
[2025-03-27T15:21:18.972-0500] {processor.py:925} INFO - DAG(s) 'example_setup_teardown_taskflow' retrieved from /home/udhbhav/miniconda3/lib/python3.11/site-packages/airflow/example_dags/example_setup_teardown_taskflow.py
[2025-03-27T15:21:18.980-0500] {logging_mixin.py:190} INFO - [2025-03-27T15:21:18.980-0500] {dag.py:3239} INFO - Sync 1 DAGs
[2025-03-27T15:21:18.986-0500] {logging_mixin.py:190} INFO - [2025-03-27T15:21:18.986-0500] {dag.py:4180} INFO - Setting next_dagrun for example_setup_teardown_taskflow to None, run_after=None
[2025-03-27T15:21:19.093-0500] {processor.py:208} INFO - Processing /home/udhbhav/miniconda3/lib/python3.11/site-packages/airflow/example_dags/example_setup_teardown_taskflow.py took 0.131 seconds
[2025-03-27T15:22:33.217-0500] {processor.py:186} INFO - Started process (PID=1808718) to work on /home/udhbhav/miniconda3/lib/python3.11/site-packages/airflow/example_dags/example_setup_teardown_taskflow.py
[2025-03-27T15:22:33.217-0500] {processor.py:914} INFO - Processing file /home/udhbhav/miniconda3/lib/python3.11/site-packages/airflow/example_dags/example_setup_teardown_taskflow.py for tasks to queue
[2025-03-27T15:22:33.218-0500] {logging_mixin.py:190} INFO - [2025-03-27T15:22:33.218-0500] {dagbag.py:588} INFO - Filling up the DagBag from /home/udhbhav/miniconda3/lib/python3.11/site-packages/airflow/example_dags/example_setup_teardown_taskflow.py
[2025-03-27T15:22:33.224-0500] {processor.py:925} INFO - DAG(s) 'example_setup_teardown_taskflow' retrieved from /home/udhbhav/miniconda3/lib/python3.11/site-packages/airflow/example_dags/example_setup_teardown_taskflow.py
[2025-03-27T15:22:33.232-0500] {logging_mixin.py:190} INFO - [2025-03-27T15:22:33.232-0500] {dag.py:3239} INFO - Sync 1 DAGs
[2025-03-27T15:22:33.237-0500] {logging_mixin.py:190} INFO - [2025-03-27T15:22:33.237-0500] {dag.py:4180} INFO - Setting next_dagrun for example_setup_teardown_taskflow to None, run_after=None
[2025-03-27T15:22:33.346-0500] {processor.py:208} INFO - Processing /home/udhbhav/miniconda3/lib/python3.11/site-packages/airflow/example_dags/example_setup_teardown_taskflow.py took 0.131 seconds
[2025-03-27T15:23:47.955-0500] {processor.py:186} INFO - Started process (PID=1809542) to work on /home/udhbhav/miniconda3/lib/python3.11/site-packages/airflow/example_dags/example_setup_teardown_taskflow.py
[2025-03-27T15:23:47.955-0500] {processor.py:914} INFO - Processing file /home/udhbhav/miniconda3/lib/python3.11/site-packages/airflow/example_dags/example_setup_teardown_taskflow.py for tasks to queue
[2025-03-27T15:23:47.956-0500] {logging_mixin.py:190} INFO - [2025-03-27T15:23:47.956-0500] {dagbag.py:588} INFO - Filling up the DagBag from /home/udhbhav/miniconda3/lib/python3.11/site-packages/airflow/example_dags/example_setup_teardown_taskflow.py
[2025-03-27T15:23:47.962-0500] {processor.py:925} INFO - DAG(s) 'example_setup_teardown_taskflow' retrieved from /home/udhbhav/miniconda3/lib/python3.11/site-packages/airflow/example_dags/example_setup_teardown_taskflow.py
[2025-03-27T15:23:47.970-0500] {logging_mixin.py:190} INFO - [2025-03-27T15:23:47.970-0500] {dag.py:3239} INFO - Sync 1 DAGs
[2025-03-27T15:23:47.975-0500] {logging_mixin.py:190} INFO - [2025-03-27T15:23:47.975-0500] {dag.py:4180} INFO - Setting next_dagrun for example_setup_teardown_taskflow to None, run_after=None
[2025-03-27T15:23:48.084-0500] {processor.py:208} INFO - Processing /home/udhbhav/miniconda3/lib/python3.11/site-packages/airflow/example_dags/example_setup_teardown_taskflow.py took 0.132 seconds
[2025-03-27T15:24:57.253-0500] {processor.py:186} INFO - Started process (PID=1810292) to work on /home/udhbhav/miniconda3/lib/python3.11/site-packages/airflow/example_dags/example_setup_teardown_taskflow.py
[2025-03-27T15:24:57.254-0500] {processor.py:914} INFO - Processing file /home/udhbhav/miniconda3/lib/python3.11/site-packages/airflow/example_dags/example_setup_teardown_taskflow.py for tasks to queue
[2025-03-27T15:24:57.255-0500] {logging_mixin.py:190} INFO - [2025-03-27T15:24:57.255-0500] {dagbag.py:588} INFO - Filling up the DagBag from /home/udhbhav/miniconda3/lib/python3.11/site-packages/airflow/example_dags/example_setup_teardown_taskflow.py
[2025-03-27T15:24:57.261-0500] {processor.py:925} INFO - DAG(s) 'example_setup_teardown_taskflow' retrieved from /home/udhbhav/miniconda3/lib/python3.11/site-packages/airflow/example_dags/example_setup_teardown_taskflow.py
[2025-03-27T15:24:57.269-0500] {logging_mixin.py:190} INFO - [2025-03-27T15:24:57.269-0500] {dag.py:3239} INFO - Sync 1 DAGs
[2025-03-27T15:24:57.274-0500] {logging_mixin.py:190} INFO - [2025-03-27T15:24:57.274-0500] {dag.py:4180} INFO - Setting next_dagrun for example_setup_teardown_taskflow to None, run_after=None
[2025-03-27T15:24:57.489-0500] {processor.py:208} INFO - Processing /home/udhbhav/miniconda3/lib/python3.11/site-packages/airflow/example_dags/example_setup_teardown_taskflow.py took 0.238 seconds
[2025-03-27T15:26:35.311-0500] {processor.py:186} INFO - Started process (PID=1811195) to work on /home/udhbhav/miniconda3/lib/python3.11/site-packages/airflow/example_dags/example_setup_teardown_taskflow.py
[2025-03-27T15:26:35.311-0500] {processor.py:914} INFO - Processing file /home/udhbhav/miniconda3/lib/python3.11/site-packages/airflow/example_dags/example_setup_teardown_taskflow.py for tasks to queue
[2025-03-27T15:26:35.312-0500] {logging_mixin.py:190} INFO - [2025-03-27T15:26:35.312-0500] {dagbag.py:588} INFO - Filling up the DagBag from /home/udhbhav/miniconda3/lib/python3.11/site-packages/airflow/example_dags/example_setup_teardown_taskflow.py
[2025-03-27T15:26:35.318-0500] {processor.py:925} INFO - DAG(s) 'example_setup_teardown_taskflow' retrieved from /home/udhbhav/miniconda3/lib/python3.11/site-packages/airflow/example_dags/example_setup_teardown_taskflow.py
[2025-03-27T15:26:35.326-0500] {logging_mixin.py:190} INFO - [2025-03-27T15:26:35.326-0500] {dag.py:3239} INFO - Sync 1 DAGs
[2025-03-27T15:26:35.331-0500] {logging_mixin.py:190} INFO - [2025-03-27T15:26:35.331-0500] {dag.py:4180} INFO - Setting next_dagrun for example_setup_teardown_taskflow to None, run_after=None
[2025-03-27T15:26:35.521-0500] {processor.py:208} INFO - Processing /home/udhbhav/miniconda3/lib/python3.11/site-packages/airflow/example_dags/example_setup_teardown_taskflow.py took 0.213 seconds
[2025-03-27T15:27:49.078-0500] {processor.py:186} INFO - Started process (PID=1811981) to work on /home/udhbhav/miniconda3/lib/python3.11/site-packages/airflow/example_dags/example_setup_teardown_taskflow.py
[2025-03-27T15:27:49.079-0500] {processor.py:914} INFO - Processing file /home/udhbhav/miniconda3/lib/python3.11/site-packages/airflow/example_dags/example_setup_teardown_taskflow.py for tasks to queue
[2025-03-27T15:27:49.080-0500] {logging_mixin.py:190} INFO - [2025-03-27T15:27:49.080-0500] {dagbag.py:588} INFO - Filling up the DagBag from /home/udhbhav/miniconda3/lib/python3.11/site-packages/airflow/example_dags/example_setup_teardown_taskflow.py
[2025-03-27T15:27:49.086-0500] {processor.py:925} INFO - DAG(s) 'example_setup_teardown_taskflow' retrieved from /home/udhbhav/miniconda3/lib/python3.11/site-packages/airflow/example_dags/example_setup_teardown_taskflow.py
[2025-03-27T15:27:49.094-0500] {logging_mixin.py:190} INFO - [2025-03-27T15:27:49.094-0500] {dag.py:3239} INFO - Sync 1 DAGs
[2025-03-27T15:27:49.100-0500] {logging_mixin.py:190} INFO - [2025-03-27T15:27:49.099-0500] {dag.py:4180} INFO - Setting next_dagrun for example_setup_teardown_taskflow to None, run_after=None
[2025-03-27T15:27:49.204-0500] {processor.py:208} INFO - Processing /home/udhbhav/miniconda3/lib/python3.11/site-packages/airflow/example_dags/example_setup_teardown_taskflow.py took 0.128 seconds
[2025-03-27T15:29:29.472-0500] {processor.py:186} INFO - Started process (PID=1812826) to work on /home/udhbhav/miniconda3/lib/python3.11/site-packages/airflow/example_dags/example_setup_teardown_taskflow.py
[2025-03-27T15:29:29.472-0500] {processor.py:914} INFO - Processing file /home/udhbhav/miniconda3/lib/python3.11/site-packages/airflow/example_dags/example_setup_teardown_taskflow.py for tasks to queue
[2025-03-27T15:29:29.473-0500] {logging_mixin.py:190} INFO - [2025-03-27T15:29:29.473-0500] {dagbag.py:588} INFO - Filling up the DagBag from /home/udhbhav/miniconda3/lib/python3.11/site-packages/airflow/example_dags/example_setup_teardown_taskflow.py
[2025-03-27T15:29:29.479-0500] {processor.py:925} INFO - DAG(s) 'example_setup_teardown_taskflow' retrieved from /home/udhbhav/miniconda3/lib/python3.11/site-packages/airflow/example_dags/example_setup_teardown_taskflow.py
[2025-03-27T15:29:29.487-0500] {logging_mixin.py:190} INFO - [2025-03-27T15:29:29.487-0500] {dag.py:3239} INFO - Sync 1 DAGs
[2025-03-27T15:29:29.492-0500] {logging_mixin.py:190} INFO - [2025-03-27T15:29:29.492-0500] {dag.py:4180} INFO - Setting next_dagrun for example_setup_teardown_taskflow to None, run_after=None
[2025-03-27T15:29:29.650-0500] {processor.py:208} INFO - Processing /home/udhbhav/miniconda3/lib/python3.11/site-packages/airflow/example_dags/example_setup_teardown_taskflow.py took 0.181 seconds
[2025-03-27T15:31:23.029-0500] {processor.py:186} INFO - Started process (PID=1813856) to work on /home/udhbhav/miniconda3/lib/python3.11/site-packages/airflow/example_dags/example_setup_teardown_taskflow.py
[2025-03-27T15:31:23.029-0500] {processor.py:914} INFO - Processing file /home/udhbhav/miniconda3/lib/python3.11/site-packages/airflow/example_dags/example_setup_teardown_taskflow.py for tasks to queue
[2025-03-27T15:31:23.031-0500] {logging_mixin.py:190} INFO - [2025-03-27T15:31:23.030-0500] {dagbag.py:588} INFO - Filling up the DagBag from /home/udhbhav/miniconda3/lib/python3.11/site-packages/airflow/example_dags/example_setup_teardown_taskflow.py
[2025-03-27T15:31:23.036-0500] {processor.py:925} INFO - DAG(s) 'example_setup_teardown_taskflow' retrieved from /home/udhbhav/miniconda3/lib/python3.11/site-packages/airflow/example_dags/example_setup_teardown_taskflow.py
[2025-03-27T15:31:23.045-0500] {logging_mixin.py:190} INFO - [2025-03-27T15:31:23.045-0500] {dag.py:3239} INFO - Sync 1 DAGs
[2025-03-27T15:31:23.050-0500] {logging_mixin.py:190} INFO - [2025-03-27T15:31:23.050-0500] {dag.py:4180} INFO - Setting next_dagrun for example_setup_teardown_taskflow to None, run_after=None
[2025-03-27T15:31:23.412-0500] {processor.py:208} INFO - Processing /home/udhbhav/miniconda3/lib/python3.11/site-packages/airflow/example_dags/example_setup_teardown_taskflow.py took 0.386 seconds
[2025-03-27T15:32:48.369-0500] {processor.py:186} INFO - Started process (PID=1814785) to work on /home/udhbhav/miniconda3/lib/python3.11/site-packages/airflow/example_dags/example_setup_teardown_taskflow.py
[2025-03-27T15:32:48.370-0500] {processor.py:914} INFO - Processing file /home/udhbhav/miniconda3/lib/python3.11/site-packages/airflow/example_dags/example_setup_teardown_taskflow.py for tasks to queue
[2025-03-27T15:32:48.371-0500] {logging_mixin.py:190} INFO - [2025-03-27T15:32:48.370-0500] {dagbag.py:588} INFO - Filling up the DagBag from /home/udhbhav/miniconda3/lib/python3.11/site-packages/airflow/example_dags/example_setup_teardown_taskflow.py
[2025-03-27T15:32:48.376-0500] {processor.py:925} INFO - DAG(s) 'example_setup_teardown_taskflow' retrieved from /home/udhbhav/miniconda3/lib/python3.11/site-packages/airflow/example_dags/example_setup_teardown_taskflow.py
[2025-03-27T15:32:48.384-0500] {logging_mixin.py:190} INFO - [2025-03-27T15:32:48.384-0500] {dag.py:3239} INFO - Sync 1 DAGs
[2025-03-27T15:32:48.390-0500] {logging_mixin.py:190} INFO - [2025-03-27T15:32:48.389-0500] {dag.py:4180} INFO - Setting next_dagrun for example_setup_teardown_taskflow to None, run_after=None
[2025-03-27T15:32:48.496-0500] {processor.py:208} INFO - Processing /home/udhbhav/miniconda3/lib/python3.11/site-packages/airflow/example_dags/example_setup_teardown_taskflow.py took 0.130 seconds
[2025-03-27T15:33:58.222-0500] {processor.py:186} INFO - Started process (PID=1815441) to work on /home/udhbhav/miniconda3/lib/python3.11/site-packages/airflow/example_dags/example_setup_teardown_taskflow.py
[2025-03-27T15:33:58.223-0500] {processor.py:914} INFO - Processing file /home/udhbhav/miniconda3/lib/python3.11/site-packages/airflow/example_dags/example_setup_teardown_taskflow.py for tasks to queue
[2025-03-27T15:33:58.224-0500] {logging_mixin.py:190} INFO - [2025-03-27T15:33:58.224-0500] {dagbag.py:588} INFO - Filling up the DagBag from /home/udhbhav/miniconda3/lib/python3.11/site-packages/airflow/example_dags/example_setup_teardown_taskflow.py
[2025-03-27T15:33:58.230-0500] {processor.py:925} INFO - DAG(s) 'example_setup_teardown_taskflow' retrieved from /home/udhbhav/miniconda3/lib/python3.11/site-packages/airflow/example_dags/example_setup_teardown_taskflow.py
[2025-03-27T15:33:58.238-0500] {logging_mixin.py:190} INFO - [2025-03-27T15:33:58.238-0500] {dag.py:3239} INFO - Sync 1 DAGs
[2025-03-27T15:33:58.243-0500] {logging_mixin.py:190} INFO - [2025-03-27T15:33:58.243-0500] {dag.py:4180} INFO - Setting next_dagrun for example_setup_teardown_taskflow to None, run_after=None
[2025-03-27T15:33:58.351-0500] {processor.py:208} INFO - Processing /home/udhbhav/miniconda3/lib/python3.11/site-packages/airflow/example_dags/example_setup_teardown_taskflow.py took 0.131 seconds
[2025-03-27T15:35:01.008-0500] {processor.py:186} INFO - Started process (PID=1816066) to work on /home/udhbhav/miniconda3/lib/python3.11/site-packages/airflow/example_dags/example_setup_teardown_taskflow.py
[2025-03-27T15:35:01.008-0500] {processor.py:914} INFO - Processing file /home/udhbhav/miniconda3/lib/python3.11/site-packages/airflow/example_dags/example_setup_teardown_taskflow.py for tasks to queue
[2025-03-27T15:35:01.009-0500] {logging_mixin.py:190} INFO - [2025-03-27T15:35:01.009-0500] {dagbag.py:588} INFO - Filling up the DagBag from /home/udhbhav/miniconda3/lib/python3.11/site-packages/airflow/example_dags/example_setup_teardown_taskflow.py
[2025-03-27T15:35:01.015-0500] {processor.py:925} INFO - DAG(s) 'example_setup_teardown_taskflow' retrieved from /home/udhbhav/miniconda3/lib/python3.11/site-packages/airflow/example_dags/example_setup_teardown_taskflow.py
[2025-03-27T15:35:01.023-0500] {logging_mixin.py:190} INFO - [2025-03-27T15:35:01.023-0500] {dag.py:3239} INFO - Sync 1 DAGs
[2025-03-27T15:35:01.028-0500] {logging_mixin.py:190} INFO - [2025-03-27T15:35:01.028-0500] {dag.py:4180} INFO - Setting next_dagrun for example_setup_teardown_taskflow to None, run_after=None
[2025-03-27T15:35:01.136-0500] {processor.py:208} INFO - Processing /home/udhbhav/miniconda3/lib/python3.11/site-packages/airflow/example_dags/example_setup_teardown_taskflow.py took 0.131 seconds
[2025-03-27T15:36:24.659-0500] {processor.py:186} INFO - Started process (PID=1816830) to work on /home/udhbhav/miniconda3/lib/python3.11/site-packages/airflow/example_dags/example_setup_teardown_taskflow.py
[2025-03-27T15:36:24.659-0500] {processor.py:914} INFO - Processing file /home/udhbhav/miniconda3/lib/python3.11/site-packages/airflow/example_dags/example_setup_teardown_taskflow.py for tasks to queue
[2025-03-27T15:36:24.660-0500] {logging_mixin.py:190} INFO - [2025-03-27T15:36:24.660-0500] {dagbag.py:588} INFO - Filling up the DagBag from /home/udhbhav/miniconda3/lib/python3.11/site-packages/airflow/example_dags/example_setup_teardown_taskflow.py
[2025-03-27T15:36:24.666-0500] {processor.py:925} INFO - DAG(s) 'example_setup_teardown_taskflow' retrieved from /home/udhbhav/miniconda3/lib/python3.11/site-packages/airflow/example_dags/example_setup_teardown_taskflow.py
[2025-03-27T15:36:24.674-0500] {logging_mixin.py:190} INFO - [2025-03-27T15:36:24.674-0500] {dag.py:3239} INFO - Sync 1 DAGs
[2025-03-27T15:36:24.679-0500] {logging_mixin.py:190} INFO - [2025-03-27T15:36:24.679-0500] {dag.py:4180} INFO - Setting next_dagrun for example_setup_teardown_taskflow to None, run_after=None
[2025-03-27T15:36:25.020-0500] {processor.py:208} INFO - Processing /home/udhbhav/miniconda3/lib/python3.11/site-packages/airflow/example_dags/example_setup_teardown_taskflow.py took 0.364 seconds
