[2025-03-27T14:26:18.428-0500] {processor.py:186} INFO - Started process (PID=1763119) to work on /home/udhbhav/miniconda3/lib/python3.11/site-packages/airflow/example_dags/example_params_ui_tutorial.py
[2025-03-27T14:26:18.429-0500] {processor.py:914} INFO - Processing file /home/udhbhav/miniconda3/lib/python3.11/site-packages/airflow/example_dags/example_params_ui_tutorial.py for tasks to queue
[2025-03-27T14:26:18.430-0500] {logging_mixin.py:190} INFO - [2025-03-27T14:26:18.429-0500] {dagbag.py:588} INFO - Filling up the DagBag from /home/udhbhav/miniconda3/lib/python3.11/site-packages/airflow/example_dags/example_params_ui_tutorial.py
[2025-03-27T14:26:18.435-0500] {processor.py:925} INFO - DAG(s) 'example_params_ui_tutorial' retrieved from /home/udhbhav/miniconda3/lib/python3.11/site-packages/airflow/example_dags/example_params_ui_tutorial.py
[2025-03-27T14:26:19.145-0500] {logging_mixin.py:190} INFO - [2025-03-27T14:26:19.144-0500] {override.py:1912} INFO - Created Permission View: can read on DAG:example_params_ui_tutorial
[2025-03-27T14:26:19.354-0500] {logging_mixin.py:190} INFO - [2025-03-27T14:26:19.354-0500] {override.py:1912} INFO - Created Permission View: can edit on DAG:example_params_ui_tutorial
[2025-03-27T14:26:19.505-0500] {logging_mixin.py:190} INFO - [2025-03-27T14:26:19.504-0500] {override.py:1912} INFO - Created Permission View: can delete on DAG:example_params_ui_tutorial
[2025-03-27T14:26:19.858-0500] {logging_mixin.py:190} INFO - [2025-03-27T14:26:19.858-0500] {override.py:1912} INFO - Created Permission View: can read on DAG Run:example_params_ui_tutorial
[2025-03-27T14:26:20.052-0500] {logging_mixin.py:190} INFO - [2025-03-27T14:26:20.052-0500] {override.py:1912} INFO - Created Permission View: menu access on DAG Run:example_params_ui_tutorial
[2025-03-27T14:26:20.239-0500] {logging_mixin.py:190} INFO - [2025-03-27T14:26:20.238-0500] {override.py:1912} INFO - Created Permission View: can create on DAG Run:example_params_ui_tutorial
[2025-03-27T14:26:20.410-0500] {logging_mixin.py:190} INFO - [2025-03-27T14:26:20.410-0500] {override.py:1912} INFO - Created Permission View: can delete on DAG Run:example_params_ui_tutorial
[2025-03-27T14:26:20.411-0500] {logging_mixin.py:190} INFO - [2025-03-27T14:26:20.411-0500] {dag.py:3239} INFO - Sync 1 DAGs
[2025-03-27T14:26:20.416-0500] {logging_mixin.py:190} INFO - [2025-03-27T14:26:20.416-0500] {dag.py:3262} INFO - Creating ORM DAG for example_params_ui_tutorial
[2025-03-27T14:26:20.416-0500] {logging_mixin.py:190} INFO - [2025-03-27T14:26:20.416-0500] {dag.py:4180} INFO - Setting next_dagrun for example_params_ui_tutorial to None, run_after=None
[2025-03-27T14:26:20.604-0500] {processor.py:208} INFO - Processing /home/udhbhav/miniconda3/lib/python3.11/site-packages/airflow/example_dags/example_params_ui_tutorial.py took 2.179 seconds
[2025-03-27T14:28:30.894-0500] {processor.py:186} INFO - Started process (PID=1764326) to work on /home/udhbhav/miniconda3/lib/python3.11/site-packages/airflow/example_dags/example_params_ui_tutorial.py
[2025-03-27T14:28:30.895-0500] {processor.py:914} INFO - Processing file /home/udhbhav/miniconda3/lib/python3.11/site-packages/airflow/example_dags/example_params_ui_tutorial.py for tasks to queue
[2025-03-27T14:28:30.896-0500] {logging_mixin.py:190} INFO - [2025-03-27T14:28:30.896-0500] {dagbag.py:588} INFO - Filling up the DagBag from /home/udhbhav/miniconda3/lib/python3.11/site-packages/airflow/example_dags/example_params_ui_tutorial.py
[2025-03-27T14:28:30.914-0500] {processor.py:925} INFO - DAG(s) 'example_params_ui_tutorial' retrieved from /home/udhbhav/miniconda3/lib/python3.11/site-packages/airflow/example_dags/example_params_ui_tutorial.py
[2025-03-27T14:28:30.939-0500] {logging_mixin.py:190} INFO - [2025-03-27T14:28:30.939-0500] {dag.py:3239} INFO - Sync 1 DAGs
[2025-03-27T14:28:30.945-0500] {logging_mixin.py:190} INFO - [2025-03-27T14:28:30.945-0500] {dag.py:4180} INFO - Setting next_dagrun for example_params_ui_tutorial to None, run_after=None
[2025-03-27T14:28:31.627-0500] {processor.py:208} INFO - Processing /home/udhbhav/miniconda3/lib/python3.11/site-packages/airflow/example_dags/example_params_ui_tutorial.py took 0.739 seconds
[2025-03-27T14:35:43.322-0500] {processor.py:186} INFO - Started process (PID=1768580) to work on /home/udhbhav/miniconda3/lib/python3.11/site-packages/airflow/example_dags/example_params_ui_tutorial.py
[2025-03-27T14:35:43.323-0500] {processor.py:914} INFO - Processing file /home/udhbhav/miniconda3/lib/python3.11/site-packages/airflow/example_dags/example_params_ui_tutorial.py for tasks to queue
[2025-03-27T14:35:43.324-0500] {logging_mixin.py:190} INFO - [2025-03-27T14:35:43.324-0500] {dagbag.py:588} INFO - Filling up the DagBag from /home/udhbhav/miniconda3/lib/python3.11/site-packages/airflow/example_dags/example_params_ui_tutorial.py
[2025-03-27T14:35:43.328-0500] {processor.py:925} INFO - DAG(s) 'example_params_ui_tutorial' retrieved from /home/udhbhav/miniconda3/lib/python3.11/site-packages/airflow/example_dags/example_params_ui_tutorial.py
[2025-03-27T14:35:43.350-0500] {logging_mixin.py:190} INFO - [2025-03-27T14:35:43.350-0500] {dag.py:3239} INFO - Sync 1 DAGs
[2025-03-27T14:35:43.356-0500] {logging_mixin.py:190} INFO - [2025-03-27T14:35:43.356-0500] {dag.py:4180} INFO - Setting next_dagrun for example_params_ui_tutorial to None, run_after=None
[2025-03-27T14:35:43.464-0500] {processor.py:208} INFO - Processing /home/udhbhav/miniconda3/lib/python3.11/site-packages/airflow/example_dags/example_params_ui_tutorial.py took 0.145 seconds
[2025-03-27T14:37:29.565-0500] {processor.py:186} INFO - Started process (PID=1769592) to work on /home/udhbhav/miniconda3/lib/python3.11/site-packages/airflow/example_dags/example_params_ui_tutorial.py
[2025-03-27T14:37:29.566-0500] {processor.py:914} INFO - Processing file /home/udhbhav/miniconda3/lib/python3.11/site-packages/airflow/example_dags/example_params_ui_tutorial.py for tasks to queue
[2025-03-27T14:37:29.567-0500] {logging_mixin.py:190} INFO - [2025-03-27T14:37:29.566-0500] {dagbag.py:588} INFO - Filling up the DagBag from /home/udhbhav/miniconda3/lib/python3.11/site-packages/airflow/example_dags/example_params_ui_tutorial.py
[2025-03-27T14:37:29.571-0500] {processor.py:925} INFO - DAG(s) 'example_params_ui_tutorial' retrieved from /home/udhbhav/miniconda3/lib/python3.11/site-packages/airflow/example_dags/example_params_ui_tutorial.py
[2025-03-27T14:37:29.592-0500] {logging_mixin.py:190} INFO - [2025-03-27T14:37:29.591-0500] {dag.py:3239} INFO - Sync 1 DAGs
[2025-03-27T14:37:29.652-0500] {logging_mixin.py:190} INFO - [2025-03-27T14:37:29.652-0500] {dag.py:4180} INFO - Setting next_dagrun for example_params_ui_tutorial to None, run_after=None
[2025-03-27T14:37:29.761-0500] {processor.py:208} INFO - Processing /home/udhbhav/miniconda3/lib/python3.11/site-packages/airflow/example_dags/example_params_ui_tutorial.py took 0.199 seconds
[2025-03-27T14:38:37.638-0500] {processor.py:186} INFO - Started process (PID=1770597) to work on /home/udhbhav/miniconda3/lib/python3.11/site-packages/airflow/example_dags/example_params_ui_tutorial.py
[2025-03-27T14:38:37.639-0500] {processor.py:914} INFO - Processing file /home/udhbhav/miniconda3/lib/python3.11/site-packages/airflow/example_dags/example_params_ui_tutorial.py for tasks to queue
[2025-03-27T14:38:37.640-0500] {logging_mixin.py:190} INFO - [2025-03-27T14:38:37.639-0500] {dagbag.py:588} INFO - Filling up the DagBag from /home/udhbhav/miniconda3/lib/python3.11/site-packages/airflow/example_dags/example_params_ui_tutorial.py
[2025-03-27T14:38:37.644-0500] {processor.py:925} INFO - DAG(s) 'example_params_ui_tutorial' retrieved from /home/udhbhav/miniconda3/lib/python3.11/site-packages/airflow/example_dags/example_params_ui_tutorial.py
[2025-03-27T14:38:37.663-0500] {logging_mixin.py:190} INFO - [2025-03-27T14:38:37.663-0500] {dag.py:3239} INFO - Sync 1 DAGs
[2025-03-27T14:38:37.668-0500] {logging_mixin.py:190} INFO - [2025-03-27T14:38:37.668-0500] {dag.py:4180} INFO - Setting next_dagrun for example_params_ui_tutorial to None, run_after=None
[2025-03-27T14:38:37.775-0500] {processor.py:208} INFO - Processing /home/udhbhav/miniconda3/lib/python3.11/site-packages/airflow/example_dags/example_params_ui_tutorial.py took 0.140 seconds
[2025-03-27T14:39:53.217-0500] {processor.py:186} INFO - Started process (PID=1771425) to work on /home/udhbhav/miniconda3/lib/python3.11/site-packages/airflow/example_dags/example_params_ui_tutorial.py
[2025-03-27T14:39:53.217-0500] {processor.py:914} INFO - Processing file /home/udhbhav/miniconda3/lib/python3.11/site-packages/airflow/example_dags/example_params_ui_tutorial.py for tasks to queue
[2025-03-27T14:39:53.218-0500] {logging_mixin.py:190} INFO - [2025-03-27T14:39:53.218-0500] {dagbag.py:588} INFO - Filling up the DagBag from /home/udhbhav/miniconda3/lib/python3.11/site-packages/airflow/example_dags/example_params_ui_tutorial.py
[2025-03-27T14:39:53.223-0500] {processor.py:925} INFO - DAG(s) 'example_params_ui_tutorial' retrieved from /home/udhbhav/miniconda3/lib/python3.11/site-packages/airflow/example_dags/example_params_ui_tutorial.py
[2025-03-27T14:39:53.242-0500] {logging_mixin.py:190} INFO - [2025-03-27T14:39:53.241-0500] {dag.py:3239} INFO - Sync 1 DAGs
[2025-03-27T14:39:53.247-0500] {logging_mixin.py:190} INFO - [2025-03-27T14:39:53.247-0500] {dag.py:4180} INFO - Setting next_dagrun for example_params_ui_tutorial to None, run_after=None
[2025-03-27T14:39:54.190-0500] {processor.py:208} INFO - Processing /home/udhbhav/miniconda3/lib/python3.11/site-packages/airflow/example_dags/example_params_ui_tutorial.py took 0.976 seconds
[2025-03-27T14:41:18.766-0500] {processor.py:186} INFO - Started process (PID=1772341) to work on /home/udhbhav/miniconda3/lib/python3.11/site-packages/airflow/example_dags/example_params_ui_tutorial.py
[2025-03-27T14:41:18.767-0500] {processor.py:914} INFO - Processing file /home/udhbhav/miniconda3/lib/python3.11/site-packages/airflow/example_dags/example_params_ui_tutorial.py for tasks to queue
[2025-03-27T14:41:18.768-0500] {logging_mixin.py:190} INFO - [2025-03-27T14:41:18.768-0500] {dagbag.py:588} INFO - Filling up the DagBag from /home/udhbhav/miniconda3/lib/python3.11/site-packages/airflow/example_dags/example_params_ui_tutorial.py
[2025-03-27T14:41:18.773-0500] {processor.py:925} INFO - DAG(s) 'example_params_ui_tutorial' retrieved from /home/udhbhav/miniconda3/lib/python3.11/site-packages/airflow/example_dags/example_params_ui_tutorial.py
[2025-03-27T14:41:18.792-0500] {logging_mixin.py:190} INFO - [2025-03-27T14:41:18.791-0500] {dag.py:3239} INFO - Sync 1 DAGs
[2025-03-27T14:41:18.797-0500] {logging_mixin.py:190} INFO - [2025-03-27T14:41:18.797-0500] {dag.py:4180} INFO - Setting next_dagrun for example_params_ui_tutorial to None, run_after=None
[2025-03-27T14:41:18.895-0500] {processor.py:208} INFO - Processing /home/udhbhav/miniconda3/lib/python3.11/site-packages/airflow/example_dags/example_params_ui_tutorial.py took 0.132 seconds
[2025-03-27T14:42:37.691-0500] {processor.py:186} INFO - Started process (PID=1773303) to work on /home/udhbhav/miniconda3/lib/python3.11/site-packages/airflow/example_dags/example_params_ui_tutorial.py
[2025-03-27T14:42:37.691-0500] {processor.py:914} INFO - Processing file /home/udhbhav/miniconda3/lib/python3.11/site-packages/airflow/example_dags/example_params_ui_tutorial.py for tasks to queue
[2025-03-27T14:42:37.692-0500] {logging_mixin.py:190} INFO - [2025-03-27T14:42:37.692-0500] {dagbag.py:588} INFO - Filling up the DagBag from /home/udhbhav/miniconda3/lib/python3.11/site-packages/airflow/example_dags/example_params_ui_tutorial.py
[2025-03-27T14:42:37.697-0500] {processor.py:925} INFO - DAG(s) 'example_params_ui_tutorial' retrieved from /home/udhbhav/miniconda3/lib/python3.11/site-packages/airflow/example_dags/example_params_ui_tutorial.py
[2025-03-27T14:42:37.716-0500] {logging_mixin.py:190} INFO - [2025-03-27T14:42:37.716-0500] {dag.py:3239} INFO - Sync 1 DAGs
[2025-03-27T14:42:37.721-0500] {logging_mixin.py:190} INFO - [2025-03-27T14:42:37.721-0500] {dag.py:4180} INFO - Setting next_dagrun for example_params_ui_tutorial to None, run_after=None
[2025-03-27T14:42:37.828-0500] {processor.py:208} INFO - Processing /home/udhbhav/miniconda3/lib/python3.11/site-packages/airflow/example_dags/example_params_ui_tutorial.py took 0.141 seconds
[2025-03-27T14:44:04.463-0500] {processor.py:186} INFO - Started process (PID=1774298) to work on /home/udhbhav/miniconda3/lib/python3.11/site-packages/airflow/example_dags/example_params_ui_tutorial.py
[2025-03-27T14:44:04.463-0500] {processor.py:914} INFO - Processing file /home/udhbhav/miniconda3/lib/python3.11/site-packages/airflow/example_dags/example_params_ui_tutorial.py for tasks to queue
[2025-03-27T14:44:04.464-0500] {logging_mixin.py:190} INFO - [2025-03-27T14:44:04.464-0500] {dagbag.py:588} INFO - Filling up the DagBag from /home/udhbhav/miniconda3/lib/python3.11/site-packages/airflow/example_dags/example_params_ui_tutorial.py
[2025-03-27T14:44:04.469-0500] {processor.py:925} INFO - DAG(s) 'example_params_ui_tutorial' retrieved from /home/udhbhav/miniconda3/lib/python3.11/site-packages/airflow/example_dags/example_params_ui_tutorial.py
[2025-03-27T14:44:04.488-0500] {logging_mixin.py:190} INFO - [2025-03-27T14:44:04.487-0500] {dag.py:3239} INFO - Sync 1 DAGs
[2025-03-27T14:44:04.493-0500] {logging_mixin.py:190} INFO - [2025-03-27T14:44:04.493-0500] {dag.py:4180} INFO - Setting next_dagrun for example_params_ui_tutorial to None, run_after=None
[2025-03-27T14:44:04.600-0500] {processor.py:208} INFO - Processing /home/udhbhav/miniconda3/lib/python3.11/site-packages/airflow/example_dags/example_params_ui_tutorial.py took 0.140 seconds
[2025-03-27T14:45:09.323-0500] {processor.py:186} INFO - Started process (PID=1774948) to work on /home/udhbhav/miniconda3/lib/python3.11/site-packages/airflow/example_dags/example_params_ui_tutorial.py
[2025-03-27T14:45:09.323-0500] {processor.py:914} INFO - Processing file /home/udhbhav/miniconda3/lib/python3.11/site-packages/airflow/example_dags/example_params_ui_tutorial.py for tasks to queue
[2025-03-27T14:45:09.324-0500] {logging_mixin.py:190} INFO - [2025-03-27T14:45:09.324-0500] {dagbag.py:588} INFO - Filling up the DagBag from /home/udhbhav/miniconda3/lib/python3.11/site-packages/airflow/example_dags/example_params_ui_tutorial.py
[2025-03-27T14:45:09.329-0500] {processor.py:925} INFO - DAG(s) 'example_params_ui_tutorial' retrieved from /home/udhbhav/miniconda3/lib/python3.11/site-packages/airflow/example_dags/example_params_ui_tutorial.py
[2025-03-27T14:45:09.347-0500] {logging_mixin.py:190} INFO - [2025-03-27T14:45:09.347-0500] {dag.py:3239} INFO - Sync 1 DAGs
[2025-03-27T14:45:09.353-0500] {logging_mixin.py:190} INFO - [2025-03-27T14:45:09.353-0500] {dag.py:4180} INFO - Setting next_dagrun for example_params_ui_tutorial to None, run_after=None
[2025-03-27T14:45:09.460-0500] {processor.py:208} INFO - Processing /home/udhbhav/miniconda3/lib/python3.11/site-packages/airflow/example_dags/example_params_ui_tutorial.py took 0.141 seconds
[2025-03-27T14:46:46.899-0500] {processor.py:186} INFO - Started process (PID=1775934) to work on /home/udhbhav/miniconda3/lib/python3.11/site-packages/airflow/example_dags/example_params_ui_tutorial.py
[2025-03-27T14:46:46.899-0500] {processor.py:914} INFO - Processing file /home/udhbhav/miniconda3/lib/python3.11/site-packages/airflow/example_dags/example_params_ui_tutorial.py for tasks to queue
[2025-03-27T14:46:46.900-0500] {logging_mixin.py:190} INFO - [2025-03-27T14:46:46.900-0500] {dagbag.py:588} INFO - Filling up the DagBag from /home/udhbhav/miniconda3/lib/python3.11/site-packages/airflow/example_dags/example_params_ui_tutorial.py
[2025-03-27T14:46:46.905-0500] {processor.py:925} INFO - DAG(s) 'example_params_ui_tutorial' retrieved from /home/udhbhav/miniconda3/lib/python3.11/site-packages/airflow/example_dags/example_params_ui_tutorial.py
[2025-03-27T14:46:46.923-0500] {logging_mixin.py:190} INFO - [2025-03-27T14:46:46.923-0500] {dag.py:3239} INFO - Sync 1 DAGs
[2025-03-27T14:46:46.928-0500] {logging_mixin.py:190} INFO - [2025-03-27T14:46:46.928-0500] {dag.py:4180} INFO - Setting next_dagrun for example_params_ui_tutorial to None, run_after=None
[2025-03-27T14:46:47.099-0500] {processor.py:208} INFO - Processing /home/udhbhav/miniconda3/lib/python3.11/site-packages/airflow/example_dags/example_params_ui_tutorial.py took 0.204 seconds
[2025-03-27T14:48:00.954-0500] {processor.py:186} INFO - Started process (PID=1776618) to work on /home/udhbhav/miniconda3/lib/python3.11/site-packages/airflow/example_dags/example_params_ui_tutorial.py
[2025-03-27T14:48:00.955-0500] {processor.py:914} INFO - Processing file /home/udhbhav/miniconda3/lib/python3.11/site-packages/airflow/example_dags/example_params_ui_tutorial.py for tasks to queue
[2025-03-27T14:48:00.956-0500] {logging_mixin.py:190} INFO - [2025-03-27T14:48:00.956-0500] {dagbag.py:588} INFO - Filling up the DagBag from /home/udhbhav/miniconda3/lib/python3.11/site-packages/airflow/example_dags/example_params_ui_tutorial.py
[2025-03-27T14:48:00.960-0500] {processor.py:925} INFO - DAG(s) 'example_params_ui_tutorial' retrieved from /home/udhbhav/miniconda3/lib/python3.11/site-packages/airflow/example_dags/example_params_ui_tutorial.py
[2025-03-27T14:48:00.979-0500] {logging_mixin.py:190} INFO - [2025-03-27T14:48:00.979-0500] {dag.py:3239} INFO - Sync 1 DAGs
[2025-03-27T14:48:00.984-0500] {logging_mixin.py:190} INFO - [2025-03-27T14:48:00.984-0500] {dag.py:4180} INFO - Setting next_dagrun for example_params_ui_tutorial to None, run_after=None
[2025-03-27T14:48:01.144-0500] {processor.py:208} INFO - Processing /home/udhbhav/miniconda3/lib/python3.11/site-packages/airflow/example_dags/example_params_ui_tutorial.py took 0.193 seconds
[2025-03-27T14:49:19.876-0500] {processor.py:186} INFO - Started process (PID=1777289) to work on /home/udhbhav/miniconda3/lib/python3.11/site-packages/airflow/example_dags/example_params_ui_tutorial.py
[2025-03-27T14:49:19.876-0500] {processor.py:914} INFO - Processing file /home/udhbhav/miniconda3/lib/python3.11/site-packages/airflow/example_dags/example_params_ui_tutorial.py for tasks to queue
[2025-03-27T14:49:19.877-0500] {logging_mixin.py:190} INFO - [2025-03-27T14:49:19.877-0500] {dagbag.py:588} INFO - Filling up the DagBag from /home/udhbhav/miniconda3/lib/python3.11/site-packages/airflow/example_dags/example_params_ui_tutorial.py
[2025-03-27T14:49:19.882-0500] {processor.py:925} INFO - DAG(s) 'example_params_ui_tutorial' retrieved from /home/udhbhav/miniconda3/lib/python3.11/site-packages/airflow/example_dags/example_params_ui_tutorial.py
[2025-03-27T14:49:19.901-0500] {logging_mixin.py:190} INFO - [2025-03-27T14:49:19.901-0500] {dag.py:3239} INFO - Sync 1 DAGs
[2025-03-27T14:49:19.906-0500] {logging_mixin.py:190} INFO - [2025-03-27T14:49:19.906-0500] {dag.py:4180} INFO - Setting next_dagrun for example_params_ui_tutorial to None, run_after=None
[2025-03-27T14:49:20.224-0500] {processor.py:208} INFO - Processing /home/udhbhav/miniconda3/lib/python3.11/site-packages/airflow/example_dags/example_params_ui_tutorial.py took 0.351 seconds
[2025-03-27T14:50:46.438-0500] {processor.py:186} INFO - Started process (PID=1779066) to work on /home/udhbhav/miniconda3/lib/python3.11/site-packages/airflow/example_dags/example_params_ui_tutorial.py
[2025-03-27T14:50:46.439-0500] {processor.py:914} INFO - Processing file /home/udhbhav/miniconda3/lib/python3.11/site-packages/airflow/example_dags/example_params_ui_tutorial.py for tasks to queue
[2025-03-27T14:50:46.440-0500] {logging_mixin.py:190} INFO - [2025-03-27T14:50:46.439-0500] {dagbag.py:588} INFO - Filling up the DagBag from /home/udhbhav/miniconda3/lib/python3.11/site-packages/airflow/example_dags/example_params_ui_tutorial.py
[2025-03-27T14:50:46.445-0500] {processor.py:925} INFO - DAG(s) 'example_params_ui_tutorial' retrieved from /home/udhbhav/miniconda3/lib/python3.11/site-packages/airflow/example_dags/example_params_ui_tutorial.py
[2025-03-27T14:50:46.464-0500] {logging_mixin.py:190} INFO - [2025-03-27T14:50:46.464-0500] {dag.py:3239} INFO - Sync 1 DAGs
[2025-03-27T14:50:46.470-0500] {logging_mixin.py:190} INFO - [2025-03-27T14:50:46.470-0500] {dag.py:4180} INFO - Setting next_dagrun for example_params_ui_tutorial to None, run_after=None
[2025-03-27T14:50:46.574-0500] {processor.py:208} INFO - Processing /home/udhbhav/miniconda3/lib/python3.11/site-packages/airflow/example_dags/example_params_ui_tutorial.py took 0.139 seconds
[2025-03-27T14:51:51.346-0500] {processor.py:186} INFO - Started process (PID=1783737) to work on /home/udhbhav/miniconda3/lib/python3.11/site-packages/airflow/example_dags/example_params_ui_tutorial.py
[2025-03-27T14:51:51.347-0500] {processor.py:914} INFO - Processing file /home/udhbhav/miniconda3/lib/python3.11/site-packages/airflow/example_dags/example_params_ui_tutorial.py for tasks to queue
[2025-03-27T14:51:51.348-0500] {logging_mixin.py:190} INFO - [2025-03-27T14:51:51.348-0500] {dagbag.py:588} INFO - Filling up the DagBag from /home/udhbhav/miniconda3/lib/python3.11/site-packages/airflow/example_dags/example_params_ui_tutorial.py
[2025-03-27T14:51:51.353-0500] {processor.py:925} INFO - DAG(s) 'example_params_ui_tutorial' retrieved from /home/udhbhav/miniconda3/lib/python3.11/site-packages/airflow/example_dags/example_params_ui_tutorial.py
[2025-03-27T14:51:51.372-0500] {logging_mixin.py:190} INFO - [2025-03-27T14:51:51.372-0500] {dag.py:3239} INFO - Sync 1 DAGs
[2025-03-27T14:51:51.378-0500] {logging_mixin.py:190} INFO - [2025-03-27T14:51:51.378-0500] {dag.py:4180} INFO - Setting next_dagrun for example_params_ui_tutorial to None, run_after=None
[2025-03-27T14:51:51.484-0500] {processor.py:208} INFO - Processing /home/udhbhav/miniconda3/lib/python3.11/site-packages/airflow/example_dags/example_params_ui_tutorial.py took 0.141 seconds
[2025-03-27T14:53:03.097-0500] {processor.py:186} INFO - Started process (PID=1784432) to work on /home/udhbhav/miniconda3/lib/python3.11/site-packages/airflow/example_dags/example_params_ui_tutorial.py
[2025-03-27T14:53:03.097-0500] {processor.py:914} INFO - Processing file /home/udhbhav/miniconda3/lib/python3.11/site-packages/airflow/example_dags/example_params_ui_tutorial.py for tasks to queue
[2025-03-27T14:53:03.098-0500] {logging_mixin.py:190} INFO - [2025-03-27T14:53:03.098-0500] {dagbag.py:588} INFO - Filling up the DagBag from /home/udhbhav/miniconda3/lib/python3.11/site-packages/airflow/example_dags/example_params_ui_tutorial.py
[2025-03-27T14:53:03.103-0500] {processor.py:925} INFO - DAG(s) 'example_params_ui_tutorial' retrieved from /home/udhbhav/miniconda3/lib/python3.11/site-packages/airflow/example_dags/example_params_ui_tutorial.py
[2025-03-27T14:53:03.122-0500] {logging_mixin.py:190} INFO - [2025-03-27T14:53:03.122-0500] {dag.py:3239} INFO - Sync 1 DAGs
[2025-03-27T14:53:03.127-0500] {logging_mixin.py:190} INFO - [2025-03-27T14:53:03.127-0500] {dag.py:4180} INFO - Setting next_dagrun for example_params_ui_tutorial to None, run_after=None
[2025-03-27T14:53:03.231-0500] {processor.py:208} INFO - Processing /home/udhbhav/miniconda3/lib/python3.11/site-packages/airflow/example_dags/example_params_ui_tutorial.py took 0.137 seconds
[2025-03-27T14:54:10.760-0500] {processor.py:186} INFO - Started process (PID=1785016) to work on /home/udhbhav/miniconda3/lib/python3.11/site-packages/airflow/example_dags/example_params_ui_tutorial.py
[2025-03-27T14:54:10.761-0500] {processor.py:914} INFO - Processing file /home/udhbhav/miniconda3/lib/python3.11/site-packages/airflow/example_dags/example_params_ui_tutorial.py for tasks to queue
[2025-03-27T14:54:10.762-0500] {logging_mixin.py:190} INFO - [2025-03-27T14:54:10.762-0500] {dagbag.py:588} INFO - Filling up the DagBag from /home/udhbhav/miniconda3/lib/python3.11/site-packages/airflow/example_dags/example_params_ui_tutorial.py
[2025-03-27T14:54:10.766-0500] {processor.py:925} INFO - DAG(s) 'example_params_ui_tutorial' retrieved from /home/udhbhav/miniconda3/lib/python3.11/site-packages/airflow/example_dags/example_params_ui_tutorial.py
[2025-03-27T14:54:10.785-0500] {logging_mixin.py:190} INFO - [2025-03-27T14:54:10.785-0500] {dag.py:3239} INFO - Sync 1 DAGs
[2025-03-27T14:54:10.791-0500] {logging_mixin.py:190} INFO - [2025-03-27T14:54:10.791-0500] {dag.py:4180} INFO - Setting next_dagrun for example_params_ui_tutorial to None, run_after=None
[2025-03-27T14:54:10.908-0500] {processor.py:208} INFO - Processing /home/udhbhav/miniconda3/lib/python3.11/site-packages/airflow/example_dags/example_params_ui_tutorial.py took 0.150 seconds
[2025-03-27T14:55:13.346-0500] {processor.py:186} INFO - Started process (PID=1785634) to work on /home/udhbhav/miniconda3/lib/python3.11/site-packages/airflow/example_dags/example_params_ui_tutorial.py
[2025-03-27T14:55:13.347-0500] {processor.py:914} INFO - Processing file /home/udhbhav/miniconda3/lib/python3.11/site-packages/airflow/example_dags/example_params_ui_tutorial.py for tasks to queue
[2025-03-27T14:55:13.348-0500] {logging_mixin.py:190} INFO - [2025-03-27T14:55:13.347-0500] {dagbag.py:588} INFO - Filling up the DagBag from /home/udhbhav/miniconda3/lib/python3.11/site-packages/airflow/example_dags/example_params_ui_tutorial.py
[2025-03-27T14:55:13.352-0500] {processor.py:925} INFO - DAG(s) 'example_params_ui_tutorial' retrieved from /home/udhbhav/miniconda3/lib/python3.11/site-packages/airflow/example_dags/example_params_ui_tutorial.py
[2025-03-27T14:55:13.371-0500] {logging_mixin.py:190} INFO - [2025-03-27T14:55:13.371-0500] {dag.py:3239} INFO - Sync 1 DAGs
[2025-03-27T14:55:13.377-0500] {logging_mixin.py:190} INFO - [2025-03-27T14:55:13.377-0500] {dag.py:4180} INFO - Setting next_dagrun for example_params_ui_tutorial to None, run_after=None
[2025-03-27T14:55:13.484-0500] {processor.py:208} INFO - Processing /home/udhbhav/miniconda3/lib/python3.11/site-packages/airflow/example_dags/example_params_ui_tutorial.py took 0.141 seconds
[2025-03-27T14:56:30.129-0500] {processor.py:186} INFO - Started process (PID=1786423) to work on /home/udhbhav/miniconda3/lib/python3.11/site-packages/airflow/example_dags/example_params_ui_tutorial.py
[2025-03-27T14:56:30.129-0500] {processor.py:914} INFO - Processing file /home/udhbhav/miniconda3/lib/python3.11/site-packages/airflow/example_dags/example_params_ui_tutorial.py for tasks to queue
[2025-03-27T14:56:30.130-0500] {logging_mixin.py:190} INFO - [2025-03-27T14:56:30.130-0500] {dagbag.py:588} INFO - Filling up the DagBag from /home/udhbhav/miniconda3/lib/python3.11/site-packages/airflow/example_dags/example_params_ui_tutorial.py
[2025-03-27T14:56:30.135-0500] {processor.py:925} INFO - DAG(s) 'example_params_ui_tutorial' retrieved from /home/udhbhav/miniconda3/lib/python3.11/site-packages/airflow/example_dags/example_params_ui_tutorial.py
[2025-03-27T14:56:30.154-0500] {logging_mixin.py:190} INFO - [2025-03-27T14:56:30.154-0500] {dag.py:3239} INFO - Sync 1 DAGs
[2025-03-27T14:56:30.159-0500] {logging_mixin.py:190} INFO - [2025-03-27T14:56:30.159-0500] {dag.py:4180} INFO - Setting next_dagrun for example_params_ui_tutorial to None, run_after=None
[2025-03-27T14:56:30.290-0500] {processor.py:208} INFO - Processing /home/udhbhav/miniconda3/lib/python3.11/site-packages/airflow/example_dags/example_params_ui_tutorial.py took 0.164 seconds
[2025-03-27T14:57:46.468-0500] {processor.py:186} INFO - Started process (PID=1787317) to work on /home/udhbhav/miniconda3/lib/python3.11/site-packages/airflow/example_dags/example_params_ui_tutorial.py
[2025-03-27T14:57:46.468-0500] {processor.py:914} INFO - Processing file /home/udhbhav/miniconda3/lib/python3.11/site-packages/airflow/example_dags/example_params_ui_tutorial.py for tasks to queue
[2025-03-27T14:57:46.469-0500] {logging_mixin.py:190} INFO - [2025-03-27T14:57:46.469-0500] {dagbag.py:588} INFO - Filling up the DagBag from /home/udhbhav/miniconda3/lib/python3.11/site-packages/airflow/example_dags/example_params_ui_tutorial.py
[2025-03-27T14:57:46.474-0500] {processor.py:925} INFO - DAG(s) 'example_params_ui_tutorial' retrieved from /home/udhbhav/miniconda3/lib/python3.11/site-packages/airflow/example_dags/example_params_ui_tutorial.py
[2025-03-27T14:57:46.493-0500] {logging_mixin.py:190} INFO - [2025-03-27T14:57:46.493-0500] {dag.py:3239} INFO - Sync 1 DAGs
[2025-03-27T14:57:46.498-0500] {logging_mixin.py:190} INFO - [2025-03-27T14:57:46.498-0500] {dag.py:4180} INFO - Setting next_dagrun for example_params_ui_tutorial to None, run_after=None
[2025-03-27T14:57:46.670-0500] {processor.py:208} INFO - Processing /home/udhbhav/miniconda3/lib/python3.11/site-packages/airflow/example_dags/example_params_ui_tutorial.py took 0.205 seconds
[2025-03-27T14:59:08.303-0500] {processor.py:186} INFO - Started process (PID=1788127) to work on /home/udhbhav/miniconda3/lib/python3.11/site-packages/airflow/example_dags/example_params_ui_tutorial.py
[2025-03-27T14:59:08.303-0500] {processor.py:914} INFO - Processing file /home/udhbhav/miniconda3/lib/python3.11/site-packages/airflow/example_dags/example_params_ui_tutorial.py for tasks to queue
[2025-03-27T14:59:08.304-0500] {logging_mixin.py:190} INFO - [2025-03-27T14:59:08.304-0500] {dagbag.py:588} INFO - Filling up the DagBag from /home/udhbhav/miniconda3/lib/python3.11/site-packages/airflow/example_dags/example_params_ui_tutorial.py
[2025-03-27T14:59:08.309-0500] {processor.py:925} INFO - DAG(s) 'example_params_ui_tutorial' retrieved from /home/udhbhav/miniconda3/lib/python3.11/site-packages/airflow/example_dags/example_params_ui_tutorial.py
[2025-03-27T14:59:08.328-0500] {logging_mixin.py:190} INFO - [2025-03-27T14:59:08.328-0500] {dag.py:3239} INFO - Sync 1 DAGs
[2025-03-27T14:59:08.333-0500] {logging_mixin.py:190} INFO - [2025-03-27T14:59:08.333-0500] {dag.py:4180} INFO - Setting next_dagrun for example_params_ui_tutorial to None, run_after=None
[2025-03-27T14:59:08.541-0500] {processor.py:208} INFO - Processing /home/udhbhav/miniconda3/lib/python3.11/site-packages/airflow/example_dags/example_params_ui_tutorial.py took 0.241 seconds
[2025-03-27T15:00:37.458-0500] {processor.py:186} INFO - Started process (PID=1789157) to work on /home/udhbhav/miniconda3/lib/python3.11/site-packages/airflow/example_dags/example_params_ui_tutorial.py
[2025-03-27T15:00:37.458-0500] {processor.py:914} INFO - Processing file /home/udhbhav/miniconda3/lib/python3.11/site-packages/airflow/example_dags/example_params_ui_tutorial.py for tasks to queue
[2025-03-27T15:00:37.459-0500] {logging_mixin.py:190} INFO - [2025-03-27T15:00:37.459-0500] {dagbag.py:588} INFO - Filling up the DagBag from /home/udhbhav/miniconda3/lib/python3.11/site-packages/airflow/example_dags/example_params_ui_tutorial.py
[2025-03-27T15:00:37.464-0500] {processor.py:925} INFO - DAG(s) 'example_params_ui_tutorial' retrieved from /home/udhbhav/miniconda3/lib/python3.11/site-packages/airflow/example_dags/example_params_ui_tutorial.py
[2025-03-27T15:00:37.485-0500] {logging_mixin.py:190} INFO - [2025-03-27T15:00:37.485-0500] {dag.py:3239} INFO - Sync 1 DAGs
[2025-03-27T15:00:37.491-0500] {logging_mixin.py:190} INFO - [2025-03-27T15:00:37.491-0500] {dag.py:4180} INFO - Setting next_dagrun for example_params_ui_tutorial to None, run_after=None
[2025-03-27T15:00:37.599-0500] {processor.py:208} INFO - Processing /home/udhbhav/miniconda3/lib/python3.11/site-packages/airflow/example_dags/example_params_ui_tutorial.py took 0.144 seconds
[2025-03-27T15:01:39.034-0500] {processor.py:186} INFO - Started process (PID=1789847) to work on /home/udhbhav/miniconda3/lib/python3.11/site-packages/airflow/example_dags/example_params_ui_tutorial.py
[2025-03-27T15:01:39.034-0500] {processor.py:914} INFO - Processing file /home/udhbhav/miniconda3/lib/python3.11/site-packages/airflow/example_dags/example_params_ui_tutorial.py for tasks to queue
[2025-03-27T15:01:39.035-0500] {logging_mixin.py:190} INFO - [2025-03-27T15:01:39.035-0500] {dagbag.py:588} INFO - Filling up the DagBag from /home/udhbhav/miniconda3/lib/python3.11/site-packages/airflow/example_dags/example_params_ui_tutorial.py
[2025-03-27T15:01:39.040-0500] {processor.py:925} INFO - DAG(s) 'example_params_ui_tutorial' retrieved from /home/udhbhav/miniconda3/lib/python3.11/site-packages/airflow/example_dags/example_params_ui_tutorial.py
[2025-03-27T15:01:39.062-0500] {logging_mixin.py:190} INFO - [2025-03-27T15:01:39.062-0500] {dag.py:3239} INFO - Sync 1 DAGs
[2025-03-27T15:01:39.067-0500] {logging_mixin.py:190} INFO - [2025-03-27T15:01:39.067-0500] {dag.py:4180} INFO - Setting next_dagrun for example_params_ui_tutorial to None, run_after=None
[2025-03-27T15:01:39.175-0500] {processor.py:208} INFO - Processing /home/udhbhav/miniconda3/lib/python3.11/site-packages/airflow/example_dags/example_params_ui_tutorial.py took 0.145 seconds
[2025-03-27T15:02:46.463-0500] {processor.py:186} INFO - Started process (PID=1790652) to work on /home/udhbhav/miniconda3/lib/python3.11/site-packages/airflow/example_dags/example_params_ui_tutorial.py
[2025-03-27T15:02:46.464-0500] {processor.py:914} INFO - Processing file /home/udhbhav/miniconda3/lib/python3.11/site-packages/airflow/example_dags/example_params_ui_tutorial.py for tasks to queue
[2025-03-27T15:02:46.464-0500] {logging_mixin.py:190} INFO - [2025-03-27T15:02:46.464-0500] {dagbag.py:588} INFO - Filling up the DagBag from /home/udhbhav/miniconda3/lib/python3.11/site-packages/airflow/example_dags/example_params_ui_tutorial.py
[2025-03-27T15:02:46.469-0500] {processor.py:925} INFO - DAG(s) 'example_params_ui_tutorial' retrieved from /home/udhbhav/miniconda3/lib/python3.11/site-packages/airflow/example_dags/example_params_ui_tutorial.py
[2025-03-27T15:02:46.488-0500] {logging_mixin.py:190} INFO - [2025-03-27T15:02:46.488-0500] {dag.py:3239} INFO - Sync 1 DAGs
[2025-03-27T15:02:46.494-0500] {logging_mixin.py:190} INFO - [2025-03-27T15:02:46.493-0500] {dag.py:4180} INFO - Setting next_dagrun for example_params_ui_tutorial to None, run_after=None
[2025-03-27T15:02:46.669-0500] {processor.py:208} INFO - Processing /home/udhbhav/miniconda3/lib/python3.11/site-packages/airflow/example_dags/example_params_ui_tutorial.py took 0.209 seconds
[2025-03-27T15:04:04.681-0500] {processor.py:186} INFO - Started process (PID=1791312) to work on /home/udhbhav/miniconda3/lib/python3.11/site-packages/airflow/example_dags/example_params_ui_tutorial.py
[2025-03-27T15:04:04.681-0500] {processor.py:914} INFO - Processing file /home/udhbhav/miniconda3/lib/python3.11/site-packages/airflow/example_dags/example_params_ui_tutorial.py for tasks to queue
[2025-03-27T15:04:04.682-0500] {logging_mixin.py:190} INFO - [2025-03-27T15:04:04.682-0500] {dagbag.py:588} INFO - Filling up the DagBag from /home/udhbhav/miniconda3/lib/python3.11/site-packages/airflow/example_dags/example_params_ui_tutorial.py
[2025-03-27T15:04:04.687-0500] {processor.py:925} INFO - DAG(s) 'example_params_ui_tutorial' retrieved from /home/udhbhav/miniconda3/lib/python3.11/site-packages/airflow/example_dags/example_params_ui_tutorial.py
[2025-03-27T15:04:04.708-0500] {logging_mixin.py:190} INFO - [2025-03-27T15:04:04.708-0500] {dag.py:3239} INFO - Sync 1 DAGs
[2025-03-27T15:04:04.713-0500] {logging_mixin.py:190} INFO - [2025-03-27T15:04:04.713-0500] {dag.py:4180} INFO - Setting next_dagrun for example_params_ui_tutorial to None, run_after=None
[2025-03-27T15:04:04.819-0500] {processor.py:208} INFO - Processing /home/udhbhav/miniconda3/lib/python3.11/site-packages/airflow/example_dags/example_params_ui_tutorial.py took 0.141 seconds
[2025-03-27T15:05:21.178-0500] {processor.py:186} INFO - Started process (PID=1792052) to work on /home/udhbhav/miniconda3/lib/python3.11/site-packages/airflow/example_dags/example_params_ui_tutorial.py
[2025-03-27T15:05:21.178-0500] {processor.py:914} INFO - Processing file /home/udhbhav/miniconda3/lib/python3.11/site-packages/airflow/example_dags/example_params_ui_tutorial.py for tasks to queue
[2025-03-27T15:05:21.179-0500] {logging_mixin.py:190} INFO - [2025-03-27T15:05:21.179-0500] {dagbag.py:588} INFO - Filling up the DagBag from /home/udhbhav/miniconda3/lib/python3.11/site-packages/airflow/example_dags/example_params_ui_tutorial.py
[2025-03-27T15:05:21.184-0500] {processor.py:925} INFO - DAG(s) 'example_params_ui_tutorial' retrieved from /home/udhbhav/miniconda3/lib/python3.11/site-packages/airflow/example_dags/example_params_ui_tutorial.py
[2025-03-27T15:05:21.203-0500] {logging_mixin.py:190} INFO - [2025-03-27T15:05:21.203-0500] {dag.py:3239} INFO - Sync 1 DAGs
[2025-03-27T15:05:21.208-0500] {logging_mixin.py:190} INFO - [2025-03-27T15:05:21.208-0500] {dag.py:4180} INFO - Setting next_dagrun for example_params_ui_tutorial to None, run_after=None
[2025-03-27T15:05:21.413-0500] {processor.py:208} INFO - Processing /home/udhbhav/miniconda3/lib/python3.11/site-packages/airflow/example_dags/example_params_ui_tutorial.py took 0.238 seconds
[2025-03-27T15:06:54.650-0500] {processor.py:186} INFO - Started process (PID=1793021) to work on /home/udhbhav/miniconda3/lib/python3.11/site-packages/airflow/example_dags/example_params_ui_tutorial.py
[2025-03-27T15:06:54.650-0500] {processor.py:914} INFO - Processing file /home/udhbhav/miniconda3/lib/python3.11/site-packages/airflow/example_dags/example_params_ui_tutorial.py for tasks to queue
[2025-03-27T15:06:54.651-0500] {logging_mixin.py:190} INFO - [2025-03-27T15:06:54.651-0500] {dagbag.py:588} INFO - Filling up the DagBag from /home/udhbhav/miniconda3/lib/python3.11/site-packages/airflow/example_dags/example_params_ui_tutorial.py
[2025-03-27T15:06:54.656-0500] {processor.py:925} INFO - DAG(s) 'example_params_ui_tutorial' retrieved from /home/udhbhav/miniconda3/lib/python3.11/site-packages/airflow/example_dags/example_params_ui_tutorial.py
[2025-03-27T15:06:54.678-0500] {logging_mixin.py:190} INFO - [2025-03-27T15:06:54.678-0500] {dag.py:3239} INFO - Sync 1 DAGs
[2025-03-27T15:06:54.683-0500] {logging_mixin.py:190} INFO - [2025-03-27T15:06:54.683-0500] {dag.py:4180} INFO - Setting next_dagrun for example_params_ui_tutorial to None, run_after=None
[2025-03-27T15:06:54.894-0500] {processor.py:208} INFO - Processing /home/udhbhav/miniconda3/lib/python3.11/site-packages/airflow/example_dags/example_params_ui_tutorial.py took 0.247 seconds
[2025-03-27T15:08:02.820-0500] {processor.py:186} INFO - Started process (PID=1793720) to work on /home/udhbhav/miniconda3/lib/python3.11/site-packages/airflow/example_dags/example_params_ui_tutorial.py
[2025-03-27T15:08:02.821-0500] {processor.py:914} INFO - Processing file /home/udhbhav/miniconda3/lib/python3.11/site-packages/airflow/example_dags/example_params_ui_tutorial.py for tasks to queue
[2025-03-27T15:08:02.821-0500] {logging_mixin.py:190} INFO - [2025-03-27T15:08:02.821-0500] {dagbag.py:588} INFO - Filling up the DagBag from /home/udhbhav/miniconda3/lib/python3.11/site-packages/airflow/example_dags/example_params_ui_tutorial.py
[2025-03-27T15:08:02.826-0500] {processor.py:925} INFO - DAG(s) 'example_params_ui_tutorial' retrieved from /home/udhbhav/miniconda3/lib/python3.11/site-packages/airflow/example_dags/example_params_ui_tutorial.py
[2025-03-27T15:08:02.845-0500] {logging_mixin.py:190} INFO - [2025-03-27T15:08:02.845-0500] {dag.py:3239} INFO - Sync 1 DAGs
[2025-03-27T15:08:02.850-0500] {logging_mixin.py:190} INFO - [2025-03-27T15:08:02.850-0500] {dag.py:4180} INFO - Setting next_dagrun for example_params_ui_tutorial to None, run_after=None
[2025-03-27T15:08:02.958-0500] {processor.py:208} INFO - Processing /home/udhbhav/miniconda3/lib/python3.11/site-packages/airflow/example_dags/example_params_ui_tutorial.py took 0.140 seconds
[2025-03-27T15:09:04.751-0500] {processor.py:186} INFO - Started process (PID=1794324) to work on /home/udhbhav/miniconda3/lib/python3.11/site-packages/airflow/example_dags/example_params_ui_tutorial.py
[2025-03-27T15:09:04.752-0500] {processor.py:914} INFO - Processing file /home/udhbhav/miniconda3/lib/python3.11/site-packages/airflow/example_dags/example_params_ui_tutorial.py for tasks to queue
[2025-03-27T15:09:04.753-0500] {logging_mixin.py:190} INFO - [2025-03-27T15:09:04.752-0500] {dagbag.py:588} INFO - Filling up the DagBag from /home/udhbhav/miniconda3/lib/python3.11/site-packages/airflow/example_dags/example_params_ui_tutorial.py
[2025-03-27T15:09:04.757-0500] {processor.py:925} INFO - DAG(s) 'example_params_ui_tutorial' retrieved from /home/udhbhav/miniconda3/lib/python3.11/site-packages/airflow/example_dags/example_params_ui_tutorial.py
[2025-03-27T15:09:04.776-0500] {logging_mixin.py:190} INFO - [2025-03-27T15:09:04.776-0500] {dag.py:3239} INFO - Sync 1 DAGs
[2025-03-27T15:09:04.781-0500] {logging_mixin.py:190} INFO - [2025-03-27T15:09:04.781-0500] {dag.py:4180} INFO - Setting next_dagrun for example_params_ui_tutorial to None, run_after=None
[2025-03-27T15:09:04.885-0500] {processor.py:208} INFO - Processing /home/udhbhav/miniconda3/lib/python3.11/site-packages/airflow/example_dags/example_params_ui_tutorial.py took 0.137 seconds
[2025-03-27T15:10:21.422-0500] {processor.py:186} INFO - Started process (PID=1795006) to work on /home/udhbhav/miniconda3/lib/python3.11/site-packages/airflow/example_dags/example_params_ui_tutorial.py
[2025-03-27T15:10:21.423-0500] {processor.py:914} INFO - Processing file /home/udhbhav/miniconda3/lib/python3.11/site-packages/airflow/example_dags/example_params_ui_tutorial.py for tasks to queue
[2025-03-27T15:10:21.423-0500] {logging_mixin.py:190} INFO - [2025-03-27T15:10:21.423-0500] {dagbag.py:588} INFO - Filling up the DagBag from /home/udhbhav/miniconda3/lib/python3.11/site-packages/airflow/example_dags/example_params_ui_tutorial.py
[2025-03-27T15:10:21.428-0500] {processor.py:925} INFO - DAG(s) 'example_params_ui_tutorial' retrieved from /home/udhbhav/miniconda3/lib/python3.11/site-packages/airflow/example_dags/example_params_ui_tutorial.py
[2025-03-27T15:10:21.447-0500] {logging_mixin.py:190} INFO - [2025-03-27T15:10:21.447-0500] {dag.py:3239} INFO - Sync 1 DAGs
[2025-03-27T15:10:21.452-0500] {logging_mixin.py:190} INFO - [2025-03-27T15:10:21.452-0500] {dag.py:4180} INFO - Setting next_dagrun for example_params_ui_tutorial to None, run_after=None
[2025-03-27T15:10:21.564-0500] {processor.py:208} INFO - Processing /home/udhbhav/miniconda3/lib/python3.11/site-packages/airflow/example_dags/example_params_ui_tutorial.py took 0.145 seconds
[2025-03-27T15:11:27.058-0500] {processor.py:186} INFO - Started process (PID=1795680) to work on /home/udhbhav/miniconda3/lib/python3.11/site-packages/airflow/example_dags/example_params_ui_tutorial.py
[2025-03-27T15:11:27.058-0500] {processor.py:914} INFO - Processing file /home/udhbhav/miniconda3/lib/python3.11/site-packages/airflow/example_dags/example_params_ui_tutorial.py for tasks to queue
[2025-03-27T15:11:27.059-0500] {logging_mixin.py:190} INFO - [2025-03-27T15:11:27.059-0500] {dagbag.py:588} INFO - Filling up the DagBag from /home/udhbhav/miniconda3/lib/python3.11/site-packages/airflow/example_dags/example_params_ui_tutorial.py
[2025-03-27T15:11:27.064-0500] {processor.py:925} INFO - DAG(s) 'example_params_ui_tutorial' retrieved from /home/udhbhav/miniconda3/lib/python3.11/site-packages/airflow/example_dags/example_params_ui_tutorial.py
[2025-03-27T15:11:27.083-0500] {logging_mixin.py:190} INFO - [2025-03-27T15:11:27.082-0500] {dag.py:3239} INFO - Sync 1 DAGs
[2025-03-27T15:11:27.088-0500] {logging_mixin.py:190} INFO - [2025-03-27T15:11:27.088-0500] {dag.py:4180} INFO - Setting next_dagrun for example_params_ui_tutorial to None, run_after=None
[2025-03-27T15:11:27.189-0500] {processor.py:208} INFO - Processing /home/udhbhav/miniconda3/lib/python3.11/site-packages/airflow/example_dags/example_params_ui_tutorial.py took 0.134 seconds
[2025-03-27T15:12:37.333-0500] {processor.py:186} INFO - Started process (PID=1797989) to work on /home/udhbhav/miniconda3/lib/python3.11/site-packages/airflow/example_dags/example_params_ui_tutorial.py
[2025-03-27T15:12:37.333-0500] {processor.py:914} INFO - Processing file /home/udhbhav/miniconda3/lib/python3.11/site-packages/airflow/example_dags/example_params_ui_tutorial.py for tasks to queue
[2025-03-27T15:12:37.334-0500] {logging_mixin.py:190} INFO - [2025-03-27T15:12:37.334-0500] {dagbag.py:588} INFO - Filling up the DagBag from /home/udhbhav/miniconda3/lib/python3.11/site-packages/airflow/example_dags/example_params_ui_tutorial.py
[2025-03-27T15:12:37.339-0500] {processor.py:925} INFO - DAG(s) 'example_params_ui_tutorial' retrieved from /home/udhbhav/miniconda3/lib/python3.11/site-packages/airflow/example_dags/example_params_ui_tutorial.py
[2025-03-27T15:12:37.358-0500] {logging_mixin.py:190} INFO - [2025-03-27T15:12:37.358-0500] {dag.py:3239} INFO - Sync 1 DAGs
[2025-03-27T15:12:37.363-0500] {logging_mixin.py:190} INFO - [2025-03-27T15:12:37.363-0500] {dag.py:4180} INFO - Setting next_dagrun for example_params_ui_tutorial to None, run_after=None
[2025-03-27T15:12:37.567-0500] {processor.py:208} INFO - Processing /home/udhbhav/miniconda3/lib/python3.11/site-packages/airflow/example_dags/example_params_ui_tutorial.py took 0.237 seconds
[2025-03-27T15:13:56.020-0500] {processor.py:186} INFO - Started process (PID=1798833) to work on /home/udhbhav/miniconda3/lib/python3.11/site-packages/airflow/example_dags/example_params_ui_tutorial.py
[2025-03-27T15:13:56.020-0500] {processor.py:914} INFO - Processing file /home/udhbhav/miniconda3/lib/python3.11/site-packages/airflow/example_dags/example_params_ui_tutorial.py for tasks to queue
[2025-03-27T15:13:56.021-0500] {logging_mixin.py:190} INFO - [2025-03-27T15:13:56.021-0500] {dagbag.py:588} INFO - Filling up the DagBag from /home/udhbhav/miniconda3/lib/python3.11/site-packages/airflow/example_dags/example_params_ui_tutorial.py
[2025-03-27T15:13:56.026-0500] {processor.py:925} INFO - DAG(s) 'example_params_ui_tutorial' retrieved from /home/udhbhav/miniconda3/lib/python3.11/site-packages/airflow/example_dags/example_params_ui_tutorial.py
[2025-03-27T15:13:56.045-0500] {logging_mixin.py:190} INFO - [2025-03-27T15:13:56.045-0500] {dag.py:3239} INFO - Sync 1 DAGs
[2025-03-27T15:13:56.050-0500] {logging_mixin.py:190} INFO - [2025-03-27T15:13:56.050-0500] {dag.py:4180} INFO - Setting next_dagrun for example_params_ui_tutorial to None, run_after=None
[2025-03-27T15:13:56.251-0500] {processor.py:208} INFO - Processing /home/udhbhav/miniconda3/lib/python3.11/site-packages/airflow/example_dags/example_params_ui_tutorial.py took 0.234 seconds
[2025-03-27T15:15:15.381-0500] {processor.py:186} INFO - Started process (PID=1799546) to work on /home/udhbhav/miniconda3/lib/python3.11/site-packages/airflow/example_dags/example_params_ui_tutorial.py
[2025-03-27T15:15:15.382-0500] {processor.py:914} INFO - Processing file /home/udhbhav/miniconda3/lib/python3.11/site-packages/airflow/example_dags/example_params_ui_tutorial.py for tasks to queue
[2025-03-27T15:15:15.383-0500] {logging_mixin.py:190} INFO - [2025-03-27T15:15:15.382-0500] {dagbag.py:588} INFO - Filling up the DagBag from /home/udhbhav/miniconda3/lib/python3.11/site-packages/airflow/example_dags/example_params_ui_tutorial.py
[2025-03-27T15:15:15.387-0500] {processor.py:925} INFO - DAG(s) 'example_params_ui_tutorial' retrieved from /home/udhbhav/miniconda3/lib/python3.11/site-packages/airflow/example_dags/example_params_ui_tutorial.py
[2025-03-27T15:15:15.406-0500] {logging_mixin.py:190} INFO - [2025-03-27T15:15:15.406-0500] {dag.py:3239} INFO - Sync 1 DAGs
[2025-03-27T15:15:15.411-0500] {logging_mixin.py:190} INFO - [2025-03-27T15:15:15.411-0500] {dag.py:4180} INFO - Setting next_dagrun for example_params_ui_tutorial to None, run_after=None
[2025-03-27T15:15:15.498-0500] {processor.py:208} INFO - Processing /home/udhbhav/miniconda3/lib/python3.11/site-packages/airflow/example_dags/example_params_ui_tutorial.py took 0.120 seconds
[2025-03-27T15:16:38.236-0500] {processor.py:186} INFO - Started process (PID=1800372) to work on /home/udhbhav/miniconda3/lib/python3.11/site-packages/airflow/example_dags/example_params_ui_tutorial.py
[2025-03-27T15:16:38.237-0500] {processor.py:914} INFO - Processing file /home/udhbhav/miniconda3/lib/python3.11/site-packages/airflow/example_dags/example_params_ui_tutorial.py for tasks to queue
[2025-03-27T15:16:38.238-0500] {logging_mixin.py:190} INFO - [2025-03-27T15:16:38.238-0500] {dagbag.py:588} INFO - Filling up the DagBag from /home/udhbhav/miniconda3/lib/python3.11/site-packages/airflow/example_dags/example_params_ui_tutorial.py
[2025-03-27T15:16:38.243-0500] {processor.py:925} INFO - DAG(s) 'example_params_ui_tutorial' retrieved from /home/udhbhav/miniconda3/lib/python3.11/site-packages/airflow/example_dags/example_params_ui_tutorial.py
[2025-03-27T15:16:38.262-0500] {logging_mixin.py:190} INFO - [2025-03-27T15:16:38.262-0500] {dag.py:3239} INFO - Sync 1 DAGs
[2025-03-27T15:16:38.267-0500] {logging_mixin.py:190} INFO - [2025-03-27T15:16:38.267-0500] {dag.py:4180} INFO - Setting next_dagrun for example_params_ui_tutorial to None, run_after=None
[2025-03-27T15:16:38.371-0500] {processor.py:208} INFO - Processing /home/udhbhav/miniconda3/lib/python3.11/site-packages/airflow/example_dags/example_params_ui_tutorial.py took 0.138 seconds
[2025-03-27T15:17:47.084-0500] {processor.py:186} INFO - Started process (PID=1801108) to work on /home/udhbhav/miniconda3/lib/python3.11/site-packages/airflow/example_dags/example_params_ui_tutorial.py
[2025-03-27T15:17:47.084-0500] {processor.py:914} INFO - Processing file /home/udhbhav/miniconda3/lib/python3.11/site-packages/airflow/example_dags/example_params_ui_tutorial.py for tasks to queue
[2025-03-27T15:17:47.085-0500] {logging_mixin.py:190} INFO - [2025-03-27T15:17:47.085-0500] {dagbag.py:588} INFO - Filling up the DagBag from /home/udhbhav/miniconda3/lib/python3.11/site-packages/airflow/example_dags/example_params_ui_tutorial.py
[2025-03-27T15:17:47.090-0500] {processor.py:925} INFO - DAG(s) 'example_params_ui_tutorial' retrieved from /home/udhbhav/miniconda3/lib/python3.11/site-packages/airflow/example_dags/example_params_ui_tutorial.py
[2025-03-27T15:17:47.109-0500] {logging_mixin.py:190} INFO - [2025-03-27T15:17:47.109-0500] {dag.py:3239} INFO - Sync 1 DAGs
[2025-03-27T15:17:47.114-0500] {logging_mixin.py:190} INFO - [2025-03-27T15:17:47.114-0500] {dag.py:4180} INFO - Setting next_dagrun for example_params_ui_tutorial to None, run_after=None
[2025-03-27T15:17:47.223-0500] {processor.py:208} INFO - Processing /home/udhbhav/miniconda3/lib/python3.11/site-packages/airflow/example_dags/example_params_ui_tutorial.py took 0.142 seconds
[2025-03-27T15:18:53.422-0500] {processor.py:186} INFO - Started process (PID=1801744) to work on /home/udhbhav/miniconda3/lib/python3.11/site-packages/airflow/example_dags/example_params_ui_tutorial.py
[2025-03-27T15:18:53.423-0500] {processor.py:914} INFO - Processing file /home/udhbhav/miniconda3/lib/python3.11/site-packages/airflow/example_dags/example_params_ui_tutorial.py for tasks to queue
[2025-03-27T15:18:53.424-0500] {logging_mixin.py:190} INFO - [2025-03-27T15:18:53.423-0500] {dagbag.py:588} INFO - Filling up the DagBag from /home/udhbhav/miniconda3/lib/python3.11/site-packages/airflow/example_dags/example_params_ui_tutorial.py
[2025-03-27T15:18:53.428-0500] {processor.py:925} INFO - DAG(s) 'example_params_ui_tutorial' retrieved from /home/udhbhav/miniconda3/lib/python3.11/site-packages/airflow/example_dags/example_params_ui_tutorial.py
[2025-03-27T15:18:53.447-0500] {logging_mixin.py:190} INFO - [2025-03-27T15:18:53.447-0500] {dag.py:3239} INFO - Sync 1 DAGs
[2025-03-27T15:18:53.453-0500] {logging_mixin.py:190} INFO - [2025-03-27T15:18:53.452-0500] {dag.py:4180} INFO - Setting next_dagrun for example_params_ui_tutorial to None, run_after=None
[2025-03-27T15:18:53.560-0500] {processor.py:208} INFO - Processing /home/udhbhav/miniconda3/lib/python3.11/site-packages/airflow/example_dags/example_params_ui_tutorial.py took 0.140 seconds
[2025-03-27T15:20:05.132-0500] {processor.py:186} INFO - Started process (PID=1802435) to work on /home/udhbhav/miniconda3/lib/python3.11/site-packages/airflow/example_dags/example_params_ui_tutorial.py
[2025-03-27T15:20:05.132-0500] {processor.py:914} INFO - Processing file /home/udhbhav/miniconda3/lib/python3.11/site-packages/airflow/example_dags/example_params_ui_tutorial.py for tasks to queue
[2025-03-27T15:20:05.133-0500] {logging_mixin.py:190} INFO - [2025-03-27T15:20:05.133-0500] {dagbag.py:588} INFO - Filling up the DagBag from /home/udhbhav/miniconda3/lib/python3.11/site-packages/airflow/example_dags/example_params_ui_tutorial.py
[2025-03-27T15:20:05.138-0500] {processor.py:925} INFO - DAG(s) 'example_params_ui_tutorial' retrieved from /home/udhbhav/miniconda3/lib/python3.11/site-packages/airflow/example_dags/example_params_ui_tutorial.py
[2025-03-27T15:20:05.157-0500] {logging_mixin.py:190} INFO - [2025-03-27T15:20:05.157-0500] {dag.py:3239} INFO - Sync 1 DAGs
[2025-03-27T15:20:05.162-0500] {logging_mixin.py:190} INFO - [2025-03-27T15:20:05.162-0500] {dag.py:4180} INFO - Setting next_dagrun for example_params_ui_tutorial to None, run_after=None
[2025-03-27T15:20:05.270-0500] {processor.py:208} INFO - Processing /home/udhbhav/miniconda3/lib/python3.11/site-packages/airflow/example_dags/example_params_ui_tutorial.py took 0.141 seconds
[2025-03-27T15:21:10.172-0500] {processor.py:186} INFO - Started process (PID=1807156) to work on /home/udhbhav/miniconda3/lib/python3.11/site-packages/airflow/example_dags/example_params_ui_tutorial.py
[2025-03-27T15:21:10.172-0500] {processor.py:914} INFO - Processing file /home/udhbhav/miniconda3/lib/python3.11/site-packages/airflow/example_dags/example_params_ui_tutorial.py for tasks to queue
[2025-03-27T15:21:10.173-0500] {logging_mixin.py:190} INFO - [2025-03-27T15:21:10.173-0500] {dagbag.py:588} INFO - Filling up the DagBag from /home/udhbhav/miniconda3/lib/python3.11/site-packages/airflow/example_dags/example_params_ui_tutorial.py
[2025-03-27T15:21:10.178-0500] {processor.py:925} INFO - DAG(s) 'example_params_ui_tutorial' retrieved from /home/udhbhav/miniconda3/lib/python3.11/site-packages/airflow/example_dags/example_params_ui_tutorial.py
[2025-03-27T15:21:10.199-0500] {logging_mixin.py:190} INFO - [2025-03-27T15:21:10.198-0500] {dag.py:3239} INFO - Sync 1 DAGs
[2025-03-27T15:21:10.204-0500] {logging_mixin.py:190} INFO - [2025-03-27T15:21:10.204-0500] {dag.py:4180} INFO - Setting next_dagrun for example_params_ui_tutorial to None, run_after=None
[2025-03-27T15:21:10.312-0500] {processor.py:208} INFO - Processing /home/udhbhav/miniconda3/lib/python3.11/site-packages/airflow/example_dags/example_params_ui_tutorial.py took 0.143 seconds
[2025-03-27T15:22:24.247-0500] {processor.py:186} INFO - Started process (PID=1808631) to work on /home/udhbhav/miniconda3/lib/python3.11/site-packages/airflow/example_dags/example_params_ui_tutorial.py
[2025-03-27T15:22:24.247-0500] {processor.py:914} INFO - Processing file /home/udhbhav/miniconda3/lib/python3.11/site-packages/airflow/example_dags/example_params_ui_tutorial.py for tasks to queue
[2025-03-27T15:22:24.248-0500] {logging_mixin.py:190} INFO - [2025-03-27T15:22:24.248-0500] {dagbag.py:588} INFO - Filling up the DagBag from /home/udhbhav/miniconda3/lib/python3.11/site-packages/airflow/example_dags/example_params_ui_tutorial.py
[2025-03-27T15:22:24.253-0500] {processor.py:925} INFO - DAG(s) 'example_params_ui_tutorial' retrieved from /home/udhbhav/miniconda3/lib/python3.11/site-packages/airflow/example_dags/example_params_ui_tutorial.py
[2025-03-27T15:22:24.272-0500] {logging_mixin.py:190} INFO - [2025-03-27T15:22:24.272-0500] {dag.py:3239} INFO - Sync 1 DAGs
[2025-03-27T15:22:24.277-0500] {logging_mixin.py:190} INFO - [2025-03-27T15:22:24.277-0500] {dag.py:4180} INFO - Setting next_dagrun for example_params_ui_tutorial to None, run_after=None
[2025-03-27T15:22:24.386-0500] {processor.py:208} INFO - Processing /home/udhbhav/miniconda3/lib/python3.11/site-packages/airflow/example_dags/example_params_ui_tutorial.py took 0.142 seconds
[2025-03-27T15:23:40.830-0500] {processor.py:186} INFO - Started process (PID=1809412) to work on /home/udhbhav/miniconda3/lib/python3.11/site-packages/airflow/example_dags/example_params_ui_tutorial.py
[2025-03-27T15:23:40.830-0500] {processor.py:914} INFO - Processing file /home/udhbhav/miniconda3/lib/python3.11/site-packages/airflow/example_dags/example_params_ui_tutorial.py for tasks to queue
[2025-03-27T15:23:40.831-0500] {logging_mixin.py:190} INFO - [2025-03-27T15:23:40.831-0500] {dagbag.py:588} INFO - Filling up the DagBag from /home/udhbhav/miniconda3/lib/python3.11/site-packages/airflow/example_dags/example_params_ui_tutorial.py
[2025-03-27T15:23:40.836-0500] {processor.py:925} INFO - DAG(s) 'example_params_ui_tutorial' retrieved from /home/udhbhav/miniconda3/lib/python3.11/site-packages/airflow/example_dags/example_params_ui_tutorial.py
[2025-03-27T15:23:40.855-0500] {logging_mixin.py:190} INFO - [2025-03-27T15:23:40.854-0500] {dag.py:3239} INFO - Sync 1 DAGs
[2025-03-27T15:23:40.860-0500] {logging_mixin.py:190} INFO - [2025-03-27T15:23:40.860-0500] {dag.py:4180} INFO - Setting next_dagrun for example_params_ui_tutorial to None, run_after=None
[2025-03-27T15:23:40.973-0500] {processor.py:208} INFO - Processing /home/udhbhav/miniconda3/lib/python3.11/site-packages/airflow/example_dags/example_params_ui_tutorial.py took 0.146 seconds
[2025-03-27T15:24:48.965-0500] {processor.py:186} INFO - Started process (PID=1810224) to work on /home/udhbhav/miniconda3/lib/python3.11/site-packages/airflow/example_dags/example_params_ui_tutorial.py
[2025-03-27T15:24:48.965-0500] {processor.py:914} INFO - Processing file /home/udhbhav/miniconda3/lib/python3.11/site-packages/airflow/example_dags/example_params_ui_tutorial.py for tasks to queue
[2025-03-27T15:24:48.966-0500] {logging_mixin.py:190} INFO - [2025-03-27T15:24:48.966-0500] {dagbag.py:588} INFO - Filling up the DagBag from /home/udhbhav/miniconda3/lib/python3.11/site-packages/airflow/example_dags/example_params_ui_tutorial.py
[2025-03-27T15:24:48.971-0500] {processor.py:925} INFO - DAG(s) 'example_params_ui_tutorial' retrieved from /home/udhbhav/miniconda3/lib/python3.11/site-packages/airflow/example_dags/example_params_ui_tutorial.py
[2025-03-27T15:24:48.990-0500] {logging_mixin.py:190} INFO - [2025-03-27T15:24:48.990-0500] {dag.py:3239} INFO - Sync 1 DAGs
[2025-03-27T15:24:48.995-0500] {logging_mixin.py:190} INFO - [2025-03-27T15:24:48.995-0500] {dag.py:4180} INFO - Setting next_dagrun for example_params_ui_tutorial to None, run_after=None
[2025-03-27T15:24:49.205-0500] {processor.py:208} INFO - Processing /home/udhbhav/miniconda3/lib/python3.11/site-packages/airflow/example_dags/example_params_ui_tutorial.py took 0.243 seconds
[2025-03-27T15:26:26.271-0500] {processor.py:186} INFO - Started process (PID=1811118) to work on /home/udhbhav/miniconda3/lib/python3.11/site-packages/airflow/example_dags/example_params_ui_tutorial.py
[2025-03-27T15:26:26.271-0500] {processor.py:914} INFO - Processing file /home/udhbhav/miniconda3/lib/python3.11/site-packages/airflow/example_dags/example_params_ui_tutorial.py for tasks to queue
[2025-03-27T15:26:26.272-0500] {logging_mixin.py:190} INFO - [2025-03-27T15:26:26.272-0500] {dagbag.py:588} INFO - Filling up the DagBag from /home/udhbhav/miniconda3/lib/python3.11/site-packages/airflow/example_dags/example_params_ui_tutorial.py
[2025-03-27T15:26:26.277-0500] {processor.py:925} INFO - DAG(s) 'example_params_ui_tutorial' retrieved from /home/udhbhav/miniconda3/lib/python3.11/site-packages/airflow/example_dags/example_params_ui_tutorial.py
[2025-03-27T15:26:26.296-0500] {logging_mixin.py:190} INFO - [2025-03-27T15:26:26.296-0500] {dag.py:3239} INFO - Sync 1 DAGs
[2025-03-27T15:26:26.301-0500] {logging_mixin.py:190} INFO - [2025-03-27T15:26:26.301-0500] {dag.py:4180} INFO - Setting next_dagrun for example_params_ui_tutorial to None, run_after=None
[2025-03-27T15:26:26.524-0500] {processor.py:208} INFO - Processing /home/udhbhav/miniconda3/lib/python3.11/site-packages/airflow/example_dags/example_params_ui_tutorial.py took 0.257 seconds
[2025-03-27T15:27:40.196-0500] {processor.py:186} INFO - Started process (PID=1811858) to work on /home/udhbhav/miniconda3/lib/python3.11/site-packages/airflow/example_dags/example_params_ui_tutorial.py
[2025-03-27T15:27:40.196-0500] {processor.py:914} INFO - Processing file /home/udhbhav/miniconda3/lib/python3.11/site-packages/airflow/example_dags/example_params_ui_tutorial.py for tasks to queue
[2025-03-27T15:27:40.197-0500] {logging_mixin.py:190} INFO - [2025-03-27T15:27:40.197-0500] {dagbag.py:588} INFO - Filling up the DagBag from /home/udhbhav/miniconda3/lib/python3.11/site-packages/airflow/example_dags/example_params_ui_tutorial.py
[2025-03-27T15:27:40.202-0500] {processor.py:925} INFO - DAG(s) 'example_params_ui_tutorial' retrieved from /home/udhbhav/miniconda3/lib/python3.11/site-packages/airflow/example_dags/example_params_ui_tutorial.py
[2025-03-27T15:27:40.221-0500] {logging_mixin.py:190} INFO - [2025-03-27T15:27:40.220-0500] {dag.py:3239} INFO - Sync 1 DAGs
[2025-03-27T15:27:40.226-0500] {logging_mixin.py:190} INFO - [2025-03-27T15:27:40.226-0500] {dag.py:4180} INFO - Setting next_dagrun for example_params_ui_tutorial to None, run_after=None
[2025-03-27T15:27:40.394-0500] {processor.py:208} INFO - Processing /home/udhbhav/miniconda3/lib/python3.11/site-packages/airflow/example_dags/example_params_ui_tutorial.py took 0.201 seconds
[2025-03-27T15:29:19.666-0500] {processor.py:186} INFO - Started process (PID=1812740) to work on /home/udhbhav/miniconda3/lib/python3.11/site-packages/airflow/example_dags/example_params_ui_tutorial.py
[2025-03-27T15:29:19.666-0500] {processor.py:914} INFO - Processing file /home/udhbhav/miniconda3/lib/python3.11/site-packages/airflow/example_dags/example_params_ui_tutorial.py for tasks to queue
[2025-03-27T15:29:19.667-0500] {logging_mixin.py:190} INFO - [2025-03-27T15:29:19.667-0500] {dagbag.py:588} INFO - Filling up the DagBag from /home/udhbhav/miniconda3/lib/python3.11/site-packages/airflow/example_dags/example_params_ui_tutorial.py
[2025-03-27T15:29:19.672-0500] {processor.py:925} INFO - DAG(s) 'example_params_ui_tutorial' retrieved from /home/udhbhav/miniconda3/lib/python3.11/site-packages/airflow/example_dags/example_params_ui_tutorial.py
[2025-03-27T15:29:19.691-0500] {logging_mixin.py:190} INFO - [2025-03-27T15:29:19.691-0500] {dag.py:3239} INFO - Sync 1 DAGs
[2025-03-27T15:29:19.696-0500] {logging_mixin.py:190} INFO - [2025-03-27T15:29:19.696-0500] {dag.py:4180} INFO - Setting next_dagrun for example_params_ui_tutorial to None, run_after=None
[2025-03-27T15:29:19.929-0500] {processor.py:208} INFO - Processing /home/udhbhav/miniconda3/lib/python3.11/site-packages/airflow/example_dags/example_params_ui_tutorial.py took 0.266 seconds
[2025-03-27T15:31:07.867-0500] {processor.py:186} INFO - Started process (PID=1813728) to work on /home/udhbhav/miniconda3/lib/python3.11/site-packages/airflow/example_dags/example_params_ui_tutorial.py
[2025-03-27T15:31:07.867-0500] {processor.py:914} INFO - Processing file /home/udhbhav/miniconda3/lib/python3.11/site-packages/airflow/example_dags/example_params_ui_tutorial.py for tasks to queue
[2025-03-27T15:31:07.868-0500] {logging_mixin.py:190} INFO - [2025-03-27T15:31:07.868-0500] {dagbag.py:588} INFO - Filling up the DagBag from /home/udhbhav/miniconda3/lib/python3.11/site-packages/airflow/example_dags/example_params_ui_tutorial.py
[2025-03-27T15:31:07.873-0500] {processor.py:925} INFO - DAG(s) 'example_params_ui_tutorial' retrieved from /home/udhbhav/miniconda3/lib/python3.11/site-packages/airflow/example_dags/example_params_ui_tutorial.py
[2025-03-27T15:31:07.892-0500] {logging_mixin.py:190} INFO - [2025-03-27T15:31:07.891-0500] {dag.py:3239} INFO - Sync 1 DAGs
[2025-03-27T15:31:07.897-0500] {logging_mixin.py:190} INFO - [2025-03-27T15:31:07.897-0500] {dag.py:4180} INFO - Setting next_dagrun for example_params_ui_tutorial to None, run_after=None
[2025-03-27T15:31:09.272-0500] {processor.py:208} INFO - Processing /home/udhbhav/miniconda3/lib/python3.11/site-packages/airflow/example_dags/example_params_ui_tutorial.py took 1.408 seconds
[2025-03-27T15:32:39.539-0500] {processor.py:186} INFO - Started process (PID=1814672) to work on /home/udhbhav/miniconda3/lib/python3.11/site-packages/airflow/example_dags/example_params_ui_tutorial.py
[2025-03-27T15:32:39.539-0500] {processor.py:914} INFO - Processing file /home/udhbhav/miniconda3/lib/python3.11/site-packages/airflow/example_dags/example_params_ui_tutorial.py for tasks to queue
[2025-03-27T15:32:39.540-0500] {logging_mixin.py:190} INFO - [2025-03-27T15:32:39.540-0500] {dagbag.py:588} INFO - Filling up the DagBag from /home/udhbhav/miniconda3/lib/python3.11/site-packages/airflow/example_dags/example_params_ui_tutorial.py
[2025-03-27T15:32:39.545-0500] {processor.py:925} INFO - DAG(s) 'example_params_ui_tutorial' retrieved from /home/udhbhav/miniconda3/lib/python3.11/site-packages/airflow/example_dags/example_params_ui_tutorial.py
[2025-03-27T15:32:39.564-0500] {logging_mixin.py:190} INFO - [2025-03-27T15:32:39.564-0500] {dag.py:3239} INFO - Sync 1 DAGs
[2025-03-27T15:32:39.569-0500] {logging_mixin.py:190} INFO - [2025-03-27T15:32:39.569-0500] {dag.py:4180} INFO - Setting next_dagrun for example_params_ui_tutorial to None, run_after=None
[2025-03-27T15:32:39.682-0500] {processor.py:208} INFO - Processing /home/udhbhav/miniconda3/lib/python3.11/site-packages/airflow/example_dags/example_params_ui_tutorial.py took 0.146 seconds
[2025-03-27T15:33:50.334-0500] {processor.py:186} INFO - Started process (PID=1815374) to work on /home/udhbhav/miniconda3/lib/python3.11/site-packages/airflow/example_dags/example_params_ui_tutorial.py
[2025-03-27T15:33:50.335-0500] {processor.py:914} INFO - Processing file /home/udhbhav/miniconda3/lib/python3.11/site-packages/airflow/example_dags/example_params_ui_tutorial.py for tasks to queue
[2025-03-27T15:33:50.336-0500] {logging_mixin.py:190} INFO - [2025-03-27T15:33:50.335-0500] {dagbag.py:588} INFO - Filling up the DagBag from /home/udhbhav/miniconda3/lib/python3.11/site-packages/airflow/example_dags/example_params_ui_tutorial.py
[2025-03-27T15:33:50.340-0500] {processor.py:925} INFO - DAG(s) 'example_params_ui_tutorial' retrieved from /home/udhbhav/miniconda3/lib/python3.11/site-packages/airflow/example_dags/example_params_ui_tutorial.py
[2025-03-27T15:33:50.360-0500] {logging_mixin.py:190} INFO - [2025-03-27T15:33:50.359-0500] {dag.py:3239} INFO - Sync 1 DAGs
[2025-03-27T15:33:50.365-0500] {logging_mixin.py:190} INFO - [2025-03-27T15:33:50.365-0500] {dag.py:4180} INFO - Setting next_dagrun for example_params_ui_tutorial to None, run_after=None
[2025-03-27T15:33:50.476-0500] {processor.py:208} INFO - Processing /home/udhbhav/miniconda3/lib/python3.11/site-packages/airflow/example_dags/example_params_ui_tutorial.py took 0.145 seconds
[2025-03-27T15:34:54.156-0500] {processor.py:186} INFO - Started process (PID=1816030) to work on /home/udhbhav/miniconda3/lib/python3.11/site-packages/airflow/example_dags/example_params_ui_tutorial.py
[2025-03-27T15:34:54.156-0500] {processor.py:914} INFO - Processing file /home/udhbhav/miniconda3/lib/python3.11/site-packages/airflow/example_dags/example_params_ui_tutorial.py for tasks to queue
[2025-03-27T15:34:54.157-0500] {logging_mixin.py:190} INFO - [2025-03-27T15:34:54.157-0500] {dagbag.py:588} INFO - Filling up the DagBag from /home/udhbhav/miniconda3/lib/python3.11/site-packages/airflow/example_dags/example_params_ui_tutorial.py
[2025-03-27T15:34:54.162-0500] {processor.py:925} INFO - DAG(s) 'example_params_ui_tutorial' retrieved from /home/udhbhav/miniconda3/lib/python3.11/site-packages/airflow/example_dags/example_params_ui_tutorial.py
[2025-03-27T15:34:54.180-0500] {logging_mixin.py:190} INFO - [2025-03-27T15:34:54.180-0500] {dag.py:3239} INFO - Sync 1 DAGs
[2025-03-27T15:34:54.186-0500] {logging_mixin.py:190} INFO - [2025-03-27T15:34:54.186-0500] {dag.py:4180} INFO - Setting next_dagrun for example_params_ui_tutorial to None, run_after=None
[2025-03-27T15:34:54.293-0500] {processor.py:208} INFO - Processing /home/udhbhav/miniconda3/lib/python3.11/site-packages/airflow/example_dags/example_params_ui_tutorial.py took 0.141 seconds
[2025-03-27T15:36:12.804-0500] {processor.py:186} INFO - Started process (PID=1816718) to work on /home/udhbhav/miniconda3/lib/python3.11/site-packages/airflow/example_dags/example_params_ui_tutorial.py
[2025-03-27T15:36:12.805-0500] {processor.py:914} INFO - Processing file /home/udhbhav/miniconda3/lib/python3.11/site-packages/airflow/example_dags/example_params_ui_tutorial.py for tasks to queue
[2025-03-27T15:36:12.806-0500] {logging_mixin.py:190} INFO - [2025-03-27T15:36:12.806-0500] {dagbag.py:588} INFO - Filling up the DagBag from /home/udhbhav/miniconda3/lib/python3.11/site-packages/airflow/example_dags/example_params_ui_tutorial.py
[2025-03-27T15:36:12.811-0500] {processor.py:925} INFO - DAG(s) 'example_params_ui_tutorial' retrieved from /home/udhbhav/miniconda3/lib/python3.11/site-packages/airflow/example_dags/example_params_ui_tutorial.py
[2025-03-27T15:36:12.830-0500] {logging_mixin.py:190} INFO - [2025-03-27T15:36:12.830-0500] {dag.py:3239} INFO - Sync 1 DAGs
[2025-03-27T15:36:12.835-0500] {logging_mixin.py:190} INFO - [2025-03-27T15:36:12.835-0500] {dag.py:4180} INFO - Setting next_dagrun for example_params_ui_tutorial to None, run_after=None
[2025-03-27T15:36:13.053-0500] {processor.py:208} INFO - Processing /home/udhbhav/miniconda3/lib/python3.11/site-packages/airflow/example_dags/example_params_ui_tutorial.py took 0.252 seconds
