[2025-03-27T14:24:57.853-0500] {processor.py:186} INFO - Started process (PID=1762452) to work on /home/udhbhav/miniconda3/lib/python3.11/site-packages/airflow/example_dags/example_branch_python_dop_operator_3.py
[2025-03-27T14:24:57.853-0500] {processor.py:914} INFO - Processing file /home/udhbhav/miniconda3/lib/python3.11/site-packages/airflow/example_dags/example_branch_python_dop_operator_3.py for tasks to queue
[2025-03-27T14:24:57.854-0500] {logging_mixin.py:190} INFO - [2025-03-27T14:24:57.854-0500] {dagbag.py:588} INFO - Filling up the DagBag from /home/udhbhav/miniconda3/lib/python3.11/site-packages/airflow/example_dags/example_branch_python_dop_operator_3.py
[2025-03-27T14:24:57.859-0500] {processor.py:925} INFO - DAG(s) 'example_branch_dop_operator_v3' retrieved from /home/udhbhav/miniconda3/lib/python3.11/site-packages/airflow/example_dags/example_branch_python_dop_operator_3.py
[2025-03-27T14:24:58.159-0500] {logging_mixin.py:190} INFO - [2025-03-27T14:24:58.159-0500] {override.py:1912} INFO - Created Permission View: can read on DAG:example_branch_dop_operator_v3
[2025-03-27T14:24:58.270-0500] {logging_mixin.py:190} INFO - [2025-03-27T14:24:58.270-0500] {override.py:1912} INFO - Created Permission View: can edit on DAG:example_branch_dop_operator_v3
[2025-03-27T14:24:58.339-0500] {logging_mixin.py:190} INFO - [2025-03-27T14:24:58.339-0500] {override.py:1912} INFO - Created Permission View: can delete on DAG:example_branch_dop_operator_v3
[2025-03-27T14:24:58.476-0500] {logging_mixin.py:190} INFO - [2025-03-27T14:24:58.476-0500] {override.py:1912} INFO - Created Permission View: can read on DAG Run:example_branch_dop_operator_v3
[2025-03-27T14:24:58.547-0500] {logging_mixin.py:190} INFO - [2025-03-27T14:24:58.546-0500] {override.py:1912} INFO - Created Permission View: menu access on DAG Run:example_branch_dop_operator_v3
[2025-03-27T14:24:58.632-0500] {logging_mixin.py:190} INFO - [2025-03-27T14:24:58.632-0500] {override.py:1912} INFO - Created Permission View: can create on DAG Run:example_branch_dop_operator_v3
[2025-03-27T14:24:58.701-0500] {logging_mixin.py:190} INFO - [2025-03-27T14:24:58.701-0500] {override.py:1912} INFO - Created Permission View: can delete on DAG Run:example_branch_dop_operator_v3
[2025-03-27T14:24:58.702-0500] {logging_mixin.py:190} INFO - [2025-03-27T14:24:58.702-0500] {dag.py:3239} INFO - Sync 1 DAGs
[2025-03-27T14:24:58.707-0500] {logging_mixin.py:190} INFO - [2025-03-27T14:24:58.707-0500] {dag.py:3262} INFO - Creating ORM DAG for example_branch_dop_operator_v3
[2025-03-27T14:24:58.716-0500] {logging_mixin.py:190} INFO - [2025-03-27T14:24:58.716-0500] {dag.py:4180} INFO - Setting next_dagrun for example_branch_dop_operator_v3 to 2025-03-27 19:23:00+00:00, run_after=2025-03-27 19:24:00+00:00
[2025-03-27T14:24:58.803-0500] {processor.py:208} INFO - Processing /home/udhbhav/miniconda3/lib/python3.11/site-packages/airflow/example_dags/example_branch_python_dop_operator_3.py took 0.953 seconds
[2025-03-27T14:28:06.307-0500] {processor.py:186} INFO - Started process (PID=1764123) to work on /home/udhbhav/miniconda3/lib/python3.11/site-packages/airflow/example_dags/example_branch_python_dop_operator_3.py
[2025-03-27T14:28:06.308-0500] {processor.py:914} INFO - Processing file /home/udhbhav/miniconda3/lib/python3.11/site-packages/airflow/example_dags/example_branch_python_dop_operator_3.py for tasks to queue
[2025-03-27T14:28:06.309-0500] {logging_mixin.py:190} INFO - [2025-03-27T14:28:06.308-0500] {dagbag.py:588} INFO - Filling up the DagBag from /home/udhbhav/miniconda3/lib/python3.11/site-packages/airflow/example_dags/example_branch_python_dop_operator_3.py
[2025-03-27T14:28:06.316-0500] {processor.py:925} INFO - DAG(s) 'example_branch_dop_operator_v3' retrieved from /home/udhbhav/miniconda3/lib/python3.11/site-packages/airflow/example_dags/example_branch_python_dop_operator_3.py
[2025-03-27T14:28:06.323-0500] {logging_mixin.py:190} INFO - [2025-03-27T14:28:06.322-0500] {dag.py:3239} INFO - Sync 1 DAGs
[2025-03-27T14:28:06.335-0500] {logging_mixin.py:190} INFO - [2025-03-27T14:28:06.335-0500] {dag.py:4180} INFO - Setting next_dagrun for example_branch_dop_operator_v3 to 2025-03-27 19:27:00+00:00, run_after=2025-03-27 19:28:00+00:00
[2025-03-27T14:28:06.548-0500] {processor.py:208} INFO - Processing /home/udhbhav/miniconda3/lib/python3.11/site-packages/airflow/example_dags/example_branch_python_dop_operator_3.py took 0.243 seconds
[2025-03-27T14:35:23.030-0500] {processor.py:186} INFO - Started process (PID=1768129) to work on /home/udhbhav/miniconda3/lib/python3.11/site-packages/airflow/example_dags/example_branch_python_dop_operator_3.py
[2025-03-27T14:35:23.031-0500] {processor.py:914} INFO - Processing file /home/udhbhav/miniconda3/lib/python3.11/site-packages/airflow/example_dags/example_branch_python_dop_operator_3.py for tasks to queue
[2025-03-27T14:35:23.032-0500] {logging_mixin.py:190} INFO - [2025-03-27T14:35:23.032-0500] {dagbag.py:588} INFO - Filling up the DagBag from /home/udhbhav/miniconda3/lib/python3.11/site-packages/airflow/example_dags/example_branch_python_dop_operator_3.py
[2025-03-27T14:35:23.037-0500] {processor.py:925} INFO - DAG(s) 'example_branch_dop_operator_v3' retrieved from /home/udhbhav/miniconda3/lib/python3.11/site-packages/airflow/example_dags/example_branch_python_dop_operator_3.py
[2025-03-27T14:35:23.047-0500] {logging_mixin.py:190} INFO - [2025-03-27T14:35:23.047-0500] {dag.py:3239} INFO - Sync 1 DAGs
[2025-03-27T14:35:23.059-0500] {logging_mixin.py:190} INFO - [2025-03-27T14:35:23.059-0500] {dag.py:4180} INFO - Setting next_dagrun for example_branch_dop_operator_v3 to 2025-03-27 19:34:00+00:00, run_after=2025-03-27 19:35:00+00:00
[2025-03-27T14:35:23.168-0500] {processor.py:208} INFO - Processing /home/udhbhav/miniconda3/lib/python3.11/site-packages/airflow/example_dags/example_branch_python_dop_operator_3.py took 0.140 seconds
[2025-03-27T14:37:07.712-0500] {processor.py:186} INFO - Started process (PID=1769326) to work on /home/udhbhav/miniconda3/lib/python3.11/site-packages/airflow/example_dags/example_branch_python_dop_operator_3.py
[2025-03-27T14:37:07.712-0500] {processor.py:914} INFO - Processing file /home/udhbhav/miniconda3/lib/python3.11/site-packages/airflow/example_dags/example_branch_python_dop_operator_3.py for tasks to queue
[2025-03-27T14:37:07.713-0500] {logging_mixin.py:190} INFO - [2025-03-27T14:37:07.713-0500] {dagbag.py:588} INFO - Filling up the DagBag from /home/udhbhav/miniconda3/lib/python3.11/site-packages/airflow/example_dags/example_branch_python_dop_operator_3.py
[2025-03-27T14:37:07.718-0500] {processor.py:925} INFO - DAG(s) 'example_branch_dop_operator_v3' retrieved from /home/udhbhav/miniconda3/lib/python3.11/site-packages/airflow/example_dags/example_branch_python_dop_operator_3.py
[2025-03-27T14:37:07.728-0500] {logging_mixin.py:190} INFO - [2025-03-27T14:37:07.728-0500] {dag.py:3239} INFO - Sync 1 DAGs
[2025-03-27T14:37:07.738-0500] {logging_mixin.py:190} INFO - [2025-03-27T14:37:07.737-0500] {dag.py:4180} INFO - Setting next_dagrun for example_branch_dop_operator_v3 to 2025-03-27 19:36:00+00:00, run_after=2025-03-27 19:37:00+00:00
[2025-03-27T14:37:07.843-0500] {processor.py:208} INFO - Processing /home/udhbhav/miniconda3/lib/python3.11/site-packages/airflow/example_dags/example_branch_python_dop_operator_3.py took 0.134 seconds
[2025-03-27T14:38:15.863-0500] {processor.py:186} INFO - Started process (PID=1770373) to work on /home/udhbhav/miniconda3/lib/python3.11/site-packages/airflow/example_dags/example_branch_python_dop_operator_3.py
[2025-03-27T14:38:15.864-0500] {processor.py:914} INFO - Processing file /home/udhbhav/miniconda3/lib/python3.11/site-packages/airflow/example_dags/example_branch_python_dop_operator_3.py for tasks to queue
[2025-03-27T14:38:15.865-0500] {logging_mixin.py:190} INFO - [2025-03-27T14:38:15.865-0500] {dagbag.py:588} INFO - Filling up the DagBag from /home/udhbhav/miniconda3/lib/python3.11/site-packages/airflow/example_dags/example_branch_python_dop_operator_3.py
[2025-03-27T14:38:15.928-0500] {processor.py:925} INFO - DAG(s) 'example_branch_dop_operator_v3' retrieved from /home/udhbhav/miniconda3/lib/python3.11/site-packages/airflow/example_dags/example_branch_python_dop_operator_3.py
[2025-03-27T14:38:15.933-0500] {logging_mixin.py:190} INFO - [2025-03-27T14:38:15.933-0500] {dag.py:3239} INFO - Sync 1 DAGs
[2025-03-27T14:38:15.942-0500] {logging_mixin.py:190} INFO - [2025-03-27T14:38:15.942-0500] {dag.py:4180} INFO - Setting next_dagrun for example_branch_dop_operator_v3 to 2025-03-27 19:37:00+00:00, run_after=2025-03-27 19:38:00+00:00
[2025-03-27T14:38:16.046-0500] {processor.py:208} INFO - Processing /home/udhbhav/miniconda3/lib/python3.11/site-packages/airflow/example_dags/example_branch_python_dop_operator_3.py took 0.185 seconds
[2025-03-27T14:39:27.419-0500] {processor.py:186} INFO - Started process (PID=1771125) to work on /home/udhbhav/miniconda3/lib/python3.11/site-packages/airflow/example_dags/example_branch_python_dop_operator_3.py
[2025-03-27T14:39:27.420-0500] {processor.py:914} INFO - Processing file /home/udhbhav/miniconda3/lib/python3.11/site-packages/airflow/example_dags/example_branch_python_dop_operator_3.py for tasks to queue
[2025-03-27T14:39:27.422-0500] {logging_mixin.py:190} INFO - [2025-03-27T14:39:27.422-0500] {dagbag.py:588} INFO - Filling up the DagBag from /home/udhbhav/miniconda3/lib/python3.11/site-packages/airflow/example_dags/example_branch_python_dop_operator_3.py
[2025-03-27T14:39:27.427-0500] {processor.py:925} INFO - DAG(s) 'example_branch_dop_operator_v3' retrieved from /home/udhbhav/miniconda3/lib/python3.11/site-packages/airflow/example_dags/example_branch_python_dop_operator_3.py
[2025-03-27T14:39:27.434-0500] {logging_mixin.py:190} INFO - [2025-03-27T14:39:27.434-0500] {dag.py:3239} INFO - Sync 1 DAGs
[2025-03-27T14:39:27.444-0500] {logging_mixin.py:190} INFO - [2025-03-27T14:39:27.444-0500] {dag.py:4180} INFO - Setting next_dagrun for example_branch_dop_operator_v3 to 2025-03-27 19:38:00+00:00, run_after=2025-03-27 19:39:00+00:00
[2025-03-27T14:39:27.552-0500] {processor.py:208} INFO - Processing /home/udhbhav/miniconda3/lib/python3.11/site-packages/airflow/example_dags/example_branch_python_dop_operator_3.py took 0.135 seconds
[2025-03-27T14:40:12.443-0500] {processor.py:186} INFO - Started process (PID=1771522) to work on /home/udhbhav/miniconda3/lib/python3.11/site-packages/airflow/example_dags/example_branch_python_dop_operator_3.py
[2025-03-27T14:40:12.443-0500] {processor.py:914} INFO - Processing file /home/udhbhav/miniconda3/lib/python3.11/site-packages/airflow/example_dags/example_branch_python_dop_operator_3.py for tasks to queue
[2025-03-27T14:40:12.444-0500] {logging_mixin.py:190} INFO - [2025-03-27T14:40:12.444-0500] {dagbag.py:588} INFO - Filling up the DagBag from /home/udhbhav/miniconda3/lib/python3.11/site-packages/airflow/example_dags/example_branch_python_dop_operator_3.py
[2025-03-27T14:40:12.449-0500] {processor.py:925} INFO - DAG(s) 'example_branch_dop_operator_v3' retrieved from /home/udhbhav/miniconda3/lib/python3.11/site-packages/airflow/example_dags/example_branch_python_dop_operator_3.py
[2025-03-27T14:40:12.456-0500] {logging_mixin.py:190} INFO - [2025-03-27T14:40:12.456-0500] {dag.py:3239} INFO - Sync 1 DAGs
[2025-03-27T14:40:12.466-0500] {logging_mixin.py:190} INFO - [2025-03-27T14:40:12.466-0500] {dag.py:4180} INFO - Setting next_dagrun for example_branch_dop_operator_v3 to 2025-03-27 19:39:00+00:00, run_after=2025-03-27 19:40:00+00:00
[2025-03-27T14:40:12.576-0500] {processor.py:208} INFO - Processing /home/udhbhav/miniconda3/lib/python3.11/site-packages/airflow/example_dags/example_branch_python_dop_operator_3.py took 0.136 seconds
[2025-03-27T14:40:52.650-0500] {processor.py:186} INFO - Started process (PID=1772035) to work on /home/udhbhav/miniconda3/lib/python3.11/site-packages/airflow/example_dags/example_branch_python_dop_operator_3.py
[2025-03-27T14:40:52.650-0500] {processor.py:914} INFO - Processing file /home/udhbhav/miniconda3/lib/python3.11/site-packages/airflow/example_dags/example_branch_python_dop_operator_3.py for tasks to queue
[2025-03-27T14:40:52.651-0500] {logging_mixin.py:190} INFO - [2025-03-27T14:40:52.651-0500] {dagbag.py:588} INFO - Filling up the DagBag from /home/udhbhav/miniconda3/lib/python3.11/site-packages/airflow/example_dags/example_branch_python_dop_operator_3.py
[2025-03-27T14:40:52.657-0500] {processor.py:925} INFO - DAG(s) 'example_branch_dop_operator_v3' retrieved from /home/udhbhav/miniconda3/lib/python3.11/site-packages/airflow/example_dags/example_branch_python_dop_operator_3.py
[2025-03-27T14:40:52.664-0500] {logging_mixin.py:190} INFO - [2025-03-27T14:40:52.663-0500] {dag.py:3239} INFO - Sync 1 DAGs
[2025-03-27T14:40:52.673-0500] {logging_mixin.py:190} INFO - [2025-03-27T14:40:52.673-0500] {dag.py:4180} INFO - Setting next_dagrun for example_branch_dop_operator_v3 to 2025-03-27 19:39:00+00:00, run_after=2025-03-27 19:40:00+00:00
[2025-03-27T14:40:52.780-0500] {processor.py:208} INFO - Processing /home/udhbhav/miniconda3/lib/python3.11/site-packages/airflow/example_dags/example_branch_python_dop_operator_3.py took 0.133 seconds
[2025-03-27T14:41:38.203-0500] {processor.py:186} INFO - Started process (PID=1772663) to work on /home/udhbhav/miniconda3/lib/python3.11/site-packages/airflow/example_dags/example_branch_python_dop_operator_3.py
[2025-03-27T14:41:38.204-0500] {processor.py:914} INFO - Processing file /home/udhbhav/miniconda3/lib/python3.11/site-packages/airflow/example_dags/example_branch_python_dop_operator_3.py for tasks to queue
[2025-03-27T14:41:38.205-0500] {logging_mixin.py:190} INFO - [2025-03-27T14:41:38.205-0500] {dagbag.py:588} INFO - Filling up the DagBag from /home/udhbhav/miniconda3/lib/python3.11/site-packages/airflow/example_dags/example_branch_python_dop_operator_3.py
[2025-03-27T14:41:38.210-0500] {processor.py:925} INFO - DAG(s) 'example_branch_dop_operator_v3' retrieved from /home/udhbhav/miniconda3/lib/python3.11/site-packages/airflow/example_dags/example_branch_python_dop_operator_3.py
[2025-03-27T14:41:38.217-0500] {logging_mixin.py:190} INFO - [2025-03-27T14:41:38.217-0500] {dag.py:3239} INFO - Sync 1 DAGs
[2025-03-27T14:41:38.226-0500] {logging_mixin.py:190} INFO - [2025-03-27T14:41:38.226-0500] {dag.py:4180} INFO - Setting next_dagrun for example_branch_dop_operator_v3 to 2025-03-27 19:40:00+00:00, run_after=2025-03-27 19:41:00+00:00
[2025-03-27T14:41:38.333-0500] {processor.py:208} INFO - Processing /home/udhbhav/miniconda3/lib/python3.11/site-packages/airflow/example_dags/example_branch_python_dop_operator_3.py took 0.133 seconds
[2025-03-27T14:42:22.464-0500] {processor.py:186} INFO - Started process (PID=1773122) to work on /home/udhbhav/miniconda3/lib/python3.11/site-packages/airflow/example_dags/example_branch_python_dop_operator_3.py
[2025-03-27T14:42:22.464-0500] {processor.py:914} INFO - Processing file /home/udhbhav/miniconda3/lib/python3.11/site-packages/airflow/example_dags/example_branch_python_dop_operator_3.py for tasks to queue
[2025-03-27T14:42:22.465-0500] {logging_mixin.py:190} INFO - [2025-03-27T14:42:22.465-0500] {dagbag.py:588} INFO - Filling up the DagBag from /home/udhbhav/miniconda3/lib/python3.11/site-packages/airflow/example_dags/example_branch_python_dop_operator_3.py
[2025-03-27T14:42:22.471-0500] {processor.py:925} INFO - DAG(s) 'example_branch_dop_operator_v3' retrieved from /home/udhbhav/miniconda3/lib/python3.11/site-packages/airflow/example_dags/example_branch_python_dop_operator_3.py
[2025-03-27T14:42:22.478-0500] {logging_mixin.py:190} INFO - [2025-03-27T14:42:22.478-0500] {dag.py:3239} INFO - Sync 1 DAGs
[2025-03-27T14:42:22.487-0500] {logging_mixin.py:190} INFO - [2025-03-27T14:42:22.487-0500] {dag.py:4180} INFO - Setting next_dagrun for example_branch_dop_operator_v3 to 2025-03-27 19:41:00+00:00, run_after=2025-03-27 19:42:00+00:00
[2025-03-27T14:42:22.595-0500] {processor.py:208} INFO - Processing /home/udhbhav/miniconda3/lib/python3.11/site-packages/airflow/example_dags/example_branch_python_dop_operator_3.py took 0.134 seconds
[2025-03-27T14:43:44.404-0500] {processor.py:186} INFO - Started process (PID=1774157) to work on /home/udhbhav/miniconda3/lib/python3.11/site-packages/airflow/example_dags/example_branch_python_dop_operator_3.py
[2025-03-27T14:43:44.404-0500] {processor.py:914} INFO - Processing file /home/udhbhav/miniconda3/lib/python3.11/site-packages/airflow/example_dags/example_branch_python_dop_operator_3.py for tasks to queue
[2025-03-27T14:43:44.405-0500] {logging_mixin.py:190} INFO - [2025-03-27T14:43:44.405-0500] {dagbag.py:588} INFO - Filling up the DagBag from /home/udhbhav/miniconda3/lib/python3.11/site-packages/airflow/example_dags/example_branch_python_dop_operator_3.py
[2025-03-27T14:43:44.411-0500] {processor.py:925} INFO - DAG(s) 'example_branch_dop_operator_v3' retrieved from /home/udhbhav/miniconda3/lib/python3.11/site-packages/airflow/example_dags/example_branch_python_dop_operator_3.py
[2025-03-27T14:43:44.417-0500] {logging_mixin.py:190} INFO - [2025-03-27T14:43:44.417-0500] {dag.py:3239} INFO - Sync 1 DAGs
[2025-03-27T14:43:44.427-0500] {logging_mixin.py:190} INFO - [2025-03-27T14:43:44.427-0500] {dag.py:4180} INFO - Setting next_dagrun for example_branch_dop_operator_v3 to 2025-03-27 19:42:00+00:00, run_after=2025-03-27 19:43:00+00:00
[2025-03-27T14:43:44.535-0500] {processor.py:208} INFO - Processing /home/udhbhav/miniconda3/lib/python3.11/site-packages/airflow/example_dags/example_branch_python_dop_operator_3.py took 0.135 seconds
[2025-03-27T14:44:28.485-0500] {processor.py:186} INFO - Started process (PID=1774505) to work on /home/udhbhav/miniconda3/lib/python3.11/site-packages/airflow/example_dags/example_branch_python_dop_operator_3.py
[2025-03-27T14:44:28.486-0500] {processor.py:914} INFO - Processing file /home/udhbhav/miniconda3/lib/python3.11/site-packages/airflow/example_dags/example_branch_python_dop_operator_3.py for tasks to queue
[2025-03-27T14:44:28.487-0500] {logging_mixin.py:190} INFO - [2025-03-27T14:44:28.487-0500] {dagbag.py:588} INFO - Filling up the DagBag from /home/udhbhav/miniconda3/lib/python3.11/site-packages/airflow/example_dags/example_branch_python_dop_operator_3.py
[2025-03-27T14:44:28.493-0500] {processor.py:925} INFO - DAG(s) 'example_branch_dop_operator_v3' retrieved from /home/udhbhav/miniconda3/lib/python3.11/site-packages/airflow/example_dags/example_branch_python_dop_operator_3.py
[2025-03-27T14:44:28.500-0500] {logging_mixin.py:190} INFO - [2025-03-27T14:44:28.500-0500] {dag.py:3239} INFO - Sync 1 DAGs
[2025-03-27T14:44:28.509-0500] {logging_mixin.py:190} INFO - [2025-03-27T14:44:28.509-0500] {dag.py:4180} INFO - Setting next_dagrun for example_branch_dop_operator_v3 to 2025-03-27 19:43:00+00:00, run_after=2025-03-27 19:44:00+00:00
[2025-03-27T14:44:28.615-0500] {processor.py:208} INFO - Processing /home/udhbhav/miniconda3/lib/python3.11/site-packages/airflow/example_dags/example_branch_python_dop_operator_3.py took 0.132 seconds
[2025-03-27T14:45:39.507-0500] {processor.py:186} INFO - Started process (PID=1775252) to work on /home/udhbhav/miniconda3/lib/python3.11/site-packages/airflow/example_dags/example_branch_python_dop_operator_3.py
[2025-03-27T14:45:39.508-0500] {processor.py:914} INFO - Processing file /home/udhbhav/miniconda3/lib/python3.11/site-packages/airflow/example_dags/example_branch_python_dop_operator_3.py for tasks to queue
[2025-03-27T14:45:39.508-0500] {logging_mixin.py:190} INFO - [2025-03-27T14:45:39.508-0500] {dagbag.py:588} INFO - Filling up the DagBag from /home/udhbhav/miniconda3/lib/python3.11/site-packages/airflow/example_dags/example_branch_python_dop_operator_3.py
[2025-03-27T14:45:39.514-0500] {processor.py:925} INFO - DAG(s) 'example_branch_dop_operator_v3' retrieved from /home/udhbhav/miniconda3/lib/python3.11/site-packages/airflow/example_dags/example_branch_python_dop_operator_3.py
[2025-03-27T14:45:39.521-0500] {logging_mixin.py:190} INFO - [2025-03-27T14:45:39.521-0500] {dag.py:3239} INFO - Sync 1 DAGs
[2025-03-27T14:45:39.532-0500] {logging_mixin.py:190} INFO - [2025-03-27T14:45:39.532-0500] {dag.py:4180} INFO - Setting next_dagrun for example_branch_dop_operator_v3 to 2025-03-27 19:44:00+00:00, run_after=2025-03-27 19:45:00+00:00
[2025-03-27T14:45:39.725-0500] {processor.py:208} INFO - Processing /home/udhbhav/miniconda3/lib/python3.11/site-packages/airflow/example_dags/example_branch_python_dop_operator_3.py took 0.221 seconds
[2025-03-27T14:46:29.621-0500] {processor.py:186} INFO - Started process (PID=1775687) to work on /home/udhbhav/miniconda3/lib/python3.11/site-packages/airflow/example_dags/example_branch_python_dop_operator_3.py
[2025-03-27T14:46:29.622-0500] {processor.py:914} INFO - Processing file /home/udhbhav/miniconda3/lib/python3.11/site-packages/airflow/example_dags/example_branch_python_dop_operator_3.py for tasks to queue
[2025-03-27T14:46:29.622-0500] {logging_mixin.py:190} INFO - [2025-03-27T14:46:29.622-0500] {dagbag.py:588} INFO - Filling up the DagBag from /home/udhbhav/miniconda3/lib/python3.11/site-packages/airflow/example_dags/example_branch_python_dop_operator_3.py
[2025-03-27T14:46:29.628-0500] {processor.py:925} INFO - DAG(s) 'example_branch_dop_operator_v3' retrieved from /home/udhbhav/miniconda3/lib/python3.11/site-packages/airflow/example_dags/example_branch_python_dop_operator_3.py
[2025-03-27T14:46:29.635-0500] {logging_mixin.py:190} INFO - [2025-03-27T14:46:29.635-0500] {dag.py:3239} INFO - Sync 1 DAGs
[2025-03-27T14:46:29.644-0500] {logging_mixin.py:190} INFO - [2025-03-27T14:46:29.644-0500] {dag.py:4180} INFO - Setting next_dagrun for example_branch_dop_operator_v3 to 2025-03-27 19:45:00+00:00, run_after=2025-03-27 19:46:00+00:00
[2025-03-27T14:46:29.814-0500] {processor.py:208} INFO - Processing /home/udhbhav/miniconda3/lib/python3.11/site-packages/airflow/example_dags/example_branch_python_dop_operator_3.py took 0.196 seconds
[2025-03-27T14:47:14.225-0500] {processor.py:186} INFO - Started process (PID=1776128) to work on /home/udhbhav/miniconda3/lib/python3.11/site-packages/airflow/example_dags/example_branch_python_dop_operator_3.py
[2025-03-27T14:47:14.226-0500] {processor.py:914} INFO - Processing file /home/udhbhav/miniconda3/lib/python3.11/site-packages/airflow/example_dags/example_branch_python_dop_operator_3.py for tasks to queue
[2025-03-27T14:47:14.227-0500] {logging_mixin.py:190} INFO - [2025-03-27T14:47:14.227-0500] {dagbag.py:588} INFO - Filling up the DagBag from /home/udhbhav/miniconda3/lib/python3.11/site-packages/airflow/example_dags/example_branch_python_dop_operator_3.py
[2025-03-27T14:47:14.232-0500] {processor.py:925} INFO - DAG(s) 'example_branch_dop_operator_v3' retrieved from /home/udhbhav/miniconda3/lib/python3.11/site-packages/airflow/example_dags/example_branch_python_dop_operator_3.py
[2025-03-27T14:47:14.239-0500] {logging_mixin.py:190} INFO - [2025-03-27T14:47:14.239-0500] {dag.py:3239} INFO - Sync 1 DAGs
[2025-03-27T14:47:14.249-0500] {logging_mixin.py:190} INFO - [2025-03-27T14:47:14.249-0500] {dag.py:4180} INFO - Setting next_dagrun for example_branch_dop_operator_v3 to 2025-03-27 19:46:00+00:00, run_after=2025-03-27 19:47:00+00:00
[2025-03-27T14:47:14.407-0500] {processor.py:208} INFO - Processing /home/udhbhav/miniconda3/lib/python3.11/site-packages/airflow/example_dags/example_branch_python_dop_operator_3.py took 0.184 seconds
[2025-03-27T14:48:29.946-0500] {processor.py:186} INFO - Started process (PID=1776815) to work on /home/udhbhav/miniconda3/lib/python3.11/site-packages/airflow/example_dags/example_branch_python_dop_operator_3.py
[2025-03-27T14:48:29.947-0500] {processor.py:914} INFO - Processing file /home/udhbhav/miniconda3/lib/python3.11/site-packages/airflow/example_dags/example_branch_python_dop_operator_3.py for tasks to queue
[2025-03-27T14:48:29.948-0500] {logging_mixin.py:190} INFO - [2025-03-27T14:48:29.947-0500] {dagbag.py:588} INFO - Filling up the DagBag from /home/udhbhav/miniconda3/lib/python3.11/site-packages/airflow/example_dags/example_branch_python_dop_operator_3.py
[2025-03-27T14:48:29.953-0500] {processor.py:925} INFO - DAG(s) 'example_branch_dop_operator_v3' retrieved from /home/udhbhav/miniconda3/lib/python3.11/site-packages/airflow/example_dags/example_branch_python_dop_operator_3.py
[2025-03-27T14:48:29.960-0500] {logging_mixin.py:190} INFO - [2025-03-27T14:48:29.960-0500] {dag.py:3239} INFO - Sync 1 DAGs
[2025-03-27T14:48:29.969-0500] {logging_mixin.py:190} INFO - [2025-03-27T14:48:29.969-0500] {dag.py:4180} INFO - Setting next_dagrun for example_branch_dop_operator_v3 to 2025-03-27 19:47:00+00:00, run_after=2025-03-27 19:48:00+00:00
[2025-03-27T14:48:30.113-0500] {processor.py:208} INFO - Processing /home/udhbhav/miniconda3/lib/python3.11/site-packages/airflow/example_dags/example_branch_python_dop_operator_3.py took 0.170 seconds
[2025-03-27T14:49:07.987-0500] {processor.py:186} INFO - Started process (PID=1777194) to work on /home/udhbhav/miniconda3/lib/python3.11/site-packages/airflow/example_dags/example_branch_python_dop_operator_3.py
[2025-03-27T14:49:07.988-0500] {processor.py:914} INFO - Processing file /home/udhbhav/miniconda3/lib/python3.11/site-packages/airflow/example_dags/example_branch_python_dop_operator_3.py for tasks to queue
[2025-03-27T14:49:07.989-0500] {logging_mixin.py:190} INFO - [2025-03-27T14:49:07.988-0500] {dagbag.py:588} INFO - Filling up the DagBag from /home/udhbhav/miniconda3/lib/python3.11/site-packages/airflow/example_dags/example_branch_python_dop_operator_3.py
[2025-03-27T14:49:07.994-0500] {processor.py:925} INFO - DAG(s) 'example_branch_dop_operator_v3' retrieved from /home/udhbhav/miniconda3/lib/python3.11/site-packages/airflow/example_dags/example_branch_python_dop_operator_3.py
[2025-03-27T14:49:08.001-0500] {logging_mixin.py:190} INFO - [2025-03-27T14:49:08.001-0500] {dag.py:3239} INFO - Sync 1 DAGs
[2025-03-27T14:49:08.011-0500] {logging_mixin.py:190} INFO - [2025-03-27T14:49:08.011-0500] {dag.py:4180} INFO - Setting next_dagrun for example_branch_dop_operator_v3 to 2025-03-27 19:48:00+00:00, run_after=2025-03-27 19:49:00+00:00
[2025-03-27T14:49:08.751-0500] {processor.py:208} INFO - Processing /home/udhbhav/miniconda3/lib/python3.11/site-packages/airflow/example_dags/example_branch_python_dop_operator_3.py took 0.767 seconds
[2025-03-27T14:49:56.637-0500] {processor.py:186} INFO - Started process (PID=1777726) to work on /home/udhbhav/miniconda3/lib/python3.11/site-packages/airflow/example_dags/example_branch_python_dop_operator_3.py
[2025-03-27T14:49:56.638-0500] {processor.py:914} INFO - Processing file /home/udhbhav/miniconda3/lib/python3.11/site-packages/airflow/example_dags/example_branch_python_dop_operator_3.py for tasks to queue
[2025-03-27T14:49:56.639-0500] {logging_mixin.py:190} INFO - [2025-03-27T14:49:56.639-0500] {dagbag.py:588} INFO - Filling up the DagBag from /home/udhbhav/miniconda3/lib/python3.11/site-packages/airflow/example_dags/example_branch_python_dop_operator_3.py
[2025-03-27T14:49:56.644-0500] {processor.py:925} INFO - DAG(s) 'example_branch_dop_operator_v3' retrieved from /home/udhbhav/miniconda3/lib/python3.11/site-packages/airflow/example_dags/example_branch_python_dop_operator_3.py
[2025-03-27T14:49:56.651-0500] {logging_mixin.py:190} INFO - [2025-03-27T14:49:56.651-0500] {dag.py:3239} INFO - Sync 1 DAGs
[2025-03-27T14:49:56.661-0500] {logging_mixin.py:190} INFO - [2025-03-27T14:49:56.661-0500] {dag.py:4180} INFO - Setting next_dagrun for example_branch_dop_operator_v3 to 2025-03-27 19:48:00+00:00, run_after=2025-03-27 19:49:00+00:00
[2025-03-27T14:49:56.775-0500] {processor.py:208} INFO - Processing /home/udhbhav/miniconda3/lib/python3.11/site-packages/airflow/example_dags/example_branch_python_dop_operator_3.py took 0.140 seconds
[2025-03-27T14:50:39.888-0500] {processor.py:186} INFO - Started process (PID=1778858) to work on /home/udhbhav/miniconda3/lib/python3.11/site-packages/airflow/example_dags/example_branch_python_dop_operator_3.py
[2025-03-27T14:50:39.888-0500] {processor.py:914} INFO - Processing file /home/udhbhav/miniconda3/lib/python3.11/site-packages/airflow/example_dags/example_branch_python_dop_operator_3.py for tasks to queue
[2025-03-27T14:50:39.889-0500] {logging_mixin.py:190} INFO - [2025-03-27T14:50:39.889-0500] {dagbag.py:588} INFO - Filling up the DagBag from /home/udhbhav/miniconda3/lib/python3.11/site-packages/airflow/example_dags/example_branch_python_dop_operator_3.py
[2025-03-27T14:50:39.895-0500] {processor.py:925} INFO - DAG(s) 'example_branch_dop_operator_v3' retrieved from /home/udhbhav/miniconda3/lib/python3.11/site-packages/airflow/example_dags/example_branch_python_dop_operator_3.py
[2025-03-27T14:50:39.902-0500] {logging_mixin.py:190} INFO - [2025-03-27T14:50:39.902-0500] {dag.py:3239} INFO - Sync 1 DAGs
[2025-03-27T14:50:39.912-0500] {logging_mixin.py:190} INFO - [2025-03-27T14:50:39.912-0500] {dag.py:4180} INFO - Setting next_dagrun for example_branch_dop_operator_v3 to 2025-03-27 19:49:00+00:00, run_after=2025-03-27 19:50:00+00:00
[2025-03-27T14:50:40.017-0500] {processor.py:208} INFO - Processing /home/udhbhav/miniconda3/lib/python3.11/site-packages/airflow/example_dags/example_branch_python_dop_operator_3.py took 0.132 seconds
[2025-03-27T14:51:43.463-0500] {processor.py:186} INFO - Started process (PID=1783630) to work on /home/udhbhav/miniconda3/lib/python3.11/site-packages/airflow/example_dags/example_branch_python_dop_operator_3.py
[2025-03-27T14:51:43.463-0500] {processor.py:914} INFO - Processing file /home/udhbhav/miniconda3/lib/python3.11/site-packages/airflow/example_dags/example_branch_python_dop_operator_3.py for tasks to queue
[2025-03-27T14:51:43.464-0500] {logging_mixin.py:190} INFO - [2025-03-27T14:51:43.464-0500] {dagbag.py:588} INFO - Filling up the DagBag from /home/udhbhav/miniconda3/lib/python3.11/site-packages/airflow/example_dags/example_branch_python_dop_operator_3.py
[2025-03-27T14:51:43.470-0500] {processor.py:925} INFO - DAG(s) 'example_branch_dop_operator_v3' retrieved from /home/udhbhav/miniconda3/lib/python3.11/site-packages/airflow/example_dags/example_branch_python_dop_operator_3.py
[2025-03-27T14:51:43.477-0500] {logging_mixin.py:190} INFO - [2025-03-27T14:51:43.477-0500] {dag.py:3239} INFO - Sync 1 DAGs
[2025-03-27T14:51:43.486-0500] {logging_mixin.py:190} INFO - [2025-03-27T14:51:43.486-0500] {dag.py:4180} INFO - Setting next_dagrun for example_branch_dop_operator_v3 to 2025-03-27 19:50:00+00:00, run_after=2025-03-27 19:51:00+00:00
[2025-03-27T14:51:43.594-0500] {processor.py:208} INFO - Processing /home/udhbhav/miniconda3/lib/python3.11/site-packages/airflow/example_dags/example_branch_python_dop_operator_3.py took 0.134 seconds
[2025-03-27T14:52:54.992-0500] {processor.py:186} INFO - Started process (PID=1784398) to work on /home/udhbhav/miniconda3/lib/python3.11/site-packages/airflow/example_dags/example_branch_python_dop_operator_3.py
[2025-03-27T14:52:54.992-0500] {processor.py:914} INFO - Processing file /home/udhbhav/miniconda3/lib/python3.11/site-packages/airflow/example_dags/example_branch_python_dop_operator_3.py for tasks to queue
[2025-03-27T14:52:54.993-0500] {logging_mixin.py:190} INFO - [2025-03-27T14:52:54.993-0500] {dagbag.py:588} INFO - Filling up the DagBag from /home/udhbhav/miniconda3/lib/python3.11/site-packages/airflow/example_dags/example_branch_python_dop_operator_3.py
[2025-03-27T14:52:54.998-0500] {processor.py:925} INFO - DAG(s) 'example_branch_dop_operator_v3' retrieved from /home/udhbhav/miniconda3/lib/python3.11/site-packages/airflow/example_dags/example_branch_python_dop_operator_3.py
[2025-03-27T14:52:55.006-0500] {logging_mixin.py:190} INFO - [2025-03-27T14:52:55.005-0500] {dag.py:3239} INFO - Sync 1 DAGs
[2025-03-27T14:52:55.015-0500] {logging_mixin.py:190} INFO - [2025-03-27T14:52:55.015-0500] {dag.py:4180} INFO - Setting next_dagrun for example_branch_dop_operator_v3 to 2025-03-27 19:51:00+00:00, run_after=2025-03-27 19:52:00+00:00
[2025-03-27T14:52:55.936-0500] {processor.py:208} INFO - Processing /home/udhbhav/miniconda3/lib/python3.11/site-packages/airflow/example_dags/example_branch_python_dop_operator_3.py took 0.948 seconds
[2025-03-27T14:54:01.853-0500] {processor.py:186} INFO - Started process (PID=1784981) to work on /home/udhbhav/miniconda3/lib/python3.11/site-packages/airflow/example_dags/example_branch_python_dop_operator_3.py
[2025-03-27T14:54:01.853-0500] {processor.py:914} INFO - Processing file /home/udhbhav/miniconda3/lib/python3.11/site-packages/airflow/example_dags/example_branch_python_dop_operator_3.py for tasks to queue
[2025-03-27T14:54:01.854-0500] {logging_mixin.py:190} INFO - [2025-03-27T14:54:01.854-0500] {dagbag.py:588} INFO - Filling up the DagBag from /home/udhbhav/miniconda3/lib/python3.11/site-packages/airflow/example_dags/example_branch_python_dop_operator_3.py
[2025-03-27T14:54:01.859-0500] {processor.py:925} INFO - DAG(s) 'example_branch_dop_operator_v3' retrieved from /home/udhbhav/miniconda3/lib/python3.11/site-packages/airflow/example_dags/example_branch_python_dop_operator_3.py
[2025-03-27T14:54:01.866-0500] {logging_mixin.py:190} INFO - [2025-03-27T14:54:01.866-0500] {dag.py:3239} INFO - Sync 1 DAGs
[2025-03-27T14:54:01.876-0500] {logging_mixin.py:190} INFO - [2025-03-27T14:54:01.876-0500] {dag.py:4180} INFO - Setting next_dagrun for example_branch_dop_operator_v3 to 2025-03-27 19:53:00+00:00, run_after=2025-03-27 19:54:00+00:00
[2025-03-27T14:54:01.985-0500] {processor.py:208} INFO - Processing /home/udhbhav/miniconda3/lib/python3.11/site-packages/airflow/example_dags/example_branch_python_dop_operator_3.py took 0.136 seconds
[2025-03-27T14:55:04.677-0500] {processor.py:186} INFO - Started process (PID=1785594) to work on /home/udhbhav/miniconda3/lib/python3.11/site-packages/airflow/example_dags/example_branch_python_dop_operator_3.py
[2025-03-27T14:55:04.678-0500] {processor.py:914} INFO - Processing file /home/udhbhav/miniconda3/lib/python3.11/site-packages/airflow/example_dags/example_branch_python_dop_operator_3.py for tasks to queue
[2025-03-27T14:55:04.679-0500] {logging_mixin.py:190} INFO - [2025-03-27T14:55:04.678-0500] {dagbag.py:588} INFO - Filling up the DagBag from /home/udhbhav/miniconda3/lib/python3.11/site-packages/airflow/example_dags/example_branch_python_dop_operator_3.py
[2025-03-27T14:55:04.684-0500] {processor.py:925} INFO - DAG(s) 'example_branch_dop_operator_v3' retrieved from /home/udhbhav/miniconda3/lib/python3.11/site-packages/airflow/example_dags/example_branch_python_dop_operator_3.py
[2025-03-27T14:55:04.691-0500] {logging_mixin.py:190} INFO - [2025-03-27T14:55:04.691-0500] {dag.py:3239} INFO - Sync 1 DAGs
[2025-03-27T14:55:04.700-0500] {logging_mixin.py:190} INFO - [2025-03-27T14:55:04.700-0500] {dag.py:4180} INFO - Setting next_dagrun for example_branch_dop_operator_v3 to 2025-03-27 19:54:00+00:00, run_after=2025-03-27 19:55:00+00:00
[2025-03-27T14:55:04.809-0500] {processor.py:208} INFO - Processing /home/udhbhav/miniconda3/lib/python3.11/site-packages/airflow/example_dags/example_branch_python_dop_operator_3.py took 0.135 seconds
[2025-03-27T14:56:19.754-0500] {processor.py:186} INFO - Started process (PID=1786328) to work on /home/udhbhav/miniconda3/lib/python3.11/site-packages/airflow/example_dags/example_branch_python_dop_operator_3.py
[2025-03-27T14:56:19.755-0500] {processor.py:914} INFO - Processing file /home/udhbhav/miniconda3/lib/python3.11/site-packages/airflow/example_dags/example_branch_python_dop_operator_3.py for tasks to queue
[2025-03-27T14:56:19.756-0500] {logging_mixin.py:190} INFO - [2025-03-27T14:56:19.755-0500] {dagbag.py:588} INFO - Filling up the DagBag from /home/udhbhav/miniconda3/lib/python3.11/site-packages/airflow/example_dags/example_branch_python_dop_operator_3.py
[2025-03-27T14:56:19.761-0500] {processor.py:925} INFO - DAG(s) 'example_branch_dop_operator_v3' retrieved from /home/udhbhav/miniconda3/lib/python3.11/site-packages/airflow/example_dags/example_branch_python_dop_operator_3.py
[2025-03-27T14:56:19.768-0500] {logging_mixin.py:190} INFO - [2025-03-27T14:56:19.768-0500] {dag.py:3239} INFO - Sync 1 DAGs
[2025-03-27T14:56:19.778-0500] {logging_mixin.py:190} INFO - [2025-03-27T14:56:19.778-0500] {dag.py:4180} INFO - Setting next_dagrun for example_branch_dop_operator_v3 to 2025-03-27 19:55:00+00:00, run_after=2025-03-27 19:56:00+00:00
[2025-03-27T14:56:19.888-0500] {processor.py:208} INFO - Processing /home/udhbhav/miniconda3/lib/python3.11/site-packages/airflow/example_dags/example_branch_python_dop_operator_3.py took 0.136 seconds
[2025-03-27T14:56:58.453-0500] {processor.py:186} INFO - Started process (PID=1786828) to work on /home/udhbhav/miniconda3/lib/python3.11/site-packages/airflow/example_dags/example_branch_python_dop_operator_3.py
[2025-03-27T14:56:58.454-0500] {processor.py:914} INFO - Processing file /home/udhbhav/miniconda3/lib/python3.11/site-packages/airflow/example_dags/example_branch_python_dop_operator_3.py for tasks to queue
[2025-03-27T14:56:58.455-0500] {logging_mixin.py:190} INFO - [2025-03-27T14:56:58.454-0500] {dagbag.py:588} INFO - Filling up the DagBag from /home/udhbhav/miniconda3/lib/python3.11/site-packages/airflow/example_dags/example_branch_python_dop_operator_3.py
[2025-03-27T14:56:58.460-0500] {processor.py:925} INFO - DAG(s) 'example_branch_dop_operator_v3' retrieved from /home/udhbhav/miniconda3/lib/python3.11/site-packages/airflow/example_dags/example_branch_python_dop_operator_3.py
[2025-03-27T14:56:58.467-0500] {logging_mixin.py:190} INFO - [2025-03-27T14:56:58.467-0500] {dag.py:3239} INFO - Sync 1 DAGs
[2025-03-27T14:56:58.477-0500] {logging_mixin.py:190} INFO - [2025-03-27T14:56:58.477-0500] {dag.py:4180} INFO - Setting next_dagrun for example_branch_dop_operator_v3 to 2025-03-27 19:55:00+00:00, run_after=2025-03-27 19:56:00+00:00
[2025-03-27T14:56:59.061-0500] {processor.py:208} INFO - Processing /home/udhbhav/miniconda3/lib/python3.11/site-packages/airflow/example_dags/example_branch_python_dop_operator_3.py took 0.611 seconds
[2025-03-27T14:58:16.273-0500] {processor.py:186} INFO - Started process (PID=1787545) to work on /home/udhbhav/miniconda3/lib/python3.11/site-packages/airflow/example_dags/example_branch_python_dop_operator_3.py
[2025-03-27T14:58:16.273-0500] {processor.py:914} INFO - Processing file /home/udhbhav/miniconda3/lib/python3.11/site-packages/airflow/example_dags/example_branch_python_dop_operator_3.py for tasks to queue
[2025-03-27T14:58:16.274-0500] {logging_mixin.py:190} INFO - [2025-03-27T14:58:16.274-0500] {dagbag.py:588} INFO - Filling up the DagBag from /home/udhbhav/miniconda3/lib/python3.11/site-packages/airflow/example_dags/example_branch_python_dop_operator_3.py
[2025-03-27T14:58:16.279-0500] {processor.py:925} INFO - DAG(s) 'example_branch_dop_operator_v3' retrieved from /home/udhbhav/miniconda3/lib/python3.11/site-packages/airflow/example_dags/example_branch_python_dop_operator_3.py
[2025-03-27T14:58:16.287-0500] {logging_mixin.py:190} INFO - [2025-03-27T14:58:16.286-0500] {dag.py:3239} INFO - Sync 1 DAGs
[2025-03-27T14:58:16.296-0500] {logging_mixin.py:190} INFO - [2025-03-27T14:58:16.296-0500] {dag.py:4180} INFO - Setting next_dagrun for example_branch_dop_operator_v3 to 2025-03-27 19:57:00+00:00, run_after=2025-03-27 19:58:00+00:00
[2025-03-27T14:58:16.469-0500] {processor.py:208} INFO - Processing /home/udhbhav/miniconda3/lib/python3.11/site-packages/airflow/example_dags/example_branch_python_dop_operator_3.py took 0.200 seconds
[2025-03-27T14:58:57.274-0500] {processor.py:186} INFO - Started process (PID=1788077) to work on /home/udhbhav/miniconda3/lib/python3.11/site-packages/airflow/example_dags/example_branch_python_dop_operator_3.py
[2025-03-27T14:58:57.274-0500] {processor.py:914} INFO - Processing file /home/udhbhav/miniconda3/lib/python3.11/site-packages/airflow/example_dags/example_branch_python_dop_operator_3.py for tasks to queue
[2025-03-27T14:58:57.275-0500] {logging_mixin.py:190} INFO - [2025-03-27T14:58:57.275-0500] {dagbag.py:588} INFO - Filling up the DagBag from /home/udhbhav/miniconda3/lib/python3.11/site-packages/airflow/example_dags/example_branch_python_dop_operator_3.py
[2025-03-27T14:58:57.281-0500] {processor.py:925} INFO - DAG(s) 'example_branch_dop_operator_v3' retrieved from /home/udhbhav/miniconda3/lib/python3.11/site-packages/airflow/example_dags/example_branch_python_dop_operator_3.py
[2025-03-27T14:58:57.288-0500] {logging_mixin.py:190} INFO - [2025-03-27T14:58:57.288-0500] {dag.py:3239} INFO - Sync 1 DAGs
[2025-03-27T14:58:57.298-0500] {logging_mixin.py:190} INFO - [2025-03-27T14:58:57.298-0500] {dag.py:4180} INFO - Setting next_dagrun for example_branch_dop_operator_v3 to 2025-03-27 19:57:00+00:00, run_after=2025-03-27 19:58:00+00:00
[2025-03-27T14:58:57.635-0500] {processor.py:208} INFO - Processing /home/udhbhav/miniconda3/lib/python3.11/site-packages/airflow/example_dags/example_branch_python_dop_operator_3.py took 0.364 seconds
[2025-03-27T14:59:44.113-0500] {processor.py:186} INFO - Started process (PID=1788506) to work on /home/udhbhav/miniconda3/lib/python3.11/site-packages/airflow/example_dags/example_branch_python_dop_operator_3.py
[2025-03-27T14:59:44.113-0500] {processor.py:914} INFO - Processing file /home/udhbhav/miniconda3/lib/python3.11/site-packages/airflow/example_dags/example_branch_python_dop_operator_3.py for tasks to queue
[2025-03-27T14:59:44.114-0500] {logging_mixin.py:190} INFO - [2025-03-27T14:59:44.114-0500] {dagbag.py:588} INFO - Filling up the DagBag from /home/udhbhav/miniconda3/lib/python3.11/site-packages/airflow/example_dags/example_branch_python_dop_operator_3.py
[2025-03-27T14:59:44.120-0500] {processor.py:925} INFO - DAG(s) 'example_branch_dop_operator_v3' retrieved from /home/udhbhav/miniconda3/lib/python3.11/site-packages/airflow/example_dags/example_branch_python_dop_operator_3.py
[2025-03-27T14:59:44.127-0500] {logging_mixin.py:190} INFO - [2025-03-27T14:59:44.127-0500] {dag.py:3239} INFO - Sync 1 DAGs
[2025-03-27T14:59:44.137-0500] {logging_mixin.py:190} INFO - [2025-03-27T14:59:44.137-0500] {dag.py:4180} INFO - Setting next_dagrun for example_branch_dop_operator_v3 to 2025-03-27 19:58:00+00:00, run_after=2025-03-27 19:59:00+00:00
[2025-03-27T14:59:44.297-0500] {processor.py:208} INFO - Processing /home/udhbhav/miniconda3/lib/python3.11/site-packages/airflow/example_dags/example_branch_python_dop_operator_3.py took 0.187 seconds
[2025-03-27T15:00:28.464-0500] {processor.py:186} INFO - Started process (PID=1789036) to work on /home/udhbhav/miniconda3/lib/python3.11/site-packages/airflow/example_dags/example_branch_python_dop_operator_3.py
[2025-03-27T15:00:28.464-0500] {processor.py:914} INFO - Processing file /home/udhbhav/miniconda3/lib/python3.11/site-packages/airflow/example_dags/example_branch_python_dop_operator_3.py for tasks to queue
[2025-03-27T15:00:28.465-0500] {logging_mixin.py:190} INFO - [2025-03-27T15:00:28.465-0500] {dagbag.py:588} INFO - Filling up the DagBag from /home/udhbhav/miniconda3/lib/python3.11/site-packages/airflow/example_dags/example_branch_python_dop_operator_3.py
[2025-03-27T15:00:28.472-0500] {processor.py:925} INFO - DAG(s) 'example_branch_dop_operator_v3' retrieved from /home/udhbhav/miniconda3/lib/python3.11/site-packages/airflow/example_dags/example_branch_python_dop_operator_3.py
[2025-03-27T15:00:28.479-0500] {logging_mixin.py:190} INFO - [2025-03-27T15:00:28.479-0500] {dag.py:3239} INFO - Sync 1 DAGs
[2025-03-27T15:00:28.489-0500] {logging_mixin.py:190} INFO - [2025-03-27T15:00:28.489-0500] {dag.py:4180} INFO - Setting next_dagrun for example_branch_dop_operator_v3 to 2025-03-27 19:59:00+00:00, run_after=2025-03-27 20:00:00+00:00
[2025-03-27T15:00:28.598-0500] {processor.py:208} INFO - Processing /home/udhbhav/miniconda3/lib/python3.11/site-packages/airflow/example_dags/example_branch_python_dop_operator_3.py took 0.137 seconds
[2025-03-27T15:01:31.580-0500] {processor.py:186} INFO - Started process (PID=1789731) to work on /home/udhbhav/miniconda3/lib/python3.11/site-packages/airflow/example_dags/example_branch_python_dop_operator_3.py
[2025-03-27T15:01:31.581-0500] {processor.py:914} INFO - Processing file /home/udhbhav/miniconda3/lib/python3.11/site-packages/airflow/example_dags/example_branch_python_dop_operator_3.py for tasks to queue
[2025-03-27T15:01:31.582-0500] {logging_mixin.py:190} INFO - [2025-03-27T15:01:31.581-0500] {dagbag.py:588} INFO - Filling up the DagBag from /home/udhbhav/miniconda3/lib/python3.11/site-packages/airflow/example_dags/example_branch_python_dop_operator_3.py
[2025-03-27T15:01:31.588-0500] {processor.py:925} INFO - DAG(s) 'example_branch_dop_operator_v3' retrieved from /home/udhbhav/miniconda3/lib/python3.11/site-packages/airflow/example_dags/example_branch_python_dop_operator_3.py
[2025-03-27T15:01:31.595-0500] {logging_mixin.py:190} INFO - [2025-03-27T15:01:31.595-0500] {dag.py:3239} INFO - Sync 1 DAGs
[2025-03-27T15:01:31.605-0500] {logging_mixin.py:190} INFO - [2025-03-27T15:01:31.605-0500] {dag.py:4180} INFO - Setting next_dagrun for example_branch_dop_operator_v3 to 2025-03-27 20:00:00+00:00, run_after=2025-03-27 20:01:00+00:00
[2025-03-27T15:01:31.713-0500] {processor.py:208} INFO - Processing /home/udhbhav/miniconda3/lib/python3.11/site-packages/airflow/example_dags/example_branch_python_dop_operator_3.py took 0.136 seconds
[2025-03-27T15:02:38.688-0500] {processor.py:186} INFO - Started process (PID=1790505) to work on /home/udhbhav/miniconda3/lib/python3.11/site-packages/airflow/example_dags/example_branch_python_dop_operator_3.py
[2025-03-27T15:02:38.688-0500] {processor.py:914} INFO - Processing file /home/udhbhav/miniconda3/lib/python3.11/site-packages/airflow/example_dags/example_branch_python_dop_operator_3.py for tasks to queue
[2025-03-27T15:02:38.689-0500] {logging_mixin.py:190} INFO - [2025-03-27T15:02:38.689-0500] {dagbag.py:588} INFO - Filling up the DagBag from /home/udhbhav/miniconda3/lib/python3.11/site-packages/airflow/example_dags/example_branch_python_dop_operator_3.py
[2025-03-27T15:02:38.695-0500] {processor.py:925} INFO - DAG(s) 'example_branch_dop_operator_v3' retrieved from /home/udhbhav/miniconda3/lib/python3.11/site-packages/airflow/example_dags/example_branch_python_dop_operator_3.py
[2025-03-27T15:02:38.702-0500] {logging_mixin.py:190} INFO - [2025-03-27T15:02:38.702-0500] {dag.py:3239} INFO - Sync 1 DAGs
[2025-03-27T15:02:38.711-0500] {logging_mixin.py:190} INFO - [2025-03-27T15:02:38.711-0500] {dag.py:4180} INFO - Setting next_dagrun for example_branch_dop_operator_v3 to 2025-03-27 20:01:00+00:00, run_after=2025-03-27 20:02:00+00:00
[2025-03-27T15:02:39.681-0500] {processor.py:208} INFO - Processing /home/udhbhav/miniconda3/lib/python3.11/site-packages/airflow/example_dags/example_branch_python_dop_operator_3.py took 0.996 seconds
[2025-03-27T15:03:18.394-0500] {processor.py:186} INFO - Started process (PID=1790851) to work on /home/udhbhav/miniconda3/lib/python3.11/site-packages/airflow/example_dags/example_branch_python_dop_operator_3.py
[2025-03-27T15:03:18.395-0500] {processor.py:914} INFO - Processing file /home/udhbhav/miniconda3/lib/python3.11/site-packages/airflow/example_dags/example_branch_python_dop_operator_3.py for tasks to queue
[2025-03-27T15:03:18.396-0500] {logging_mixin.py:190} INFO - [2025-03-27T15:03:18.395-0500] {dagbag.py:588} INFO - Filling up the DagBag from /home/udhbhav/miniconda3/lib/python3.11/site-packages/airflow/example_dags/example_branch_python_dop_operator_3.py
[2025-03-27T15:03:18.401-0500] {processor.py:925} INFO - DAG(s) 'example_branch_dop_operator_v3' retrieved from /home/udhbhav/miniconda3/lib/python3.11/site-packages/airflow/example_dags/example_branch_python_dop_operator_3.py
[2025-03-27T15:03:18.408-0500] {logging_mixin.py:190} INFO - [2025-03-27T15:03:18.408-0500] {dag.py:3239} INFO - Sync 1 DAGs
[2025-03-27T15:03:18.418-0500] {logging_mixin.py:190} INFO - [2025-03-27T15:03:18.418-0500] {dag.py:4180} INFO - Setting next_dagrun for example_branch_dop_operator_v3 to 2025-03-27 20:02:00+00:00, run_after=2025-03-27 20:03:00+00:00
[2025-03-27T15:03:18.608-0500] {processor.py:208} INFO - Processing /home/udhbhav/miniconda3/lib/python3.11/site-packages/airflow/example_dags/example_branch_python_dop_operator_3.py took 0.217 seconds
[2025-03-27T15:03:56.877-0500] {processor.py:186} INFO - Started process (PID=1791283) to work on /home/udhbhav/miniconda3/lib/python3.11/site-packages/airflow/example_dags/example_branch_python_dop_operator_3.py
[2025-03-27T15:03:56.881-0500] {processor.py:914} INFO - Processing file /home/udhbhav/miniconda3/lib/python3.11/site-packages/airflow/example_dags/example_branch_python_dop_operator_3.py for tasks to queue
[2025-03-27T15:03:56.882-0500] {logging_mixin.py:190} INFO - [2025-03-27T15:03:56.881-0500] {dagbag.py:588} INFO - Filling up the DagBag from /home/udhbhav/miniconda3/lib/python3.11/site-packages/airflow/example_dags/example_branch_python_dop_operator_3.py
[2025-03-27T15:03:56.909-0500] {processor.py:925} INFO - DAG(s) 'example_branch_dop_operator_v3' retrieved from /home/udhbhav/miniconda3/lib/python3.11/site-packages/airflow/example_dags/example_branch_python_dop_operator_3.py
[2025-03-27T15:03:56.918-0500] {logging_mixin.py:190} INFO - [2025-03-27T15:03:56.917-0500] {dag.py:3239} INFO - Sync 1 DAGs
[2025-03-27T15:03:56.928-0500] {logging_mixin.py:190} INFO - [2025-03-27T15:03:56.928-0500] {dag.py:4180} INFO - Setting next_dagrun for example_branch_dop_operator_v3 to 2025-03-27 20:02:00+00:00, run_after=2025-03-27 20:03:00+00:00
[2025-03-27T15:03:57.043-0500] {processor.py:208} INFO - Processing /home/udhbhav/miniconda3/lib/python3.11/site-packages/airflow/example_dags/example_branch_python_dop_operator_3.py took 0.173 seconds
[2025-03-27T15:05:11.432-0500] {processor.py:186} INFO - Started process (PID=1791970) to work on /home/udhbhav/miniconda3/lib/python3.11/site-packages/airflow/example_dags/example_branch_python_dop_operator_3.py
[2025-03-27T15:05:11.432-0500] {processor.py:914} INFO - Processing file /home/udhbhav/miniconda3/lib/python3.11/site-packages/airflow/example_dags/example_branch_python_dop_operator_3.py for tasks to queue
[2025-03-27T15:05:11.433-0500] {logging_mixin.py:190} INFO - [2025-03-27T15:05:11.433-0500] {dagbag.py:588} INFO - Filling up the DagBag from /home/udhbhav/miniconda3/lib/python3.11/site-packages/airflow/example_dags/example_branch_python_dop_operator_3.py
[2025-03-27T15:05:11.439-0500] {processor.py:925} INFO - DAG(s) 'example_branch_dop_operator_v3' retrieved from /home/udhbhav/miniconda3/lib/python3.11/site-packages/airflow/example_dags/example_branch_python_dop_operator_3.py
[2025-03-27T15:05:11.446-0500] {logging_mixin.py:190} INFO - [2025-03-27T15:05:11.446-0500] {dag.py:3239} INFO - Sync 1 DAGs
[2025-03-27T15:05:11.456-0500] {logging_mixin.py:190} INFO - [2025-03-27T15:05:11.456-0500] {dag.py:4180} INFO - Setting next_dagrun for example_branch_dop_operator_v3 to 2025-03-27 20:04:00+00:00, run_after=2025-03-27 20:05:00+00:00
[2025-03-27T15:05:11.656-0500] {processor.py:208} INFO - Processing /home/udhbhav/miniconda3/lib/python3.11/site-packages/airflow/example_dags/example_branch_python_dop_operator_3.py took 0.227 seconds
[2025-03-27T15:05:50.231-0500] {processor.py:186} INFO - Started process (PID=1792401) to work on /home/udhbhav/miniconda3/lib/python3.11/site-packages/airflow/example_dags/example_branch_python_dop_operator_3.py
[2025-03-27T15:05:50.232-0500] {processor.py:914} INFO - Processing file /home/udhbhav/miniconda3/lib/python3.11/site-packages/airflow/example_dags/example_branch_python_dop_operator_3.py for tasks to queue
[2025-03-27T15:05:50.233-0500] {logging_mixin.py:190} INFO - [2025-03-27T15:05:50.233-0500] {dagbag.py:588} INFO - Filling up the DagBag from /home/udhbhav/miniconda3/lib/python3.11/site-packages/airflow/example_dags/example_branch_python_dop_operator_3.py
[2025-03-27T15:05:50.238-0500] {processor.py:925} INFO - DAG(s) 'example_branch_dop_operator_v3' retrieved from /home/udhbhav/miniconda3/lib/python3.11/site-packages/airflow/example_dags/example_branch_python_dop_operator_3.py
[2025-03-27T15:05:50.245-0500] {logging_mixin.py:190} INFO - [2025-03-27T15:05:50.245-0500] {dag.py:3239} INFO - Sync 1 DAGs
[2025-03-27T15:05:50.255-0500] {logging_mixin.py:190} INFO - [2025-03-27T15:05:50.255-0500] {dag.py:4180} INFO - Setting next_dagrun for example_branch_dop_operator_v3 to 2025-03-27 20:04:00+00:00, run_after=2025-03-27 20:05:00+00:00
[2025-03-27T15:05:50.412-0500] {processor.py:208} INFO - Processing /home/udhbhav/miniconda3/lib/python3.11/site-packages/airflow/example_dags/example_branch_python_dop_operator_3.py took 0.184 seconds
[2025-03-27T15:06:40.328-0500] {processor.py:186} INFO - Started process (PID=1792831) to work on /home/udhbhav/miniconda3/lib/python3.11/site-packages/airflow/example_dags/example_branch_python_dop_operator_3.py
[2025-03-27T15:06:40.328-0500] {processor.py:914} INFO - Processing file /home/udhbhav/miniconda3/lib/python3.11/site-packages/airflow/example_dags/example_branch_python_dop_operator_3.py for tasks to queue
[2025-03-27T15:06:40.329-0500] {logging_mixin.py:190} INFO - [2025-03-27T15:06:40.329-0500] {dagbag.py:588} INFO - Filling up the DagBag from /home/udhbhav/miniconda3/lib/python3.11/site-packages/airflow/example_dags/example_branch_python_dop_operator_3.py
[2025-03-27T15:06:40.335-0500] {processor.py:925} INFO - DAG(s) 'example_branch_dop_operator_v3' retrieved from /home/udhbhav/miniconda3/lib/python3.11/site-packages/airflow/example_dags/example_branch_python_dop_operator_3.py
[2025-03-27T15:06:40.342-0500] {logging_mixin.py:190} INFO - [2025-03-27T15:06:40.342-0500] {dag.py:3239} INFO - Sync 1 DAGs
[2025-03-27T15:06:40.351-0500] {logging_mixin.py:190} INFO - [2025-03-27T15:06:40.351-0500] {dag.py:4180} INFO - Setting next_dagrun for example_branch_dop_operator_v3 to 2025-03-27 20:05:00+00:00, run_after=2025-03-27 20:06:00+00:00
[2025-03-27T15:06:41.212-0500] {processor.py:208} INFO - Processing /home/udhbhav/miniconda3/lib/python3.11/site-packages/airflow/example_dags/example_branch_python_dop_operator_3.py took 0.888 seconds
[2025-03-27T15:07:22.035-0500] {processor.py:186} INFO - Started process (PID=1793245) to work on /home/udhbhav/miniconda3/lib/python3.11/site-packages/airflow/example_dags/example_branch_python_dop_operator_3.py
[2025-03-27T15:07:22.036-0500] {processor.py:914} INFO - Processing file /home/udhbhav/miniconda3/lib/python3.11/site-packages/airflow/example_dags/example_branch_python_dop_operator_3.py for tasks to queue
[2025-03-27T15:07:22.037-0500] {logging_mixin.py:190} INFO - [2025-03-27T15:07:22.036-0500] {dagbag.py:588} INFO - Filling up the DagBag from /home/udhbhav/miniconda3/lib/python3.11/site-packages/airflow/example_dags/example_branch_python_dop_operator_3.py
[2025-03-27T15:07:22.042-0500] {processor.py:925} INFO - DAG(s) 'example_branch_dop_operator_v3' retrieved from /home/udhbhav/miniconda3/lib/python3.11/site-packages/airflow/example_dags/example_branch_python_dop_operator_3.py
[2025-03-27T15:07:22.049-0500] {logging_mixin.py:190} INFO - [2025-03-27T15:07:22.049-0500] {dag.py:3239} INFO - Sync 1 DAGs
[2025-03-27T15:07:22.059-0500] {logging_mixin.py:190} INFO - [2025-03-27T15:07:22.059-0500] {dag.py:4180} INFO - Setting next_dagrun for example_branch_dop_operator_v3 to 2025-03-27 20:06:00+00:00, run_after=2025-03-27 20:07:00+00:00
[2025-03-27T15:07:22.155-0500] {processor.py:208} INFO - Processing /home/udhbhav/miniconda3/lib/python3.11/site-packages/airflow/example_dags/example_branch_python_dop_operator_3.py took 0.123 seconds
[2025-03-27T15:08:26.799-0500] {processor.py:186} INFO - Started process (PID=1793916) to work on /home/udhbhav/miniconda3/lib/python3.11/site-packages/airflow/example_dags/example_branch_python_dop_operator_3.py
[2025-03-27T15:08:26.799-0500] {processor.py:914} INFO - Processing file /home/udhbhav/miniconda3/lib/python3.11/site-packages/airflow/example_dags/example_branch_python_dop_operator_3.py for tasks to queue
[2025-03-27T15:08:26.800-0500] {logging_mixin.py:190} INFO - [2025-03-27T15:08:26.800-0500] {dagbag.py:588} INFO - Filling up the DagBag from /home/udhbhav/miniconda3/lib/python3.11/site-packages/airflow/example_dags/example_branch_python_dop_operator_3.py
[2025-03-27T15:08:26.806-0500] {processor.py:925} INFO - DAG(s) 'example_branch_dop_operator_v3' retrieved from /home/udhbhav/miniconda3/lib/python3.11/site-packages/airflow/example_dags/example_branch_python_dop_operator_3.py
[2025-03-27T15:08:26.813-0500] {logging_mixin.py:190} INFO - [2025-03-27T15:08:26.813-0500] {dag.py:3239} INFO - Sync 1 DAGs
[2025-03-27T15:08:26.823-0500] {logging_mixin.py:190} INFO - [2025-03-27T15:08:26.822-0500] {dag.py:4180} INFO - Setting next_dagrun for example_branch_dop_operator_v3 to 2025-03-27 20:07:00+00:00, run_after=2025-03-27 20:08:00+00:00
[2025-03-27T15:08:26.928-0500] {processor.py:208} INFO - Processing /home/udhbhav/miniconda3/lib/python3.11/site-packages/airflow/example_dags/example_branch_python_dop_operator_3.py took 0.132 seconds
[2025-03-27T15:09:30.774-0500] {processor.py:186} INFO - Started process (PID=1794534) to work on /home/udhbhav/miniconda3/lib/python3.11/site-packages/airflow/example_dags/example_branch_python_dop_operator_3.py
[2025-03-27T15:09:30.774-0500] {processor.py:914} INFO - Processing file /home/udhbhav/miniconda3/lib/python3.11/site-packages/airflow/example_dags/example_branch_python_dop_operator_3.py for tasks to queue
[2025-03-27T15:09:30.775-0500] {logging_mixin.py:190} INFO - [2025-03-27T15:09:30.775-0500] {dagbag.py:588} INFO - Filling up the DagBag from /home/udhbhav/miniconda3/lib/python3.11/site-packages/airflow/example_dags/example_branch_python_dop_operator_3.py
[2025-03-27T15:09:30.781-0500] {processor.py:925} INFO - DAG(s) 'example_branch_dop_operator_v3' retrieved from /home/udhbhav/miniconda3/lib/python3.11/site-packages/airflow/example_dags/example_branch_python_dop_operator_3.py
[2025-03-27T15:09:30.788-0500] {logging_mixin.py:190} INFO - [2025-03-27T15:09:30.787-0500] {dag.py:3239} INFO - Sync 1 DAGs
[2025-03-27T15:09:30.797-0500] {logging_mixin.py:190} INFO - [2025-03-27T15:09:30.797-0500] {dag.py:4180} INFO - Setting next_dagrun for example_branch_dop_operator_v3 to 2025-03-27 20:08:00+00:00, run_after=2025-03-27 20:09:00+00:00
[2025-03-27T15:09:30.984-0500] {processor.py:208} INFO - Processing /home/udhbhav/miniconda3/lib/python3.11/site-packages/airflow/example_dags/example_branch_python_dop_operator_3.py took 0.214 seconds
[2025-03-27T15:10:12.093-0500] {processor.py:186} INFO - Started process (PID=1794905) to work on /home/udhbhav/miniconda3/lib/python3.11/site-packages/airflow/example_dags/example_branch_python_dop_operator_3.py
[2025-03-27T15:10:12.094-0500] {processor.py:914} INFO - Processing file /home/udhbhav/miniconda3/lib/python3.11/site-packages/airflow/example_dags/example_branch_python_dop_operator_3.py for tasks to queue
[2025-03-27T15:10:12.094-0500] {logging_mixin.py:190} INFO - [2025-03-27T15:10:12.094-0500] {dagbag.py:588} INFO - Filling up the DagBag from /home/udhbhav/miniconda3/lib/python3.11/site-packages/airflow/example_dags/example_branch_python_dop_operator_3.py
[2025-03-27T15:10:12.100-0500] {processor.py:925} INFO - DAG(s) 'example_branch_dop_operator_v3' retrieved from /home/udhbhav/miniconda3/lib/python3.11/site-packages/airflow/example_dags/example_branch_python_dop_operator_3.py
[2025-03-27T15:10:12.107-0500] {logging_mixin.py:190} INFO - [2025-03-27T15:10:12.107-0500] {dag.py:3239} INFO - Sync 1 DAGs
[2025-03-27T15:10:12.117-0500] {logging_mixin.py:190} INFO - [2025-03-27T15:10:12.116-0500] {dag.py:4180} INFO - Setting next_dagrun for example_branch_dop_operator_v3 to 2025-03-27 20:09:00+00:00, run_after=2025-03-27 20:10:00+00:00
[2025-03-27T15:10:12.226-0500] {processor.py:208} INFO - Processing /home/udhbhav/miniconda3/lib/python3.11/site-packages/airflow/example_dags/example_branch_python_dop_operator_3.py took 0.135 seconds
[2025-03-27T15:11:17.950-0500] {processor.py:186} INFO - Started process (PID=1795588) to work on /home/udhbhav/miniconda3/lib/python3.11/site-packages/airflow/example_dags/example_branch_python_dop_operator_3.py
[2025-03-27T15:11:17.950-0500] {processor.py:914} INFO - Processing file /home/udhbhav/miniconda3/lib/python3.11/site-packages/airflow/example_dags/example_branch_python_dop_operator_3.py for tasks to queue
[2025-03-27T15:11:17.951-0500] {logging_mixin.py:190} INFO - [2025-03-27T15:11:17.951-0500] {dagbag.py:588} INFO - Filling up the DagBag from /home/udhbhav/miniconda3/lib/python3.11/site-packages/airflow/example_dags/example_branch_python_dop_operator_3.py
[2025-03-27T15:11:17.956-0500] {processor.py:925} INFO - DAG(s) 'example_branch_dop_operator_v3' retrieved from /home/udhbhav/miniconda3/lib/python3.11/site-packages/airflow/example_dags/example_branch_python_dop_operator_3.py
[2025-03-27T15:11:17.963-0500] {logging_mixin.py:190} INFO - [2025-03-27T15:11:17.963-0500] {dag.py:3239} INFO - Sync 1 DAGs
[2025-03-27T15:11:17.973-0500] {logging_mixin.py:190} INFO - [2025-03-27T15:11:17.973-0500] {dag.py:4180} INFO - Setting next_dagrun for example_branch_dop_operator_v3 to 2025-03-27 20:10:00+00:00, run_after=2025-03-27 20:11:00+00:00
[2025-03-27T15:11:18.081-0500] {processor.py:208} INFO - Processing /home/udhbhav/miniconda3/lib/python3.11/site-packages/airflow/example_dags/example_branch_python_dop_operator_3.py took 0.135 seconds
[2025-03-27T15:12:25.783-0500] {processor.py:186} INFO - Started process (PID=1797865) to work on /home/udhbhav/miniconda3/lib/python3.11/site-packages/airflow/example_dags/example_branch_python_dop_operator_3.py
[2025-03-27T15:12:25.784-0500] {processor.py:914} INFO - Processing file /home/udhbhav/miniconda3/lib/python3.11/site-packages/airflow/example_dags/example_branch_python_dop_operator_3.py for tasks to queue
[2025-03-27T15:12:25.785-0500] {logging_mixin.py:190} INFO - [2025-03-27T15:12:25.784-0500] {dagbag.py:588} INFO - Filling up the DagBag from /home/udhbhav/miniconda3/lib/python3.11/site-packages/airflow/example_dags/example_branch_python_dop_operator_3.py
[2025-03-27T15:12:25.790-0500] {processor.py:925} INFO - DAG(s) 'example_branch_dop_operator_v3' retrieved from /home/udhbhav/miniconda3/lib/python3.11/site-packages/airflow/example_dags/example_branch_python_dop_operator_3.py
[2025-03-27T15:12:25.797-0500] {logging_mixin.py:190} INFO - [2025-03-27T15:12:25.797-0500] {dag.py:3239} INFO - Sync 1 DAGs
[2025-03-27T15:12:25.807-0500] {logging_mixin.py:190} INFO - [2025-03-27T15:12:25.807-0500] {dag.py:4180} INFO - Setting next_dagrun for example_branch_dop_operator_v3 to 2025-03-27 20:11:00+00:00, run_after=2025-03-27 20:12:00+00:00
[2025-03-27T15:12:25.915-0500] {processor.py:208} INFO - Processing /home/udhbhav/miniconda3/lib/python3.11/site-packages/airflow/example_dags/example_branch_python_dop_operator_3.py took 0.135 seconds
[2025-03-27T15:13:07.855-0500] {processor.py:186} INFO - Started process (PID=1798260) to work on /home/udhbhav/miniconda3/lib/python3.11/site-packages/airflow/example_dags/example_branch_python_dop_operator_3.py
[2025-03-27T15:13:07.855-0500] {processor.py:914} INFO - Processing file /home/udhbhav/miniconda3/lib/python3.11/site-packages/airflow/example_dags/example_branch_python_dop_operator_3.py for tasks to queue
[2025-03-27T15:13:07.856-0500] {logging_mixin.py:190} INFO - [2025-03-27T15:13:07.856-0500] {dagbag.py:588} INFO - Filling up the DagBag from /home/udhbhav/miniconda3/lib/python3.11/site-packages/airflow/example_dags/example_branch_python_dop_operator_3.py
[2025-03-27T15:13:07.861-0500] {processor.py:925} INFO - DAG(s) 'example_branch_dop_operator_v3' retrieved from /home/udhbhav/miniconda3/lib/python3.11/site-packages/airflow/example_dags/example_branch_python_dop_operator_3.py
[2025-03-27T15:13:07.868-0500] {logging_mixin.py:190} INFO - [2025-03-27T15:13:07.868-0500] {dag.py:3239} INFO - Sync 1 DAGs
[2025-03-27T15:13:07.878-0500] {logging_mixin.py:190} INFO - [2025-03-27T15:13:07.878-0500] {dag.py:4180} INFO - Setting next_dagrun for example_branch_dop_operator_v3 to 2025-03-27 20:12:00+00:00, run_after=2025-03-27 20:13:00+00:00
[2025-03-27T15:13:08.001-0500] {processor.py:208} INFO - Processing /home/udhbhav/miniconda3/lib/python3.11/site-packages/airflow/example_dags/example_branch_python_dop_operator_3.py took 0.149 seconds
[2025-03-27T15:13:49.203-0500] {processor.py:186} INFO - Started process (PID=1798764) to work on /home/udhbhav/miniconda3/lib/python3.11/site-packages/airflow/example_dags/example_branch_python_dop_operator_3.py
[2025-03-27T15:13:49.204-0500] {processor.py:914} INFO - Processing file /home/udhbhav/miniconda3/lib/python3.11/site-packages/airflow/example_dags/example_branch_python_dop_operator_3.py for tasks to queue
[2025-03-27T15:13:49.205-0500] {logging_mixin.py:190} INFO - [2025-03-27T15:13:49.204-0500] {dagbag.py:588} INFO - Filling up the DagBag from /home/udhbhav/miniconda3/lib/python3.11/site-packages/airflow/example_dags/example_branch_python_dop_operator_3.py
[2025-03-27T15:13:49.210-0500] {processor.py:925} INFO - DAG(s) 'example_branch_dop_operator_v3' retrieved from /home/udhbhav/miniconda3/lib/python3.11/site-packages/airflow/example_dags/example_branch_python_dop_operator_3.py
[2025-03-27T15:13:49.217-0500] {logging_mixin.py:190} INFO - [2025-03-27T15:13:49.217-0500] {dag.py:3239} INFO - Sync 1 DAGs
[2025-03-27T15:13:49.226-0500] {logging_mixin.py:190} INFO - [2025-03-27T15:13:49.226-0500] {dag.py:4180} INFO - Setting next_dagrun for example_branch_dop_operator_v3 to 2025-03-27 20:12:00+00:00, run_after=2025-03-27 20:13:00+00:00
[2025-03-27T15:13:49.398-0500] {processor.py:208} INFO - Processing /home/udhbhav/miniconda3/lib/python3.11/site-packages/airflow/example_dags/example_branch_python_dop_operator_3.py took 0.198 seconds
[2025-03-27T15:15:04.393-0500] {processor.py:186} INFO - Started process (PID=1799458) to work on /home/udhbhav/miniconda3/lib/python3.11/site-packages/airflow/example_dags/example_branch_python_dop_operator_3.py
[2025-03-27T15:15:04.393-0500] {processor.py:914} INFO - Processing file /home/udhbhav/miniconda3/lib/python3.11/site-packages/airflow/example_dags/example_branch_python_dop_operator_3.py for tasks to queue
[2025-03-27T15:15:04.394-0500] {logging_mixin.py:190} INFO - [2025-03-27T15:15:04.394-0500] {dagbag.py:588} INFO - Filling up the DagBag from /home/udhbhav/miniconda3/lib/python3.11/site-packages/airflow/example_dags/example_branch_python_dop_operator_3.py
[2025-03-27T15:15:04.399-0500] {processor.py:925} INFO - DAG(s) 'example_branch_dop_operator_v3' retrieved from /home/udhbhav/miniconda3/lib/python3.11/site-packages/airflow/example_dags/example_branch_python_dop_operator_3.py
[2025-03-27T15:15:04.406-0500] {logging_mixin.py:190} INFO - [2025-03-27T15:15:04.406-0500] {dag.py:3239} INFO - Sync 1 DAGs
[2025-03-27T15:15:04.416-0500] {logging_mixin.py:190} INFO - [2025-03-27T15:15:04.416-0500] {dag.py:4180} INFO - Setting next_dagrun for example_branch_dop_operator_v3 to 2025-03-27 20:14:00+00:00, run_after=2025-03-27 20:15:00+00:00
[2025-03-27T15:15:04.951-0500] {processor.py:208} INFO - Processing /home/udhbhav/miniconda3/lib/python3.11/site-packages/airflow/example_dags/example_branch_python_dop_operator_3.py took 0.561 seconds
[2025-03-27T15:16:24.519-0500] {processor.py:186} INFO - Started process (PID=1800206) to work on /home/udhbhav/miniconda3/lib/python3.11/site-packages/airflow/example_dags/example_branch_python_dop_operator_3.py
[2025-03-27T15:16:24.519-0500] {processor.py:914} INFO - Processing file /home/udhbhav/miniconda3/lib/python3.11/site-packages/airflow/example_dags/example_branch_python_dop_operator_3.py for tasks to queue
[2025-03-27T15:16:24.520-0500] {logging_mixin.py:190} INFO - [2025-03-27T15:16:24.520-0500] {dagbag.py:588} INFO - Filling up the DagBag from /home/udhbhav/miniconda3/lib/python3.11/site-packages/airflow/example_dags/example_branch_python_dop_operator_3.py
[2025-03-27T15:16:24.525-0500] {processor.py:925} INFO - DAG(s) 'example_branch_dop_operator_v3' retrieved from /home/udhbhav/miniconda3/lib/python3.11/site-packages/airflow/example_dags/example_branch_python_dop_operator_3.py
[2025-03-27T15:16:24.532-0500] {logging_mixin.py:190} INFO - [2025-03-27T15:16:24.532-0500] {dag.py:3239} INFO - Sync 1 DAGs
[2025-03-27T15:16:24.542-0500] {logging_mixin.py:190} INFO - [2025-03-27T15:16:24.542-0500] {dag.py:4180} INFO - Setting next_dagrun for example_branch_dop_operator_v3 to 2025-03-27 20:15:00+00:00, run_after=2025-03-27 20:16:00+00:00
[2025-03-27T15:16:25.579-0500] {processor.py:208} INFO - Processing /home/udhbhav/miniconda3/lib/python3.11/site-packages/airflow/example_dags/example_branch_python_dop_operator_3.py took 1.064 seconds
[2025-03-27T15:17:05.476-0500] {processor.py:186} INFO - Started process (PID=1800641) to work on /home/udhbhav/miniconda3/lib/python3.11/site-packages/airflow/example_dags/example_branch_python_dop_operator_3.py
[2025-03-27T15:17:05.476-0500] {processor.py:914} INFO - Processing file /home/udhbhav/miniconda3/lib/python3.11/site-packages/airflow/example_dags/example_branch_python_dop_operator_3.py for tasks to queue
[2025-03-27T15:17:05.477-0500] {logging_mixin.py:190} INFO - [2025-03-27T15:17:05.477-0500] {dagbag.py:588} INFO - Filling up the DagBag from /home/udhbhav/miniconda3/lib/python3.11/site-packages/airflow/example_dags/example_branch_python_dop_operator_3.py
[2025-03-27T15:17:05.483-0500] {processor.py:925} INFO - DAG(s) 'example_branch_dop_operator_v3' retrieved from /home/udhbhav/miniconda3/lib/python3.11/site-packages/airflow/example_dags/example_branch_python_dop_operator_3.py
[2025-03-27T15:17:05.490-0500] {logging_mixin.py:190} INFO - [2025-03-27T15:17:05.490-0500] {dag.py:3239} INFO - Sync 1 DAGs
[2025-03-27T15:17:05.499-0500] {logging_mixin.py:190} INFO - [2025-03-27T15:17:05.499-0500] {dag.py:4180} INFO - Setting next_dagrun for example_branch_dop_operator_v3 to 2025-03-27 20:16:00+00:00, run_after=2025-03-27 20:17:00+00:00
[2025-03-27T15:17:05.606-0500] {processor.py:208} INFO - Processing /home/udhbhav/miniconda3/lib/python3.11/site-packages/airflow/example_dags/example_branch_python_dop_operator_3.py took 0.133 seconds
[2025-03-27T15:18:12.496-0500] {processor.py:186} INFO - Started process (PID=1801266) to work on /home/udhbhav/miniconda3/lib/python3.11/site-packages/airflow/example_dags/example_branch_python_dop_operator_3.py
[2025-03-27T15:18:12.497-0500] {processor.py:914} INFO - Processing file /home/udhbhav/miniconda3/lib/python3.11/site-packages/airflow/example_dags/example_branch_python_dop_operator_3.py for tasks to queue
[2025-03-27T15:18:12.498-0500] {logging_mixin.py:190} INFO - [2025-03-27T15:18:12.497-0500] {dagbag.py:588} INFO - Filling up the DagBag from /home/udhbhav/miniconda3/lib/python3.11/site-packages/airflow/example_dags/example_branch_python_dop_operator_3.py
[2025-03-27T15:18:12.503-0500] {processor.py:925} INFO - DAG(s) 'example_branch_dop_operator_v3' retrieved from /home/udhbhav/miniconda3/lib/python3.11/site-packages/airflow/example_dags/example_branch_python_dop_operator_3.py
[2025-03-27T15:18:12.510-0500] {logging_mixin.py:190} INFO - [2025-03-27T15:18:12.510-0500] {dag.py:3239} INFO - Sync 1 DAGs
[2025-03-27T15:18:12.520-0500] {logging_mixin.py:190} INFO - [2025-03-27T15:18:12.519-0500] {dag.py:4180} INFO - Setting next_dagrun for example_branch_dop_operator_v3 to 2025-03-27 20:17:00+00:00, run_after=2025-03-27 20:18:00+00:00
[2025-03-27T15:18:12.628-0500] {processor.py:208} INFO - Processing /home/udhbhav/miniconda3/lib/python3.11/site-packages/airflow/example_dags/example_branch_python_dop_operator_3.py took 0.134 seconds
[2025-03-27T15:19:22.550-0500] {processor.py:186} INFO - Started process (PID=1801952) to work on /home/udhbhav/miniconda3/lib/python3.11/site-packages/airflow/example_dags/example_branch_python_dop_operator_3.py
[2025-03-27T15:19:22.551-0500] {processor.py:914} INFO - Processing file /home/udhbhav/miniconda3/lib/python3.11/site-packages/airflow/example_dags/example_branch_python_dop_operator_3.py for tasks to queue
[2025-03-27T15:19:22.552-0500] {logging_mixin.py:190} INFO - [2025-03-27T15:19:22.551-0500] {dagbag.py:588} INFO - Filling up the DagBag from /home/udhbhav/miniconda3/lib/python3.11/site-packages/airflow/example_dags/example_branch_python_dop_operator_3.py
[2025-03-27T15:19:22.557-0500] {processor.py:925} INFO - DAG(s) 'example_branch_dop_operator_v3' retrieved from /home/udhbhav/miniconda3/lib/python3.11/site-packages/airflow/example_dags/example_branch_python_dop_operator_3.py
[2025-03-27T15:19:22.564-0500] {logging_mixin.py:190} INFO - [2025-03-27T15:19:22.564-0500] {dag.py:3239} INFO - Sync 1 DAGs
[2025-03-27T15:19:22.573-0500] {logging_mixin.py:190} INFO - [2025-03-27T15:19:22.573-0500] {dag.py:4180} INFO - Setting next_dagrun for example_branch_dop_operator_v3 to 2025-03-27 20:18:00+00:00, run_after=2025-03-27 20:19:00+00:00
[2025-03-27T15:19:22.729-0500] {processor.py:208} INFO - Processing /home/udhbhav/miniconda3/lib/python3.11/site-packages/airflow/example_dags/example_branch_python_dop_operator_3.py took 0.182 seconds
[2025-03-27T15:20:28.371-0500] {processor.py:186} INFO - Started process (PID=1803388) to work on /home/udhbhav/miniconda3/lib/python3.11/site-packages/airflow/example_dags/example_branch_python_dop_operator_3.py
[2025-03-27T15:20:28.372-0500] {processor.py:914} INFO - Processing file /home/udhbhav/miniconda3/lib/python3.11/site-packages/airflow/example_dags/example_branch_python_dop_operator_3.py for tasks to queue
[2025-03-27T15:20:28.373-0500] {logging_mixin.py:190} INFO - [2025-03-27T15:20:28.372-0500] {dagbag.py:588} INFO - Filling up the DagBag from /home/udhbhav/miniconda3/lib/python3.11/site-packages/airflow/example_dags/example_branch_python_dop_operator_3.py
[2025-03-27T15:20:28.378-0500] {processor.py:925} INFO - DAG(s) 'example_branch_dop_operator_v3' retrieved from /home/udhbhav/miniconda3/lib/python3.11/site-packages/airflow/example_dags/example_branch_python_dop_operator_3.py
[2025-03-27T15:20:28.385-0500] {logging_mixin.py:190} INFO - [2025-03-27T15:20:28.385-0500] {dag.py:3239} INFO - Sync 1 DAGs
[2025-03-27T15:20:28.395-0500] {logging_mixin.py:190} INFO - [2025-03-27T15:20:28.395-0500] {dag.py:4180} INFO - Setting next_dagrun for example_branch_dop_operator_v3 to 2025-03-27 20:19:00+00:00, run_after=2025-03-27 20:20:00+00:00
[2025-03-27T15:20:28.525-0500] {processor.py:208} INFO - Processing /home/udhbhav/miniconda3/lib/python3.11/site-packages/airflow/example_dags/example_branch_python_dop_operator_3.py took 0.157 seconds
[2025-03-27T15:21:37.394-0500] {processor.py:186} INFO - Started process (PID=1808157) to work on /home/udhbhav/miniconda3/lib/python3.11/site-packages/airflow/example_dags/example_branch_python_dop_operator_3.py
[2025-03-27T15:21:37.395-0500] {processor.py:914} INFO - Processing file /home/udhbhav/miniconda3/lib/python3.11/site-packages/airflow/example_dags/example_branch_python_dop_operator_3.py for tasks to queue
[2025-03-27T15:21:37.396-0500] {logging_mixin.py:190} INFO - [2025-03-27T15:21:37.395-0500] {dagbag.py:588} INFO - Filling up the DagBag from /home/udhbhav/miniconda3/lib/python3.11/site-packages/airflow/example_dags/example_branch_python_dop_operator_3.py
[2025-03-27T15:21:37.401-0500] {processor.py:925} INFO - DAG(s) 'example_branch_dop_operator_v3' retrieved from /home/udhbhav/miniconda3/lib/python3.11/site-packages/airflow/example_dags/example_branch_python_dop_operator_3.py
[2025-03-27T15:21:37.408-0500] {logging_mixin.py:190} INFO - [2025-03-27T15:21:37.408-0500] {dag.py:3239} INFO - Sync 1 DAGs
[2025-03-27T15:21:37.418-0500] {logging_mixin.py:190} INFO - [2025-03-27T15:21:37.418-0500] {dag.py:4180} INFO - Setting next_dagrun for example_branch_dop_operator_v3 to 2025-03-27 20:20:00+00:00, run_after=2025-03-27 20:21:00+00:00
[2025-03-27T15:21:37.525-0500] {processor.py:208} INFO - Processing /home/udhbhav/miniconda3/lib/python3.11/site-packages/airflow/example_dags/example_branch_python_dop_operator_3.py took 0.134 seconds
[2025-03-27T15:22:51.822-0500] {processor.py:186} INFO - Started process (PID=1808995) to work on /home/udhbhav/miniconda3/lib/python3.11/site-packages/airflow/example_dags/example_branch_python_dop_operator_3.py
[2025-03-27T15:22:51.823-0500] {processor.py:914} INFO - Processing file /home/udhbhav/miniconda3/lib/python3.11/site-packages/airflow/example_dags/example_branch_python_dop_operator_3.py for tasks to queue
[2025-03-27T15:22:51.824-0500] {logging_mixin.py:190} INFO - [2025-03-27T15:22:51.823-0500] {dagbag.py:588} INFO - Filling up the DagBag from /home/udhbhav/miniconda3/lib/python3.11/site-packages/airflow/example_dags/example_branch_python_dop_operator_3.py
[2025-03-27T15:22:51.829-0500] {processor.py:925} INFO - DAG(s) 'example_branch_dop_operator_v3' retrieved from /home/udhbhav/miniconda3/lib/python3.11/site-packages/airflow/example_dags/example_branch_python_dop_operator_3.py
[2025-03-27T15:22:51.836-0500] {logging_mixin.py:190} INFO - [2025-03-27T15:22:51.836-0500] {dag.py:3239} INFO - Sync 1 DAGs
[2025-03-27T15:22:51.846-0500] {logging_mixin.py:190} INFO - [2025-03-27T15:22:51.846-0500] {dag.py:4180} INFO - Setting next_dagrun for example_branch_dop_operator_v3 to 2025-03-27 20:21:00+00:00, run_after=2025-03-27 20:22:00+00:00
[2025-03-27T15:22:51.997-0500] {processor.py:208} INFO - Processing /home/udhbhav/miniconda3/lib/python3.11/site-packages/airflow/example_dags/example_branch_python_dop_operator_3.py took 0.178 seconds
[2025-03-27T15:23:31.717-0500] {processor.py:186} INFO - Started process (PID=1809280) to work on /home/udhbhav/miniconda3/lib/python3.11/site-packages/airflow/example_dags/example_branch_python_dop_operator_3.py
[2025-03-27T15:23:31.717-0500] {processor.py:914} INFO - Processing file /home/udhbhav/miniconda3/lib/python3.11/site-packages/airflow/example_dags/example_branch_python_dop_operator_3.py for tasks to queue
[2025-03-27T15:23:31.718-0500] {logging_mixin.py:190} INFO - [2025-03-27T15:23:31.718-0500] {dagbag.py:588} INFO - Filling up the DagBag from /home/udhbhav/miniconda3/lib/python3.11/site-packages/airflow/example_dags/example_branch_python_dop_operator_3.py
[2025-03-27T15:23:31.724-0500] {processor.py:925} INFO - DAG(s) 'example_branch_dop_operator_v3' retrieved from /home/udhbhav/miniconda3/lib/python3.11/site-packages/airflow/example_dags/example_branch_python_dop_operator_3.py
[2025-03-27T15:23:31.731-0500] {logging_mixin.py:190} INFO - [2025-03-27T15:23:31.731-0500] {dag.py:3239} INFO - Sync 1 DAGs
[2025-03-27T15:23:31.741-0500] {logging_mixin.py:190} INFO - [2025-03-27T15:23:31.740-0500] {dag.py:4180} INFO - Setting next_dagrun for example_branch_dop_operator_v3 to 2025-03-27 20:22:00+00:00, run_after=2025-03-27 20:23:00+00:00
[2025-03-27T15:23:31.851-0500] {processor.py:208} INFO - Processing /home/udhbhav/miniconda3/lib/python3.11/site-packages/airflow/example_dags/example_branch_python_dop_operator_3.py took 0.137 seconds
[2025-03-27T15:24:40.144-0500] {processor.py:186} INFO - Started process (PID=1810100) to work on /home/udhbhav/miniconda3/lib/python3.11/site-packages/airflow/example_dags/example_branch_python_dop_operator_3.py
[2025-03-27T15:24:40.144-0500] {processor.py:914} INFO - Processing file /home/udhbhav/miniconda3/lib/python3.11/site-packages/airflow/example_dags/example_branch_python_dop_operator_3.py for tasks to queue
[2025-03-27T15:24:40.145-0500] {logging_mixin.py:190} INFO - [2025-03-27T15:24:40.145-0500] {dagbag.py:588} INFO - Filling up the DagBag from /home/udhbhav/miniconda3/lib/python3.11/site-packages/airflow/example_dags/example_branch_python_dop_operator_3.py
[2025-03-27T15:24:40.150-0500] {processor.py:925} INFO - DAG(s) 'example_branch_dop_operator_v3' retrieved from /home/udhbhav/miniconda3/lib/python3.11/site-packages/airflow/example_dags/example_branch_python_dop_operator_3.py
[2025-03-27T15:24:40.158-0500] {logging_mixin.py:190} INFO - [2025-03-27T15:24:40.157-0500] {dag.py:3239} INFO - Sync 1 DAGs
[2025-03-27T15:24:40.167-0500] {logging_mixin.py:190} INFO - [2025-03-27T15:24:40.167-0500] {dag.py:4180} INFO - Setting next_dagrun for example_branch_dop_operator_v3 to 2025-03-27 20:23:00+00:00, run_after=2025-03-27 20:24:00+00:00
[2025-03-27T15:24:40.313-0500] {processor.py:208} INFO - Processing /home/udhbhav/miniconda3/lib/python3.11/site-packages/airflow/example_dags/example_branch_python_dop_operator_3.py took 0.173 seconds
[2025-03-27T15:26:07.347-0500] {processor.py:186} INFO - Started process (PID=1810944) to work on /home/udhbhav/miniconda3/lib/python3.11/site-packages/airflow/example_dags/example_branch_python_dop_operator_3.py
[2025-03-27T15:26:07.347-0500] {processor.py:914} INFO - Processing file /home/udhbhav/miniconda3/lib/python3.11/site-packages/airflow/example_dags/example_branch_python_dop_operator_3.py for tasks to queue
[2025-03-27T15:26:07.348-0500] {logging_mixin.py:190} INFO - [2025-03-27T15:26:07.348-0500] {dagbag.py:588} INFO - Filling up the DagBag from /home/udhbhav/miniconda3/lib/python3.11/site-packages/airflow/example_dags/example_branch_python_dop_operator_3.py
[2025-03-27T15:26:07.354-0500] {processor.py:925} INFO - DAG(s) 'example_branch_dop_operator_v3' retrieved from /home/udhbhav/miniconda3/lib/python3.11/site-packages/airflow/example_dags/example_branch_python_dop_operator_3.py
[2025-03-27T15:26:07.361-0500] {logging_mixin.py:190} INFO - [2025-03-27T15:26:07.361-0500] {dag.py:3239} INFO - Sync 1 DAGs
[2025-03-27T15:26:07.370-0500] {logging_mixin.py:190} INFO - [2025-03-27T15:26:07.370-0500] {dag.py:4180} INFO - Setting next_dagrun for example_branch_dop_operator_v3 to 2025-03-27 20:25:00+00:00, run_after=2025-03-27 20:26:00+00:00
[2025-03-27T15:26:08.167-0500] {processor.py:208} INFO - Processing /home/udhbhav/miniconda3/lib/python3.11/site-packages/airflow/example_dags/example_branch_python_dop_operator_3.py took 0.823 seconds
[2025-03-27T15:26:56.638-0500] {processor.py:186} INFO - Started process (PID=1811474) to work on /home/udhbhav/miniconda3/lib/python3.11/site-packages/airflow/example_dags/example_branch_python_dop_operator_3.py
[2025-03-27T15:26:56.638-0500] {processor.py:914} INFO - Processing file /home/udhbhav/miniconda3/lib/python3.11/site-packages/airflow/example_dags/example_branch_python_dop_operator_3.py for tasks to queue
[2025-03-27T15:26:56.639-0500] {logging_mixin.py:190} INFO - [2025-03-27T15:26:56.639-0500] {dagbag.py:588} INFO - Filling up the DagBag from /home/udhbhav/miniconda3/lib/python3.11/site-packages/airflow/example_dags/example_branch_python_dop_operator_3.py
[2025-03-27T15:26:56.645-0500] {processor.py:925} INFO - DAG(s) 'example_branch_dop_operator_v3' retrieved from /home/udhbhav/miniconda3/lib/python3.11/site-packages/airflow/example_dags/example_branch_python_dop_operator_3.py
[2025-03-27T15:26:56.652-0500] {logging_mixin.py:190} INFO - [2025-03-27T15:26:56.652-0500] {dag.py:3239} INFO - Sync 1 DAGs
[2025-03-27T15:26:56.662-0500] {logging_mixin.py:190} INFO - [2025-03-27T15:26:56.662-0500] {dag.py:4180} INFO - Setting next_dagrun for example_branch_dop_operator_v3 to 2025-03-27 20:25:00+00:00, run_after=2025-03-27 20:26:00+00:00
[2025-03-27T15:26:56.769-0500] {processor.py:208} INFO - Processing /home/udhbhav/miniconda3/lib/python3.11/site-packages/airflow/example_dags/example_branch_python_dop_operator_3.py took 0.133 seconds
[2025-03-27T15:28:06.202-0500] {processor.py:186} INFO - Started process (PID=1812076) to work on /home/udhbhav/miniconda3/lib/python3.11/site-packages/airflow/example_dags/example_branch_python_dop_operator_3.py
[2025-03-27T15:28:06.202-0500] {processor.py:914} INFO - Processing file /home/udhbhav/miniconda3/lib/python3.11/site-packages/airflow/example_dags/example_branch_python_dop_operator_3.py for tasks to queue
[2025-03-27T15:28:06.203-0500] {logging_mixin.py:190} INFO - [2025-03-27T15:28:06.203-0500] {dagbag.py:588} INFO - Filling up the DagBag from /home/udhbhav/miniconda3/lib/python3.11/site-packages/airflow/example_dags/example_branch_python_dop_operator_3.py
[2025-03-27T15:28:06.209-0500] {processor.py:925} INFO - DAG(s) 'example_branch_dop_operator_v3' retrieved from /home/udhbhav/miniconda3/lib/python3.11/site-packages/airflow/example_dags/example_branch_python_dop_operator_3.py
[2025-03-27T15:28:06.216-0500] {logging_mixin.py:190} INFO - [2025-03-27T15:28:06.216-0500] {dag.py:3239} INFO - Sync 1 DAGs
[2025-03-27T15:28:06.226-0500] {logging_mixin.py:190} INFO - [2025-03-27T15:28:06.226-0500] {dag.py:4180} INFO - Setting next_dagrun for example_branch_dop_operator_v3 to 2025-03-27 20:27:00+00:00, run_after=2025-03-27 20:28:00+00:00
[2025-03-27T15:28:06.943-0500] {processor.py:208} INFO - Processing /home/udhbhav/miniconda3/lib/python3.11/site-packages/airflow/example_dags/example_branch_python_dop_operator_3.py took 0.745 seconds
[2025-03-27T15:28:58.632-0500] {processor.py:186} INFO - Started process (PID=1812611) to work on /home/udhbhav/miniconda3/lib/python3.11/site-packages/airflow/example_dags/example_branch_python_dop_operator_3.py
[2025-03-27T15:28:58.633-0500] {processor.py:914} INFO - Processing file /home/udhbhav/miniconda3/lib/python3.11/site-packages/airflow/example_dags/example_branch_python_dop_operator_3.py for tasks to queue
[2025-03-27T15:28:58.634-0500] {logging_mixin.py:190} INFO - [2025-03-27T15:28:58.634-0500] {dagbag.py:588} INFO - Filling up the DagBag from /home/udhbhav/miniconda3/lib/python3.11/site-packages/airflow/example_dags/example_branch_python_dop_operator_3.py
[2025-03-27T15:28:58.639-0500] {processor.py:925} INFO - DAG(s) 'example_branch_dop_operator_v3' retrieved from /home/udhbhav/miniconda3/lib/python3.11/site-packages/airflow/example_dags/example_branch_python_dop_operator_3.py
[2025-03-27T15:28:58.646-0500] {logging_mixin.py:190} INFO - [2025-03-27T15:28:58.646-0500] {dag.py:3239} INFO - Sync 1 DAGs
[2025-03-27T15:28:58.656-0500] {logging_mixin.py:190} INFO - [2025-03-27T15:28:58.656-0500] {dag.py:4180} INFO - Setting next_dagrun for example_branch_dop_operator_v3 to 2025-03-27 20:27:00+00:00, run_after=2025-03-27 20:28:00+00:00
[2025-03-27T15:28:58.823-0500] {processor.py:208} INFO - Processing /home/udhbhav/miniconda3/lib/python3.11/site-packages/airflow/example_dags/example_branch_python_dop_operator_3.py took 0.194 seconds
[2025-03-27T15:29:53.241-0500] {processor.py:186} INFO - Started process (PID=1813160) to work on /home/udhbhav/miniconda3/lib/python3.11/site-packages/airflow/example_dags/example_branch_python_dop_operator_3.py
[2025-03-27T15:29:53.241-0500] {processor.py:914} INFO - Processing file /home/udhbhav/miniconda3/lib/python3.11/site-packages/airflow/example_dags/example_branch_python_dop_operator_3.py for tasks to queue
[2025-03-27T15:29:53.242-0500] {logging_mixin.py:190} INFO - [2025-03-27T15:29:53.242-0500] {dagbag.py:588} INFO - Filling up the DagBag from /home/udhbhav/miniconda3/lib/python3.11/site-packages/airflow/example_dags/example_branch_python_dop_operator_3.py
[2025-03-27T15:29:53.248-0500] {processor.py:925} INFO - DAG(s) 'example_branch_dop_operator_v3' retrieved from /home/udhbhav/miniconda3/lib/python3.11/site-packages/airflow/example_dags/example_branch_python_dop_operator_3.py
[2025-03-27T15:29:53.255-0500] {logging_mixin.py:190} INFO - [2025-03-27T15:29:53.255-0500] {dag.py:3239} INFO - Sync 1 DAGs
[2025-03-27T15:29:53.265-0500] {logging_mixin.py:190} INFO - [2025-03-27T15:29:53.265-0500] {dag.py:4180} INFO - Setting next_dagrun for example_branch_dop_operator_v3 to 2025-03-27 20:28:00+00:00, run_after=2025-03-27 20:29:00+00:00
[2025-03-27T15:29:53.460-0500] {processor.py:208} INFO - Processing /home/udhbhav/miniconda3/lib/python3.11/site-packages/airflow/example_dags/example_branch_python_dop_operator_3.py took 0.222 seconds
[2025-03-27T15:30:47.422-0500] {processor.py:186} INFO - Started process (PID=1813631) to work on /home/udhbhav/miniconda3/lib/python3.11/site-packages/airflow/example_dags/example_branch_python_dop_operator_3.py
[2025-03-27T15:30:47.422-0500] {processor.py:914} INFO - Processing file /home/udhbhav/miniconda3/lib/python3.11/site-packages/airflow/example_dags/example_branch_python_dop_operator_3.py for tasks to queue
[2025-03-27T15:30:47.423-0500] {logging_mixin.py:190} INFO - [2025-03-27T15:30:47.423-0500] {dagbag.py:588} INFO - Filling up the DagBag from /home/udhbhav/miniconda3/lib/python3.11/site-packages/airflow/example_dags/example_branch_python_dop_operator_3.py
[2025-03-27T15:30:47.429-0500] {processor.py:925} INFO - DAG(s) 'example_branch_dop_operator_v3' retrieved from /home/udhbhav/miniconda3/lib/python3.11/site-packages/airflow/example_dags/example_branch_python_dop_operator_3.py
[2025-03-27T15:30:47.436-0500] {logging_mixin.py:190} INFO - [2025-03-27T15:30:47.436-0500] {dag.py:3239} INFO - Sync 1 DAGs
[2025-03-27T15:30:47.445-0500] {logging_mixin.py:190} INFO - [2025-03-27T15:30:47.445-0500] {dag.py:4180} INFO - Setting next_dagrun for example_branch_dop_operator_v3 to 2025-03-27 20:29:00+00:00, run_after=2025-03-27 20:30:00+00:00
[2025-03-27T15:30:47.707-0500] {processor.py:208} INFO - Processing /home/udhbhav/miniconda3/lib/python3.11/site-packages/airflow/example_dags/example_branch_python_dop_operator_3.py took 0.288 seconds
[2025-03-27T15:31:46.102-0500] {processor.py:186} INFO - Started process (PID=1814187) to work on /home/udhbhav/miniconda3/lib/python3.11/site-packages/airflow/example_dags/example_branch_python_dop_operator_3.py
[2025-03-27T15:31:46.103-0500] {processor.py:914} INFO - Processing file /home/udhbhav/miniconda3/lib/python3.11/site-packages/airflow/example_dags/example_branch_python_dop_operator_3.py for tasks to queue
[2025-03-27T15:31:46.104-0500] {logging_mixin.py:190} INFO - [2025-03-27T15:31:46.104-0500] {dagbag.py:588} INFO - Filling up the DagBag from /home/udhbhav/miniconda3/lib/python3.11/site-packages/airflow/example_dags/example_branch_python_dop_operator_3.py
[2025-03-27T15:31:46.109-0500] {processor.py:925} INFO - DAG(s) 'example_branch_dop_operator_v3' retrieved from /home/udhbhav/miniconda3/lib/python3.11/site-packages/airflow/example_dags/example_branch_python_dop_operator_3.py
[2025-03-27T15:31:46.117-0500] {logging_mixin.py:190} INFO - [2025-03-27T15:31:46.116-0500] {dag.py:3239} INFO - Sync 1 DAGs
[2025-03-27T15:31:46.126-0500] {logging_mixin.py:190} INFO - [2025-03-27T15:31:46.126-0500] {dag.py:4180} INFO - Setting next_dagrun for example_branch_dop_operator_v3 to 2025-03-27 20:30:00+00:00, run_after=2025-03-27 20:31:00+00:00
[2025-03-27T15:31:46.380-0500] {processor.py:208} INFO - Processing /home/udhbhav/miniconda3/lib/python3.11/site-packages/airflow/example_dags/example_branch_python_dop_operator_3.py took 0.280 seconds
[2025-03-27T15:32:32.032-0500] {processor.py:186} INFO - Started process (PID=1814554) to work on /home/udhbhav/miniconda3/lib/python3.11/site-packages/airflow/example_dags/example_branch_python_dop_operator_3.py
[2025-03-27T15:32:32.032-0500] {processor.py:914} INFO - Processing file /home/udhbhav/miniconda3/lib/python3.11/site-packages/airflow/example_dags/example_branch_python_dop_operator_3.py for tasks to queue
[2025-03-27T15:32:32.033-0500] {logging_mixin.py:190} INFO - [2025-03-27T15:32:32.033-0500] {dagbag.py:588} INFO - Filling up the DagBag from /home/udhbhav/miniconda3/lib/python3.11/site-packages/airflow/example_dags/example_branch_python_dop_operator_3.py
[2025-03-27T15:32:32.038-0500] {processor.py:925} INFO - DAG(s) 'example_branch_dop_operator_v3' retrieved from /home/udhbhav/miniconda3/lib/python3.11/site-packages/airflow/example_dags/example_branch_python_dop_operator_3.py
[2025-03-27T15:32:32.046-0500] {logging_mixin.py:190} INFO - [2025-03-27T15:32:32.045-0500] {dag.py:3239} INFO - Sync 1 DAGs
[2025-03-27T15:32:32.055-0500] {logging_mixin.py:190} INFO - [2025-03-27T15:32:32.055-0500] {dag.py:4180} INFO - Setting next_dagrun for example_branch_dop_operator_v3 to 2025-03-27 20:31:00+00:00, run_after=2025-03-27 20:32:00+00:00
[2025-03-27T15:32:32.170-0500] {processor.py:208} INFO - Processing /home/udhbhav/miniconda3/lib/python3.11/site-packages/airflow/example_dags/example_branch_python_dop_operator_3.py took 0.141 seconds
[2025-03-27T15:33:42.886-0500] {processor.py:186} INFO - Started process (PID=1815284) to work on /home/udhbhav/miniconda3/lib/python3.11/site-packages/airflow/example_dags/example_branch_python_dop_operator_3.py
[2025-03-27T15:33:42.887-0500] {processor.py:914} INFO - Processing file /home/udhbhav/miniconda3/lib/python3.11/site-packages/airflow/example_dags/example_branch_python_dop_operator_3.py for tasks to queue
[2025-03-27T15:33:42.888-0500] {logging_mixin.py:190} INFO - [2025-03-27T15:33:42.888-0500] {dagbag.py:588} INFO - Filling up the DagBag from /home/udhbhav/miniconda3/lib/python3.11/site-packages/airflow/example_dags/example_branch_python_dop_operator_3.py
[2025-03-27T15:33:42.893-0500] {processor.py:925} INFO - DAG(s) 'example_branch_dop_operator_v3' retrieved from /home/udhbhav/miniconda3/lib/python3.11/site-packages/airflow/example_dags/example_branch_python_dop_operator_3.py
[2025-03-27T15:33:42.900-0500] {logging_mixin.py:190} INFO - [2025-03-27T15:33:42.900-0500] {dag.py:3239} INFO - Sync 1 DAGs
[2025-03-27T15:33:42.910-0500] {logging_mixin.py:190} INFO - [2025-03-27T15:33:42.910-0500] {dag.py:4180} INFO - Setting next_dagrun for example_branch_dop_operator_v3 to 2025-03-27 20:32:00+00:00, run_after=2025-03-27 20:33:00+00:00
[2025-03-27T15:33:43.022-0500] {processor.py:208} INFO - Processing /home/udhbhav/miniconda3/lib/python3.11/site-packages/airflow/example_dags/example_branch_python_dop_operator_3.py took 0.139 seconds
[2025-03-27T15:34:47.899-0500] {processor.py:186} INFO - Started process (PID=1815979) to work on /home/udhbhav/miniconda3/lib/python3.11/site-packages/airflow/example_dags/example_branch_python_dop_operator_3.py
[2025-03-27T15:34:47.899-0500] {processor.py:914} INFO - Processing file /home/udhbhav/miniconda3/lib/python3.11/site-packages/airflow/example_dags/example_branch_python_dop_operator_3.py for tasks to queue
[2025-03-27T15:34:47.900-0500] {logging_mixin.py:190} INFO - [2025-03-27T15:34:47.900-0500] {dagbag.py:588} INFO - Filling up the DagBag from /home/udhbhav/miniconda3/lib/python3.11/site-packages/airflow/example_dags/example_branch_python_dop_operator_3.py
[2025-03-27T15:34:47.906-0500] {processor.py:925} INFO - DAG(s) 'example_branch_dop_operator_v3' retrieved from /home/udhbhav/miniconda3/lib/python3.11/site-packages/airflow/example_dags/example_branch_python_dop_operator_3.py
[2025-03-27T15:34:47.913-0500] {logging_mixin.py:190} INFO - [2025-03-27T15:34:47.913-0500] {dag.py:3239} INFO - Sync 1 DAGs
[2025-03-27T15:34:47.922-0500] {logging_mixin.py:190} INFO - [2025-03-27T15:34:47.922-0500] {dag.py:4180} INFO - Setting next_dagrun for example_branch_dop_operator_v3 to 2025-03-27 20:33:00+00:00, run_after=2025-03-27 20:34:00+00:00
[2025-03-27T15:34:48.031-0500] {processor.py:208} INFO - Processing /home/udhbhav/miniconda3/lib/python3.11/site-packages/airflow/example_dags/example_branch_python_dop_operator_3.py took 0.135 seconds
[2025-03-27T15:35:59.616-0500] {processor.py:186} INFO - Started process (PID=1816652) to work on /home/udhbhav/miniconda3/lib/python3.11/site-packages/airflow/example_dags/example_branch_python_dop_operator_3.py
[2025-03-27T15:35:59.616-0500] {processor.py:914} INFO - Processing file /home/udhbhav/miniconda3/lib/python3.11/site-packages/airflow/example_dags/example_branch_python_dop_operator_3.py for tasks to queue
[2025-03-27T15:35:59.617-0500] {logging_mixin.py:190} INFO - [2025-03-27T15:35:59.617-0500] {dagbag.py:588} INFO - Filling up the DagBag from /home/udhbhav/miniconda3/lib/python3.11/site-packages/airflow/example_dags/example_branch_python_dop_operator_3.py
[2025-03-27T15:35:59.623-0500] {processor.py:925} INFO - DAG(s) 'example_branch_dop_operator_v3' retrieved from /home/udhbhav/miniconda3/lib/python3.11/site-packages/airflow/example_dags/example_branch_python_dop_operator_3.py
[2025-03-27T15:35:59.630-0500] {logging_mixin.py:190} INFO - [2025-03-27T15:35:59.630-0500] {dag.py:3239} INFO - Sync 1 DAGs
[2025-03-27T15:35:59.639-0500] {logging_mixin.py:190} INFO - [2025-03-27T15:35:59.639-0500] {dag.py:4180} INFO - Setting next_dagrun for example_branch_dop_operator_v3 to 2025-03-27 20:34:00+00:00, run_after=2025-03-27 20:35:00+00:00
[2025-03-27T15:36:00.391-0500] {processor.py:208} INFO - Processing /home/udhbhav/miniconda3/lib/python3.11/site-packages/airflow/example_dags/example_branch_python_dop_operator_3.py took 0.778 seconds
