[2025-03-27T14:27:10.922-0500] {processor.py:186} INFO - Started process (PID=1763636) to work on /home/udhbhav/miniconda3/lib/python3.11/site-packages/airflow/example_dags/example_task_group_decorator.py
[2025-03-27T14:27:10.923-0500] {processor.py:914} INFO - Processing file /home/udhbhav/miniconda3/lib/python3.11/site-packages/airflow/example_dags/example_task_group_decorator.py for tasks to queue
[2025-03-27T14:27:10.924-0500] {logging_mixin.py:190} INFO - [2025-03-27T14:27:10.924-0500] {dagbag.py:588} INFO - Filling up the DagBag from /home/udhbhav/miniconda3/lib/python3.11/site-packages/airflow/example_dags/example_task_group_decorator.py
[2025-03-27T14:27:10.933-0500] {processor.py:925} INFO - DAG(s) 'example_task_group_decorator' retrieved from /home/udhbhav/miniconda3/lib/python3.11/site-packages/airflow/example_dags/example_task_group_decorator.py
[2025-03-27T14:27:11.216-0500] {logging_mixin.py:190} INFO - [2025-03-27T14:27:11.215-0500] {override.py:1912} INFO - Created Permission View: can read on DAG:example_task_group_decorator
[2025-03-27T14:27:11.341-0500] {logging_mixin.py:190} INFO - [2025-03-27T14:27:11.341-0500] {override.py:1912} INFO - Created Permission View: can edit on DAG:example_task_group_decorator
[2025-03-27T14:27:11.460-0500] {logging_mixin.py:190} INFO - [2025-03-27T14:27:11.460-0500] {override.py:1912} INFO - Created Permission View: can delete on DAG:example_task_group_decorator
[2025-03-27T14:27:11.672-0500] {logging_mixin.py:190} INFO - [2025-03-27T14:27:11.671-0500] {override.py:1912} INFO - Created Permission View: can read on DAG Run:example_task_group_decorator
[2025-03-27T14:27:11.789-0500] {logging_mixin.py:190} INFO - [2025-03-27T14:27:11.789-0500] {override.py:1912} INFO - Created Permission View: menu access on DAG Run:example_task_group_decorator
[2025-03-27T14:27:11.906-0500] {logging_mixin.py:190} INFO - [2025-03-27T14:27:11.906-0500] {override.py:1912} INFO - Created Permission View: can create on DAG Run:example_task_group_decorator
[2025-03-27T14:27:12.024-0500] {logging_mixin.py:190} INFO - [2025-03-27T14:27:12.023-0500] {override.py:1912} INFO - Created Permission View: can delete on DAG Run:example_task_group_decorator
[2025-03-27T14:27:12.024-0500] {logging_mixin.py:190} INFO - [2025-03-27T14:27:12.024-0500] {dag.py:3239} INFO - Sync 1 DAGs
[2025-03-27T14:27:12.030-0500] {logging_mixin.py:190} INFO - [2025-03-27T14:27:12.030-0500] {dag.py:3262} INFO - Creating ORM DAG for example_task_group_decorator
[2025-03-27T14:27:12.030-0500] {logging_mixin.py:190} INFO - [2025-03-27T14:27:12.030-0500] {dag.py:4180} INFO - Setting next_dagrun for example_task_group_decorator to None, run_after=None
[2025-03-27T14:27:12.158-0500] {processor.py:208} INFO - Processing /home/udhbhav/miniconda3/lib/python3.11/site-packages/airflow/example_dags/example_task_group_decorator.py took 1.238 seconds
[2025-03-27T14:28:49.714-0500] {processor.py:186} INFO - Started process (PID=1764602) to work on /home/udhbhav/miniconda3/lib/python3.11/site-packages/airflow/example_dags/example_task_group_decorator.py
[2025-03-27T14:28:49.715-0500] {processor.py:914} INFO - Processing file /home/udhbhav/miniconda3/lib/python3.11/site-packages/airflow/example_dags/example_task_group_decorator.py for tasks to queue
[2025-03-27T14:28:49.716-0500] {logging_mixin.py:190} INFO - [2025-03-27T14:28:49.716-0500] {dagbag.py:588} INFO - Filling up the DagBag from /home/udhbhav/miniconda3/lib/python3.11/site-packages/airflow/example_dags/example_task_group_decorator.py
[2025-03-27T14:28:49.724-0500] {processor.py:925} INFO - DAG(s) 'example_task_group_decorator' retrieved from /home/udhbhav/miniconda3/lib/python3.11/site-packages/airflow/example_dags/example_task_group_decorator.py
[2025-03-27T14:28:49.734-0500] {logging_mixin.py:190} INFO - [2025-03-27T14:28:49.734-0500] {dag.py:3239} INFO - Sync 1 DAGs
[2025-03-27T14:28:49.740-0500] {logging_mixin.py:190} INFO - [2025-03-27T14:28:49.739-0500] {dag.py:4180} INFO - Setting next_dagrun for example_task_group_decorator to None, run_after=None
[2025-03-27T14:28:49.908-0500] {processor.py:208} INFO - Processing /home/udhbhav/miniconda3/lib/python3.11/site-packages/airflow/example_dags/example_task_group_decorator.py took 0.196 seconds
[2025-03-27T14:35:58.988-0500] {processor.py:186} INFO - Started process (PID=1768753) to work on /home/udhbhav/miniconda3/lib/python3.11/site-packages/airflow/example_dags/example_task_group_decorator.py
[2025-03-27T14:35:58.988-0500] {processor.py:914} INFO - Processing file /home/udhbhav/miniconda3/lib/python3.11/site-packages/airflow/example_dags/example_task_group_decorator.py for tasks to queue
[2025-03-27T14:35:58.989-0500] {logging_mixin.py:190} INFO - [2025-03-27T14:35:58.989-0500] {dagbag.py:588} INFO - Filling up the DagBag from /home/udhbhav/miniconda3/lib/python3.11/site-packages/airflow/example_dags/example_task_group_decorator.py
[2025-03-27T14:35:58.997-0500] {processor.py:925} INFO - DAG(s) 'example_task_group_decorator' retrieved from /home/udhbhav/miniconda3/lib/python3.11/site-packages/airflow/example_dags/example_task_group_decorator.py
[2025-03-27T14:35:59.007-0500] {logging_mixin.py:190} INFO - [2025-03-27T14:35:59.007-0500] {dag.py:3239} INFO - Sync 1 DAGs
[2025-03-27T14:35:59.013-0500] {logging_mixin.py:190} INFO - [2025-03-27T14:35:59.013-0500] {dag.py:4180} INFO - Setting next_dagrun for example_task_group_decorator to None, run_after=None
[2025-03-27T14:35:59.121-0500] {processor.py:208} INFO - Processing /home/udhbhav/miniconda3/lib/python3.11/site-packages/airflow/example_dags/example_task_group_decorator.py took 0.136 seconds
[2025-03-27T14:37:45.463-0500] {processor.py:186} INFO - Started process (PID=1769919) to work on /home/udhbhav/miniconda3/lib/python3.11/site-packages/airflow/example_dags/example_task_group_decorator.py
[2025-03-27T14:37:45.464-0500] {processor.py:914} INFO - Processing file /home/udhbhav/miniconda3/lib/python3.11/site-packages/airflow/example_dags/example_task_group_decorator.py for tasks to queue
[2025-03-27T14:37:45.465-0500] {logging_mixin.py:190} INFO - [2025-03-27T14:37:45.465-0500] {dagbag.py:588} INFO - Filling up the DagBag from /home/udhbhav/miniconda3/lib/python3.11/site-packages/airflow/example_dags/example_task_group_decorator.py
[2025-03-27T14:37:45.476-0500] {processor.py:925} INFO - DAG(s) 'example_task_group_decorator' retrieved from /home/udhbhav/miniconda3/lib/python3.11/site-packages/airflow/example_dags/example_task_group_decorator.py
[2025-03-27T14:37:45.553-0500] {logging_mixin.py:190} INFO - [2025-03-27T14:37:45.553-0500] {dag.py:3239} INFO - Sync 1 DAGs
[2025-03-27T14:37:45.559-0500] {logging_mixin.py:190} INFO - [2025-03-27T14:37:45.558-0500] {dag.py:4180} INFO - Setting next_dagrun for example_task_group_decorator to None, run_after=None
[2025-03-27T14:37:45.665-0500] {processor.py:208} INFO - Processing /home/udhbhav/miniconda3/lib/python3.11/site-packages/airflow/example_dags/example_task_group_decorator.py took 0.205 seconds
[2025-03-27T14:39:00.229-0500] {processor.py:186} INFO - Started process (PID=1770932) to work on /home/udhbhav/miniconda3/lib/python3.11/site-packages/airflow/example_dags/example_task_group_decorator.py
[2025-03-27T14:39:00.229-0500] {processor.py:914} INFO - Processing file /home/udhbhav/miniconda3/lib/python3.11/site-packages/airflow/example_dags/example_task_group_decorator.py for tasks to queue
[2025-03-27T14:39:00.230-0500] {logging_mixin.py:190} INFO - [2025-03-27T14:39:00.230-0500] {dagbag.py:588} INFO - Filling up the DagBag from /home/udhbhav/miniconda3/lib/python3.11/site-packages/airflow/example_dags/example_task_group_decorator.py
[2025-03-27T14:39:00.238-0500] {processor.py:925} INFO - DAG(s) 'example_task_group_decorator' retrieved from /home/udhbhav/miniconda3/lib/python3.11/site-packages/airflow/example_dags/example_task_group_decorator.py
[2025-03-27T14:39:00.248-0500] {logging_mixin.py:190} INFO - [2025-03-27T14:39:00.248-0500] {dag.py:3239} INFO - Sync 1 DAGs
[2025-03-27T14:39:00.253-0500] {logging_mixin.py:190} INFO - [2025-03-27T14:39:00.253-0500] {dag.py:4180} INFO - Setting next_dagrun for example_task_group_decorator to None, run_after=None
[2025-03-27T14:39:00.359-0500] {processor.py:208} INFO - Processing /home/udhbhav/miniconda3/lib/python3.11/site-packages/airflow/example_dags/example_task_group_decorator.py took 0.133 seconds
[2025-03-27T14:40:27.659-0500] {processor.py:186} INFO - Started process (PID=1771675) to work on /home/udhbhav/miniconda3/lib/python3.11/site-packages/airflow/example_dags/example_task_group_decorator.py
[2025-03-27T14:40:27.660-0500] {processor.py:914} INFO - Processing file /home/udhbhav/miniconda3/lib/python3.11/site-packages/airflow/example_dags/example_task_group_decorator.py for tasks to queue
[2025-03-27T14:40:27.661-0500] {logging_mixin.py:190} INFO - [2025-03-27T14:40:27.661-0500] {dagbag.py:588} INFO - Filling up the DagBag from /home/udhbhav/miniconda3/lib/python3.11/site-packages/airflow/example_dags/example_task_group_decorator.py
[2025-03-27T14:40:27.669-0500] {processor.py:925} INFO - DAG(s) 'example_task_group_decorator' retrieved from /home/udhbhav/miniconda3/lib/python3.11/site-packages/airflow/example_dags/example_task_group_decorator.py
[2025-03-27T14:40:27.678-0500] {logging_mixin.py:190} INFO - [2025-03-27T14:40:27.678-0500] {dag.py:3239} INFO - Sync 1 DAGs
[2025-03-27T14:40:27.683-0500] {logging_mixin.py:190} INFO - [2025-03-27T14:40:27.683-0500] {dag.py:4180} INFO - Setting next_dagrun for example_task_group_decorator to None, run_after=None
[2025-03-27T14:40:27.791-0500] {processor.py:208} INFO - Processing /home/udhbhav/miniconda3/lib/python3.11/site-packages/airflow/example_dags/example_task_group_decorator.py took 0.134 seconds
[2025-03-27T14:41:57.668-0500] {processor.py:186} INFO - Started process (PID=1772945) to work on /home/udhbhav/miniconda3/lib/python3.11/site-packages/airflow/example_dags/example_task_group_decorator.py
[2025-03-27T14:41:57.668-0500] {processor.py:914} INFO - Processing file /home/udhbhav/miniconda3/lib/python3.11/site-packages/airflow/example_dags/example_task_group_decorator.py for tasks to queue
[2025-03-27T14:41:57.669-0500] {logging_mixin.py:190} INFO - [2025-03-27T14:41:57.669-0500] {dagbag.py:588} INFO - Filling up the DagBag from /home/udhbhav/miniconda3/lib/python3.11/site-packages/airflow/example_dags/example_task_group_decorator.py
[2025-03-27T14:41:57.677-0500] {processor.py:925} INFO - DAG(s) 'example_task_group_decorator' retrieved from /home/udhbhav/miniconda3/lib/python3.11/site-packages/airflow/example_dags/example_task_group_decorator.py
[2025-03-27T14:41:57.687-0500] {logging_mixin.py:190} INFO - [2025-03-27T14:41:57.687-0500] {dag.py:3239} INFO - Sync 1 DAGs
[2025-03-27T14:41:57.692-0500] {logging_mixin.py:190} INFO - [2025-03-27T14:41:57.692-0500] {dag.py:4180} INFO - Setting next_dagrun for example_task_group_decorator to None, run_after=None
[2025-03-27T14:41:57.799-0500] {processor.py:208} INFO - Processing /home/udhbhav/miniconda3/lib/python3.11/site-packages/airflow/example_dags/example_task_group_decorator.py took 0.134 seconds
[2025-03-27T14:43:02.942-0500] {processor.py:186} INFO - Started process (PID=1773567) to work on /home/udhbhav/miniconda3/lib/python3.11/site-packages/airflow/example_dags/example_task_group_decorator.py
[2025-03-27T14:43:02.943-0500] {processor.py:914} INFO - Processing file /home/udhbhav/miniconda3/lib/python3.11/site-packages/airflow/example_dags/example_task_group_decorator.py for tasks to queue
[2025-03-27T14:43:02.944-0500] {logging_mixin.py:190} INFO - [2025-03-27T14:43:02.944-0500] {dagbag.py:588} INFO - Filling up the DagBag from /home/udhbhav/miniconda3/lib/python3.11/site-packages/airflow/example_dags/example_task_group_decorator.py
[2025-03-27T14:43:02.952-0500] {processor.py:925} INFO - DAG(s) 'example_task_group_decorator' retrieved from /home/udhbhav/miniconda3/lib/python3.11/site-packages/airflow/example_dags/example_task_group_decorator.py
[2025-03-27T14:43:02.962-0500] {logging_mixin.py:190} INFO - [2025-03-27T14:43:02.961-0500] {dag.py:3239} INFO - Sync 1 DAGs
[2025-03-27T14:43:02.967-0500] {logging_mixin.py:190} INFO - [2025-03-27T14:43:02.967-0500] {dag.py:4180} INFO - Setting next_dagrun for example_task_group_decorator to None, run_after=None
[2025-03-27T14:43:03.201-0500] {processor.py:208} INFO - Processing /home/udhbhav/miniconda3/lib/python3.11/site-packages/airflow/example_dags/example_task_group_decorator.py took 0.262 seconds
[2025-03-27T14:44:17.891-0500] {processor.py:186} INFO - Started process (PID=1774415) to work on /home/udhbhav/miniconda3/lib/python3.11/site-packages/airflow/example_dags/example_task_group_decorator.py
[2025-03-27T14:44:17.891-0500] {processor.py:914} INFO - Processing file /home/udhbhav/miniconda3/lib/python3.11/site-packages/airflow/example_dags/example_task_group_decorator.py for tasks to queue
[2025-03-27T14:44:17.893-0500] {logging_mixin.py:190} INFO - [2025-03-27T14:44:17.893-0500] {dagbag.py:588} INFO - Filling up the DagBag from /home/udhbhav/miniconda3/lib/python3.11/site-packages/airflow/example_dags/example_task_group_decorator.py
[2025-03-27T14:44:17.901-0500] {processor.py:925} INFO - DAG(s) 'example_task_group_decorator' retrieved from /home/udhbhav/miniconda3/lib/python3.11/site-packages/airflow/example_dags/example_task_group_decorator.py
[2025-03-27T14:44:17.910-0500] {logging_mixin.py:190} INFO - [2025-03-27T14:44:17.910-0500] {dag.py:3239} INFO - Sync 1 DAGs
[2025-03-27T14:44:17.915-0500] {logging_mixin.py:190} INFO - [2025-03-27T14:44:17.915-0500] {dag.py:4180} INFO - Setting next_dagrun for example_task_group_decorator to None, run_after=None
[2025-03-27T14:44:18.021-0500] {processor.py:208} INFO - Processing /home/udhbhav/miniconda3/lib/python3.11/site-packages/airflow/example_dags/example_task_group_decorator.py took 0.133 seconds
[2025-03-27T14:45:24.477-0500] {processor.py:186} INFO - Started process (PID=1775081) to work on /home/udhbhav/miniconda3/lib/python3.11/site-packages/airflow/example_dags/example_task_group_decorator.py
[2025-03-27T14:45:24.477-0500] {processor.py:914} INFO - Processing file /home/udhbhav/miniconda3/lib/python3.11/site-packages/airflow/example_dags/example_task_group_decorator.py for tasks to queue
[2025-03-27T14:45:24.478-0500] {logging_mixin.py:190} INFO - [2025-03-27T14:45:24.478-0500] {dagbag.py:588} INFO - Filling up the DagBag from /home/udhbhav/miniconda3/lib/python3.11/site-packages/airflow/example_dags/example_task_group_decorator.py
[2025-03-27T14:45:24.486-0500] {processor.py:925} INFO - DAG(s) 'example_task_group_decorator' retrieved from /home/udhbhav/miniconda3/lib/python3.11/site-packages/airflow/example_dags/example_task_group_decorator.py
[2025-03-27T14:45:24.496-0500] {logging_mixin.py:190} INFO - [2025-03-27T14:45:24.496-0500] {dag.py:3239} INFO - Sync 1 DAGs
[2025-03-27T14:45:24.501-0500] {logging_mixin.py:190} INFO - [2025-03-27T14:45:24.501-0500] {dag.py:4180} INFO - Setting next_dagrun for example_task_group_decorator to None, run_after=None
[2025-03-27T14:45:24.696-0500] {processor.py:208} INFO - Processing /home/udhbhav/miniconda3/lib/python3.11/site-packages/airflow/example_dags/example_task_group_decorator.py took 0.222 seconds
[2025-03-27T14:47:01.544-0500] {processor.py:186} INFO - Started process (PID=1776054) to work on /home/udhbhav/miniconda3/lib/python3.11/site-packages/airflow/example_dags/example_task_group_decorator.py
[2025-03-27T14:47:01.544-0500] {processor.py:914} INFO - Processing file /home/udhbhav/miniconda3/lib/python3.11/site-packages/airflow/example_dags/example_task_group_decorator.py for tasks to queue
[2025-03-27T14:47:01.545-0500] {logging_mixin.py:190} INFO - [2025-03-27T14:47:01.545-0500] {dagbag.py:588} INFO - Filling up the DagBag from /home/udhbhav/miniconda3/lib/python3.11/site-packages/airflow/example_dags/example_task_group_decorator.py
[2025-03-27T14:47:01.553-0500] {processor.py:925} INFO - DAG(s) 'example_task_group_decorator' retrieved from /home/udhbhav/miniconda3/lib/python3.11/site-packages/airflow/example_dags/example_task_group_decorator.py
[2025-03-27T14:47:01.563-0500] {logging_mixin.py:190} INFO - [2025-03-27T14:47:01.563-0500] {dag.py:3239} INFO - Sync 1 DAGs
[2025-03-27T14:47:01.568-0500] {logging_mixin.py:190} INFO - [2025-03-27T14:47:01.568-0500] {dag.py:4180} INFO - Setting next_dagrun for example_task_group_decorator to None, run_after=None
[2025-03-27T14:47:01.727-0500] {processor.py:208} INFO - Processing /home/udhbhav/miniconda3/lib/python3.11/site-packages/airflow/example_dags/example_task_group_decorator.py took 0.187 seconds
[2025-03-27T14:48:17.237-0500] {processor.py:186} INFO - Started process (PID=1776717) to work on /home/udhbhav/miniconda3/lib/python3.11/site-packages/airflow/example_dags/example_task_group_decorator.py
[2025-03-27T14:48:17.238-0500] {processor.py:914} INFO - Processing file /home/udhbhav/miniconda3/lib/python3.11/site-packages/airflow/example_dags/example_task_group_decorator.py for tasks to queue
[2025-03-27T14:48:17.239-0500] {logging_mixin.py:190} INFO - [2025-03-27T14:48:17.239-0500] {dagbag.py:588} INFO - Filling up the DagBag from /home/udhbhav/miniconda3/lib/python3.11/site-packages/airflow/example_dags/example_task_group_decorator.py
[2025-03-27T14:48:17.247-0500] {processor.py:925} INFO - DAG(s) 'example_task_group_decorator' retrieved from /home/udhbhav/miniconda3/lib/python3.11/site-packages/airflow/example_dags/example_task_group_decorator.py
[2025-03-27T14:48:17.256-0500] {logging_mixin.py:190} INFO - [2025-03-27T14:48:17.256-0500] {dag.py:3239} INFO - Sync 1 DAGs
[2025-03-27T14:48:17.262-0500] {logging_mixin.py:190} INFO - [2025-03-27T14:48:17.261-0500] {dag.py:4180} INFO - Setting next_dagrun for example_task_group_decorator to None, run_after=None
[2025-03-27T14:48:17.436-0500] {processor.py:208} INFO - Processing /home/udhbhav/miniconda3/lib/python3.11/site-packages/airflow/example_dags/example_task_group_decorator.py took 0.201 seconds
[2025-03-27T14:49:44.135-0500] {processor.py:186} INFO - Started process (PID=1777618) to work on /home/udhbhav/miniconda3/lib/python3.11/site-packages/airflow/example_dags/example_task_group_decorator.py
[2025-03-27T14:49:44.136-0500] {processor.py:914} INFO - Processing file /home/udhbhav/miniconda3/lib/python3.11/site-packages/airflow/example_dags/example_task_group_decorator.py for tasks to queue
[2025-03-27T14:49:44.137-0500] {logging_mixin.py:190} INFO - [2025-03-27T14:49:44.137-0500] {dagbag.py:588} INFO - Filling up the DagBag from /home/udhbhav/miniconda3/lib/python3.11/site-packages/airflow/example_dags/example_task_group_decorator.py
[2025-03-27T14:49:44.145-0500] {processor.py:925} INFO - DAG(s) 'example_task_group_decorator' retrieved from /home/udhbhav/miniconda3/lib/python3.11/site-packages/airflow/example_dags/example_task_group_decorator.py
[2025-03-27T14:49:44.154-0500] {logging_mixin.py:190} INFO - [2025-03-27T14:49:44.154-0500] {dag.py:3239} INFO - Sync 1 DAGs
[2025-03-27T14:49:44.160-0500] {logging_mixin.py:190} INFO - [2025-03-27T14:49:44.160-0500] {dag.py:4180} INFO - Setting next_dagrun for example_task_group_decorator to None, run_after=None
[2025-03-27T14:49:44.398-0500] {processor.py:208} INFO - Processing /home/udhbhav/miniconda3/lib/python3.11/site-packages/airflow/example_dags/example_task_group_decorator.py took 0.266 seconds
[2025-03-27T14:51:01.583-0500] {processor.py:186} INFO - Started process (PID=1780605) to work on /home/udhbhav/miniconda3/lib/python3.11/site-packages/airflow/example_dags/example_task_group_decorator.py
[2025-03-27T14:51:01.584-0500] {processor.py:914} INFO - Processing file /home/udhbhav/miniconda3/lib/python3.11/site-packages/airflow/example_dags/example_task_group_decorator.py for tasks to queue
[2025-03-27T14:51:01.585-0500] {logging_mixin.py:190} INFO - [2025-03-27T14:51:01.585-0500] {dagbag.py:588} INFO - Filling up the DagBag from /home/udhbhav/miniconda3/lib/python3.11/site-packages/airflow/example_dags/example_task_group_decorator.py
[2025-03-27T14:51:01.594-0500] {processor.py:925} INFO - DAG(s) 'example_task_group_decorator' retrieved from /home/udhbhav/miniconda3/lib/python3.11/site-packages/airflow/example_dags/example_task_group_decorator.py
[2025-03-27T14:51:01.605-0500] {logging_mixin.py:190} INFO - [2025-03-27T14:51:01.605-0500] {dag.py:3239} INFO - Sync 1 DAGs
[2025-03-27T14:51:01.611-0500] {logging_mixin.py:190} INFO - [2025-03-27T14:51:01.611-0500] {dag.py:4180} INFO - Setting next_dagrun for example_task_group_decorator to None, run_after=None
[2025-03-27T14:51:01.719-0500] {processor.py:208} INFO - Processing /home/udhbhav/miniconda3/lib/python3.11/site-packages/airflow/example_dags/example_task_group_decorator.py took 0.138 seconds
[2025-03-27T14:52:08.154-0500] {processor.py:186} INFO - Started process (PID=1783816) to work on /home/udhbhav/miniconda3/lib/python3.11/site-packages/airflow/example_dags/example_task_group_decorator.py
[2025-03-27T14:52:08.155-0500] {processor.py:914} INFO - Processing file /home/udhbhav/miniconda3/lib/python3.11/site-packages/airflow/example_dags/example_task_group_decorator.py for tasks to queue
[2025-03-27T14:52:08.156-0500] {logging_mixin.py:190} INFO - [2025-03-27T14:52:08.156-0500] {dagbag.py:588} INFO - Filling up the DagBag from /home/udhbhav/miniconda3/lib/python3.11/site-packages/airflow/example_dags/example_task_group_decorator.py
[2025-03-27T14:52:08.164-0500] {processor.py:925} INFO - DAG(s) 'example_task_group_decorator' retrieved from /home/udhbhav/miniconda3/lib/python3.11/site-packages/airflow/example_dags/example_task_group_decorator.py
[2025-03-27T14:52:08.174-0500] {logging_mixin.py:190} INFO - [2025-03-27T14:52:08.173-0500] {dag.py:3239} INFO - Sync 1 DAGs
[2025-03-27T14:52:08.179-0500] {logging_mixin.py:190} INFO - [2025-03-27T14:52:08.179-0500] {dag.py:4180} INFO - Setting next_dagrun for example_task_group_decorator to None, run_after=None
[2025-03-27T14:52:08.353-0500] {processor.py:208} INFO - Processing /home/udhbhav/miniconda3/lib/python3.11/site-packages/airflow/example_dags/example_task_group_decorator.py took 0.201 seconds
[2025-03-27T14:53:18.955-0500] {processor.py:186} INFO - Started process (PID=1784539) to work on /home/udhbhav/miniconda3/lib/python3.11/site-packages/airflow/example_dags/example_task_group_decorator.py
[2025-03-27T14:53:18.955-0500] {processor.py:914} INFO - Processing file /home/udhbhav/miniconda3/lib/python3.11/site-packages/airflow/example_dags/example_task_group_decorator.py for tasks to queue
[2025-03-27T14:53:18.957-0500] {logging_mixin.py:190} INFO - [2025-03-27T14:53:18.956-0500] {dagbag.py:588} INFO - Filling up the DagBag from /home/udhbhav/miniconda3/lib/python3.11/site-packages/airflow/example_dags/example_task_group_decorator.py
[2025-03-27T14:53:18.964-0500] {processor.py:925} INFO - DAG(s) 'example_task_group_decorator' retrieved from /home/udhbhav/miniconda3/lib/python3.11/site-packages/airflow/example_dags/example_task_group_decorator.py
[2025-03-27T14:53:18.974-0500] {logging_mixin.py:190} INFO - [2025-03-27T14:53:18.974-0500] {dag.py:3239} INFO - Sync 1 DAGs
[2025-03-27T14:53:18.979-0500] {logging_mixin.py:190} INFO - [2025-03-27T14:53:18.979-0500] {dag.py:4180} INFO - Setting next_dagrun for example_task_group_decorator to None, run_after=None
[2025-03-27T14:53:19.086-0500] {processor.py:208} INFO - Processing /home/udhbhav/miniconda3/lib/python3.11/site-packages/airflow/example_dags/example_task_group_decorator.py took 0.134 seconds
[2025-03-27T14:54:26.423-0500] {processor.py:186} INFO - Started process (PID=1785171) to work on /home/udhbhav/miniconda3/lib/python3.11/site-packages/airflow/example_dags/example_task_group_decorator.py
[2025-03-27T14:54:26.424-0500] {processor.py:914} INFO - Processing file /home/udhbhav/miniconda3/lib/python3.11/site-packages/airflow/example_dags/example_task_group_decorator.py for tasks to queue
[2025-03-27T14:54:26.425-0500] {logging_mixin.py:190} INFO - [2025-03-27T14:54:26.425-0500] {dagbag.py:588} INFO - Filling up the DagBag from /home/udhbhav/miniconda3/lib/python3.11/site-packages/airflow/example_dags/example_task_group_decorator.py
[2025-03-27T14:54:26.433-0500] {processor.py:925} INFO - DAG(s) 'example_task_group_decorator' retrieved from /home/udhbhav/miniconda3/lib/python3.11/site-packages/airflow/example_dags/example_task_group_decorator.py
[2025-03-27T14:54:26.442-0500] {logging_mixin.py:190} INFO - [2025-03-27T14:54:26.442-0500] {dag.py:3239} INFO - Sync 1 DAGs
[2025-03-27T14:54:26.448-0500] {logging_mixin.py:190} INFO - [2025-03-27T14:54:26.447-0500] {dag.py:4180} INFO - Setting next_dagrun for example_task_group_decorator to None, run_after=None
[2025-03-27T14:54:26.556-0500] {processor.py:208} INFO - Processing /home/udhbhav/miniconda3/lib/python3.11/site-packages/airflow/example_dags/example_task_group_decorator.py took 0.136 seconds
[2025-03-27T14:55:28.344-0500] {processor.py:186} INFO - Started process (PID=1785786) to work on /home/udhbhav/miniconda3/lib/python3.11/site-packages/airflow/example_dags/example_task_group_decorator.py
[2025-03-27T14:55:28.344-0500] {processor.py:914} INFO - Processing file /home/udhbhav/miniconda3/lib/python3.11/site-packages/airflow/example_dags/example_task_group_decorator.py for tasks to queue
[2025-03-27T14:55:28.346-0500] {logging_mixin.py:190} INFO - [2025-03-27T14:55:28.345-0500] {dagbag.py:588} INFO - Filling up the DagBag from /home/udhbhav/miniconda3/lib/python3.11/site-packages/airflow/example_dags/example_task_group_decorator.py
[2025-03-27T14:55:28.353-0500] {processor.py:925} INFO - DAG(s) 'example_task_group_decorator' retrieved from /home/udhbhav/miniconda3/lib/python3.11/site-packages/airflow/example_dags/example_task_group_decorator.py
[2025-03-27T14:55:28.363-0500] {logging_mixin.py:190} INFO - [2025-03-27T14:55:28.363-0500] {dag.py:3239} INFO - Sync 1 DAGs
[2025-03-27T14:55:28.368-0500] {logging_mixin.py:190} INFO - [2025-03-27T14:55:28.368-0500] {dag.py:4180} INFO - Setting next_dagrun for example_task_group_decorator to None, run_after=None
[2025-03-27T14:55:28.528-0500] {processor.py:208} INFO - Processing /home/udhbhav/miniconda3/lib/python3.11/site-packages/airflow/example_dags/example_task_group_decorator.py took 0.187 seconds
[2025-03-27T14:56:47.219-0500] {processor.py:186} INFO - Started process (PID=1786740) to work on /home/udhbhav/miniconda3/lib/python3.11/site-packages/airflow/example_dags/example_task_group_decorator.py
[2025-03-27T14:56:47.220-0500] {processor.py:914} INFO - Processing file /home/udhbhav/miniconda3/lib/python3.11/site-packages/airflow/example_dags/example_task_group_decorator.py for tasks to queue
[2025-03-27T14:56:47.221-0500] {logging_mixin.py:190} INFO - [2025-03-27T14:56:47.221-0500] {dagbag.py:588} INFO - Filling up the DagBag from /home/udhbhav/miniconda3/lib/python3.11/site-packages/airflow/example_dags/example_task_group_decorator.py
[2025-03-27T14:56:47.229-0500] {processor.py:925} INFO - DAG(s) 'example_task_group_decorator' retrieved from /home/udhbhav/miniconda3/lib/python3.11/site-packages/airflow/example_dags/example_task_group_decorator.py
[2025-03-27T14:56:47.238-0500] {logging_mixin.py:190} INFO - [2025-03-27T14:56:47.238-0500] {dag.py:3239} INFO - Sync 1 DAGs
[2025-03-27T14:56:47.243-0500] {logging_mixin.py:190} INFO - [2025-03-27T14:56:47.243-0500] {dag.py:4180} INFO - Setting next_dagrun for example_task_group_decorator to None, run_after=None
[2025-03-27T14:56:47.408-0500] {processor.py:208} INFO - Processing /home/udhbhav/miniconda3/lib/python3.11/site-packages/airflow/example_dags/example_task_group_decorator.py took 0.191 seconds
[2025-03-27T14:58:04.219-0500] {processor.py:186} INFO - Started process (PID=1787447) to work on /home/udhbhav/miniconda3/lib/python3.11/site-packages/airflow/example_dags/example_task_group_decorator.py
[2025-03-27T14:58:04.219-0500] {processor.py:914} INFO - Processing file /home/udhbhav/miniconda3/lib/python3.11/site-packages/airflow/example_dags/example_task_group_decorator.py for tasks to queue
[2025-03-27T14:58:04.221-0500] {logging_mixin.py:190} INFO - [2025-03-27T14:58:04.220-0500] {dagbag.py:588} INFO - Filling up the DagBag from /home/udhbhav/miniconda3/lib/python3.11/site-packages/airflow/example_dags/example_task_group_decorator.py
[2025-03-27T14:58:04.228-0500] {processor.py:925} INFO - DAG(s) 'example_task_group_decorator' retrieved from /home/udhbhav/miniconda3/lib/python3.11/site-packages/airflow/example_dags/example_task_group_decorator.py
[2025-03-27T14:58:04.238-0500] {logging_mixin.py:190} INFO - [2025-03-27T14:58:04.238-0500] {dag.py:3239} INFO - Sync 1 DAGs
[2025-03-27T14:58:04.243-0500] {logging_mixin.py:190} INFO - [2025-03-27T14:58:04.243-0500] {dag.py:4180} INFO - Setting next_dagrun for example_task_group_decorator to None, run_after=None
[2025-03-27T14:58:04.407-0500] {processor.py:208} INFO - Processing /home/udhbhav/miniconda3/lib/python3.11/site-packages/airflow/example_dags/example_task_group_decorator.py took 0.191 seconds
[2025-03-27T14:59:30.708-0500] {processor.py:186} INFO - Started process (PID=1788295) to work on /home/udhbhav/miniconda3/lib/python3.11/site-packages/airflow/example_dags/example_task_group_decorator.py
[2025-03-27T14:59:30.709-0500] {processor.py:914} INFO - Processing file /home/udhbhav/miniconda3/lib/python3.11/site-packages/airflow/example_dags/example_task_group_decorator.py for tasks to queue
[2025-03-27T14:59:30.710-0500] {logging_mixin.py:190} INFO - [2025-03-27T14:59:30.710-0500] {dagbag.py:588} INFO - Filling up the DagBag from /home/udhbhav/miniconda3/lib/python3.11/site-packages/airflow/example_dags/example_task_group_decorator.py
[2025-03-27T14:59:30.718-0500] {processor.py:925} INFO - DAG(s) 'example_task_group_decorator' retrieved from /home/udhbhav/miniconda3/lib/python3.11/site-packages/airflow/example_dags/example_task_group_decorator.py
[2025-03-27T14:59:30.727-0500] {logging_mixin.py:190} INFO - [2025-03-27T14:59:30.727-0500] {dag.py:3239} INFO - Sync 1 DAGs
[2025-03-27T14:59:30.733-0500] {logging_mixin.py:190} INFO - [2025-03-27T14:59:30.732-0500] {dag.py:4180} INFO - Setting next_dagrun for example_task_group_decorator to None, run_after=None
[2025-03-27T14:59:31.135-0500] {processor.py:208} INFO - Processing /home/udhbhav/miniconda3/lib/python3.11/site-packages/airflow/example_dags/example_task_group_decorator.py took 0.429 seconds
[2025-03-27T15:00:52.227-0500] {processor.py:186} INFO - Started process (PID=1789370) to work on /home/udhbhav/miniconda3/lib/python3.11/site-packages/airflow/example_dags/example_task_group_decorator.py
[2025-03-27T15:00:52.229-0500] {processor.py:914} INFO - Processing file /home/udhbhav/miniconda3/lib/python3.11/site-packages/airflow/example_dags/example_task_group_decorator.py for tasks to queue
[2025-03-27T15:00:52.231-0500] {logging_mixin.py:190} INFO - [2025-03-27T15:00:52.231-0500] {dagbag.py:588} INFO - Filling up the DagBag from /home/udhbhav/miniconda3/lib/python3.11/site-packages/airflow/example_dags/example_task_group_decorator.py
[2025-03-27T15:00:52.247-0500] {processor.py:925} INFO - DAG(s) 'example_task_group_decorator' retrieved from /home/udhbhav/miniconda3/lib/python3.11/site-packages/airflow/example_dags/example_task_group_decorator.py
[2025-03-27T15:00:52.259-0500] {logging_mixin.py:190} INFO - [2025-03-27T15:00:52.259-0500] {dag.py:3239} INFO - Sync 1 DAGs
[2025-03-27T15:00:52.264-0500] {logging_mixin.py:190} INFO - [2025-03-27T15:00:52.264-0500] {dag.py:4180} INFO - Setting next_dagrun for example_task_group_decorator to None, run_after=None
[2025-03-27T15:00:52.371-0500] {processor.py:208} INFO - Processing /home/udhbhav/miniconda3/lib/python3.11/site-packages/airflow/example_dags/example_task_group_decorator.py took 0.149 seconds
[2025-03-27T15:01:54.224-0500] {processor.py:186} INFO - Started process (PID=1790094) to work on /home/udhbhav/miniconda3/lib/python3.11/site-packages/airflow/example_dags/example_task_group_decorator.py
[2025-03-27T15:01:54.225-0500] {processor.py:914} INFO - Processing file /home/udhbhav/miniconda3/lib/python3.11/site-packages/airflow/example_dags/example_task_group_decorator.py for tasks to queue
[2025-03-27T15:01:54.226-0500] {logging_mixin.py:190} INFO - [2025-03-27T15:01:54.226-0500] {dagbag.py:588} INFO - Filling up the DagBag from /home/udhbhav/miniconda3/lib/python3.11/site-packages/airflow/example_dags/example_task_group_decorator.py
[2025-03-27T15:01:54.236-0500] {processor.py:925} INFO - DAG(s) 'example_task_group_decorator' retrieved from /home/udhbhav/miniconda3/lib/python3.11/site-packages/airflow/example_dags/example_task_group_decorator.py
[2025-03-27T15:01:54.247-0500] {logging_mixin.py:190} INFO - [2025-03-27T15:01:54.247-0500] {dag.py:3239} INFO - Sync 1 DAGs
[2025-03-27T15:01:54.254-0500] {logging_mixin.py:190} INFO - [2025-03-27T15:01:54.254-0500] {dag.py:4180} INFO - Setting next_dagrun for example_task_group_decorator to None, run_after=None
[2025-03-27T15:01:54.363-0500] {processor.py:208} INFO - Processing /home/udhbhav/miniconda3/lib/python3.11/site-packages/airflow/example_dags/example_task_group_decorator.py took 0.142 seconds
[2025-03-27T15:03:06.659-0500] {processor.py:186} INFO - Started process (PID=1790760) to work on /home/udhbhav/miniconda3/lib/python3.11/site-packages/airflow/example_dags/example_task_group_decorator.py
[2025-03-27T15:03:06.659-0500] {processor.py:914} INFO - Processing file /home/udhbhav/miniconda3/lib/python3.11/site-packages/airflow/example_dags/example_task_group_decorator.py for tasks to queue
[2025-03-27T15:03:06.660-0500] {logging_mixin.py:190} INFO - [2025-03-27T15:03:06.660-0500] {dagbag.py:588} INFO - Filling up the DagBag from /home/udhbhav/miniconda3/lib/python3.11/site-packages/airflow/example_dags/example_task_group_decorator.py
[2025-03-27T15:03:06.668-0500] {processor.py:925} INFO - DAG(s) 'example_task_group_decorator' retrieved from /home/udhbhav/miniconda3/lib/python3.11/site-packages/airflow/example_dags/example_task_group_decorator.py
[2025-03-27T15:03:06.678-0500] {logging_mixin.py:190} INFO - [2025-03-27T15:03:06.678-0500] {dag.py:3239} INFO - Sync 1 DAGs
[2025-03-27T15:03:06.683-0500] {logging_mixin.py:190} INFO - [2025-03-27T15:03:06.683-0500] {dag.py:4180} INFO - Setting next_dagrun for example_task_group_decorator to None, run_after=None
[2025-03-27T15:03:06.832-0500] {processor.py:208} INFO - Processing /home/udhbhav/miniconda3/lib/python3.11/site-packages/airflow/example_dags/example_task_group_decorator.py took 0.176 seconds
[2025-03-27T15:04:20.610-0500] {processor.py:186} INFO - Started process (PID=1791428) to work on /home/udhbhav/miniconda3/lib/python3.11/site-packages/airflow/example_dags/example_task_group_decorator.py
[2025-03-27T15:04:20.611-0500] {processor.py:914} INFO - Processing file /home/udhbhav/miniconda3/lib/python3.11/site-packages/airflow/example_dags/example_task_group_decorator.py for tasks to queue
[2025-03-27T15:04:20.613-0500] {logging_mixin.py:190} INFO - [2025-03-27T15:04:20.612-0500] {dagbag.py:588} INFO - Filling up the DagBag from /home/udhbhav/miniconda3/lib/python3.11/site-packages/airflow/example_dags/example_task_group_decorator.py
[2025-03-27T15:04:20.621-0500] {processor.py:925} INFO - DAG(s) 'example_task_group_decorator' retrieved from /home/udhbhav/miniconda3/lib/python3.11/site-packages/airflow/example_dags/example_task_group_decorator.py
[2025-03-27T15:04:20.631-0500] {logging_mixin.py:190} INFO - [2025-03-27T15:04:20.631-0500] {dag.py:3239} INFO - Sync 1 DAGs
[2025-03-27T15:04:20.636-0500] {logging_mixin.py:190} INFO - [2025-03-27T15:04:20.636-0500] {dag.py:4180} INFO - Setting next_dagrun for example_task_group_decorator to None, run_after=None
[2025-03-27T15:04:20.740-0500] {processor.py:208} INFO - Processing /home/udhbhav/miniconda3/lib/python3.11/site-packages/airflow/example_dags/example_task_group_decorator.py took 0.132 seconds
[2025-03-27T15:05:37.858-0500] {processor.py:186} INFO - Started process (PID=1792218) to work on /home/udhbhav/miniconda3/lib/python3.11/site-packages/airflow/example_dags/example_task_group_decorator.py
[2025-03-27T15:05:37.859-0500] {processor.py:914} INFO - Processing file /home/udhbhav/miniconda3/lib/python3.11/site-packages/airflow/example_dags/example_task_group_decorator.py for tasks to queue
[2025-03-27T15:05:37.860-0500] {logging_mixin.py:190} INFO - [2025-03-27T15:05:37.860-0500] {dagbag.py:588} INFO - Filling up the DagBag from /home/udhbhav/miniconda3/lib/python3.11/site-packages/airflow/example_dags/example_task_group_decorator.py
[2025-03-27T15:05:37.868-0500] {processor.py:925} INFO - DAG(s) 'example_task_group_decorator' retrieved from /home/udhbhav/miniconda3/lib/python3.11/site-packages/airflow/example_dags/example_task_group_decorator.py
[2025-03-27T15:05:37.878-0500] {logging_mixin.py:190} INFO - [2025-03-27T15:05:37.878-0500] {dag.py:3239} INFO - Sync 1 DAGs
[2025-03-27T15:05:37.883-0500] {logging_mixin.py:190} INFO - [2025-03-27T15:05:37.883-0500] {dag.py:4180} INFO - Setting next_dagrun for example_task_group_decorator to None, run_after=None
[2025-03-27T15:05:38.049-0500] {processor.py:208} INFO - Processing /home/udhbhav/miniconda3/lib/python3.11/site-packages/airflow/example_dags/example_task_group_decorator.py took 0.193 seconds
[2025-03-27T15:07:11.312-0500] {processor.py:186} INFO - Started process (PID=1793156) to work on /home/udhbhav/miniconda3/lib/python3.11/site-packages/airflow/example_dags/example_task_group_decorator.py
[2025-03-27T15:07:11.313-0500] {processor.py:914} INFO - Processing file /home/udhbhav/miniconda3/lib/python3.11/site-packages/airflow/example_dags/example_task_group_decorator.py for tasks to queue
[2025-03-27T15:07:11.314-0500] {logging_mixin.py:190} INFO - [2025-03-27T15:07:11.314-0500] {dagbag.py:588} INFO - Filling up the DagBag from /home/udhbhav/miniconda3/lib/python3.11/site-packages/airflow/example_dags/example_task_group_decorator.py
[2025-03-27T15:07:11.322-0500] {processor.py:925} INFO - DAG(s) 'example_task_group_decorator' retrieved from /home/udhbhav/miniconda3/lib/python3.11/site-packages/airflow/example_dags/example_task_group_decorator.py
[2025-03-27T15:07:11.331-0500] {logging_mixin.py:190} INFO - [2025-03-27T15:07:11.331-0500] {dag.py:3239} INFO - Sync 1 DAGs
[2025-03-27T15:07:11.337-0500] {logging_mixin.py:190} INFO - [2025-03-27T15:07:11.337-0500] {dag.py:4180} INFO - Setting next_dagrun for example_task_group_decorator to None, run_after=None
[2025-03-27T15:07:11.497-0500] {processor.py:208} INFO - Processing /home/udhbhav/miniconda3/lib/python3.11/site-packages/airflow/example_dags/example_task_group_decorator.py took 0.187 seconds
[2025-03-27T15:08:18.046-0500] {processor.py:186} INFO - Started process (PID=1793833) to work on /home/udhbhav/miniconda3/lib/python3.11/site-packages/airflow/example_dags/example_task_group_decorator.py
[2025-03-27T15:08:18.046-0500] {processor.py:914} INFO - Processing file /home/udhbhav/miniconda3/lib/python3.11/site-packages/airflow/example_dags/example_task_group_decorator.py for tasks to queue
[2025-03-27T15:08:18.048-0500] {logging_mixin.py:190} INFO - [2025-03-27T15:08:18.047-0500] {dagbag.py:588} INFO - Filling up the DagBag from /home/udhbhav/miniconda3/lib/python3.11/site-packages/airflow/example_dags/example_task_group_decorator.py
[2025-03-27T15:08:18.055-0500] {processor.py:925} INFO - DAG(s) 'example_task_group_decorator' retrieved from /home/udhbhav/miniconda3/lib/python3.11/site-packages/airflow/example_dags/example_task_group_decorator.py
[2025-03-27T15:08:18.065-0500] {logging_mixin.py:190} INFO - [2025-03-27T15:08:18.065-0500] {dag.py:3239} INFO - Sync 1 DAGs
[2025-03-27T15:08:18.070-0500] {logging_mixin.py:190} INFO - [2025-03-27T15:08:18.070-0500] {dag.py:4180} INFO - Setting next_dagrun for example_task_group_decorator to None, run_after=None
[2025-03-27T15:08:18.178-0500] {processor.py:208} INFO - Processing /home/udhbhav/miniconda3/lib/python3.11/site-packages/airflow/example_dags/example_task_group_decorator.py took 0.135 seconds
[2025-03-27T15:09:21.034-0500] {processor.py:186} INFO - Started process (PID=1794440) to work on /home/udhbhav/miniconda3/lib/python3.11/site-packages/airflow/example_dags/example_task_group_decorator.py
[2025-03-27T15:09:21.034-0500] {processor.py:914} INFO - Processing file /home/udhbhav/miniconda3/lib/python3.11/site-packages/airflow/example_dags/example_task_group_decorator.py for tasks to queue
[2025-03-27T15:09:21.036-0500] {logging_mixin.py:190} INFO - [2025-03-27T15:09:21.035-0500] {dagbag.py:588} INFO - Filling up the DagBag from /home/udhbhav/miniconda3/lib/python3.11/site-packages/airflow/example_dags/example_task_group_decorator.py
[2025-03-27T15:09:21.043-0500] {processor.py:925} INFO - DAG(s) 'example_task_group_decorator' retrieved from /home/udhbhav/miniconda3/lib/python3.11/site-packages/airflow/example_dags/example_task_group_decorator.py
[2025-03-27T15:09:21.053-0500] {logging_mixin.py:190} INFO - [2025-03-27T15:09:21.053-0500] {dag.py:3239} INFO - Sync 1 DAGs
[2025-03-27T15:09:21.058-0500] {logging_mixin.py:190} INFO - [2025-03-27T15:09:21.058-0500] {dag.py:4180} INFO - Setting next_dagrun for example_task_group_decorator to None, run_after=None
[2025-03-27T15:09:21.163-0500] {processor.py:208} INFO - Processing /home/udhbhav/miniconda3/lib/python3.11/site-packages/airflow/example_dags/example_task_group_decorator.py took 0.133 seconds
[2025-03-27T15:10:37.029-0500] {processor.py:186} INFO - Started process (PID=1795199) to work on /home/udhbhav/miniconda3/lib/python3.11/site-packages/airflow/example_dags/example_task_group_decorator.py
[2025-03-27T15:10:37.029-0500] {processor.py:914} INFO - Processing file /home/udhbhav/miniconda3/lib/python3.11/site-packages/airflow/example_dags/example_task_group_decorator.py for tasks to queue
[2025-03-27T15:10:37.031-0500] {logging_mixin.py:190} INFO - [2025-03-27T15:10:37.030-0500] {dagbag.py:588} INFO - Filling up the DagBag from /home/udhbhav/miniconda3/lib/python3.11/site-packages/airflow/example_dags/example_task_group_decorator.py
[2025-03-27T15:10:37.038-0500] {processor.py:925} INFO - DAG(s) 'example_task_group_decorator' retrieved from /home/udhbhav/miniconda3/lib/python3.11/site-packages/airflow/example_dags/example_task_group_decorator.py
[2025-03-27T15:10:37.048-0500] {logging_mixin.py:190} INFO - [2025-03-27T15:10:37.048-0500] {dag.py:3239} INFO - Sync 1 DAGs
[2025-03-27T15:10:37.053-0500] {logging_mixin.py:190} INFO - [2025-03-27T15:10:37.053-0500] {dag.py:4180} INFO - Setting next_dagrun for example_task_group_decorator to None, run_after=None
[2025-03-27T15:10:37.160-0500] {processor.py:208} INFO - Processing /home/udhbhav/miniconda3/lib/python3.11/site-packages/airflow/example_dags/example_task_group_decorator.py took 0.134 seconds
[2025-03-27T15:11:43.516-0500] {processor.py:186} INFO - Started process (PID=1796992) to work on /home/udhbhav/miniconda3/lib/python3.11/site-packages/airflow/example_dags/example_task_group_decorator.py
[2025-03-27T15:11:43.517-0500] {processor.py:914} INFO - Processing file /home/udhbhav/miniconda3/lib/python3.11/site-packages/airflow/example_dags/example_task_group_decorator.py for tasks to queue
[2025-03-27T15:11:43.518-0500] {logging_mixin.py:190} INFO - [2025-03-27T15:11:43.518-0500] {dagbag.py:588} INFO - Filling up the DagBag from /home/udhbhav/miniconda3/lib/python3.11/site-packages/airflow/example_dags/example_task_group_decorator.py
[2025-03-27T15:11:43.526-0500] {processor.py:925} INFO - DAG(s) 'example_task_group_decorator' retrieved from /home/udhbhav/miniconda3/lib/python3.11/site-packages/airflow/example_dags/example_task_group_decorator.py
[2025-03-27T15:11:43.536-0500] {logging_mixin.py:190} INFO - [2025-03-27T15:11:43.536-0500] {dag.py:3239} INFO - Sync 1 DAGs
[2025-03-27T15:11:43.541-0500] {logging_mixin.py:190} INFO - [2025-03-27T15:11:43.541-0500] {dag.py:4180} INFO - Setting next_dagrun for example_task_group_decorator to None, run_after=None
[2025-03-27T15:11:43.648-0500] {processor.py:208} INFO - Processing /home/udhbhav/miniconda3/lib/python3.11/site-packages/airflow/example_dags/example_task_group_decorator.py took 0.134 seconds
[2025-03-27T15:12:54.903-0500] {processor.py:186} INFO - Started process (PID=1798209) to work on /home/udhbhav/miniconda3/lib/python3.11/site-packages/airflow/example_dags/example_task_group_decorator.py
[2025-03-27T15:12:54.903-0500] {processor.py:914} INFO - Processing file /home/udhbhav/miniconda3/lib/python3.11/site-packages/airflow/example_dags/example_task_group_decorator.py for tasks to queue
[2025-03-27T15:12:54.905-0500] {logging_mixin.py:190} INFO - [2025-03-27T15:12:54.905-0500] {dagbag.py:588} INFO - Filling up the DagBag from /home/udhbhav/miniconda3/lib/python3.11/site-packages/airflow/example_dags/example_task_group_decorator.py
[2025-03-27T15:12:54.913-0500] {processor.py:925} INFO - DAG(s) 'example_task_group_decorator' retrieved from /home/udhbhav/miniconda3/lib/python3.11/site-packages/airflow/example_dags/example_task_group_decorator.py
[2025-03-27T15:12:54.922-0500] {logging_mixin.py:190} INFO - [2025-03-27T15:12:54.922-0500] {dag.py:3239} INFO - Sync 1 DAGs
[2025-03-27T15:12:54.928-0500] {logging_mixin.py:190} INFO - [2025-03-27T15:12:54.928-0500] {dag.py:4180} INFO - Setting next_dagrun for example_task_group_decorator to None, run_after=None
[2025-03-27T15:12:55.601-0500] {processor.py:208} INFO - Processing /home/udhbhav/miniconda3/lib/python3.11/site-packages/airflow/example_dags/example_task_group_decorator.py took 0.701 seconds
[2025-03-27T15:14:13.353-0500] {processor.py:186} INFO - Started process (PID=1798916) to work on /home/udhbhav/miniconda3/lib/python3.11/site-packages/airflow/example_dags/example_task_group_decorator.py
[2025-03-27T15:14:13.353-0500] {processor.py:914} INFO - Processing file /home/udhbhav/miniconda3/lib/python3.11/site-packages/airflow/example_dags/example_task_group_decorator.py for tasks to queue
[2025-03-27T15:14:13.355-0500] {logging_mixin.py:190} INFO - [2025-03-27T15:14:13.355-0500] {dagbag.py:588} INFO - Filling up the DagBag from /home/udhbhav/miniconda3/lib/python3.11/site-packages/airflow/example_dags/example_task_group_decorator.py
[2025-03-27T15:14:13.363-0500] {processor.py:925} INFO - DAG(s) 'example_task_group_decorator' retrieved from /home/udhbhav/miniconda3/lib/python3.11/site-packages/airflow/example_dags/example_task_group_decorator.py
[2025-03-27T15:14:13.372-0500] {logging_mixin.py:190} INFO - [2025-03-27T15:14:13.372-0500] {dag.py:3239} INFO - Sync 1 DAGs
[2025-03-27T15:14:13.377-0500] {logging_mixin.py:190} INFO - [2025-03-27T15:14:13.377-0500] {dag.py:4180} INFO - Setting next_dagrun for example_task_group_decorator to None, run_after=None
[2025-03-27T15:14:13.552-0500] {processor.py:208} INFO - Processing /home/udhbhav/miniconda3/lib/python3.11/site-packages/airflow/example_dags/example_task_group_decorator.py took 0.202 seconds
[2025-03-27T15:15:31.365-0500] {processor.py:186} INFO - Started process (PID=1799675) to work on /home/udhbhav/miniconda3/lib/python3.11/site-packages/airflow/example_dags/example_task_group_decorator.py
[2025-03-27T15:15:31.366-0500] {processor.py:914} INFO - Processing file /home/udhbhav/miniconda3/lib/python3.11/site-packages/airflow/example_dags/example_task_group_decorator.py for tasks to queue
[2025-03-27T15:15:31.367-0500] {logging_mixin.py:190} INFO - [2025-03-27T15:15:31.367-0500] {dagbag.py:588} INFO - Filling up the DagBag from /home/udhbhav/miniconda3/lib/python3.11/site-packages/airflow/example_dags/example_task_group_decorator.py
[2025-03-27T15:15:31.375-0500] {processor.py:925} INFO - DAG(s) 'example_task_group_decorator' retrieved from /home/udhbhav/miniconda3/lib/python3.11/site-packages/airflow/example_dags/example_task_group_decorator.py
[2025-03-27T15:15:31.384-0500] {logging_mixin.py:190} INFO - [2025-03-27T15:15:31.384-0500] {dag.py:3239} INFO - Sync 1 DAGs
[2025-03-27T15:15:31.389-0500] {logging_mixin.py:190} INFO - [2025-03-27T15:15:31.389-0500] {dag.py:4180} INFO - Setting next_dagrun for example_task_group_decorator to None, run_after=None
[2025-03-27T15:15:31.550-0500] {processor.py:208} INFO - Processing /home/udhbhav/miniconda3/lib/python3.11/site-packages/airflow/example_dags/example_task_group_decorator.py took 0.188 seconds
[2025-03-27T15:16:54.802-0500] {processor.py:186} INFO - Started process (PID=1800582) to work on /home/udhbhav/miniconda3/lib/python3.11/site-packages/airflow/example_dags/example_task_group_decorator.py
[2025-03-27T15:16:54.803-0500] {processor.py:914} INFO - Processing file /home/udhbhav/miniconda3/lib/python3.11/site-packages/airflow/example_dags/example_task_group_decorator.py for tasks to queue
[2025-03-27T15:16:54.804-0500] {logging_mixin.py:190} INFO - [2025-03-27T15:16:54.804-0500] {dagbag.py:588} INFO - Filling up the DagBag from /home/udhbhav/miniconda3/lib/python3.11/site-packages/airflow/example_dags/example_task_group_decorator.py
[2025-03-27T15:16:54.812-0500] {processor.py:925} INFO - DAG(s) 'example_task_group_decorator' retrieved from /home/udhbhav/miniconda3/lib/python3.11/site-packages/airflow/example_dags/example_task_group_decorator.py
[2025-03-27T15:16:54.822-0500] {logging_mixin.py:190} INFO - [2025-03-27T15:16:54.822-0500] {dag.py:3239} INFO - Sync 1 DAGs
[2025-03-27T15:16:54.827-0500] {logging_mixin.py:190} INFO - [2025-03-27T15:16:54.827-0500] {dag.py:4180} INFO - Setting next_dagrun for example_task_group_decorator to None, run_after=None
[2025-03-27T15:16:54.936-0500] {processor.py:208} INFO - Processing /home/udhbhav/miniconda3/lib/python3.11/site-packages/airflow/example_dags/example_task_group_decorator.py took 0.136 seconds
[2025-03-27T15:18:01.742-0500] {processor.py:186} INFO - Started process (PID=1801205) to work on /home/udhbhav/miniconda3/lib/python3.11/site-packages/airflow/example_dags/example_task_group_decorator.py
[2025-03-27T15:18:01.743-0500] {processor.py:914} INFO - Processing file /home/udhbhav/miniconda3/lib/python3.11/site-packages/airflow/example_dags/example_task_group_decorator.py for tasks to queue
[2025-03-27T15:18:01.744-0500] {logging_mixin.py:190} INFO - [2025-03-27T15:18:01.744-0500] {dagbag.py:588} INFO - Filling up the DagBag from /home/udhbhav/miniconda3/lib/python3.11/site-packages/airflow/example_dags/example_task_group_decorator.py
[2025-03-27T15:18:01.752-0500] {processor.py:925} INFO - DAG(s) 'example_task_group_decorator' retrieved from /home/udhbhav/miniconda3/lib/python3.11/site-packages/airflow/example_dags/example_task_group_decorator.py
[2025-03-27T15:18:01.761-0500] {logging_mixin.py:190} INFO - [2025-03-27T15:18:01.761-0500] {dag.py:3239} INFO - Sync 1 DAGs
[2025-03-27T15:18:01.767-0500] {logging_mixin.py:190} INFO - [2025-03-27T15:18:01.766-0500] {dag.py:4180} INFO - Setting next_dagrun for example_task_group_decorator to None, run_after=None
[2025-03-27T15:18:01.873-0500] {processor.py:208} INFO - Processing /home/udhbhav/miniconda3/lib/python3.11/site-packages/airflow/example_dags/example_task_group_decorator.py took 0.134 seconds
[2025-03-27T15:19:08.372-0500] {processor.py:186} INFO - Started process (PID=1801815) to work on /home/udhbhav/miniconda3/lib/python3.11/site-packages/airflow/example_dags/example_task_group_decorator.py
[2025-03-27T15:19:08.372-0500] {processor.py:914} INFO - Processing file /home/udhbhav/miniconda3/lib/python3.11/site-packages/airflow/example_dags/example_task_group_decorator.py for tasks to queue
[2025-03-27T15:19:08.374-0500] {logging_mixin.py:190} INFO - [2025-03-27T15:19:08.373-0500] {dagbag.py:588} INFO - Filling up the DagBag from /home/udhbhav/miniconda3/lib/python3.11/site-packages/airflow/example_dags/example_task_group_decorator.py
[2025-03-27T15:19:08.381-0500] {processor.py:925} INFO - DAG(s) 'example_task_group_decorator' retrieved from /home/udhbhav/miniconda3/lib/python3.11/site-packages/airflow/example_dags/example_task_group_decorator.py
[2025-03-27T15:19:08.391-0500] {logging_mixin.py:190} INFO - [2025-03-27T15:19:08.391-0500] {dag.py:3239} INFO - Sync 1 DAGs
[2025-03-27T15:19:08.396-0500] {logging_mixin.py:190} INFO - [2025-03-27T15:19:08.396-0500] {dag.py:4180} INFO - Setting next_dagrun for example_task_group_decorator to None, run_after=None
[2025-03-27T15:19:09.293-0500] {processor.py:208} INFO - Processing /home/udhbhav/miniconda3/lib/python3.11/site-packages/airflow/example_dags/example_task_group_decorator.py took 0.924 seconds
[2025-03-27T15:20:19.373-0500] {processor.py:186} INFO - Started process (PID=1802649) to work on /home/udhbhav/miniconda3/lib/python3.11/site-packages/airflow/example_dags/example_task_group_decorator.py
[2025-03-27T15:20:19.374-0500] {processor.py:914} INFO - Processing file /home/udhbhav/miniconda3/lib/python3.11/site-packages/airflow/example_dags/example_task_group_decorator.py for tasks to queue
[2025-03-27T15:20:19.376-0500] {logging_mixin.py:190} INFO - [2025-03-27T15:20:19.376-0500] {dagbag.py:588} INFO - Filling up the DagBag from /home/udhbhav/miniconda3/lib/python3.11/site-packages/airflow/example_dags/example_task_group_decorator.py
[2025-03-27T15:20:19.387-0500] {processor.py:925} INFO - DAG(s) 'example_task_group_decorator' retrieved from /home/udhbhav/miniconda3/lib/python3.11/site-packages/airflow/example_dags/example_task_group_decorator.py
[2025-03-27T15:20:19.401-0500] {logging_mixin.py:190} INFO - [2025-03-27T15:20:19.400-0500] {dag.py:3239} INFO - Sync 1 DAGs
[2025-03-27T15:20:19.408-0500] {logging_mixin.py:190} INFO - [2025-03-27T15:20:19.408-0500] {dag.py:4180} INFO - Setting next_dagrun for example_task_group_decorator to None, run_after=None
[2025-03-27T15:20:19.522-0500] {processor.py:208} INFO - Processing /home/udhbhav/miniconda3/lib/python3.11/site-packages/airflow/example_dags/example_task_group_decorator.py took 0.152 seconds
[2025-03-27T15:21:26.740-0500] {processor.py:186} INFO - Started process (PID=1808034) to work on /home/udhbhav/miniconda3/lib/python3.11/site-packages/airflow/example_dags/example_task_group_decorator.py
[2025-03-27T15:21:26.741-0500] {processor.py:914} INFO - Processing file /home/udhbhav/miniconda3/lib/python3.11/site-packages/airflow/example_dags/example_task_group_decorator.py for tasks to queue
[2025-03-27T15:21:26.743-0500] {logging_mixin.py:190} INFO - [2025-03-27T15:21:26.743-0500] {dagbag.py:588} INFO - Filling up the DagBag from /home/udhbhav/miniconda3/lib/python3.11/site-packages/airflow/example_dags/example_task_group_decorator.py
[2025-03-27T15:21:26.751-0500] {processor.py:925} INFO - DAG(s) 'example_task_group_decorator' retrieved from /home/udhbhav/miniconda3/lib/python3.11/site-packages/airflow/example_dags/example_task_group_decorator.py
[2025-03-27T15:21:26.760-0500] {logging_mixin.py:190} INFO - [2025-03-27T15:21:26.760-0500] {dag.py:3239} INFO - Sync 1 DAGs
[2025-03-27T15:21:26.766-0500] {logging_mixin.py:190} INFO - [2025-03-27T15:21:26.766-0500] {dag.py:4180} INFO - Setting next_dagrun for example_task_group_decorator to None, run_after=None
[2025-03-27T15:21:26.873-0500] {processor.py:208} INFO - Processing /home/udhbhav/miniconda3/lib/python3.11/site-packages/airflow/example_dags/example_task_group_decorator.py took 0.135 seconds
[2025-03-27T15:22:41.596-0500] {processor.py:186} INFO - Started process (PID=1808870) to work on /home/udhbhav/miniconda3/lib/python3.11/site-packages/airflow/example_dags/example_task_group_decorator.py
[2025-03-27T15:22:41.596-0500] {processor.py:914} INFO - Processing file /home/udhbhav/miniconda3/lib/python3.11/site-packages/airflow/example_dags/example_task_group_decorator.py for tasks to queue
[2025-03-27T15:22:41.597-0500] {logging_mixin.py:190} INFO - [2025-03-27T15:22:41.597-0500] {dagbag.py:588} INFO - Filling up the DagBag from /home/udhbhav/miniconda3/lib/python3.11/site-packages/airflow/example_dags/example_task_group_decorator.py
[2025-03-27T15:22:41.605-0500] {processor.py:925} INFO - DAG(s) 'example_task_group_decorator' retrieved from /home/udhbhav/miniconda3/lib/python3.11/site-packages/airflow/example_dags/example_task_group_decorator.py
[2025-03-27T15:22:41.615-0500] {logging_mixin.py:190} INFO - [2025-03-27T15:22:41.615-0500] {dag.py:3239} INFO - Sync 1 DAGs
[2025-03-27T15:22:41.620-0500] {logging_mixin.py:190} INFO - [2025-03-27T15:22:41.620-0500] {dag.py:4180} INFO - Setting next_dagrun for example_task_group_decorator to None, run_after=None
[2025-03-27T15:22:41.727-0500] {processor.py:208} INFO - Processing /home/udhbhav/miniconda3/lib/python3.11/site-packages/airflow/example_dags/example_task_group_decorator.py took 0.134 seconds
[2025-03-27T15:23:55.490-0500] {processor.py:186} INFO - Started process (PID=1809607) to work on /home/udhbhav/miniconda3/lib/python3.11/site-packages/airflow/example_dags/example_task_group_decorator.py
[2025-03-27T15:23:55.491-0500] {processor.py:914} INFO - Processing file /home/udhbhav/miniconda3/lib/python3.11/site-packages/airflow/example_dags/example_task_group_decorator.py for tasks to queue
[2025-03-27T15:23:55.492-0500] {logging_mixin.py:190} INFO - [2025-03-27T15:23:55.492-0500] {dagbag.py:588} INFO - Filling up the DagBag from /home/udhbhav/miniconda3/lib/python3.11/site-packages/airflow/example_dags/example_task_group_decorator.py
[2025-03-27T15:23:55.500-0500] {processor.py:925} INFO - DAG(s) 'example_task_group_decorator' retrieved from /home/udhbhav/miniconda3/lib/python3.11/site-packages/airflow/example_dags/example_task_group_decorator.py
[2025-03-27T15:23:55.510-0500] {logging_mixin.py:190} INFO - [2025-03-27T15:23:55.509-0500] {dag.py:3239} INFO - Sync 1 DAGs
[2025-03-27T15:23:55.515-0500] {logging_mixin.py:190} INFO - [2025-03-27T15:23:55.515-0500] {dag.py:4180} INFO - Setting next_dagrun for example_task_group_decorator to None, run_after=None
[2025-03-27T15:23:55.670-0500] {processor.py:208} INFO - Processing /home/udhbhav/miniconda3/lib/python3.11/site-packages/airflow/example_dags/example_task_group_decorator.py took 0.183 seconds
[2025-03-27T15:25:05.528-0500] {processor.py:186} INFO - Started process (PID=1810336) to work on /home/udhbhav/miniconda3/lib/python3.11/site-packages/airflow/example_dags/example_task_group_decorator.py
[2025-03-27T15:25:05.528-0500] {processor.py:914} INFO - Processing file /home/udhbhav/miniconda3/lib/python3.11/site-packages/airflow/example_dags/example_task_group_decorator.py for tasks to queue
[2025-03-27T15:25:05.530-0500] {logging_mixin.py:190} INFO - [2025-03-27T15:25:05.529-0500] {dagbag.py:588} INFO - Filling up the DagBag from /home/udhbhav/miniconda3/lib/python3.11/site-packages/airflow/example_dags/example_task_group_decorator.py
[2025-03-27T15:25:05.538-0500] {processor.py:925} INFO - DAG(s) 'example_task_group_decorator' retrieved from /home/udhbhav/miniconda3/lib/python3.11/site-packages/airflow/example_dags/example_task_group_decorator.py
[2025-03-27T15:25:05.547-0500] {logging_mixin.py:190} INFO - [2025-03-27T15:25:05.547-0500] {dag.py:3239} INFO - Sync 1 DAGs
[2025-03-27T15:25:05.553-0500] {logging_mixin.py:190} INFO - [2025-03-27T15:25:05.552-0500] {dag.py:4180} INFO - Setting next_dagrun for example_task_group_decorator to None, run_after=None
[2025-03-27T15:25:05.714-0500] {processor.py:208} INFO - Processing /home/udhbhav/miniconda3/lib/python3.11/site-packages/airflow/example_dags/example_task_group_decorator.py took 0.189 seconds
[2025-03-27T15:26:43.899-0500] {processor.py:186} INFO - Started process (PID=1811331) to work on /home/udhbhav/miniconda3/lib/python3.11/site-packages/airflow/example_dags/example_task_group_decorator.py
[2025-03-27T15:26:43.900-0500] {processor.py:914} INFO - Processing file /home/udhbhav/miniconda3/lib/python3.11/site-packages/airflow/example_dags/example_task_group_decorator.py for tasks to queue
[2025-03-27T15:26:43.901-0500] {logging_mixin.py:190} INFO - [2025-03-27T15:26:43.901-0500] {dagbag.py:588} INFO - Filling up the DagBag from /home/udhbhav/miniconda3/lib/python3.11/site-packages/airflow/example_dags/example_task_group_decorator.py
[2025-03-27T15:26:43.909-0500] {processor.py:925} INFO - DAG(s) 'example_task_group_decorator' retrieved from /home/udhbhav/miniconda3/lib/python3.11/site-packages/airflow/example_dags/example_task_group_decorator.py
[2025-03-27T15:26:43.919-0500] {logging_mixin.py:190} INFO - [2025-03-27T15:26:43.918-0500] {dag.py:3239} INFO - Sync 1 DAGs
[2025-03-27T15:26:43.924-0500] {logging_mixin.py:190} INFO - [2025-03-27T15:26:43.924-0500] {dag.py:4180} INFO - Setting next_dagrun for example_task_group_decorator to None, run_after=None
[2025-03-27T15:26:44.109-0500] {processor.py:208} INFO - Processing /home/udhbhav/miniconda3/lib/python3.11/site-packages/airflow/example_dags/example_task_group_decorator.py took 0.213 seconds
[2025-03-27T15:27:57.064-0500] {processor.py:186} INFO - Started process (PID=1812044) to work on /home/udhbhav/miniconda3/lib/python3.11/site-packages/airflow/example_dags/example_task_group_decorator.py
[2025-03-27T15:27:57.064-0500] {processor.py:914} INFO - Processing file /home/udhbhav/miniconda3/lib/python3.11/site-packages/airflow/example_dags/example_task_group_decorator.py for tasks to queue
[2025-03-27T15:27:57.066-0500] {logging_mixin.py:190} INFO - [2025-03-27T15:27:57.066-0500] {dagbag.py:588} INFO - Filling up the DagBag from /home/udhbhav/miniconda3/lib/python3.11/site-packages/airflow/example_dags/example_task_group_decorator.py
[2025-03-27T15:27:57.074-0500] {processor.py:925} INFO - DAG(s) 'example_task_group_decorator' retrieved from /home/udhbhav/miniconda3/lib/python3.11/site-packages/airflow/example_dags/example_task_group_decorator.py
[2025-03-27T15:27:57.083-0500] {logging_mixin.py:190} INFO - [2025-03-27T15:27:57.083-0500] {dag.py:3239} INFO - Sync 1 DAGs
[2025-03-27T15:27:57.089-0500] {logging_mixin.py:190} INFO - [2025-03-27T15:27:57.089-0500] {dag.py:4180} INFO - Setting next_dagrun for example_task_group_decorator to None, run_after=None
[2025-03-27T15:27:57.207-0500] {processor.py:208} INFO - Processing /home/udhbhav/miniconda3/lib/python3.11/site-packages/airflow/example_dags/example_task_group_decorator.py took 0.146 seconds
[2025-03-27T15:29:40.014-0500] {processor.py:186} INFO - Started process (PID=1812989) to work on /home/udhbhav/miniconda3/lib/python3.11/site-packages/airflow/example_dags/example_task_group_decorator.py
[2025-03-27T15:29:40.014-0500] {processor.py:914} INFO - Processing file /home/udhbhav/miniconda3/lib/python3.11/site-packages/airflow/example_dags/example_task_group_decorator.py for tasks to queue
[2025-03-27T15:29:40.016-0500] {logging_mixin.py:190} INFO - [2025-03-27T15:29:40.015-0500] {dagbag.py:588} INFO - Filling up the DagBag from /home/udhbhav/miniconda3/lib/python3.11/site-packages/airflow/example_dags/example_task_group_decorator.py
[2025-03-27T15:29:40.023-0500] {processor.py:925} INFO - DAG(s) 'example_task_group_decorator' retrieved from /home/udhbhav/miniconda3/lib/python3.11/site-packages/airflow/example_dags/example_task_group_decorator.py
[2025-03-27T15:29:40.033-0500] {logging_mixin.py:190} INFO - [2025-03-27T15:29:40.033-0500] {dag.py:3239} INFO - Sync 1 DAGs
[2025-03-27T15:29:40.038-0500] {logging_mixin.py:190} INFO - [2025-03-27T15:29:40.038-0500] {dag.py:4180} INFO - Setting next_dagrun for example_task_group_decorator to None, run_after=None
[2025-03-27T15:29:40.270-0500] {processor.py:208} INFO - Processing /home/udhbhav/miniconda3/lib/python3.11/site-packages/airflow/example_dags/example_task_group_decorator.py took 0.259 seconds
[2025-03-27T15:31:32.712-0500] {processor.py:186} INFO - Started process (PID=1813952) to work on /home/udhbhav/miniconda3/lib/python3.11/site-packages/airflow/example_dags/example_task_group_decorator.py
[2025-03-27T15:31:32.713-0500] {processor.py:914} INFO - Processing file /home/udhbhav/miniconda3/lib/python3.11/site-packages/airflow/example_dags/example_task_group_decorator.py for tasks to queue
[2025-03-27T15:31:32.714-0500] {logging_mixin.py:190} INFO - [2025-03-27T15:31:32.714-0500] {dagbag.py:588} INFO - Filling up the DagBag from /home/udhbhav/miniconda3/lib/python3.11/site-packages/airflow/example_dags/example_task_group_decorator.py
[2025-03-27T15:31:32.722-0500] {processor.py:925} INFO - DAG(s) 'example_task_group_decorator' retrieved from /home/udhbhav/miniconda3/lib/python3.11/site-packages/airflow/example_dags/example_task_group_decorator.py
[2025-03-27T15:31:32.731-0500] {logging_mixin.py:190} INFO - [2025-03-27T15:31:32.731-0500] {dag.py:3239} INFO - Sync 1 DAGs
[2025-03-27T15:31:32.736-0500] {logging_mixin.py:190} INFO - [2025-03-27T15:31:32.736-0500] {dag.py:4180} INFO - Setting next_dagrun for example_task_group_decorator to None, run_after=None
[2025-03-27T15:31:33.458-0500] {processor.py:208} INFO - Processing /home/udhbhav/miniconda3/lib/python3.11/site-packages/airflow/example_dags/example_task_group_decorator.py took 0.749 seconds
[2025-03-27T15:32:56.024-0500] {processor.py:186} INFO - Started process (PID=1814857) to work on /home/udhbhav/miniconda3/lib/python3.11/site-packages/airflow/example_dags/example_task_group_decorator.py
[2025-03-27T15:32:56.024-0500] {processor.py:914} INFO - Processing file /home/udhbhav/miniconda3/lib/python3.11/site-packages/airflow/example_dags/example_task_group_decorator.py for tasks to queue
[2025-03-27T15:32:56.026-0500] {logging_mixin.py:190} INFO - [2025-03-27T15:32:56.025-0500] {dagbag.py:588} INFO - Filling up the DagBag from /home/udhbhav/miniconda3/lib/python3.11/site-packages/airflow/example_dags/example_task_group_decorator.py
[2025-03-27T15:32:56.034-0500] {processor.py:925} INFO - DAG(s) 'example_task_group_decorator' retrieved from /home/udhbhav/miniconda3/lib/python3.11/site-packages/airflow/example_dags/example_task_group_decorator.py
[2025-03-27T15:32:56.043-0500] {logging_mixin.py:190} INFO - [2025-03-27T15:32:56.043-0500] {dag.py:3239} INFO - Sync 1 DAGs
[2025-03-27T15:32:56.048-0500] {logging_mixin.py:190} INFO - [2025-03-27T15:32:56.048-0500] {dag.py:4180} INFO - Setting next_dagrun for example_task_group_decorator to None, run_after=None
[2025-03-27T15:32:56.174-0500] {processor.py:208} INFO - Processing /home/udhbhav/miniconda3/lib/python3.11/site-packages/airflow/example_dags/example_task_group_decorator.py took 0.153 seconds
[2025-03-27T15:34:05.561-0500] {processor.py:186} INFO - Started process (PID=1815476) to work on /home/udhbhav/miniconda3/lib/python3.11/site-packages/airflow/example_dags/example_task_group_decorator.py
[2025-03-27T15:34:05.561-0500] {processor.py:914} INFO - Processing file /home/udhbhav/miniconda3/lib/python3.11/site-packages/airflow/example_dags/example_task_group_decorator.py for tasks to queue
[2025-03-27T15:34:05.562-0500] {logging_mixin.py:190} INFO - [2025-03-27T15:34:05.562-0500] {dagbag.py:588} INFO - Filling up the DagBag from /home/udhbhav/miniconda3/lib/python3.11/site-packages/airflow/example_dags/example_task_group_decorator.py
[2025-03-27T15:34:05.570-0500] {processor.py:925} INFO - DAG(s) 'example_task_group_decorator' retrieved from /home/udhbhav/miniconda3/lib/python3.11/site-packages/airflow/example_dags/example_task_group_decorator.py
[2025-03-27T15:34:05.580-0500] {logging_mixin.py:190} INFO - [2025-03-27T15:34:05.579-0500] {dag.py:3239} INFO - Sync 1 DAGs
[2025-03-27T15:34:05.585-0500] {logging_mixin.py:190} INFO - [2025-03-27T15:34:05.585-0500] {dag.py:4180} INFO - Setting next_dagrun for example_task_group_decorator to None, run_after=None
[2025-03-27T15:34:05.694-0500] {processor.py:208} INFO - Processing /home/udhbhav/miniconda3/lib/python3.11/site-packages/airflow/example_dags/example_task_group_decorator.py took 0.136 seconds
[2025-03-27T15:35:07.562-0500] {processor.py:186} INFO - Started process (PID=1816101) to work on /home/udhbhav/miniconda3/lib/python3.11/site-packages/airflow/example_dags/example_task_group_decorator.py
[2025-03-27T15:35:07.562-0500] {processor.py:914} INFO - Processing file /home/udhbhav/miniconda3/lib/python3.11/site-packages/airflow/example_dags/example_task_group_decorator.py for tasks to queue
[2025-03-27T15:35:07.563-0500] {logging_mixin.py:190} INFO - [2025-03-27T15:35:07.563-0500] {dagbag.py:588} INFO - Filling up the DagBag from /home/udhbhav/miniconda3/lib/python3.11/site-packages/airflow/example_dags/example_task_group_decorator.py
[2025-03-27T15:35:07.571-0500] {processor.py:925} INFO - DAG(s) 'example_task_group_decorator' retrieved from /home/udhbhav/miniconda3/lib/python3.11/site-packages/airflow/example_dags/example_task_group_decorator.py
[2025-03-27T15:35:07.581-0500] {logging_mixin.py:190} INFO - [2025-03-27T15:35:07.581-0500] {dag.py:3239} INFO - Sync 1 DAGs
[2025-03-27T15:35:07.586-0500] {logging_mixin.py:190} INFO - [2025-03-27T15:35:07.586-0500] {dag.py:4180} INFO - Setting next_dagrun for example_task_group_decorator to None, run_after=None
[2025-03-27T15:35:07.692-0500] {processor.py:208} INFO - Processing /home/udhbhav/miniconda3/lib/python3.11/site-packages/airflow/example_dags/example_task_group_decorator.py took 0.134 seconds
[2025-03-27T15:36:32.891-0500] {processor.py:186} INFO - Started process (PID=1816886) to work on /home/udhbhav/miniconda3/lib/python3.11/site-packages/airflow/example_dags/example_task_group_decorator.py
[2025-03-27T15:36:32.891-0500] {processor.py:914} INFO - Processing file /home/udhbhav/miniconda3/lib/python3.11/site-packages/airflow/example_dags/example_task_group_decorator.py for tasks to queue
[2025-03-27T15:36:32.893-0500] {logging_mixin.py:190} INFO - [2025-03-27T15:36:32.892-0500] {dagbag.py:588} INFO - Filling up the DagBag from /home/udhbhav/miniconda3/lib/python3.11/site-packages/airflow/example_dags/example_task_group_decorator.py
[2025-03-27T15:36:32.901-0500] {processor.py:925} INFO - DAG(s) 'example_task_group_decorator' retrieved from /home/udhbhav/miniconda3/lib/python3.11/site-packages/airflow/example_dags/example_task_group_decorator.py
[2025-03-27T15:36:32.910-0500] {logging_mixin.py:190} INFO - [2025-03-27T15:36:32.910-0500] {dag.py:3239} INFO - Sync 1 DAGs
[2025-03-27T15:36:32.915-0500] {logging_mixin.py:190} INFO - [2025-03-27T15:36:32.915-0500] {dag.py:4180} INFO - Setting next_dagrun for example_task_group_decorator to None, run_after=None
[2025-03-27T15:36:33.084-0500] {processor.py:208} INFO - Processing /home/udhbhav/miniconda3/lib/python3.11/site-packages/airflow/example_dags/example_task_group_decorator.py took 0.196 seconds
