[2025-03-27T14:27:00.674-0500] {processor.py:186} INFO - Started process (PID=1763595) to work on /home/udhbhav/miniconda3/lib/python3.11/site-packages/airflow/example_dags/example_skip_dag.py
[2025-03-27T14:27:00.675-0500] {processor.py:914} INFO - Processing file /home/udhbhav/miniconda3/lib/python3.11/site-packages/airflow/example_dags/example_skip_dag.py for tasks to queue
[2025-03-27T14:27:00.676-0500] {logging_mixin.py:190} INFO - [2025-03-27T14:27:00.675-0500] {dagbag.py:588} INFO - Filling up the DagBag from /home/udhbhav/miniconda3/lib/python3.11/site-packages/airflow/example_dags/example_skip_dag.py
[2025-03-27T14:27:00.681-0500] {processor.py:925} INFO - DAG(s) 'example_skip_dag' retrieved from /home/udhbhav/miniconda3/lib/python3.11/site-packages/airflow/example_dags/example_skip_dag.py
[2025-03-27T14:27:01.533-0500] {logging_mixin.py:190} INFO - [2025-03-27T14:27:01.533-0500] {override.py:1912} INFO - Created Permission View: can read on DAG:example_skip_dag
[2025-03-27T14:27:01.761-0500] {logging_mixin.py:190} INFO - [2025-03-27T14:27:01.761-0500] {override.py:1912} INFO - Created Permission View: can edit on DAG:example_skip_dag
[2025-03-27T14:27:02.066-0500] {logging_mixin.py:190} INFO - [2025-03-27T14:27:02.066-0500] {override.py:1912} INFO - Created Permission View: can delete on DAG:example_skip_dag
[2025-03-27T14:27:02.275-0500] {logging_mixin.py:190} INFO - [2025-03-27T14:27:02.275-0500] {override.py:1912} INFO - Created Permission View: can read on DAG Run:example_skip_dag
[2025-03-27T14:27:02.451-0500] {logging_mixin.py:190} INFO - [2025-03-27T14:27:02.451-0500] {override.py:1912} INFO - Created Permission View: menu access on DAG Run:example_skip_dag
[2025-03-27T14:27:02.659-0500] {logging_mixin.py:190} INFO - [2025-03-27T14:27:02.659-0500] {override.py:1912} INFO - Created Permission View: can create on DAG Run:example_skip_dag
[2025-03-27T14:27:02.781-0500] {logging_mixin.py:190} INFO - [2025-03-27T14:27:02.781-0500] {override.py:1912} INFO - Created Permission View: can delete on DAG Run:example_skip_dag
[2025-03-27T14:27:02.781-0500] {logging_mixin.py:190} INFO - [2025-03-27T14:27:02.781-0500] {dag.py:3239} INFO - Sync 1 DAGs
[2025-03-27T14:27:02.787-0500] {logging_mixin.py:190} INFO - [2025-03-27T14:27:02.786-0500] {dag.py:3262} INFO - Creating ORM DAG for example_skip_dag
[2025-03-27T14:27:02.792-0500] {logging_mixin.py:190} INFO - [2025-03-27T14:27:02.792-0500] {dag.py:4180} INFO - Setting next_dagrun for example_skip_dag to 2025-03-26 00:00:00+00:00, run_after=2025-03-27 00:00:00+00:00
[2025-03-27T14:27:02.948-0500] {processor.py:208} INFO - Processing /home/udhbhav/miniconda3/lib/python3.11/site-packages/airflow/example_dags/example_skip_dag.py took 2.277 seconds
[2025-03-27T14:28:44.695-0500] {processor.py:186} INFO - Started process (PID=1764561) to work on /home/udhbhav/miniconda3/lib/python3.11/site-packages/airflow/example_dags/example_skip_dag.py
[2025-03-27T14:28:44.695-0500] {processor.py:914} INFO - Processing file /home/udhbhav/miniconda3/lib/python3.11/site-packages/airflow/example_dags/example_skip_dag.py for tasks to queue
[2025-03-27T14:28:44.696-0500] {logging_mixin.py:190} INFO - [2025-03-27T14:28:44.696-0500] {dagbag.py:588} INFO - Filling up the DagBag from /home/udhbhav/miniconda3/lib/python3.11/site-packages/airflow/example_dags/example_skip_dag.py
[2025-03-27T14:28:44.702-0500] {processor.py:925} INFO - DAG(s) 'example_skip_dag' retrieved from /home/udhbhav/miniconda3/lib/python3.11/site-packages/airflow/example_dags/example_skip_dag.py
[2025-03-27T14:28:44.710-0500] {logging_mixin.py:190} INFO - [2025-03-27T14:28:44.710-0500] {dag.py:3239} INFO - Sync 1 DAGs
[2025-03-27T14:28:44.720-0500] {logging_mixin.py:190} INFO - [2025-03-27T14:28:44.720-0500] {dag.py:4180} INFO - Setting next_dagrun for example_skip_dag to 2025-03-26 00:00:00+00:00, run_after=2025-03-27 00:00:00+00:00
[2025-03-27T14:28:45.378-0500] {processor.py:208} INFO - Processing /home/udhbhav/miniconda3/lib/python3.11/site-packages/airflow/example_dags/example_skip_dag.py took 0.685 seconds
[2025-03-27T14:35:54.711-0500] {processor.py:186} INFO - Started process (PID=1768738) to work on /home/udhbhav/miniconda3/lib/python3.11/site-packages/airflow/example_dags/example_skip_dag.py
[2025-03-27T14:35:54.711-0500] {processor.py:914} INFO - Processing file /home/udhbhav/miniconda3/lib/python3.11/site-packages/airflow/example_dags/example_skip_dag.py for tasks to queue
[2025-03-27T14:35:54.712-0500] {logging_mixin.py:190} INFO - [2025-03-27T14:35:54.712-0500] {dagbag.py:588} INFO - Filling up the DagBag from /home/udhbhav/miniconda3/lib/python3.11/site-packages/airflow/example_dags/example_skip_dag.py
[2025-03-27T14:35:54.716-0500] {processor.py:925} INFO - DAG(s) 'example_skip_dag' retrieved from /home/udhbhav/miniconda3/lib/python3.11/site-packages/airflow/example_dags/example_skip_dag.py
[2025-03-27T14:35:54.725-0500] {logging_mixin.py:190} INFO - [2025-03-27T14:35:54.725-0500] {dag.py:3239} INFO - Sync 1 DAGs
[2025-03-27T14:35:54.734-0500] {logging_mixin.py:190} INFO - [2025-03-27T14:35:54.734-0500] {dag.py:4180} INFO - Setting next_dagrun for example_skip_dag to 2025-03-26 00:00:00+00:00, run_after=2025-03-27 00:00:00+00:00
[2025-03-27T14:35:54.841-0500] {processor.py:208} INFO - Processing /home/udhbhav/miniconda3/lib/python3.11/site-packages/airflow/example_dags/example_skip_dag.py took 0.133 seconds
[2025-03-27T14:37:40.324-0500] {processor.py:186} INFO - Started process (PID=1769786) to work on /home/udhbhav/miniconda3/lib/python3.11/site-packages/airflow/example_dags/example_skip_dag.py
[2025-03-27T14:37:40.325-0500] {processor.py:914} INFO - Processing file /home/udhbhav/miniconda3/lib/python3.11/site-packages/airflow/example_dags/example_skip_dag.py for tasks to queue
[2025-03-27T14:37:40.326-0500] {logging_mixin.py:190} INFO - [2025-03-27T14:37:40.326-0500] {dagbag.py:588} INFO - Filling up the DagBag from /home/udhbhav/miniconda3/lib/python3.11/site-packages/airflow/example_dags/example_skip_dag.py
[2025-03-27T14:37:40.330-0500] {processor.py:925} INFO - DAG(s) 'example_skip_dag' retrieved from /home/udhbhav/miniconda3/lib/python3.11/site-packages/airflow/example_dags/example_skip_dag.py
[2025-03-27T14:37:40.339-0500] {logging_mixin.py:190} INFO - [2025-03-27T14:37:40.339-0500] {dag.py:3239} INFO - Sync 1 DAGs
[2025-03-27T14:37:40.401-0500] {logging_mixin.py:190} INFO - [2025-03-27T14:37:40.400-0500] {dag.py:4180} INFO - Setting next_dagrun for example_skip_dag to 2025-03-26 00:00:00+00:00, run_after=2025-03-27 00:00:00+00:00
[2025-03-27T14:37:40.520-0500] {processor.py:208} INFO - Processing /home/udhbhav/miniconda3/lib/python3.11/site-packages/airflow/example_dags/example_skip_dag.py took 0.199 seconds
[2025-03-27T14:38:56.088-0500] {processor.py:186} INFO - Started process (PID=1770896) to work on /home/udhbhav/miniconda3/lib/python3.11/site-packages/airflow/example_dags/example_skip_dag.py
[2025-03-27T14:38:56.088-0500] {processor.py:914} INFO - Processing file /home/udhbhav/miniconda3/lib/python3.11/site-packages/airflow/example_dags/example_skip_dag.py for tasks to queue
[2025-03-27T14:38:56.089-0500] {logging_mixin.py:190} INFO - [2025-03-27T14:38:56.089-0500] {dagbag.py:588} INFO - Filling up the DagBag from /home/udhbhav/miniconda3/lib/python3.11/site-packages/airflow/example_dags/example_skip_dag.py
[2025-03-27T14:38:56.093-0500] {processor.py:925} INFO - DAG(s) 'example_skip_dag' retrieved from /home/udhbhav/miniconda3/lib/python3.11/site-packages/airflow/example_dags/example_skip_dag.py
[2025-03-27T14:38:56.101-0500] {logging_mixin.py:190} INFO - [2025-03-27T14:38:56.101-0500] {dag.py:3239} INFO - Sync 1 DAGs
[2025-03-27T14:38:56.109-0500] {logging_mixin.py:190} INFO - [2025-03-27T14:38:56.109-0500] {dag.py:4180} INFO - Setting next_dagrun for example_skip_dag to 2025-03-26 00:00:00+00:00, run_after=2025-03-27 00:00:00+00:00
[2025-03-27T14:38:56.215-0500] {processor.py:208} INFO - Processing /home/udhbhav/miniconda3/lib/python3.11/site-packages/airflow/example_dags/example_skip_dag.py took 0.130 seconds
[2025-03-27T14:40:22.658-0500] {processor.py:186} INFO - Started process (PID=1771618) to work on /home/udhbhav/miniconda3/lib/python3.11/site-packages/airflow/example_dags/example_skip_dag.py
[2025-03-27T14:40:22.658-0500] {processor.py:914} INFO - Processing file /home/udhbhav/miniconda3/lib/python3.11/site-packages/airflow/example_dags/example_skip_dag.py for tasks to queue
[2025-03-27T14:40:22.659-0500] {logging_mixin.py:190} INFO - [2025-03-27T14:40:22.659-0500] {dagbag.py:588} INFO - Filling up the DagBag from /home/udhbhav/miniconda3/lib/python3.11/site-packages/airflow/example_dags/example_skip_dag.py
[2025-03-27T14:40:22.663-0500] {processor.py:925} INFO - DAG(s) 'example_skip_dag' retrieved from /home/udhbhav/miniconda3/lib/python3.11/site-packages/airflow/example_dags/example_skip_dag.py
[2025-03-27T14:40:22.671-0500] {logging_mixin.py:190} INFO - [2025-03-27T14:40:22.671-0500] {dag.py:3239} INFO - Sync 1 DAGs
[2025-03-27T14:40:22.679-0500] {logging_mixin.py:190} INFO - [2025-03-27T14:40:22.679-0500] {dag.py:4180} INFO - Setting next_dagrun for example_skip_dag to 2025-03-26 00:00:00+00:00, run_after=2025-03-27 00:00:00+00:00
[2025-03-27T14:40:22.846-0500] {processor.py:208} INFO - Processing /home/udhbhav/miniconda3/lib/python3.11/site-packages/airflow/example_dags/example_skip_dag.py took 0.191 seconds
[2025-03-27T14:41:53.238-0500] {processor.py:186} INFO - Started process (PID=1772920) to work on /home/udhbhav/miniconda3/lib/python3.11/site-packages/airflow/example_dags/example_skip_dag.py
[2025-03-27T14:41:53.238-0500] {processor.py:914} INFO - Processing file /home/udhbhav/miniconda3/lib/python3.11/site-packages/airflow/example_dags/example_skip_dag.py for tasks to queue
[2025-03-27T14:41:53.239-0500] {logging_mixin.py:190} INFO - [2025-03-27T14:41:53.239-0500] {dagbag.py:588} INFO - Filling up the DagBag from /home/udhbhav/miniconda3/lib/python3.11/site-packages/airflow/example_dags/example_skip_dag.py
[2025-03-27T14:41:53.243-0500] {processor.py:925} INFO - DAG(s) 'example_skip_dag' retrieved from /home/udhbhav/miniconda3/lib/python3.11/site-packages/airflow/example_dags/example_skip_dag.py
[2025-03-27T14:41:53.251-0500] {logging_mixin.py:190} INFO - [2025-03-27T14:41:53.251-0500] {dag.py:3239} INFO - Sync 1 DAGs
[2025-03-27T14:41:53.259-0500] {logging_mixin.py:190} INFO - [2025-03-27T14:41:53.259-0500] {dag.py:4180} INFO - Setting next_dagrun for example_skip_dag to 2025-03-26 00:00:00+00:00, run_after=2025-03-27 00:00:00+00:00
[2025-03-27T14:41:53.366-0500] {processor.py:208} INFO - Processing /home/udhbhav/miniconda3/lib/python3.11/site-packages/airflow/example_dags/example_skip_dag.py took 0.131 seconds
[2025-03-27T14:42:56.994-0500] {processor.py:186} INFO - Started process (PID=1773546) to work on /home/udhbhav/miniconda3/lib/python3.11/site-packages/airflow/example_dags/example_skip_dag.py
[2025-03-27T14:42:56.994-0500] {processor.py:914} INFO - Processing file /home/udhbhav/miniconda3/lib/python3.11/site-packages/airflow/example_dags/example_skip_dag.py for tasks to queue
[2025-03-27T14:42:56.995-0500] {logging_mixin.py:190} INFO - [2025-03-27T14:42:56.995-0500] {dagbag.py:588} INFO - Filling up the DagBag from /home/udhbhav/miniconda3/lib/python3.11/site-packages/airflow/example_dags/example_skip_dag.py
[2025-03-27T14:42:56.999-0500] {processor.py:925} INFO - DAG(s) 'example_skip_dag' retrieved from /home/udhbhav/miniconda3/lib/python3.11/site-packages/airflow/example_dags/example_skip_dag.py
[2025-03-27T14:42:57.007-0500] {logging_mixin.py:190} INFO - [2025-03-27T14:42:57.007-0500] {dag.py:3239} INFO - Sync 1 DAGs
[2025-03-27T14:42:57.015-0500] {logging_mixin.py:190} INFO - [2025-03-27T14:42:57.015-0500] {dag.py:4180} INFO - Setting next_dagrun for example_skip_dag to 2025-03-26 00:00:00+00:00, run_after=2025-03-27 00:00:00+00:00
[2025-03-27T14:42:57.156-0500] {processor.py:208} INFO - Processing /home/udhbhav/miniconda3/lib/python3.11/site-packages/airflow/example_dags/example_skip_dag.py took 0.165 seconds
[2025-03-27T14:44:15.116-0500] {processor.py:186} INFO - Started process (PID=1774376) to work on /home/udhbhav/miniconda3/lib/python3.11/site-packages/airflow/example_dags/example_skip_dag.py
[2025-03-27T14:44:15.116-0500] {processor.py:914} INFO - Processing file /home/udhbhav/miniconda3/lib/python3.11/site-packages/airflow/example_dags/example_skip_dag.py for tasks to queue
[2025-03-27T14:44:15.117-0500] {logging_mixin.py:190} INFO - [2025-03-27T14:44:15.117-0500] {dagbag.py:588} INFO - Filling up the DagBag from /home/udhbhav/miniconda3/lib/python3.11/site-packages/airflow/example_dags/example_skip_dag.py
[2025-03-27T14:44:15.122-0500] {processor.py:925} INFO - DAG(s) 'example_skip_dag' retrieved from /home/udhbhav/miniconda3/lib/python3.11/site-packages/airflow/example_dags/example_skip_dag.py
[2025-03-27T14:44:15.130-0500] {logging_mixin.py:190} INFO - [2025-03-27T14:44:15.129-0500] {dag.py:3239} INFO - Sync 1 DAGs
[2025-03-27T14:44:15.137-0500] {logging_mixin.py:190} INFO - [2025-03-27T14:44:15.137-0500] {dag.py:4180} INFO - Setting next_dagrun for example_skip_dag to 2025-03-26 00:00:00+00:00, run_after=2025-03-27 00:00:00+00:00
[2025-03-27T14:44:15.238-0500] {processor.py:208} INFO - Processing /home/udhbhav/miniconda3/lib/python3.11/site-packages/airflow/example_dags/example_skip_dag.py took 0.125 seconds
[2025-03-27T14:45:18.562-0500] {processor.py:186} INFO - Started process (PID=1775029) to work on /home/udhbhav/miniconda3/lib/python3.11/site-packages/airflow/example_dags/example_skip_dag.py
[2025-03-27T14:45:18.562-0500] {processor.py:914} INFO - Processing file /home/udhbhav/miniconda3/lib/python3.11/site-packages/airflow/example_dags/example_skip_dag.py for tasks to queue
[2025-03-27T14:45:18.563-0500] {logging_mixin.py:190} INFO - [2025-03-27T14:45:18.563-0500] {dagbag.py:588} INFO - Filling up the DagBag from /home/udhbhav/miniconda3/lib/python3.11/site-packages/airflow/example_dags/example_skip_dag.py
[2025-03-27T14:45:18.568-0500] {processor.py:925} INFO - DAG(s) 'example_skip_dag' retrieved from /home/udhbhav/miniconda3/lib/python3.11/site-packages/airflow/example_dags/example_skip_dag.py
[2025-03-27T14:45:18.576-0500] {logging_mixin.py:190} INFO - [2025-03-27T14:45:18.576-0500] {dag.py:3239} INFO - Sync 1 DAGs
[2025-03-27T14:45:18.584-0500] {logging_mixin.py:190} INFO - [2025-03-27T14:45:18.584-0500] {dag.py:4180} INFO - Setting next_dagrun for example_skip_dag to 2025-03-26 00:00:00+00:00, run_after=2025-03-27 00:00:00+00:00
[2025-03-27T14:45:18.792-0500] {processor.py:208} INFO - Processing /home/udhbhav/miniconda3/lib/python3.11/site-packages/airflow/example_dags/example_skip_dag.py took 0.233 seconds
[2025-03-27T14:46:57.237-0500] {processor.py:186} INFO - Started process (PID=1776016) to work on /home/udhbhav/miniconda3/lib/python3.11/site-packages/airflow/example_dags/example_skip_dag.py
[2025-03-27T14:46:57.238-0500] {processor.py:914} INFO - Processing file /home/udhbhav/miniconda3/lib/python3.11/site-packages/airflow/example_dags/example_skip_dag.py for tasks to queue
[2025-03-27T14:46:57.239-0500] {logging_mixin.py:190} INFO - [2025-03-27T14:46:57.238-0500] {dagbag.py:588} INFO - Filling up the DagBag from /home/udhbhav/miniconda3/lib/python3.11/site-packages/airflow/example_dags/example_skip_dag.py
[2025-03-27T14:46:57.243-0500] {processor.py:925} INFO - DAG(s) 'example_skip_dag' retrieved from /home/udhbhav/miniconda3/lib/python3.11/site-packages/airflow/example_dags/example_skip_dag.py
[2025-03-27T14:46:57.251-0500] {logging_mixin.py:190} INFO - [2025-03-27T14:46:57.251-0500] {dag.py:3239} INFO - Sync 1 DAGs
[2025-03-27T14:46:57.258-0500] {logging_mixin.py:190} INFO - [2025-03-27T14:46:57.258-0500] {dag.py:4180} INFO - Setting next_dagrun for example_skip_dag to 2025-03-26 00:00:00+00:00, run_after=2025-03-27 00:00:00+00:00
[2025-03-27T14:46:57.419-0500] {processor.py:208} INFO - Processing /home/udhbhav/miniconda3/lib/python3.11/site-packages/airflow/example_dags/example_skip_dag.py took 0.185 seconds
[2025-03-27T14:48:12.795-0500] {processor.py:186} INFO - Started process (PID=1776671) to work on /home/udhbhav/miniconda3/lib/python3.11/site-packages/airflow/example_dags/example_skip_dag.py
[2025-03-27T14:48:12.795-0500] {processor.py:914} INFO - Processing file /home/udhbhav/miniconda3/lib/python3.11/site-packages/airflow/example_dags/example_skip_dag.py for tasks to queue
[2025-03-27T14:48:12.796-0500] {logging_mixin.py:190} INFO - [2025-03-27T14:48:12.796-0500] {dagbag.py:588} INFO - Filling up the DagBag from /home/udhbhav/miniconda3/lib/python3.11/site-packages/airflow/example_dags/example_skip_dag.py
[2025-03-27T14:48:12.801-0500] {processor.py:925} INFO - DAG(s) 'example_skip_dag' retrieved from /home/udhbhav/miniconda3/lib/python3.11/site-packages/airflow/example_dags/example_skip_dag.py
[2025-03-27T14:48:12.809-0500] {logging_mixin.py:190} INFO - [2025-03-27T14:48:12.808-0500] {dag.py:3239} INFO - Sync 1 DAGs
[2025-03-27T14:48:12.816-0500] {logging_mixin.py:190} INFO - [2025-03-27T14:48:12.816-0500] {dag.py:4180} INFO - Setting next_dagrun for example_skip_dag to 2025-03-26 00:00:00+00:00, run_after=2025-03-27 00:00:00+00:00
[2025-03-27T14:48:12.961-0500] {processor.py:208} INFO - Processing /home/udhbhav/miniconda3/lib/python3.11/site-packages/airflow/example_dags/example_skip_dag.py took 0.169 seconds
[2025-03-27T14:49:36.039-0500] {processor.py:186} INFO - Started process (PID=1777464) to work on /home/udhbhav/miniconda3/lib/python3.11/site-packages/airflow/example_dags/example_skip_dag.py
[2025-03-27T14:49:36.040-0500] {processor.py:914} INFO - Processing file /home/udhbhav/miniconda3/lib/python3.11/site-packages/airflow/example_dags/example_skip_dag.py for tasks to queue
[2025-03-27T14:49:36.041-0500] {logging_mixin.py:190} INFO - [2025-03-27T14:49:36.041-0500] {dagbag.py:588} INFO - Filling up the DagBag from /home/udhbhav/miniconda3/lib/python3.11/site-packages/airflow/example_dags/example_skip_dag.py
[2025-03-27T14:49:36.045-0500] {processor.py:925} INFO - DAG(s) 'example_skip_dag' retrieved from /home/udhbhav/miniconda3/lib/python3.11/site-packages/airflow/example_dags/example_skip_dag.py
[2025-03-27T14:49:36.053-0500] {logging_mixin.py:190} INFO - [2025-03-27T14:49:36.053-0500] {dag.py:3239} INFO - Sync 1 DAGs
[2025-03-27T14:49:36.061-0500] {logging_mixin.py:190} INFO - [2025-03-27T14:49:36.060-0500] {dag.py:4180} INFO - Setting next_dagrun for example_skip_dag to 2025-03-26 00:00:00+00:00, run_after=2025-03-27 00:00:00+00:00
[2025-03-27T14:49:36.757-0500] {processor.py:208} INFO - Processing /home/udhbhav/miniconda3/lib/python3.11/site-packages/airflow/example_dags/example_skip_dag.py took 0.720 seconds
[2025-03-27T14:50:57.445-0500] {processor.py:186} INFO - Started process (PID=1780100) to work on /home/udhbhav/miniconda3/lib/python3.11/site-packages/airflow/example_dags/example_skip_dag.py
[2025-03-27T14:50:57.445-0500] {processor.py:914} INFO - Processing file /home/udhbhav/miniconda3/lib/python3.11/site-packages/airflow/example_dags/example_skip_dag.py for tasks to queue
[2025-03-27T14:50:57.446-0500] {logging_mixin.py:190} INFO - [2025-03-27T14:50:57.446-0500] {dagbag.py:588} INFO - Filling up the DagBag from /home/udhbhav/miniconda3/lib/python3.11/site-packages/airflow/example_dags/example_skip_dag.py
[2025-03-27T14:50:57.451-0500] {processor.py:925} INFO - DAG(s) 'example_skip_dag' retrieved from /home/udhbhav/miniconda3/lib/python3.11/site-packages/airflow/example_dags/example_skip_dag.py
[2025-03-27T14:50:57.459-0500] {logging_mixin.py:190} INFO - [2025-03-27T14:50:57.459-0500] {dag.py:3239} INFO - Sync 1 DAGs
[2025-03-27T14:50:57.467-0500] {logging_mixin.py:190} INFO - [2025-03-27T14:50:57.467-0500] {dag.py:4180} INFO - Setting next_dagrun for example_skip_dag to 2025-03-26 00:00:00+00:00, run_after=2025-03-27 00:00:00+00:00
[2025-03-27T14:50:57.574-0500] {processor.py:208} INFO - Processing /home/udhbhav/miniconda3/lib/python3.11/site-packages/airflow/example_dags/example_skip_dag.py took 0.133 seconds
[2025-03-27T14:52:03.620-0500] {processor.py:186} INFO - Started process (PID=1783792) to work on /home/udhbhav/miniconda3/lib/python3.11/site-packages/airflow/example_dags/example_skip_dag.py
[2025-03-27T14:52:03.621-0500] {processor.py:914} INFO - Processing file /home/udhbhav/miniconda3/lib/python3.11/site-packages/airflow/example_dags/example_skip_dag.py for tasks to queue
[2025-03-27T14:52:03.622-0500] {logging_mixin.py:190} INFO - [2025-03-27T14:52:03.622-0500] {dagbag.py:588} INFO - Filling up the DagBag from /home/udhbhav/miniconda3/lib/python3.11/site-packages/airflow/example_dags/example_skip_dag.py
[2025-03-27T14:52:03.626-0500] {processor.py:925} INFO - DAG(s) 'example_skip_dag' retrieved from /home/udhbhav/miniconda3/lib/python3.11/site-packages/airflow/example_dags/example_skip_dag.py
[2025-03-27T14:52:03.634-0500] {logging_mixin.py:190} INFO - [2025-03-27T14:52:03.634-0500] {dag.py:3239} INFO - Sync 1 DAGs
[2025-03-27T14:52:03.642-0500] {logging_mixin.py:190} INFO - [2025-03-27T14:52:03.642-0500] {dag.py:4180} INFO - Setting next_dagrun for example_skip_dag to 2025-03-26 00:00:00+00:00, run_after=2025-03-27 00:00:00+00:00
[2025-03-27T14:52:03.809-0500] {processor.py:208} INFO - Processing /home/udhbhav/miniconda3/lib/python3.11/site-packages/airflow/example_dags/example_skip_dag.py took 0.191 seconds
[2025-03-27T14:53:13.955-0500] {processor.py:186} INFO - Started process (PID=1784481) to work on /home/udhbhav/miniconda3/lib/python3.11/site-packages/airflow/example_dags/example_skip_dag.py
[2025-03-27T14:53:13.955-0500] {processor.py:914} INFO - Processing file /home/udhbhav/miniconda3/lib/python3.11/site-packages/airflow/example_dags/example_skip_dag.py for tasks to queue
[2025-03-27T14:53:13.956-0500] {logging_mixin.py:190} INFO - [2025-03-27T14:53:13.956-0500] {dagbag.py:588} INFO - Filling up the DagBag from /home/udhbhav/miniconda3/lib/python3.11/site-packages/airflow/example_dags/example_skip_dag.py
[2025-03-27T14:53:13.961-0500] {processor.py:925} INFO - DAG(s) 'example_skip_dag' retrieved from /home/udhbhav/miniconda3/lib/python3.11/site-packages/airflow/example_dags/example_skip_dag.py
[2025-03-27T14:53:13.969-0500] {logging_mixin.py:190} INFO - [2025-03-27T14:53:13.968-0500] {dag.py:3239} INFO - Sync 1 DAGs
[2025-03-27T14:53:13.976-0500] {logging_mixin.py:190} INFO - [2025-03-27T14:53:13.976-0500] {dag.py:4180} INFO - Setting next_dagrun for example_skip_dag to 2025-03-26 00:00:00+00:00, run_after=2025-03-27 00:00:00+00:00
[2025-03-27T14:53:14.083-0500] {processor.py:208} INFO - Processing /home/udhbhav/miniconda3/lib/python3.11/site-packages/airflow/example_dags/example_skip_dag.py took 0.131 seconds
[2025-03-27T14:54:22.213-0500] {processor.py:186} INFO - Started process (PID=1785124) to work on /home/udhbhav/miniconda3/lib/python3.11/site-packages/airflow/example_dags/example_skip_dag.py
[2025-03-27T14:54:22.214-0500] {processor.py:914} INFO - Processing file /home/udhbhav/miniconda3/lib/python3.11/site-packages/airflow/example_dags/example_skip_dag.py for tasks to queue
[2025-03-27T14:54:22.215-0500] {logging_mixin.py:190} INFO - [2025-03-27T14:54:22.215-0500] {dagbag.py:588} INFO - Filling up the DagBag from /home/udhbhav/miniconda3/lib/python3.11/site-packages/airflow/example_dags/example_skip_dag.py
[2025-03-27T14:54:22.219-0500] {processor.py:925} INFO - DAG(s) 'example_skip_dag' retrieved from /home/udhbhav/miniconda3/lib/python3.11/site-packages/airflow/example_dags/example_skip_dag.py
[2025-03-27T14:54:22.227-0500] {logging_mixin.py:190} INFO - [2025-03-27T14:54:22.227-0500] {dag.py:3239} INFO - Sync 1 DAGs
[2025-03-27T14:54:22.235-0500] {logging_mixin.py:190} INFO - [2025-03-27T14:54:22.235-0500] {dag.py:4180} INFO - Setting next_dagrun for example_skip_dag to 2025-03-26 00:00:00+00:00, run_after=2025-03-27 00:00:00+00:00
[2025-03-27T14:54:22.359-0500] {processor.py:208} INFO - Processing /home/udhbhav/miniconda3/lib/python3.11/site-packages/airflow/example_dags/example_skip_dag.py took 0.149 seconds
[2025-03-27T14:55:23.572-0500] {processor.py:186} INFO - Started process (PID=1785745) to work on /home/udhbhav/miniconda3/lib/python3.11/site-packages/airflow/example_dags/example_skip_dag.py
[2025-03-27T14:55:23.573-0500] {processor.py:914} INFO - Processing file /home/udhbhav/miniconda3/lib/python3.11/site-packages/airflow/example_dags/example_skip_dag.py for tasks to queue
[2025-03-27T14:55:23.574-0500] {logging_mixin.py:190} INFO - [2025-03-27T14:55:23.574-0500] {dagbag.py:588} INFO - Filling up the DagBag from /home/udhbhav/miniconda3/lib/python3.11/site-packages/airflow/example_dags/example_skip_dag.py
[2025-03-27T14:55:23.578-0500] {processor.py:925} INFO - DAG(s) 'example_skip_dag' retrieved from /home/udhbhav/miniconda3/lib/python3.11/site-packages/airflow/example_dags/example_skip_dag.py
[2025-03-27T14:55:23.586-0500] {logging_mixin.py:190} INFO - [2025-03-27T14:55:23.586-0500] {dag.py:3239} INFO - Sync 1 DAGs
[2025-03-27T14:55:23.594-0500] {logging_mixin.py:190} INFO - [2025-03-27T14:55:23.594-0500] {dag.py:4180} INFO - Setting next_dagrun for example_skip_dag to 2025-03-26 00:00:00+00:00, run_after=2025-03-27 00:00:00+00:00
[2025-03-27T14:55:23.739-0500] {processor.py:208} INFO - Processing /home/udhbhav/miniconda3/lib/python3.11/site-packages/airflow/example_dags/example_skip_dag.py took 0.169 seconds
[2025-03-27T14:56:42.359-0500] {processor.py:186} INFO - Started process (PID=1786647) to work on /home/udhbhav/miniconda3/lib/python3.11/site-packages/airflow/example_dags/example_skip_dag.py
[2025-03-27T14:56:42.360-0500] {processor.py:914} INFO - Processing file /home/udhbhav/miniconda3/lib/python3.11/site-packages/airflow/example_dags/example_skip_dag.py for tasks to queue
[2025-03-27T14:56:42.361-0500] {logging_mixin.py:190} INFO - [2025-03-27T14:56:42.360-0500] {dagbag.py:588} INFO - Filling up the DagBag from /home/udhbhav/miniconda3/lib/python3.11/site-packages/airflow/example_dags/example_skip_dag.py
[2025-03-27T14:56:42.365-0500] {processor.py:925} INFO - DAG(s) 'example_skip_dag' retrieved from /home/udhbhav/miniconda3/lib/python3.11/site-packages/airflow/example_dags/example_skip_dag.py
[2025-03-27T14:56:42.373-0500] {logging_mixin.py:190} INFO - [2025-03-27T14:56:42.373-0500] {dag.py:3239} INFO - Sync 1 DAGs
[2025-03-27T14:56:42.381-0500] {logging_mixin.py:190} INFO - [2025-03-27T14:56:42.380-0500] {dag.py:4180} INFO - Setting next_dagrun for example_skip_dag to 2025-03-26 00:00:00+00:00, run_after=2025-03-27 00:00:00+00:00
[2025-03-27T14:56:42.487-0500] {processor.py:208} INFO - Processing /home/udhbhav/miniconda3/lib/python3.11/site-packages/airflow/example_dags/example_skip_dag.py took 0.130 seconds
[2025-03-27T14:57:59.655-0500] {processor.py:186} INFO - Started process (PID=1787420) to work on /home/udhbhav/miniconda3/lib/python3.11/site-packages/airflow/example_dags/example_skip_dag.py
[2025-03-27T14:57:59.655-0500] {processor.py:914} INFO - Processing file /home/udhbhav/miniconda3/lib/python3.11/site-packages/airflow/example_dags/example_skip_dag.py for tasks to queue
[2025-03-27T14:57:59.656-0500] {logging_mixin.py:190} INFO - [2025-03-27T14:57:59.656-0500] {dagbag.py:588} INFO - Filling up the DagBag from /home/udhbhav/miniconda3/lib/python3.11/site-packages/airflow/example_dags/example_skip_dag.py
[2025-03-27T14:57:59.660-0500] {processor.py:925} INFO - DAG(s) 'example_skip_dag' retrieved from /home/udhbhav/miniconda3/lib/python3.11/site-packages/airflow/example_dags/example_skip_dag.py
[2025-03-27T14:57:59.668-0500] {logging_mixin.py:190} INFO - [2025-03-27T14:57:59.668-0500] {dag.py:3239} INFO - Sync 1 DAGs
[2025-03-27T14:57:59.676-0500] {logging_mixin.py:190} INFO - [2025-03-27T14:57:59.676-0500] {dag.py:4180} INFO - Setting next_dagrun for example_skip_dag to 2025-03-26 00:00:00+00:00, run_after=2025-03-27 00:00:00+00:00
[2025-03-27T14:57:59.840-0500] {processor.py:208} INFO - Processing /home/udhbhav/miniconda3/lib/python3.11/site-packages/airflow/example_dags/example_skip_dag.py took 0.188 seconds
[2025-03-27T14:59:22.348-0500] {processor.py:186} INFO - Started process (PID=1788245) to work on /home/udhbhav/miniconda3/lib/python3.11/site-packages/airflow/example_dags/example_skip_dag.py
[2025-03-27T14:59:22.348-0500] {processor.py:914} INFO - Processing file /home/udhbhav/miniconda3/lib/python3.11/site-packages/airflow/example_dags/example_skip_dag.py for tasks to queue
[2025-03-27T14:59:22.349-0500] {logging_mixin.py:190} INFO - [2025-03-27T14:59:22.349-0500] {dagbag.py:588} INFO - Filling up the DagBag from /home/udhbhav/miniconda3/lib/python3.11/site-packages/airflow/example_dags/example_skip_dag.py
[2025-03-27T14:59:22.354-0500] {processor.py:925} INFO - DAG(s) 'example_skip_dag' retrieved from /home/udhbhav/miniconda3/lib/python3.11/site-packages/airflow/example_dags/example_skip_dag.py
[2025-03-27T14:59:22.362-0500] {logging_mixin.py:190} INFO - [2025-03-27T14:59:22.362-0500] {dag.py:3239} INFO - Sync 1 DAGs
[2025-03-27T14:59:22.369-0500] {logging_mixin.py:190} INFO - [2025-03-27T14:59:22.369-0500] {dag.py:4180} INFO - Setting next_dagrun for example_skip_dag to 2025-03-26 00:00:00+00:00, run_after=2025-03-27 00:00:00+00:00
[2025-03-27T14:59:23.658-0500] {processor.py:208} INFO - Processing /home/udhbhav/miniconda3/lib/python3.11/site-packages/airflow/example_dags/example_skip_dag.py took 1.312 seconds
[2025-03-27T15:00:47.210-0500] {processor.py:186} INFO - Started process (PID=1789316) to work on /home/udhbhav/miniconda3/lib/python3.11/site-packages/airflow/example_dags/example_skip_dag.py
[2025-03-27T15:00:47.210-0500] {processor.py:914} INFO - Processing file /home/udhbhav/miniconda3/lib/python3.11/site-packages/airflow/example_dags/example_skip_dag.py for tasks to queue
[2025-03-27T15:00:47.211-0500] {logging_mixin.py:190} INFO - [2025-03-27T15:00:47.211-0500] {dagbag.py:588} INFO - Filling up the DagBag from /home/udhbhav/miniconda3/lib/python3.11/site-packages/airflow/example_dags/example_skip_dag.py
[2025-03-27T15:00:47.217-0500] {processor.py:925} INFO - DAG(s) 'example_skip_dag' retrieved from /home/udhbhav/miniconda3/lib/python3.11/site-packages/airflow/example_dags/example_skip_dag.py
[2025-03-27T15:00:47.225-0500] {logging_mixin.py:190} INFO - [2025-03-27T15:00:47.224-0500] {dag.py:3239} INFO - Sync 1 DAGs
[2025-03-27T15:00:47.234-0500] {logging_mixin.py:190} INFO - [2025-03-27T15:00:47.234-0500] {dag.py:4180} INFO - Setting next_dagrun for example_skip_dag to 2025-03-26 00:00:00+00:00, run_after=2025-03-27 00:00:00+00:00
[2025-03-27T15:00:47.339-0500] {processor.py:208} INFO - Processing /home/udhbhav/miniconda3/lib/python3.11/site-packages/airflow/example_dags/example_skip_dag.py took 0.133 seconds
[2025-03-27T15:01:50.120-0500] {processor.py:186} INFO - Started process (PID=1789997) to work on /home/udhbhav/miniconda3/lib/python3.11/site-packages/airflow/example_dags/example_skip_dag.py
[2025-03-27T15:01:50.120-0500] {processor.py:914} INFO - Processing file /home/udhbhav/miniconda3/lib/python3.11/site-packages/airflow/example_dags/example_skip_dag.py for tasks to queue
[2025-03-27T15:01:50.121-0500] {logging_mixin.py:190} INFO - [2025-03-27T15:01:50.121-0500] {dagbag.py:588} INFO - Filling up the DagBag from /home/udhbhav/miniconda3/lib/python3.11/site-packages/airflow/example_dags/example_skip_dag.py
[2025-03-27T15:01:50.127-0500] {processor.py:925} INFO - DAG(s) 'example_skip_dag' retrieved from /home/udhbhav/miniconda3/lib/python3.11/site-packages/airflow/example_dags/example_skip_dag.py
[2025-03-27T15:01:50.135-0500] {logging_mixin.py:190} INFO - [2025-03-27T15:01:50.135-0500] {dag.py:3239} INFO - Sync 1 DAGs
[2025-03-27T15:01:50.143-0500] {logging_mixin.py:190} INFO - [2025-03-27T15:01:50.143-0500] {dag.py:4180} INFO - Setting next_dagrun for example_skip_dag to 2025-03-26 00:00:00+00:00, run_after=2025-03-27 00:00:00+00:00
[2025-03-27T15:01:50.249-0500] {processor.py:208} INFO - Processing /home/udhbhav/miniconda3/lib/python3.11/site-packages/airflow/example_dags/example_skip_dag.py took 0.132 seconds
[2025-03-27T15:03:01.398-0500] {processor.py:186} INFO - Started process (PID=1790740) to work on /home/udhbhav/miniconda3/lib/python3.11/site-packages/airflow/example_dags/example_skip_dag.py
[2025-03-27T15:03:01.398-0500] {processor.py:914} INFO - Processing file /home/udhbhav/miniconda3/lib/python3.11/site-packages/airflow/example_dags/example_skip_dag.py for tasks to queue
[2025-03-27T15:03:01.399-0500] {logging_mixin.py:190} INFO - [2025-03-27T15:03:01.399-0500] {dagbag.py:588} INFO - Filling up the DagBag from /home/udhbhav/miniconda3/lib/python3.11/site-packages/airflow/example_dags/example_skip_dag.py
[2025-03-27T15:03:01.404-0500] {processor.py:925} INFO - DAG(s) 'example_skip_dag' retrieved from /home/udhbhav/miniconda3/lib/python3.11/site-packages/airflow/example_dags/example_skip_dag.py
[2025-03-27T15:03:01.412-0500] {logging_mixin.py:190} INFO - [2025-03-27T15:03:01.411-0500] {dag.py:3239} INFO - Sync 1 DAGs
[2025-03-27T15:03:01.419-0500] {logging_mixin.py:190} INFO - [2025-03-27T15:03:01.419-0500] {dag.py:4180} INFO - Setting next_dagrun for example_skip_dag to 2025-03-26 00:00:00+00:00, run_after=2025-03-27 00:00:00+00:00
[2025-03-27T15:03:01.535-0500] {processor.py:208} INFO - Processing /home/udhbhav/miniconda3/lib/python3.11/site-packages/airflow/example_dags/example_skip_dag.py took 0.140 seconds
[2025-03-27T15:04:15.333-0500] {processor.py:186} INFO - Started process (PID=1791379) to work on /home/udhbhav/miniconda3/lib/python3.11/site-packages/airflow/example_dags/example_skip_dag.py
[2025-03-27T15:04:15.334-0500] {processor.py:914} INFO - Processing file /home/udhbhav/miniconda3/lib/python3.11/site-packages/airflow/example_dags/example_skip_dag.py for tasks to queue
[2025-03-27T15:04:15.335-0500] {logging_mixin.py:190} INFO - [2025-03-27T15:04:15.334-0500] {dagbag.py:588} INFO - Filling up the DagBag from /home/udhbhav/miniconda3/lib/python3.11/site-packages/airflow/example_dags/example_skip_dag.py
[2025-03-27T15:04:15.340-0500] {processor.py:925} INFO - DAG(s) 'example_skip_dag' retrieved from /home/udhbhav/miniconda3/lib/python3.11/site-packages/airflow/example_dags/example_skip_dag.py
[2025-03-27T15:04:15.348-0500] {logging_mixin.py:190} INFO - [2025-03-27T15:04:15.348-0500] {dag.py:3239} INFO - Sync 1 DAGs
[2025-03-27T15:04:15.358-0500] {logging_mixin.py:190} INFO - [2025-03-27T15:04:15.358-0500] {dag.py:4180} INFO - Setting next_dagrun for example_skip_dag to 2025-03-26 00:00:00+00:00, run_after=2025-03-27 00:00:00+00:00
[2025-03-27T15:04:15.520-0500] {processor.py:208} INFO - Processing /home/udhbhav/miniconda3/lib/python3.11/site-packages/airflow/example_dags/example_skip_dag.py took 0.190 seconds
[2025-03-27T15:05:32.749-0500] {processor.py:186} INFO - Started process (PID=1792160) to work on /home/udhbhav/miniconda3/lib/python3.11/site-packages/airflow/example_dags/example_skip_dag.py
[2025-03-27T15:05:32.749-0500] {processor.py:914} INFO - Processing file /home/udhbhav/miniconda3/lib/python3.11/site-packages/airflow/example_dags/example_skip_dag.py for tasks to queue
[2025-03-27T15:05:32.750-0500] {logging_mixin.py:190} INFO - [2025-03-27T15:05:32.750-0500] {dagbag.py:588} INFO - Filling up the DagBag from /home/udhbhav/miniconda3/lib/python3.11/site-packages/airflow/example_dags/example_skip_dag.py
[2025-03-27T15:05:32.755-0500] {processor.py:925} INFO - DAG(s) 'example_skip_dag' retrieved from /home/udhbhav/miniconda3/lib/python3.11/site-packages/airflow/example_dags/example_skip_dag.py
[2025-03-27T15:05:32.763-0500] {logging_mixin.py:190} INFO - [2025-03-27T15:05:32.763-0500] {dag.py:3239} INFO - Sync 1 DAGs
[2025-03-27T15:05:32.770-0500] {logging_mixin.py:190} INFO - [2025-03-27T15:05:32.770-0500] {dag.py:4180} INFO - Setting next_dagrun for example_skip_dag to 2025-03-26 00:00:00+00:00, run_after=2025-03-27 00:00:00+00:00
[2025-03-27T15:05:32.945-0500] {processor.py:208} INFO - Processing /home/udhbhav/miniconda3/lib/python3.11/site-packages/airflow/example_dags/example_skip_dag.py took 0.199 seconds
[2025-03-27T15:07:06.012-0500] {processor.py:186} INFO - Started process (PID=1793078) to work on /home/udhbhav/miniconda3/lib/python3.11/site-packages/airflow/example_dags/example_skip_dag.py
[2025-03-27T15:07:06.013-0500] {processor.py:914} INFO - Processing file /home/udhbhav/miniconda3/lib/python3.11/site-packages/airflow/example_dags/example_skip_dag.py for tasks to queue
[2025-03-27T15:07:06.014-0500] {logging_mixin.py:190} INFO - [2025-03-27T15:07:06.013-0500] {dagbag.py:588} INFO - Filling up the DagBag from /home/udhbhav/miniconda3/lib/python3.11/site-packages/airflow/example_dags/example_skip_dag.py
[2025-03-27T15:07:06.018-0500] {processor.py:925} INFO - DAG(s) 'example_skip_dag' retrieved from /home/udhbhav/miniconda3/lib/python3.11/site-packages/airflow/example_dags/example_skip_dag.py
[2025-03-27T15:07:06.026-0500] {logging_mixin.py:190} INFO - [2025-03-27T15:07:06.026-0500] {dag.py:3239} INFO - Sync 1 DAGs
[2025-03-27T15:07:06.034-0500] {logging_mixin.py:190} INFO - [2025-03-27T15:07:06.034-0500] {dag.py:4180} INFO - Setting next_dagrun for example_skip_dag to 2025-03-26 00:00:00+00:00, run_after=2025-03-27 00:00:00+00:00
[2025-03-27T15:07:06.183-0500] {processor.py:208} INFO - Processing /home/udhbhav/miniconda3/lib/python3.11/site-packages/airflow/example_dags/example_skip_dag.py took 0.173 seconds
[2025-03-27T15:08:13.915-0500] {processor.py:186} INFO - Started process (PID=1793781) to work on /home/udhbhav/miniconda3/lib/python3.11/site-packages/airflow/example_dags/example_skip_dag.py
[2025-03-27T15:08:13.916-0500] {processor.py:914} INFO - Processing file /home/udhbhav/miniconda3/lib/python3.11/site-packages/airflow/example_dags/example_skip_dag.py for tasks to queue
[2025-03-27T15:08:13.917-0500] {logging_mixin.py:190} INFO - [2025-03-27T15:08:13.917-0500] {dagbag.py:588} INFO - Filling up the DagBag from /home/udhbhav/miniconda3/lib/python3.11/site-packages/airflow/example_dags/example_skip_dag.py
[2025-03-27T15:08:13.921-0500] {processor.py:925} INFO - DAG(s) 'example_skip_dag' retrieved from /home/udhbhav/miniconda3/lib/python3.11/site-packages/airflow/example_dags/example_skip_dag.py
[2025-03-27T15:08:13.930-0500] {logging_mixin.py:190} INFO - [2025-03-27T15:08:13.929-0500] {dag.py:3239} INFO - Sync 1 DAGs
[2025-03-27T15:08:13.938-0500] {logging_mixin.py:190} INFO - [2025-03-27T15:08:13.937-0500] {dag.py:4180} INFO - Setting next_dagrun for example_skip_dag to 2025-03-26 00:00:00+00:00, run_after=2025-03-27 00:00:00+00:00
[2025-03-27T15:08:14.045-0500] {processor.py:208} INFO - Processing /home/udhbhav/miniconda3/lib/python3.11/site-packages/airflow/example_dags/example_skip_dag.py took 0.132 seconds
[2025-03-27T15:09:16.546-0500] {processor.py:186} INFO - Started process (PID=1794404) to work on /home/udhbhav/miniconda3/lib/python3.11/site-packages/airflow/example_dags/example_skip_dag.py
[2025-03-27T15:09:16.546-0500] {processor.py:914} INFO - Processing file /home/udhbhav/miniconda3/lib/python3.11/site-packages/airflow/example_dags/example_skip_dag.py for tasks to queue
[2025-03-27T15:09:16.547-0500] {logging_mixin.py:190} INFO - [2025-03-27T15:09:16.547-0500] {dagbag.py:588} INFO - Filling up the DagBag from /home/udhbhav/miniconda3/lib/python3.11/site-packages/airflow/example_dags/example_skip_dag.py
[2025-03-27T15:09:16.552-0500] {processor.py:925} INFO - DAG(s) 'example_skip_dag' retrieved from /home/udhbhav/miniconda3/lib/python3.11/site-packages/airflow/example_dags/example_skip_dag.py
[2025-03-27T15:09:16.560-0500] {logging_mixin.py:190} INFO - [2025-03-27T15:09:16.560-0500] {dag.py:3239} INFO - Sync 1 DAGs
[2025-03-27T15:09:16.568-0500] {logging_mixin.py:190} INFO - [2025-03-27T15:09:16.568-0500] {dag.py:4180} INFO - Setting next_dagrun for example_skip_dag to 2025-03-26 00:00:00+00:00, run_after=2025-03-27 00:00:00+00:00
[2025-03-27T15:09:16.675-0500] {processor.py:208} INFO - Processing /home/udhbhav/miniconda3/lib/python3.11/site-packages/airflow/example_dags/example_skip_dag.py took 0.132 seconds
[2025-03-27T15:10:33.029-0500] {processor.py:186} INFO - Started process (PID=1795137) to work on /home/udhbhav/miniconda3/lib/python3.11/site-packages/airflow/example_dags/example_skip_dag.py
[2025-03-27T15:10:33.029-0500] {processor.py:914} INFO - Processing file /home/udhbhav/miniconda3/lib/python3.11/site-packages/airflow/example_dags/example_skip_dag.py for tasks to queue
[2025-03-27T15:10:33.030-0500] {logging_mixin.py:190} INFO - [2025-03-27T15:10:33.030-0500] {dagbag.py:588} INFO - Filling up the DagBag from /home/udhbhav/miniconda3/lib/python3.11/site-packages/airflow/example_dags/example_skip_dag.py
[2025-03-27T15:10:33.035-0500] {processor.py:925} INFO - DAG(s) 'example_skip_dag' retrieved from /home/udhbhav/miniconda3/lib/python3.11/site-packages/airflow/example_dags/example_skip_dag.py
[2025-03-27T15:10:33.043-0500] {logging_mixin.py:190} INFO - [2025-03-27T15:10:33.043-0500] {dag.py:3239} INFO - Sync 1 DAGs
[2025-03-27T15:10:33.050-0500] {logging_mixin.py:190} INFO - [2025-03-27T15:10:33.050-0500] {dag.py:4180} INFO - Setting next_dagrun for example_skip_dag to 2025-03-26 00:00:00+00:00, run_after=2025-03-27 00:00:00+00:00
[2025-03-27T15:10:33.159-0500] {processor.py:208} INFO - Processing /home/udhbhav/miniconda3/lib/python3.11/site-packages/airflow/example_dags/example_skip_dag.py took 0.132 seconds
[2025-03-27T15:11:39.039-0500] {processor.py:186} INFO - Started process (PID=1796865) to work on /home/udhbhav/miniconda3/lib/python3.11/site-packages/airflow/example_dags/example_skip_dag.py
[2025-03-27T15:11:39.039-0500] {processor.py:914} INFO - Processing file /home/udhbhav/miniconda3/lib/python3.11/site-packages/airflow/example_dags/example_skip_dag.py for tasks to queue
[2025-03-27T15:11:39.040-0500] {logging_mixin.py:190} INFO - [2025-03-27T15:11:39.040-0500] {dagbag.py:588} INFO - Filling up the DagBag from /home/udhbhav/miniconda3/lib/python3.11/site-packages/airflow/example_dags/example_skip_dag.py
[2025-03-27T15:11:39.044-0500] {processor.py:925} INFO - DAG(s) 'example_skip_dag' retrieved from /home/udhbhav/miniconda3/lib/python3.11/site-packages/airflow/example_dags/example_skip_dag.py
[2025-03-27T15:11:39.052-0500] {logging_mixin.py:190} INFO - [2025-03-27T15:11:39.052-0500] {dag.py:3239} INFO - Sync 1 DAGs
[2025-03-27T15:11:39.060-0500] {logging_mixin.py:190} INFO - [2025-03-27T15:11:39.060-0500] {dag.py:4180} INFO - Setting next_dagrun for example_skip_dag to 2025-03-26 00:00:00+00:00, run_after=2025-03-27 00:00:00+00:00
[2025-03-27T15:11:39.321-0500] {processor.py:208} INFO - Processing /home/udhbhav/miniconda3/lib/python3.11/site-packages/airflow/example_dags/example_skip_dag.py took 0.285 seconds
[2025-03-27T15:12:50.903-0500] {processor.py:186} INFO - Started process (PID=1798184) to work on /home/udhbhav/miniconda3/lib/python3.11/site-packages/airflow/example_dags/example_skip_dag.py
[2025-03-27T15:12:50.904-0500] {processor.py:914} INFO - Processing file /home/udhbhav/miniconda3/lib/python3.11/site-packages/airflow/example_dags/example_skip_dag.py for tasks to queue
[2025-03-27T15:12:50.905-0500] {logging_mixin.py:190} INFO - [2025-03-27T15:12:50.904-0500] {dagbag.py:588} INFO - Filling up the DagBag from /home/udhbhav/miniconda3/lib/python3.11/site-packages/airflow/example_dags/example_skip_dag.py
[2025-03-27T15:12:50.909-0500] {processor.py:925} INFO - DAG(s) 'example_skip_dag' retrieved from /home/udhbhav/miniconda3/lib/python3.11/site-packages/airflow/example_dags/example_skip_dag.py
[2025-03-27T15:12:50.917-0500] {logging_mixin.py:190} INFO - [2025-03-27T15:12:50.917-0500] {dag.py:3239} INFO - Sync 1 DAGs
[2025-03-27T15:12:50.925-0500] {logging_mixin.py:190} INFO - [2025-03-27T15:12:50.925-0500] {dag.py:4180} INFO - Setting next_dagrun for example_skip_dag to 2025-03-26 00:00:00+00:00, run_after=2025-03-27 00:00:00+00:00
[2025-03-27T15:12:51.453-0500] {processor.py:208} INFO - Processing /home/udhbhav/miniconda3/lib/python3.11/site-packages/airflow/example_dags/example_skip_dag.py took 0.553 seconds
[2025-03-27T15:14:08.694-0500] {processor.py:186} INFO - Started process (PID=1798883) to work on /home/udhbhav/miniconda3/lib/python3.11/site-packages/airflow/example_dags/example_skip_dag.py
[2025-03-27T15:14:08.695-0500] {processor.py:914} INFO - Processing file /home/udhbhav/miniconda3/lib/python3.11/site-packages/airflow/example_dags/example_skip_dag.py for tasks to queue
[2025-03-27T15:14:08.696-0500] {logging_mixin.py:190} INFO - [2025-03-27T15:14:08.695-0500] {dagbag.py:588} INFO - Filling up the DagBag from /home/udhbhav/miniconda3/lib/python3.11/site-packages/airflow/example_dags/example_skip_dag.py
[2025-03-27T15:14:08.700-0500] {processor.py:925} INFO - DAG(s) 'example_skip_dag' retrieved from /home/udhbhav/miniconda3/lib/python3.11/site-packages/airflow/example_dags/example_skip_dag.py
[2025-03-27T15:14:08.708-0500] {logging_mixin.py:190} INFO - [2025-03-27T15:14:08.708-0500] {dag.py:3239} INFO - Sync 1 DAGs
[2025-03-27T15:14:08.716-0500] {logging_mixin.py:190} INFO - [2025-03-27T15:14:08.716-0500] {dag.py:4180} INFO - Setting next_dagrun for example_skip_dag to 2025-03-26 00:00:00+00:00, run_after=2025-03-27 00:00:00+00:00
[2025-03-27T15:14:08.869-0500] {processor.py:208} INFO - Processing /home/udhbhav/miniconda3/lib/python3.11/site-packages/airflow/example_dags/example_skip_dag.py took 0.177 seconds
[2025-03-27T15:15:24.886-0500] {processor.py:186} INFO - Started process (PID=1799639) to work on /home/udhbhav/miniconda3/lib/python3.11/site-packages/airflow/example_dags/example_skip_dag.py
[2025-03-27T15:15:24.886-0500] {processor.py:914} INFO - Processing file /home/udhbhav/miniconda3/lib/python3.11/site-packages/airflow/example_dags/example_skip_dag.py for tasks to queue
[2025-03-27T15:15:24.887-0500] {logging_mixin.py:190} INFO - [2025-03-27T15:15:24.887-0500] {dagbag.py:588} INFO - Filling up the DagBag from /home/udhbhav/miniconda3/lib/python3.11/site-packages/airflow/example_dags/example_skip_dag.py
[2025-03-27T15:15:24.891-0500] {processor.py:925} INFO - DAG(s) 'example_skip_dag' retrieved from /home/udhbhav/miniconda3/lib/python3.11/site-packages/airflow/example_dags/example_skip_dag.py
[2025-03-27T15:15:24.899-0500] {logging_mixin.py:190} INFO - [2025-03-27T15:15:24.899-0500] {dag.py:3239} INFO - Sync 1 DAGs
[2025-03-27T15:15:24.907-0500] {logging_mixin.py:190} INFO - [2025-03-27T15:15:24.907-0500] {dag.py:4180} INFO - Setting next_dagrun for example_skip_dag to 2025-03-26 00:00:00+00:00, run_after=2025-03-27 00:00:00+00:00
[2025-03-27T15:15:25.561-0500] {processor.py:208} INFO - Processing /home/udhbhav/miniconda3/lib/python3.11/site-packages/airflow/example_dags/example_skip_dag.py took 0.678 seconds
[2025-03-27T15:16:49.797-0500] {processor.py:186} INFO - Started process (PID=1800524) to work on /home/udhbhav/miniconda3/lib/python3.11/site-packages/airflow/example_dags/example_skip_dag.py
[2025-03-27T15:16:49.797-0500] {processor.py:914} INFO - Processing file /home/udhbhav/miniconda3/lib/python3.11/site-packages/airflow/example_dags/example_skip_dag.py for tasks to queue
[2025-03-27T15:16:49.798-0500] {logging_mixin.py:190} INFO - [2025-03-27T15:16:49.798-0500] {dagbag.py:588} INFO - Filling up the DagBag from /home/udhbhav/miniconda3/lib/python3.11/site-packages/airflow/example_dags/example_skip_dag.py
[2025-03-27T15:16:49.802-0500] {processor.py:925} INFO - DAG(s) 'example_skip_dag' retrieved from /home/udhbhav/miniconda3/lib/python3.11/site-packages/airflow/example_dags/example_skip_dag.py
[2025-03-27T15:16:49.810-0500] {logging_mixin.py:190} INFO - [2025-03-27T15:16:49.810-0500] {dag.py:3239} INFO - Sync 1 DAGs
[2025-03-27T15:16:49.818-0500] {logging_mixin.py:190} INFO - [2025-03-27T15:16:49.818-0500] {dag.py:4180} INFO - Setting next_dagrun for example_skip_dag to 2025-03-26 00:00:00+00:00, run_after=2025-03-27 00:00:00+00:00
[2025-03-27T15:16:49.927-0500] {processor.py:208} INFO - Processing /home/udhbhav/miniconda3/lib/python3.11/site-packages/airflow/example_dags/example_skip_dag.py took 0.133 seconds
[2025-03-27T15:17:57.710-0500] {processor.py:186} INFO - Started process (PID=1801193) to work on /home/udhbhav/miniconda3/lib/python3.11/site-packages/airflow/example_dags/example_skip_dag.py
[2025-03-27T15:17:57.710-0500] {processor.py:914} INFO - Processing file /home/udhbhav/miniconda3/lib/python3.11/site-packages/airflow/example_dags/example_skip_dag.py for tasks to queue
[2025-03-27T15:17:57.711-0500] {logging_mixin.py:190} INFO - [2025-03-27T15:17:57.711-0500] {dagbag.py:588} INFO - Filling up the DagBag from /home/udhbhav/miniconda3/lib/python3.11/site-packages/airflow/example_dags/example_skip_dag.py
[2025-03-27T15:17:57.715-0500] {processor.py:925} INFO - DAG(s) 'example_skip_dag' retrieved from /home/udhbhav/miniconda3/lib/python3.11/site-packages/airflow/example_dags/example_skip_dag.py
[2025-03-27T15:17:57.723-0500] {logging_mixin.py:190} INFO - [2025-03-27T15:17:57.723-0500] {dag.py:3239} INFO - Sync 1 DAGs
[2025-03-27T15:17:57.731-0500] {logging_mixin.py:190} INFO - [2025-03-27T15:17:57.731-0500] {dag.py:4180} INFO - Setting next_dagrun for example_skip_dag to 2025-03-26 00:00:00+00:00, run_after=2025-03-27 00:00:00+00:00
[2025-03-27T15:17:57.840-0500] {processor.py:208} INFO - Processing /home/udhbhav/miniconda3/lib/python3.11/site-packages/airflow/example_dags/example_skip_dag.py took 0.133 seconds
[2025-03-27T15:19:04.077-0500] {processor.py:186} INFO - Started process (PID=1801803) to work on /home/udhbhav/miniconda3/lib/python3.11/site-packages/airflow/example_dags/example_skip_dag.py
[2025-03-27T15:19:04.078-0500] {processor.py:914} INFO - Processing file /home/udhbhav/miniconda3/lib/python3.11/site-packages/airflow/example_dags/example_skip_dag.py for tasks to queue
[2025-03-27T15:19:04.079-0500] {logging_mixin.py:190} INFO - [2025-03-27T15:19:04.079-0500] {dagbag.py:588} INFO - Filling up the DagBag from /home/udhbhav/miniconda3/lib/python3.11/site-packages/airflow/example_dags/example_skip_dag.py
[2025-03-27T15:19:04.083-0500] {processor.py:925} INFO - DAG(s) 'example_skip_dag' retrieved from /home/udhbhav/miniconda3/lib/python3.11/site-packages/airflow/example_dags/example_skip_dag.py
[2025-03-27T15:19:04.091-0500] {logging_mixin.py:190} INFO - [2025-03-27T15:19:04.091-0500] {dag.py:3239} INFO - Sync 1 DAGs
[2025-03-27T15:19:04.099-0500] {logging_mixin.py:190} INFO - [2025-03-27T15:19:04.099-0500] {dag.py:4180} INFO - Setting next_dagrun for example_skip_dag to 2025-03-26 00:00:00+00:00, run_after=2025-03-27 00:00:00+00:00
[2025-03-27T15:19:04.647-0500] {processor.py:208} INFO - Processing /home/udhbhav/miniconda3/lib/python3.11/site-packages/airflow/example_dags/example_skip_dag.py took 0.573 seconds
[2025-03-27T15:20:15.655-0500] {processor.py:186} INFO - Started process (PID=1802507) to work on /home/udhbhav/miniconda3/lib/python3.11/site-packages/airflow/example_dags/example_skip_dag.py
[2025-03-27T15:20:15.655-0500] {processor.py:914} INFO - Processing file /home/udhbhav/miniconda3/lib/python3.11/site-packages/airflow/example_dags/example_skip_dag.py for tasks to queue
[2025-03-27T15:20:15.656-0500] {logging_mixin.py:190} INFO - [2025-03-27T15:20:15.656-0500] {dagbag.py:588} INFO - Filling up the DagBag from /home/udhbhav/miniconda3/lib/python3.11/site-packages/airflow/example_dags/example_skip_dag.py
[2025-03-27T15:20:15.661-0500] {processor.py:925} INFO - DAG(s) 'example_skip_dag' retrieved from /home/udhbhav/miniconda3/lib/python3.11/site-packages/airflow/example_dags/example_skip_dag.py
[2025-03-27T15:20:15.669-0500] {logging_mixin.py:190} INFO - [2025-03-27T15:20:15.668-0500] {dag.py:3239} INFO - Sync 1 DAGs
[2025-03-27T15:20:15.676-0500] {logging_mixin.py:190} INFO - [2025-03-27T15:20:15.676-0500] {dag.py:4180} INFO - Setting next_dagrun for example_skip_dag to 2025-03-26 00:00:00+00:00, run_after=2025-03-27 00:00:00+00:00
[2025-03-27T15:20:15.780-0500] {processor.py:208} INFO - Processing /home/udhbhav/miniconda3/lib/python3.11/site-packages/airflow/example_dags/example_skip_dag.py took 0.128 seconds
[2025-03-27T15:21:22.199-0500] {processor.py:186} INFO - Started process (PID=1807988) to work on /home/udhbhav/miniconda3/lib/python3.11/site-packages/airflow/example_dags/example_skip_dag.py
[2025-03-27T15:21:22.200-0500] {processor.py:914} INFO - Processing file /home/udhbhav/miniconda3/lib/python3.11/site-packages/airflow/example_dags/example_skip_dag.py for tasks to queue
[2025-03-27T15:21:22.201-0500] {logging_mixin.py:190} INFO - [2025-03-27T15:21:22.201-0500] {dagbag.py:588} INFO - Filling up the DagBag from /home/udhbhav/miniconda3/lib/python3.11/site-packages/airflow/example_dags/example_skip_dag.py
[2025-03-27T15:21:22.205-0500] {processor.py:925} INFO - DAG(s) 'example_skip_dag' retrieved from /home/udhbhav/miniconda3/lib/python3.11/site-packages/airflow/example_dags/example_skip_dag.py
[2025-03-27T15:21:22.213-0500] {logging_mixin.py:190} INFO - [2025-03-27T15:21:22.213-0500] {dag.py:3239} INFO - Sync 1 DAGs
[2025-03-27T15:21:22.221-0500] {logging_mixin.py:190} INFO - [2025-03-27T15:21:22.221-0500] {dag.py:4180} INFO - Setting next_dagrun for example_skip_dag to 2025-03-26 00:00:00+00:00, run_after=2025-03-27 00:00:00+00:00
[2025-03-27T15:21:22.328-0500] {processor.py:208} INFO - Processing /home/udhbhav/miniconda3/lib/python3.11/site-packages/airflow/example_dags/example_skip_dag.py took 0.132 seconds
[2025-03-27T15:22:36.589-0500] {processor.py:186} INFO - Started process (PID=1808762) to work on /home/udhbhav/miniconda3/lib/python3.11/site-packages/airflow/example_dags/example_skip_dag.py
[2025-03-27T15:22:36.589-0500] {processor.py:914} INFO - Processing file /home/udhbhav/miniconda3/lib/python3.11/site-packages/airflow/example_dags/example_skip_dag.py for tasks to queue
[2025-03-27T15:22:36.590-0500] {logging_mixin.py:190} INFO - [2025-03-27T15:22:36.590-0500] {dagbag.py:588} INFO - Filling up the DagBag from /home/udhbhav/miniconda3/lib/python3.11/site-packages/airflow/example_dags/example_skip_dag.py
[2025-03-27T15:22:36.595-0500] {processor.py:925} INFO - DAG(s) 'example_skip_dag' retrieved from /home/udhbhav/miniconda3/lib/python3.11/site-packages/airflow/example_dags/example_skip_dag.py
[2025-03-27T15:22:36.603-0500] {logging_mixin.py:190} INFO - [2025-03-27T15:22:36.602-0500] {dag.py:3239} INFO - Sync 1 DAGs
[2025-03-27T15:22:36.610-0500] {logging_mixin.py:190} INFO - [2025-03-27T15:22:36.610-0500] {dag.py:4180} INFO - Setting next_dagrun for example_skip_dag to 2025-03-26 00:00:00+00:00, run_after=2025-03-27 00:00:00+00:00
[2025-03-27T15:22:36.718-0500] {processor.py:208} INFO - Processing /home/udhbhav/miniconda3/lib/python3.11/site-packages/airflow/example_dags/example_skip_dag.py took 0.132 seconds
[2025-03-27T15:23:51.491-0500] {processor.py:186} INFO - Started process (PID=1809580) to work on /home/udhbhav/miniconda3/lib/python3.11/site-packages/airflow/example_dags/example_skip_dag.py
[2025-03-27T15:23:51.491-0500] {processor.py:914} INFO - Processing file /home/udhbhav/miniconda3/lib/python3.11/site-packages/airflow/example_dags/example_skip_dag.py for tasks to queue
[2025-03-27T15:23:51.492-0500] {logging_mixin.py:190} INFO - [2025-03-27T15:23:51.492-0500] {dagbag.py:588} INFO - Filling up the DagBag from /home/udhbhav/miniconda3/lib/python3.11/site-packages/airflow/example_dags/example_skip_dag.py
[2025-03-27T15:23:51.496-0500] {processor.py:925} INFO - DAG(s) 'example_skip_dag' retrieved from /home/udhbhav/miniconda3/lib/python3.11/site-packages/airflow/example_dags/example_skip_dag.py
[2025-03-27T15:23:51.504-0500] {logging_mixin.py:190} INFO - [2025-03-27T15:23:51.504-0500] {dag.py:3239} INFO - Sync 1 DAGs
[2025-03-27T15:23:51.512-0500] {logging_mixin.py:190} INFO - [2025-03-27T15:23:51.512-0500] {dag.py:4180} INFO - Setting next_dagrun for example_skip_dag to 2025-03-26 00:00:00+00:00, run_after=2025-03-27 00:00:00+00:00
[2025-03-27T15:23:51.617-0500] {processor.py:208} INFO - Processing /home/udhbhav/miniconda3/lib/python3.11/site-packages/airflow/example_dags/example_skip_dag.py took 0.129 seconds
[2025-03-27T15:25:01.224-0500] {processor.py:186} INFO - Started process (PID=1810306) to work on /home/udhbhav/miniconda3/lib/python3.11/site-packages/airflow/example_dags/example_skip_dag.py
[2025-03-27T15:25:01.224-0500] {processor.py:914} INFO - Processing file /home/udhbhav/miniconda3/lib/python3.11/site-packages/airflow/example_dags/example_skip_dag.py for tasks to queue
[2025-03-27T15:25:01.226-0500] {logging_mixin.py:190} INFO - [2025-03-27T15:25:01.226-0500] {dagbag.py:588} INFO - Filling up the DagBag from /home/udhbhav/miniconda3/lib/python3.11/site-packages/airflow/example_dags/example_skip_dag.py
[2025-03-27T15:25:01.230-0500] {processor.py:925} INFO - DAG(s) 'example_skip_dag' retrieved from /home/udhbhav/miniconda3/lib/python3.11/site-packages/airflow/example_dags/example_skip_dag.py
[2025-03-27T15:25:01.238-0500] {logging_mixin.py:190} INFO - [2025-03-27T15:25:01.238-0500] {dag.py:3239} INFO - Sync 1 DAGs
[2025-03-27T15:25:01.246-0500] {logging_mixin.py:190} INFO - [2025-03-27T15:25:01.246-0500] {dag.py:4180} INFO - Setting next_dagrun for example_skip_dag to 2025-03-26 00:00:00+00:00, run_after=2025-03-27 00:00:00+00:00
[2025-03-27T15:25:01.411-0500] {processor.py:208} INFO - Processing /home/udhbhav/miniconda3/lib/python3.11/site-packages/airflow/example_dags/example_skip_dag.py took 0.190 seconds
[2025-03-27T15:26:39.109-0500] {processor.py:186} INFO - Started process (PID=1811247) to work on /home/udhbhav/miniconda3/lib/python3.11/site-packages/airflow/example_dags/example_skip_dag.py
[2025-03-27T15:26:39.110-0500] {processor.py:914} INFO - Processing file /home/udhbhav/miniconda3/lib/python3.11/site-packages/airflow/example_dags/example_skip_dag.py for tasks to queue
[2025-03-27T15:26:39.111-0500] {logging_mixin.py:190} INFO - [2025-03-27T15:26:39.110-0500] {dagbag.py:588} INFO - Filling up the DagBag from /home/udhbhav/miniconda3/lib/python3.11/site-packages/airflow/example_dags/example_skip_dag.py
[2025-03-27T15:26:39.115-0500] {processor.py:925} INFO - DAG(s) 'example_skip_dag' retrieved from /home/udhbhav/miniconda3/lib/python3.11/site-packages/airflow/example_dags/example_skip_dag.py
[2025-03-27T15:26:39.123-0500] {logging_mixin.py:190} INFO - [2025-03-27T15:26:39.123-0500] {dag.py:3239} INFO - Sync 1 DAGs
[2025-03-27T15:26:39.131-0500] {logging_mixin.py:190} INFO - [2025-03-27T15:26:39.131-0500] {dag.py:4180} INFO - Setting next_dagrun for example_skip_dag to 2025-03-26 00:00:00+00:00, run_after=2025-03-27 00:00:00+00:00
[2025-03-27T15:26:39.279-0500] {processor.py:208} INFO - Processing /home/udhbhav/miniconda3/lib/python3.11/site-packages/airflow/example_dags/example_skip_dag.py took 0.172 seconds
[2025-03-27T15:27:52.589-0500] {processor.py:186} INFO - Started process (PID=1812017) to work on /home/udhbhav/miniconda3/lib/python3.11/site-packages/airflow/example_dags/example_skip_dag.py
[2025-03-27T15:27:52.590-0500] {processor.py:914} INFO - Processing file /home/udhbhav/miniconda3/lib/python3.11/site-packages/airflow/example_dags/example_skip_dag.py for tasks to queue
[2025-03-27T15:27:52.591-0500] {logging_mixin.py:190} INFO - [2025-03-27T15:27:52.590-0500] {dagbag.py:588} INFO - Filling up the DagBag from /home/udhbhav/miniconda3/lib/python3.11/site-packages/airflow/example_dags/example_skip_dag.py
[2025-03-27T15:27:52.595-0500] {processor.py:925} INFO - DAG(s) 'example_skip_dag' retrieved from /home/udhbhav/miniconda3/lib/python3.11/site-packages/airflow/example_dags/example_skip_dag.py
[2025-03-27T15:27:52.603-0500] {logging_mixin.py:190} INFO - [2025-03-27T15:27:52.603-0500] {dag.py:3239} INFO - Sync 1 DAGs
[2025-03-27T15:27:52.611-0500] {logging_mixin.py:190} INFO - [2025-03-27T15:27:52.611-0500] {dag.py:4180} INFO - Setting next_dagrun for example_skip_dag to 2025-03-26 00:00:00+00:00, run_after=2025-03-27 00:00:00+00:00
[2025-03-27T15:27:52.729-0500] {processor.py:208} INFO - Processing /home/udhbhav/miniconda3/lib/python3.11/site-packages/airflow/example_dags/example_skip_dag.py took 0.143 seconds
[2025-03-27T15:29:33.725-0500] {processor.py:186} INFO - Started process (PID=1812868) to work on /home/udhbhav/miniconda3/lib/python3.11/site-packages/airflow/example_dags/example_skip_dag.py
[2025-03-27T15:29:33.725-0500] {processor.py:914} INFO - Processing file /home/udhbhav/miniconda3/lib/python3.11/site-packages/airflow/example_dags/example_skip_dag.py for tasks to queue
[2025-03-27T15:29:33.726-0500] {logging_mixin.py:190} INFO - [2025-03-27T15:29:33.726-0500] {dagbag.py:588} INFO - Filling up the DagBag from /home/udhbhav/miniconda3/lib/python3.11/site-packages/airflow/example_dags/example_skip_dag.py
[2025-03-27T15:29:33.731-0500] {processor.py:925} INFO - DAG(s) 'example_skip_dag' retrieved from /home/udhbhav/miniconda3/lib/python3.11/site-packages/airflow/example_dags/example_skip_dag.py
[2025-03-27T15:29:33.739-0500] {logging_mixin.py:190} INFO - [2025-03-27T15:29:33.739-0500] {dag.py:3239} INFO - Sync 1 DAGs
[2025-03-27T15:29:33.747-0500] {logging_mixin.py:190} INFO - [2025-03-27T15:29:33.747-0500] {dag.py:4180} INFO - Setting next_dagrun for example_skip_dag to 2025-03-26 00:00:00+00:00, run_after=2025-03-27 00:00:00+00:00
[2025-03-27T15:29:33.933-0500] {processor.py:208} INFO - Processing /home/udhbhav/miniconda3/lib/python3.11/site-packages/airflow/example_dags/example_skip_dag.py took 0.211 seconds
[2025-03-27T15:31:27.386-0500] {processor.py:186} INFO - Started process (PID=1813893) to work on /home/udhbhav/miniconda3/lib/python3.11/site-packages/airflow/example_dags/example_skip_dag.py
[2025-03-27T15:31:27.386-0500] {processor.py:914} INFO - Processing file /home/udhbhav/miniconda3/lib/python3.11/site-packages/airflow/example_dags/example_skip_dag.py for tasks to queue
[2025-03-27T15:31:27.387-0500] {logging_mixin.py:190} INFO - [2025-03-27T15:31:27.387-0500] {dagbag.py:588} INFO - Filling up the DagBag from /home/udhbhav/miniconda3/lib/python3.11/site-packages/airflow/example_dags/example_skip_dag.py
[2025-03-27T15:31:27.391-0500] {processor.py:925} INFO - DAG(s) 'example_skip_dag' retrieved from /home/udhbhav/miniconda3/lib/python3.11/site-packages/airflow/example_dags/example_skip_dag.py
[2025-03-27T15:31:27.399-0500] {logging_mixin.py:190} INFO - [2025-03-27T15:31:27.399-0500] {dag.py:3239} INFO - Sync 1 DAGs
[2025-03-27T15:31:27.407-0500] {logging_mixin.py:190} INFO - [2025-03-27T15:31:27.407-0500] {dag.py:4180} INFO - Setting next_dagrun for example_skip_dag to 2025-03-26 00:00:00+00:00, run_after=2025-03-27 00:00:00+00:00
[2025-03-27T15:31:27.622-0500] {processor.py:208} INFO - Processing /home/udhbhav/miniconda3/lib/python3.11/site-packages/airflow/example_dags/example_skip_dag.py took 0.239 seconds
[2025-03-27T15:32:52.152-0500] {processor.py:186} INFO - Started process (PID=1814824) to work on /home/udhbhav/miniconda3/lib/python3.11/site-packages/airflow/example_dags/example_skip_dag.py
[2025-03-27T15:32:52.153-0500] {processor.py:914} INFO - Processing file /home/udhbhav/miniconda3/lib/python3.11/site-packages/airflow/example_dags/example_skip_dag.py for tasks to queue
[2025-03-27T15:32:52.154-0500] {logging_mixin.py:190} INFO - [2025-03-27T15:32:52.154-0500] {dagbag.py:588} INFO - Filling up the DagBag from /home/udhbhav/miniconda3/lib/python3.11/site-packages/airflow/example_dags/example_skip_dag.py
[2025-03-27T15:32:52.158-0500] {processor.py:925} INFO - DAG(s) 'example_skip_dag' retrieved from /home/udhbhav/miniconda3/lib/python3.11/site-packages/airflow/example_dags/example_skip_dag.py
[2025-03-27T15:32:52.166-0500] {logging_mixin.py:190} INFO - [2025-03-27T15:32:52.166-0500] {dag.py:3239} INFO - Sync 1 DAGs
[2025-03-27T15:32:52.174-0500] {logging_mixin.py:190} INFO - [2025-03-27T15:32:52.174-0500] {dag.py:4180} INFO - Setting next_dagrun for example_skip_dag to 2025-03-26 00:00:00+00:00, run_after=2025-03-27 00:00:00+00:00
[2025-03-27T15:32:52.286-0500] {processor.py:208} INFO - Processing /home/udhbhav/miniconda3/lib/python3.11/site-packages/airflow/example_dags/example_skip_dag.py took 0.136 seconds
[2025-03-27T15:34:01.212-0500] {processor.py:186} INFO - Started process (PID=1815452) to work on /home/udhbhav/miniconda3/lib/python3.11/site-packages/airflow/example_dags/example_skip_dag.py
[2025-03-27T15:34:01.212-0500] {processor.py:914} INFO - Processing file /home/udhbhav/miniconda3/lib/python3.11/site-packages/airflow/example_dags/example_skip_dag.py for tasks to queue
[2025-03-27T15:34:01.213-0500] {logging_mixin.py:190} INFO - [2025-03-27T15:34:01.213-0500] {dagbag.py:588} INFO - Filling up the DagBag from /home/udhbhav/miniconda3/lib/python3.11/site-packages/airflow/example_dags/example_skip_dag.py
[2025-03-27T15:34:01.217-0500] {processor.py:925} INFO - DAG(s) 'example_skip_dag' retrieved from /home/udhbhav/miniconda3/lib/python3.11/site-packages/airflow/example_dags/example_skip_dag.py
[2025-03-27T15:34:01.225-0500] {logging_mixin.py:190} INFO - [2025-03-27T15:34:01.225-0500] {dag.py:3239} INFO - Sync 1 DAGs
[2025-03-27T15:34:01.233-0500] {logging_mixin.py:190} INFO - [2025-03-27T15:34:01.233-0500] {dag.py:4180} INFO - Setting next_dagrun for example_skip_dag to 2025-03-26 00:00:00+00:00, run_after=2025-03-27 00:00:00+00:00
[2025-03-27T15:34:01.343-0500] {processor.py:208} INFO - Processing /home/udhbhav/miniconda3/lib/python3.11/site-packages/airflow/example_dags/example_skip_dag.py took 0.134 seconds
[2025-03-27T15:35:04.786-0500] {processor.py:186} INFO - Started process (PID=1816084) to work on /home/udhbhav/miniconda3/lib/python3.11/site-packages/airflow/example_dags/example_skip_dag.py
[2025-03-27T15:35:04.787-0500] {processor.py:914} INFO - Processing file /home/udhbhav/miniconda3/lib/python3.11/site-packages/airflow/example_dags/example_skip_dag.py for tasks to queue
[2025-03-27T15:35:04.788-0500] {logging_mixin.py:190} INFO - [2025-03-27T15:35:04.788-0500] {dagbag.py:588} INFO - Filling up the DagBag from /home/udhbhav/miniconda3/lib/python3.11/site-packages/airflow/example_dags/example_skip_dag.py
[2025-03-27T15:35:04.792-0500] {processor.py:925} INFO - DAG(s) 'example_skip_dag' retrieved from /home/udhbhav/miniconda3/lib/python3.11/site-packages/airflow/example_dags/example_skip_dag.py
[2025-03-27T15:35:04.800-0500] {logging_mixin.py:190} INFO - [2025-03-27T15:35:04.800-0500] {dag.py:3239} INFO - Sync 1 DAGs
[2025-03-27T15:35:04.808-0500] {logging_mixin.py:190} INFO - [2025-03-27T15:35:04.808-0500] {dag.py:4180} INFO - Setting next_dagrun for example_skip_dag to 2025-03-26 00:00:00+00:00, run_after=2025-03-27 00:00:00+00:00
[2025-03-27T15:35:04.913-0500] {processor.py:208} INFO - Processing /home/udhbhav/miniconda3/lib/python3.11/site-packages/airflow/example_dags/example_skip_dag.py took 0.130 seconds
[2025-03-27T15:36:28.692-0500] {processor.py:186} INFO - Started process (PID=1816853) to work on /home/udhbhav/miniconda3/lib/python3.11/site-packages/airflow/example_dags/example_skip_dag.py
[2025-03-27T15:36:28.692-0500] {processor.py:914} INFO - Processing file /home/udhbhav/miniconda3/lib/python3.11/site-packages/airflow/example_dags/example_skip_dag.py for tasks to queue
[2025-03-27T15:36:28.693-0500] {logging_mixin.py:190} INFO - [2025-03-27T15:36:28.693-0500] {dagbag.py:588} INFO - Filling up the DagBag from /home/udhbhav/miniconda3/lib/python3.11/site-packages/airflow/example_dags/example_skip_dag.py
[2025-03-27T15:36:28.698-0500] {processor.py:925} INFO - DAG(s) 'example_skip_dag' retrieved from /home/udhbhav/miniconda3/lib/python3.11/site-packages/airflow/example_dags/example_skip_dag.py
[2025-03-27T15:36:28.706-0500] {logging_mixin.py:190} INFO - [2025-03-27T15:36:28.705-0500] {dag.py:3239} INFO - Sync 1 DAGs
[2025-03-27T15:36:28.713-0500] {logging_mixin.py:190} INFO - [2025-03-27T15:36:28.713-0500] {dag.py:4180} INFO - Setting next_dagrun for example_skip_dag to 2025-03-26 00:00:00+00:00, run_after=2025-03-27 00:00:00+00:00
[2025-03-27T15:36:29.060-0500] {processor.py:208} INFO - Processing /home/udhbhav/miniconda3/lib/python3.11/site-packages/airflow/example_dags/example_skip_dag.py took 0.371 seconds
