[2025-03-27T14:26:45.361-0500] {processor.py:186} INFO - Started process (PID=1763519) to work on /home/udhbhav/miniconda3/lib/python3.11/site-packages/airflow/example_dags/example_setup_teardown.py
[2025-03-27T14:26:45.361-0500] {processor.py:914} INFO - Processing file /home/udhbhav/miniconda3/lib/python3.11/site-packages/airflow/example_dags/example_setup_teardown.py for tasks to queue
[2025-03-27T14:26:45.362-0500] {logging_mixin.py:190} INFO - [2025-03-27T14:26:45.362-0500] {dagbag.py:588} INFO - Filling up the DagBag from /home/udhbhav/miniconda3/lib/python3.11/site-packages/airflow/example_dags/example_setup_teardown.py
[2025-03-27T14:26:45.367-0500] {processor.py:925} INFO - DAG(s) 'example_setup_teardown' retrieved from /home/udhbhav/miniconda3/lib/python3.11/site-packages/airflow/example_dags/example_setup_teardown.py
[2025-03-27T14:26:46.199-0500] {logging_mixin.py:190} INFO - [2025-03-27T14:26:46.198-0500] {override.py:1912} INFO - Created Permission View: can read on DAG:example_setup_teardown
[2025-03-27T14:26:46.308-0500] {logging_mixin.py:190} INFO - [2025-03-27T14:26:46.308-0500] {override.py:1912} INFO - Created Permission View: can edit on DAG:example_setup_teardown
[2025-03-27T14:26:46.414-0500] {logging_mixin.py:190} INFO - [2025-03-27T14:26:46.414-0500] {override.py:1912} INFO - Created Permission View: can delete on DAG:example_setup_teardown
[2025-03-27T14:26:47.601-0500] {logging_mixin.py:190} INFO - [2025-03-27T14:26:47.601-0500] {override.py:1912} INFO - Created Permission View: can read on DAG Run:example_setup_teardown
[2025-03-27T14:26:48.144-0500] {logging_mixin.py:190} INFO - [2025-03-27T14:26:48.144-0500] {override.py:1912} INFO - Created Permission View: menu access on DAG Run:example_setup_teardown
[2025-03-27T14:26:48.561-0500] {logging_mixin.py:190} INFO - [2025-03-27T14:26:48.561-0500] {override.py:1912} INFO - Created Permission View: can create on DAG Run:example_setup_teardown
[2025-03-27T14:26:48.700-0500] {logging_mixin.py:190} INFO - [2025-03-27T14:26:48.700-0500] {override.py:1912} INFO - Created Permission View: can delete on DAG Run:example_setup_teardown
[2025-03-27T14:26:48.701-0500] {logging_mixin.py:190} INFO - [2025-03-27T14:26:48.701-0500] {dag.py:3239} INFO - Sync 1 DAGs
[2025-03-27T14:26:48.706-0500] {logging_mixin.py:190} INFO - [2025-03-27T14:26:48.706-0500] {dag.py:3262} INFO - Creating ORM DAG for example_setup_teardown
[2025-03-27T14:26:48.706-0500] {logging_mixin.py:190} INFO - [2025-03-27T14:26:48.706-0500] {dag.py:4180} INFO - Setting next_dagrun for example_setup_teardown to None, run_after=None
[2025-03-27T14:26:48.825-0500] {processor.py:208} INFO - Processing /home/udhbhav/miniconda3/lib/python3.11/site-packages/airflow/example_dags/example_setup_teardown.py took 3.467 seconds
[2025-03-27T14:28:38.624-0500] {processor.py:186} INFO - Started process (PID=1764423) to work on /home/udhbhav/miniconda3/lib/python3.11/site-packages/airflow/example_dags/example_setup_teardown.py
[2025-03-27T14:28:38.625-0500] {processor.py:914} INFO - Processing file /home/udhbhav/miniconda3/lib/python3.11/site-packages/airflow/example_dags/example_setup_teardown.py for tasks to queue
[2025-03-27T14:28:38.626-0500] {logging_mixin.py:190} INFO - [2025-03-27T14:28:38.626-0500] {dagbag.py:588} INFO - Filling up the DagBag from /home/udhbhav/miniconda3/lib/python3.11/site-packages/airflow/example_dags/example_setup_teardown.py
[2025-03-27T14:28:38.631-0500] {processor.py:925} INFO - DAG(s) 'example_setup_teardown' retrieved from /home/udhbhav/miniconda3/lib/python3.11/site-packages/airflow/example_dags/example_setup_teardown.py
[2025-03-27T14:28:38.639-0500] {logging_mixin.py:190} INFO - [2025-03-27T14:28:38.639-0500] {dag.py:3239} INFO - Sync 1 DAGs
[2025-03-27T14:28:38.645-0500] {logging_mixin.py:190} INFO - [2025-03-27T14:28:38.645-0500] {dag.py:4180} INFO - Setting next_dagrun for example_setup_teardown to None, run_after=None
[2025-03-27T14:28:39.295-0500] {processor.py:208} INFO - Processing /home/udhbhav/miniconda3/lib/python3.11/site-packages/airflow/example_dags/example_setup_teardown.py took 0.673 seconds
[2025-03-27T14:35:49.882-0500] {processor.py:186} INFO - Started process (PID=1768679) to work on /home/udhbhav/miniconda3/lib/python3.11/site-packages/airflow/example_dags/example_setup_teardown.py
[2025-03-27T14:35:49.882-0500] {processor.py:914} INFO - Processing file /home/udhbhav/miniconda3/lib/python3.11/site-packages/airflow/example_dags/example_setup_teardown.py for tasks to queue
[2025-03-27T14:35:49.883-0500] {logging_mixin.py:190} INFO - [2025-03-27T14:35:49.883-0500] {dagbag.py:588} INFO - Filling up the DagBag from /home/udhbhav/miniconda3/lib/python3.11/site-packages/airflow/example_dags/example_setup_teardown.py
[2025-03-27T14:35:49.888-0500] {processor.py:925} INFO - DAG(s) 'example_setup_teardown' retrieved from /home/udhbhav/miniconda3/lib/python3.11/site-packages/airflow/example_dags/example_setup_teardown.py
[2025-03-27T14:35:49.896-0500] {logging_mixin.py:190} INFO - [2025-03-27T14:35:49.896-0500] {dag.py:3239} INFO - Sync 1 DAGs
[2025-03-27T14:35:49.902-0500] {logging_mixin.py:190} INFO - [2025-03-27T14:35:49.902-0500] {dag.py:4180} INFO - Setting next_dagrun for example_setup_teardown to None, run_after=None
[2025-03-27T14:35:50.010-0500] {processor.py:208} INFO - Processing /home/udhbhav/miniconda3/lib/python3.11/site-packages/airflow/example_dags/example_setup_teardown.py took 0.130 seconds
[2025-03-27T14:37:36.323-0500] {processor.py:186} INFO - Started process (PID=1769708) to work on /home/udhbhav/miniconda3/lib/python3.11/site-packages/airflow/example_dags/example_setup_teardown.py
[2025-03-27T14:37:36.324-0500] {processor.py:914} INFO - Processing file /home/udhbhav/miniconda3/lib/python3.11/site-packages/airflow/example_dags/example_setup_teardown.py for tasks to queue
[2025-03-27T14:37:36.325-0500] {logging_mixin.py:190} INFO - [2025-03-27T14:37:36.325-0500] {dagbag.py:588} INFO - Filling up the DagBag from /home/udhbhav/miniconda3/lib/python3.11/site-packages/airflow/example_dags/example_setup_teardown.py
[2025-03-27T14:37:36.329-0500] {processor.py:925} INFO - DAG(s) 'example_setup_teardown' retrieved from /home/udhbhav/miniconda3/lib/python3.11/site-packages/airflow/example_dags/example_setup_teardown.py
[2025-03-27T14:37:36.338-0500] {logging_mixin.py:190} INFO - [2025-03-27T14:37:36.338-0500] {dag.py:3239} INFO - Sync 1 DAGs
[2025-03-27T14:37:36.397-0500] {logging_mixin.py:190} INFO - [2025-03-27T14:37:36.397-0500] {dag.py:4180} INFO - Setting next_dagrun for example_setup_teardown to None, run_after=None
[2025-03-27T14:37:36.504-0500] {processor.py:208} INFO - Processing /home/udhbhav/miniconda3/lib/python3.11/site-packages/airflow/example_dags/example_setup_teardown.py took 0.183 seconds
[2025-03-27T14:38:44.210-0500] {processor.py:186} INFO - Started process (PID=1770784) to work on /home/udhbhav/miniconda3/lib/python3.11/site-packages/airflow/example_dags/example_setup_teardown.py
[2025-03-27T14:38:44.210-0500] {processor.py:914} INFO - Processing file /home/udhbhav/miniconda3/lib/python3.11/site-packages/airflow/example_dags/example_setup_teardown.py for tasks to queue
[2025-03-27T14:38:44.212-0500] {logging_mixin.py:190} INFO - [2025-03-27T14:38:44.211-0500] {dagbag.py:588} INFO - Filling up the DagBag from /home/udhbhav/miniconda3/lib/python3.11/site-packages/airflow/example_dags/example_setup_teardown.py
[2025-03-27T14:38:44.216-0500] {processor.py:925} INFO - DAG(s) 'example_setup_teardown' retrieved from /home/udhbhav/miniconda3/lib/python3.11/site-packages/airflow/example_dags/example_setup_teardown.py
[2025-03-27T14:38:44.223-0500] {logging_mixin.py:190} INFO - [2025-03-27T14:38:44.223-0500] {dag.py:3239} INFO - Sync 1 DAGs
[2025-03-27T14:38:44.228-0500] {logging_mixin.py:190} INFO - [2025-03-27T14:38:44.228-0500] {dag.py:4180} INFO - Setting next_dagrun for example_setup_teardown to None, run_after=None
[2025-03-27T14:38:44.336-0500] {processor.py:208} INFO - Processing /home/udhbhav/miniconda3/lib/python3.11/site-packages/airflow/example_dags/example_setup_teardown.py took 0.129 seconds
[2025-03-27T14:40:02.216-0500] {processor.py:186} INFO - Started process (PID=1771476) to work on /home/udhbhav/miniconda3/lib/python3.11/site-packages/airflow/example_dags/example_setup_teardown.py
[2025-03-27T14:40:02.217-0500] {processor.py:914} INFO - Processing file /home/udhbhav/miniconda3/lib/python3.11/site-packages/airflow/example_dags/example_setup_teardown.py for tasks to queue
[2025-03-27T14:40:02.218-0500] {logging_mixin.py:190} INFO - [2025-03-27T14:40:02.217-0500] {dagbag.py:588} INFO - Filling up the DagBag from /home/udhbhav/miniconda3/lib/python3.11/site-packages/airflow/example_dags/example_setup_teardown.py
[2025-03-27T14:40:02.222-0500] {processor.py:925} INFO - DAG(s) 'example_setup_teardown' retrieved from /home/udhbhav/miniconda3/lib/python3.11/site-packages/airflow/example_dags/example_setup_teardown.py
[2025-03-27T14:40:02.229-0500] {logging_mixin.py:190} INFO - [2025-03-27T14:40:02.229-0500] {dag.py:3239} INFO - Sync 1 DAGs
[2025-03-27T14:40:02.235-0500] {logging_mixin.py:190} INFO - [2025-03-27T14:40:02.234-0500] {dag.py:4180} INFO - Setting next_dagrun for example_setup_teardown to None, run_after=None
[2025-03-27T14:40:02.339-0500] {processor.py:208} INFO - Processing /home/udhbhav/miniconda3/lib/python3.11/site-packages/airflow/example_dags/example_setup_teardown.py took 0.126 seconds
[2025-03-27T14:41:28.113-0500] {processor.py:186} INFO - Started process (PID=1772553) to work on /home/udhbhav/miniconda3/lib/python3.11/site-packages/airflow/example_dags/example_setup_teardown.py
[2025-03-27T14:41:28.113-0500] {processor.py:914} INFO - Processing file /home/udhbhav/miniconda3/lib/python3.11/site-packages/airflow/example_dags/example_setup_teardown.py for tasks to queue
[2025-03-27T14:41:28.114-0500] {logging_mixin.py:190} INFO - [2025-03-27T14:41:28.114-0500] {dagbag.py:588} INFO - Filling up the DagBag from /home/udhbhav/miniconda3/lib/python3.11/site-packages/airflow/example_dags/example_setup_teardown.py
[2025-03-27T14:41:28.119-0500] {processor.py:925} INFO - DAG(s) 'example_setup_teardown' retrieved from /home/udhbhav/miniconda3/lib/python3.11/site-packages/airflow/example_dags/example_setup_teardown.py
[2025-03-27T14:41:28.126-0500] {logging_mixin.py:190} INFO - [2025-03-27T14:41:28.126-0500] {dag.py:3239} INFO - Sync 1 DAGs
[2025-03-27T14:41:28.131-0500] {logging_mixin.py:190} INFO - [2025-03-27T14:41:28.131-0500] {dag.py:4180} INFO - Setting next_dagrun for example_setup_teardown to None, run_after=None
[2025-03-27T14:41:28.236-0500] {processor.py:208} INFO - Processing /home/udhbhav/miniconda3/lib/python3.11/site-packages/airflow/example_dags/example_setup_teardown.py took 0.126 seconds
[2025-03-27T14:42:44.664-0500] {processor.py:186} INFO - Started process (PID=1773451) to work on /home/udhbhav/miniconda3/lib/python3.11/site-packages/airflow/example_dags/example_setup_teardown.py
[2025-03-27T14:42:44.665-0500] {processor.py:914} INFO - Processing file /home/udhbhav/miniconda3/lib/python3.11/site-packages/airflow/example_dags/example_setup_teardown.py for tasks to queue
[2025-03-27T14:42:44.666-0500] {logging_mixin.py:190} INFO - [2025-03-27T14:42:44.666-0500] {dagbag.py:588} INFO - Filling up the DagBag from /home/udhbhav/miniconda3/lib/python3.11/site-packages/airflow/example_dags/example_setup_teardown.py
[2025-03-27T14:42:44.670-0500] {processor.py:925} INFO - DAG(s) 'example_setup_teardown' retrieved from /home/udhbhav/miniconda3/lib/python3.11/site-packages/airflow/example_dags/example_setup_teardown.py
[2025-03-27T14:42:44.678-0500] {logging_mixin.py:190} INFO - [2025-03-27T14:42:44.677-0500] {dag.py:3239} INFO - Sync 1 DAGs
[2025-03-27T14:42:44.683-0500] {logging_mixin.py:190} INFO - [2025-03-27T14:42:44.683-0500] {dag.py:4180} INFO - Setting next_dagrun for example_setup_teardown to None, run_after=None
[2025-03-27T14:42:44.789-0500] {processor.py:208} INFO - Processing /home/udhbhav/miniconda3/lib/python3.11/site-packages/airflow/example_dags/example_setup_teardown.py took 0.127 seconds
[2025-03-27T14:44:11.013-0500] {processor.py:186} INFO - Started process (PID=1774346) to work on /home/udhbhav/miniconda3/lib/python3.11/site-packages/airflow/example_dags/example_setup_teardown.py
[2025-03-27T14:44:11.014-0500] {processor.py:914} INFO - Processing file /home/udhbhav/miniconda3/lib/python3.11/site-packages/airflow/example_dags/example_setup_teardown.py for tasks to queue
[2025-03-27T14:44:11.015-0500] {logging_mixin.py:190} INFO - [2025-03-27T14:44:11.015-0500] {dagbag.py:588} INFO - Filling up the DagBag from /home/udhbhav/miniconda3/lib/python3.11/site-packages/airflow/example_dags/example_setup_teardown.py
[2025-03-27T14:44:11.019-0500] {processor.py:925} INFO - DAG(s) 'example_setup_teardown' retrieved from /home/udhbhav/miniconda3/lib/python3.11/site-packages/airflow/example_dags/example_setup_teardown.py
[2025-03-27T14:44:11.027-0500] {logging_mixin.py:190} INFO - [2025-03-27T14:44:11.027-0500] {dag.py:3239} INFO - Sync 1 DAGs
[2025-03-27T14:44:11.032-0500] {logging_mixin.py:190} INFO - [2025-03-27T14:44:11.032-0500] {dag.py:4180} INFO - Setting next_dagrun for example_setup_teardown to None, run_after=None
[2025-03-27T14:44:11.137-0500] {processor.py:208} INFO - Processing /home/udhbhav/miniconda3/lib/python3.11/site-packages/airflow/example_dags/example_setup_teardown.py took 0.127 seconds
[2025-03-27T14:45:15.809-0500] {processor.py:186} INFO - Started process (PID=1774992) to work on /home/udhbhav/miniconda3/lib/python3.11/site-packages/airflow/example_dags/example_setup_teardown.py
[2025-03-27T14:45:15.810-0500] {processor.py:914} INFO - Processing file /home/udhbhav/miniconda3/lib/python3.11/site-packages/airflow/example_dags/example_setup_teardown.py for tasks to queue
[2025-03-27T14:45:15.811-0500] {logging_mixin.py:190} INFO - [2025-03-27T14:45:15.810-0500] {dagbag.py:588} INFO - Filling up the DagBag from /home/udhbhav/miniconda3/lib/python3.11/site-packages/airflow/example_dags/example_setup_teardown.py
[2025-03-27T14:45:15.815-0500] {processor.py:925} INFO - DAG(s) 'example_setup_teardown' retrieved from /home/udhbhav/miniconda3/lib/python3.11/site-packages/airflow/example_dags/example_setup_teardown.py
[2025-03-27T14:45:15.822-0500] {logging_mixin.py:190} INFO - [2025-03-27T14:45:15.822-0500] {dag.py:3239} INFO - Sync 1 DAGs
[2025-03-27T14:45:15.828-0500] {logging_mixin.py:190} INFO - [2025-03-27T14:45:15.827-0500] {dag.py:4180} INFO - Setting next_dagrun for example_setup_teardown to None, run_after=None
[2025-03-27T14:45:15.936-0500] {processor.py:208} INFO - Processing /home/udhbhav/miniconda3/lib/python3.11/site-packages/airflow/example_dags/example_setup_teardown.py took 0.130 seconds
[2025-03-27T14:46:52.924-0500] {processor.py:186} INFO - Started process (PID=1775991) to work on /home/udhbhav/miniconda3/lib/python3.11/site-packages/airflow/example_dags/example_setup_teardown.py
[2025-03-27T14:46:52.924-0500] {processor.py:914} INFO - Processing file /home/udhbhav/miniconda3/lib/python3.11/site-packages/airflow/example_dags/example_setup_teardown.py for tasks to queue
[2025-03-27T14:46:52.925-0500] {logging_mixin.py:190} INFO - [2025-03-27T14:46:52.925-0500] {dagbag.py:588} INFO - Filling up the DagBag from /home/udhbhav/miniconda3/lib/python3.11/site-packages/airflow/example_dags/example_setup_teardown.py
[2025-03-27T14:46:52.930-0500] {processor.py:925} INFO - DAG(s) 'example_setup_teardown' retrieved from /home/udhbhav/miniconda3/lib/python3.11/site-packages/airflow/example_dags/example_setup_teardown.py
[2025-03-27T14:46:52.937-0500] {logging_mixin.py:190} INFO - [2025-03-27T14:46:52.937-0500] {dag.py:3239} INFO - Sync 1 DAGs
[2025-03-27T14:46:52.942-0500] {logging_mixin.py:190} INFO - [2025-03-27T14:46:52.942-0500] {dag.py:4180} INFO - Setting next_dagrun for example_setup_teardown to None, run_after=None
[2025-03-27T14:46:53.049-0500] {processor.py:208} INFO - Processing /home/udhbhav/miniconda3/lib/python3.11/site-packages/airflow/example_dags/example_setup_teardown.py took 0.128 seconds
[2025-03-27T14:48:07.796-0500] {processor.py:186} INFO - Started process (PID=1776637) to work on /home/udhbhav/miniconda3/lib/python3.11/site-packages/airflow/example_dags/example_setup_teardown.py
[2025-03-27T14:48:07.796-0500] {processor.py:914} INFO - Processing file /home/udhbhav/miniconda3/lib/python3.11/site-packages/airflow/example_dags/example_setup_teardown.py for tasks to queue
[2025-03-27T14:48:07.797-0500] {logging_mixin.py:190} INFO - [2025-03-27T14:48:07.797-0500] {dagbag.py:588} INFO - Filling up the DagBag from /home/udhbhav/miniconda3/lib/python3.11/site-packages/airflow/example_dags/example_setup_teardown.py
[2025-03-27T14:48:07.802-0500] {processor.py:925} INFO - DAG(s) 'example_setup_teardown' retrieved from /home/udhbhav/miniconda3/lib/python3.11/site-packages/airflow/example_dags/example_setup_teardown.py
[2025-03-27T14:48:07.809-0500] {logging_mixin.py:190} INFO - [2025-03-27T14:48:07.809-0500] {dag.py:3239} INFO - Sync 1 DAGs
[2025-03-27T14:48:07.815-0500] {logging_mixin.py:190} INFO - [2025-03-27T14:48:07.814-0500] {dag.py:4180} INFO - Setting next_dagrun for example_setup_teardown to None, run_after=None
[2025-03-27T14:48:07.996-0500] {processor.py:208} INFO - Processing /home/udhbhav/miniconda3/lib/python3.11/site-packages/airflow/example_dags/example_setup_teardown.py took 0.203 seconds
[2025-03-27T14:49:29.788-0500] {processor.py:186} INFO - Started process (PID=1777384) to work on /home/udhbhav/miniconda3/lib/python3.11/site-packages/airflow/example_dags/example_setup_teardown.py
[2025-03-27T14:49:29.788-0500] {processor.py:914} INFO - Processing file /home/udhbhav/miniconda3/lib/python3.11/site-packages/airflow/example_dags/example_setup_teardown.py for tasks to queue
[2025-03-27T14:49:29.789-0500] {logging_mixin.py:190} INFO - [2025-03-27T14:49:29.789-0500] {dagbag.py:588} INFO - Filling up the DagBag from /home/udhbhav/miniconda3/lib/python3.11/site-packages/airflow/example_dags/example_setup_teardown.py
[2025-03-27T14:49:29.793-0500] {processor.py:925} INFO - DAG(s) 'example_setup_teardown' retrieved from /home/udhbhav/miniconda3/lib/python3.11/site-packages/airflow/example_dags/example_setup_teardown.py
[2025-03-27T14:49:29.801-0500] {logging_mixin.py:190} INFO - [2025-03-27T14:49:29.801-0500] {dag.py:3239} INFO - Sync 1 DAGs
[2025-03-27T14:49:29.806-0500] {logging_mixin.py:190} INFO - [2025-03-27T14:49:29.806-0500] {dag.py:4180} INFO - Setting next_dagrun for example_setup_teardown to None, run_after=None
[2025-03-27T14:49:29.911-0500] {processor.py:208} INFO - Processing /home/udhbhav/miniconda3/lib/python3.11/site-packages/airflow/example_dags/example_setup_teardown.py took 0.127 seconds
[2025-03-27T14:50:53.782-0500] {processor.py:186} INFO - Started process (PID=1779256) to work on /home/udhbhav/miniconda3/lib/python3.11/site-packages/airflow/example_dags/example_setup_teardown.py
[2025-03-27T14:50:53.783-0500] {processor.py:914} INFO - Processing file /home/udhbhav/miniconda3/lib/python3.11/site-packages/airflow/example_dags/example_setup_teardown.py for tasks to queue
[2025-03-27T14:50:53.784-0500] {logging_mixin.py:190} INFO - [2025-03-27T14:50:53.783-0500] {dagbag.py:588} INFO - Filling up the DagBag from /home/udhbhav/miniconda3/lib/python3.11/site-packages/airflow/example_dags/example_setup_teardown.py
[2025-03-27T14:50:53.788-0500] {processor.py:925} INFO - DAG(s) 'example_setup_teardown' retrieved from /home/udhbhav/miniconda3/lib/python3.11/site-packages/airflow/example_dags/example_setup_teardown.py
[2025-03-27T14:50:53.796-0500] {logging_mixin.py:190} INFO - [2025-03-27T14:50:53.796-0500] {dag.py:3239} INFO - Sync 1 DAGs
[2025-03-27T14:50:53.801-0500] {logging_mixin.py:190} INFO - [2025-03-27T14:50:53.801-0500] {dag.py:4180} INFO - Setting next_dagrun for example_setup_teardown to None, run_after=None
[2025-03-27T14:50:53.905-0500] {processor.py:208} INFO - Processing /home/udhbhav/miniconda3/lib/python3.11/site-packages/airflow/example_dags/example_setup_teardown.py took 0.126 seconds
[2025-03-27T14:51:57.928-0500] {processor.py:186} INFO - Started process (PID=1783773) to work on /home/udhbhav/miniconda3/lib/python3.11/site-packages/airflow/example_dags/example_setup_teardown.py
[2025-03-27T14:51:57.928-0500] {processor.py:914} INFO - Processing file /home/udhbhav/miniconda3/lib/python3.11/site-packages/airflow/example_dags/example_setup_teardown.py for tasks to queue
[2025-03-27T14:51:57.929-0500] {logging_mixin.py:190} INFO - [2025-03-27T14:51:57.929-0500] {dagbag.py:588} INFO - Filling up the DagBag from /home/udhbhav/miniconda3/lib/python3.11/site-packages/airflow/example_dags/example_setup_teardown.py
[2025-03-27T14:51:57.934-0500] {processor.py:925} INFO - DAG(s) 'example_setup_teardown' retrieved from /home/udhbhav/miniconda3/lib/python3.11/site-packages/airflow/example_dags/example_setup_teardown.py
[2025-03-27T14:51:57.941-0500] {logging_mixin.py:190} INFO - [2025-03-27T14:51:57.941-0500] {dag.py:3239} INFO - Sync 1 DAGs
[2025-03-27T14:51:57.946-0500] {logging_mixin.py:190} INFO - [2025-03-27T14:51:57.946-0500] {dag.py:4180} INFO - Setting next_dagrun for example_setup_teardown to None, run_after=None
[2025-03-27T14:51:58.053-0500] {processor.py:208} INFO - Processing /home/udhbhav/miniconda3/lib/python3.11/site-packages/airflow/example_dags/example_setup_teardown.py took 0.128 seconds
[2025-03-27T14:53:09.724-0500] {processor.py:186} INFO - Started process (PID=1784452) to work on /home/udhbhav/miniconda3/lib/python3.11/site-packages/airflow/example_dags/example_setup_teardown.py
[2025-03-27T14:53:09.724-0500] {processor.py:914} INFO - Processing file /home/udhbhav/miniconda3/lib/python3.11/site-packages/airflow/example_dags/example_setup_teardown.py for tasks to queue
[2025-03-27T14:53:09.725-0500] {logging_mixin.py:190} INFO - [2025-03-27T14:53:09.725-0500] {dagbag.py:588} INFO - Filling up the DagBag from /home/udhbhav/miniconda3/lib/python3.11/site-packages/airflow/example_dags/example_setup_teardown.py
[2025-03-27T14:53:09.729-0500] {processor.py:925} INFO - DAG(s) 'example_setup_teardown' retrieved from /home/udhbhav/miniconda3/lib/python3.11/site-packages/airflow/example_dags/example_setup_teardown.py
[2025-03-27T14:53:09.737-0500] {logging_mixin.py:190} INFO - [2025-03-27T14:53:09.737-0500] {dag.py:3239} INFO - Sync 1 DAGs
[2025-03-27T14:53:09.742-0500] {logging_mixin.py:190} INFO - [2025-03-27T14:53:09.742-0500] {dag.py:4180} INFO - Setting next_dagrun for example_setup_teardown to None, run_after=None
[2025-03-27T14:53:09.850-0500] {processor.py:208} INFO - Processing /home/udhbhav/miniconda3/lib/python3.11/site-packages/airflow/example_dags/example_setup_teardown.py took 0.129 seconds
[2025-03-27T14:54:17.316-0500] {processor.py:186} INFO - Started process (PID=1785076) to work on /home/udhbhav/miniconda3/lib/python3.11/site-packages/airflow/example_dags/example_setup_teardown.py
[2025-03-27T14:54:17.316-0500] {processor.py:914} INFO - Processing file /home/udhbhav/miniconda3/lib/python3.11/site-packages/airflow/example_dags/example_setup_teardown.py for tasks to queue
[2025-03-27T14:54:17.318-0500] {logging_mixin.py:190} INFO - [2025-03-27T14:54:17.318-0500] {dagbag.py:588} INFO - Filling up the DagBag from /home/udhbhav/miniconda3/lib/python3.11/site-packages/airflow/example_dags/example_setup_teardown.py
[2025-03-27T14:54:17.322-0500] {processor.py:925} INFO - DAG(s) 'example_setup_teardown' retrieved from /home/udhbhav/miniconda3/lib/python3.11/site-packages/airflow/example_dags/example_setup_teardown.py
[2025-03-27T14:54:17.330-0500] {logging_mixin.py:190} INFO - [2025-03-27T14:54:17.330-0500] {dag.py:3239} INFO - Sync 1 DAGs
[2025-03-27T14:54:17.335-0500] {logging_mixin.py:190} INFO - [2025-03-27T14:54:17.335-0500] {dag.py:4180} INFO - Setting next_dagrun for example_setup_teardown to None, run_after=None
[2025-03-27T14:54:17.442-0500] {processor.py:208} INFO - Processing /home/udhbhav/miniconda3/lib/python3.11/site-packages/airflow/example_dags/example_setup_teardown.py took 0.129 seconds
[2025-03-27T14:55:19.180-0500] {processor.py:186} INFO - Started process (PID=1785692) to work on /home/udhbhav/miniconda3/lib/python3.11/site-packages/airflow/example_dags/example_setup_teardown.py
[2025-03-27T14:55:19.181-0500] {processor.py:914} INFO - Processing file /home/udhbhav/miniconda3/lib/python3.11/site-packages/airflow/example_dags/example_setup_teardown.py for tasks to queue
[2025-03-27T14:55:19.182-0500] {logging_mixin.py:190} INFO - [2025-03-27T14:55:19.181-0500] {dagbag.py:588} INFO - Filling up the DagBag from /home/udhbhav/miniconda3/lib/python3.11/site-packages/airflow/example_dags/example_setup_teardown.py
[2025-03-27T14:55:19.186-0500] {processor.py:925} INFO - DAG(s) 'example_setup_teardown' retrieved from /home/udhbhav/miniconda3/lib/python3.11/site-packages/airflow/example_dags/example_setup_teardown.py
[2025-03-27T14:55:19.194-0500] {logging_mixin.py:190} INFO - [2025-03-27T14:55:19.193-0500] {dag.py:3239} INFO - Sync 1 DAGs
[2025-03-27T14:55:19.199-0500] {logging_mixin.py:190} INFO - [2025-03-27T14:55:19.199-0500] {dag.py:4180} INFO - Setting next_dagrun for example_setup_teardown to None, run_after=None
[2025-03-27T14:55:19.307-0500] {processor.py:208} INFO - Processing /home/udhbhav/miniconda3/lib/python3.11/site-packages/airflow/example_dags/example_setup_teardown.py took 0.130 seconds
[2025-03-27T14:56:36.893-0500] {processor.py:186} INFO - Started process (PID=1786525) to work on /home/udhbhav/miniconda3/lib/python3.11/site-packages/airflow/example_dags/example_setup_teardown.py
[2025-03-27T14:56:36.893-0500] {processor.py:914} INFO - Processing file /home/udhbhav/miniconda3/lib/python3.11/site-packages/airflow/example_dags/example_setup_teardown.py for tasks to queue
[2025-03-27T14:56:36.894-0500] {logging_mixin.py:190} INFO - [2025-03-27T14:56:36.894-0500] {dagbag.py:588} INFO - Filling up the DagBag from /home/udhbhav/miniconda3/lib/python3.11/site-packages/airflow/example_dags/example_setup_teardown.py
[2025-03-27T14:56:36.899-0500] {processor.py:925} INFO - DAG(s) 'example_setup_teardown' retrieved from /home/udhbhav/miniconda3/lib/python3.11/site-packages/airflow/example_dags/example_setup_teardown.py
[2025-03-27T14:56:36.906-0500] {logging_mixin.py:190} INFO - [2025-03-27T14:56:36.906-0500] {dag.py:3239} INFO - Sync 1 DAGs
[2025-03-27T14:56:36.911-0500] {logging_mixin.py:190} INFO - [2025-03-27T14:56:36.911-0500] {dag.py:4180} INFO - Setting next_dagrun for example_setup_teardown to None, run_after=None
[2025-03-27T14:56:37.063-0500] {processor.py:208} INFO - Processing /home/udhbhav/miniconda3/lib/python3.11/site-packages/airflow/example_dags/example_setup_teardown.py took 0.174 seconds
[2025-03-27T14:57:55.655-0500] {processor.py:186} INFO - Started process (PID=1787406) to work on /home/udhbhav/miniconda3/lib/python3.11/site-packages/airflow/example_dags/example_setup_teardown.py
[2025-03-27T14:57:55.655-0500] {processor.py:914} INFO - Processing file /home/udhbhav/miniconda3/lib/python3.11/site-packages/airflow/example_dags/example_setup_teardown.py for tasks to queue
[2025-03-27T14:57:55.656-0500] {logging_mixin.py:190} INFO - [2025-03-27T14:57:55.656-0500] {dagbag.py:588} INFO - Filling up the DagBag from /home/udhbhav/miniconda3/lib/python3.11/site-packages/airflow/example_dags/example_setup_teardown.py
[2025-03-27T14:57:55.661-0500] {processor.py:925} INFO - DAG(s) 'example_setup_teardown' retrieved from /home/udhbhav/miniconda3/lib/python3.11/site-packages/airflow/example_dags/example_setup_teardown.py
[2025-03-27T14:57:55.668-0500] {logging_mixin.py:190} INFO - [2025-03-27T14:57:55.668-0500] {dag.py:3239} INFO - Sync 1 DAGs
[2025-03-27T14:57:55.673-0500] {logging_mixin.py:190} INFO - [2025-03-27T14:57:55.673-0500] {dag.py:4180} INFO - Setting next_dagrun for example_setup_teardown to None, run_after=None
[2025-03-27T14:57:55.834-0500] {processor.py:208} INFO - Processing /home/udhbhav/miniconda3/lib/python3.11/site-packages/airflow/example_dags/example_setup_teardown.py took 0.182 seconds
[2025-03-27T14:59:16.172-0500] {processor.py:186} INFO - Started process (PID=1788189) to work on /home/udhbhav/miniconda3/lib/python3.11/site-packages/airflow/example_dags/example_setup_teardown.py
[2025-03-27T14:59:16.172-0500] {processor.py:914} INFO - Processing file /home/udhbhav/miniconda3/lib/python3.11/site-packages/airflow/example_dags/example_setup_teardown.py for tasks to queue
[2025-03-27T14:59:16.173-0500] {logging_mixin.py:190} INFO - [2025-03-27T14:59:16.173-0500] {dagbag.py:588} INFO - Filling up the DagBag from /home/udhbhav/miniconda3/lib/python3.11/site-packages/airflow/example_dags/example_setup_teardown.py
[2025-03-27T14:59:16.178-0500] {processor.py:925} INFO - DAG(s) 'example_setup_teardown' retrieved from /home/udhbhav/miniconda3/lib/python3.11/site-packages/airflow/example_dags/example_setup_teardown.py
[2025-03-27T14:59:16.185-0500] {logging_mixin.py:190} INFO - [2025-03-27T14:59:16.185-0500] {dag.py:3239} INFO - Sync 1 DAGs
[2025-03-27T14:59:16.191-0500] {logging_mixin.py:190} INFO - [2025-03-27T14:59:16.191-0500] {dag.py:4180} INFO - Setting next_dagrun for example_setup_teardown to None, run_after=None
[2025-03-27T14:59:17.037-0500] {processor.py:208} INFO - Processing /home/udhbhav/miniconda3/lib/python3.11/site-packages/airflow/example_dags/example_setup_teardown.py took 0.868 seconds
[2025-03-27T15:00:44.008-0500] {processor.py:186} INFO - Started process (PID=1789279) to work on /home/udhbhav/miniconda3/lib/python3.11/site-packages/airflow/example_dags/example_setup_teardown.py
[2025-03-27T15:00:44.008-0500] {processor.py:914} INFO - Processing file /home/udhbhav/miniconda3/lib/python3.11/site-packages/airflow/example_dags/example_setup_teardown.py for tasks to queue
[2025-03-27T15:00:44.009-0500] {logging_mixin.py:190} INFO - [2025-03-27T15:00:44.009-0500] {dagbag.py:588} INFO - Filling up the DagBag from /home/udhbhav/miniconda3/lib/python3.11/site-packages/airflow/example_dags/example_setup_teardown.py
[2025-03-27T15:00:44.014-0500] {processor.py:925} INFO - DAG(s) 'example_setup_teardown' retrieved from /home/udhbhav/miniconda3/lib/python3.11/site-packages/airflow/example_dags/example_setup_teardown.py
[2025-03-27T15:00:44.022-0500] {logging_mixin.py:190} INFO - [2025-03-27T15:00:44.022-0500] {dag.py:3239} INFO - Sync 1 DAGs
[2025-03-27T15:00:44.027-0500] {logging_mixin.py:190} INFO - [2025-03-27T15:00:44.027-0500] {dag.py:4180} INFO - Setting next_dagrun for example_setup_teardown to None, run_after=None
[2025-03-27T15:00:44.135-0500] {processor.py:208} INFO - Processing /home/udhbhav/miniconda3/lib/python3.11/site-packages/airflow/example_dags/example_setup_teardown.py took 0.130 seconds
[2025-03-27T15:01:45.265-0500] {processor.py:186} INFO - Started process (PID=1789965) to work on /home/udhbhav/miniconda3/lib/python3.11/site-packages/airflow/example_dags/example_setup_teardown.py
[2025-03-27T15:01:45.266-0500] {processor.py:914} INFO - Processing file /home/udhbhav/miniconda3/lib/python3.11/site-packages/airflow/example_dags/example_setup_teardown.py for tasks to queue
[2025-03-27T15:01:45.267-0500] {logging_mixin.py:190} INFO - [2025-03-27T15:01:45.266-0500] {dagbag.py:588} INFO - Filling up the DagBag from /home/udhbhav/miniconda3/lib/python3.11/site-packages/airflow/example_dags/example_setup_teardown.py
[2025-03-27T15:01:45.272-0500] {processor.py:925} INFO - DAG(s) 'example_setup_teardown' retrieved from /home/udhbhav/miniconda3/lib/python3.11/site-packages/airflow/example_dags/example_setup_teardown.py
[2025-03-27T15:01:45.279-0500] {logging_mixin.py:190} INFO - [2025-03-27T15:01:45.279-0500] {dag.py:3239} INFO - Sync 1 DAGs
[2025-03-27T15:01:45.285-0500] {logging_mixin.py:190} INFO - [2025-03-27T15:01:45.285-0500] {dag.py:4180} INFO - Setting next_dagrun for example_setup_teardown to None, run_after=None
[2025-03-27T15:01:45.390-0500] {processor.py:208} INFO - Processing /home/udhbhav/miniconda3/lib/python3.11/site-packages/airflow/example_dags/example_setup_teardown.py took 0.128 seconds
[2025-03-27T15:02:55.135-0500] {processor.py:186} INFO - Started process (PID=1790723) to work on /home/udhbhav/miniconda3/lib/python3.11/site-packages/airflow/example_dags/example_setup_teardown.py
[2025-03-27T15:02:55.136-0500] {processor.py:914} INFO - Processing file /home/udhbhav/miniconda3/lib/python3.11/site-packages/airflow/example_dags/example_setup_teardown.py for tasks to queue
[2025-03-27T15:02:55.137-0500] {logging_mixin.py:190} INFO - [2025-03-27T15:02:55.136-0500] {dagbag.py:588} INFO - Filling up the DagBag from /home/udhbhav/miniconda3/lib/python3.11/site-packages/airflow/example_dags/example_setup_teardown.py
[2025-03-27T15:02:55.141-0500] {processor.py:925} INFO - DAG(s) 'example_setup_teardown' retrieved from /home/udhbhav/miniconda3/lib/python3.11/site-packages/airflow/example_dags/example_setup_teardown.py
[2025-03-27T15:02:55.149-0500] {logging_mixin.py:190} INFO - [2025-03-27T15:02:55.149-0500] {dag.py:3239} INFO - Sync 1 DAGs
[2025-03-27T15:02:55.154-0500] {logging_mixin.py:190} INFO - [2025-03-27T15:02:55.154-0500] {dag.py:4180} INFO - Setting next_dagrun for example_setup_teardown to None, run_after=None
[2025-03-27T15:02:56.025-0500] {processor.py:208} INFO - Processing /home/udhbhav/miniconda3/lib/python3.11/site-packages/airflow/example_dags/example_setup_teardown.py took 0.893 seconds
[2025-03-27T15:04:11.717-0500] {processor.py:186} INFO - Started process (PID=1791345) to work on /home/udhbhav/miniconda3/lib/python3.11/site-packages/airflow/example_dags/example_setup_teardown.py
[2025-03-27T15:04:11.717-0500] {processor.py:914} INFO - Processing file /home/udhbhav/miniconda3/lib/python3.11/site-packages/airflow/example_dags/example_setup_teardown.py for tasks to queue
[2025-03-27T15:04:11.718-0500] {logging_mixin.py:190} INFO - [2025-03-27T15:04:11.718-0500] {dagbag.py:588} INFO - Filling up the DagBag from /home/udhbhav/miniconda3/lib/python3.11/site-packages/airflow/example_dags/example_setup_teardown.py
[2025-03-27T15:04:11.725-0500] {processor.py:925} INFO - DAG(s) 'example_setup_teardown' retrieved from /home/udhbhav/miniconda3/lib/python3.11/site-packages/airflow/example_dags/example_setup_teardown.py
[2025-03-27T15:04:11.732-0500] {logging_mixin.py:190} INFO - [2025-03-27T15:04:11.732-0500] {dag.py:3239} INFO - Sync 1 DAGs
[2025-03-27T15:04:11.738-0500] {logging_mixin.py:190} INFO - [2025-03-27T15:04:11.738-0500] {dag.py:4180} INFO - Setting next_dagrun for example_setup_teardown to None, run_after=None
[2025-03-27T15:04:11.926-0500] {processor.py:208} INFO - Processing /home/udhbhav/miniconda3/lib/python3.11/site-packages/airflow/example_dags/example_setup_teardown.py took 0.212 seconds
[2025-03-27T15:05:28.248-0500] {processor.py:186} INFO - Started process (PID=1792119) to work on /home/udhbhav/miniconda3/lib/python3.11/site-packages/airflow/example_dags/example_setup_teardown.py
[2025-03-27T15:05:28.248-0500] {processor.py:914} INFO - Processing file /home/udhbhav/miniconda3/lib/python3.11/site-packages/airflow/example_dags/example_setup_teardown.py for tasks to queue
[2025-03-27T15:05:28.249-0500] {logging_mixin.py:190} INFO - [2025-03-27T15:05:28.249-0500] {dagbag.py:588} INFO - Filling up the DagBag from /home/udhbhav/miniconda3/lib/python3.11/site-packages/airflow/example_dags/example_setup_teardown.py
[2025-03-27T15:05:28.254-0500] {processor.py:925} INFO - DAG(s) 'example_setup_teardown' retrieved from /home/udhbhav/miniconda3/lib/python3.11/site-packages/airflow/example_dags/example_setup_teardown.py
[2025-03-27T15:05:28.261-0500] {logging_mixin.py:190} INFO - [2025-03-27T15:05:28.261-0500] {dag.py:3239} INFO - Sync 1 DAGs
[2025-03-27T15:05:28.266-0500] {logging_mixin.py:190} INFO - [2025-03-27T15:05:28.266-0500] {dag.py:4180} INFO - Setting next_dagrun for example_setup_teardown to None, run_after=None
[2025-03-27T15:05:28.418-0500] {processor.py:208} INFO - Processing /home/udhbhav/miniconda3/lib/python3.11/site-packages/airflow/example_dags/example_setup_teardown.py took 0.173 seconds
[2025-03-27T15:07:02.012-0500] {processor.py:186} INFO - Started process (PID=1793044) to work on /home/udhbhav/miniconda3/lib/python3.11/site-packages/airflow/example_dags/example_setup_teardown.py
[2025-03-27T15:07:02.012-0500] {processor.py:914} INFO - Processing file /home/udhbhav/miniconda3/lib/python3.11/site-packages/airflow/example_dags/example_setup_teardown.py for tasks to queue
[2025-03-27T15:07:02.013-0500] {logging_mixin.py:190} INFO - [2025-03-27T15:07:02.013-0500] {dagbag.py:588} INFO - Filling up the DagBag from /home/udhbhav/miniconda3/lib/python3.11/site-packages/airflow/example_dags/example_setup_teardown.py
[2025-03-27T15:07:02.018-0500] {processor.py:925} INFO - DAG(s) 'example_setup_teardown' retrieved from /home/udhbhav/miniconda3/lib/python3.11/site-packages/airflow/example_dags/example_setup_teardown.py
[2025-03-27T15:07:02.025-0500] {logging_mixin.py:190} INFO - [2025-03-27T15:07:02.025-0500] {dag.py:3239} INFO - Sync 1 DAGs
[2025-03-27T15:07:02.031-0500] {logging_mixin.py:190} INFO - [2025-03-27T15:07:02.031-0500] {dag.py:4180} INFO - Setting next_dagrun for example_setup_teardown to None, run_after=None
[2025-03-27T15:07:02.182-0500] {processor.py:208} INFO - Processing /home/udhbhav/miniconda3/lib/python3.11/site-packages/airflow/example_dags/example_setup_teardown.py took 0.173 seconds
[2025-03-27T15:08:08.912-0500] {processor.py:186} INFO - Started process (PID=1793749) to work on /home/udhbhav/miniconda3/lib/python3.11/site-packages/airflow/example_dags/example_setup_teardown.py
[2025-03-27T15:08:08.912-0500] {processor.py:914} INFO - Processing file /home/udhbhav/miniconda3/lib/python3.11/site-packages/airflow/example_dags/example_setup_teardown.py for tasks to queue
[2025-03-27T15:08:08.913-0500] {logging_mixin.py:190} INFO - [2025-03-27T15:08:08.913-0500] {dagbag.py:588} INFO - Filling up the DagBag from /home/udhbhav/miniconda3/lib/python3.11/site-packages/airflow/example_dags/example_setup_teardown.py
[2025-03-27T15:08:08.918-0500] {processor.py:925} INFO - DAG(s) 'example_setup_teardown' retrieved from /home/udhbhav/miniconda3/lib/python3.11/site-packages/airflow/example_dags/example_setup_teardown.py
[2025-03-27T15:08:08.925-0500] {logging_mixin.py:190} INFO - [2025-03-27T15:08:08.925-0500] {dag.py:3239} INFO - Sync 1 DAGs
[2025-03-27T15:08:08.930-0500] {logging_mixin.py:190} INFO - [2025-03-27T15:08:08.930-0500] {dag.py:4180} INFO - Setting next_dagrun for example_setup_teardown to None, run_after=None
[2025-03-27T15:08:09.036-0500] {processor.py:208} INFO - Processing /home/udhbhav/miniconda3/lib/python3.11/site-packages/airflow/example_dags/example_setup_teardown.py took 0.127 seconds
[2025-03-27T15:09:11.540-0500] {processor.py:186} INFO - Started process (PID=1794355) to work on /home/udhbhav/miniconda3/lib/python3.11/site-packages/airflow/example_dags/example_setup_teardown.py
[2025-03-27T15:09:11.540-0500] {processor.py:914} INFO - Processing file /home/udhbhav/miniconda3/lib/python3.11/site-packages/airflow/example_dags/example_setup_teardown.py for tasks to queue
[2025-03-27T15:09:11.541-0500] {logging_mixin.py:190} INFO - [2025-03-27T15:09:11.541-0500] {dagbag.py:588} INFO - Filling up the DagBag from /home/udhbhav/miniconda3/lib/python3.11/site-packages/airflow/example_dags/example_setup_teardown.py
[2025-03-27T15:09:11.546-0500] {processor.py:925} INFO - DAG(s) 'example_setup_teardown' retrieved from /home/udhbhav/miniconda3/lib/python3.11/site-packages/airflow/example_dags/example_setup_teardown.py
[2025-03-27T15:09:11.553-0500] {logging_mixin.py:190} INFO - [2025-03-27T15:09:11.553-0500] {dag.py:3239} INFO - Sync 1 DAGs
[2025-03-27T15:09:11.558-0500] {logging_mixin.py:190} INFO - [2025-03-27T15:09:11.558-0500] {dag.py:4180} INFO - Setting next_dagrun for example_setup_teardown to None, run_after=None
[2025-03-27T15:09:11.666-0500] {processor.py:208} INFO - Processing /home/udhbhav/miniconda3/lib/python3.11/site-packages/airflow/example_dags/example_setup_teardown.py took 0.129 seconds
[2025-03-27T15:10:28.979-0500] {processor.py:186} INFO - Started process (PID=1795082) to work on /home/udhbhav/miniconda3/lib/python3.11/site-packages/airflow/example_dags/example_setup_teardown.py
[2025-03-27T15:10:28.980-0500] {processor.py:914} INFO - Processing file /home/udhbhav/miniconda3/lib/python3.11/site-packages/airflow/example_dags/example_setup_teardown.py for tasks to queue
[2025-03-27T15:10:28.981-0500] {logging_mixin.py:190} INFO - [2025-03-27T15:10:28.981-0500] {dagbag.py:588} INFO - Filling up the DagBag from /home/udhbhav/miniconda3/lib/python3.11/site-packages/airflow/example_dags/example_setup_teardown.py
[2025-03-27T15:10:28.986-0500] {processor.py:925} INFO - DAG(s) 'example_setup_teardown' retrieved from /home/udhbhav/miniconda3/lib/python3.11/site-packages/airflow/example_dags/example_setup_teardown.py
[2025-03-27T15:10:28.994-0500] {logging_mixin.py:190} INFO - [2025-03-27T15:10:28.993-0500] {dag.py:3239} INFO - Sync 1 DAGs
[2025-03-27T15:10:28.999-0500] {logging_mixin.py:190} INFO - [2025-03-27T15:10:28.999-0500] {dag.py:4180} INFO - Setting next_dagrun for example_setup_teardown to None, run_after=None
[2025-03-27T15:10:29.106-0500] {processor.py:208} INFO - Processing /home/udhbhav/miniconda3/lib/python3.11/site-packages/airflow/example_dags/example_setup_teardown.py took 0.130 seconds
[2025-03-27T15:11:34.516-0500] {processor.py:186} INFO - Started process (PID=1796812) to work on /home/udhbhav/miniconda3/lib/python3.11/site-packages/airflow/example_dags/example_setup_teardown.py
[2025-03-27T15:11:34.517-0500] {processor.py:914} INFO - Processing file /home/udhbhav/miniconda3/lib/python3.11/site-packages/airflow/example_dags/example_setup_teardown.py for tasks to queue
[2025-03-27T15:11:34.518-0500] {logging_mixin.py:190} INFO - [2025-03-27T15:11:34.518-0500] {dagbag.py:588} INFO - Filling up the DagBag from /home/udhbhav/miniconda3/lib/python3.11/site-packages/airflow/example_dags/example_setup_teardown.py
[2025-03-27T15:11:34.522-0500] {processor.py:925} INFO - DAG(s) 'example_setup_teardown' retrieved from /home/udhbhav/miniconda3/lib/python3.11/site-packages/airflow/example_dags/example_setup_teardown.py
[2025-03-27T15:11:34.530-0500] {logging_mixin.py:190} INFO - [2025-03-27T15:11:34.530-0500] {dag.py:3239} INFO - Sync 1 DAGs
[2025-03-27T15:11:34.535-0500] {logging_mixin.py:190} INFO - [2025-03-27T15:11:34.535-0500] {dag.py:4180} INFO - Setting next_dagrun for example_setup_teardown to None, run_after=None
[2025-03-27T15:11:34.642-0500] {processor.py:208} INFO - Processing /home/udhbhav/miniconda3/lib/python3.11/site-packages/airflow/example_dags/example_setup_teardown.py took 0.129 seconds
[2025-03-27T15:12:45.422-0500] {processor.py:186} INFO - Started process (PID=1798136) to work on /home/udhbhav/miniconda3/lib/python3.11/site-packages/airflow/example_dags/example_setup_teardown.py
[2025-03-27T15:12:45.422-0500] {processor.py:914} INFO - Processing file /home/udhbhav/miniconda3/lib/python3.11/site-packages/airflow/example_dags/example_setup_teardown.py for tasks to queue
[2025-03-27T15:12:45.423-0500] {logging_mixin.py:190} INFO - [2025-03-27T15:12:45.423-0500] {dagbag.py:588} INFO - Filling up the DagBag from /home/udhbhav/miniconda3/lib/python3.11/site-packages/airflow/example_dags/example_setup_teardown.py
[2025-03-27T15:12:45.428-0500] {processor.py:925} INFO - DAG(s) 'example_setup_teardown' retrieved from /home/udhbhav/miniconda3/lib/python3.11/site-packages/airflow/example_dags/example_setup_teardown.py
[2025-03-27T15:12:45.435-0500] {logging_mixin.py:190} INFO - [2025-03-27T15:12:45.435-0500] {dag.py:3239} INFO - Sync 1 DAGs
[2025-03-27T15:12:45.440-0500] {logging_mixin.py:190} INFO - [2025-03-27T15:12:45.440-0500] {dag.py:4180} INFO - Setting next_dagrun for example_setup_teardown to None, run_after=None
[2025-03-27T15:12:45.659-0500] {processor.py:208} INFO - Processing /home/udhbhav/miniconda3/lib/python3.11/site-packages/airflow/example_dags/example_setup_teardown.py took 0.240 seconds
[2025-03-27T15:14:04.654-0500] {processor.py:186} INFO - Started process (PID=1798860) to work on /home/udhbhav/miniconda3/lib/python3.11/site-packages/airflow/example_dags/example_setup_teardown.py
[2025-03-27T15:14:04.654-0500] {processor.py:914} INFO - Processing file /home/udhbhav/miniconda3/lib/python3.11/site-packages/airflow/example_dags/example_setup_teardown.py for tasks to queue
[2025-03-27T15:14:04.655-0500] {logging_mixin.py:190} INFO - [2025-03-27T15:14:04.655-0500] {dagbag.py:588} INFO - Filling up the DagBag from /home/udhbhav/miniconda3/lib/python3.11/site-packages/airflow/example_dags/example_setup_teardown.py
[2025-03-27T15:14:04.659-0500] {processor.py:925} INFO - DAG(s) 'example_setup_teardown' retrieved from /home/udhbhav/miniconda3/lib/python3.11/site-packages/airflow/example_dags/example_setup_teardown.py
[2025-03-27T15:14:04.667-0500] {logging_mixin.py:190} INFO - [2025-03-27T15:14:04.667-0500] {dag.py:3239} INFO - Sync 1 DAGs
[2025-03-27T15:14:04.672-0500] {logging_mixin.py:190} INFO - [2025-03-27T15:14:04.672-0500] {dag.py:4180} INFO - Setting next_dagrun for example_setup_teardown to None, run_after=None
[2025-03-27T15:14:04.806-0500] {processor.py:208} INFO - Processing /home/udhbhav/miniconda3/lib/python3.11/site-packages/airflow/example_dags/example_setup_teardown.py took 0.155 seconds
[2025-03-27T15:15:21.139-0500] {processor.py:186} INFO - Started process (PID=1799591) to work on /home/udhbhav/miniconda3/lib/python3.11/site-packages/airflow/example_dags/example_setup_teardown.py
[2025-03-27T15:15:21.140-0500] {processor.py:914} INFO - Processing file /home/udhbhav/miniconda3/lib/python3.11/site-packages/airflow/example_dags/example_setup_teardown.py for tasks to queue
[2025-03-27T15:15:21.141-0500] {logging_mixin.py:190} INFO - [2025-03-27T15:15:21.140-0500] {dagbag.py:588} INFO - Filling up the DagBag from /home/udhbhav/miniconda3/lib/python3.11/site-packages/airflow/example_dags/example_setup_teardown.py
[2025-03-27T15:15:21.145-0500] {processor.py:925} INFO - DAG(s) 'example_setup_teardown' retrieved from /home/udhbhav/miniconda3/lib/python3.11/site-packages/airflow/example_dags/example_setup_teardown.py
[2025-03-27T15:15:21.152-0500] {logging_mixin.py:190} INFO - [2025-03-27T15:15:21.152-0500] {dag.py:3239} INFO - Sync 1 DAGs
[2025-03-27T15:15:21.157-0500] {logging_mixin.py:190} INFO - [2025-03-27T15:15:21.157-0500] {dag.py:4180} INFO - Setting next_dagrun for example_setup_teardown to None, run_after=None
[2025-03-27T15:15:21.305-0500] {processor.py:208} INFO - Processing /home/udhbhav/miniconda3/lib/python3.11/site-packages/airflow/example_dags/example_setup_teardown.py took 0.168 seconds
[2025-03-27T15:16:44.789-0500] {processor.py:186} INFO - Started process (PID=1800488) to work on /home/udhbhav/miniconda3/lib/python3.11/site-packages/airflow/example_dags/example_setup_teardown.py
[2025-03-27T15:16:44.790-0500] {processor.py:914} INFO - Processing file /home/udhbhav/miniconda3/lib/python3.11/site-packages/airflow/example_dags/example_setup_teardown.py for tasks to queue
[2025-03-27T15:16:44.791-0500] {logging_mixin.py:190} INFO - [2025-03-27T15:16:44.791-0500] {dagbag.py:588} INFO - Filling up the DagBag from /home/udhbhav/miniconda3/lib/python3.11/site-packages/airflow/example_dags/example_setup_teardown.py
[2025-03-27T15:16:44.796-0500] {processor.py:925} INFO - DAG(s) 'example_setup_teardown' retrieved from /home/udhbhav/miniconda3/lib/python3.11/site-packages/airflow/example_dags/example_setup_teardown.py
[2025-03-27T15:16:44.804-0500] {logging_mixin.py:190} INFO - [2025-03-27T15:16:44.804-0500] {dag.py:3239} INFO - Sync 1 DAGs
[2025-03-27T15:16:44.809-0500] {logging_mixin.py:190} INFO - [2025-03-27T15:16:44.809-0500] {dag.py:4180} INFO - Setting next_dagrun for example_setup_teardown to None, run_after=None
[2025-03-27T15:16:44.958-0500] {processor.py:208} INFO - Processing /home/udhbhav/miniconda3/lib/python3.11/site-packages/airflow/example_dags/example_setup_teardown.py took 0.171 seconds
[2025-03-27T15:17:53.606-0500] {processor.py:186} INFO - Started process (PID=1801175) to work on /home/udhbhav/miniconda3/lib/python3.11/site-packages/airflow/example_dags/example_setup_teardown.py
[2025-03-27T15:17:53.606-0500] {processor.py:914} INFO - Processing file /home/udhbhav/miniconda3/lib/python3.11/site-packages/airflow/example_dags/example_setup_teardown.py for tasks to queue
[2025-03-27T15:17:53.607-0500] {logging_mixin.py:190} INFO - [2025-03-27T15:17:53.607-0500] {dagbag.py:588} INFO - Filling up the DagBag from /home/udhbhav/miniconda3/lib/python3.11/site-packages/airflow/example_dags/example_setup_teardown.py
[2025-03-27T15:17:53.612-0500] {processor.py:925} INFO - DAG(s) 'example_setup_teardown' retrieved from /home/udhbhav/miniconda3/lib/python3.11/site-packages/airflow/example_dags/example_setup_teardown.py
[2025-03-27T15:17:53.619-0500] {logging_mixin.py:190} INFO - [2025-03-27T15:17:53.619-0500] {dag.py:3239} INFO - Sync 1 DAGs
[2025-03-27T15:17:53.625-0500] {logging_mixin.py:190} INFO - [2025-03-27T15:17:53.625-0500] {dag.py:4180} INFO - Setting next_dagrun for example_setup_teardown to None, run_after=None
[2025-03-27T15:17:53.734-0500] {processor.py:208} INFO - Processing /home/udhbhav/miniconda3/lib/python3.11/site-packages/airflow/example_dags/example_setup_teardown.py took 0.130 seconds
[2025-03-27T15:18:59.736-0500] {processor.py:186} INFO - Started process (PID=1801774) to work on /home/udhbhav/miniconda3/lib/python3.11/site-packages/airflow/example_dags/example_setup_teardown.py
[2025-03-27T15:18:59.736-0500] {processor.py:914} INFO - Processing file /home/udhbhav/miniconda3/lib/python3.11/site-packages/airflow/example_dags/example_setup_teardown.py for tasks to queue
[2025-03-27T15:18:59.737-0500] {logging_mixin.py:190} INFO - [2025-03-27T15:18:59.737-0500] {dagbag.py:588} INFO - Filling up the DagBag from /home/udhbhav/miniconda3/lib/python3.11/site-packages/airflow/example_dags/example_setup_teardown.py
[2025-03-27T15:18:59.742-0500] {processor.py:925} INFO - DAG(s) 'example_setup_teardown' retrieved from /home/udhbhav/miniconda3/lib/python3.11/site-packages/airflow/example_dags/example_setup_teardown.py
[2025-03-27T15:18:59.749-0500] {logging_mixin.py:190} INFO - [2025-03-27T15:18:59.749-0500] {dag.py:3239} INFO - Sync 1 DAGs
[2025-03-27T15:18:59.754-0500] {logging_mixin.py:190} INFO - [2025-03-27T15:18:59.754-0500] {dag.py:4180} INFO - Setting next_dagrun for example_setup_teardown to None, run_after=None
[2025-03-27T15:18:59.861-0500] {processor.py:208} INFO - Processing /home/udhbhav/miniconda3/lib/python3.11/site-packages/airflow/example_dags/example_setup_teardown.py took 0.128 seconds
[2025-03-27T15:20:11.697-0500] {processor.py:186} INFO - Started process (PID=1802465) to work on /home/udhbhav/miniconda3/lib/python3.11/site-packages/airflow/example_dags/example_setup_teardown.py
[2025-03-27T15:20:11.697-0500] {processor.py:914} INFO - Processing file /home/udhbhav/miniconda3/lib/python3.11/site-packages/airflow/example_dags/example_setup_teardown.py for tasks to queue
[2025-03-27T15:20:11.698-0500] {logging_mixin.py:190} INFO - [2025-03-27T15:20:11.698-0500] {dagbag.py:588} INFO - Filling up the DagBag from /home/udhbhav/miniconda3/lib/python3.11/site-packages/airflow/example_dags/example_setup_teardown.py
[2025-03-27T15:20:11.703-0500] {processor.py:925} INFO - DAG(s) 'example_setup_teardown' retrieved from /home/udhbhav/miniconda3/lib/python3.11/site-packages/airflow/example_dags/example_setup_teardown.py
[2025-03-27T15:20:11.710-0500] {logging_mixin.py:190} INFO - [2025-03-27T15:20:11.710-0500] {dag.py:3239} INFO - Sync 1 DAGs
[2025-03-27T15:20:11.715-0500] {logging_mixin.py:190} INFO - [2025-03-27T15:20:11.715-0500] {dag.py:4180} INFO - Setting next_dagrun for example_setup_teardown to None, run_after=None
[2025-03-27T15:20:11.824-0500] {processor.py:208} INFO - Processing /home/udhbhav/miniconda3/lib/python3.11/site-packages/airflow/example_dags/example_setup_teardown.py took 0.130 seconds
[2025-03-27T15:21:17.632-0500] {processor.py:186} INFO - Started process (PID=1807933) to work on /home/udhbhav/miniconda3/lib/python3.11/site-packages/airflow/example_dags/example_setup_teardown.py
[2025-03-27T15:21:17.633-0500] {processor.py:914} INFO - Processing file /home/udhbhav/miniconda3/lib/python3.11/site-packages/airflow/example_dags/example_setup_teardown.py for tasks to queue
[2025-03-27T15:21:17.634-0500] {logging_mixin.py:190} INFO - [2025-03-27T15:21:17.633-0500] {dagbag.py:588} INFO - Filling up the DagBag from /home/udhbhav/miniconda3/lib/python3.11/site-packages/airflow/example_dags/example_setup_teardown.py
[2025-03-27T15:21:17.638-0500] {processor.py:925} INFO - DAG(s) 'example_setup_teardown' retrieved from /home/udhbhav/miniconda3/lib/python3.11/site-packages/airflow/example_dags/example_setup_teardown.py
[2025-03-27T15:21:17.646-0500] {logging_mixin.py:190} INFO - [2025-03-27T15:21:17.646-0500] {dag.py:3239} INFO - Sync 1 DAGs
[2025-03-27T15:21:17.651-0500] {logging_mixin.py:190} INFO - [2025-03-27T15:21:17.651-0500] {dag.py:4180} INFO - Setting next_dagrun for example_setup_teardown to None, run_after=None
[2025-03-27T15:21:17.758-0500] {processor.py:208} INFO - Processing /home/udhbhav/miniconda3/lib/python3.11/site-packages/airflow/example_dags/example_setup_teardown.py took 0.129 seconds
[2025-03-27T15:22:31.991-0500] {processor.py:186} INFO - Started process (PID=1808706) to work on /home/udhbhav/miniconda3/lib/python3.11/site-packages/airflow/example_dags/example_setup_teardown.py
[2025-03-27T15:22:31.991-0500] {processor.py:914} INFO - Processing file /home/udhbhav/miniconda3/lib/python3.11/site-packages/airflow/example_dags/example_setup_teardown.py for tasks to queue
[2025-03-27T15:22:31.992-0500] {logging_mixin.py:190} INFO - [2025-03-27T15:22:31.992-0500] {dagbag.py:588} INFO - Filling up the DagBag from /home/udhbhav/miniconda3/lib/python3.11/site-packages/airflow/example_dags/example_setup_teardown.py
[2025-03-27T15:22:31.997-0500] {processor.py:925} INFO - DAG(s) 'example_setup_teardown' retrieved from /home/udhbhav/miniconda3/lib/python3.11/site-packages/airflow/example_dags/example_setup_teardown.py
[2025-03-27T15:22:32.004-0500] {logging_mixin.py:190} INFO - [2025-03-27T15:22:32.004-0500] {dag.py:3239} INFO - Sync 1 DAGs
[2025-03-27T15:22:32.010-0500] {logging_mixin.py:190} INFO - [2025-03-27T15:22:32.009-0500] {dag.py:4180} INFO - Setting next_dagrun for example_setup_teardown to None, run_after=None
[2025-03-27T15:22:32.118-0500] {processor.py:208} INFO - Processing /home/udhbhav/miniconda3/lib/python3.11/site-packages/airflow/example_dags/example_setup_teardown.py took 0.130 seconds
[2025-03-27T15:23:47.483-0500] {processor.py:186} INFO - Started process (PID=1809535) to work on /home/udhbhav/miniconda3/lib/python3.11/site-packages/airflow/example_dags/example_setup_teardown.py
[2025-03-27T15:23:47.483-0500] {processor.py:914} INFO - Processing file /home/udhbhav/miniconda3/lib/python3.11/site-packages/airflow/example_dags/example_setup_teardown.py for tasks to queue
[2025-03-27T15:23:47.485-0500] {logging_mixin.py:190} INFO - [2025-03-27T15:23:47.485-0500] {dagbag.py:588} INFO - Filling up the DagBag from /home/udhbhav/miniconda3/lib/python3.11/site-packages/airflow/example_dags/example_setup_teardown.py
[2025-03-27T15:23:47.489-0500] {processor.py:925} INFO - DAG(s) 'example_setup_teardown' retrieved from /home/udhbhav/miniconda3/lib/python3.11/site-packages/airflow/example_dags/example_setup_teardown.py
[2025-03-27T15:23:47.497-0500] {logging_mixin.py:190} INFO - [2025-03-27T15:23:47.497-0500] {dag.py:3239} INFO - Sync 1 DAGs
[2025-03-27T15:23:47.502-0500] {logging_mixin.py:190} INFO - [2025-03-27T15:23:47.502-0500] {dag.py:4180} INFO - Setting next_dagrun for example_setup_teardown to None, run_after=None
[2025-03-27T15:23:47.602-0500] {processor.py:208} INFO - Processing /home/udhbhav/miniconda3/lib/python3.11/site-packages/airflow/example_dags/example_setup_teardown.py took 0.121 seconds
[2025-03-27T15:24:56.029-0500] {processor.py:186} INFO - Started process (PID=1810289) to work on /home/udhbhav/miniconda3/lib/python3.11/site-packages/airflow/example_dags/example_setup_teardown.py
[2025-03-27T15:24:56.029-0500] {processor.py:914} INFO - Processing file /home/udhbhav/miniconda3/lib/python3.11/site-packages/airflow/example_dags/example_setup_teardown.py for tasks to queue
[2025-03-27T15:24:56.031-0500] {logging_mixin.py:190} INFO - [2025-03-27T15:24:56.030-0500] {dagbag.py:588} INFO - Filling up the DagBag from /home/udhbhav/miniconda3/lib/python3.11/site-packages/airflow/example_dags/example_setup_teardown.py
[2025-03-27T15:24:56.035-0500] {processor.py:925} INFO - DAG(s) 'example_setup_teardown' retrieved from /home/udhbhav/miniconda3/lib/python3.11/site-packages/airflow/example_dags/example_setup_teardown.py
[2025-03-27T15:24:56.043-0500] {logging_mixin.py:190} INFO - [2025-03-27T15:24:56.043-0500] {dag.py:3239} INFO - Sync 1 DAGs
[2025-03-27T15:24:56.048-0500] {logging_mixin.py:190} INFO - [2025-03-27T15:24:56.048-0500] {dag.py:4180} INFO - Setting next_dagrun for example_setup_teardown to None, run_after=None
[2025-03-27T15:24:56.211-0500] {processor.py:208} INFO - Processing /home/udhbhav/miniconda3/lib/python3.11/site-packages/airflow/example_dags/example_setup_teardown.py took 0.186 seconds
[2025-03-27T15:26:34.077-0500] {processor.py:186} INFO - Started process (PID=1811179) to work on /home/udhbhav/miniconda3/lib/python3.11/site-packages/airflow/example_dags/example_setup_teardown.py
[2025-03-27T15:26:34.077-0500] {processor.py:914} INFO - Processing file /home/udhbhav/miniconda3/lib/python3.11/site-packages/airflow/example_dags/example_setup_teardown.py for tasks to queue
[2025-03-27T15:26:34.078-0500] {logging_mixin.py:190} INFO - [2025-03-27T15:26:34.078-0500] {dagbag.py:588} INFO - Filling up the DagBag from /home/udhbhav/miniconda3/lib/python3.11/site-packages/airflow/example_dags/example_setup_teardown.py
[2025-03-27T15:26:34.083-0500] {processor.py:925} INFO - DAG(s) 'example_setup_teardown' retrieved from /home/udhbhav/miniconda3/lib/python3.11/site-packages/airflow/example_dags/example_setup_teardown.py
[2025-03-27T15:26:34.090-0500] {logging_mixin.py:190} INFO - [2025-03-27T15:26:34.090-0500] {dag.py:3239} INFO - Sync 1 DAGs
[2025-03-27T15:26:34.096-0500] {logging_mixin.py:190} INFO - [2025-03-27T15:26:34.096-0500] {dag.py:4180} INFO - Setting next_dagrun for example_setup_teardown to None, run_after=None
[2025-03-27T15:26:34.269-0500] {processor.py:208} INFO - Processing /home/udhbhav/miniconda3/lib/python3.11/site-packages/airflow/example_dags/example_setup_teardown.py took 0.196 seconds
[2025-03-27T15:27:47.854-0500] {processor.py:186} INFO - Started process (PID=1811977) to work on /home/udhbhav/miniconda3/lib/python3.11/site-packages/airflow/example_dags/example_setup_teardown.py
[2025-03-27T15:27:47.854-0500] {processor.py:914} INFO - Processing file /home/udhbhav/miniconda3/lib/python3.11/site-packages/airflow/example_dags/example_setup_teardown.py for tasks to queue
[2025-03-27T15:27:47.855-0500] {logging_mixin.py:190} INFO - [2025-03-27T15:27:47.855-0500] {dagbag.py:588} INFO - Filling up the DagBag from /home/udhbhav/miniconda3/lib/python3.11/site-packages/airflow/example_dags/example_setup_teardown.py
[2025-03-27T15:27:47.860-0500] {processor.py:925} INFO - DAG(s) 'example_setup_teardown' retrieved from /home/udhbhav/miniconda3/lib/python3.11/site-packages/airflow/example_dags/example_setup_teardown.py
[2025-03-27T15:27:47.867-0500] {logging_mixin.py:190} INFO - [2025-03-27T15:27:47.867-0500] {dag.py:3239} INFO - Sync 1 DAGs
[2025-03-27T15:27:47.873-0500] {logging_mixin.py:190} INFO - [2025-03-27T15:27:47.873-0500] {dag.py:4180} INFO - Setting next_dagrun for example_setup_teardown to None, run_after=None
[2025-03-27T15:27:47.977-0500] {processor.py:208} INFO - Processing /home/udhbhav/miniconda3/lib/python3.11/site-packages/airflow/example_dags/example_setup_teardown.py took 0.126 seconds
[2025-03-27T15:29:28.245-0500] {processor.py:186} INFO - Started process (PID=1812816) to work on /home/udhbhav/miniconda3/lib/python3.11/site-packages/airflow/example_dags/example_setup_teardown.py
[2025-03-27T15:29:28.246-0500] {processor.py:914} INFO - Processing file /home/udhbhav/miniconda3/lib/python3.11/site-packages/airflow/example_dags/example_setup_teardown.py for tasks to queue
[2025-03-27T15:29:28.246-0500] {logging_mixin.py:190} INFO - [2025-03-27T15:29:28.246-0500] {dagbag.py:588} INFO - Filling up the DagBag from /home/udhbhav/miniconda3/lib/python3.11/site-packages/airflow/example_dags/example_setup_teardown.py
[2025-03-27T15:29:28.251-0500] {processor.py:925} INFO - DAG(s) 'example_setup_teardown' retrieved from /home/udhbhav/miniconda3/lib/python3.11/site-packages/airflow/example_dags/example_setup_teardown.py
[2025-03-27T15:29:28.258-0500] {logging_mixin.py:190} INFO - [2025-03-27T15:29:28.258-0500] {dag.py:3239} INFO - Sync 1 DAGs
[2025-03-27T15:29:28.263-0500] {logging_mixin.py:190} INFO - [2025-03-27T15:29:28.263-0500] {dag.py:4180} INFO - Setting next_dagrun for example_setup_teardown to None, run_after=None
[2025-03-27T15:29:28.410-0500] {processor.py:208} INFO - Processing /home/udhbhav/miniconda3/lib/python3.11/site-packages/airflow/example_dags/example_setup_teardown.py took 0.168 seconds
[2025-03-27T15:31:20.945-0500] {processor.py:186} INFO - Started process (PID=1813835) to work on /home/udhbhav/miniconda3/lib/python3.11/site-packages/airflow/example_dags/example_setup_teardown.py
[2025-03-27T15:31:20.945-0500] {processor.py:914} INFO - Processing file /home/udhbhav/miniconda3/lib/python3.11/site-packages/airflow/example_dags/example_setup_teardown.py for tasks to queue
[2025-03-27T15:31:20.946-0500] {logging_mixin.py:190} INFO - [2025-03-27T15:31:20.946-0500] {dagbag.py:588} INFO - Filling up the DagBag from /home/udhbhav/miniconda3/lib/python3.11/site-packages/airflow/example_dags/example_setup_teardown.py
[2025-03-27T15:31:20.951-0500] {processor.py:925} INFO - DAG(s) 'example_setup_teardown' retrieved from /home/udhbhav/miniconda3/lib/python3.11/site-packages/airflow/example_dags/example_setup_teardown.py
[2025-03-27T15:31:20.958-0500] {logging_mixin.py:190} INFO - [2025-03-27T15:31:20.958-0500] {dag.py:3239} INFO - Sync 1 DAGs
[2025-03-27T15:31:20.963-0500] {logging_mixin.py:190} INFO - [2025-03-27T15:31:20.963-0500] {dag.py:4180} INFO - Setting next_dagrun for example_setup_teardown to None, run_after=None
[2025-03-27T15:31:21.351-0500] {processor.py:208} INFO - Processing /home/udhbhav/miniconda3/lib/python3.11/site-packages/airflow/example_dags/example_setup_teardown.py took 0.409 seconds
[2025-03-27T15:32:47.145-0500] {processor.py:186} INFO - Started process (PID=1814779) to work on /home/udhbhav/miniconda3/lib/python3.11/site-packages/airflow/example_dags/example_setup_teardown.py
[2025-03-27T15:32:47.145-0500] {processor.py:914} INFO - Processing file /home/udhbhav/miniconda3/lib/python3.11/site-packages/airflow/example_dags/example_setup_teardown.py for tasks to queue
[2025-03-27T15:32:47.146-0500] {logging_mixin.py:190} INFO - [2025-03-27T15:32:47.146-0500] {dagbag.py:588} INFO - Filling up the DagBag from /home/udhbhav/miniconda3/lib/python3.11/site-packages/airflow/example_dags/example_setup_teardown.py
[2025-03-27T15:32:47.151-0500] {processor.py:925} INFO - DAG(s) 'example_setup_teardown' retrieved from /home/udhbhav/miniconda3/lib/python3.11/site-packages/airflow/example_dags/example_setup_teardown.py
[2025-03-27T15:32:47.158-0500] {logging_mixin.py:190} INFO - [2025-03-27T15:32:47.158-0500] {dag.py:3239} INFO - Sync 1 DAGs
[2025-03-27T15:32:47.163-0500] {logging_mixin.py:190} INFO - [2025-03-27T15:32:47.163-0500] {dag.py:4180} INFO - Setting next_dagrun for example_setup_teardown to None, run_after=None
[2025-03-27T15:32:47.286-0500] {processor.py:208} INFO - Processing /home/udhbhav/miniconda3/lib/python3.11/site-packages/airflow/example_dags/example_setup_teardown.py took 0.144 seconds
[2025-03-27T15:33:56.998-0500] {processor.py:186} INFO - Started process (PID=1815438) to work on /home/udhbhav/miniconda3/lib/python3.11/site-packages/airflow/example_dags/example_setup_teardown.py
[2025-03-27T15:33:56.998-0500] {processor.py:914} INFO - Processing file /home/udhbhav/miniconda3/lib/python3.11/site-packages/airflow/example_dags/example_setup_teardown.py for tasks to queue
[2025-03-27T15:33:56.999-0500] {logging_mixin.py:190} INFO - [2025-03-27T15:33:56.999-0500] {dagbag.py:588} INFO - Filling up the DagBag from /home/udhbhav/miniconda3/lib/python3.11/site-packages/airflow/example_dags/example_setup_teardown.py
[2025-03-27T15:33:57.004-0500] {processor.py:925} INFO - DAG(s) 'example_setup_teardown' retrieved from /home/udhbhav/miniconda3/lib/python3.11/site-packages/airflow/example_dags/example_setup_teardown.py
[2025-03-27T15:33:57.011-0500] {logging_mixin.py:190} INFO - [2025-03-27T15:33:57.011-0500] {dag.py:3239} INFO - Sync 1 DAGs
[2025-03-27T15:33:57.016-0500] {logging_mixin.py:190} INFO - [2025-03-27T15:33:57.016-0500] {dag.py:4180} INFO - Setting next_dagrun for example_setup_teardown to None, run_after=None
[2025-03-27T15:33:57.125-0500] {processor.py:208} INFO - Processing /home/udhbhav/miniconda3/lib/python3.11/site-packages/airflow/example_dags/example_setup_teardown.py took 0.130 seconds
[2025-03-27T15:34:59.783-0500] {processor.py:186} INFO - Started process (PID=1816062) to work on /home/udhbhav/miniconda3/lib/python3.11/site-packages/airflow/example_dags/example_setup_teardown.py
[2025-03-27T15:34:59.783-0500] {processor.py:914} INFO - Processing file /home/udhbhav/miniconda3/lib/python3.11/site-packages/airflow/example_dags/example_setup_teardown.py for tasks to queue
[2025-03-27T15:34:59.784-0500] {logging_mixin.py:190} INFO - [2025-03-27T15:34:59.784-0500] {dagbag.py:588} INFO - Filling up the DagBag from /home/udhbhav/miniconda3/lib/python3.11/site-packages/airflow/example_dags/example_setup_teardown.py
[2025-03-27T15:34:59.789-0500] {processor.py:925} INFO - DAG(s) 'example_setup_teardown' retrieved from /home/udhbhav/miniconda3/lib/python3.11/site-packages/airflow/example_dags/example_setup_teardown.py
[2025-03-27T15:34:59.796-0500] {logging_mixin.py:190} INFO - [2025-03-27T15:34:59.796-0500] {dag.py:3239} INFO - Sync 1 DAGs
[2025-03-27T15:34:59.802-0500] {logging_mixin.py:190} INFO - [2025-03-27T15:34:59.801-0500] {dag.py:4180} INFO - Setting next_dagrun for example_setup_teardown to None, run_after=None
[2025-03-27T15:34:59.908-0500] {processor.py:208} INFO - Processing /home/udhbhav/miniconda3/lib/python3.11/site-packages/airflow/example_dags/example_setup_teardown.py took 0.128 seconds
[2025-03-27T15:36:23.812-0500] {processor.py:186} INFO - Started process (PID=1816811) to work on /home/udhbhav/miniconda3/lib/python3.11/site-packages/airflow/example_dags/example_setup_teardown.py
[2025-03-27T15:36:23.812-0500] {processor.py:914} INFO - Processing file /home/udhbhav/miniconda3/lib/python3.11/site-packages/airflow/example_dags/example_setup_teardown.py for tasks to queue
[2025-03-27T15:36:23.813-0500] {logging_mixin.py:190} INFO - [2025-03-27T15:36:23.813-0500] {dagbag.py:588} INFO - Filling up the DagBag from /home/udhbhav/miniconda3/lib/python3.11/site-packages/airflow/example_dags/example_setup_teardown.py
[2025-03-27T15:36:23.817-0500] {processor.py:925} INFO - DAG(s) 'example_setup_teardown' retrieved from /home/udhbhav/miniconda3/lib/python3.11/site-packages/airflow/example_dags/example_setup_teardown.py
[2025-03-27T15:36:23.825-0500] {logging_mixin.py:190} INFO - [2025-03-27T15:36:23.825-0500] {dag.py:3239} INFO - Sync 1 DAGs
[2025-03-27T15:36:23.830-0500] {logging_mixin.py:190} INFO - [2025-03-27T15:36:23.830-0500] {dag.py:4180} INFO - Setting next_dagrun for example_setup_teardown to None, run_after=None
[2025-03-27T15:36:23.974-0500] {processor.py:208} INFO - Processing /home/udhbhav/miniconda3/lib/python3.11/site-packages/airflow/example_dags/example_setup_teardown.py took 0.165 seconds
