[2025-03-27T14:25:42.714-0500] {processor.py:186} INFO - Started process (PID=1762849) to work on /home/udhbhav/miniconda3/lib/python3.11/site-packages/airflow/example_dags/example_dynamic_task_mapping.py
[2025-03-27T14:25:42.714-0500] {processor.py:914} INFO - Processing file /home/udhbhav/miniconda3/lib/python3.11/site-packages/airflow/example_dags/example_dynamic_task_mapping.py for tasks to queue
[2025-03-27T14:25:42.715-0500] {logging_mixin.py:190} INFO - [2025-03-27T14:25:42.715-0500] {dagbag.py:588} INFO - Filling up the DagBag from /home/udhbhav/miniconda3/lib/python3.11/site-packages/airflow/example_dags/example_dynamic_task_mapping.py
[2025-03-27T14:25:42.721-0500] {processor.py:925} INFO - DAG(s) 'example_dynamic_task_mapping' retrieved from /home/udhbhav/miniconda3/lib/python3.11/site-packages/airflow/example_dags/example_dynamic_task_mapping.py
[2025-03-27T14:25:42.998-0500] {logging_mixin.py:190} INFO - [2025-03-27T14:25:42.997-0500] {override.py:1912} INFO - Created Permission View: can read on DAG:example_dynamic_task_mapping
[2025-03-27T14:25:43.108-0500] {logging_mixin.py:190} INFO - [2025-03-27T14:25:43.108-0500] {override.py:1912} INFO - Created Permission View: can edit on DAG:example_dynamic_task_mapping
[2025-03-27T14:25:43.196-0500] {logging_mixin.py:190} INFO - [2025-03-27T14:25:43.196-0500] {override.py:1912} INFO - Created Permission View: can delete on DAG:example_dynamic_task_mapping
[2025-03-27T14:25:43.364-0500] {logging_mixin.py:190} INFO - [2025-03-27T14:25:43.364-0500] {override.py:1912} INFO - Created Permission View: can read on DAG Run:example_dynamic_task_mapping
[2025-03-27T14:25:43.446-0500] {logging_mixin.py:190} INFO - [2025-03-27T14:25:43.446-0500] {override.py:1912} INFO - Created Permission View: menu access on DAG Run:example_dynamic_task_mapping
[2025-03-27T14:25:43.605-0500] {logging_mixin.py:190} INFO - [2025-03-27T14:25:43.605-0500] {override.py:1912} INFO - Created Permission View: can create on DAG Run:example_dynamic_task_mapping
[2025-03-27T14:25:43.775-0500] {logging_mixin.py:190} INFO - [2025-03-27T14:25:43.774-0500] {override.py:1912} INFO - Created Permission View: can delete on DAG Run:example_dynamic_task_mapping
[2025-03-27T14:25:43.775-0500] {logging_mixin.py:190} INFO - [2025-03-27T14:25:43.775-0500] {dag.py:3239} INFO - Sync 1 DAGs
[2025-03-27T14:25:43.780-0500] {logging_mixin.py:190} INFO - [2025-03-27T14:25:43.780-0500] {dag.py:3262} INFO - Creating ORM DAG for example_dynamic_task_mapping
[2025-03-27T14:25:43.781-0500] {logging_mixin.py:190} INFO - [2025-03-27T14:25:43.781-0500] {dag.py:4180} INFO - Setting next_dagrun for example_dynamic_task_mapping to None, run_after=None
[2025-03-27T14:25:43.922-0500] {processor.py:208} INFO - Processing /home/udhbhav/miniconda3/lib/python3.11/site-packages/airflow/example_dags/example_dynamic_task_mapping.py took 1.210 seconds
[2025-03-27T14:28:15.285-0500] {processor.py:186} INFO - Started process (PID=1764178) to work on /home/udhbhav/miniconda3/lib/python3.11/site-packages/airflow/example_dags/example_dynamic_task_mapping.py
[2025-03-27T14:28:15.286-0500] {processor.py:914} INFO - Processing file /home/udhbhav/miniconda3/lib/python3.11/site-packages/airflow/example_dags/example_dynamic_task_mapping.py for tasks to queue
[2025-03-27T14:28:15.287-0500] {logging_mixin.py:190} INFO - [2025-03-27T14:28:15.286-0500] {dagbag.py:588} INFO - Filling up the DagBag from /home/udhbhav/miniconda3/lib/python3.11/site-packages/airflow/example_dags/example_dynamic_task_mapping.py
[2025-03-27T14:28:15.292-0500] {processor.py:925} INFO - DAG(s) 'example_dynamic_task_mapping' retrieved from /home/udhbhav/miniconda3/lib/python3.11/site-packages/airflow/example_dags/example_dynamic_task_mapping.py
[2025-03-27T14:28:15.299-0500] {logging_mixin.py:190} INFO - [2025-03-27T14:28:15.299-0500] {dag.py:3239} INFO - Sync 1 DAGs
[2025-03-27T14:28:15.305-0500] {logging_mixin.py:190} INFO - [2025-03-27T14:28:15.305-0500] {dag.py:4180} INFO - Setting next_dagrun for example_dynamic_task_mapping to None, run_after=None
[2025-03-27T14:28:15.715-0500] {processor.py:208} INFO - Processing /home/udhbhav/miniconda3/lib/python3.11/site-packages/airflow/example_dags/example_dynamic_task_mapping.py took 0.432 seconds
[2025-03-27T14:35:30.108-0500] {processor.py:186} INFO - Started process (PID=1768385) to work on /home/udhbhav/miniconda3/lib/python3.11/site-packages/airflow/example_dags/example_dynamic_task_mapping.py
[2025-03-27T14:35:30.109-0500] {processor.py:914} INFO - Processing file /home/udhbhav/miniconda3/lib/python3.11/site-packages/airflow/example_dags/example_dynamic_task_mapping.py for tasks to queue
[2025-03-27T14:35:30.110-0500] {logging_mixin.py:190} INFO - [2025-03-27T14:35:30.110-0500] {dagbag.py:588} INFO - Filling up the DagBag from /home/udhbhav/miniconda3/lib/python3.11/site-packages/airflow/example_dags/example_dynamic_task_mapping.py
[2025-03-27T14:35:30.114-0500] {processor.py:925} INFO - DAG(s) 'example_dynamic_task_mapping' retrieved from /home/udhbhav/miniconda3/lib/python3.11/site-packages/airflow/example_dags/example_dynamic_task_mapping.py
[2025-03-27T14:35:30.125-0500] {logging_mixin.py:190} INFO - [2025-03-27T14:35:30.125-0500] {dag.py:3239} INFO - Sync 1 DAGs
[2025-03-27T14:35:30.130-0500] {logging_mixin.py:190} INFO - [2025-03-27T14:35:30.130-0500] {dag.py:4180} INFO - Setting next_dagrun for example_dynamic_task_mapping to None, run_after=None
[2025-03-27T14:35:30.237-0500] {processor.py:208} INFO - Processing /home/udhbhav/miniconda3/lib/python3.11/site-packages/airflow/example_dags/example_dynamic_task_mapping.py took 0.132 seconds
[2025-03-27T14:37:16.807-0500] {processor.py:186} INFO - Started process (PID=1769459) to work on /home/udhbhav/miniconda3/lib/python3.11/site-packages/airflow/example_dags/example_dynamic_task_mapping.py
[2025-03-27T14:37:16.807-0500] {processor.py:914} INFO - Processing file /home/udhbhav/miniconda3/lib/python3.11/site-packages/airflow/example_dags/example_dynamic_task_mapping.py for tasks to queue
[2025-03-27T14:37:16.808-0500] {logging_mixin.py:190} INFO - [2025-03-27T14:37:16.808-0500] {dagbag.py:588} INFO - Filling up the DagBag from /home/udhbhav/miniconda3/lib/python3.11/site-packages/airflow/example_dags/example_dynamic_task_mapping.py
[2025-03-27T14:37:16.813-0500] {processor.py:925} INFO - DAG(s) 'example_dynamic_task_mapping' retrieved from /home/udhbhav/miniconda3/lib/python3.11/site-packages/airflow/example_dags/example_dynamic_task_mapping.py
[2025-03-27T14:37:16.823-0500] {logging_mixin.py:190} INFO - [2025-03-27T14:37:16.823-0500] {dag.py:3239} INFO - Sync 1 DAGs
[2025-03-27T14:37:16.828-0500] {logging_mixin.py:190} INFO - [2025-03-27T14:37:16.828-0500] {dag.py:4180} INFO - Setting next_dagrun for example_dynamic_task_mapping to None, run_after=None
[2025-03-27T14:37:16.936-0500] {processor.py:208} INFO - Processing /home/udhbhav/miniconda3/lib/python3.11/site-packages/airflow/example_dags/example_dynamic_task_mapping.py took 0.131 seconds
[2025-03-27T14:38:23.132-0500] {processor.py:186} INFO - Started process (PID=1770457) to work on /home/udhbhav/miniconda3/lib/python3.11/site-packages/airflow/example_dags/example_dynamic_task_mapping.py
[2025-03-27T14:38:23.132-0500] {processor.py:914} INFO - Processing file /home/udhbhav/miniconda3/lib/python3.11/site-packages/airflow/example_dags/example_dynamic_task_mapping.py for tasks to queue
[2025-03-27T14:38:23.133-0500] {logging_mixin.py:190} INFO - [2025-03-27T14:38:23.133-0500] {dagbag.py:588} INFO - Filling up the DagBag from /home/udhbhav/miniconda3/lib/python3.11/site-packages/airflow/example_dags/example_dynamic_task_mapping.py
[2025-03-27T14:38:23.137-0500] {processor.py:925} INFO - DAG(s) 'example_dynamic_task_mapping' retrieved from /home/udhbhav/miniconda3/lib/python3.11/site-packages/airflow/example_dags/example_dynamic_task_mapping.py
[2025-03-27T14:38:23.144-0500] {logging_mixin.py:190} INFO - [2025-03-27T14:38:23.144-0500] {dag.py:3239} INFO - Sync 1 DAGs
[2025-03-27T14:38:23.149-0500] {logging_mixin.py:190} INFO - [2025-03-27T14:38:23.149-0500] {dag.py:4180} INFO - Setting next_dagrun for example_dynamic_task_mapping to None, run_after=None
[2025-03-27T14:38:23.880-0500] {processor.py:208} INFO - Processing /home/udhbhav/miniconda3/lib/python3.11/site-packages/airflow/example_dags/example_dynamic_task_mapping.py took 0.751 seconds
[2025-03-27T14:39:35.199-0500] {processor.py:186} INFO - Started process (PID=1771213) to work on /home/udhbhav/miniconda3/lib/python3.11/site-packages/airflow/example_dags/example_dynamic_task_mapping.py
[2025-03-27T14:39:35.200-0500] {processor.py:914} INFO - Processing file /home/udhbhav/miniconda3/lib/python3.11/site-packages/airflow/example_dags/example_dynamic_task_mapping.py for tasks to queue
[2025-03-27T14:39:35.201-0500] {logging_mixin.py:190} INFO - [2025-03-27T14:39:35.200-0500] {dagbag.py:588} INFO - Filling up the DagBag from /home/udhbhav/miniconda3/lib/python3.11/site-packages/airflow/example_dags/example_dynamic_task_mapping.py
[2025-03-27T14:39:35.205-0500] {processor.py:925} INFO - DAG(s) 'example_dynamic_task_mapping' retrieved from /home/udhbhav/miniconda3/lib/python3.11/site-packages/airflow/example_dags/example_dynamic_task_mapping.py
[2025-03-27T14:39:35.212-0500] {logging_mixin.py:190} INFO - [2025-03-27T14:39:35.212-0500] {dag.py:3239} INFO - Sync 1 DAGs
[2025-03-27T14:39:35.217-0500] {logging_mixin.py:190} INFO - [2025-03-27T14:39:35.217-0500] {dag.py:4180} INFO - Setting next_dagrun for example_dynamic_task_mapping to None, run_after=None
[2025-03-27T14:39:35.322-0500] {processor.py:208} INFO - Processing /home/udhbhav/miniconda3/lib/python3.11/site-packages/airflow/example_dags/example_dynamic_task_mapping.py took 0.125 seconds
[2025-03-27T14:40:19.882-0500] {processor.py:186} INFO - Started process (PID=1771595) to work on /home/udhbhav/miniconda3/lib/python3.11/site-packages/airflow/example_dags/example_dynamic_task_mapping.py
[2025-03-27T14:40:19.883-0500] {processor.py:914} INFO - Processing file /home/udhbhav/miniconda3/lib/python3.11/site-packages/airflow/example_dags/example_dynamic_task_mapping.py for tasks to queue
[2025-03-27T14:40:19.884-0500] {logging_mixin.py:190} INFO - [2025-03-27T14:40:19.883-0500] {dagbag.py:588} INFO - Filling up the DagBag from /home/udhbhav/miniconda3/lib/python3.11/site-packages/airflow/example_dags/example_dynamic_task_mapping.py
[2025-03-27T14:40:19.888-0500] {processor.py:925} INFO - DAG(s) 'example_dynamic_task_mapping' retrieved from /home/udhbhav/miniconda3/lib/python3.11/site-packages/airflow/example_dags/example_dynamic_task_mapping.py
[2025-03-27T14:40:19.895-0500] {logging_mixin.py:190} INFO - [2025-03-27T14:40:19.895-0500] {dag.py:3239} INFO - Sync 1 DAGs
[2025-03-27T14:40:19.900-0500] {logging_mixin.py:190} INFO - [2025-03-27T14:40:19.900-0500] {dag.py:4180} INFO - Setting next_dagrun for example_dynamic_task_mapping to None, run_after=None
[2025-03-27T14:40:20.005-0500] {processor.py:208} INFO - Processing /home/udhbhav/miniconda3/lib/python3.11/site-packages/airflow/example_dags/example_dynamic_task_mapping.py took 0.125 seconds
[2025-03-27T14:41:46.548-0500] {processor.py:186} INFO - Started process (PID=1772858) to work on /home/udhbhav/miniconda3/lib/python3.11/site-packages/airflow/example_dags/example_dynamic_task_mapping.py
[2025-03-27T14:41:46.548-0500] {processor.py:914} INFO - Processing file /home/udhbhav/miniconda3/lib/python3.11/site-packages/airflow/example_dags/example_dynamic_task_mapping.py for tasks to queue
[2025-03-27T14:41:46.549-0500] {logging_mixin.py:190} INFO - [2025-03-27T14:41:46.549-0500] {dagbag.py:588} INFO - Filling up the DagBag from /home/udhbhav/miniconda3/lib/python3.11/site-packages/airflow/example_dags/example_dynamic_task_mapping.py
[2025-03-27T14:41:46.554-0500] {processor.py:925} INFO - DAG(s) 'example_dynamic_task_mapping' retrieved from /home/udhbhav/miniconda3/lib/python3.11/site-packages/airflow/example_dags/example_dynamic_task_mapping.py
[2025-03-27T14:41:46.561-0500] {logging_mixin.py:190} INFO - [2025-03-27T14:41:46.560-0500] {dag.py:3239} INFO - Sync 1 DAGs
[2025-03-27T14:41:46.566-0500] {logging_mixin.py:190} INFO - [2025-03-27T14:41:46.566-0500] {dag.py:4180} INFO - Setting next_dagrun for example_dynamic_task_mapping to None, run_after=None
[2025-03-27T14:41:46.672-0500] {processor.py:208} INFO - Processing /home/udhbhav/miniconda3/lib/python3.11/site-packages/airflow/example_dags/example_dynamic_task_mapping.py took 0.126 seconds
[2025-03-27T14:42:47.442-0500] {processor.py:186} INFO - Started process (PID=1773480) to work on /home/udhbhav/miniconda3/lib/python3.11/site-packages/airflow/example_dags/example_dynamic_task_mapping.py
[2025-03-27T14:42:47.443-0500] {processor.py:914} INFO - Processing file /home/udhbhav/miniconda3/lib/python3.11/site-packages/airflow/example_dags/example_dynamic_task_mapping.py for tasks to queue
[2025-03-27T14:42:47.444-0500] {logging_mixin.py:190} INFO - [2025-03-27T14:42:47.444-0500] {dagbag.py:588} INFO - Filling up the DagBag from /home/udhbhav/miniconda3/lib/python3.11/site-packages/airflow/example_dags/example_dynamic_task_mapping.py
[2025-03-27T14:42:47.448-0500] {processor.py:925} INFO - DAG(s) 'example_dynamic_task_mapping' retrieved from /home/udhbhav/miniconda3/lib/python3.11/site-packages/airflow/example_dags/example_dynamic_task_mapping.py
[2025-03-27T14:42:47.455-0500] {logging_mixin.py:190} INFO - [2025-03-27T14:42:47.455-0500] {dag.py:3239} INFO - Sync 1 DAGs
[2025-03-27T14:42:47.460-0500] {logging_mixin.py:190} INFO - [2025-03-27T14:42:47.460-0500] {dag.py:4180} INFO - Setting next_dagrun for example_dynamic_task_mapping to None, run_after=None
[2025-03-27T14:42:47.567-0500] {processor.py:208} INFO - Processing /home/udhbhav/miniconda3/lib/python3.11/site-packages/airflow/example_dags/example_dynamic_task_mapping.py took 0.127 seconds
[2025-03-27T14:43:51.286-0500] {processor.py:186} INFO - Started process (PID=1774235) to work on /home/udhbhav/miniconda3/lib/python3.11/site-packages/airflow/example_dags/example_dynamic_task_mapping.py
[2025-03-27T14:43:51.286-0500] {processor.py:914} INFO - Processing file /home/udhbhav/miniconda3/lib/python3.11/site-packages/airflow/example_dags/example_dynamic_task_mapping.py for tasks to queue
[2025-03-27T14:43:51.287-0500] {logging_mixin.py:190} INFO - [2025-03-27T14:43:51.287-0500] {dagbag.py:588} INFO - Filling up the DagBag from /home/udhbhav/miniconda3/lib/python3.11/site-packages/airflow/example_dags/example_dynamic_task_mapping.py
[2025-03-27T14:43:51.291-0500] {processor.py:925} INFO - DAG(s) 'example_dynamic_task_mapping' retrieved from /home/udhbhav/miniconda3/lib/python3.11/site-packages/airflow/example_dags/example_dynamic_task_mapping.py
[2025-03-27T14:43:51.298-0500] {logging_mixin.py:190} INFO - [2025-03-27T14:43:51.298-0500] {dag.py:3239} INFO - Sync 1 DAGs
[2025-03-27T14:43:51.303-0500] {logging_mixin.py:190} INFO - [2025-03-27T14:43:51.303-0500] {dag.py:4180} INFO - Setting next_dagrun for example_dynamic_task_mapping to None, run_after=None
[2025-03-27T14:43:51.410-0500] {processor.py:208} INFO - Processing /home/udhbhav/miniconda3/lib/python3.11/site-packages/airflow/example_dags/example_dynamic_task_mapping.py took 0.128 seconds
[2025-03-27T14:44:36.260-0500] {processor.py:186} INFO - Started process (PID=1774607) to work on /home/udhbhav/miniconda3/lib/python3.11/site-packages/airflow/example_dags/example_dynamic_task_mapping.py
[2025-03-27T14:44:36.261-0500] {processor.py:914} INFO - Processing file /home/udhbhav/miniconda3/lib/python3.11/site-packages/airflow/example_dags/example_dynamic_task_mapping.py for tasks to queue
[2025-03-27T14:44:36.261-0500] {logging_mixin.py:190} INFO - [2025-03-27T14:44:36.261-0500] {dagbag.py:588} INFO - Filling up the DagBag from /home/udhbhav/miniconda3/lib/python3.11/site-packages/airflow/example_dags/example_dynamic_task_mapping.py
[2025-03-27T14:44:36.266-0500] {processor.py:925} INFO - DAG(s) 'example_dynamic_task_mapping' retrieved from /home/udhbhav/miniconda3/lib/python3.11/site-packages/airflow/example_dags/example_dynamic_task_mapping.py
[2025-03-27T14:44:36.273-0500] {logging_mixin.py:190} INFO - [2025-03-27T14:44:36.273-0500] {dag.py:3239} INFO - Sync 1 DAGs
[2025-03-27T14:44:36.278-0500] {logging_mixin.py:190} INFO - [2025-03-27T14:44:36.278-0500] {dag.py:4180} INFO - Setting next_dagrun for example_dynamic_task_mapping to None, run_after=None
[2025-03-27T14:44:36.435-0500] {processor.py:208} INFO - Processing /home/udhbhav/miniconda3/lib/python3.11/site-packages/airflow/example_dags/example_dynamic_task_mapping.py took 0.178 seconds
[2025-03-27T14:45:50.029-0500] {processor.py:186} INFO - Started process (PID=1775395) to work on /home/udhbhav/miniconda3/lib/python3.11/site-packages/airflow/example_dags/example_dynamic_task_mapping.py
[2025-03-27T14:45:50.029-0500] {processor.py:914} INFO - Processing file /home/udhbhav/miniconda3/lib/python3.11/site-packages/airflow/example_dags/example_dynamic_task_mapping.py for tasks to queue
[2025-03-27T14:45:50.031-0500] {logging_mixin.py:190} INFO - [2025-03-27T14:45:50.031-0500] {dagbag.py:588} INFO - Filling up the DagBag from /home/udhbhav/miniconda3/lib/python3.11/site-packages/airflow/example_dags/example_dynamic_task_mapping.py
[2025-03-27T14:45:50.035-0500] {processor.py:925} INFO - DAG(s) 'example_dynamic_task_mapping' retrieved from /home/udhbhav/miniconda3/lib/python3.11/site-packages/airflow/example_dags/example_dynamic_task_mapping.py
[2025-03-27T14:45:50.042-0500] {logging_mixin.py:190} INFO - [2025-03-27T14:45:50.042-0500] {dag.py:3239} INFO - Sync 1 DAGs
[2025-03-27T14:45:50.047-0500] {logging_mixin.py:190} INFO - [2025-03-27T14:45:50.047-0500] {dag.py:4180} INFO - Setting next_dagrun for example_dynamic_task_mapping to None, run_after=None
[2025-03-27T14:45:50.269-0500] {processor.py:208} INFO - Processing /home/udhbhav/miniconda3/lib/python3.11/site-packages/airflow/example_dags/example_dynamic_task_mapping.py took 0.243 seconds
[2025-03-27T14:47:20.776-0500] {processor.py:186} INFO - Started process (PID=1776188) to work on /home/udhbhav/miniconda3/lib/python3.11/site-packages/airflow/example_dags/example_dynamic_task_mapping.py
[2025-03-27T14:47:20.776-0500] {processor.py:914} INFO - Processing file /home/udhbhav/miniconda3/lib/python3.11/site-packages/airflow/example_dags/example_dynamic_task_mapping.py for tasks to queue
[2025-03-27T14:47:20.777-0500] {logging_mixin.py:190} INFO - [2025-03-27T14:47:20.777-0500] {dagbag.py:588} INFO - Filling up the DagBag from /home/udhbhav/miniconda3/lib/python3.11/site-packages/airflow/example_dags/example_dynamic_task_mapping.py
[2025-03-27T14:47:20.781-0500] {processor.py:925} INFO - DAG(s) 'example_dynamic_task_mapping' retrieved from /home/udhbhav/miniconda3/lib/python3.11/site-packages/airflow/example_dags/example_dynamic_task_mapping.py
[2025-03-27T14:47:20.788-0500] {logging_mixin.py:190} INFO - [2025-03-27T14:47:20.788-0500] {dag.py:3239} INFO - Sync 1 DAGs
[2025-03-27T14:47:20.794-0500] {logging_mixin.py:190} INFO - [2025-03-27T14:47:20.793-0500] {dag.py:4180} INFO - Setting next_dagrun for example_dynamic_task_mapping to None, run_after=None
[2025-03-27T14:47:20.951-0500] {processor.py:208} INFO - Processing /home/udhbhav/miniconda3/lib/python3.11/site-packages/airflow/example_dags/example_dynamic_task_mapping.py took 0.179 seconds
[2025-03-27T14:48:39.734-0500] {processor.py:186} INFO - Started process (PID=1776956) to work on /home/udhbhav/miniconda3/lib/python3.11/site-packages/airflow/example_dags/example_dynamic_task_mapping.py
[2025-03-27T14:48:39.734-0500] {processor.py:914} INFO - Processing file /home/udhbhav/miniconda3/lib/python3.11/site-packages/airflow/example_dags/example_dynamic_task_mapping.py for tasks to queue
[2025-03-27T14:48:39.735-0500] {logging_mixin.py:190} INFO - [2025-03-27T14:48:39.735-0500] {dagbag.py:588} INFO - Filling up the DagBag from /home/udhbhav/miniconda3/lib/python3.11/site-packages/airflow/example_dags/example_dynamic_task_mapping.py
[2025-03-27T14:48:39.739-0500] {processor.py:925} INFO - DAG(s) 'example_dynamic_task_mapping' retrieved from /home/udhbhav/miniconda3/lib/python3.11/site-packages/airflow/example_dags/example_dynamic_task_mapping.py
[2025-03-27T14:48:39.746-0500] {logging_mixin.py:190} INFO - [2025-03-27T14:48:39.746-0500] {dag.py:3239} INFO - Sync 1 DAGs
[2025-03-27T14:48:39.752-0500] {logging_mixin.py:190} INFO - [2025-03-27T14:48:39.752-0500] {dag.py:4180} INFO - Setting next_dagrun for example_dynamic_task_mapping to None, run_after=None
[2025-03-27T14:48:39.912-0500] {processor.py:208} INFO - Processing /home/udhbhav/miniconda3/lib/python3.11/site-packages/airflow/example_dags/example_dynamic_task_mapping.py took 0.181 seconds
[2025-03-27T14:50:05.413-0500] {processor.py:186} INFO - Started process (PID=1777760) to work on /home/udhbhav/miniconda3/lib/python3.11/site-packages/airflow/example_dags/example_dynamic_task_mapping.py
[2025-03-27T14:50:05.413-0500] {processor.py:914} INFO - Processing file /home/udhbhav/miniconda3/lib/python3.11/site-packages/airflow/example_dags/example_dynamic_task_mapping.py for tasks to queue
[2025-03-27T14:50:05.415-0500] {logging_mixin.py:190} INFO - [2025-03-27T14:50:05.414-0500] {dagbag.py:588} INFO - Filling up the DagBag from /home/udhbhav/miniconda3/lib/python3.11/site-packages/airflow/example_dags/example_dynamic_task_mapping.py
[2025-03-27T14:50:05.419-0500] {processor.py:925} INFO - DAG(s) 'example_dynamic_task_mapping' retrieved from /home/udhbhav/miniconda3/lib/python3.11/site-packages/airflow/example_dags/example_dynamic_task_mapping.py
[2025-03-27T14:50:05.426-0500] {logging_mixin.py:190} INFO - [2025-03-27T14:50:05.426-0500] {dag.py:3239} INFO - Sync 1 DAGs
[2025-03-27T14:50:05.431-0500] {logging_mixin.py:190} INFO - [2025-03-27T14:50:05.431-0500] {dag.py:4180} INFO - Setting next_dagrun for example_dynamic_task_mapping to None, run_after=None
[2025-03-27T14:50:05.538-0500] {processor.py:208} INFO - Processing /home/udhbhav/miniconda3/lib/python3.11/site-packages/airflow/example_dags/example_dynamic_task_mapping.py took 0.128 seconds
[2025-03-27T14:51:11.597-0500] {processor.py:186} INFO - Started process (PID=1782603) to work on /home/udhbhav/miniconda3/lib/python3.11/site-packages/airflow/example_dags/example_dynamic_task_mapping.py
[2025-03-27T14:51:11.597-0500] {processor.py:914} INFO - Processing file /home/udhbhav/miniconda3/lib/python3.11/site-packages/airflow/example_dags/example_dynamic_task_mapping.py for tasks to queue
[2025-03-27T14:51:11.598-0500] {logging_mixin.py:190} INFO - [2025-03-27T14:51:11.598-0500] {dagbag.py:588} INFO - Filling up the DagBag from /home/udhbhav/miniconda3/lib/python3.11/site-packages/airflow/example_dags/example_dynamic_task_mapping.py
[2025-03-27T14:51:11.602-0500] {processor.py:925} INFO - DAG(s) 'example_dynamic_task_mapping' retrieved from /home/udhbhav/miniconda3/lib/python3.11/site-packages/airflow/example_dags/example_dynamic_task_mapping.py
[2025-03-27T14:51:11.609-0500] {logging_mixin.py:190} INFO - [2025-03-27T14:51:11.609-0500] {dag.py:3239} INFO - Sync 1 DAGs
[2025-03-27T14:51:11.615-0500] {logging_mixin.py:190} INFO - [2025-03-27T14:51:11.614-0500] {dag.py:4180} INFO - Setting next_dagrun for example_dynamic_task_mapping to None, run_after=None
[2025-03-27T14:51:11.721-0500] {processor.py:208} INFO - Processing /home/udhbhav/miniconda3/lib/python3.11/site-packages/airflow/example_dags/example_dynamic_task_mapping.py took 0.127 seconds
[2025-03-27T14:52:18.481-0500] {processor.py:186} INFO - Started process (PID=1783911) to work on /home/udhbhav/miniconda3/lib/python3.11/site-packages/airflow/example_dags/example_dynamic_task_mapping.py
[2025-03-27T14:52:18.481-0500] {processor.py:914} INFO - Processing file /home/udhbhav/miniconda3/lib/python3.11/site-packages/airflow/example_dags/example_dynamic_task_mapping.py for tasks to queue
[2025-03-27T14:52:18.482-0500] {logging_mixin.py:190} INFO - [2025-03-27T14:52:18.482-0500] {dagbag.py:588} INFO - Filling up the DagBag from /home/udhbhav/miniconda3/lib/python3.11/site-packages/airflow/example_dags/example_dynamic_task_mapping.py
[2025-03-27T14:52:18.487-0500] {processor.py:925} INFO - DAG(s) 'example_dynamic_task_mapping' retrieved from /home/udhbhav/miniconda3/lib/python3.11/site-packages/airflow/example_dags/example_dynamic_task_mapping.py
[2025-03-27T14:52:18.494-0500] {logging_mixin.py:190} INFO - [2025-03-27T14:52:18.494-0500] {dag.py:3239} INFO - Sync 1 DAGs
[2025-03-27T14:52:18.499-0500] {logging_mixin.py:190} INFO - [2025-03-27T14:52:18.499-0500] {dag.py:4180} INFO - Setting next_dagrun for example_dynamic_task_mapping to None, run_after=None
[2025-03-27T14:52:18.606-0500] {processor.py:208} INFO - Processing /home/udhbhav/miniconda3/lib/python3.11/site-packages/airflow/example_dags/example_dynamic_task_mapping.py took 0.128 seconds
[2025-03-27T14:53:29.280-0500] {processor.py:186} INFO - Started process (PID=1784631) to work on /home/udhbhav/miniconda3/lib/python3.11/site-packages/airflow/example_dags/example_dynamic_task_mapping.py
[2025-03-27T14:53:29.281-0500] {processor.py:914} INFO - Processing file /home/udhbhav/miniconda3/lib/python3.11/site-packages/airflow/example_dags/example_dynamic_task_mapping.py for tasks to queue
[2025-03-27T14:53:29.282-0500] {logging_mixin.py:190} INFO - [2025-03-27T14:53:29.281-0500] {dagbag.py:588} INFO - Filling up the DagBag from /home/udhbhav/miniconda3/lib/python3.11/site-packages/airflow/example_dags/example_dynamic_task_mapping.py
[2025-03-27T14:53:29.286-0500] {processor.py:925} INFO - DAG(s) 'example_dynamic_task_mapping' retrieved from /home/udhbhav/miniconda3/lib/python3.11/site-packages/airflow/example_dags/example_dynamic_task_mapping.py
[2025-03-27T14:53:29.293-0500] {logging_mixin.py:190} INFO - [2025-03-27T14:53:29.293-0500] {dag.py:3239} INFO - Sync 1 DAGs
[2025-03-27T14:53:29.298-0500] {logging_mixin.py:190} INFO - [2025-03-27T14:53:29.298-0500] {dag.py:4180} INFO - Setting next_dagrun for example_dynamic_task_mapping to None, run_after=None
[2025-03-27T14:53:29.393-0500] {processor.py:208} INFO - Processing /home/udhbhav/miniconda3/lib/python3.11/site-packages/airflow/example_dags/example_dynamic_task_mapping.py took 0.116 seconds
[2025-03-27T14:54:36.854-0500] {processor.py:186} INFO - Started process (PID=1785275) to work on /home/udhbhav/miniconda3/lib/python3.11/site-packages/airflow/example_dags/example_dynamic_task_mapping.py
[2025-03-27T14:54:36.855-0500] {processor.py:914} INFO - Processing file /home/udhbhav/miniconda3/lib/python3.11/site-packages/airflow/example_dags/example_dynamic_task_mapping.py for tasks to queue
[2025-03-27T14:54:36.856-0500] {logging_mixin.py:190} INFO - [2025-03-27T14:54:36.855-0500] {dagbag.py:588} INFO - Filling up the DagBag from /home/udhbhav/miniconda3/lib/python3.11/site-packages/airflow/example_dags/example_dynamic_task_mapping.py
[2025-03-27T14:54:36.860-0500] {processor.py:925} INFO - DAG(s) 'example_dynamic_task_mapping' retrieved from /home/udhbhav/miniconda3/lib/python3.11/site-packages/airflow/example_dags/example_dynamic_task_mapping.py
[2025-03-27T14:54:36.867-0500] {logging_mixin.py:190} INFO - [2025-03-27T14:54:36.867-0500] {dag.py:3239} INFO - Sync 1 DAGs
[2025-03-27T14:54:36.872-0500] {logging_mixin.py:190} INFO - [2025-03-27T14:54:36.872-0500] {dag.py:4180} INFO - Setting next_dagrun for example_dynamic_task_mapping to None, run_after=None
[2025-03-27T14:54:36.994-0500] {processor.py:208} INFO - Processing /home/udhbhav/miniconda3/lib/python3.11/site-packages/airflow/example_dags/example_dynamic_task_mapping.py took 0.143 seconds
[2025-03-27T14:55:42.275-0500] {processor.py:186} INFO - Started process (PID=1786001) to work on /home/udhbhav/miniconda3/lib/python3.11/site-packages/airflow/example_dags/example_dynamic_task_mapping.py
[2025-03-27T14:55:42.275-0500] {processor.py:914} INFO - Processing file /home/udhbhav/miniconda3/lib/python3.11/site-packages/airflow/example_dags/example_dynamic_task_mapping.py for tasks to queue
[2025-03-27T14:55:42.276-0500] {logging_mixin.py:190} INFO - [2025-03-27T14:55:42.276-0500] {dagbag.py:588} INFO - Filling up the DagBag from /home/udhbhav/miniconda3/lib/python3.11/site-packages/airflow/example_dags/example_dynamic_task_mapping.py
[2025-03-27T14:55:42.280-0500] {processor.py:925} INFO - DAG(s) 'example_dynamic_task_mapping' retrieved from /home/udhbhav/miniconda3/lib/python3.11/site-packages/airflow/example_dags/example_dynamic_task_mapping.py
[2025-03-27T14:55:42.288-0500] {logging_mixin.py:190} INFO - [2025-03-27T14:55:42.287-0500] {dag.py:3239} INFO - Sync 1 DAGs
[2025-03-27T14:55:42.293-0500] {logging_mixin.py:190} INFO - [2025-03-27T14:55:42.293-0500] {dag.py:4180} INFO - Setting next_dagrun for example_dynamic_task_mapping to None, run_after=None
[2025-03-27T14:55:42.538-0500] {processor.py:208} INFO - Processing /home/udhbhav/miniconda3/lib/python3.11/site-packages/airflow/example_dags/example_dynamic_task_mapping.py took 0.267 seconds
[2025-03-27T14:57:00.334-0500] {processor.py:186} INFO - Started process (PID=1786832) to work on /home/udhbhav/miniconda3/lib/python3.11/site-packages/airflow/example_dags/example_dynamic_task_mapping.py
[2025-03-27T14:57:00.334-0500] {processor.py:914} INFO - Processing file /home/udhbhav/miniconda3/lib/python3.11/site-packages/airflow/example_dags/example_dynamic_task_mapping.py for tasks to queue
[2025-03-27T14:57:00.335-0500] {logging_mixin.py:190} INFO - [2025-03-27T14:57:00.335-0500] {dagbag.py:588} INFO - Filling up the DagBag from /home/udhbhav/miniconda3/lib/python3.11/site-packages/airflow/example_dags/example_dynamic_task_mapping.py
[2025-03-27T14:57:00.339-0500] {processor.py:925} INFO - DAG(s) 'example_dynamic_task_mapping' retrieved from /home/udhbhav/miniconda3/lib/python3.11/site-packages/airflow/example_dags/example_dynamic_task_mapping.py
[2025-03-27T14:57:00.346-0500] {logging_mixin.py:190} INFO - [2025-03-27T14:57:00.346-0500] {dag.py:3239} INFO - Sync 1 DAGs
[2025-03-27T14:57:00.352-0500] {logging_mixin.py:190} INFO - [2025-03-27T14:57:00.352-0500] {dag.py:4180} INFO - Setting next_dagrun for example_dynamic_task_mapping to None, run_after=None
[2025-03-27T14:57:00.518-0500] {processor.py:208} INFO - Processing /home/udhbhav/miniconda3/lib/python3.11/site-packages/airflow/example_dags/example_dynamic_task_mapping.py took 0.188 seconds
[2025-03-27T14:58:19.450-0500] {processor.py:186} INFO - Started process (PID=1787568) to work on /home/udhbhav/miniconda3/lib/python3.11/site-packages/airflow/example_dags/example_dynamic_task_mapping.py
[2025-03-27T14:58:19.451-0500] {processor.py:914} INFO - Processing file /home/udhbhav/miniconda3/lib/python3.11/site-packages/airflow/example_dags/example_dynamic_task_mapping.py for tasks to queue
[2025-03-27T14:58:19.452-0500] {logging_mixin.py:190} INFO - [2025-03-27T14:58:19.451-0500] {dagbag.py:588} INFO - Filling up the DagBag from /home/udhbhav/miniconda3/lib/python3.11/site-packages/airflow/example_dags/example_dynamic_task_mapping.py
[2025-03-27T14:58:19.456-0500] {processor.py:925} INFO - DAG(s) 'example_dynamic_task_mapping' retrieved from /home/udhbhav/miniconda3/lib/python3.11/site-packages/airflow/example_dags/example_dynamic_task_mapping.py
[2025-03-27T14:58:19.463-0500] {logging_mixin.py:190} INFO - [2025-03-27T14:58:19.463-0500] {dag.py:3239} INFO - Sync 1 DAGs
[2025-03-27T14:58:19.468-0500] {logging_mixin.py:190} INFO - [2025-03-27T14:58:19.468-0500] {dag.py:4180} INFO - Setting next_dagrun for example_dynamic_task_mapping to None, run_after=None
[2025-03-27T14:58:19.657-0500] {processor.py:208} INFO - Processing /home/udhbhav/miniconda3/lib/python3.11/site-packages/airflow/example_dags/example_dynamic_task_mapping.py took 0.209 seconds
[2025-03-27T14:59:53.796-0500] {processor.py:186} INFO - Started process (PID=1788612) to work on /home/udhbhav/miniconda3/lib/python3.11/site-packages/airflow/example_dags/example_dynamic_task_mapping.py
[2025-03-27T14:59:53.796-0500] {processor.py:914} INFO - Processing file /home/udhbhav/miniconda3/lib/python3.11/site-packages/airflow/example_dags/example_dynamic_task_mapping.py for tasks to queue
[2025-03-27T14:59:53.797-0500] {logging_mixin.py:190} INFO - [2025-03-27T14:59:53.797-0500] {dagbag.py:588} INFO - Filling up the DagBag from /home/udhbhav/miniconda3/lib/python3.11/site-packages/airflow/example_dags/example_dynamic_task_mapping.py
[2025-03-27T14:59:53.801-0500] {processor.py:925} INFO - DAG(s) 'example_dynamic_task_mapping' retrieved from /home/udhbhav/miniconda3/lib/python3.11/site-packages/airflow/example_dags/example_dynamic_task_mapping.py
[2025-03-27T14:59:53.809-0500] {logging_mixin.py:190} INFO - [2025-03-27T14:59:53.808-0500] {dag.py:3239} INFO - Sync 1 DAGs
[2025-03-27T14:59:53.814-0500] {logging_mixin.py:190} INFO - [2025-03-27T14:59:53.814-0500] {dag.py:4180} INFO - Setting next_dagrun for example_dynamic_task_mapping to None, run_after=None
[2025-03-27T14:59:53.920-0500] {processor.py:208} INFO - Processing /home/udhbhav/miniconda3/lib/python3.11/site-packages/airflow/example_dags/example_dynamic_task_mapping.py took 0.127 seconds
[2025-03-27T15:01:01.768-0500] {processor.py:186} INFO - Started process (PID=1789420) to work on /home/udhbhav/miniconda3/lib/python3.11/site-packages/airflow/example_dags/example_dynamic_task_mapping.py
[2025-03-27T15:01:01.769-0500] {processor.py:914} INFO - Processing file /home/udhbhav/miniconda3/lib/python3.11/site-packages/airflow/example_dags/example_dynamic_task_mapping.py for tasks to queue
[2025-03-27T15:01:01.770-0500] {logging_mixin.py:190} INFO - [2025-03-27T15:01:01.769-0500] {dagbag.py:588} INFO - Filling up the DagBag from /home/udhbhav/miniconda3/lib/python3.11/site-packages/airflow/example_dags/example_dynamic_task_mapping.py
[2025-03-27T15:01:01.775-0500] {processor.py:925} INFO - DAG(s) 'example_dynamic_task_mapping' retrieved from /home/udhbhav/miniconda3/lib/python3.11/site-packages/airflow/example_dags/example_dynamic_task_mapping.py
[2025-03-27T15:01:01.782-0500] {logging_mixin.py:190} INFO - [2025-03-27T15:01:01.782-0500] {dag.py:3239} INFO - Sync 1 DAGs
[2025-03-27T15:01:01.787-0500] {logging_mixin.py:190} INFO - [2025-03-27T15:01:01.787-0500] {dag.py:4180} INFO - Setting next_dagrun for example_dynamic_task_mapping to None, run_after=None
[2025-03-27T15:01:01.893-0500] {processor.py:208} INFO - Processing /home/udhbhav/miniconda3/lib/python3.11/site-packages/airflow/example_dags/example_dynamic_task_mapping.py took 0.128 seconds
[2025-03-27T15:02:05.679-0500] {processor.py:186} INFO - Started process (PID=1790147) to work on /home/udhbhav/miniconda3/lib/python3.11/site-packages/airflow/example_dags/example_dynamic_task_mapping.py
[2025-03-27T15:02:05.679-0500] {processor.py:914} INFO - Processing file /home/udhbhav/miniconda3/lib/python3.11/site-packages/airflow/example_dags/example_dynamic_task_mapping.py for tasks to queue
[2025-03-27T15:02:05.680-0500] {logging_mixin.py:190} INFO - [2025-03-27T15:02:05.680-0500] {dagbag.py:588} INFO - Filling up the DagBag from /home/udhbhav/miniconda3/lib/python3.11/site-packages/airflow/example_dags/example_dynamic_task_mapping.py
[2025-03-27T15:02:05.685-0500] {processor.py:925} INFO - DAG(s) 'example_dynamic_task_mapping' retrieved from /home/udhbhav/miniconda3/lib/python3.11/site-packages/airflow/example_dags/example_dynamic_task_mapping.py
[2025-03-27T15:02:05.692-0500] {logging_mixin.py:190} INFO - [2025-03-27T15:02:05.692-0500] {dag.py:3239} INFO - Sync 1 DAGs
[2025-03-27T15:02:05.697-0500] {logging_mixin.py:190} INFO - [2025-03-27T15:02:05.697-0500] {dag.py:4180} INFO - Setting next_dagrun for example_dynamic_task_mapping to None, run_after=None
[2025-03-27T15:02:05.803-0500] {processor.py:208} INFO - Processing /home/udhbhav/miniconda3/lib/python3.11/site-packages/airflow/example_dags/example_dynamic_task_mapping.py took 0.127 seconds
[2025-03-27T15:03:22.898-0500] {processor.py:186} INFO - Started process (PID=1790891) to work on /home/udhbhav/miniconda3/lib/python3.11/site-packages/airflow/example_dags/example_dynamic_task_mapping.py
[2025-03-27T15:03:22.899-0500] {processor.py:914} INFO - Processing file /home/udhbhav/miniconda3/lib/python3.11/site-packages/airflow/example_dags/example_dynamic_task_mapping.py for tasks to queue
[2025-03-27T15:03:22.900-0500] {logging_mixin.py:190} INFO - [2025-03-27T15:03:22.900-0500] {dagbag.py:588} INFO - Filling up the DagBag from /home/udhbhav/miniconda3/lib/python3.11/site-packages/airflow/example_dags/example_dynamic_task_mapping.py
[2025-03-27T15:03:22.904-0500] {processor.py:925} INFO - DAG(s) 'example_dynamic_task_mapping' retrieved from /home/udhbhav/miniconda3/lib/python3.11/site-packages/airflow/example_dags/example_dynamic_task_mapping.py
[2025-03-27T15:03:22.911-0500] {logging_mixin.py:190} INFO - [2025-03-27T15:03:22.911-0500] {dag.py:3239} INFO - Sync 1 DAGs
[2025-03-27T15:03:22.917-0500] {logging_mixin.py:190} INFO - [2025-03-27T15:03:22.917-0500] {dag.py:4180} INFO - Setting next_dagrun for example_dynamic_task_mapping to None, run_after=None
[2025-03-27T15:03:23.034-0500] {processor.py:208} INFO - Processing /home/udhbhav/miniconda3/lib/python3.11/site-packages/airflow/example_dags/example_dynamic_task_mapping.py took 0.138 seconds
[2025-03-27T15:04:35.039-0500] {processor.py:186} INFO - Started process (PID=1791611) to work on /home/udhbhav/miniconda3/lib/python3.11/site-packages/airflow/example_dags/example_dynamic_task_mapping.py
[2025-03-27T15:04:35.039-0500] {processor.py:914} INFO - Processing file /home/udhbhav/miniconda3/lib/python3.11/site-packages/airflow/example_dags/example_dynamic_task_mapping.py for tasks to queue
[2025-03-27T15:04:35.040-0500] {logging_mixin.py:190} INFO - [2025-03-27T15:04:35.040-0500] {dagbag.py:588} INFO - Filling up the DagBag from /home/udhbhav/miniconda3/lib/python3.11/site-packages/airflow/example_dags/example_dynamic_task_mapping.py
[2025-03-27T15:04:35.045-0500] {processor.py:925} INFO - DAG(s) 'example_dynamic_task_mapping' retrieved from /home/udhbhav/miniconda3/lib/python3.11/site-packages/airflow/example_dags/example_dynamic_task_mapping.py
[2025-03-27T15:04:35.052-0500] {logging_mixin.py:190} INFO - [2025-03-27T15:04:35.052-0500] {dag.py:3239} INFO - Sync 1 DAGs
[2025-03-27T15:04:35.057-0500] {logging_mixin.py:190} INFO - [2025-03-27T15:04:35.057-0500] {dag.py:4180} INFO - Setting next_dagrun for example_dynamic_task_mapping to None, run_after=None
[2025-03-27T15:04:35.225-0500] {processor.py:208} INFO - Processing /home/udhbhav/miniconda3/lib/python3.11/site-packages/airflow/example_dags/example_dynamic_task_mapping.py took 0.190 seconds
[2025-03-27T15:05:53.284-0500] {processor.py:186} INFO - Started process (PID=1792446) to work on /home/udhbhav/miniconda3/lib/python3.11/site-packages/airflow/example_dags/example_dynamic_task_mapping.py
[2025-03-27T15:05:53.284-0500] {processor.py:914} INFO - Processing file /home/udhbhav/miniconda3/lib/python3.11/site-packages/airflow/example_dags/example_dynamic_task_mapping.py for tasks to queue
[2025-03-27T15:05:53.285-0500] {logging_mixin.py:190} INFO - [2025-03-27T15:05:53.285-0500] {dagbag.py:588} INFO - Filling up the DagBag from /home/udhbhav/miniconda3/lib/python3.11/site-packages/airflow/example_dags/example_dynamic_task_mapping.py
[2025-03-27T15:05:53.289-0500] {processor.py:925} INFO - DAG(s) 'example_dynamic_task_mapping' retrieved from /home/udhbhav/miniconda3/lib/python3.11/site-packages/airflow/example_dags/example_dynamic_task_mapping.py
[2025-03-27T15:05:53.296-0500] {logging_mixin.py:190} INFO - [2025-03-27T15:05:53.296-0500] {dag.py:3239} INFO - Sync 1 DAGs
[2025-03-27T15:05:53.301-0500] {logging_mixin.py:190} INFO - [2025-03-27T15:05:53.301-0500] {dag.py:4180} INFO - Setting next_dagrun for example_dynamic_task_mapping to None, run_after=None
[2025-03-27T15:05:54.445-0500] {processor.py:208} INFO - Processing /home/udhbhav/miniconda3/lib/python3.11/site-packages/airflow/example_dags/example_dynamic_task_mapping.py took 1.164 seconds
[2025-03-27T15:06:49.355-0500] {processor.py:186} INFO - Started process (PID=1792965) to work on /home/udhbhav/miniconda3/lib/python3.11/site-packages/airflow/example_dags/example_dynamic_task_mapping.py
[2025-03-27T15:06:49.356-0500] {processor.py:914} INFO - Processing file /home/udhbhav/miniconda3/lib/python3.11/site-packages/airflow/example_dags/example_dynamic_task_mapping.py for tasks to queue
[2025-03-27T15:06:49.357-0500] {logging_mixin.py:190} INFO - [2025-03-27T15:06:49.356-0500] {dagbag.py:588} INFO - Filling up the DagBag from /home/udhbhav/miniconda3/lib/python3.11/site-packages/airflow/example_dags/example_dynamic_task_mapping.py
[2025-03-27T15:06:49.361-0500] {processor.py:925} INFO - DAG(s) 'example_dynamic_task_mapping' retrieved from /home/udhbhav/miniconda3/lib/python3.11/site-packages/airflow/example_dags/example_dynamic_task_mapping.py
[2025-03-27T15:06:49.368-0500] {logging_mixin.py:190} INFO - [2025-03-27T15:06:49.368-0500] {dag.py:3239} INFO - Sync 1 DAGs
[2025-03-27T15:06:49.373-0500] {logging_mixin.py:190} INFO - [2025-03-27T15:06:49.373-0500] {dag.py:4180} INFO - Setting next_dagrun for example_dynamic_task_mapping to None, run_after=None
[2025-03-27T15:06:49.575-0500] {processor.py:208} INFO - Processing /home/udhbhav/miniconda3/lib/python3.11/site-packages/airflow/example_dags/example_dynamic_task_mapping.py took 0.222 seconds
[2025-03-27T15:07:58.256-0500] {processor.py:186} INFO - Started process (PID=1793700) to work on /home/udhbhav/miniconda3/lib/python3.11/site-packages/airflow/example_dags/example_dynamic_task_mapping.py
[2025-03-27T15:07:58.256-0500] {processor.py:914} INFO - Processing file /home/udhbhav/miniconda3/lib/python3.11/site-packages/airflow/example_dags/example_dynamic_task_mapping.py for tasks to queue
[2025-03-27T15:07:58.257-0500] {logging_mixin.py:190} INFO - [2025-03-27T15:07:58.257-0500] {dagbag.py:588} INFO - Filling up the DagBag from /home/udhbhav/miniconda3/lib/python3.11/site-packages/airflow/example_dags/example_dynamic_task_mapping.py
[2025-03-27T15:07:58.262-0500] {processor.py:925} INFO - DAG(s) 'example_dynamic_task_mapping' retrieved from /home/udhbhav/miniconda3/lib/python3.11/site-packages/airflow/example_dags/example_dynamic_task_mapping.py
[2025-03-27T15:07:58.269-0500] {logging_mixin.py:190} INFO - [2025-03-27T15:07:58.269-0500] {dag.py:3239} INFO - Sync 1 DAGs
[2025-03-27T15:07:58.274-0500] {logging_mixin.py:190} INFO - [2025-03-27T15:07:58.274-0500] {dag.py:4180} INFO - Setting next_dagrun for example_dynamic_task_mapping to None, run_after=None
[2025-03-27T15:07:58.380-0500] {processor.py:208} INFO - Processing /home/udhbhav/miniconda3/lib/python3.11/site-packages/airflow/example_dags/example_dynamic_task_mapping.py took 0.127 seconds
[2025-03-27T15:09:00.153-0500] {processor.py:186} INFO - Started process (PID=1794301) to work on /home/udhbhav/miniconda3/lib/python3.11/site-packages/airflow/example_dags/example_dynamic_task_mapping.py
[2025-03-27T15:09:00.153-0500] {processor.py:914} INFO - Processing file /home/udhbhav/miniconda3/lib/python3.11/site-packages/airflow/example_dags/example_dynamic_task_mapping.py for tasks to queue
[2025-03-27T15:09:00.154-0500] {logging_mixin.py:190} INFO - [2025-03-27T15:09:00.154-0500] {dagbag.py:588} INFO - Filling up the DagBag from /home/udhbhav/miniconda3/lib/python3.11/site-packages/airflow/example_dags/example_dynamic_task_mapping.py
[2025-03-27T15:09:00.158-0500] {processor.py:925} INFO - DAG(s) 'example_dynamic_task_mapping' retrieved from /home/udhbhav/miniconda3/lib/python3.11/site-packages/airflow/example_dags/example_dynamic_task_mapping.py
[2025-03-27T15:09:00.166-0500] {logging_mixin.py:190} INFO - [2025-03-27T15:09:00.165-0500] {dag.py:3239} INFO - Sync 1 DAGs
[2025-03-27T15:09:00.171-0500] {logging_mixin.py:190} INFO - [2025-03-27T15:09:00.170-0500] {dag.py:4180} INFO - Setting next_dagrun for example_dynamic_task_mapping to None, run_after=None
[2025-03-27T15:09:00.277-0500] {processor.py:208} INFO - Processing /home/udhbhav/miniconda3/lib/python3.11/site-packages/airflow/example_dags/example_dynamic_task_mapping.py took 0.127 seconds
[2025-03-27T15:10:17.422-0500] {processor.py:186} INFO - Started process (PID=1794969) to work on /home/udhbhav/miniconda3/lib/python3.11/site-packages/airflow/example_dags/example_dynamic_task_mapping.py
[2025-03-27T15:10:17.422-0500] {processor.py:914} INFO - Processing file /home/udhbhav/miniconda3/lib/python3.11/site-packages/airflow/example_dags/example_dynamic_task_mapping.py for tasks to queue
[2025-03-27T15:10:17.423-0500] {logging_mixin.py:190} INFO - [2025-03-27T15:10:17.423-0500] {dagbag.py:588} INFO - Filling up the DagBag from /home/udhbhav/miniconda3/lib/python3.11/site-packages/airflow/example_dags/example_dynamic_task_mapping.py
[2025-03-27T15:10:17.428-0500] {processor.py:925} INFO - DAG(s) 'example_dynamic_task_mapping' retrieved from /home/udhbhav/miniconda3/lib/python3.11/site-packages/airflow/example_dags/example_dynamic_task_mapping.py
[2025-03-27T15:10:17.435-0500] {logging_mixin.py:190} INFO - [2025-03-27T15:10:17.435-0500] {dag.py:3239} INFO - Sync 1 DAGs
[2025-03-27T15:10:17.440-0500] {logging_mixin.py:190} INFO - [2025-03-27T15:10:17.440-0500] {dag.py:4180} INFO - Setting next_dagrun for example_dynamic_task_mapping to None, run_after=None
[2025-03-27T15:10:17.493-0500] {processor.py:208} INFO - Processing /home/udhbhav/miniconda3/lib/python3.11/site-packages/airflow/example_dags/example_dynamic_task_mapping.py took 0.074 seconds
[2025-03-27T15:11:22.487-0500] {processor.py:186} INFO - Started process (PID=1795624) to work on /home/udhbhav/miniconda3/lib/python3.11/site-packages/airflow/example_dags/example_dynamic_task_mapping.py
[2025-03-27T15:11:22.487-0500] {processor.py:914} INFO - Processing file /home/udhbhav/miniconda3/lib/python3.11/site-packages/airflow/example_dags/example_dynamic_task_mapping.py for tasks to queue
[2025-03-27T15:11:22.488-0500] {logging_mixin.py:190} INFO - [2025-03-27T15:11:22.488-0500] {dagbag.py:588} INFO - Filling up the DagBag from /home/udhbhav/miniconda3/lib/python3.11/site-packages/airflow/example_dags/example_dynamic_task_mapping.py
[2025-03-27T15:11:22.493-0500] {processor.py:925} INFO - DAG(s) 'example_dynamic_task_mapping' retrieved from /home/udhbhav/miniconda3/lib/python3.11/site-packages/airflow/example_dags/example_dynamic_task_mapping.py
[2025-03-27T15:11:22.500-0500] {logging_mixin.py:190} INFO - [2025-03-27T15:11:22.500-0500] {dag.py:3239} INFO - Sync 1 DAGs
[2025-03-27T15:11:22.505-0500] {logging_mixin.py:190} INFO - [2025-03-27T15:11:22.505-0500] {dag.py:4180} INFO - Setting next_dagrun for example_dynamic_task_mapping to None, run_after=None
[2025-03-27T15:11:22.612-0500] {processor.py:208} INFO - Processing /home/udhbhav/miniconda3/lib/python3.11/site-packages/airflow/example_dags/example_dynamic_task_mapping.py took 0.128 seconds
[2025-03-27T15:12:31.212-0500] {processor.py:186} INFO - Started process (PID=1797906) to work on /home/udhbhav/miniconda3/lib/python3.11/site-packages/airflow/example_dags/example_dynamic_task_mapping.py
[2025-03-27T15:12:31.213-0500] {processor.py:914} INFO - Processing file /home/udhbhav/miniconda3/lib/python3.11/site-packages/airflow/example_dags/example_dynamic_task_mapping.py for tasks to queue
[2025-03-27T15:12:31.214-0500] {logging_mixin.py:190} INFO - [2025-03-27T15:12:31.213-0500] {dagbag.py:588} INFO - Filling up the DagBag from /home/udhbhav/miniconda3/lib/python3.11/site-packages/airflow/example_dags/example_dynamic_task_mapping.py
[2025-03-27T15:12:31.218-0500] {processor.py:925} INFO - DAG(s) 'example_dynamic_task_mapping' retrieved from /home/udhbhav/miniconda3/lib/python3.11/site-packages/airflow/example_dags/example_dynamic_task_mapping.py
[2025-03-27T15:12:31.225-0500] {logging_mixin.py:190} INFO - [2025-03-27T15:12:31.225-0500] {dag.py:3239} INFO - Sync 1 DAGs
[2025-03-27T15:12:31.230-0500] {logging_mixin.py:190} INFO - [2025-03-27T15:12:31.230-0500] {dag.py:4180} INFO - Setting next_dagrun for example_dynamic_task_mapping to None, run_after=None
[2025-03-27T15:12:31.559-0500] {processor.py:208} INFO - Processing /home/udhbhav/miniconda3/lib/python3.11/site-packages/airflow/example_dags/example_dynamic_task_mapping.py took 0.350 seconds
[2025-03-27T15:13:51.133-0500] {processor.py:186} INFO - Started process (PID=1798801) to work on /home/udhbhav/miniconda3/lib/python3.11/site-packages/airflow/example_dags/example_dynamic_task_mapping.py
[2025-03-27T15:13:51.134-0500] {processor.py:914} INFO - Processing file /home/udhbhav/miniconda3/lib/python3.11/site-packages/airflow/example_dags/example_dynamic_task_mapping.py for tasks to queue
[2025-03-27T15:13:51.135-0500] {logging_mixin.py:190} INFO - [2025-03-27T15:13:51.134-0500] {dagbag.py:588} INFO - Filling up the DagBag from /home/udhbhav/miniconda3/lib/python3.11/site-packages/airflow/example_dags/example_dynamic_task_mapping.py
[2025-03-27T15:13:51.139-0500] {processor.py:925} INFO - DAG(s) 'example_dynamic_task_mapping' retrieved from /home/udhbhav/miniconda3/lib/python3.11/site-packages/airflow/example_dags/example_dynamic_task_mapping.py
[2025-03-27T15:13:51.146-0500] {logging_mixin.py:190} INFO - [2025-03-27T15:13:51.146-0500] {dag.py:3239} INFO - Sync 1 DAGs
[2025-03-27T15:13:51.151-0500] {logging_mixin.py:190} INFO - [2025-03-27T15:13:51.151-0500] {dag.py:4180} INFO - Setting next_dagrun for example_dynamic_task_mapping to None, run_after=None
[2025-03-27T15:13:51.409-0500] {processor.py:208} INFO - Processing /home/udhbhav/miniconda3/lib/python3.11/site-packages/airflow/example_dags/example_dynamic_task_mapping.py took 0.279 seconds
[2025-03-27T15:15:10.914-0500] {processor.py:186} INFO - Started process (PID=1799494) to work on /home/udhbhav/miniconda3/lib/python3.11/site-packages/airflow/example_dags/example_dynamic_task_mapping.py
[2025-03-27T15:15:10.914-0500] {processor.py:914} INFO - Processing file /home/udhbhav/miniconda3/lib/python3.11/site-packages/airflow/example_dags/example_dynamic_task_mapping.py for tasks to queue
[2025-03-27T15:15:10.915-0500] {logging_mixin.py:190} INFO - [2025-03-27T15:15:10.915-0500] {dagbag.py:588} INFO - Filling up the DagBag from /home/udhbhav/miniconda3/lib/python3.11/site-packages/airflow/example_dags/example_dynamic_task_mapping.py
[2025-03-27T15:15:10.920-0500] {processor.py:925} INFO - DAG(s) 'example_dynamic_task_mapping' retrieved from /home/udhbhav/miniconda3/lib/python3.11/site-packages/airflow/example_dags/example_dynamic_task_mapping.py
[2025-03-27T15:15:10.927-0500] {logging_mixin.py:190} INFO - [2025-03-27T15:15:10.927-0500] {dag.py:3239} INFO - Sync 1 DAGs
[2025-03-27T15:15:10.932-0500] {logging_mixin.py:190} INFO - [2025-03-27T15:15:10.932-0500] {dag.py:4180} INFO - Setting next_dagrun for example_dynamic_task_mapping to None, run_after=None
[2025-03-27T15:15:11.087-0500] {processor.py:208} INFO - Processing /home/udhbhav/miniconda3/lib/python3.11/site-packages/airflow/example_dags/example_dynamic_task_mapping.py took 0.176 seconds
[2025-03-27T15:16:33.418-0500] {processor.py:186} INFO - Started process (PID=1800300) to work on /home/udhbhav/miniconda3/lib/python3.11/site-packages/airflow/example_dags/example_dynamic_task_mapping.py
[2025-03-27T15:16:33.418-0500] {processor.py:914} INFO - Processing file /home/udhbhav/miniconda3/lib/python3.11/site-packages/airflow/example_dags/example_dynamic_task_mapping.py for tasks to queue
[2025-03-27T15:16:33.419-0500] {logging_mixin.py:190} INFO - [2025-03-27T15:16:33.419-0500] {dagbag.py:588} INFO - Filling up the DagBag from /home/udhbhav/miniconda3/lib/python3.11/site-packages/airflow/example_dags/example_dynamic_task_mapping.py
[2025-03-27T15:16:33.423-0500] {processor.py:925} INFO - DAG(s) 'example_dynamic_task_mapping' retrieved from /home/udhbhav/miniconda3/lib/python3.11/site-packages/airflow/example_dags/example_dynamic_task_mapping.py
[2025-03-27T15:16:33.430-0500] {logging_mixin.py:190} INFO - [2025-03-27T15:16:33.430-0500] {dag.py:3239} INFO - Sync 1 DAGs
[2025-03-27T15:16:33.436-0500] {logging_mixin.py:190} INFO - [2025-03-27T15:16:33.436-0500] {dag.py:4180} INFO - Setting next_dagrun for example_dynamic_task_mapping to None, run_after=None
[2025-03-27T15:16:33.552-0500] {processor.py:208} INFO - Processing /home/udhbhav/miniconda3/lib/python3.11/site-packages/airflow/example_dags/example_dynamic_task_mapping.py took 0.137 seconds
[2025-03-27T15:17:42.484-0500] {processor.py:186} INFO - Started process (PID=1801036) to work on /home/udhbhav/miniconda3/lib/python3.11/site-packages/airflow/example_dags/example_dynamic_task_mapping.py
[2025-03-27T15:17:42.484-0500] {processor.py:914} INFO - Processing file /home/udhbhav/miniconda3/lib/python3.11/site-packages/airflow/example_dags/example_dynamic_task_mapping.py for tasks to queue
[2025-03-27T15:17:42.485-0500] {logging_mixin.py:190} INFO - [2025-03-27T15:17:42.485-0500] {dagbag.py:588} INFO - Filling up the DagBag from /home/udhbhav/miniconda3/lib/python3.11/site-packages/airflow/example_dags/example_dynamic_task_mapping.py
[2025-03-27T15:17:42.489-0500] {processor.py:925} INFO - DAG(s) 'example_dynamic_task_mapping' retrieved from /home/udhbhav/miniconda3/lib/python3.11/site-packages/airflow/example_dags/example_dynamic_task_mapping.py
[2025-03-27T15:17:42.496-0500] {logging_mixin.py:190} INFO - [2025-03-27T15:17:42.496-0500] {dag.py:3239} INFO - Sync 1 DAGs
[2025-03-27T15:17:42.501-0500] {logging_mixin.py:190} INFO - [2025-03-27T15:17:42.501-0500] {dag.py:4180} INFO - Setting next_dagrun for example_dynamic_task_mapping to None, run_after=None
[2025-03-27T15:17:42.610-0500] {processor.py:208} INFO - Processing /home/udhbhav/miniconda3/lib/python3.11/site-packages/airflow/example_dags/example_dynamic_task_mapping.py took 0.129 seconds
[2025-03-27T15:18:49.024-0500] {processor.py:186} INFO - Started process (PID=1801697) to work on /home/udhbhav/miniconda3/lib/python3.11/site-packages/airflow/example_dags/example_dynamic_task_mapping.py
[2025-03-27T15:18:49.024-0500] {processor.py:914} INFO - Processing file /home/udhbhav/miniconda3/lib/python3.11/site-packages/airflow/example_dags/example_dynamic_task_mapping.py for tasks to queue
[2025-03-27T15:18:49.025-0500] {logging_mixin.py:190} INFO - [2025-03-27T15:18:49.025-0500] {dagbag.py:588} INFO - Filling up the DagBag from /home/udhbhav/miniconda3/lib/python3.11/site-packages/airflow/example_dags/example_dynamic_task_mapping.py
[2025-03-27T15:18:49.029-0500] {processor.py:925} INFO - DAG(s) 'example_dynamic_task_mapping' retrieved from /home/udhbhav/miniconda3/lib/python3.11/site-packages/airflow/example_dags/example_dynamic_task_mapping.py
[2025-03-27T15:18:49.036-0500] {logging_mixin.py:190} INFO - [2025-03-27T15:18:49.036-0500] {dag.py:3239} INFO - Sync 1 DAGs
[2025-03-27T15:18:49.041-0500] {logging_mixin.py:190} INFO - [2025-03-27T15:18:49.041-0500] {dag.py:4180} INFO - Setting next_dagrun for example_dynamic_task_mapping to None, run_after=None
[2025-03-27T15:18:49.148-0500] {processor.py:208} INFO - Processing /home/udhbhav/miniconda3/lib/python3.11/site-packages/airflow/example_dags/example_dynamic_task_mapping.py took 0.127 seconds
[2025-03-27T15:19:59.538-0500] {processor.py:186} INFO - Started process (PID=1802416) to work on /home/udhbhav/miniconda3/lib/python3.11/site-packages/airflow/example_dags/example_dynamic_task_mapping.py
[2025-03-27T15:19:59.539-0500] {processor.py:914} INFO - Processing file /home/udhbhav/miniconda3/lib/python3.11/site-packages/airflow/example_dags/example_dynamic_task_mapping.py for tasks to queue
[2025-03-27T15:19:59.540-0500] {logging_mixin.py:190} INFO - [2025-03-27T15:19:59.540-0500] {dagbag.py:588} INFO - Filling up the DagBag from /home/udhbhav/miniconda3/lib/python3.11/site-packages/airflow/example_dags/example_dynamic_task_mapping.py
[2025-03-27T15:19:59.544-0500] {processor.py:925} INFO - DAG(s) 'example_dynamic_task_mapping' retrieved from /home/udhbhav/miniconda3/lib/python3.11/site-packages/airflow/example_dags/example_dynamic_task_mapping.py
[2025-03-27T15:19:59.551-0500] {logging_mixin.py:190} INFO - [2025-03-27T15:19:59.551-0500] {dag.py:3239} INFO - Sync 1 DAGs
[2025-03-27T15:19:59.556-0500] {logging_mixin.py:190} INFO - [2025-03-27T15:19:59.556-0500] {dag.py:4180} INFO - Setting next_dagrun for example_dynamic_task_mapping to None, run_after=None
[2025-03-27T15:19:59.663-0500] {processor.py:208} INFO - Processing /home/udhbhav/miniconda3/lib/python3.11/site-packages/airflow/example_dags/example_dynamic_task_mapping.py took 0.128 seconds
[2025-03-27T15:21:05.163-0500] {processor.py:186} INFO - Started process (PID=1806419) to work on /home/udhbhav/miniconda3/lib/python3.11/site-packages/airflow/example_dags/example_dynamic_task_mapping.py
[2025-03-27T15:21:05.164-0500] {processor.py:914} INFO - Processing file /home/udhbhav/miniconda3/lib/python3.11/site-packages/airflow/example_dags/example_dynamic_task_mapping.py for tasks to queue
[2025-03-27T15:21:05.165-0500] {logging_mixin.py:190} INFO - [2025-03-27T15:21:05.165-0500] {dagbag.py:588} INFO - Filling up the DagBag from /home/udhbhav/miniconda3/lib/python3.11/site-packages/airflow/example_dags/example_dynamic_task_mapping.py
[2025-03-27T15:21:05.170-0500] {processor.py:925} INFO - DAG(s) 'example_dynamic_task_mapping' retrieved from /home/udhbhav/miniconda3/lib/python3.11/site-packages/airflow/example_dags/example_dynamic_task_mapping.py
[2025-03-27T15:21:05.178-0500] {logging_mixin.py:190} INFO - [2025-03-27T15:21:05.178-0500] {dag.py:3239} INFO - Sync 1 DAGs
[2025-03-27T15:21:05.184-0500] {logging_mixin.py:190} INFO - [2025-03-27T15:21:05.184-0500] {dag.py:4180} INFO - Setting next_dagrun for example_dynamic_task_mapping to None, run_after=None
[2025-03-27T15:21:05.291-0500] {processor.py:208} INFO - Processing /home/udhbhav/miniconda3/lib/python3.11/site-packages/airflow/example_dags/example_dynamic_task_mapping.py took 0.131 seconds
[2025-03-27T15:22:17.991-0500] {processor.py:186} INFO - Started process (PID=1808573) to work on /home/udhbhav/miniconda3/lib/python3.11/site-packages/airflow/example_dags/example_dynamic_task_mapping.py
[2025-03-27T15:22:17.991-0500] {processor.py:914} INFO - Processing file /home/udhbhav/miniconda3/lib/python3.11/site-packages/airflow/example_dags/example_dynamic_task_mapping.py for tasks to queue
[2025-03-27T15:22:17.992-0500] {logging_mixin.py:190} INFO - [2025-03-27T15:22:17.992-0500] {dagbag.py:588} INFO - Filling up the DagBag from /home/udhbhav/miniconda3/lib/python3.11/site-packages/airflow/example_dags/example_dynamic_task_mapping.py
[2025-03-27T15:22:17.996-0500] {processor.py:925} INFO - DAG(s) 'example_dynamic_task_mapping' retrieved from /home/udhbhav/miniconda3/lib/python3.11/site-packages/airflow/example_dags/example_dynamic_task_mapping.py
[2025-03-27T15:22:18.003-0500] {logging_mixin.py:190} INFO - [2025-03-27T15:22:18.003-0500] {dag.py:3239} INFO - Sync 1 DAGs
[2025-03-27T15:22:18.008-0500] {logging_mixin.py:190} INFO - [2025-03-27T15:22:18.008-0500] {dag.py:4180} INFO - Setting next_dagrun for example_dynamic_task_mapping to None, run_after=None
[2025-03-27T15:22:18.153-0500] {processor.py:208} INFO - Processing /home/udhbhav/miniconda3/lib/python3.11/site-packages/airflow/example_dags/example_dynamic_task_mapping.py took 0.165 seconds
[2025-03-27T15:23:36.414-0500] {processor.py:186} INFO - Started process (PID=1809341) to work on /home/udhbhav/miniconda3/lib/python3.11/site-packages/airflow/example_dags/example_dynamic_task_mapping.py
[2025-03-27T15:23:36.415-0500] {processor.py:914} INFO - Processing file /home/udhbhav/miniconda3/lib/python3.11/site-packages/airflow/example_dags/example_dynamic_task_mapping.py for tasks to queue
[2025-03-27T15:23:36.416-0500] {logging_mixin.py:190} INFO - [2025-03-27T15:23:36.416-0500] {dagbag.py:588} INFO - Filling up the DagBag from /home/udhbhav/miniconda3/lib/python3.11/site-packages/airflow/example_dags/example_dynamic_task_mapping.py
[2025-03-27T15:23:36.420-0500] {processor.py:925} INFO - DAG(s) 'example_dynamic_task_mapping' retrieved from /home/udhbhav/miniconda3/lib/python3.11/site-packages/airflow/example_dags/example_dynamic_task_mapping.py
[2025-03-27T15:23:36.427-0500] {logging_mixin.py:190} INFO - [2025-03-27T15:23:36.427-0500] {dag.py:3239} INFO - Sync 1 DAGs
[2025-03-27T15:23:36.432-0500] {logging_mixin.py:190} INFO - [2025-03-27T15:23:36.432-0500] {dag.py:4180} INFO - Setting next_dagrun for example_dynamic_task_mapping to None, run_after=None
[2025-03-27T15:23:36.531-0500] {processor.py:208} INFO - Processing /home/udhbhav/miniconda3/lib/python3.11/site-packages/airflow/example_dags/example_dynamic_task_mapping.py took 0.119 seconds
[2025-03-27T15:24:44.740-0500] {processor.py:186} INFO - Started process (PID=1810194) to work on /home/udhbhav/miniconda3/lib/python3.11/site-packages/airflow/example_dags/example_dynamic_task_mapping.py
[2025-03-27T15:24:44.740-0500] {processor.py:914} INFO - Processing file /home/udhbhav/miniconda3/lib/python3.11/site-packages/airflow/example_dags/example_dynamic_task_mapping.py for tasks to queue
[2025-03-27T15:24:44.741-0500] {logging_mixin.py:190} INFO - [2025-03-27T15:24:44.741-0500] {dagbag.py:588} INFO - Filling up the DagBag from /home/udhbhav/miniconda3/lib/python3.11/site-packages/airflow/example_dags/example_dynamic_task_mapping.py
[2025-03-27T15:24:44.745-0500] {processor.py:925} INFO - DAG(s) 'example_dynamic_task_mapping' retrieved from /home/udhbhav/miniconda3/lib/python3.11/site-packages/airflow/example_dags/example_dynamic_task_mapping.py
[2025-03-27T15:24:44.753-0500] {logging_mixin.py:190} INFO - [2025-03-27T15:24:44.752-0500] {dag.py:3239} INFO - Sync 1 DAGs
[2025-03-27T15:24:44.758-0500] {logging_mixin.py:190} INFO - [2025-03-27T15:24:44.758-0500] {dag.py:4180} INFO - Setting next_dagrun for example_dynamic_task_mapping to None, run_after=None
[2025-03-27T15:24:44.907-0500] {processor.py:208} INFO - Processing /home/udhbhav/miniconda3/lib/python3.11/site-packages/airflow/example_dags/example_dynamic_task_mapping.py took 0.170 seconds
[2025-03-27T15:26:18.207-0500] {processor.py:186} INFO - Started process (PID=1811039) to work on /home/udhbhav/miniconda3/lib/python3.11/site-packages/airflow/example_dags/example_dynamic_task_mapping.py
[2025-03-27T15:26:18.208-0500] {processor.py:914} INFO - Processing file /home/udhbhav/miniconda3/lib/python3.11/site-packages/airflow/example_dags/example_dynamic_task_mapping.py for tasks to queue
[2025-03-27T15:26:18.209-0500] {logging_mixin.py:190} INFO - [2025-03-27T15:26:18.208-0500] {dagbag.py:588} INFO - Filling up the DagBag from /home/udhbhav/miniconda3/lib/python3.11/site-packages/airflow/example_dags/example_dynamic_task_mapping.py
[2025-03-27T15:26:18.213-0500] {processor.py:925} INFO - DAG(s) 'example_dynamic_task_mapping' retrieved from /home/udhbhav/miniconda3/lib/python3.11/site-packages/airflow/example_dags/example_dynamic_task_mapping.py
[2025-03-27T15:26:18.220-0500] {logging_mixin.py:190} INFO - [2025-03-27T15:26:18.220-0500] {dag.py:3239} INFO - Sync 1 DAGs
[2025-03-27T15:26:18.225-0500] {logging_mixin.py:190} INFO - [2025-03-27T15:26:18.225-0500] {dag.py:4180} INFO - Setting next_dagrun for example_dynamic_task_mapping to None, run_after=None
[2025-03-27T15:26:18.398-0500] {processor.py:208} INFO - Processing /home/udhbhav/miniconda3/lib/python3.11/site-packages/airflow/example_dags/example_dynamic_task_mapping.py took 0.194 seconds
[2025-03-27T15:27:33.932-0500] {processor.py:186} INFO - Started process (PID=1811746) to work on /home/udhbhav/miniconda3/lib/python3.11/site-packages/airflow/example_dags/example_dynamic_task_mapping.py
[2025-03-27T15:27:33.932-0500] {processor.py:914} INFO - Processing file /home/udhbhav/miniconda3/lib/python3.11/site-packages/airflow/example_dags/example_dynamic_task_mapping.py for tasks to queue
[2025-03-27T15:27:33.933-0500] {logging_mixin.py:190} INFO - [2025-03-27T15:27:33.933-0500] {dagbag.py:588} INFO - Filling up the DagBag from /home/udhbhav/miniconda3/lib/python3.11/site-packages/airflow/example_dags/example_dynamic_task_mapping.py
[2025-03-27T15:27:33.938-0500] {processor.py:925} INFO - DAG(s) 'example_dynamic_task_mapping' retrieved from /home/udhbhav/miniconda3/lib/python3.11/site-packages/airflow/example_dags/example_dynamic_task_mapping.py
[2025-03-27T15:27:33.945-0500] {logging_mixin.py:190} INFO - [2025-03-27T15:27:33.945-0500] {dag.py:3239} INFO - Sync 1 DAGs
[2025-03-27T15:27:33.950-0500] {logging_mixin.py:190} INFO - [2025-03-27T15:27:33.950-0500] {dag.py:4180} INFO - Setting next_dagrun for example_dynamic_task_mapping to None, run_after=None
[2025-03-27T15:27:34.057-0500] {processor.py:208} INFO - Processing /home/udhbhav/miniconda3/lib/python3.11/site-packages/airflow/example_dags/example_dynamic_task_mapping.py took 0.128 seconds
[2025-03-27T15:29:07.958-0500] {processor.py:186} INFO - Started process (PID=1812641) to work on /home/udhbhav/miniconda3/lib/python3.11/site-packages/airflow/example_dags/example_dynamic_task_mapping.py
[2025-03-27T15:29:07.958-0500] {processor.py:914} INFO - Processing file /home/udhbhav/miniconda3/lib/python3.11/site-packages/airflow/example_dags/example_dynamic_task_mapping.py for tasks to queue
[2025-03-27T15:29:07.959-0500] {logging_mixin.py:190} INFO - [2025-03-27T15:29:07.959-0500] {dagbag.py:588} INFO - Filling up the DagBag from /home/udhbhav/miniconda3/lib/python3.11/site-packages/airflow/example_dags/example_dynamic_task_mapping.py
[2025-03-27T15:29:07.964-0500] {processor.py:925} INFO - DAG(s) 'example_dynamic_task_mapping' retrieved from /home/udhbhav/miniconda3/lib/python3.11/site-packages/airflow/example_dags/example_dynamic_task_mapping.py
[2025-03-27T15:29:07.971-0500] {logging_mixin.py:190} INFO - [2025-03-27T15:29:07.970-0500] {dag.py:3239} INFO - Sync 1 DAGs
[2025-03-27T15:29:07.976-0500] {logging_mixin.py:190} INFO - [2025-03-27T15:29:07.976-0500] {dag.py:4180} INFO - Setting next_dagrun for example_dynamic_task_mapping to None, run_after=None
[2025-03-27T15:29:08.956-0500] {processor.py:208} INFO - Processing /home/udhbhav/miniconda3/lib/python3.11/site-packages/airflow/example_dags/example_dynamic_task_mapping.py took 1.001 seconds
[2025-03-27T15:30:02.337-0500] {processor.py:186} INFO - Started process (PID=1813208) to work on /home/udhbhav/miniconda3/lib/python3.11/site-packages/airflow/example_dags/example_dynamic_task_mapping.py
[2025-03-27T15:30:02.337-0500] {processor.py:914} INFO - Processing file /home/udhbhav/miniconda3/lib/python3.11/site-packages/airflow/example_dags/example_dynamic_task_mapping.py for tasks to queue
[2025-03-27T15:30:02.338-0500] {logging_mixin.py:190} INFO - [2025-03-27T15:30:02.338-0500] {dagbag.py:588} INFO - Filling up the DagBag from /home/udhbhav/miniconda3/lib/python3.11/site-packages/airflow/example_dags/example_dynamic_task_mapping.py
[2025-03-27T15:30:02.342-0500] {processor.py:925} INFO - DAG(s) 'example_dynamic_task_mapping' retrieved from /home/udhbhav/miniconda3/lib/python3.11/site-packages/airflow/example_dags/example_dynamic_task_mapping.py
[2025-03-27T15:30:02.349-0500] {logging_mixin.py:190} INFO - [2025-03-27T15:30:02.349-0500] {dag.py:3239} INFO - Sync 1 DAGs
[2025-03-27T15:30:02.354-0500] {logging_mixin.py:190} INFO - [2025-03-27T15:30:02.354-0500] {dag.py:4180} INFO - Setting next_dagrun for example_dynamic_task_mapping to None, run_after=None
[2025-03-27T15:30:03.208-0500] {processor.py:208} INFO - Processing /home/udhbhav/miniconda3/lib/python3.11/site-packages/airflow/example_dags/example_dynamic_task_mapping.py took 0.875 seconds
[2025-03-27T15:30:59.642-0500] {processor.py:186} INFO - Started process (PID=1813705) to work on /home/udhbhav/miniconda3/lib/python3.11/site-packages/airflow/example_dags/example_dynamic_task_mapping.py
[2025-03-27T15:30:59.643-0500] {processor.py:914} INFO - Processing file /home/udhbhav/miniconda3/lib/python3.11/site-packages/airflow/example_dags/example_dynamic_task_mapping.py for tasks to queue
[2025-03-27T15:30:59.644-0500] {logging_mixin.py:190} INFO - [2025-03-27T15:30:59.643-0500] {dagbag.py:588} INFO - Filling up the DagBag from /home/udhbhav/miniconda3/lib/python3.11/site-packages/airflow/example_dags/example_dynamic_task_mapping.py
[2025-03-27T15:30:59.648-0500] {processor.py:925} INFO - DAG(s) 'example_dynamic_task_mapping' retrieved from /home/udhbhav/miniconda3/lib/python3.11/site-packages/airflow/example_dags/example_dynamic_task_mapping.py
[2025-03-27T15:30:59.655-0500] {logging_mixin.py:190} INFO - [2025-03-27T15:30:59.655-0500] {dag.py:3239} INFO - Sync 1 DAGs
[2025-03-27T15:30:59.660-0500] {logging_mixin.py:190} INFO - [2025-03-27T15:30:59.660-0500] {dag.py:4180} INFO - Setting next_dagrun for example_dynamic_task_mapping to None, run_after=None
[2025-03-27T15:30:59.973-0500] {processor.py:208} INFO - Processing /home/udhbhav/miniconda3/lib/python3.11/site-packages/airflow/example_dags/example_dynamic_task_mapping.py took 0.333 seconds
[2025-03-27T15:31:54.127-0500] {processor.py:186} INFO - Started process (PID=1814287) to work on /home/udhbhav/miniconda3/lib/python3.11/site-packages/airflow/example_dags/example_dynamic_task_mapping.py
[2025-03-27T15:31:54.128-0500] {processor.py:914} INFO - Processing file /home/udhbhav/miniconda3/lib/python3.11/site-packages/airflow/example_dags/example_dynamic_task_mapping.py for tasks to queue
[2025-03-27T15:31:54.129-0500] {logging_mixin.py:190} INFO - [2025-03-27T15:31:54.129-0500] {dagbag.py:588} INFO - Filling up the DagBag from /home/udhbhav/miniconda3/lib/python3.11/site-packages/airflow/example_dags/example_dynamic_task_mapping.py
[2025-03-27T15:31:54.133-0500] {processor.py:925} INFO - DAG(s) 'example_dynamic_task_mapping' retrieved from /home/udhbhav/miniconda3/lib/python3.11/site-packages/airflow/example_dags/example_dynamic_task_mapping.py
[2025-03-27T15:31:54.140-0500] {logging_mixin.py:190} INFO - [2025-03-27T15:31:54.140-0500] {dag.py:3239} INFO - Sync 1 DAGs
[2025-03-27T15:31:54.146-0500] {logging_mixin.py:190} INFO - [2025-03-27T15:31:54.146-0500] {dag.py:4180} INFO - Setting next_dagrun for example_dynamic_task_mapping to None, run_after=None
[2025-03-27T15:31:54.267-0500] {processor.py:208} INFO - Processing /home/udhbhav/miniconda3/lib/python3.11/site-packages/airflow/example_dags/example_dynamic_task_mapping.py took 0.143 seconds
[2025-03-27T15:33:06.675-0500] {processor.py:186} INFO - Started process (PID=1814894) to work on /home/udhbhav/miniconda3/lib/python3.11/site-packages/airflow/example_dags/example_dynamic_task_mapping.py
[2025-03-27T15:33:06.675-0500] {processor.py:914} INFO - Processing file /home/udhbhav/miniconda3/lib/python3.11/site-packages/airflow/example_dags/example_dynamic_task_mapping.py for tasks to queue
[2025-03-27T15:33:06.676-0500] {logging_mixin.py:190} INFO - [2025-03-27T15:33:06.676-0500] {dagbag.py:588} INFO - Filling up the DagBag from /home/udhbhav/miniconda3/lib/python3.11/site-packages/airflow/example_dags/example_dynamic_task_mapping.py
[2025-03-27T15:33:06.681-0500] {processor.py:925} INFO - DAG(s) 'example_dynamic_task_mapping' retrieved from /home/udhbhav/miniconda3/lib/python3.11/site-packages/airflow/example_dags/example_dynamic_task_mapping.py
[2025-03-27T15:33:06.688-0500] {logging_mixin.py:190} INFO - [2025-03-27T15:33:06.688-0500] {dag.py:3239} INFO - Sync 1 DAGs
[2025-03-27T15:33:06.693-0500] {logging_mixin.py:190} INFO - [2025-03-27T15:33:06.693-0500] {dag.py:4180} INFO - Setting next_dagrun for example_dynamic_task_mapping to None, run_after=None
[2025-03-27T15:33:06.808-0500] {processor.py:208} INFO - Processing /home/udhbhav/miniconda3/lib/python3.11/site-packages/airflow/example_dags/example_dynamic_task_mapping.py took 0.136 seconds
[2025-03-27T15:34:13.983-0500] {processor.py:186} INFO - Started process (PID=1815530) to work on /home/udhbhav/miniconda3/lib/python3.11/site-packages/airflow/example_dags/example_dynamic_task_mapping.py
[2025-03-27T15:34:13.984-0500] {processor.py:914} INFO - Processing file /home/udhbhav/miniconda3/lib/python3.11/site-packages/airflow/example_dags/example_dynamic_task_mapping.py for tasks to queue
[2025-03-27T15:34:13.985-0500] {logging_mixin.py:190} INFO - [2025-03-27T15:34:13.984-0500] {dagbag.py:588} INFO - Filling up the DagBag from /home/udhbhav/miniconda3/lib/python3.11/site-packages/airflow/example_dags/example_dynamic_task_mapping.py
[2025-03-27T15:34:13.989-0500] {processor.py:925} INFO - DAG(s) 'example_dynamic_task_mapping' retrieved from /home/udhbhav/miniconda3/lib/python3.11/site-packages/airflow/example_dags/example_dynamic_task_mapping.py
[2025-03-27T15:34:13.996-0500] {logging_mixin.py:190} INFO - [2025-03-27T15:34:13.996-0500] {dag.py:3239} INFO - Sync 1 DAGs
[2025-03-27T15:34:14.002-0500] {logging_mixin.py:190} INFO - [2025-03-27T15:34:14.002-0500] {dag.py:4180} INFO - Setting next_dagrun for example_dynamic_task_mapping to None, run_after=None
[2025-03-27T15:34:14.111-0500] {processor.py:208} INFO - Processing /home/udhbhav/miniconda3/lib/python3.11/site-packages/airflow/example_dags/example_dynamic_task_mapping.py took 0.131 seconds
[2025-03-27T15:35:18.402-0500] {processor.py:186} INFO - Started process (PID=1816182) to work on /home/udhbhav/miniconda3/lib/python3.11/site-packages/airflow/example_dags/example_dynamic_task_mapping.py
[2025-03-27T15:35:18.403-0500] {processor.py:914} INFO - Processing file /home/udhbhav/miniconda3/lib/python3.11/site-packages/airflow/example_dags/example_dynamic_task_mapping.py for tasks to queue
[2025-03-27T15:35:18.404-0500] {logging_mixin.py:190} INFO - [2025-03-27T15:35:18.404-0500] {dagbag.py:588} INFO - Filling up the DagBag from /home/udhbhav/miniconda3/lib/python3.11/site-packages/airflow/example_dags/example_dynamic_task_mapping.py
[2025-03-27T15:35:18.409-0500] {processor.py:925} INFO - DAG(s) 'example_dynamic_task_mapping' retrieved from /home/udhbhav/miniconda3/lib/python3.11/site-packages/airflow/example_dags/example_dynamic_task_mapping.py
[2025-03-27T15:35:18.416-0500] {logging_mixin.py:190} INFO - [2025-03-27T15:35:18.416-0500] {dag.py:3239} INFO - Sync 1 DAGs
[2025-03-27T15:35:18.421-0500] {logging_mixin.py:190} INFO - [2025-03-27T15:35:18.421-0500] {dag.py:4180} INFO - Setting next_dagrun for example_dynamic_task_mapping to None, run_after=None
[2025-03-27T15:35:18.530-0500] {processor.py:208} INFO - Processing /home/udhbhav/miniconda3/lib/python3.11/site-packages/airflow/example_dags/example_dynamic_task_mapping.py took 0.130 seconds
[2025-03-27T15:36:10.443-0500] {processor.py:186} INFO - Started process (PID=1816690) to work on /home/udhbhav/miniconda3/lib/python3.11/site-packages/airflow/example_dags/example_dynamic_task_mapping.py
[2025-03-27T15:36:10.444-0500] {processor.py:914} INFO - Processing file /home/udhbhav/miniconda3/lib/python3.11/site-packages/airflow/example_dags/example_dynamic_task_mapping.py for tasks to queue
[2025-03-27T15:36:10.445-0500] {logging_mixin.py:190} INFO - [2025-03-27T15:36:10.445-0500] {dagbag.py:588} INFO - Filling up the DagBag from /home/udhbhav/miniconda3/lib/python3.11/site-packages/airflow/example_dags/example_dynamic_task_mapping.py
[2025-03-27T15:36:10.450-0500] {processor.py:925} INFO - DAG(s) 'example_dynamic_task_mapping' retrieved from /home/udhbhav/miniconda3/lib/python3.11/site-packages/airflow/example_dags/example_dynamic_task_mapping.py
[2025-03-27T15:36:10.458-0500] {logging_mixin.py:190} INFO - [2025-03-27T15:36:10.458-0500] {dag.py:3239} INFO - Sync 1 DAGs
[2025-03-27T15:36:10.464-0500] {logging_mixin.py:190} INFO - [2025-03-27T15:36:10.464-0500] {dag.py:4180} INFO - Setting next_dagrun for example_dynamic_task_mapping to None, run_after=None
[2025-03-27T15:36:10.756-0500] {processor.py:208} INFO - Processing /home/udhbhav/miniconda3/lib/python3.11/site-packages/airflow/example_dags/example_dynamic_task_mapping.py took 0.315 seconds
