[2025-03-27T14:24:59.881-0500] {processor.py:186} INFO - Started process (PID=1762465) to work on /home/udhbhav/miniconda3/lib/python3.11/site-packages/airflow/example_dags/example_complex.py
[2025-03-27T14:24:59.881-0500] {processor.py:914} INFO - Processing file /home/udhbhav/miniconda3/lib/python3.11/site-packages/airflow/example_dags/example_complex.py for tasks to queue
[2025-03-27T14:24:59.882-0500] {logging_mixin.py:190} INFO - [2025-03-27T14:24:59.882-0500] {dagbag.py:588} INFO - Filling up the DagBag from /home/udhbhav/miniconda3/lib/python3.11/site-packages/airflow/example_dags/example_complex.py
[2025-03-27T14:24:59.889-0500] {processor.py:925} INFO - DAG(s) 'example_complex' retrieved from /home/udhbhav/miniconda3/lib/python3.11/site-packages/airflow/example_dags/example_complex.py
[2025-03-27T14:25:00.189-0500] {logging_mixin.py:190} INFO - [2025-03-27T14:25:00.188-0500] {override.py:1912} INFO - Created Permission View: can read on DAG:example_complex
[2025-03-27T14:25:00.323-0500] {logging_mixin.py:190} INFO - [2025-03-27T14:25:00.323-0500] {override.py:1912} INFO - Created Permission View: can edit on DAG:example_complex
[2025-03-27T14:25:00.444-0500] {logging_mixin.py:190} INFO - [2025-03-27T14:25:00.444-0500] {override.py:1912} INFO - Created Permission View: can delete on DAG:example_complex
[2025-03-27T14:25:00.593-0500] {logging_mixin.py:190} INFO - [2025-03-27T14:25:00.592-0500] {override.py:1912} INFO - Created Permission View: can read on DAG Run:example_complex
[2025-03-27T14:25:00.667-0500] {logging_mixin.py:190} INFO - [2025-03-27T14:25:00.667-0500] {override.py:1912} INFO - Created Permission View: menu access on DAG Run:example_complex
[2025-03-27T14:25:00.740-0500] {logging_mixin.py:190} INFO - [2025-03-27T14:25:00.740-0500] {override.py:1912} INFO - Created Permission View: can create on DAG Run:example_complex
[2025-03-27T14:25:00.814-0500] {logging_mixin.py:190} INFO - [2025-03-27T14:25:00.813-0500] {override.py:1912} INFO - Created Permission View: can delete on DAG Run:example_complex
[2025-03-27T14:25:00.814-0500] {logging_mixin.py:190} INFO - [2025-03-27T14:25:00.814-0500] {dag.py:3239} INFO - Sync 1 DAGs
[2025-03-27T14:25:00.819-0500] {logging_mixin.py:190} INFO - [2025-03-27T14:25:00.819-0500] {dag.py:3262} INFO - Creating ORM DAG for example_complex
[2025-03-27T14:25:00.819-0500] {logging_mixin.py:190} INFO - [2025-03-27T14:25:00.819-0500] {dag.py:4180} INFO - Setting next_dagrun for example_complex to None, run_after=None
[2025-03-27T14:25:00.904-0500] {processor.py:208} INFO - Processing /home/udhbhav/miniconda3/lib/python3.11/site-packages/airflow/example_dags/example_complex.py took 1.026 seconds
[2025-03-27T14:28:07.041-0500] {processor.py:186} INFO - Started process (PID=1764128) to work on /home/udhbhav/miniconda3/lib/python3.11/site-packages/airflow/example_dags/example_complex.py
[2025-03-27T14:28:07.041-0500] {processor.py:914} INFO - Processing file /home/udhbhav/miniconda3/lib/python3.11/site-packages/airflow/example_dags/example_complex.py for tasks to queue
[2025-03-27T14:28:07.042-0500] {logging_mixin.py:190} INFO - [2025-03-27T14:28:07.042-0500] {dagbag.py:588} INFO - Filling up the DagBag from /home/udhbhav/miniconda3/lib/python3.11/site-packages/airflow/example_dags/example_complex.py
[2025-03-27T14:28:07.049-0500] {processor.py:925} INFO - DAG(s) 'example_complex' retrieved from /home/udhbhav/miniconda3/lib/python3.11/site-packages/airflow/example_dags/example_complex.py
[2025-03-27T14:28:07.062-0500] {logging_mixin.py:190} INFO - [2025-03-27T14:28:07.061-0500] {dag.py:3239} INFO - Sync 1 DAGs
[2025-03-27T14:28:07.068-0500] {logging_mixin.py:190} INFO - [2025-03-27T14:28:07.068-0500] {dag.py:4180} INFO - Setting next_dagrun for example_complex to None, run_after=None
[2025-03-27T14:28:07.218-0500] {processor.py:208} INFO - Processing /home/udhbhav/miniconda3/lib/python3.11/site-packages/airflow/example_dags/example_complex.py took 0.180 seconds
[2025-03-27T14:35:24.256-0500] {processor.py:186} INFO - Started process (PID=1768140) to work on /home/udhbhav/miniconda3/lib/python3.11/site-packages/airflow/example_dags/example_complex.py
[2025-03-27T14:35:24.256-0500] {processor.py:914} INFO - Processing file /home/udhbhav/miniconda3/lib/python3.11/site-packages/airflow/example_dags/example_complex.py for tasks to queue
[2025-03-27T14:35:24.257-0500] {logging_mixin.py:190} INFO - [2025-03-27T14:35:24.257-0500] {dagbag.py:588} INFO - Filling up the DagBag from /home/udhbhav/miniconda3/lib/python3.11/site-packages/airflow/example_dags/example_complex.py
[2025-03-27T14:35:24.263-0500] {processor.py:925} INFO - DAG(s) 'example_complex' retrieved from /home/udhbhav/miniconda3/lib/python3.11/site-packages/airflow/example_dags/example_complex.py
[2025-03-27T14:35:24.280-0500] {logging_mixin.py:190} INFO - [2025-03-27T14:35:24.280-0500] {dag.py:3239} INFO - Sync 1 DAGs
[2025-03-27T14:35:24.285-0500] {logging_mixin.py:190} INFO - [2025-03-27T14:35:24.285-0500] {dag.py:4180} INFO - Setting next_dagrun for example_complex to None, run_after=None
[2025-03-27T14:35:24.392-0500] {processor.py:208} INFO - Processing /home/udhbhav/miniconda3/lib/python3.11/site-packages/airflow/example_dags/example_complex.py took 0.140 seconds
[2025-03-27T14:37:09.042-0500] {processor.py:186} INFO - Started process (PID=1769343) to work on /home/udhbhav/miniconda3/lib/python3.11/site-packages/airflow/example_dags/example_complex.py
[2025-03-27T14:37:09.043-0500] {processor.py:914} INFO - Processing file /home/udhbhav/miniconda3/lib/python3.11/site-packages/airflow/example_dags/example_complex.py for tasks to queue
[2025-03-27T14:37:09.044-0500] {logging_mixin.py:190} INFO - [2025-03-27T14:37:09.044-0500] {dagbag.py:588} INFO - Filling up the DagBag from /home/udhbhav/miniconda3/lib/python3.11/site-packages/airflow/example_dags/example_complex.py
[2025-03-27T14:37:09.050-0500] {processor.py:925} INFO - DAG(s) 'example_complex' retrieved from /home/udhbhav/miniconda3/lib/python3.11/site-packages/airflow/example_dags/example_complex.py
[2025-03-27T14:37:09.065-0500] {logging_mixin.py:190} INFO - [2025-03-27T14:37:09.065-0500] {dag.py:3239} INFO - Sync 1 DAGs
[2025-03-27T14:37:09.072-0500] {logging_mixin.py:190} INFO - [2025-03-27T14:37:09.072-0500] {dag.py:4180} INFO - Setting next_dagrun for example_complex to None, run_after=None
[2025-03-27T14:37:09.180-0500] {processor.py:208} INFO - Processing /home/udhbhav/miniconda3/lib/python3.11/site-packages/airflow/example_dags/example_complex.py took 0.141 seconds
[2025-03-27T14:38:17.137-0500] {processor.py:186} INFO - Started process (PID=1770399) to work on /home/udhbhav/miniconda3/lib/python3.11/site-packages/airflow/example_dags/example_complex.py
[2025-03-27T14:38:17.137-0500] {processor.py:914} INFO - Processing file /home/udhbhav/miniconda3/lib/python3.11/site-packages/airflow/example_dags/example_complex.py for tasks to queue
[2025-03-27T14:38:17.138-0500] {logging_mixin.py:190} INFO - [2025-03-27T14:38:17.138-0500] {dagbag.py:588} INFO - Filling up the DagBag from /home/udhbhav/miniconda3/lib/python3.11/site-packages/airflow/example_dags/example_complex.py
[2025-03-27T14:38:17.144-0500] {processor.py:925} INFO - DAG(s) 'example_complex' retrieved from /home/udhbhav/miniconda3/lib/python3.11/site-packages/airflow/example_dags/example_complex.py
[2025-03-27T14:38:17.157-0500] {logging_mixin.py:190} INFO - [2025-03-27T14:38:17.157-0500] {dag.py:3239} INFO - Sync 1 DAGs
[2025-03-27T14:38:17.162-0500] {logging_mixin.py:190} INFO - [2025-03-27T14:38:17.162-0500] {dag.py:4180} INFO - Setting next_dagrun for example_complex to None, run_after=None
[2025-03-27T14:38:17.269-0500] {processor.py:208} INFO - Processing /home/udhbhav/miniconda3/lib/python3.11/site-packages/airflow/example_dags/example_complex.py took 0.135 seconds
[2025-03-27T14:39:28.749-0500] {processor.py:186} INFO - Started process (PID=1771134) to work on /home/udhbhav/miniconda3/lib/python3.11/site-packages/airflow/example_dags/example_complex.py
[2025-03-27T14:39:28.750-0500] {processor.py:914} INFO - Processing file /home/udhbhav/miniconda3/lib/python3.11/site-packages/airflow/example_dags/example_complex.py for tasks to queue
[2025-03-27T14:39:28.751-0500] {logging_mixin.py:190} INFO - [2025-03-27T14:39:28.751-0500] {dagbag.py:588} INFO - Filling up the DagBag from /home/udhbhav/miniconda3/lib/python3.11/site-packages/airflow/example_dags/example_complex.py
[2025-03-27T14:39:28.757-0500] {processor.py:925} INFO - DAG(s) 'example_complex' retrieved from /home/udhbhav/miniconda3/lib/python3.11/site-packages/airflow/example_dags/example_complex.py
[2025-03-27T14:39:28.770-0500] {logging_mixin.py:190} INFO - [2025-03-27T14:39:28.770-0500] {dag.py:3239} INFO - Sync 1 DAGs
[2025-03-27T14:39:28.775-0500] {logging_mixin.py:190} INFO - [2025-03-27T14:39:28.775-0500] {dag.py:4180} INFO - Setting next_dagrun for example_complex to None, run_after=None
[2025-03-27T14:39:28.882-0500] {processor.py:208} INFO - Processing /home/udhbhav/miniconda3/lib/python3.11/site-packages/airflow/example_dags/example_complex.py took 0.136 seconds
[2025-03-27T14:40:13.669-0500] {processor.py:186} INFO - Started process (PID=1771525) to work on /home/udhbhav/miniconda3/lib/python3.11/site-packages/airflow/example_dags/example_complex.py
[2025-03-27T14:40:13.669-0500] {processor.py:914} INFO - Processing file /home/udhbhav/miniconda3/lib/python3.11/site-packages/airflow/example_dags/example_complex.py for tasks to queue
[2025-03-27T14:40:13.670-0500] {logging_mixin.py:190} INFO - [2025-03-27T14:40:13.670-0500] {dagbag.py:588} INFO - Filling up the DagBag from /home/udhbhav/miniconda3/lib/python3.11/site-packages/airflow/example_dags/example_complex.py
[2025-03-27T14:40:13.677-0500] {processor.py:925} INFO - DAG(s) 'example_complex' retrieved from /home/udhbhav/miniconda3/lib/python3.11/site-packages/airflow/example_dags/example_complex.py
[2025-03-27T14:40:13.689-0500] {logging_mixin.py:190} INFO - [2025-03-27T14:40:13.689-0500] {dag.py:3239} INFO - Sync 1 DAGs
[2025-03-27T14:40:13.694-0500] {logging_mixin.py:190} INFO - [2025-03-27T14:40:13.694-0500] {dag.py:4180} INFO - Setting next_dagrun for example_complex to None, run_after=None
[2025-03-27T14:40:13.801-0500] {processor.py:208} INFO - Processing /home/udhbhav/miniconda3/lib/python3.11/site-packages/airflow/example_dags/example_complex.py took 0.136 seconds
[2025-03-27T14:40:53.440-0500] {processor.py:186} INFO - Started process (PID=1772038) to work on /home/udhbhav/miniconda3/lib/python3.11/site-packages/airflow/example_dags/example_complex.py
[2025-03-27T14:40:53.441-0500] {processor.py:914} INFO - Processing file /home/udhbhav/miniconda3/lib/python3.11/site-packages/airflow/example_dags/example_complex.py for tasks to queue
[2025-03-27T14:40:53.442-0500] {logging_mixin.py:190} INFO - [2025-03-27T14:40:53.442-0500] {dagbag.py:588} INFO - Filling up the DagBag from /home/udhbhav/miniconda3/lib/python3.11/site-packages/airflow/example_dags/example_complex.py
[2025-03-27T14:40:53.448-0500] {processor.py:925} INFO - DAG(s) 'example_complex' retrieved from /home/udhbhav/miniconda3/lib/python3.11/site-packages/airflow/example_dags/example_complex.py
[2025-03-27T14:40:53.461-0500] {logging_mixin.py:190} INFO - [2025-03-27T14:40:53.461-0500] {dag.py:3239} INFO - Sync 1 DAGs
[2025-03-27T14:40:53.466-0500] {logging_mixin.py:190} INFO - [2025-03-27T14:40:53.466-0500] {dag.py:4180} INFO - Setting next_dagrun for example_complex to None, run_after=None
[2025-03-27T14:40:53.573-0500] {processor.py:208} INFO - Processing /home/udhbhav/miniconda3/lib/python3.11/site-packages/airflow/example_dags/example_complex.py took 0.136 seconds
[2025-03-27T14:41:39.434-0500] {processor.py:186} INFO - Started process (PID=1772689) to work on /home/udhbhav/miniconda3/lib/python3.11/site-packages/airflow/example_dags/example_complex.py
[2025-03-27T14:41:39.434-0500] {processor.py:914} INFO - Processing file /home/udhbhav/miniconda3/lib/python3.11/site-packages/airflow/example_dags/example_complex.py for tasks to queue
[2025-03-27T14:41:39.435-0500] {logging_mixin.py:190} INFO - [2025-03-27T14:41:39.435-0500] {dagbag.py:588} INFO - Filling up the DagBag from /home/udhbhav/miniconda3/lib/python3.11/site-packages/airflow/example_dags/example_complex.py
[2025-03-27T14:41:39.442-0500] {processor.py:925} INFO - DAG(s) 'example_complex' retrieved from /home/udhbhav/miniconda3/lib/python3.11/site-packages/airflow/example_dags/example_complex.py
[2025-03-27T14:41:39.454-0500] {logging_mixin.py:190} INFO - [2025-03-27T14:41:39.454-0500] {dag.py:3239} INFO - Sync 1 DAGs
[2025-03-27T14:41:39.459-0500] {logging_mixin.py:190} INFO - [2025-03-27T14:41:39.459-0500] {dag.py:4180} INFO - Setting next_dagrun for example_complex to None, run_after=None
[2025-03-27T14:41:39.566-0500] {processor.py:208} INFO - Processing /home/udhbhav/miniconda3/lib/python3.11/site-packages/airflow/example_dags/example_complex.py took 0.136 seconds
[2025-03-27T14:42:23.691-0500] {processor.py:186} INFO - Started process (PID=1773136) to work on /home/udhbhav/miniconda3/lib/python3.11/site-packages/airflow/example_dags/example_complex.py
[2025-03-27T14:42:23.691-0500] {processor.py:914} INFO - Processing file /home/udhbhav/miniconda3/lib/python3.11/site-packages/airflow/example_dags/example_complex.py for tasks to queue
[2025-03-27T14:42:23.692-0500] {logging_mixin.py:190} INFO - [2025-03-27T14:42:23.692-0500] {dagbag.py:588} INFO - Filling up the DagBag from /home/udhbhav/miniconda3/lib/python3.11/site-packages/airflow/example_dags/example_complex.py
[2025-03-27T14:42:23.698-0500] {processor.py:925} INFO - DAG(s) 'example_complex' retrieved from /home/udhbhav/miniconda3/lib/python3.11/site-packages/airflow/example_dags/example_complex.py
[2025-03-27T14:42:23.711-0500] {logging_mixin.py:190} INFO - [2025-03-27T14:42:23.711-0500] {dag.py:3239} INFO - Sync 1 DAGs
[2025-03-27T14:42:23.716-0500] {logging_mixin.py:190} INFO - [2025-03-27T14:42:23.716-0500] {dag.py:4180} INFO - Setting next_dagrun for example_complex to None, run_after=None
[2025-03-27T14:42:23.823-0500] {processor.py:208} INFO - Processing /home/udhbhav/miniconda3/lib/python3.11/site-packages/airflow/example_dags/example_complex.py took 0.135 seconds
[2025-03-27T14:43:45.228-0500] {processor.py:186} INFO - Started process (PID=1774167) to work on /home/udhbhav/miniconda3/lib/python3.11/site-packages/airflow/example_dags/example_complex.py
[2025-03-27T14:43:45.229-0500] {processor.py:914} INFO - Processing file /home/udhbhav/miniconda3/lib/python3.11/site-packages/airflow/example_dags/example_complex.py for tasks to queue
[2025-03-27T14:43:45.230-0500] {logging_mixin.py:190} INFO - [2025-03-27T14:43:45.230-0500] {dagbag.py:588} INFO - Filling up the DagBag from /home/udhbhav/miniconda3/lib/python3.11/site-packages/airflow/example_dags/example_complex.py
[2025-03-27T14:43:45.237-0500] {processor.py:925} INFO - DAG(s) 'example_complex' retrieved from /home/udhbhav/miniconda3/lib/python3.11/site-packages/airflow/example_dags/example_complex.py
[2025-03-27T14:43:45.250-0500] {logging_mixin.py:190} INFO - [2025-03-27T14:43:45.249-0500] {dag.py:3239} INFO - Sync 1 DAGs
[2025-03-27T14:43:45.255-0500] {logging_mixin.py:190} INFO - [2025-03-27T14:43:45.255-0500] {dag.py:4180} INFO - Setting next_dagrun for example_complex to None, run_after=None
[2025-03-27T14:43:45.362-0500] {processor.py:208} INFO - Processing /home/udhbhav/miniconda3/lib/python3.11/site-packages/airflow/example_dags/example_complex.py took 0.136 seconds
[2025-03-27T14:44:29.813-0500] {processor.py:186} INFO - Started process (PID=1774515) to work on /home/udhbhav/miniconda3/lib/python3.11/site-packages/airflow/example_dags/example_complex.py
[2025-03-27T14:44:29.814-0500] {processor.py:914} INFO - Processing file /home/udhbhav/miniconda3/lib/python3.11/site-packages/airflow/example_dags/example_complex.py for tasks to queue
[2025-03-27T14:44:29.815-0500] {logging_mixin.py:190} INFO - [2025-03-27T14:44:29.815-0500] {dagbag.py:588} INFO - Filling up the DagBag from /home/udhbhav/miniconda3/lib/python3.11/site-packages/airflow/example_dags/example_complex.py
[2025-03-27T14:44:29.821-0500] {processor.py:925} INFO - DAG(s) 'example_complex' retrieved from /home/udhbhav/miniconda3/lib/python3.11/site-packages/airflow/example_dags/example_complex.py
[2025-03-27T14:44:29.833-0500] {logging_mixin.py:190} INFO - [2025-03-27T14:44:29.833-0500] {dag.py:3239} INFO - Sync 1 DAGs
[2025-03-27T14:44:29.839-0500] {logging_mixin.py:190} INFO - [2025-03-27T14:44:29.839-0500] {dag.py:4180} INFO - Setting next_dagrun for example_complex to None, run_after=None
[2025-03-27T14:44:29.944-0500] {processor.py:208} INFO - Processing /home/udhbhav/miniconda3/lib/python3.11/site-packages/airflow/example_dags/example_complex.py took 0.133 seconds
[2025-03-27T14:45:41.061-0500] {processor.py:186} INFO - Started process (PID=1775280) to work on /home/udhbhav/miniconda3/lib/python3.11/site-packages/airflow/example_dags/example_complex.py
[2025-03-27T14:45:41.061-0500] {processor.py:914} INFO - Processing file /home/udhbhav/miniconda3/lib/python3.11/site-packages/airflow/example_dags/example_complex.py for tasks to queue
[2025-03-27T14:45:41.062-0500] {logging_mixin.py:190} INFO - [2025-03-27T14:45:41.062-0500] {dagbag.py:588} INFO - Filling up the DagBag from /home/udhbhav/miniconda3/lib/python3.11/site-packages/airflow/example_dags/example_complex.py
[2025-03-27T14:45:41.069-0500] {processor.py:925} INFO - DAG(s) 'example_complex' retrieved from /home/udhbhav/miniconda3/lib/python3.11/site-packages/airflow/example_dags/example_complex.py
[2025-03-27T14:45:41.081-0500] {logging_mixin.py:190} INFO - [2025-03-27T14:45:41.081-0500] {dag.py:3239} INFO - Sync 1 DAGs
[2025-03-27T14:45:41.086-0500] {logging_mixin.py:190} INFO - [2025-03-27T14:45:41.086-0500] {dag.py:4180} INFO - Setting next_dagrun for example_complex to None, run_after=None
[2025-03-27T14:45:41.269-0500] {processor.py:208} INFO - Processing /home/udhbhav/miniconda3/lib/python3.11/site-packages/airflow/example_dags/example_complex.py took 0.212 seconds
[2025-03-27T14:46:30.861-0500] {processor.py:186} INFO - Started process (PID=1775716) to work on /home/udhbhav/miniconda3/lib/python3.11/site-packages/airflow/example_dags/example_complex.py
[2025-03-27T14:46:30.861-0500] {processor.py:914} INFO - Processing file /home/udhbhav/miniconda3/lib/python3.11/site-packages/airflow/example_dags/example_complex.py for tasks to queue
[2025-03-27T14:46:30.862-0500] {logging_mixin.py:190} INFO - [2025-03-27T14:46:30.862-0500] {dagbag.py:588} INFO - Filling up the DagBag from /home/udhbhav/miniconda3/lib/python3.11/site-packages/airflow/example_dags/example_complex.py
[2025-03-27T14:46:30.869-0500] {processor.py:925} INFO - DAG(s) 'example_complex' retrieved from /home/udhbhav/miniconda3/lib/python3.11/site-packages/airflow/example_dags/example_complex.py
[2025-03-27T14:46:30.881-0500] {logging_mixin.py:190} INFO - [2025-03-27T14:46:30.881-0500] {dag.py:3239} INFO - Sync 1 DAGs
[2025-03-27T14:46:30.886-0500] {logging_mixin.py:190} INFO - [2025-03-27T14:46:30.886-0500] {dag.py:4180} INFO - Setting next_dagrun for example_complex to None, run_after=None
[2025-03-27T14:46:30.999-0500] {processor.py:208} INFO - Processing /home/udhbhav/miniconda3/lib/python3.11/site-packages/airflow/example_dags/example_complex.py took 0.141 seconds
[2025-03-27T14:47:14.664-0500] {processor.py:186} INFO - Started process (PID=1776132) to work on /home/udhbhav/miniconda3/lib/python3.11/site-packages/airflow/example_dags/example_complex.py
[2025-03-27T14:47:14.664-0500] {processor.py:914} INFO - Processing file /home/udhbhav/miniconda3/lib/python3.11/site-packages/airflow/example_dags/example_complex.py for tasks to queue
[2025-03-27T14:47:14.665-0500] {logging_mixin.py:190} INFO - [2025-03-27T14:47:14.665-0500] {dagbag.py:588} INFO - Filling up the DagBag from /home/udhbhav/miniconda3/lib/python3.11/site-packages/airflow/example_dags/example_complex.py
[2025-03-27T14:47:14.671-0500] {processor.py:925} INFO - DAG(s) 'example_complex' retrieved from /home/udhbhav/miniconda3/lib/python3.11/site-packages/airflow/example_dags/example_complex.py
[2025-03-27T14:47:14.684-0500] {logging_mixin.py:190} INFO - [2025-03-27T14:47:14.684-0500] {dag.py:3239} INFO - Sync 1 DAGs
[2025-03-27T14:47:14.689-0500] {logging_mixin.py:190} INFO - [2025-03-27T14:47:14.689-0500] {dag.py:4180} INFO - Setting next_dagrun for example_complex to None, run_after=None
[2025-03-27T14:47:14.865-0500] {processor.py:208} INFO - Processing /home/udhbhav/miniconda3/lib/python3.11/site-packages/airflow/example_dags/example_complex.py took 0.204 seconds
[2025-03-27T14:48:31.631-0500] {processor.py:186} INFO - Started process (PID=1776848) to work on /home/udhbhav/miniconda3/lib/python3.11/site-packages/airflow/example_dags/example_complex.py
[2025-03-27T14:48:31.632-0500] {processor.py:914} INFO - Processing file /home/udhbhav/miniconda3/lib/python3.11/site-packages/airflow/example_dags/example_complex.py for tasks to queue
[2025-03-27T14:48:31.633-0500] {logging_mixin.py:190} INFO - [2025-03-27T14:48:31.632-0500] {dagbag.py:588} INFO - Filling up the DagBag from /home/udhbhav/miniconda3/lib/python3.11/site-packages/airflow/example_dags/example_complex.py
[2025-03-27T14:48:31.639-0500] {processor.py:925} INFO - DAG(s) 'example_complex' retrieved from /home/udhbhav/miniconda3/lib/python3.11/site-packages/airflow/example_dags/example_complex.py
[2025-03-27T14:48:31.652-0500] {logging_mixin.py:190} INFO - [2025-03-27T14:48:31.652-0500] {dag.py:3239} INFO - Sync 1 DAGs
[2025-03-27T14:48:31.657-0500] {logging_mixin.py:190} INFO - [2025-03-27T14:48:31.657-0500] {dag.py:4180} INFO - Setting next_dagrun for example_complex to None, run_after=None
[2025-03-27T14:48:31.814-0500] {processor.py:208} INFO - Processing /home/udhbhav/miniconda3/lib/python3.11/site-packages/airflow/example_dags/example_complex.py took 0.186 seconds
[2025-03-27T14:49:57.864-0500] {processor.py:186} INFO - Started process (PID=1777730) to work on /home/udhbhav/miniconda3/lib/python3.11/site-packages/airflow/example_dags/example_complex.py
[2025-03-27T14:49:57.865-0500] {processor.py:914} INFO - Processing file /home/udhbhav/miniconda3/lib/python3.11/site-packages/airflow/example_dags/example_complex.py for tasks to queue
[2025-03-27T14:49:57.866-0500] {logging_mixin.py:190} INFO - [2025-03-27T14:49:57.865-0500] {dagbag.py:588} INFO - Filling up the DagBag from /home/udhbhav/miniconda3/lib/python3.11/site-packages/airflow/example_dags/example_complex.py
[2025-03-27T14:49:57.872-0500] {processor.py:925} INFO - DAG(s) 'example_complex' retrieved from /home/udhbhav/miniconda3/lib/python3.11/site-packages/airflow/example_dags/example_complex.py
[2025-03-27T14:49:57.884-0500] {logging_mixin.py:190} INFO - [2025-03-27T14:49:57.884-0500] {dag.py:3239} INFO - Sync 1 DAGs
[2025-03-27T14:49:57.889-0500] {logging_mixin.py:190} INFO - [2025-03-27T14:49:57.889-0500] {dag.py:4180} INFO - Setting next_dagrun for example_complex to None, run_after=None
[2025-03-27T14:49:57.997-0500] {processor.py:208} INFO - Processing /home/udhbhav/miniconda3/lib/python3.11/site-packages/airflow/example_dags/example_complex.py took 0.136 seconds
[2025-03-27T14:50:40.672-0500] {processor.py:186} INFO - Started process (PID=1778892) to work on /home/udhbhav/miniconda3/lib/python3.11/site-packages/airflow/example_dags/example_complex.py
[2025-03-27T14:50:40.672-0500] {processor.py:914} INFO - Processing file /home/udhbhav/miniconda3/lib/python3.11/site-packages/airflow/example_dags/example_complex.py for tasks to queue
[2025-03-27T14:50:40.673-0500] {logging_mixin.py:190} INFO - [2025-03-27T14:50:40.673-0500] {dagbag.py:588} INFO - Filling up the DagBag from /home/udhbhav/miniconda3/lib/python3.11/site-packages/airflow/example_dags/example_complex.py
[2025-03-27T14:50:40.680-0500] {processor.py:925} INFO - DAG(s) 'example_complex' retrieved from /home/udhbhav/miniconda3/lib/python3.11/site-packages/airflow/example_dags/example_complex.py
[2025-03-27T14:50:40.693-0500] {logging_mixin.py:190} INFO - [2025-03-27T14:50:40.692-0500] {dag.py:3239} INFO - Sync 1 DAGs
[2025-03-27T14:50:40.698-0500] {logging_mixin.py:190} INFO - [2025-03-27T14:50:40.698-0500] {dag.py:4180} INFO - Setting next_dagrun for example_complex to None, run_after=None
[2025-03-27T14:50:40.807-0500] {processor.py:208} INFO - Processing /home/udhbhav/miniconda3/lib/python3.11/site-packages/airflow/example_dags/example_complex.py took 0.138 seconds
[2025-03-27T14:51:44.792-0500] {processor.py:186} INFO - Started process (PID=1783660) to work on /home/udhbhav/miniconda3/lib/python3.11/site-packages/airflow/example_dags/example_complex.py
[2025-03-27T14:51:44.792-0500] {processor.py:914} INFO - Processing file /home/udhbhav/miniconda3/lib/python3.11/site-packages/airflow/example_dags/example_complex.py for tasks to queue
[2025-03-27T14:51:44.793-0500] {logging_mixin.py:190} INFO - [2025-03-27T14:51:44.793-0500] {dagbag.py:588} INFO - Filling up the DagBag from /home/udhbhav/miniconda3/lib/python3.11/site-packages/airflow/example_dags/example_complex.py
[2025-03-27T14:51:44.799-0500] {processor.py:925} INFO - DAG(s) 'example_complex' retrieved from /home/udhbhav/miniconda3/lib/python3.11/site-packages/airflow/example_dags/example_complex.py
[2025-03-27T14:51:44.812-0500] {logging_mixin.py:190} INFO - [2025-03-27T14:51:44.812-0500] {dag.py:3239} INFO - Sync 1 DAGs
[2025-03-27T14:51:44.817-0500] {logging_mixin.py:190} INFO - [2025-03-27T14:51:44.817-0500] {dag.py:4180} INFO - Setting next_dagrun for example_complex to None, run_after=None
[2025-03-27T14:51:44.925-0500] {processor.py:208} INFO - Processing /home/udhbhav/miniconda3/lib/python3.11/site-packages/airflow/example_dags/example_complex.py took 0.136 seconds
[2025-03-27T14:52:57.019-0500] {processor.py:186} INFO - Started process (PID=1784405) to work on /home/udhbhav/miniconda3/lib/python3.11/site-packages/airflow/example_dags/example_complex.py
[2025-03-27T14:52:57.019-0500] {processor.py:914} INFO - Processing file /home/udhbhav/miniconda3/lib/python3.11/site-packages/airflow/example_dags/example_complex.py for tasks to queue
[2025-03-27T14:52:57.020-0500] {logging_mixin.py:190} INFO - [2025-03-27T14:52:57.020-0500] {dagbag.py:588} INFO - Filling up the DagBag from /home/udhbhav/miniconda3/lib/python3.11/site-packages/airflow/example_dags/example_complex.py
[2025-03-27T14:52:57.026-0500] {processor.py:925} INFO - DAG(s) 'example_complex' retrieved from /home/udhbhav/miniconda3/lib/python3.11/site-packages/airflow/example_dags/example_complex.py
[2025-03-27T14:52:57.039-0500] {logging_mixin.py:190} INFO - [2025-03-27T14:52:57.039-0500] {dag.py:3239} INFO - Sync 1 DAGs
[2025-03-27T14:52:57.044-0500] {logging_mixin.py:190} INFO - [2025-03-27T14:52:57.044-0500] {dag.py:4180} INFO - Setting next_dagrun for example_complex to None, run_after=None
[2025-03-27T14:52:57.152-0500] {processor.py:208} INFO - Processing /home/udhbhav/miniconda3/lib/python3.11/site-packages/airflow/example_dags/example_complex.py took 0.136 seconds
[2025-03-27T14:54:03.184-0500] {processor.py:186} INFO - Started process (PID=1784985) to work on /home/udhbhav/miniconda3/lib/python3.11/site-packages/airflow/example_dags/example_complex.py
[2025-03-27T14:54:03.185-0500] {processor.py:914} INFO - Processing file /home/udhbhav/miniconda3/lib/python3.11/site-packages/airflow/example_dags/example_complex.py for tasks to queue
[2025-03-27T14:54:03.186-0500] {logging_mixin.py:190} INFO - [2025-03-27T14:54:03.185-0500] {dagbag.py:588} INFO - Filling up the DagBag from /home/udhbhav/miniconda3/lib/python3.11/site-packages/airflow/example_dags/example_complex.py
[2025-03-27T14:54:03.192-0500] {processor.py:925} INFO - DAG(s) 'example_complex' retrieved from /home/udhbhav/miniconda3/lib/python3.11/site-packages/airflow/example_dags/example_complex.py
[2025-03-27T14:54:03.205-0500] {logging_mixin.py:190} INFO - [2025-03-27T14:54:03.204-0500] {dag.py:3239} INFO - Sync 1 DAGs
[2025-03-27T14:54:03.210-0500] {logging_mixin.py:190} INFO - [2025-03-27T14:54:03.210-0500] {dag.py:4180} INFO - Setting next_dagrun for example_complex to None, run_after=None
[2025-03-27T14:54:03.320-0500] {processor.py:208} INFO - Processing /home/udhbhav/miniconda3/lib/python3.11/site-packages/airflow/example_dags/example_complex.py took 0.139 seconds
[2025-03-27T14:55:06.007-0500] {processor.py:186} INFO - Started process (PID=1785597) to work on /home/udhbhav/miniconda3/lib/python3.11/site-packages/airflow/example_dags/example_complex.py
[2025-03-27T14:55:06.007-0500] {processor.py:914} INFO - Processing file /home/udhbhav/miniconda3/lib/python3.11/site-packages/airflow/example_dags/example_complex.py for tasks to queue
[2025-03-27T14:55:06.008-0500] {logging_mixin.py:190} INFO - [2025-03-27T14:55:06.008-0500] {dagbag.py:588} INFO - Filling up the DagBag from /home/udhbhav/miniconda3/lib/python3.11/site-packages/airflow/example_dags/example_complex.py
[2025-03-27T14:55:06.014-0500] {processor.py:925} INFO - DAG(s) 'example_complex' retrieved from /home/udhbhav/miniconda3/lib/python3.11/site-packages/airflow/example_dags/example_complex.py
[2025-03-27T14:55:06.027-0500] {logging_mixin.py:190} INFO - [2025-03-27T14:55:06.027-0500] {dag.py:3239} INFO - Sync 1 DAGs
[2025-03-27T14:55:06.032-0500] {logging_mixin.py:190} INFO - [2025-03-27T14:55:06.032-0500] {dag.py:4180} INFO - Setting next_dagrun for example_complex to None, run_after=None
[2025-03-27T14:55:06.141-0500] {processor.py:208} INFO - Processing /home/udhbhav/miniconda3/lib/python3.11/site-packages/airflow/example_dags/example_complex.py took 0.137 seconds
[2025-03-27T14:56:20.979-0500] {processor.py:186} INFO - Started process (PID=1786336) to work on /home/udhbhav/miniconda3/lib/python3.11/site-packages/airflow/example_dags/example_complex.py
[2025-03-27T14:56:20.980-0500] {processor.py:914} INFO - Processing file /home/udhbhav/miniconda3/lib/python3.11/site-packages/airflow/example_dags/example_complex.py for tasks to queue
[2025-03-27T14:56:20.981-0500] {logging_mixin.py:190} INFO - [2025-03-27T14:56:20.981-0500] {dagbag.py:588} INFO - Filling up the DagBag from /home/udhbhav/miniconda3/lib/python3.11/site-packages/airflow/example_dags/example_complex.py
[2025-03-27T14:56:20.987-0500] {processor.py:925} INFO - DAG(s) 'example_complex' retrieved from /home/udhbhav/miniconda3/lib/python3.11/site-packages/airflow/example_dags/example_complex.py
[2025-03-27T14:56:21.000-0500] {logging_mixin.py:190} INFO - [2025-03-27T14:56:21.000-0500] {dag.py:3239} INFO - Sync 1 DAGs
[2025-03-27T14:56:21.005-0500] {logging_mixin.py:190} INFO - [2025-03-27T14:56:21.005-0500] {dag.py:4180} INFO - Setting next_dagrun for example_complex to None, run_after=None
[2025-03-27T14:56:21.127-0500] {processor.py:208} INFO - Processing /home/udhbhav/miniconda3/lib/python3.11/site-packages/airflow/example_dags/example_complex.py took 0.151 seconds
[2025-03-27T14:57:36.233-0500] {processor.py:186} INFO - Started process (PID=1787139) to work on /home/udhbhav/miniconda3/lib/python3.11/site-packages/airflow/example_dags/example_complex.py
[2025-03-27T14:57:36.233-0500] {processor.py:914} INFO - Processing file /home/udhbhav/miniconda3/lib/python3.11/site-packages/airflow/example_dags/example_complex.py for tasks to queue
[2025-03-27T14:57:36.235-0500] {logging_mixin.py:190} INFO - [2025-03-27T14:57:36.235-0500] {dagbag.py:588} INFO - Filling up the DagBag from /home/udhbhav/miniconda3/lib/python3.11/site-packages/airflow/example_dags/example_complex.py
[2025-03-27T14:57:36.241-0500] {processor.py:925} INFO - DAG(s) 'example_complex' retrieved from /home/udhbhav/miniconda3/lib/python3.11/site-packages/airflow/example_dags/example_complex.py
[2025-03-27T14:57:36.254-0500] {logging_mixin.py:190} INFO - [2025-03-27T14:57:36.254-0500] {dag.py:3239} INFO - Sync 1 DAGs
[2025-03-27T14:57:36.259-0500] {logging_mixin.py:190} INFO - [2025-03-27T14:57:36.259-0500] {dag.py:4180} INFO - Setting next_dagrun for example_complex to None, run_after=None
[2025-03-27T14:57:36.423-0500] {processor.py:208} INFO - Processing /home/udhbhav/miniconda3/lib/python3.11/site-packages/airflow/example_dags/example_complex.py took 0.193 seconds
[2025-03-27T14:58:17.753-0500] {processor.py:186} INFO - Started process (PID=1787559) to work on /home/udhbhav/miniconda3/lib/python3.11/site-packages/airflow/example_dags/example_complex.py
[2025-03-27T14:58:17.754-0500] {processor.py:914} INFO - Processing file /home/udhbhav/miniconda3/lib/python3.11/site-packages/airflow/example_dags/example_complex.py for tasks to queue
[2025-03-27T14:58:17.755-0500] {logging_mixin.py:190} INFO - [2025-03-27T14:58:17.754-0500] {dagbag.py:588} INFO - Filling up the DagBag from /home/udhbhav/miniconda3/lib/python3.11/site-packages/airflow/example_dags/example_complex.py
[2025-03-27T14:58:17.761-0500] {processor.py:925} INFO - DAG(s) 'example_complex' retrieved from /home/udhbhav/miniconda3/lib/python3.11/site-packages/airflow/example_dags/example_complex.py
[2025-03-27T14:58:17.773-0500] {logging_mixin.py:190} INFO - [2025-03-27T14:58:17.773-0500] {dag.py:3239} INFO - Sync 1 DAGs
[2025-03-27T14:58:17.779-0500] {logging_mixin.py:190} INFO - [2025-03-27T14:58:17.778-0500] {dag.py:4180} INFO - Setting next_dagrun for example_complex to None, run_after=None
[2025-03-27T14:58:17.935-0500] {processor.py:208} INFO - Processing /home/udhbhav/miniconda3/lib/python3.11/site-packages/airflow/example_dags/example_complex.py took 0.185 seconds
[2025-03-27T14:58:58.699-0500] {processor.py:186} INFO - Started process (PID=1788080) to work on /home/udhbhav/miniconda3/lib/python3.11/site-packages/airflow/example_dags/example_complex.py
[2025-03-27T14:58:58.700-0500] {processor.py:914} INFO - Processing file /home/udhbhav/miniconda3/lib/python3.11/site-packages/airflow/example_dags/example_complex.py for tasks to queue
[2025-03-27T14:58:58.701-0500] {logging_mixin.py:190} INFO - [2025-03-27T14:58:58.700-0500] {dagbag.py:588} INFO - Filling up the DagBag from /home/udhbhav/miniconda3/lib/python3.11/site-packages/airflow/example_dags/example_complex.py
[2025-03-27T14:58:58.707-0500] {processor.py:925} INFO - DAG(s) 'example_complex' retrieved from /home/udhbhav/miniconda3/lib/python3.11/site-packages/airflow/example_dags/example_complex.py
[2025-03-27T14:58:58.720-0500] {logging_mixin.py:190} INFO - [2025-03-27T14:58:58.720-0500] {dag.py:3239} INFO - Sync 1 DAGs
[2025-03-27T14:58:58.725-0500] {logging_mixin.py:190} INFO - [2025-03-27T14:58:58.725-0500] {dag.py:4180} INFO - Setting next_dagrun for example_complex to None, run_after=None
[2025-03-27T14:58:59.077-0500] {processor.py:208} INFO - Processing /home/udhbhav/miniconda3/lib/python3.11/site-packages/airflow/example_dags/example_complex.py took 0.380 seconds
[2025-03-27T14:59:45.343-0500] {processor.py:186} INFO - Started process (PID=1788515) to work on /home/udhbhav/miniconda3/lib/python3.11/site-packages/airflow/example_dags/example_complex.py
[2025-03-27T14:59:45.343-0500] {processor.py:914} INFO - Processing file /home/udhbhav/miniconda3/lib/python3.11/site-packages/airflow/example_dags/example_complex.py for tasks to queue
[2025-03-27T14:59:45.344-0500] {logging_mixin.py:190} INFO - [2025-03-27T14:59:45.344-0500] {dagbag.py:588} INFO - Filling up the DagBag from /home/udhbhav/miniconda3/lib/python3.11/site-packages/airflow/example_dags/example_complex.py
[2025-03-27T14:59:45.351-0500] {processor.py:925} INFO - DAG(s) 'example_complex' retrieved from /home/udhbhav/miniconda3/lib/python3.11/site-packages/airflow/example_dags/example_complex.py
[2025-03-27T14:59:45.363-0500] {logging_mixin.py:190} INFO - [2025-03-27T14:59:45.363-0500] {dag.py:3239} INFO - Sync 1 DAGs
[2025-03-27T14:59:45.368-0500] {logging_mixin.py:190} INFO - [2025-03-27T14:59:45.368-0500] {dag.py:4180} INFO - Setting next_dagrun for example_complex to None, run_after=None
[2025-03-27T14:59:45.682-0500] {processor.py:208} INFO - Processing /home/udhbhav/miniconda3/lib/python3.11/site-packages/airflow/example_dags/example_complex.py took 0.342 seconds
[2025-03-27T15:00:29.795-0500] {processor.py:186} INFO - Started process (PID=1789046) to work on /home/udhbhav/miniconda3/lib/python3.11/site-packages/airflow/example_dags/example_complex.py
[2025-03-27T15:00:29.795-0500] {processor.py:914} INFO - Processing file /home/udhbhav/miniconda3/lib/python3.11/site-packages/airflow/example_dags/example_complex.py for tasks to queue
[2025-03-27T15:00:29.797-0500] {logging_mixin.py:190} INFO - [2025-03-27T15:00:29.796-0500] {dagbag.py:588} INFO - Filling up the DagBag from /home/udhbhav/miniconda3/lib/python3.11/site-packages/airflow/example_dags/example_complex.py
[2025-03-27T15:00:29.804-0500] {processor.py:925} INFO - DAG(s) 'example_complex' retrieved from /home/udhbhav/miniconda3/lib/python3.11/site-packages/airflow/example_dags/example_complex.py
[2025-03-27T15:00:29.816-0500] {logging_mixin.py:190} INFO - [2025-03-27T15:00:29.816-0500] {dag.py:3239} INFO - Sync 1 DAGs
[2025-03-27T15:00:29.822-0500] {logging_mixin.py:190} INFO - [2025-03-27T15:00:29.821-0500] {dag.py:4180} INFO - Setting next_dagrun for example_complex to None, run_after=None
[2025-03-27T15:00:29.930-0500] {processor.py:208} INFO - Processing /home/udhbhav/miniconda3/lib/python3.11/site-packages/airflow/example_dags/example_complex.py took 0.138 seconds
[2025-03-27T15:01:32.911-0500] {processor.py:186} INFO - Started process (PID=1789768) to work on /home/udhbhav/miniconda3/lib/python3.11/site-packages/airflow/example_dags/example_complex.py
[2025-03-27T15:01:32.912-0500] {processor.py:914} INFO - Processing file /home/udhbhav/miniconda3/lib/python3.11/site-packages/airflow/example_dags/example_complex.py for tasks to queue
[2025-03-27T15:01:32.913-0500] {logging_mixin.py:190} INFO - [2025-03-27T15:01:32.913-0500] {dagbag.py:588} INFO - Filling up the DagBag from /home/udhbhav/miniconda3/lib/python3.11/site-packages/airflow/example_dags/example_complex.py
[2025-03-27T15:01:32.920-0500] {processor.py:925} INFO - DAG(s) 'example_complex' retrieved from /home/udhbhav/miniconda3/lib/python3.11/site-packages/airflow/example_dags/example_complex.py
[2025-03-27T15:01:32.933-0500] {logging_mixin.py:190} INFO - [2025-03-27T15:01:32.933-0500] {dag.py:3239} INFO - Sync 1 DAGs
[2025-03-27T15:01:32.938-0500] {logging_mixin.py:190} INFO - [2025-03-27T15:01:32.938-0500] {dag.py:4180} INFO - Setting next_dagrun for example_complex to None, run_after=None
[2025-03-27T15:01:33.040-0500] {processor.py:208} INFO - Processing /home/udhbhav/miniconda3/lib/python3.11/site-packages/airflow/example_dags/example_complex.py took 0.132 seconds
[2025-03-27T15:02:39.909-0500] {processor.py:186} INFO - Started process (PID=1790532) to work on /home/udhbhav/miniconda3/lib/python3.11/site-packages/airflow/example_dags/example_complex.py
[2025-03-27T15:02:39.909-0500] {processor.py:914} INFO - Processing file /home/udhbhav/miniconda3/lib/python3.11/site-packages/airflow/example_dags/example_complex.py for tasks to queue
[2025-03-27T15:02:39.910-0500] {logging_mixin.py:190} INFO - [2025-03-27T15:02:39.910-0500] {dagbag.py:588} INFO - Filling up the DagBag from /home/udhbhav/miniconda3/lib/python3.11/site-packages/airflow/example_dags/example_complex.py
[2025-03-27T15:02:39.917-0500] {processor.py:925} INFO - DAG(s) 'example_complex' retrieved from /home/udhbhav/miniconda3/lib/python3.11/site-packages/airflow/example_dags/example_complex.py
[2025-03-27T15:02:39.930-0500] {logging_mixin.py:190} INFO - [2025-03-27T15:02:39.929-0500] {dag.py:3239} INFO - Sync 1 DAGs
[2025-03-27T15:02:39.935-0500] {logging_mixin.py:190} INFO - [2025-03-27T15:02:39.935-0500] {dag.py:4180} INFO - Setting next_dagrun for example_complex to None, run_after=None
[2025-03-27T15:02:40.039-0500] {processor.py:208} INFO - Processing /home/udhbhav/miniconda3/lib/python3.11/site-packages/airflow/example_dags/example_complex.py took 0.133 seconds
[2025-03-27T15:03:18.911-0500] {processor.py:186} INFO - Started process (PID=1790857) to work on /home/udhbhav/miniconda3/lib/python3.11/site-packages/airflow/example_dags/example_complex.py
[2025-03-27T15:03:18.911-0500] {processor.py:914} INFO - Processing file /home/udhbhav/miniconda3/lib/python3.11/site-packages/airflow/example_dags/example_complex.py for tasks to queue
[2025-03-27T15:03:18.912-0500] {logging_mixin.py:190} INFO - [2025-03-27T15:03:18.912-0500] {dagbag.py:588} INFO - Filling up the DagBag from /home/udhbhav/miniconda3/lib/python3.11/site-packages/airflow/example_dags/example_complex.py
[2025-03-27T15:03:18.918-0500] {processor.py:925} INFO - DAG(s) 'example_complex' retrieved from /home/udhbhav/miniconda3/lib/python3.11/site-packages/airflow/example_dags/example_complex.py
[2025-03-27T15:03:18.931-0500] {logging_mixin.py:190} INFO - [2025-03-27T15:03:18.931-0500] {dag.py:3239} INFO - Sync 1 DAGs
[2025-03-27T15:03:18.937-0500] {logging_mixin.py:190} INFO - [2025-03-27T15:03:18.937-0500] {dag.py:4180} INFO - Setting next_dagrun for example_complex to None, run_after=None
[2025-03-27T15:03:19.122-0500] {processor.py:208} INFO - Processing /home/udhbhav/miniconda3/lib/python3.11/site-packages/airflow/example_dags/example_complex.py took 0.214 seconds
[2025-03-27T15:04:30.835-0500] {processor.py:186} INFO - Started process (PID=1791534) to work on /home/udhbhav/miniconda3/lib/python3.11/site-packages/airflow/example_dags/example_complex.py
[2025-03-27T15:04:30.836-0500] {processor.py:914} INFO - Processing file /home/udhbhav/miniconda3/lib/python3.11/site-packages/airflow/example_dags/example_complex.py for tasks to queue
[2025-03-27T15:04:30.837-0500] {logging_mixin.py:190} INFO - [2025-03-27T15:04:30.836-0500] {dagbag.py:588} INFO - Filling up the DagBag from /home/udhbhav/miniconda3/lib/python3.11/site-packages/airflow/example_dags/example_complex.py
[2025-03-27T15:04:30.844-0500] {processor.py:925} INFO - DAG(s) 'example_complex' retrieved from /home/udhbhav/miniconda3/lib/python3.11/site-packages/airflow/example_dags/example_complex.py
[2025-03-27T15:04:30.857-0500] {logging_mixin.py:190} INFO - [2025-03-27T15:04:30.857-0500] {dag.py:3239} INFO - Sync 1 DAGs
[2025-03-27T15:04:30.862-0500] {logging_mixin.py:190} INFO - [2025-03-27T15:04:30.862-0500] {dag.py:4180} INFO - Setting next_dagrun for example_complex to None, run_after=None
[2025-03-27T15:04:31.024-0500] {processor.py:208} INFO - Processing /home/udhbhav/miniconda3/lib/python3.11/site-packages/airflow/example_dags/example_complex.py took 0.191 seconds
[2025-03-27T15:05:12.921-0500] {processor.py:186} INFO - Started process (PID=1791978) to work on /home/udhbhav/miniconda3/lib/python3.11/site-packages/airflow/example_dags/example_complex.py
[2025-03-27T15:05:12.922-0500] {processor.py:914} INFO - Processing file /home/udhbhav/miniconda3/lib/python3.11/site-packages/airflow/example_dags/example_complex.py for tasks to queue
[2025-03-27T15:05:12.923-0500] {logging_mixin.py:190} INFO - [2025-03-27T15:05:12.922-0500] {dagbag.py:588} INFO - Filling up the DagBag from /home/udhbhav/miniconda3/lib/python3.11/site-packages/airflow/example_dags/example_complex.py
[2025-03-27T15:05:12.929-0500] {processor.py:925} INFO - DAG(s) 'example_complex' retrieved from /home/udhbhav/miniconda3/lib/python3.11/site-packages/airflow/example_dags/example_complex.py
[2025-03-27T15:05:12.941-0500] {logging_mixin.py:190} INFO - [2025-03-27T15:05:12.941-0500] {dag.py:3239} INFO - Sync 1 DAGs
[2025-03-27T15:05:12.947-0500] {logging_mixin.py:190} INFO - [2025-03-27T15:05:12.947-0500] {dag.py:4180} INFO - Setting next_dagrun for example_complex to None, run_after=None
[2025-03-27T15:05:13.131-0500] {processor.py:208} INFO - Processing /home/udhbhav/miniconda3/lib/python3.11/site-packages/airflow/example_dags/example_complex.py took 0.213 seconds
[2025-03-27T15:06:42.254-0500] {processor.py:186} INFO - Started process (PID=1792874) to work on /home/udhbhav/miniconda3/lib/python3.11/site-packages/airflow/example_dags/example_complex.py
[2025-03-27T15:06:42.254-0500] {processor.py:914} INFO - Processing file /home/udhbhav/miniconda3/lib/python3.11/site-packages/airflow/example_dags/example_complex.py for tasks to queue
[2025-03-27T15:06:42.255-0500] {logging_mixin.py:190} INFO - [2025-03-27T15:06:42.255-0500] {dagbag.py:588} INFO - Filling up the DagBag from /home/udhbhav/miniconda3/lib/python3.11/site-packages/airflow/example_dags/example_complex.py
[2025-03-27T15:06:42.262-0500] {processor.py:925} INFO - DAG(s) 'example_complex' retrieved from /home/udhbhav/miniconda3/lib/python3.11/site-packages/airflow/example_dags/example_complex.py
[2025-03-27T15:06:42.274-0500] {logging_mixin.py:190} INFO - [2025-03-27T15:06:42.274-0500] {dag.py:3239} INFO - Sync 1 DAGs
[2025-03-27T15:06:42.279-0500] {logging_mixin.py:190} INFO - [2025-03-27T15:06:42.279-0500] {dag.py:4180} INFO - Setting next_dagrun for example_complex to None, run_after=None
[2025-03-27T15:06:42.394-0500] {processor.py:208} INFO - Processing /home/udhbhav/miniconda3/lib/python3.11/site-packages/airflow/example_dags/example_complex.py took 0.143 seconds
[2025-03-27T15:07:23.360-0500] {processor.py:186} INFO - Started process (PID=1793275) to work on /home/udhbhav/miniconda3/lib/python3.11/site-packages/airflow/example_dags/example_complex.py
[2025-03-27T15:07:23.361-0500] {processor.py:914} INFO - Processing file /home/udhbhav/miniconda3/lib/python3.11/site-packages/airflow/example_dags/example_complex.py for tasks to queue
[2025-03-27T15:07:23.362-0500] {logging_mixin.py:190} INFO - [2025-03-27T15:07:23.361-0500] {dagbag.py:588} INFO - Filling up the DagBag from /home/udhbhav/miniconda3/lib/python3.11/site-packages/airflow/example_dags/example_complex.py
[2025-03-27T15:07:23.368-0500] {processor.py:925} INFO - DAG(s) 'example_complex' retrieved from /home/udhbhav/miniconda3/lib/python3.11/site-packages/airflow/example_dags/example_complex.py
[2025-03-27T15:07:23.380-0500] {logging_mixin.py:190} INFO - [2025-03-27T15:07:23.380-0500] {dag.py:3239} INFO - Sync 1 DAGs
[2025-03-27T15:07:23.385-0500] {logging_mixin.py:190} INFO - [2025-03-27T15:07:23.385-0500] {dag.py:4180} INFO - Setting next_dagrun for example_complex to None, run_after=None
[2025-03-27T15:07:23.493-0500] {processor.py:208} INFO - Processing /home/udhbhav/miniconda3/lib/python3.11/site-packages/airflow/example_dags/example_complex.py took 0.136 seconds
[2025-03-27T15:08:27.270-0500] {processor.py:186} INFO - Started process (PID=1793922) to work on /home/udhbhav/miniconda3/lib/python3.11/site-packages/airflow/example_dags/example_complex.py
[2025-03-27T15:08:27.270-0500] {processor.py:914} INFO - Processing file /home/udhbhav/miniconda3/lib/python3.11/site-packages/airflow/example_dags/example_complex.py for tasks to queue
[2025-03-27T15:08:27.271-0500] {logging_mixin.py:190} INFO - [2025-03-27T15:08:27.271-0500] {dagbag.py:588} INFO - Filling up the DagBag from /home/udhbhav/miniconda3/lib/python3.11/site-packages/airflow/example_dags/example_complex.py
[2025-03-27T15:08:27.278-0500] {processor.py:925} INFO - DAG(s) 'example_complex' retrieved from /home/udhbhav/miniconda3/lib/python3.11/site-packages/airflow/example_dags/example_complex.py
[2025-03-27T15:08:27.290-0500] {logging_mixin.py:190} INFO - [2025-03-27T15:08:27.290-0500] {dag.py:3239} INFO - Sync 1 DAGs
[2025-03-27T15:08:27.295-0500] {logging_mixin.py:190} INFO - [2025-03-27T15:08:27.295-0500] {dag.py:4180} INFO - Setting next_dagrun for example_complex to None, run_after=None
[2025-03-27T15:08:27.400-0500] {processor.py:208} INFO - Processing /home/udhbhav/miniconda3/lib/python3.11/site-packages/airflow/example_dags/example_complex.py took 0.133 seconds
[2025-03-27T15:09:32.099-0500] {processor.py:186} INFO - Started process (PID=1794548) to work on /home/udhbhav/miniconda3/lib/python3.11/site-packages/airflow/example_dags/example_complex.py
[2025-03-27T15:09:32.099-0500] {processor.py:914} INFO - Processing file /home/udhbhav/miniconda3/lib/python3.11/site-packages/airflow/example_dags/example_complex.py for tasks to queue
[2025-03-27T15:09:32.100-0500] {logging_mixin.py:190} INFO - [2025-03-27T15:09:32.100-0500] {dagbag.py:588} INFO - Filling up the DagBag from /home/udhbhav/miniconda3/lib/python3.11/site-packages/airflow/example_dags/example_complex.py
[2025-03-27T15:09:32.107-0500] {processor.py:925} INFO - DAG(s) 'example_complex' retrieved from /home/udhbhav/miniconda3/lib/python3.11/site-packages/airflow/example_dags/example_complex.py
[2025-03-27T15:09:32.119-0500] {logging_mixin.py:190} INFO - [2025-03-27T15:09:32.119-0500] {dag.py:3239} INFO - Sync 1 DAGs
[2025-03-27T15:09:32.124-0500] {logging_mixin.py:190} INFO - [2025-03-27T15:09:32.124-0500] {dag.py:4180} INFO - Setting next_dagrun for example_complex to None, run_after=None
[2025-03-27T15:09:32.810-0500] {processor.py:208} INFO - Processing /home/udhbhav/miniconda3/lib/python3.11/site-packages/airflow/example_dags/example_complex.py took 0.714 seconds
[2025-03-27T15:10:13.318-0500] {processor.py:186} INFO - Started process (PID=1794913) to work on /home/udhbhav/miniconda3/lib/python3.11/site-packages/airflow/example_dags/example_complex.py
[2025-03-27T15:10:13.319-0500] {processor.py:914} INFO - Processing file /home/udhbhav/miniconda3/lib/python3.11/site-packages/airflow/example_dags/example_complex.py for tasks to queue
[2025-03-27T15:10:13.320-0500] {logging_mixin.py:190} INFO - [2025-03-27T15:10:13.320-0500] {dagbag.py:588} INFO - Filling up the DagBag from /home/udhbhav/miniconda3/lib/python3.11/site-packages/airflow/example_dags/example_complex.py
[2025-03-27T15:10:13.326-0500] {processor.py:925} INFO - DAG(s) 'example_complex' retrieved from /home/udhbhav/miniconda3/lib/python3.11/site-packages/airflow/example_dags/example_complex.py
[2025-03-27T15:10:13.339-0500] {logging_mixin.py:190} INFO - [2025-03-27T15:10:13.339-0500] {dag.py:3239} INFO - Sync 1 DAGs
[2025-03-27T15:10:13.344-0500] {logging_mixin.py:190} INFO - [2025-03-27T15:10:13.344-0500] {dag.py:4180} INFO - Setting next_dagrun for example_complex to None, run_after=None
[2025-03-27T15:10:13.451-0500] {processor.py:208} INFO - Processing /home/udhbhav/miniconda3/lib/python3.11/site-packages/airflow/example_dags/example_complex.py took 0.136 seconds
[2025-03-27T15:11:19.174-0500] {processor.py:186} INFO - Started process (PID=1795594) to work on /home/udhbhav/miniconda3/lib/python3.11/site-packages/airflow/example_dags/example_complex.py
[2025-03-27T15:11:19.175-0500] {processor.py:914} INFO - Processing file /home/udhbhav/miniconda3/lib/python3.11/site-packages/airflow/example_dags/example_complex.py for tasks to queue
[2025-03-27T15:11:19.176-0500] {logging_mixin.py:190} INFO - [2025-03-27T15:11:19.176-0500] {dagbag.py:588} INFO - Filling up the DagBag from /home/udhbhav/miniconda3/lib/python3.11/site-packages/airflow/example_dags/example_complex.py
[2025-03-27T15:11:19.182-0500] {processor.py:925} INFO - DAG(s) 'example_complex' retrieved from /home/udhbhav/miniconda3/lib/python3.11/site-packages/airflow/example_dags/example_complex.py
[2025-03-27T15:11:19.194-0500] {logging_mixin.py:190} INFO - [2025-03-27T15:11:19.194-0500] {dag.py:3239} INFO - Sync 1 DAGs
[2025-03-27T15:11:19.200-0500] {logging_mixin.py:190} INFO - [2025-03-27T15:11:19.199-0500] {dag.py:4180} INFO - Setting next_dagrun for example_complex to None, run_after=None
[2025-03-27T15:11:19.308-0500] {processor.py:208} INFO - Processing /home/udhbhav/miniconda3/lib/python3.11/site-packages/airflow/example_dags/example_complex.py took 0.136 seconds
[2025-03-27T15:12:27.009-0500] {processor.py:186} INFO - Started process (PID=1797870) to work on /home/udhbhav/miniconda3/lib/python3.11/site-packages/airflow/example_dags/example_complex.py
[2025-03-27T15:12:27.009-0500] {processor.py:914} INFO - Processing file /home/udhbhav/miniconda3/lib/python3.11/site-packages/airflow/example_dags/example_complex.py for tasks to queue
[2025-03-27T15:12:27.010-0500] {logging_mixin.py:190} INFO - [2025-03-27T15:12:27.010-0500] {dagbag.py:588} INFO - Filling up the DagBag from /home/udhbhav/miniconda3/lib/python3.11/site-packages/airflow/example_dags/example_complex.py
[2025-03-27T15:12:27.016-0500] {processor.py:925} INFO - DAG(s) 'example_complex' retrieved from /home/udhbhav/miniconda3/lib/python3.11/site-packages/airflow/example_dags/example_complex.py
[2025-03-27T15:12:27.030-0500] {logging_mixin.py:190} INFO - [2025-03-27T15:12:27.030-0500] {dag.py:3239} INFO - Sync 1 DAGs
[2025-03-27T15:12:27.035-0500] {logging_mixin.py:190} INFO - [2025-03-27T15:12:27.035-0500] {dag.py:4180} INFO - Setting next_dagrun for example_complex to None, run_after=None
[2025-03-27T15:12:27.137-0500] {processor.py:208} INFO - Processing /home/udhbhav/miniconda3/lib/python3.11/site-packages/airflow/example_dags/example_complex.py took 0.131 seconds
[2025-03-27T15:13:09.081-0500] {processor.py:186} INFO - Started process (PID=1798263) to work on /home/udhbhav/miniconda3/lib/python3.11/site-packages/airflow/example_dags/example_complex.py
[2025-03-27T15:13:09.082-0500] {processor.py:914} INFO - Processing file /home/udhbhav/miniconda3/lib/python3.11/site-packages/airflow/example_dags/example_complex.py for tasks to queue
[2025-03-27T15:13:09.083-0500] {logging_mixin.py:190} INFO - [2025-03-27T15:13:09.083-0500] {dagbag.py:588} INFO - Filling up the DagBag from /home/udhbhav/miniconda3/lib/python3.11/site-packages/airflow/example_dags/example_complex.py
[2025-03-27T15:13:09.090-0500] {processor.py:925} INFO - DAG(s) 'example_complex' retrieved from /home/udhbhav/miniconda3/lib/python3.11/site-packages/airflow/example_dags/example_complex.py
[2025-03-27T15:13:09.102-0500] {logging_mixin.py:190} INFO - [2025-03-27T15:13:09.102-0500] {dag.py:3239} INFO - Sync 1 DAGs
[2025-03-27T15:13:09.107-0500] {logging_mixin.py:190} INFO - [2025-03-27T15:13:09.107-0500] {dag.py:4180} INFO - Setting next_dagrun for example_complex to None, run_after=None
[2025-03-27T15:13:09.263-0500] {processor.py:208} INFO - Processing /home/udhbhav/miniconda3/lib/python3.11/site-packages/airflow/example_dags/example_complex.py took 0.185 seconds
[2025-03-27T15:14:22.628-0500] {processor.py:186} INFO - Started process (PID=1798997) to work on /home/udhbhav/miniconda3/lib/python3.11/site-packages/airflow/example_dags/example_complex.py
[2025-03-27T15:14:22.629-0500] {processor.py:914} INFO - Processing file /home/udhbhav/miniconda3/lib/python3.11/site-packages/airflow/example_dags/example_complex.py for tasks to queue
[2025-03-27T15:14:22.630-0500] {logging_mixin.py:190} INFO - [2025-03-27T15:14:22.630-0500] {dagbag.py:588} INFO - Filling up the DagBag from /home/udhbhav/miniconda3/lib/python3.11/site-packages/airflow/example_dags/example_complex.py
[2025-03-27T15:14:22.636-0500] {processor.py:925} INFO - DAG(s) 'example_complex' retrieved from /home/udhbhav/miniconda3/lib/python3.11/site-packages/airflow/example_dags/example_complex.py
[2025-03-27T15:14:22.649-0500] {logging_mixin.py:190} INFO - [2025-03-27T15:14:22.648-0500] {dag.py:3239} INFO - Sync 1 DAGs
[2025-03-27T15:14:22.654-0500] {logging_mixin.py:190} INFO - [2025-03-27T15:14:22.654-0500] {dag.py:4180} INFO - Setting next_dagrun for example_complex to None, run_after=None
[2025-03-27T15:14:22.806-0500] {processor.py:208} INFO - Processing /home/udhbhav/miniconda3/lib/python3.11/site-packages/airflow/example_dags/example_complex.py took 0.181 seconds
[2025-03-27T15:15:06.019-0500] {processor.py:186} INFO - Started process (PID=1799462) to work on /home/udhbhav/miniconda3/lib/python3.11/site-packages/airflow/example_dags/example_complex.py
[2025-03-27T15:15:06.019-0500] {processor.py:914} INFO - Processing file /home/udhbhav/miniconda3/lib/python3.11/site-packages/airflow/example_dags/example_complex.py for tasks to queue
[2025-03-27T15:15:06.020-0500] {logging_mixin.py:190} INFO - [2025-03-27T15:15:06.020-0500] {dagbag.py:588} INFO - Filling up the DagBag from /home/udhbhav/miniconda3/lib/python3.11/site-packages/airflow/example_dags/example_complex.py
[2025-03-27T15:15:06.027-0500] {processor.py:925} INFO - DAG(s) 'example_complex' retrieved from /home/udhbhav/miniconda3/lib/python3.11/site-packages/airflow/example_dags/example_complex.py
[2025-03-27T15:15:06.039-0500] {logging_mixin.py:190} INFO - [2025-03-27T15:15:06.039-0500] {dag.py:3239} INFO - Sync 1 DAGs
[2025-03-27T15:15:06.044-0500] {logging_mixin.py:190} INFO - [2025-03-27T15:15:06.044-0500] {dag.py:4180} INFO - Setting next_dagrun for example_complex to None, run_after=None
[2025-03-27T15:15:06.222-0500] {processor.py:208} INFO - Processing /home/udhbhav/miniconda3/lib/python3.11/site-packages/airflow/example_dags/example_complex.py took 0.206 seconds
[2025-03-27T15:16:27.688-0500] {processor.py:186} INFO - Started process (PID=1800231) to work on /home/udhbhav/miniconda3/lib/python3.11/site-packages/airflow/example_dags/example_complex.py
[2025-03-27T15:16:27.689-0500] {processor.py:914} INFO - Processing file /home/udhbhav/miniconda3/lib/python3.11/site-packages/airflow/example_dags/example_complex.py for tasks to queue
[2025-03-27T15:16:27.690-0500] {logging_mixin.py:190} INFO - [2025-03-27T15:16:27.689-0500] {dagbag.py:588} INFO - Filling up the DagBag from /home/udhbhav/miniconda3/lib/python3.11/site-packages/airflow/example_dags/example_complex.py
[2025-03-27T15:16:27.696-0500] {processor.py:925} INFO - DAG(s) 'example_complex' retrieved from /home/udhbhav/miniconda3/lib/python3.11/site-packages/airflow/example_dags/example_complex.py
[2025-03-27T15:16:27.708-0500] {logging_mixin.py:190} INFO - [2025-03-27T15:16:27.708-0500] {dag.py:3239} INFO - Sync 1 DAGs
[2025-03-27T15:16:27.714-0500] {logging_mixin.py:190} INFO - [2025-03-27T15:16:27.714-0500] {dag.py:4180} INFO - Setting next_dagrun for example_complex to None, run_after=None
[2025-03-27T15:16:27.894-0500] {processor.py:208} INFO - Processing /home/udhbhav/miniconda3/lib/python3.11/site-packages/airflow/example_dags/example_complex.py took 0.209 seconds
[2025-03-27T15:17:36.649-0500] {processor.py:186} INFO - Started process (PID=1800936) to work on /home/udhbhav/miniconda3/lib/python3.11/site-packages/airflow/example_dags/example_complex.py
[2025-03-27T15:17:36.649-0500] {processor.py:914} INFO - Processing file /home/udhbhav/miniconda3/lib/python3.11/site-packages/airflow/example_dags/example_complex.py for tasks to queue
[2025-03-27T15:17:36.650-0500] {logging_mixin.py:190} INFO - [2025-03-27T15:17:36.650-0500] {dagbag.py:588} INFO - Filling up the DagBag from /home/udhbhav/miniconda3/lib/python3.11/site-packages/airflow/example_dags/example_complex.py
[2025-03-27T15:17:36.657-0500] {processor.py:925} INFO - DAG(s) 'example_complex' retrieved from /home/udhbhav/miniconda3/lib/python3.11/site-packages/airflow/example_dags/example_complex.py
[2025-03-27T15:17:36.669-0500] {logging_mixin.py:190} INFO - [2025-03-27T15:17:36.669-0500] {dag.py:3239} INFO - Sync 1 DAGs
[2025-03-27T15:17:36.674-0500] {logging_mixin.py:190} INFO - [2025-03-27T15:17:36.674-0500] {dag.py:4180} INFO - Setting next_dagrun for example_complex to None, run_after=None
[2025-03-27T15:17:36.783-0500] {processor.py:208} INFO - Processing /home/udhbhav/miniconda3/lib/python3.11/site-packages/airflow/example_dags/example_complex.py took 0.137 seconds
[2025-03-27T15:18:43.284-0500] {processor.py:186} INFO - Started process (PID=1801631) to work on /home/udhbhav/miniconda3/lib/python3.11/site-packages/airflow/example_dags/example_complex.py
[2025-03-27T15:18:43.284-0500] {processor.py:914} INFO - Processing file /home/udhbhav/miniconda3/lib/python3.11/site-packages/airflow/example_dags/example_complex.py for tasks to queue
[2025-03-27T15:18:43.285-0500] {logging_mixin.py:190} INFO - [2025-03-27T15:18:43.285-0500] {dagbag.py:588} INFO - Filling up the DagBag from /home/udhbhav/miniconda3/lib/python3.11/site-packages/airflow/example_dags/example_complex.py
[2025-03-27T15:18:43.291-0500] {processor.py:925} INFO - DAG(s) 'example_complex' retrieved from /home/udhbhav/miniconda3/lib/python3.11/site-packages/airflow/example_dags/example_complex.py
[2025-03-27T15:18:43.304-0500] {logging_mixin.py:190} INFO - [2025-03-27T15:18:43.303-0500] {dag.py:3239} INFO - Sync 1 DAGs
[2025-03-27T15:18:43.309-0500] {logging_mixin.py:190} INFO - [2025-03-27T15:18:43.309-0500] {dag.py:4180} INFO - Setting next_dagrun for example_complex to None, run_after=None
[2025-03-27T15:18:43.416-0500] {processor.py:208} INFO - Processing /home/udhbhav/miniconda3/lib/python3.11/site-packages/airflow/example_dags/example_complex.py took 0.135 seconds
[2025-03-27T15:19:55.539-0500] {processor.py:186} INFO - Started process (PID=1802390) to work on /home/udhbhav/miniconda3/lib/python3.11/site-packages/airflow/example_dags/example_complex.py
[2025-03-27T15:19:55.539-0500] {processor.py:914} INFO - Processing file /home/udhbhav/miniconda3/lib/python3.11/site-packages/airflow/example_dags/example_complex.py for tasks to queue
[2025-03-27T15:19:55.540-0500] {logging_mixin.py:190} INFO - [2025-03-27T15:19:55.540-0500] {dagbag.py:588} INFO - Filling up the DagBag from /home/udhbhav/miniconda3/lib/python3.11/site-packages/airflow/example_dags/example_complex.py
[2025-03-27T15:19:55.547-0500] {processor.py:925} INFO - DAG(s) 'example_complex' retrieved from /home/udhbhav/miniconda3/lib/python3.11/site-packages/airflow/example_dags/example_complex.py
[2025-03-27T15:19:55.560-0500] {logging_mixin.py:190} INFO - [2025-03-27T15:19:55.559-0500] {dag.py:3239} INFO - Sync 1 DAGs
[2025-03-27T15:19:55.565-0500] {logging_mixin.py:190} INFO - [2025-03-27T15:19:55.565-0500] {dag.py:4180} INFO - Setting next_dagrun for example_complex to None, run_after=None
[2025-03-27T15:19:55.672-0500] {processor.py:208} INFO - Processing /home/udhbhav/miniconda3/lib/python3.11/site-packages/airflow/example_dags/example_complex.py took 0.136 seconds
[2025-03-27T15:20:58.889-0500] {processor.py:186} INFO - Started process (PID=1804843) to work on /home/udhbhav/miniconda3/lib/python3.11/site-packages/airflow/example_dags/example_complex.py
[2025-03-27T15:20:58.890-0500] {processor.py:914} INFO - Processing file /home/udhbhav/miniconda3/lib/python3.11/site-packages/airflow/example_dags/example_complex.py for tasks to queue
[2025-03-27T15:20:58.891-0500] {logging_mixin.py:190} INFO - [2025-03-27T15:20:58.890-0500] {dagbag.py:588} INFO - Filling up the DagBag from /home/udhbhav/miniconda3/lib/python3.11/site-packages/airflow/example_dags/example_complex.py
[2025-03-27T15:20:58.897-0500] {processor.py:925} INFO - DAG(s) 'example_complex' retrieved from /home/udhbhav/miniconda3/lib/python3.11/site-packages/airflow/example_dags/example_complex.py
[2025-03-27T15:20:58.910-0500] {logging_mixin.py:190} INFO - [2025-03-27T15:20:58.910-0500] {dag.py:3239} INFO - Sync 1 DAGs
[2025-03-27T15:20:58.915-0500] {logging_mixin.py:190} INFO - [2025-03-27T15:20:58.915-0500] {dag.py:4180} INFO - Setting next_dagrun for example_complex to None, run_after=None
[2025-03-27T15:20:59.023-0500] {processor.py:208} INFO - Processing /home/udhbhav/miniconda3/lib/python3.11/site-packages/airflow/example_dags/example_complex.py took 0.137 seconds
[2025-03-27T15:21:38.188-0500] {processor.py:186} INFO - Started process (PID=1808176) to work on /home/udhbhav/miniconda3/lib/python3.11/site-packages/airflow/example_dags/example_complex.py
[2025-03-27T15:21:38.188-0500] {processor.py:914} INFO - Processing file /home/udhbhav/miniconda3/lib/python3.11/site-packages/airflow/example_dags/example_complex.py for tasks to queue
[2025-03-27T15:21:38.190-0500] {logging_mixin.py:190} INFO - [2025-03-27T15:21:38.189-0500] {dagbag.py:588} INFO - Filling up the DagBag from /home/udhbhav/miniconda3/lib/python3.11/site-packages/airflow/example_dags/example_complex.py
[2025-03-27T15:21:38.196-0500] {processor.py:925} INFO - DAG(s) 'example_complex' retrieved from /home/udhbhav/miniconda3/lib/python3.11/site-packages/airflow/example_dags/example_complex.py
[2025-03-27T15:21:38.208-0500] {logging_mixin.py:190} INFO - [2025-03-27T15:21:38.208-0500] {dag.py:3239} INFO - Sync 1 DAGs
[2025-03-27T15:21:38.214-0500] {logging_mixin.py:190} INFO - [2025-03-27T15:21:38.213-0500] {dag.py:4180} INFO - Setting next_dagrun for example_complex to None, run_after=None
[2025-03-27T15:21:38.328-0500] {processor.py:208} INFO - Processing /home/udhbhav/miniconda3/lib/python3.11/site-packages/airflow/example_dags/example_complex.py took 0.144 seconds
[2025-03-27T15:22:53.047-0500] {processor.py:186} INFO - Started process (PID=1808998) to work on /home/udhbhav/miniconda3/lib/python3.11/site-packages/airflow/example_dags/example_complex.py
[2025-03-27T15:22:53.047-0500] {processor.py:914} INFO - Processing file /home/udhbhav/miniconda3/lib/python3.11/site-packages/airflow/example_dags/example_complex.py for tasks to queue
[2025-03-27T15:22:53.048-0500] {logging_mixin.py:190} INFO - [2025-03-27T15:22:53.048-0500] {dagbag.py:588} INFO - Filling up the DagBag from /home/udhbhav/miniconda3/lib/python3.11/site-packages/airflow/example_dags/example_complex.py
[2025-03-27T15:22:53.055-0500] {processor.py:925} INFO - DAG(s) 'example_complex' retrieved from /home/udhbhav/miniconda3/lib/python3.11/site-packages/airflow/example_dags/example_complex.py
[2025-03-27T15:22:53.067-0500] {logging_mixin.py:190} INFO - [2025-03-27T15:22:53.067-0500] {dag.py:3239} INFO - Sync 1 DAGs
[2025-03-27T15:22:53.072-0500] {logging_mixin.py:190} INFO - [2025-03-27T15:22:53.072-0500] {dag.py:4180} INFO - Setting next_dagrun for example_complex to None, run_after=None
[2025-03-27T15:22:53.229-0500] {processor.py:208} INFO - Processing /home/udhbhav/miniconda3/lib/python3.11/site-packages/airflow/example_dags/example_complex.py took 0.185 seconds
[2025-03-27T15:23:32.729-0500] {processor.py:186} INFO - Started process (PID=1809289) to work on /home/udhbhav/miniconda3/lib/python3.11/site-packages/airflow/example_dags/example_complex.py
[2025-03-27T15:23:32.729-0500] {processor.py:914} INFO - Processing file /home/udhbhav/miniconda3/lib/python3.11/site-packages/airflow/example_dags/example_complex.py for tasks to queue
[2025-03-27T15:23:32.730-0500] {logging_mixin.py:190} INFO - [2025-03-27T15:23:32.730-0500] {dagbag.py:588} INFO - Filling up the DagBag from /home/udhbhav/miniconda3/lib/python3.11/site-packages/airflow/example_dags/example_complex.py
[2025-03-27T15:23:32.737-0500] {processor.py:925} INFO - DAG(s) 'example_complex' retrieved from /home/udhbhav/miniconda3/lib/python3.11/site-packages/airflow/example_dags/example_complex.py
[2025-03-27T15:23:32.749-0500] {logging_mixin.py:190} INFO - [2025-03-27T15:23:32.749-0500] {dag.py:3239} INFO - Sync 1 DAGs
[2025-03-27T15:23:32.754-0500] {logging_mixin.py:190} INFO - [2025-03-27T15:23:32.754-0500] {dag.py:4180} INFO - Setting next_dagrun for example_complex to None, run_after=None
[2025-03-27T15:23:32.869-0500] {processor.py:208} INFO - Processing /home/udhbhav/miniconda3/lib/python3.11/site-packages/airflow/example_dags/example_complex.py took 0.143 seconds
[2025-03-27T15:24:41.369-0500] {processor.py:186} INFO - Started process (PID=1810120) to work on /home/udhbhav/miniconda3/lib/python3.11/site-packages/airflow/example_dags/example_complex.py
[2025-03-27T15:24:41.369-0500] {processor.py:914} INFO - Processing file /home/udhbhav/miniconda3/lib/python3.11/site-packages/airflow/example_dags/example_complex.py for tasks to queue
[2025-03-27T15:24:41.370-0500] {logging_mixin.py:190} INFO - [2025-03-27T15:24:41.370-0500] {dagbag.py:588} INFO - Filling up the DagBag from /home/udhbhav/miniconda3/lib/python3.11/site-packages/airflow/example_dags/example_complex.py
[2025-03-27T15:24:41.377-0500] {processor.py:925} INFO - DAG(s) 'example_complex' retrieved from /home/udhbhav/miniconda3/lib/python3.11/site-packages/airflow/example_dags/example_complex.py
[2025-03-27T15:24:41.389-0500] {logging_mixin.py:190} INFO - [2025-03-27T15:24:41.389-0500] {dag.py:3239} INFO - Sync 1 DAGs
[2025-03-27T15:24:41.394-0500] {logging_mixin.py:190} INFO - [2025-03-27T15:24:41.394-0500] {dag.py:4180} INFO - Setting next_dagrun for example_complex to None, run_after=None
[2025-03-27T15:24:41.533-0500] {processor.py:208} INFO - Processing /home/udhbhav/miniconda3/lib/python3.11/site-packages/airflow/example_dags/example_complex.py took 0.167 seconds
[2025-03-27T15:26:09.457-0500] {processor.py:186} INFO - Started process (PID=1810958) to work on /home/udhbhav/miniconda3/lib/python3.11/site-packages/airflow/example_dags/example_complex.py
[2025-03-27T15:26:09.458-0500] {processor.py:914} INFO - Processing file /home/udhbhav/miniconda3/lib/python3.11/site-packages/airflow/example_dags/example_complex.py for tasks to queue
[2025-03-27T15:26:09.459-0500] {logging_mixin.py:190} INFO - [2025-03-27T15:26:09.459-0500] {dagbag.py:588} INFO - Filling up the DagBag from /home/udhbhav/miniconda3/lib/python3.11/site-packages/airflow/example_dags/example_complex.py
[2025-03-27T15:26:09.466-0500] {processor.py:925} INFO - DAG(s) 'example_complex' retrieved from /home/udhbhav/miniconda3/lib/python3.11/site-packages/airflow/example_dags/example_complex.py
[2025-03-27T15:26:09.478-0500] {logging_mixin.py:190} INFO - [2025-03-27T15:26:09.478-0500] {dag.py:3239} INFO - Sync 1 DAGs
[2025-03-27T15:26:09.483-0500] {logging_mixin.py:190} INFO - [2025-03-27T15:26:09.483-0500] {dag.py:4180} INFO - Setting next_dagrun for example_complex to None, run_after=None
[2025-03-27T15:26:09.698-0500] {processor.py:208} INFO - Processing /home/udhbhav/miniconda3/lib/python3.11/site-packages/airflow/example_dags/example_complex.py took 0.243 seconds
[2025-03-27T15:26:57.863-0500] {processor.py:186} INFO - Started process (PID=1811477) to work on /home/udhbhav/miniconda3/lib/python3.11/site-packages/airflow/example_dags/example_complex.py
[2025-03-27T15:26:57.864-0500] {processor.py:914} INFO - Processing file /home/udhbhav/miniconda3/lib/python3.11/site-packages/airflow/example_dags/example_complex.py for tasks to queue
[2025-03-27T15:26:57.865-0500] {logging_mixin.py:190} INFO - [2025-03-27T15:26:57.865-0500] {dagbag.py:588} INFO - Filling up the DagBag from /home/udhbhav/miniconda3/lib/python3.11/site-packages/airflow/example_dags/example_complex.py
[2025-03-27T15:26:57.871-0500] {processor.py:925} INFO - DAG(s) 'example_complex' retrieved from /home/udhbhav/miniconda3/lib/python3.11/site-packages/airflow/example_dags/example_complex.py
[2025-03-27T15:26:57.884-0500] {logging_mixin.py:190} INFO - [2025-03-27T15:26:57.884-0500] {dag.py:3239} INFO - Sync 1 DAGs
[2025-03-27T15:26:57.889-0500] {logging_mixin.py:190} INFO - [2025-03-27T15:26:57.889-0500] {dag.py:4180} INFO - Setting next_dagrun for example_complex to None, run_after=None
[2025-03-27T15:26:57.995-0500] {processor.py:208} INFO - Processing /home/udhbhav/miniconda3/lib/python3.11/site-packages/airflow/example_dags/example_complex.py took 0.135 seconds
[2025-03-27T15:28:08.255-0500] {processor.py:186} INFO - Started process (PID=1812082) to work on /home/udhbhav/miniconda3/lib/python3.11/site-packages/airflow/example_dags/example_complex.py
[2025-03-27T15:28:08.256-0500] {processor.py:914} INFO - Processing file /home/udhbhav/miniconda3/lib/python3.11/site-packages/airflow/example_dags/example_complex.py for tasks to queue
[2025-03-27T15:28:08.257-0500] {logging_mixin.py:190} INFO - [2025-03-27T15:28:08.256-0500] {dagbag.py:588} INFO - Filling up the DagBag from /home/udhbhav/miniconda3/lib/python3.11/site-packages/airflow/example_dags/example_complex.py
[2025-03-27T15:28:08.263-0500] {processor.py:925} INFO - DAG(s) 'example_complex' retrieved from /home/udhbhav/miniconda3/lib/python3.11/site-packages/airflow/example_dags/example_complex.py
[2025-03-27T15:28:08.276-0500] {logging_mixin.py:190} INFO - [2025-03-27T15:28:08.276-0500] {dag.py:3239} INFO - Sync 1 DAGs
[2025-03-27T15:28:08.281-0500] {logging_mixin.py:190} INFO - [2025-03-27T15:28:08.281-0500] {dag.py:4180} INFO - Setting next_dagrun for example_complex to None, run_after=None
[2025-03-27T15:28:09.138-0500] {processor.py:208} INFO - Processing /home/udhbhav/miniconda3/lib/python3.11/site-packages/airflow/example_dags/example_complex.py took 0.886 seconds
[2025-03-27T15:29:00.543-0500] {processor.py:186} INFO - Started process (PID=1812614) to work on /home/udhbhav/miniconda3/lib/python3.11/site-packages/airflow/example_dags/example_complex.py
[2025-03-27T15:29:00.543-0500] {processor.py:914} INFO - Processing file /home/udhbhav/miniconda3/lib/python3.11/site-packages/airflow/example_dags/example_complex.py for tasks to queue
[2025-03-27T15:29:00.544-0500] {logging_mixin.py:190} INFO - [2025-03-27T15:29:00.544-0500] {dagbag.py:588} INFO - Filling up the DagBag from /home/udhbhav/miniconda3/lib/python3.11/site-packages/airflow/example_dags/example_complex.py
[2025-03-27T15:29:00.551-0500] {processor.py:925} INFO - DAG(s) 'example_complex' retrieved from /home/udhbhav/miniconda3/lib/python3.11/site-packages/airflow/example_dags/example_complex.py
[2025-03-27T15:29:00.563-0500] {logging_mixin.py:190} INFO - [2025-03-27T15:29:00.563-0500] {dag.py:3239} INFO - Sync 1 DAGs
[2025-03-27T15:29:00.568-0500] {logging_mixin.py:190} INFO - [2025-03-27T15:29:00.568-0500] {dag.py:4180} INFO - Setting next_dagrun for example_complex to None, run_after=None
[2025-03-27T15:29:01.236-0500] {processor.py:208} INFO - Processing /home/udhbhav/miniconda3/lib/python3.11/site-packages/airflow/example_dags/example_complex.py took 0.696 seconds
[2025-03-27T15:29:54.571-0500] {processor.py:186} INFO - Started process (PID=1813176) to work on /home/udhbhav/miniconda3/lib/python3.11/site-packages/airflow/example_dags/example_complex.py
[2025-03-27T15:29:54.572-0500] {processor.py:914} INFO - Processing file /home/udhbhav/miniconda3/lib/python3.11/site-packages/airflow/example_dags/example_complex.py for tasks to queue
[2025-03-27T15:29:54.573-0500] {logging_mixin.py:190} INFO - [2025-03-27T15:29:54.572-0500] {dagbag.py:588} INFO - Filling up the DagBag from /home/udhbhav/miniconda3/lib/python3.11/site-packages/airflow/example_dags/example_complex.py
[2025-03-27T15:29:54.579-0500] {processor.py:925} INFO - DAG(s) 'example_complex' retrieved from /home/udhbhav/miniconda3/lib/python3.11/site-packages/airflow/example_dags/example_complex.py
[2025-03-27T15:29:54.591-0500] {logging_mixin.py:190} INFO - [2025-03-27T15:29:54.591-0500] {dag.py:3239} INFO - Sync 1 DAGs
[2025-03-27T15:29:54.597-0500] {logging_mixin.py:190} INFO - [2025-03-27T15:29:54.597-0500] {dag.py:4180} INFO - Setting next_dagrun for example_complex to None, run_after=None
[2025-03-27T15:29:55.502-0500] {processor.py:208} INFO - Processing /home/udhbhav/miniconda3/lib/python3.11/site-packages/airflow/example_dags/example_complex.py took 0.933 seconds
[2025-03-27T15:30:48.757-0500] {processor.py:186} INFO - Started process (PID=1813638) to work on /home/udhbhav/miniconda3/lib/python3.11/site-packages/airflow/example_dags/example_complex.py
[2025-03-27T15:30:48.757-0500] {processor.py:914} INFO - Processing file /home/udhbhav/miniconda3/lib/python3.11/site-packages/airflow/example_dags/example_complex.py for tasks to queue
[2025-03-27T15:30:48.758-0500] {logging_mixin.py:190} INFO - [2025-03-27T15:30:48.758-0500] {dagbag.py:588} INFO - Filling up the DagBag from /home/udhbhav/miniconda3/lib/python3.11/site-packages/airflow/example_dags/example_complex.py
[2025-03-27T15:30:48.765-0500] {processor.py:925} INFO - DAG(s) 'example_complex' retrieved from /home/udhbhav/miniconda3/lib/python3.11/site-packages/airflow/example_dags/example_complex.py
[2025-03-27T15:30:48.777-0500] {logging_mixin.py:190} INFO - [2025-03-27T15:30:48.777-0500] {dag.py:3239} INFO - Sync 1 DAGs
[2025-03-27T15:30:48.782-0500] {logging_mixin.py:190} INFO - [2025-03-27T15:30:48.782-0500] {dag.py:4180} INFO - Setting next_dagrun for example_complex to None, run_after=None
[2025-03-27T15:30:48.999-0500] {processor.py:208} INFO - Processing /home/udhbhav/miniconda3/lib/python3.11/site-packages/airflow/example_dags/example_complex.py took 0.245 seconds
[2025-03-27T15:31:47.430-0500] {processor.py:186} INFO - Started process (PID=1814195) to work on /home/udhbhav/miniconda3/lib/python3.11/site-packages/airflow/example_dags/example_complex.py
[2025-03-27T15:31:47.430-0500] {processor.py:914} INFO - Processing file /home/udhbhav/miniconda3/lib/python3.11/site-packages/airflow/example_dags/example_complex.py for tasks to queue
[2025-03-27T15:31:47.431-0500] {logging_mixin.py:190} INFO - [2025-03-27T15:31:47.431-0500] {dagbag.py:588} INFO - Filling up the DagBag from /home/udhbhav/miniconda3/lib/python3.11/site-packages/airflow/example_dags/example_complex.py
[2025-03-27T15:31:47.438-0500] {processor.py:925} INFO - DAG(s) 'example_complex' retrieved from /home/udhbhav/miniconda3/lib/python3.11/site-packages/airflow/example_dags/example_complex.py
[2025-03-27T15:31:47.450-0500] {logging_mixin.py:190} INFO - [2025-03-27T15:31:47.450-0500] {dag.py:3239} INFO - Sync 1 DAGs
[2025-03-27T15:31:47.456-0500] {logging_mixin.py:190} INFO - [2025-03-27T15:31:47.455-0500] {dag.py:4180} INFO - Setting next_dagrun for example_complex to None, run_after=None
[2025-03-27T15:31:47.623-0500] {processor.py:208} INFO - Processing /home/udhbhav/miniconda3/lib/python3.11/site-packages/airflow/example_dags/example_complex.py took 0.196 seconds
[2025-03-27T15:32:33.257-0500] {processor.py:186} INFO - Started process (PID=1814567) to work on /home/udhbhav/miniconda3/lib/python3.11/site-packages/airflow/example_dags/example_complex.py
[2025-03-27T15:32:33.257-0500] {processor.py:914} INFO - Processing file /home/udhbhav/miniconda3/lib/python3.11/site-packages/airflow/example_dags/example_complex.py for tasks to queue
[2025-03-27T15:32:33.258-0500] {logging_mixin.py:190} INFO - [2025-03-27T15:32:33.258-0500] {dagbag.py:588} INFO - Filling up the DagBag from /home/udhbhav/miniconda3/lib/python3.11/site-packages/airflow/example_dags/example_complex.py
[2025-03-27T15:32:33.265-0500] {processor.py:925} INFO - DAG(s) 'example_complex' retrieved from /home/udhbhav/miniconda3/lib/python3.11/site-packages/airflow/example_dags/example_complex.py
[2025-03-27T15:32:33.277-0500] {logging_mixin.py:190} INFO - [2025-03-27T15:32:33.277-0500] {dag.py:3239} INFO - Sync 1 DAGs
[2025-03-27T15:32:33.283-0500] {logging_mixin.py:190} INFO - [2025-03-27T15:32:33.282-0500] {dag.py:4180} INFO - Setting next_dagrun for example_complex to None, run_after=None
[2025-03-27T15:32:33.394-0500] {processor.py:208} INFO - Processing /home/udhbhav/miniconda3/lib/python3.11/site-packages/airflow/example_dags/example_complex.py took 0.140 seconds
[2025-03-27T15:33:44.113-0500] {processor.py:186} INFO - Started process (PID=1815325) to work on /home/udhbhav/miniconda3/lib/python3.11/site-packages/airflow/example_dags/example_complex.py
[2025-03-27T15:33:44.113-0500] {processor.py:914} INFO - Processing file /home/udhbhav/miniconda3/lib/python3.11/site-packages/airflow/example_dags/example_complex.py for tasks to queue
[2025-03-27T15:33:44.114-0500] {logging_mixin.py:190} INFO - [2025-03-27T15:33:44.114-0500] {dagbag.py:588} INFO - Filling up the DagBag from /home/udhbhav/miniconda3/lib/python3.11/site-packages/airflow/example_dags/example_complex.py
[2025-03-27T15:33:44.121-0500] {processor.py:925} INFO - DAG(s) 'example_complex' retrieved from /home/udhbhav/miniconda3/lib/python3.11/site-packages/airflow/example_dags/example_complex.py
[2025-03-27T15:33:44.134-0500] {logging_mixin.py:190} INFO - [2025-03-27T15:33:44.133-0500] {dag.py:3239} INFO - Sync 1 DAGs
[2025-03-27T15:33:44.139-0500] {logging_mixin.py:190} INFO - [2025-03-27T15:33:44.139-0500] {dag.py:4180} INFO - Setting next_dagrun for example_complex to None, run_after=None
[2025-03-27T15:33:44.247-0500] {processor.py:208} INFO - Processing /home/udhbhav/miniconda3/lib/python3.11/site-packages/airflow/example_dags/example_complex.py took 0.138 seconds
[2025-03-27T15:34:49.124-0500] {processor.py:186} INFO - Started process (PID=1815982) to work on /home/udhbhav/miniconda3/lib/python3.11/site-packages/airflow/example_dags/example_complex.py
[2025-03-27T15:34:49.124-0500] {processor.py:914} INFO - Processing file /home/udhbhav/miniconda3/lib/python3.11/site-packages/airflow/example_dags/example_complex.py for tasks to queue
[2025-03-27T15:34:49.125-0500] {logging_mixin.py:190} INFO - [2025-03-27T15:34:49.125-0500] {dagbag.py:588} INFO - Filling up the DagBag from /home/udhbhav/miniconda3/lib/python3.11/site-packages/airflow/example_dags/example_complex.py
[2025-03-27T15:34:49.132-0500] {processor.py:925} INFO - DAG(s) 'example_complex' retrieved from /home/udhbhav/miniconda3/lib/python3.11/site-packages/airflow/example_dags/example_complex.py
[2025-03-27T15:34:49.144-0500] {logging_mixin.py:190} INFO - [2025-03-27T15:34:49.144-0500] {dag.py:3239} INFO - Sync 1 DAGs
[2025-03-27T15:34:49.149-0500] {logging_mixin.py:190} INFO - [2025-03-27T15:34:49.149-0500] {dag.py:4180} INFO - Setting next_dagrun for example_complex to None, run_after=None
[2025-03-27T15:34:49.257-0500] {processor.py:208} INFO - Processing /home/udhbhav/miniconda3/lib/python3.11/site-packages/airflow/example_dags/example_complex.py took 0.136 seconds
[2025-03-27T15:36:01.447-0500] {processor.py:186} INFO - Started process (PID=1816655) to work on /home/udhbhav/miniconda3/lib/python3.11/site-packages/airflow/example_dags/example_complex.py
[2025-03-27T15:36:01.447-0500] {processor.py:914} INFO - Processing file /home/udhbhav/miniconda3/lib/python3.11/site-packages/airflow/example_dags/example_complex.py for tasks to queue
[2025-03-27T15:36:01.448-0500] {logging_mixin.py:190} INFO - [2025-03-27T15:36:01.448-0500] {dagbag.py:588} INFO - Filling up the DagBag from /home/udhbhav/miniconda3/lib/python3.11/site-packages/airflow/example_dags/example_complex.py
[2025-03-27T15:36:01.455-0500] {processor.py:925} INFO - DAG(s) 'example_complex' retrieved from /home/udhbhav/miniconda3/lib/python3.11/site-packages/airflow/example_dags/example_complex.py
[2025-03-27T15:36:01.467-0500] {logging_mixin.py:190} INFO - [2025-03-27T15:36:01.467-0500] {dag.py:3239} INFO - Sync 1 DAGs
[2025-03-27T15:36:01.473-0500] {logging_mixin.py:190} INFO - [2025-03-27T15:36:01.472-0500] {dag.py:4180} INFO - Setting next_dagrun for example_complex to None, run_after=None
[2025-03-27T15:36:01.743-0500] {processor.py:208} INFO - Processing /home/udhbhav/miniconda3/lib/python3.11/site-packages/airflow/example_dags/example_complex.py took 0.299 seconds
