[2025-03-27T14:25:51.199-0500] {processor.py:186} INFO - Started process (PID=1762956) to work on /home/udhbhav/miniconda3/lib/python3.11/site-packages/airflow/example_dags/example_inlet_event_extra.py
[2025-03-27T14:25:51.199-0500] {processor.py:914} INFO - Processing file /home/udhbhav/miniconda3/lib/python3.11/site-packages/airflow/example_dags/example_inlet_event_extra.py for tasks to queue
[2025-03-27T14:25:51.200-0500] {logging_mixin.py:190} INFO - [2025-03-27T14:25:51.200-0500] {dagbag.py:588} INFO - Filling up the DagBag from /home/udhbhav/miniconda3/lib/python3.11/site-packages/airflow/example_dags/example_inlet_event_extra.py
[2025-03-27T14:25:51.221-0500] {processor.py:925} INFO - DAG(s) 'read_dataset_event_from_classic', 'read_dataset_event' retrieved from /home/udhbhav/miniconda3/lib/python3.11/site-packages/airflow/example_dags/example_inlet_event_extra.py
[2025-03-27T14:25:52.294-0500] {logging_mixin.py:190} INFO - [2025-03-27T14:25:52.293-0500] {override.py:1912} INFO - Created Permission View: can read on DAG:read_dataset_event_from_classic
[2025-03-27T14:25:52.450-0500] {logging_mixin.py:190} INFO - [2025-03-27T14:25:52.449-0500] {override.py:1912} INFO - Created Permission View: can edit on DAG:read_dataset_event_from_classic
[2025-03-27T14:25:52.537-0500] {logging_mixin.py:190} INFO - [2025-03-27T14:25:52.537-0500] {override.py:1912} INFO - Created Permission View: can delete on DAG:read_dataset_event_from_classic
[2025-03-27T14:25:52.708-0500] {logging_mixin.py:190} INFO - [2025-03-27T14:25:52.708-0500] {override.py:1912} INFO - Created Permission View: can read on DAG Run:read_dataset_event_from_classic
[2025-03-27T14:25:52.796-0500] {logging_mixin.py:190} INFO - [2025-03-27T14:25:52.796-0500] {override.py:1912} INFO - Created Permission View: menu access on DAG Run:read_dataset_event_from_classic
[2025-03-27T14:25:53.301-0500] {logging_mixin.py:190} INFO - [2025-03-27T14:25:53.301-0500] {override.py:1912} INFO - Created Permission View: can create on DAG Run:read_dataset_event_from_classic
[2025-03-27T14:25:53.789-0500] {logging_mixin.py:190} INFO - [2025-03-27T14:25:53.789-0500] {override.py:1912} INFO - Created Permission View: can delete on DAG Run:read_dataset_event_from_classic
[2025-03-27T14:25:54.023-0500] {logging_mixin.py:190} INFO - [2025-03-27T14:25:54.023-0500] {override.py:1912} INFO - Created Permission View: can read on DAG:read_dataset_event
[2025-03-27T14:25:54.128-0500] {logging_mixin.py:190} INFO - [2025-03-27T14:25:54.128-0500] {override.py:1912} INFO - Created Permission View: can edit on DAG:read_dataset_event
[2025-03-27T14:25:54.220-0500] {logging_mixin.py:190} INFO - [2025-03-27T14:25:54.220-0500] {override.py:1912} INFO - Created Permission View: can delete on DAG:read_dataset_event
[2025-03-27T14:25:54.416-0500] {logging_mixin.py:190} INFO - [2025-03-27T14:25:54.416-0500] {override.py:1912} INFO - Created Permission View: can read on DAG Run:read_dataset_event
[2025-03-27T14:25:54.506-0500] {logging_mixin.py:190} INFO - [2025-03-27T14:25:54.506-0500] {override.py:1912} INFO - Created Permission View: menu access on DAG Run:read_dataset_event
[2025-03-27T14:25:54.656-0500] {logging_mixin.py:190} INFO - [2025-03-27T14:25:54.656-0500] {override.py:1912} INFO - Created Permission View: can create on DAG Run:read_dataset_event
[2025-03-27T14:25:54.741-0500] {logging_mixin.py:190} INFO - [2025-03-27T14:25:54.741-0500] {override.py:1912} INFO - Created Permission View: can delete on DAG Run:read_dataset_event
[2025-03-27T14:25:54.741-0500] {logging_mixin.py:190} INFO - [2025-03-27T14:25:54.741-0500] {dag.py:3239} INFO - Sync 2 DAGs
[2025-03-27T14:25:54.746-0500] {logging_mixin.py:190} INFO - [2025-03-27T14:25:54.746-0500] {dag.py:3262} INFO - Creating ORM DAG for read_dataset_event_from_classic
[2025-03-27T14:25:54.747-0500] {logging_mixin.py:190} INFO - [2025-03-27T14:25:54.747-0500] {dag.py:3262} INFO - Creating ORM DAG for read_dataset_event
[2025-03-27T14:25:54.751-0500] {logging_mixin.py:190} INFO - [2025-03-27T14:25:54.751-0500] {dag.py:4180} INFO - Setting next_dagrun for read_dataset_event to 2025-03-26 00:00:00+00:00, run_after=2025-03-27 00:00:00+00:00
[2025-03-27T14:25:54.752-0500] {logging_mixin.py:190} INFO - [2025-03-27T14:25:54.752-0500] {dag.py:4180} INFO - Setting next_dagrun for read_dataset_event_from_classic to 2025-03-26 00:00:00+00:00, run_after=2025-03-27 00:00:00+00:00
[2025-03-27T14:25:54.850-0500] {processor.py:208} INFO - Processing /home/udhbhav/miniconda3/lib/python3.11/site-packages/airflow/example_dags/example_inlet_event_extra.py took 3.654 seconds
[2025-03-27T14:28:19.059-0500] {processor.py:186} INFO - Started process (PID=1764218) to work on /home/udhbhav/miniconda3/lib/python3.11/site-packages/airflow/example_dags/example_inlet_event_extra.py
[2025-03-27T14:28:19.059-0500] {processor.py:914} INFO - Processing file /home/udhbhav/miniconda3/lib/python3.11/site-packages/airflow/example_dags/example_inlet_event_extra.py for tasks to queue
[2025-03-27T14:28:19.060-0500] {logging_mixin.py:190} INFO - [2025-03-27T14:28:19.060-0500] {dagbag.py:588} INFO - Filling up the DagBag from /home/udhbhav/miniconda3/lib/python3.11/site-packages/airflow/example_dags/example_inlet_event_extra.py
[2025-03-27T14:28:19.068-0500] {processor.py:925} INFO - DAG(s) 'read_dataset_event_from_classic', 'read_dataset_event' retrieved from /home/udhbhav/miniconda3/lib/python3.11/site-packages/airflow/example_dags/example_inlet_event_extra.py
[2025-03-27T14:28:19.076-0500] {logging_mixin.py:190} INFO - [2025-03-27T14:28:19.075-0500] {dag.py:3239} INFO - Sync 2 DAGs
[2025-03-27T14:28:19.086-0500] {logging_mixin.py:190} INFO - [2025-03-27T14:28:19.086-0500] {dag.py:4180} INFO - Setting next_dagrun for read_dataset_event to 2025-03-26 00:00:00+00:00, run_after=2025-03-27 00:00:00+00:00
[2025-03-27T14:28:19.088-0500] {logging_mixin.py:190} INFO - [2025-03-27T14:28:19.088-0500] {dag.py:4180} INFO - Setting next_dagrun for read_dataset_event_from_classic to 2025-03-26 00:00:00+00:00, run_after=2025-03-27 00:00:00+00:00
[2025-03-27T14:28:19.315-0500] {processor.py:208} INFO - Processing /home/udhbhav/miniconda3/lib/python3.11/site-packages/airflow/example_dags/example_inlet_event_extra.py took 0.259 seconds
[2025-03-27T14:35:33.888-0500] {processor.py:186} INFO - Started process (PID=1768424) to work on /home/udhbhav/miniconda3/lib/python3.11/site-packages/airflow/example_dags/example_inlet_event_extra.py
[2025-03-27T14:35:33.889-0500] {processor.py:914} INFO - Processing file /home/udhbhav/miniconda3/lib/python3.11/site-packages/airflow/example_dags/example_inlet_event_extra.py for tasks to queue
[2025-03-27T14:35:33.890-0500] {logging_mixin.py:190} INFO - [2025-03-27T14:35:33.890-0500] {dagbag.py:588} INFO - Filling up the DagBag from /home/udhbhav/miniconda3/lib/python3.11/site-packages/airflow/example_dags/example_inlet_event_extra.py
[2025-03-27T14:35:33.897-0500] {processor.py:925} INFO - DAG(s) 'read_dataset_event_from_classic', 'read_dataset_event' retrieved from /home/udhbhav/miniconda3/lib/python3.11/site-packages/airflow/example_dags/example_inlet_event_extra.py
[2025-03-27T14:35:33.906-0500] {logging_mixin.py:190} INFO - [2025-03-27T14:35:33.906-0500] {dag.py:3239} INFO - Sync 2 DAGs
[2025-03-27T14:35:33.916-0500] {logging_mixin.py:190} INFO - [2025-03-27T14:35:33.916-0500] {dag.py:4180} INFO - Setting next_dagrun for read_dataset_event to 2025-03-26 00:00:00+00:00, run_after=2025-03-27 00:00:00+00:00
[2025-03-27T14:35:33.918-0500] {logging_mixin.py:190} INFO - [2025-03-27T14:35:33.918-0500] {dag.py:4180} INFO - Setting next_dagrun for read_dataset_event_from_classic to 2025-03-26 00:00:00+00:00, run_after=2025-03-27 00:00:00+00:00
[2025-03-27T14:35:34.025-0500] {processor.py:208} INFO - Processing /home/udhbhav/miniconda3/lib/python3.11/site-packages/airflow/example_dags/example_inlet_event_extra.py took 0.139 seconds
[2025-03-27T14:37:20.338-0500] {processor.py:186} INFO - Started process (PID=1769488) to work on /home/udhbhav/miniconda3/lib/python3.11/site-packages/airflow/example_dags/example_inlet_event_extra.py
[2025-03-27T14:37:20.338-0500] {processor.py:914} INFO - Processing file /home/udhbhav/miniconda3/lib/python3.11/site-packages/airflow/example_dags/example_inlet_event_extra.py for tasks to queue
[2025-03-27T14:37:20.339-0500] {logging_mixin.py:190} INFO - [2025-03-27T14:37:20.339-0500] {dagbag.py:588} INFO - Filling up the DagBag from /home/udhbhav/miniconda3/lib/python3.11/site-packages/airflow/example_dags/example_inlet_event_extra.py
[2025-03-27T14:37:20.346-0500] {processor.py:925} INFO - DAG(s) 'read_dataset_event', 'read_dataset_event_from_classic' retrieved from /home/udhbhav/miniconda3/lib/python3.11/site-packages/airflow/example_dags/example_inlet_event_extra.py
[2025-03-27T14:37:20.354-0500] {logging_mixin.py:190} INFO - [2025-03-27T14:37:20.354-0500] {dag.py:3239} INFO - Sync 2 DAGs
[2025-03-27T14:37:20.363-0500] {logging_mixin.py:190} INFO - [2025-03-27T14:37:20.363-0500] {dag.py:4180} INFO - Setting next_dagrun for read_dataset_event to 2025-03-26 00:00:00+00:00, run_after=2025-03-27 00:00:00+00:00
[2025-03-27T14:37:20.365-0500] {logging_mixin.py:190} INFO - [2025-03-27T14:37:20.365-0500] {dag.py:4180} INFO - Setting next_dagrun for read_dataset_event_from_classic to 2025-03-26 00:00:00+00:00, run_after=2025-03-27 00:00:00+00:00
[2025-03-27T14:37:20.526-0500] {processor.py:208} INFO - Processing /home/udhbhav/miniconda3/lib/python3.11/site-packages/airflow/example_dags/example_inlet_event_extra.py took 0.191 seconds
[2025-03-27T14:38:27.511-0500] {processor.py:186} INFO - Started process (PID=1770495) to work on /home/udhbhav/miniconda3/lib/python3.11/site-packages/airflow/example_dags/example_inlet_event_extra.py
[2025-03-27T14:38:27.511-0500] {processor.py:914} INFO - Processing file /home/udhbhav/miniconda3/lib/python3.11/site-packages/airflow/example_dags/example_inlet_event_extra.py for tasks to queue
[2025-03-27T14:38:27.512-0500] {logging_mixin.py:190} INFO - [2025-03-27T14:38:27.512-0500] {dagbag.py:588} INFO - Filling up the DagBag from /home/udhbhav/miniconda3/lib/python3.11/site-packages/airflow/example_dags/example_inlet_event_extra.py
[2025-03-27T14:38:27.519-0500] {processor.py:925} INFO - DAG(s) 'read_dataset_event_from_classic', 'read_dataset_event' retrieved from /home/udhbhav/miniconda3/lib/python3.11/site-packages/airflow/example_dags/example_inlet_event_extra.py
[2025-03-27T14:38:27.527-0500] {logging_mixin.py:190} INFO - [2025-03-27T14:38:27.527-0500] {dag.py:3239} INFO - Sync 2 DAGs
[2025-03-27T14:38:27.535-0500] {logging_mixin.py:190} INFO - [2025-03-27T14:38:27.535-0500] {dag.py:4180} INFO - Setting next_dagrun for read_dataset_event to 2025-03-26 00:00:00+00:00, run_after=2025-03-27 00:00:00+00:00
[2025-03-27T14:38:27.537-0500] {logging_mixin.py:190} INFO - [2025-03-27T14:38:27.537-0500] {dag.py:4180} INFO - Setting next_dagrun for read_dataset_event_from_classic to 2025-03-26 00:00:00+00:00, run_after=2025-03-27 00:00:00+00:00
[2025-03-27T14:38:27.641-0500] {processor.py:208} INFO - Processing /home/udhbhav/miniconda3/lib/python3.11/site-packages/airflow/example_dags/example_inlet_event_extra.py took 0.133 seconds
[2025-03-27T14:39:38.979-0500] {processor.py:186} INFO - Started process (PID=1771264) to work on /home/udhbhav/miniconda3/lib/python3.11/site-packages/airflow/example_dags/example_inlet_event_extra.py
[2025-03-27T14:39:38.980-0500] {processor.py:914} INFO - Processing file /home/udhbhav/miniconda3/lib/python3.11/site-packages/airflow/example_dags/example_inlet_event_extra.py for tasks to queue
[2025-03-27T14:39:38.981-0500] {logging_mixin.py:190} INFO - [2025-03-27T14:39:38.980-0500] {dagbag.py:588} INFO - Filling up the DagBag from /home/udhbhav/miniconda3/lib/python3.11/site-packages/airflow/example_dags/example_inlet_event_extra.py
[2025-03-27T14:39:38.987-0500] {processor.py:925} INFO - DAG(s) 'read_dataset_event_from_classic', 'read_dataset_event' retrieved from /home/udhbhav/miniconda3/lib/python3.11/site-packages/airflow/example_dags/example_inlet_event_extra.py
[2025-03-27T14:39:38.995-0500] {logging_mixin.py:190} INFO - [2025-03-27T14:39:38.995-0500] {dag.py:3239} INFO - Sync 2 DAGs
[2025-03-27T14:39:39.003-0500] {logging_mixin.py:190} INFO - [2025-03-27T14:39:39.003-0500] {dag.py:4180} INFO - Setting next_dagrun for read_dataset_event to 2025-03-26 00:00:00+00:00, run_after=2025-03-27 00:00:00+00:00
[2025-03-27T14:39:39.005-0500] {logging_mixin.py:190} INFO - [2025-03-27T14:39:39.005-0500] {dag.py:4180} INFO - Setting next_dagrun for read_dataset_event_from_classic to 2025-03-26 00:00:00+00:00, run_after=2025-03-27 00:00:00+00:00
[2025-03-27T14:39:39.100-0500] {processor.py:208} INFO - Processing /home/udhbhav/miniconda3/lib/python3.11/site-packages/airflow/example_dags/example_inlet_event_extra.py took 0.124 seconds
[2025-03-27T14:40:58.079-0500] {processor.py:186} INFO - Started process (PID=1772061) to work on /home/udhbhav/miniconda3/lib/python3.11/site-packages/airflow/example_dags/example_inlet_event_extra.py
[2025-03-27T14:40:58.079-0500] {processor.py:914} INFO - Processing file /home/udhbhav/miniconda3/lib/python3.11/site-packages/airflow/example_dags/example_inlet_event_extra.py for tasks to queue
[2025-03-27T14:40:58.080-0500] {logging_mixin.py:190} INFO - [2025-03-27T14:40:58.080-0500] {dagbag.py:588} INFO - Filling up the DagBag from /home/udhbhav/miniconda3/lib/python3.11/site-packages/airflow/example_dags/example_inlet_event_extra.py
[2025-03-27T14:40:58.087-0500] {processor.py:925} INFO - DAG(s) 'read_dataset_event', 'read_dataset_event_from_classic' retrieved from /home/udhbhav/miniconda3/lib/python3.11/site-packages/airflow/example_dags/example_inlet_event_extra.py
[2025-03-27T14:40:58.094-0500] {logging_mixin.py:190} INFO - [2025-03-27T14:40:58.094-0500] {dag.py:3239} INFO - Sync 2 DAGs
[2025-03-27T14:40:58.103-0500] {logging_mixin.py:190} INFO - [2025-03-27T14:40:58.103-0500] {dag.py:4180} INFO - Setting next_dagrun for read_dataset_event to 2025-03-26 00:00:00+00:00, run_after=2025-03-27 00:00:00+00:00
[2025-03-27T14:40:58.105-0500] {logging_mixin.py:190} INFO - [2025-03-27T14:40:58.105-0500] {dag.py:4180} INFO - Setting next_dagrun for read_dataset_event_from_classic to 2025-03-26 00:00:00+00:00, run_after=2025-03-27 00:00:00+00:00
[2025-03-27T14:40:58.211-0500] {processor.py:208} INFO - Processing /home/udhbhav/miniconda3/lib/python3.11/site-packages/airflow/example_dags/example_inlet_event_extra.py took 0.135 seconds
[2025-03-27T14:41:49.326-0500] {processor.py:186} INFO - Started process (PID=1772876) to work on /home/udhbhav/miniconda3/lib/python3.11/site-packages/airflow/example_dags/example_inlet_event_extra.py
[2025-03-27T14:41:49.326-0500] {processor.py:914} INFO - Processing file /home/udhbhav/miniconda3/lib/python3.11/site-packages/airflow/example_dags/example_inlet_event_extra.py for tasks to queue
[2025-03-27T14:41:49.328-0500] {logging_mixin.py:190} INFO - [2025-03-27T14:41:49.327-0500] {dagbag.py:588} INFO - Filling up the DagBag from /home/udhbhav/miniconda3/lib/python3.11/site-packages/airflow/example_dags/example_inlet_event_extra.py
[2025-03-27T14:41:49.334-0500] {processor.py:925} INFO - DAG(s) 'read_dataset_event_from_classic', 'read_dataset_event' retrieved from /home/udhbhav/miniconda3/lib/python3.11/site-packages/airflow/example_dags/example_inlet_event_extra.py
[2025-03-27T14:41:49.342-0500] {logging_mixin.py:190} INFO - [2025-03-27T14:41:49.342-0500] {dag.py:3239} INFO - Sync 2 DAGs
[2025-03-27T14:41:49.350-0500] {logging_mixin.py:190} INFO - [2025-03-27T14:41:49.350-0500] {dag.py:4180} INFO - Setting next_dagrun for read_dataset_event to 2025-03-26 00:00:00+00:00, run_after=2025-03-27 00:00:00+00:00
[2025-03-27T14:41:49.352-0500] {logging_mixin.py:190} INFO - [2025-03-27T14:41:49.352-0500] {dag.py:4180} INFO - Setting next_dagrun for read_dataset_event_from_classic to 2025-03-26 00:00:00+00:00, run_after=2025-03-27 00:00:00+00:00
[2025-03-27T14:41:49.458-0500] {processor.py:208} INFO - Processing /home/udhbhav/miniconda3/lib/python3.11/site-packages/airflow/example_dags/example_inlet_event_extra.py took 0.136 seconds
[2025-03-27T14:42:51.443-0500] {processor.py:186} INFO - Started process (PID=1773526) to work on /home/udhbhav/miniconda3/lib/python3.11/site-packages/airflow/example_dags/example_inlet_event_extra.py
[2025-03-27T14:42:51.443-0500] {processor.py:914} INFO - Processing file /home/udhbhav/miniconda3/lib/python3.11/site-packages/airflow/example_dags/example_inlet_event_extra.py for tasks to queue
[2025-03-27T14:42:51.444-0500] {logging_mixin.py:190} INFO - [2025-03-27T14:42:51.444-0500] {dagbag.py:588} INFO - Filling up the DagBag from /home/udhbhav/miniconda3/lib/python3.11/site-packages/airflow/example_dags/example_inlet_event_extra.py
[2025-03-27T14:42:51.451-0500] {processor.py:925} INFO - DAG(s) 'read_dataset_event_from_classic', 'read_dataset_event' retrieved from /home/udhbhav/miniconda3/lib/python3.11/site-packages/airflow/example_dags/example_inlet_event_extra.py
[2025-03-27T14:42:51.458-0500] {logging_mixin.py:190} INFO - [2025-03-27T14:42:51.458-0500] {dag.py:3239} INFO - Sync 2 DAGs
[2025-03-27T14:42:51.467-0500] {logging_mixin.py:190} INFO - [2025-03-27T14:42:51.467-0500] {dag.py:4180} INFO - Setting next_dagrun for read_dataset_event to 2025-03-26 00:00:00+00:00, run_after=2025-03-27 00:00:00+00:00
[2025-03-27T14:42:51.469-0500] {logging_mixin.py:190} INFO - [2025-03-27T14:42:51.469-0500] {dag.py:4180} INFO - Setting next_dagrun for read_dataset_event_from_classic to 2025-03-26 00:00:00+00:00, run_after=2025-03-27 00:00:00+00:00
[2025-03-27T14:42:51.681-0500] {processor.py:208} INFO - Processing /home/udhbhav/miniconda3/lib/python3.11/site-packages/airflow/example_dags/example_inlet_event_extra.py took 0.241 seconds
[2025-03-27T14:43:55.062-0500] {processor.py:186} INFO - Started process (PID=1774260) to work on /home/udhbhav/miniconda3/lib/python3.11/site-packages/airflow/example_dags/example_inlet_event_extra.py
[2025-03-27T14:43:55.062-0500] {processor.py:914} INFO - Processing file /home/udhbhav/miniconda3/lib/python3.11/site-packages/airflow/example_dags/example_inlet_event_extra.py for tasks to queue
[2025-03-27T14:43:55.063-0500] {logging_mixin.py:190} INFO - [2025-03-27T14:43:55.063-0500] {dagbag.py:588} INFO - Filling up the DagBag from /home/udhbhav/miniconda3/lib/python3.11/site-packages/airflow/example_dags/example_inlet_event_extra.py
[2025-03-27T14:43:55.070-0500] {processor.py:925} INFO - DAG(s) 'read_dataset_event', 'read_dataset_event_from_classic' retrieved from /home/udhbhav/miniconda3/lib/python3.11/site-packages/airflow/example_dags/example_inlet_event_extra.py
[2025-03-27T14:43:55.077-0500] {logging_mixin.py:190} INFO - [2025-03-27T14:43:55.077-0500] {dag.py:3239} INFO - Sync 2 DAGs
[2025-03-27T14:43:55.086-0500] {logging_mixin.py:190} INFO - [2025-03-27T14:43:55.086-0500] {dag.py:4180} INFO - Setting next_dagrun for read_dataset_event to 2025-03-26 00:00:00+00:00, run_after=2025-03-27 00:00:00+00:00
[2025-03-27T14:43:55.088-0500] {logging_mixin.py:190} INFO - [2025-03-27T14:43:55.088-0500] {dag.py:4180} INFO - Setting next_dagrun for read_dataset_event_from_classic to 2025-03-26 00:00:00+00:00, run_after=2025-03-27 00:00:00+00:00
[2025-03-27T14:43:55.195-0500] {processor.py:208} INFO - Processing /home/udhbhav/miniconda3/lib/python3.11/site-packages/airflow/example_dags/example_inlet_event_extra.py took 0.136 seconds
[2025-03-27T14:44:59.163-0500] {processor.py:186} INFO - Started process (PID=1774896) to work on /home/udhbhav/miniconda3/lib/python3.11/site-packages/airflow/example_dags/example_inlet_event_extra.py
[2025-03-27T14:44:59.163-0500] {processor.py:914} INFO - Processing file /home/udhbhav/miniconda3/lib/python3.11/site-packages/airflow/example_dags/example_inlet_event_extra.py for tasks to queue
[2025-03-27T14:44:59.164-0500] {logging_mixin.py:190} INFO - [2025-03-27T14:44:59.164-0500] {dagbag.py:588} INFO - Filling up the DagBag from /home/udhbhav/miniconda3/lib/python3.11/site-packages/airflow/example_dags/example_inlet_event_extra.py
[2025-03-27T14:44:59.171-0500] {processor.py:925} INFO - DAG(s) 'read_dataset_event', 'read_dataset_event_from_classic' retrieved from /home/udhbhav/miniconda3/lib/python3.11/site-packages/airflow/example_dags/example_inlet_event_extra.py
[2025-03-27T14:44:59.178-0500] {logging_mixin.py:190} INFO - [2025-03-27T14:44:59.178-0500] {dag.py:3239} INFO - Sync 2 DAGs
[2025-03-27T14:44:59.187-0500] {logging_mixin.py:190} INFO - [2025-03-27T14:44:59.186-0500] {dag.py:4180} INFO - Setting next_dagrun for read_dataset_event to 2025-03-26 00:00:00+00:00, run_after=2025-03-27 00:00:00+00:00
[2025-03-27T14:44:59.189-0500] {logging_mixin.py:190} INFO - [2025-03-27T14:44:59.189-0500] {dag.py:4180} INFO - Setting next_dagrun for read_dataset_event_from_classic to 2025-03-26 00:00:00+00:00, run_after=2025-03-27 00:00:00+00:00
[2025-03-27T14:44:59.296-0500] {processor.py:208} INFO - Processing /home/udhbhav/miniconda3/lib/python3.11/site-packages/airflow/example_dags/example_inlet_event_extra.py took 0.136 seconds
[2025-03-27T14:45:55.316-0500] {processor.py:186} INFO - Started process (PID=1775454) to work on /home/udhbhav/miniconda3/lib/python3.11/site-packages/airflow/example_dags/example_inlet_event_extra.py
[2025-03-27T14:45:55.317-0500] {processor.py:914} INFO - Processing file /home/udhbhav/miniconda3/lib/python3.11/site-packages/airflow/example_dags/example_inlet_event_extra.py for tasks to queue
[2025-03-27T14:45:55.318-0500] {logging_mixin.py:190} INFO - [2025-03-27T14:45:55.317-0500] {dagbag.py:588} INFO - Filling up the DagBag from /home/udhbhav/miniconda3/lib/python3.11/site-packages/airflow/example_dags/example_inlet_event_extra.py
[2025-03-27T14:45:55.324-0500] {processor.py:925} INFO - DAG(s) 'read_dataset_event', 'read_dataset_event_from_classic' retrieved from /home/udhbhav/miniconda3/lib/python3.11/site-packages/airflow/example_dags/example_inlet_event_extra.py
[2025-03-27T14:45:55.332-0500] {logging_mixin.py:190} INFO - [2025-03-27T14:45:55.332-0500] {dag.py:3239} INFO - Sync 2 DAGs
[2025-03-27T14:45:55.340-0500] {logging_mixin.py:190} INFO - [2025-03-27T14:45:55.340-0500] {dag.py:4180} INFO - Setting next_dagrun for read_dataset_event to 2025-03-26 00:00:00+00:00, run_after=2025-03-27 00:00:00+00:00
[2025-03-27T14:45:55.342-0500] {logging_mixin.py:190} INFO - [2025-03-27T14:45:55.342-0500] {dag.py:4180} INFO - Setting next_dagrun for read_dataset_event_from_classic to 2025-03-26 00:00:00+00:00, run_after=2025-03-27 00:00:00+00:00
[2025-03-27T14:45:55.600-0500] {processor.py:208} INFO - Processing /home/udhbhav/miniconda3/lib/python3.11/site-packages/airflow/example_dags/example_inlet_event_extra.py took 0.287 seconds
[2025-03-27T14:47:24.554-0500] {processor.py:186} INFO - Started process (PID=1776219) to work on /home/udhbhav/miniconda3/lib/python3.11/site-packages/airflow/example_dags/example_inlet_event_extra.py
[2025-03-27T14:47:24.554-0500] {processor.py:914} INFO - Processing file /home/udhbhav/miniconda3/lib/python3.11/site-packages/airflow/example_dags/example_inlet_event_extra.py for tasks to queue
[2025-03-27T14:47:24.555-0500] {logging_mixin.py:190} INFO - [2025-03-27T14:47:24.555-0500] {dagbag.py:588} INFO - Filling up the DagBag from /home/udhbhav/miniconda3/lib/python3.11/site-packages/airflow/example_dags/example_inlet_event_extra.py
[2025-03-27T14:47:24.562-0500] {processor.py:925} INFO - DAG(s) 'read_dataset_event_from_classic', 'read_dataset_event' retrieved from /home/udhbhav/miniconda3/lib/python3.11/site-packages/airflow/example_dags/example_inlet_event_extra.py
[2025-03-27T14:47:24.570-0500] {logging_mixin.py:190} INFO - [2025-03-27T14:47:24.570-0500] {dag.py:3239} INFO - Sync 2 DAGs
[2025-03-27T14:47:24.579-0500] {logging_mixin.py:190} INFO - [2025-03-27T14:47:24.579-0500] {dag.py:4180} INFO - Setting next_dagrun for read_dataset_event to 2025-03-26 00:00:00+00:00, run_after=2025-03-27 00:00:00+00:00
[2025-03-27T14:47:24.581-0500] {logging_mixin.py:190} INFO - [2025-03-27T14:47:24.581-0500] {dag.py:4180} INFO - Setting next_dagrun for read_dataset_event_from_classic to 2025-03-26 00:00:00+00:00, run_after=2025-03-27 00:00:00+00:00
[2025-03-27T14:47:24.763-0500] {processor.py:208} INFO - Processing /home/udhbhav/miniconda3/lib/python3.11/site-packages/airflow/example_dags/example_inlet_event_extra.py took 0.212 seconds
[2025-03-27T14:48:43.009-0500] {processor.py:186} INFO - Started process (PID=1777022) to work on /home/udhbhav/miniconda3/lib/python3.11/site-packages/airflow/example_dags/example_inlet_event_extra.py
[2025-03-27T14:48:43.010-0500] {processor.py:914} INFO - Processing file /home/udhbhav/miniconda3/lib/python3.11/site-packages/airflow/example_dags/example_inlet_event_extra.py for tasks to queue
[2025-03-27T14:48:43.011-0500] {logging_mixin.py:190} INFO - [2025-03-27T14:48:43.011-0500] {dagbag.py:588} INFO - Filling up the DagBag from /home/udhbhav/miniconda3/lib/python3.11/site-packages/airflow/example_dags/example_inlet_event_extra.py
[2025-03-27T14:48:43.017-0500] {processor.py:925} INFO - DAG(s) 'read_dataset_event', 'read_dataset_event_from_classic' retrieved from /home/udhbhav/miniconda3/lib/python3.11/site-packages/airflow/example_dags/example_inlet_event_extra.py
[2025-03-27T14:48:43.025-0500] {logging_mixin.py:190} INFO - [2025-03-27T14:48:43.025-0500] {dag.py:3239} INFO - Sync 2 DAGs
[2025-03-27T14:48:43.034-0500] {logging_mixin.py:190} INFO - [2025-03-27T14:48:43.034-0500] {dag.py:4180} INFO - Setting next_dagrun for read_dataset_event to 2025-03-26 00:00:00+00:00, run_after=2025-03-27 00:00:00+00:00
[2025-03-27T14:48:43.036-0500] {logging_mixin.py:190} INFO - [2025-03-27T14:48:43.036-0500] {dag.py:4180} INFO - Setting next_dagrun for read_dataset_event_from_classic to 2025-03-26 00:00:00+00:00, run_after=2025-03-27 00:00:00+00:00
[2025-03-27T14:48:43.178-0500] {processor.py:208} INFO - Processing /home/udhbhav/miniconda3/lib/python3.11/site-packages/airflow/example_dags/example_inlet_event_extra.py took 0.171 seconds
[2025-03-27T14:50:08.243-0500] {processor.py:186} INFO - Started process (PID=1777771) to work on /home/udhbhav/miniconda3/lib/python3.11/site-packages/airflow/example_dags/example_inlet_event_extra.py
[2025-03-27T14:50:08.244-0500] {processor.py:914} INFO - Processing file /home/udhbhav/miniconda3/lib/python3.11/site-packages/airflow/example_dags/example_inlet_event_extra.py for tasks to queue
[2025-03-27T14:50:08.245-0500] {logging_mixin.py:190} INFO - [2025-03-27T14:50:08.245-0500] {dagbag.py:588} INFO - Filling up the DagBag from /home/udhbhav/miniconda3/lib/python3.11/site-packages/airflow/example_dags/example_inlet_event_extra.py
[2025-03-27T14:50:08.251-0500] {processor.py:925} INFO - DAG(s) 'read_dataset_event', 'read_dataset_event_from_classic' retrieved from /home/udhbhav/miniconda3/lib/python3.11/site-packages/airflow/example_dags/example_inlet_event_extra.py
[2025-03-27T14:50:08.259-0500] {logging_mixin.py:190} INFO - [2025-03-27T14:50:08.259-0500] {dag.py:3239} INFO - Sync 2 DAGs
[2025-03-27T14:50:08.268-0500] {logging_mixin.py:190} INFO - [2025-03-27T14:50:08.267-0500] {dag.py:4180} INFO - Setting next_dagrun for read_dataset_event to 2025-03-26 00:00:00+00:00, run_after=2025-03-27 00:00:00+00:00
[2025-03-27T14:50:08.270-0500] {logging_mixin.py:190} INFO - [2025-03-27T14:50:08.269-0500] {dag.py:4180} INFO - Setting next_dagrun for read_dataset_event_from_classic to 2025-03-26 00:00:00+00:00, run_after=2025-03-27 00:00:00+00:00
[2025-03-27T14:50:08.377-0500] {processor.py:208} INFO - Processing /home/udhbhav/miniconda3/lib/python3.11/site-packages/airflow/example_dags/example_inlet_event_extra.py took 0.136 seconds
[2025-03-27T14:51:15.128-0500] {processor.py:186} INFO - Started process (PID=1783001) to work on /home/udhbhav/miniconda3/lib/python3.11/site-packages/airflow/example_dags/example_inlet_event_extra.py
[2025-03-27T14:51:15.129-0500] {processor.py:914} INFO - Processing file /home/udhbhav/miniconda3/lib/python3.11/site-packages/airflow/example_dags/example_inlet_event_extra.py for tasks to queue
[2025-03-27T14:51:15.130-0500] {logging_mixin.py:190} INFO - [2025-03-27T14:51:15.130-0500] {dagbag.py:588} INFO - Filling up the DagBag from /home/udhbhav/miniconda3/lib/python3.11/site-packages/airflow/example_dags/example_inlet_event_extra.py
[2025-03-27T14:51:15.137-0500] {processor.py:925} INFO - DAG(s) 'read_dataset_event', 'read_dataset_event_from_classic' retrieved from /home/udhbhav/miniconda3/lib/python3.11/site-packages/airflow/example_dags/example_inlet_event_extra.py
[2025-03-27T14:51:15.145-0500] {logging_mixin.py:190} INFO - [2025-03-27T14:51:15.145-0500] {dag.py:3239} INFO - Sync 2 DAGs
[2025-03-27T14:51:15.154-0500] {logging_mixin.py:190} INFO - [2025-03-27T14:51:15.154-0500] {dag.py:4180} INFO - Setting next_dagrun for read_dataset_event to 2025-03-26 00:00:00+00:00, run_after=2025-03-27 00:00:00+00:00
[2025-03-27T14:51:15.157-0500] {logging_mixin.py:190} INFO - [2025-03-27T14:51:15.157-0500] {dag.py:4180} INFO - Setting next_dagrun for read_dataset_event_from_classic to 2025-03-26 00:00:00+00:00, run_after=2025-03-27 00:00:00+00:00
[2025-03-27T14:51:15.263-0500] {processor.py:208} INFO - Processing /home/udhbhav/miniconda3/lib/python3.11/site-packages/airflow/example_dags/example_inlet_event_extra.py took 0.138 seconds
[2025-03-27T14:52:21.922-0500] {processor.py:186} INFO - Started process (PID=1783948) to work on /home/udhbhav/miniconda3/lib/python3.11/site-packages/airflow/example_dags/example_inlet_event_extra.py
[2025-03-27T14:52:21.922-0500] {processor.py:914} INFO - Processing file /home/udhbhav/miniconda3/lib/python3.11/site-packages/airflow/example_dags/example_inlet_event_extra.py for tasks to queue
[2025-03-27T14:52:21.923-0500] {logging_mixin.py:190} INFO - [2025-03-27T14:52:21.923-0500] {dagbag.py:588} INFO - Filling up the DagBag from /home/udhbhav/miniconda3/lib/python3.11/site-packages/airflow/example_dags/example_inlet_event_extra.py
[2025-03-27T14:52:21.930-0500] {processor.py:925} INFO - DAG(s) 'read_dataset_event_from_classic', 'read_dataset_event' retrieved from /home/udhbhav/miniconda3/lib/python3.11/site-packages/airflow/example_dags/example_inlet_event_extra.py
[2025-03-27T14:52:21.938-0500] {logging_mixin.py:190} INFO - [2025-03-27T14:52:21.938-0500] {dag.py:3239} INFO - Sync 2 DAGs
[2025-03-27T14:52:21.946-0500] {logging_mixin.py:190} INFO - [2025-03-27T14:52:21.946-0500] {dag.py:4180} INFO - Setting next_dagrun for read_dataset_event to 2025-03-26 00:00:00+00:00, run_after=2025-03-27 00:00:00+00:00
[2025-03-27T14:52:21.948-0500] {logging_mixin.py:190} INFO - [2025-03-27T14:52:21.948-0500] {dag.py:4180} INFO - Setting next_dagrun for read_dataset_event_from_classic to 2025-03-26 00:00:00+00:00, run_after=2025-03-27 00:00:00+00:00
[2025-03-27T14:52:22.056-0500] {processor.py:208} INFO - Processing /home/udhbhav/miniconda3/lib/python3.11/site-packages/airflow/example_dags/example_inlet_event_extra.py took 0.137 seconds
[2025-03-27T14:53:32.497-0500] {processor.py:186} INFO - Started process (PID=1784661) to work on /home/udhbhav/miniconda3/lib/python3.11/site-packages/airflow/example_dags/example_inlet_event_extra.py
[2025-03-27T14:53:32.497-0500] {processor.py:914} INFO - Processing file /home/udhbhav/miniconda3/lib/python3.11/site-packages/airflow/example_dags/example_inlet_event_extra.py for tasks to queue
[2025-03-27T14:53:32.498-0500] {logging_mixin.py:190} INFO - [2025-03-27T14:53:32.498-0500] {dagbag.py:588} INFO - Filling up the DagBag from /home/udhbhav/miniconda3/lib/python3.11/site-packages/airflow/example_dags/example_inlet_event_extra.py
[2025-03-27T14:53:32.505-0500] {processor.py:925} INFO - DAG(s) 'read_dataset_event_from_classic', 'read_dataset_event' retrieved from /home/udhbhav/miniconda3/lib/python3.11/site-packages/airflow/example_dags/example_inlet_event_extra.py
[2025-03-27T14:53:32.513-0500] {logging_mixin.py:190} INFO - [2025-03-27T14:53:32.513-0500] {dag.py:3239} INFO - Sync 2 DAGs
[2025-03-27T14:53:32.522-0500] {logging_mixin.py:190} INFO - [2025-03-27T14:53:32.522-0500] {dag.py:4180} INFO - Setting next_dagrun for read_dataset_event to 2025-03-26 00:00:00+00:00, run_after=2025-03-27 00:00:00+00:00
[2025-03-27T14:53:32.524-0500] {logging_mixin.py:190} INFO - [2025-03-27T14:53:32.524-0500] {dag.py:4180} INFO - Setting next_dagrun for read_dataset_event_from_classic to 2025-03-26 00:00:00+00:00, run_after=2025-03-27 00:00:00+00:00
[2025-03-27T14:53:32.631-0500] {processor.py:208} INFO - Processing /home/udhbhav/miniconda3/lib/python3.11/site-packages/airflow/example_dags/example_inlet_event_extra.py took 0.137 seconds
[2025-03-27T14:54:39.734-0500] {processor.py:186} INFO - Started process (PID=1785316) to work on /home/udhbhav/miniconda3/lib/python3.11/site-packages/airflow/example_dags/example_inlet_event_extra.py
[2025-03-27T14:54:39.734-0500] {processor.py:914} INFO - Processing file /home/udhbhav/miniconda3/lib/python3.11/site-packages/airflow/example_dags/example_inlet_event_extra.py for tasks to queue
[2025-03-27T14:54:39.735-0500] {logging_mixin.py:190} INFO - [2025-03-27T14:54:39.735-0500] {dagbag.py:588} INFO - Filling up the DagBag from /home/udhbhav/miniconda3/lib/python3.11/site-packages/airflow/example_dags/example_inlet_event_extra.py
[2025-03-27T14:54:39.742-0500] {processor.py:925} INFO - DAG(s) 'read_dataset_event', 'read_dataset_event_from_classic' retrieved from /home/udhbhav/miniconda3/lib/python3.11/site-packages/airflow/example_dags/example_inlet_event_extra.py
[2025-03-27T14:54:39.750-0500] {logging_mixin.py:190} INFO - [2025-03-27T14:54:39.749-0500] {dag.py:3239} INFO - Sync 2 DAGs
[2025-03-27T14:54:39.758-0500] {logging_mixin.py:190} INFO - [2025-03-27T14:54:39.758-0500] {dag.py:4180} INFO - Setting next_dagrun for read_dataset_event to 2025-03-26 00:00:00+00:00, run_after=2025-03-27 00:00:00+00:00
[2025-03-27T14:54:39.760-0500] {logging_mixin.py:190} INFO - [2025-03-27T14:54:39.760-0500] {dag.py:4180} INFO - Setting next_dagrun for read_dataset_event_from_classic to 2025-03-26 00:00:00+00:00, run_after=2025-03-27 00:00:00+00:00
[2025-03-27T14:54:39.867-0500] {processor.py:208} INFO - Processing /home/udhbhav/miniconda3/lib/python3.11/site-packages/airflow/example_dags/example_inlet_event_extra.py took 0.136 seconds
[2025-03-27T14:55:44.751-0500] {processor.py:186} INFO - Started process (PID=1786084) to work on /home/udhbhav/miniconda3/lib/python3.11/site-packages/airflow/example_dags/example_inlet_event_extra.py
[2025-03-27T14:55:44.751-0500] {processor.py:914} INFO - Processing file /home/udhbhav/miniconda3/lib/python3.11/site-packages/airflow/example_dags/example_inlet_event_extra.py for tasks to queue
[2025-03-27T14:55:44.752-0500] {logging_mixin.py:190} INFO - [2025-03-27T14:55:44.752-0500] {dagbag.py:588} INFO - Filling up the DagBag from /home/udhbhav/miniconda3/lib/python3.11/site-packages/airflow/example_dags/example_inlet_event_extra.py
[2025-03-27T14:55:44.759-0500] {processor.py:925} INFO - DAG(s) 'read_dataset_event', 'read_dataset_event_from_classic' retrieved from /home/udhbhav/miniconda3/lib/python3.11/site-packages/airflow/example_dags/example_inlet_event_extra.py
[2025-03-27T14:55:44.767-0500] {logging_mixin.py:190} INFO - [2025-03-27T14:55:44.767-0500] {dag.py:3239} INFO - Sync 2 DAGs
[2025-03-27T14:55:44.775-0500] {logging_mixin.py:190} INFO - [2025-03-27T14:55:44.775-0500] {dag.py:4180} INFO - Setting next_dagrun for read_dataset_event to 2025-03-26 00:00:00+00:00, run_after=2025-03-27 00:00:00+00:00
[2025-03-27T14:55:44.777-0500] {logging_mixin.py:190} INFO - [2025-03-27T14:55:44.777-0500] {dag.py:4180} INFO - Setting next_dagrun for read_dataset_event_from_classic to 2025-03-26 00:00:00+00:00, run_after=2025-03-27 00:00:00+00:00
[2025-03-27T14:55:44.973-0500] {processor.py:208} INFO - Processing /home/udhbhav/miniconda3/lib/python3.11/site-packages/airflow/example_dags/example_inlet_event_extra.py took 0.225 seconds
[2025-03-27T14:57:03.276-0500] {processor.py:186} INFO - Started process (PID=1786849) to work on /home/udhbhav/miniconda3/lib/python3.11/site-packages/airflow/example_dags/example_inlet_event_extra.py
[2025-03-27T14:57:03.276-0500] {processor.py:914} INFO - Processing file /home/udhbhav/miniconda3/lib/python3.11/site-packages/airflow/example_dags/example_inlet_event_extra.py for tasks to queue
[2025-03-27T14:57:03.277-0500] {logging_mixin.py:190} INFO - [2025-03-27T14:57:03.277-0500] {dagbag.py:588} INFO - Filling up the DagBag from /home/udhbhav/miniconda3/lib/python3.11/site-packages/airflow/example_dags/example_inlet_event_extra.py
[2025-03-27T14:57:03.284-0500] {processor.py:925} INFO - DAG(s) 'read_dataset_event_from_classic', 'read_dataset_event' retrieved from /home/udhbhav/miniconda3/lib/python3.11/site-packages/airflow/example_dags/example_inlet_event_extra.py
[2025-03-27T14:57:03.291-0500] {logging_mixin.py:190} INFO - [2025-03-27T14:57:03.291-0500] {dag.py:3239} INFO - Sync 2 DAGs
[2025-03-27T14:57:03.300-0500] {logging_mixin.py:190} INFO - [2025-03-27T14:57:03.300-0500] {dag.py:4180} INFO - Setting next_dagrun for read_dataset_event to 2025-03-26 00:00:00+00:00, run_after=2025-03-27 00:00:00+00:00
[2025-03-27T14:57:03.302-0500] {logging_mixin.py:190} INFO - [2025-03-27T14:57:03.302-0500] {dag.py:4180} INFO - Setting next_dagrun for read_dataset_event_from_classic to 2025-03-26 00:00:00+00:00, run_after=2025-03-27 00:00:00+00:00
[2025-03-27T14:57:03.452-0500] {processor.py:208} INFO - Processing /home/udhbhav/miniconda3/lib/python3.11/site-packages/airflow/example_dags/example_inlet_event_extra.py took 0.179 seconds
[2025-03-27T14:58:23.269-0500] {processor.py:186} INFO - Started process (PID=1787606) to work on /home/udhbhav/miniconda3/lib/python3.11/site-packages/airflow/example_dags/example_inlet_event_extra.py
[2025-03-27T14:58:23.269-0500] {processor.py:914} INFO - Processing file /home/udhbhav/miniconda3/lib/python3.11/site-packages/airflow/example_dags/example_inlet_event_extra.py for tasks to queue
[2025-03-27T14:58:23.270-0500] {logging_mixin.py:190} INFO - [2025-03-27T14:58:23.270-0500] {dagbag.py:588} INFO - Filling up the DagBag from /home/udhbhav/miniconda3/lib/python3.11/site-packages/airflow/example_dags/example_inlet_event_extra.py
[2025-03-27T14:58:23.277-0500] {processor.py:925} INFO - DAG(s) 'read_dataset_event', 'read_dataset_event_from_classic' retrieved from /home/udhbhav/miniconda3/lib/python3.11/site-packages/airflow/example_dags/example_inlet_event_extra.py
[2025-03-27T14:58:23.285-0500] {logging_mixin.py:190} INFO - [2025-03-27T14:58:23.285-0500] {dag.py:3239} INFO - Sync 2 DAGs
[2025-03-27T14:58:23.294-0500] {logging_mixin.py:190} INFO - [2025-03-27T14:58:23.293-0500] {dag.py:4180} INFO - Setting next_dagrun for read_dataset_event to 2025-03-26 00:00:00+00:00, run_after=2025-03-27 00:00:00+00:00
[2025-03-27T14:58:23.295-0500] {logging_mixin.py:190} INFO - [2025-03-27T14:58:23.295-0500] {dag.py:4180} INFO - Setting next_dagrun for read_dataset_event_from_classic to 2025-03-26 00:00:00+00:00, run_after=2025-03-27 00:00:00+00:00
[2025-03-27T14:58:23.449-0500] {processor.py:208} INFO - Processing /home/udhbhav/miniconda3/lib/python3.11/site-packages/airflow/example_dags/example_inlet_event_extra.py took 0.183 seconds
[2025-03-27T14:59:57.480-0500] {processor.py:186} INFO - Started process (PID=1788630) to work on /home/udhbhav/miniconda3/lib/python3.11/site-packages/airflow/example_dags/example_inlet_event_extra.py
[2025-03-27T14:59:57.482-0500] {processor.py:914} INFO - Processing file /home/udhbhav/miniconda3/lib/python3.11/site-packages/airflow/example_dags/example_inlet_event_extra.py for tasks to queue
[2025-03-27T14:59:57.483-0500] {logging_mixin.py:190} INFO - [2025-03-27T14:59:57.483-0500] {dagbag.py:588} INFO - Filling up the DagBag from /home/udhbhav/miniconda3/lib/python3.11/site-packages/airflow/example_dags/example_inlet_event_extra.py
[2025-03-27T14:59:57.501-0500] {processor.py:925} INFO - DAG(s) 'read_dataset_event', 'read_dataset_event_from_classic' retrieved from /home/udhbhav/miniconda3/lib/python3.11/site-packages/airflow/example_dags/example_inlet_event_extra.py
[2025-03-27T14:59:57.510-0500] {logging_mixin.py:190} INFO - [2025-03-27T14:59:57.510-0500] {dag.py:3239} INFO - Sync 2 DAGs
[2025-03-27T14:59:57.518-0500] {logging_mixin.py:190} INFO - [2025-03-27T14:59:57.518-0500] {dag.py:4180} INFO - Setting next_dagrun for read_dataset_event to 2025-03-26 00:00:00+00:00, run_after=2025-03-27 00:00:00+00:00
[2025-03-27T14:59:57.520-0500] {logging_mixin.py:190} INFO - [2025-03-27T14:59:57.520-0500] {dag.py:4180} INFO - Setting next_dagrun for read_dataset_event_from_classic to 2025-03-26 00:00:00+00:00, run_after=2025-03-27 00:00:00+00:00
[2025-03-27T14:59:57.627-0500] {processor.py:208} INFO - Processing /home/udhbhav/miniconda3/lib/python3.11/site-packages/airflow/example_dags/example_inlet_event_extra.py took 0.151 seconds
[2025-03-27T15:01:04.461-0500] {processor.py:186} INFO - Started process (PID=1789435) to work on /home/udhbhav/miniconda3/lib/python3.11/site-packages/airflow/example_dags/example_inlet_event_extra.py
[2025-03-27T15:01:04.461-0500] {processor.py:914} INFO - Processing file /home/udhbhav/miniconda3/lib/python3.11/site-packages/airflow/example_dags/example_inlet_event_extra.py for tasks to queue
[2025-03-27T15:01:04.462-0500] {logging_mixin.py:190} INFO - [2025-03-27T15:01:04.462-0500] {dagbag.py:588} INFO - Filling up the DagBag from /home/udhbhav/miniconda3/lib/python3.11/site-packages/airflow/example_dags/example_inlet_event_extra.py
[2025-03-27T15:01:04.469-0500] {processor.py:925} INFO - DAG(s) 'read_dataset_event_from_classic', 'read_dataset_event' retrieved from /home/udhbhav/miniconda3/lib/python3.11/site-packages/airflow/example_dags/example_inlet_event_extra.py
[2025-03-27T15:01:04.477-0500] {logging_mixin.py:190} INFO - [2025-03-27T15:01:04.477-0500] {dag.py:3239} INFO - Sync 2 DAGs
[2025-03-27T15:01:04.486-0500] {logging_mixin.py:190} INFO - [2025-03-27T15:01:04.486-0500] {dag.py:4180} INFO - Setting next_dagrun for read_dataset_event to 2025-03-26 00:00:00+00:00, run_after=2025-03-27 00:00:00+00:00
[2025-03-27T15:01:04.488-0500] {logging_mixin.py:190} INFO - [2025-03-27T15:01:04.488-0500] {dag.py:4180} INFO - Setting next_dagrun for read_dataset_event_from_classic to 2025-03-26 00:00:00+00:00, run_after=2025-03-27 00:00:00+00:00
[2025-03-27T15:01:04.593-0500] {processor.py:208} INFO - Processing /home/udhbhav/miniconda3/lib/python3.11/site-packages/airflow/example_dags/example_inlet_event_extra.py took 0.136 seconds
[2025-03-27T15:02:08.630-0500] {processor.py:186} INFO - Started process (PID=1790173) to work on /home/udhbhav/miniconda3/lib/python3.11/site-packages/airflow/example_dags/example_inlet_event_extra.py
[2025-03-27T15:02:08.631-0500] {processor.py:914} INFO - Processing file /home/udhbhav/miniconda3/lib/python3.11/site-packages/airflow/example_dags/example_inlet_event_extra.py for tasks to queue
[2025-03-27T15:02:08.632-0500] {logging_mixin.py:190} INFO - [2025-03-27T15:02:08.632-0500] {dagbag.py:588} INFO - Filling up the DagBag from /home/udhbhav/miniconda3/lib/python3.11/site-packages/airflow/example_dags/example_inlet_event_extra.py
[2025-03-27T15:02:08.638-0500] {processor.py:925} INFO - DAG(s) 'read_dataset_event', 'read_dataset_event_from_classic' retrieved from /home/udhbhav/miniconda3/lib/python3.11/site-packages/airflow/example_dags/example_inlet_event_extra.py
[2025-03-27T15:02:08.646-0500] {logging_mixin.py:190} INFO - [2025-03-27T15:02:08.646-0500] {dag.py:3239} INFO - Sync 2 DAGs
[2025-03-27T15:02:08.655-0500] {logging_mixin.py:190} INFO - [2025-03-27T15:02:08.655-0500] {dag.py:4180} INFO - Setting next_dagrun for read_dataset_event to 2025-03-26 00:00:00+00:00, run_after=2025-03-27 00:00:00+00:00
[2025-03-27T15:02:08.657-0500] {logging_mixin.py:190} INFO - [2025-03-27T15:02:08.657-0500] {dag.py:4180} INFO - Setting next_dagrun for read_dataset_event_from_classic to 2025-03-26 00:00:00+00:00, run_after=2025-03-27 00:00:00+00:00
[2025-03-27T15:02:08.762-0500] {processor.py:208} INFO - Processing /home/udhbhav/miniconda3/lib/python3.11/site-packages/airflow/example_dags/example_inlet_event_extra.py took 0.135 seconds
[2025-03-27T15:03:26.389-0500] {processor.py:186} INFO - Started process (PID=1790923) to work on /home/udhbhav/miniconda3/lib/python3.11/site-packages/airflow/example_dags/example_inlet_event_extra.py
[2025-03-27T15:03:26.390-0500] {processor.py:914} INFO - Processing file /home/udhbhav/miniconda3/lib/python3.11/site-packages/airflow/example_dags/example_inlet_event_extra.py for tasks to queue
[2025-03-27T15:03:26.390-0500] {logging_mixin.py:190} INFO - [2025-03-27T15:03:26.390-0500] {dagbag.py:588} INFO - Filling up the DagBag from /home/udhbhav/miniconda3/lib/python3.11/site-packages/airflow/example_dags/example_inlet_event_extra.py
[2025-03-27T15:03:26.397-0500] {processor.py:925} INFO - DAG(s) 'read_dataset_event_from_classic', 'read_dataset_event' retrieved from /home/udhbhav/miniconda3/lib/python3.11/site-packages/airflow/example_dags/example_inlet_event_extra.py
[2025-03-27T15:03:26.405-0500] {logging_mixin.py:190} INFO - [2025-03-27T15:03:26.405-0500] {dag.py:3239} INFO - Sync 2 DAGs
[2025-03-27T15:03:26.413-0500] {logging_mixin.py:190} INFO - [2025-03-27T15:03:26.413-0500] {dag.py:4180} INFO - Setting next_dagrun for read_dataset_event to 2025-03-26 00:00:00+00:00, run_after=2025-03-27 00:00:00+00:00
[2025-03-27T15:03:26.415-0500] {logging_mixin.py:190} INFO - [2025-03-27T15:03:26.415-0500] {dag.py:4180} INFO - Setting next_dagrun for read_dataset_event_from_classic to 2025-03-26 00:00:00+00:00, run_after=2025-03-27 00:00:00+00:00
[2025-03-27T15:03:26.520-0500] {processor.py:208} INFO - Processing /home/udhbhav/miniconda3/lib/python3.11/site-packages/airflow/example_dags/example_inlet_event_extra.py took 0.133 seconds
[2025-03-27T15:04:39.039-0500] {processor.py:186} INFO - Started process (PID=1791660) to work on /home/udhbhav/miniconda3/lib/python3.11/site-packages/airflow/example_dags/example_inlet_event_extra.py
[2025-03-27T15:04:39.040-0500] {processor.py:914} INFO - Processing file /home/udhbhav/miniconda3/lib/python3.11/site-packages/airflow/example_dags/example_inlet_event_extra.py for tasks to queue
[2025-03-27T15:04:39.041-0500] {logging_mixin.py:190} INFO - [2025-03-27T15:04:39.041-0500] {dagbag.py:588} INFO - Filling up the DagBag from /home/udhbhav/miniconda3/lib/python3.11/site-packages/airflow/example_dags/example_inlet_event_extra.py
[2025-03-27T15:04:39.049-0500] {processor.py:925} INFO - DAG(s) 'read_dataset_event_from_classic', 'read_dataset_event' retrieved from /home/udhbhav/miniconda3/lib/python3.11/site-packages/airflow/example_dags/example_inlet_event_extra.py
[2025-03-27T15:04:39.057-0500] {logging_mixin.py:190} INFO - [2025-03-27T15:04:39.057-0500] {dag.py:3239} INFO - Sync 2 DAGs
[2025-03-27T15:04:39.066-0500] {logging_mixin.py:190} INFO - [2025-03-27T15:04:39.065-0500] {dag.py:4180} INFO - Setting next_dagrun for read_dataset_event to 2025-03-26 00:00:00+00:00, run_after=2025-03-27 00:00:00+00:00
[2025-03-27T15:04:39.068-0500] {logging_mixin.py:190} INFO - [2025-03-27T15:04:39.067-0500] {dag.py:4180} INFO - Setting next_dagrun for read_dataset_event_from_classic to 2025-03-26 00:00:00+00:00, run_after=2025-03-27 00:00:00+00:00
[2025-03-27T15:04:39.233-0500] {processor.py:208} INFO - Processing /home/udhbhav/miniconda3/lib/python3.11/site-packages/airflow/example_dags/example_inlet_event_extra.py took 0.197 seconds
[2025-03-27T15:05:58.843-0500] {processor.py:186} INFO - Started process (PID=1792468) to work on /home/udhbhav/miniconda3/lib/python3.11/site-packages/airflow/example_dags/example_inlet_event_extra.py
[2025-03-27T15:05:58.844-0500] {processor.py:914} INFO - Processing file /home/udhbhav/miniconda3/lib/python3.11/site-packages/airflow/example_dags/example_inlet_event_extra.py for tasks to queue
[2025-03-27T15:05:58.845-0500] {logging_mixin.py:190} INFO - [2025-03-27T15:05:58.844-0500] {dagbag.py:588} INFO - Filling up the DagBag from /home/udhbhav/miniconda3/lib/python3.11/site-packages/airflow/example_dags/example_inlet_event_extra.py
[2025-03-27T15:05:58.851-0500] {processor.py:925} INFO - DAG(s) 'read_dataset_event_from_classic', 'read_dataset_event' retrieved from /home/udhbhav/miniconda3/lib/python3.11/site-packages/airflow/example_dags/example_inlet_event_extra.py
[2025-03-27T15:05:58.859-0500] {logging_mixin.py:190} INFO - [2025-03-27T15:05:58.859-0500] {dag.py:3239} INFO - Sync 2 DAGs
[2025-03-27T15:05:58.867-0500] {logging_mixin.py:190} INFO - [2025-03-27T15:05:58.867-0500] {dag.py:4180} INFO - Setting next_dagrun for read_dataset_event to 2025-03-26 00:00:00+00:00, run_after=2025-03-27 00:00:00+00:00
[2025-03-27T15:05:58.869-0500] {logging_mixin.py:190} INFO - [2025-03-27T15:05:58.869-0500] {dag.py:4180} INFO - Setting next_dagrun for read_dataset_event_from_classic to 2025-03-26 00:00:00+00:00, run_after=2025-03-27 00:00:00+00:00
[2025-03-27T15:05:59.936-0500] {processor.py:208} INFO - Processing /home/udhbhav/miniconda3/lib/python3.11/site-packages/airflow/example_dags/example_inlet_event_extra.py took 1.095 seconds
[2025-03-27T15:07:28.464-0500] {processor.py:186} INFO - Started process (PID=1793324) to work on /home/udhbhav/miniconda3/lib/python3.11/site-packages/airflow/example_dags/example_inlet_event_extra.py
[2025-03-27T15:07:28.465-0500] {processor.py:914} INFO - Processing file /home/udhbhav/miniconda3/lib/python3.11/site-packages/airflow/example_dags/example_inlet_event_extra.py for tasks to queue
[2025-03-27T15:07:28.466-0500] {logging_mixin.py:190} INFO - [2025-03-27T15:07:28.466-0500] {dagbag.py:588} INFO - Filling up the DagBag from /home/udhbhav/miniconda3/lib/python3.11/site-packages/airflow/example_dags/example_inlet_event_extra.py
[2025-03-27T15:07:28.472-0500] {processor.py:925} INFO - DAG(s) 'read_dataset_event', 'read_dataset_event_from_classic' retrieved from /home/udhbhav/miniconda3/lib/python3.11/site-packages/airflow/example_dags/example_inlet_event_extra.py
[2025-03-27T15:07:28.480-0500] {logging_mixin.py:190} INFO - [2025-03-27T15:07:28.480-0500] {dag.py:3239} INFO - Sync 2 DAGs
[2025-03-27T15:07:28.489-0500] {logging_mixin.py:190} INFO - [2025-03-27T15:07:28.488-0500] {dag.py:4180} INFO - Setting next_dagrun for read_dataset_event to 2025-03-26 00:00:00+00:00, run_after=2025-03-27 00:00:00+00:00
[2025-03-27T15:07:28.491-0500] {logging_mixin.py:190} INFO - [2025-03-27T15:07:28.490-0500] {dag.py:4180} INFO - Setting next_dagrun for read_dataset_event_from_classic to 2025-03-26 00:00:00+00:00, run_after=2025-03-27 00:00:00+00:00
[2025-03-27T15:07:28.594-0500] {processor.py:208} INFO - Processing /home/udhbhav/miniconda3/lib/python3.11/site-packages/airflow/example_dags/example_inlet_event_extra.py took 0.133 seconds
[2025-03-27T15:08:32.125-0500] {processor.py:186} INFO - Started process (PID=1793956) to work on /home/udhbhav/miniconda3/lib/python3.11/site-packages/airflow/example_dags/example_inlet_event_extra.py
[2025-03-27T15:08:32.126-0500] {processor.py:914} INFO - Processing file /home/udhbhav/miniconda3/lib/python3.11/site-packages/airflow/example_dags/example_inlet_event_extra.py for tasks to queue
[2025-03-27T15:08:32.127-0500] {logging_mixin.py:190} INFO - [2025-03-27T15:08:32.126-0500] {dagbag.py:588} INFO - Filling up the DagBag from /home/udhbhav/miniconda3/lib/python3.11/site-packages/airflow/example_dags/example_inlet_event_extra.py
[2025-03-27T15:08:32.133-0500] {processor.py:925} INFO - DAG(s) 'read_dataset_event_from_classic', 'read_dataset_event' retrieved from /home/udhbhav/miniconda3/lib/python3.11/site-packages/airflow/example_dags/example_inlet_event_extra.py
[2025-03-27T15:08:32.141-0500] {logging_mixin.py:190} INFO - [2025-03-27T15:08:32.141-0500] {dag.py:3239} INFO - Sync 2 DAGs
[2025-03-27T15:08:32.150-0500] {logging_mixin.py:190} INFO - [2025-03-27T15:08:32.149-0500] {dag.py:4180} INFO - Setting next_dagrun for read_dataset_event to 2025-03-26 00:00:00+00:00, run_after=2025-03-27 00:00:00+00:00
[2025-03-27T15:08:32.152-0500] {logging_mixin.py:190} INFO - [2025-03-27T15:08:32.151-0500] {dag.py:4180} INFO - Setting next_dagrun for read_dataset_event_from_classic to 2025-03-26 00:00:00+00:00, run_after=2025-03-27 00:00:00+00:00
[2025-03-27T15:08:32.258-0500] {processor.py:208} INFO - Processing /home/udhbhav/miniconda3/lib/python3.11/site-packages/airflow/example_dags/example_inlet_event_extra.py took 0.136 seconds
[2025-03-27T15:09:38.110-0500] {processor.py:186} INFO - Started process (PID=1794633) to work on /home/udhbhav/miniconda3/lib/python3.11/site-packages/airflow/example_dags/example_inlet_event_extra.py
[2025-03-27T15:09:38.110-0500] {processor.py:914} INFO - Processing file /home/udhbhav/miniconda3/lib/python3.11/site-packages/airflow/example_dags/example_inlet_event_extra.py for tasks to queue
[2025-03-27T15:09:38.111-0500] {logging_mixin.py:190} INFO - [2025-03-27T15:09:38.111-0500] {dagbag.py:588} INFO - Filling up the DagBag from /home/udhbhav/miniconda3/lib/python3.11/site-packages/airflow/example_dags/example_inlet_event_extra.py
[2025-03-27T15:09:38.118-0500] {processor.py:925} INFO - DAG(s) 'read_dataset_event', 'read_dataset_event_from_classic' retrieved from /home/udhbhav/miniconda3/lib/python3.11/site-packages/airflow/example_dags/example_inlet_event_extra.py
[2025-03-27T15:09:38.125-0500] {logging_mixin.py:190} INFO - [2025-03-27T15:09:38.125-0500] {dag.py:3239} INFO - Sync 2 DAGs
[2025-03-27T15:09:38.134-0500] {logging_mixin.py:190} INFO - [2025-03-27T15:09:38.134-0500] {dag.py:4180} INFO - Setting next_dagrun for read_dataset_event to 2025-03-26 00:00:00+00:00, run_after=2025-03-27 00:00:00+00:00
[2025-03-27T15:09:38.136-0500] {logging_mixin.py:190} INFO - [2025-03-27T15:09:38.135-0500] {dag.py:4180} INFO - Setting next_dagrun for read_dataset_event_from_classic to 2025-03-26 00:00:00+00:00, run_after=2025-03-27 00:00:00+00:00
[2025-03-27T15:09:38.958-0500] {processor.py:208} INFO - Processing /home/udhbhav/miniconda3/lib/python3.11/site-packages/airflow/example_dags/example_inlet_event_extra.py took 0.851 seconds
[2025-03-27T15:10:50.238-0500] {processor.py:186} INFO - Started process (PID=1795366) to work on /home/udhbhav/miniconda3/lib/python3.11/site-packages/airflow/example_dags/example_inlet_event_extra.py
[2025-03-27T15:10:50.239-0500] {processor.py:914} INFO - Processing file /home/udhbhav/miniconda3/lib/python3.11/site-packages/airflow/example_dags/example_inlet_event_extra.py for tasks to queue
[2025-03-27T15:10:50.240-0500] {logging_mixin.py:190} INFO - [2025-03-27T15:10:50.240-0500] {dagbag.py:588} INFO - Filling up the DagBag from /home/udhbhav/miniconda3/lib/python3.11/site-packages/airflow/example_dags/example_inlet_event_extra.py
[2025-03-27T15:10:50.247-0500] {processor.py:925} INFO - DAG(s) 'read_dataset_event_from_classic', 'read_dataset_event' retrieved from /home/udhbhav/miniconda3/lib/python3.11/site-packages/airflow/example_dags/example_inlet_event_extra.py
[2025-03-27T15:10:50.256-0500] {logging_mixin.py:190} INFO - [2025-03-27T15:10:50.256-0500] {dag.py:3239} INFO - Sync 2 DAGs
[2025-03-27T15:10:50.267-0500] {logging_mixin.py:190} INFO - [2025-03-27T15:10:50.267-0500] {dag.py:4180} INFO - Setting next_dagrun for read_dataset_event to 2025-03-26 00:00:00+00:00, run_after=2025-03-27 00:00:00+00:00
[2025-03-27T15:10:50.269-0500] {logging_mixin.py:190} INFO - [2025-03-27T15:10:50.269-0500] {dag.py:4180} INFO - Setting next_dagrun for read_dataset_event_from_classic to 2025-03-26 00:00:00+00:00, run_after=2025-03-27 00:00:00+00:00
[2025-03-27T15:10:50.373-0500] {processor.py:208} INFO - Processing /home/udhbhav/miniconda3/lib/python3.11/site-packages/airflow/example_dags/example_inlet_event_extra.py took 0.138 seconds
[2025-03-27T15:11:56.726-0500] {processor.py:186} INFO - Started process (PID=1797608) to work on /home/udhbhav/miniconda3/lib/python3.11/site-packages/airflow/example_dags/example_inlet_event_extra.py
[2025-03-27T15:11:56.726-0500] {processor.py:914} INFO - Processing file /home/udhbhav/miniconda3/lib/python3.11/site-packages/airflow/example_dags/example_inlet_event_extra.py for tasks to queue
[2025-03-27T15:11:56.727-0500] {logging_mixin.py:190} INFO - [2025-03-27T15:11:56.727-0500] {dagbag.py:588} INFO - Filling up the DagBag from /home/udhbhav/miniconda3/lib/python3.11/site-packages/airflow/example_dags/example_inlet_event_extra.py
[2025-03-27T15:11:56.734-0500] {processor.py:925} INFO - DAG(s) 'read_dataset_event', 'read_dataset_event_from_classic' retrieved from /home/udhbhav/miniconda3/lib/python3.11/site-packages/airflow/example_dags/example_inlet_event_extra.py
[2025-03-27T15:11:56.742-0500] {logging_mixin.py:190} INFO - [2025-03-27T15:11:56.741-0500] {dag.py:3239} INFO - Sync 2 DAGs
[2025-03-27T15:11:56.750-0500] {logging_mixin.py:190} INFO - [2025-03-27T15:11:56.750-0500] {dag.py:4180} INFO - Setting next_dagrun for read_dataset_event to 2025-03-26 00:00:00+00:00, run_after=2025-03-27 00:00:00+00:00
[2025-03-27T15:11:56.752-0500] {logging_mixin.py:190} INFO - [2025-03-27T15:11:56.752-0500] {dag.py:4180} INFO - Setting next_dagrun for read_dataset_event_from_classic to 2025-03-26 00:00:00+00:00, run_after=2025-03-27 00:00:00+00:00
[2025-03-27T15:11:56.858-0500] {processor.py:208} INFO - Processing /home/udhbhav/miniconda3/lib/python3.11/site-packages/airflow/example_dags/example_inlet_event_extra.py took 0.135 seconds
[2025-03-27T15:13:15.173-0500] {processor.py:186} INFO - Started process (PID=1798318) to work on /home/udhbhav/miniconda3/lib/python3.11/site-packages/airflow/example_dags/example_inlet_event_extra.py
[2025-03-27T15:13:15.174-0500] {processor.py:914} INFO - Processing file /home/udhbhav/miniconda3/lib/python3.11/site-packages/airflow/example_dags/example_inlet_event_extra.py for tasks to queue
[2025-03-27T15:13:15.174-0500] {logging_mixin.py:190} INFO - [2025-03-27T15:13:15.174-0500] {dagbag.py:588} INFO - Filling up the DagBag from /home/udhbhav/miniconda3/lib/python3.11/site-packages/airflow/example_dags/example_inlet_event_extra.py
[2025-03-27T15:13:15.181-0500] {processor.py:925} INFO - DAG(s) 'read_dataset_event', 'read_dataset_event_from_classic' retrieved from /home/udhbhav/miniconda3/lib/python3.11/site-packages/airflow/example_dags/example_inlet_event_extra.py
[2025-03-27T15:13:15.189-0500] {logging_mixin.py:190} INFO - [2025-03-27T15:13:15.189-0500] {dag.py:3239} INFO - Sync 2 DAGs
[2025-03-27T15:13:15.197-0500] {logging_mixin.py:190} INFO - [2025-03-27T15:13:15.197-0500] {dag.py:4180} INFO - Setting next_dagrun for read_dataset_event to 2025-03-26 00:00:00+00:00, run_after=2025-03-27 00:00:00+00:00
[2025-03-27T15:13:15.199-0500] {logging_mixin.py:190} INFO - [2025-03-27T15:13:15.199-0500] {dag.py:4180} INFO - Setting next_dagrun for read_dataset_event_from_classic to 2025-03-26 00:00:00+00:00, run_after=2025-03-27 00:00:00+00:00
[2025-03-27T15:13:15.300-0500] {processor.py:208} INFO - Processing /home/udhbhav/miniconda3/lib/python3.11/site-packages/airflow/example_dags/example_inlet_event_extra.py took 0.130 seconds
[2025-03-27T15:14:31.008-0500] {processor.py:186} INFO - Started process (PID=1799076) to work on /home/udhbhav/miniconda3/lib/python3.11/site-packages/airflow/example_dags/example_inlet_event_extra.py
[2025-03-27T15:14:31.009-0500] {processor.py:914} INFO - Processing file /home/udhbhav/miniconda3/lib/python3.11/site-packages/airflow/example_dags/example_inlet_event_extra.py for tasks to queue
[2025-03-27T15:14:31.009-0500] {logging_mixin.py:190} INFO - [2025-03-27T15:14:31.009-0500] {dagbag.py:588} INFO - Filling up the DagBag from /home/udhbhav/miniconda3/lib/python3.11/site-packages/airflow/example_dags/example_inlet_event_extra.py
[2025-03-27T15:14:31.016-0500] {processor.py:925} INFO - DAG(s) 'read_dataset_event', 'read_dataset_event_from_classic' retrieved from /home/udhbhav/miniconda3/lib/python3.11/site-packages/airflow/example_dags/example_inlet_event_extra.py
[2025-03-27T15:14:31.024-0500] {logging_mixin.py:190} INFO - [2025-03-27T15:14:31.024-0500] {dag.py:3239} INFO - Sync 2 DAGs
[2025-03-27T15:14:31.033-0500] {logging_mixin.py:190} INFO - [2025-03-27T15:14:31.032-0500] {dag.py:4180} INFO - Setting next_dagrun for read_dataset_event to 2025-03-26 00:00:00+00:00, run_after=2025-03-27 00:00:00+00:00
[2025-03-27T15:14:31.034-0500] {logging_mixin.py:190} INFO - [2025-03-27T15:14:31.034-0500] {dag.py:4180} INFO - Setting next_dagrun for read_dataset_event_from_classic to 2025-03-26 00:00:00+00:00, run_after=2025-03-27 00:00:00+00:00
[2025-03-27T15:14:31.204-0500] {processor.py:208} INFO - Processing /home/udhbhav/miniconda3/lib/python3.11/site-packages/airflow/example_dags/example_inlet_event_extra.py took 0.199 seconds
[2025-03-27T15:15:48.528-0500] {processor.py:186} INFO - Started process (PID=1799921) to work on /home/udhbhav/miniconda3/lib/python3.11/site-packages/airflow/example_dags/example_inlet_event_extra.py
[2025-03-27T15:15:48.529-0500] {processor.py:914} INFO - Processing file /home/udhbhav/miniconda3/lib/python3.11/site-packages/airflow/example_dags/example_inlet_event_extra.py for tasks to queue
[2025-03-27T15:15:48.530-0500] {logging_mixin.py:190} INFO - [2025-03-27T15:15:48.529-0500] {dagbag.py:588} INFO - Filling up the DagBag from /home/udhbhav/miniconda3/lib/python3.11/site-packages/airflow/example_dags/example_inlet_event_extra.py
[2025-03-27T15:15:48.536-0500] {processor.py:925} INFO - DAG(s) 'read_dataset_event', 'read_dataset_event_from_classic' retrieved from /home/udhbhav/miniconda3/lib/python3.11/site-packages/airflow/example_dags/example_inlet_event_extra.py
[2025-03-27T15:15:48.544-0500] {logging_mixin.py:190} INFO - [2025-03-27T15:15:48.544-0500] {dag.py:3239} INFO - Sync 2 DAGs
[2025-03-27T15:15:48.552-0500] {logging_mixin.py:190} INFO - [2025-03-27T15:15:48.552-0500] {dag.py:4180} INFO - Setting next_dagrun for read_dataset_event to 2025-03-26 00:00:00+00:00, run_after=2025-03-27 00:00:00+00:00
[2025-03-27T15:15:48.554-0500] {logging_mixin.py:190} INFO - [2025-03-27T15:15:48.554-0500] {dag.py:4180} INFO - Setting next_dagrun for read_dataset_event_from_classic to 2025-03-26 00:00:00+00:00, run_after=2025-03-27 00:00:00+00:00
[2025-03-27T15:15:48.721-0500] {processor.py:208} INFO - Processing /home/udhbhav/miniconda3/lib/python3.11/site-packages/airflow/example_dags/example_inlet_event_extra.py took 0.195 seconds
[2025-03-27T15:17:09.253-0500] {processor.py:186} INFO - Started process (PID=1800652) to work on /home/udhbhav/miniconda3/lib/python3.11/site-packages/airflow/example_dags/example_inlet_event_extra.py
[2025-03-27T15:17:09.254-0500] {processor.py:914} INFO - Processing file /home/udhbhav/miniconda3/lib/python3.11/site-packages/airflow/example_dags/example_inlet_event_extra.py for tasks to queue
[2025-03-27T15:17:09.255-0500] {logging_mixin.py:190} INFO - [2025-03-27T15:17:09.254-0500] {dagbag.py:588} INFO - Filling up the DagBag from /home/udhbhav/miniconda3/lib/python3.11/site-packages/airflow/example_dags/example_inlet_event_extra.py
[2025-03-27T15:17:09.261-0500] {processor.py:925} INFO - DAG(s) 'read_dataset_event', 'read_dataset_event_from_classic' retrieved from /home/udhbhav/miniconda3/lib/python3.11/site-packages/airflow/example_dags/example_inlet_event_extra.py
[2025-03-27T15:17:09.269-0500] {logging_mixin.py:190} INFO - [2025-03-27T15:17:09.269-0500] {dag.py:3239} INFO - Sync 2 DAGs
[2025-03-27T15:17:09.277-0500] {logging_mixin.py:190} INFO - [2025-03-27T15:17:09.277-0500] {dag.py:4180} INFO - Setting next_dagrun for read_dataset_event to 2025-03-26 00:00:00+00:00, run_after=2025-03-27 00:00:00+00:00
[2025-03-27T15:17:09.279-0500] {logging_mixin.py:190} INFO - [2025-03-27T15:17:09.279-0500] {dag.py:4180} INFO - Setting next_dagrun for read_dataset_event_from_classic to 2025-03-26 00:00:00+00:00, run_after=2025-03-27 00:00:00+00:00
[2025-03-27T15:17:09.384-0500] {processor.py:208} INFO - Processing /home/udhbhav/miniconda3/lib/python3.11/site-packages/airflow/example_dags/example_inlet_event_extra.py took 0.133 seconds
[2025-03-27T15:18:15.284-0500] {processor.py:186} INFO - Started process (PID=1801314) to work on /home/udhbhav/miniconda3/lib/python3.11/site-packages/airflow/example_dags/example_inlet_event_extra.py
[2025-03-27T15:18:15.284-0500] {processor.py:914} INFO - Processing file /home/udhbhav/miniconda3/lib/python3.11/site-packages/airflow/example_dags/example_inlet_event_extra.py for tasks to queue
[2025-03-27T15:18:15.285-0500] {logging_mixin.py:190} INFO - [2025-03-27T15:18:15.285-0500] {dagbag.py:588} INFO - Filling up the DagBag from /home/udhbhav/miniconda3/lib/python3.11/site-packages/airflow/example_dags/example_inlet_event_extra.py
[2025-03-27T15:18:15.292-0500] {processor.py:925} INFO - DAG(s) 'read_dataset_event', 'read_dataset_event_from_classic' retrieved from /home/udhbhav/miniconda3/lib/python3.11/site-packages/airflow/example_dags/example_inlet_event_extra.py
[2025-03-27T15:18:15.299-0500] {logging_mixin.py:190} INFO - [2025-03-27T15:18:15.299-0500] {dag.py:3239} INFO - Sync 2 DAGs
[2025-03-27T15:18:15.308-0500] {logging_mixin.py:190} INFO - [2025-03-27T15:18:15.308-0500] {dag.py:4180} INFO - Setting next_dagrun for read_dataset_event to 2025-03-26 00:00:00+00:00, run_after=2025-03-27 00:00:00+00:00
[2025-03-27T15:18:15.310-0500] {logging_mixin.py:190} INFO - [2025-03-27T15:18:15.310-0500] {dag.py:4180} INFO - Setting next_dagrun for read_dataset_event_from_classic to 2025-03-26 00:00:00+00:00, run_after=2025-03-27 00:00:00+00:00
[2025-03-27T15:18:15.414-0500] {processor.py:208} INFO - Processing /home/udhbhav/miniconda3/lib/python3.11/site-packages/airflow/example_dags/example_inlet_event_extra.py took 0.133 seconds
[2025-03-27T15:19:25.859-0500] {processor.py:186} INFO - Started process (PID=1801985) to work on /home/udhbhav/miniconda3/lib/python3.11/site-packages/airflow/example_dags/example_inlet_event_extra.py
[2025-03-27T15:19:25.860-0500] {processor.py:914} INFO - Processing file /home/udhbhav/miniconda3/lib/python3.11/site-packages/airflow/example_dags/example_inlet_event_extra.py for tasks to queue
[2025-03-27T15:19:25.861-0500] {logging_mixin.py:190} INFO - [2025-03-27T15:19:25.861-0500] {dagbag.py:588} INFO - Filling up the DagBag from /home/udhbhav/miniconda3/lib/python3.11/site-packages/airflow/example_dags/example_inlet_event_extra.py
[2025-03-27T15:19:25.867-0500] {processor.py:925} INFO - DAG(s) 'read_dataset_event_from_classic', 'read_dataset_event' retrieved from /home/udhbhav/miniconda3/lib/python3.11/site-packages/airflow/example_dags/example_inlet_event_extra.py
[2025-03-27T15:19:25.875-0500] {logging_mixin.py:190} INFO - [2025-03-27T15:19:25.875-0500] {dag.py:3239} INFO - Sync 2 DAGs
[2025-03-27T15:19:25.884-0500] {logging_mixin.py:190} INFO - [2025-03-27T15:19:25.884-0500] {dag.py:4180} INFO - Setting next_dagrun for read_dataset_event to 2025-03-26 00:00:00+00:00, run_after=2025-03-27 00:00:00+00:00
[2025-03-27T15:19:25.886-0500] {logging_mixin.py:190} INFO - [2025-03-27T15:19:25.886-0500] {dag.py:4180} INFO - Setting next_dagrun for read_dataset_event_from_classic to 2025-03-26 00:00:00+00:00, run_after=2025-03-27 00:00:00+00:00
[2025-03-27T15:19:26.032-0500] {processor.py:208} INFO - Processing /home/udhbhav/miniconda3/lib/python3.11/site-packages/airflow/example_dags/example_inlet_event_extra.py took 0.175 seconds
[2025-03-27T15:20:31.334-0500] {processor.py:186} INFO - Started process (PID=1803419) to work on /home/udhbhav/miniconda3/lib/python3.11/site-packages/airflow/example_dags/example_inlet_event_extra.py
[2025-03-27T15:20:31.334-0500] {processor.py:914} INFO - Processing file /home/udhbhav/miniconda3/lib/python3.11/site-packages/airflow/example_dags/example_inlet_event_extra.py for tasks to queue
[2025-03-27T15:20:31.335-0500] {logging_mixin.py:190} INFO - [2025-03-27T15:20:31.335-0500] {dagbag.py:588} INFO - Filling up the DagBag from /home/udhbhav/miniconda3/lib/python3.11/site-packages/airflow/example_dags/example_inlet_event_extra.py
[2025-03-27T15:20:31.342-0500] {processor.py:925} INFO - DAG(s) 'read_dataset_event', 'read_dataset_event_from_classic' retrieved from /home/udhbhav/miniconda3/lib/python3.11/site-packages/airflow/example_dags/example_inlet_event_extra.py
[2025-03-27T15:20:31.350-0500] {logging_mixin.py:190} INFO - [2025-03-27T15:20:31.350-0500] {dag.py:3239} INFO - Sync 2 DAGs
[2025-03-27T15:20:31.358-0500] {logging_mixin.py:190} INFO - [2025-03-27T15:20:31.358-0500] {dag.py:4180} INFO - Setting next_dagrun for read_dataset_event to 2025-03-26 00:00:00+00:00, run_after=2025-03-27 00:00:00+00:00
[2025-03-27T15:20:31.360-0500] {logging_mixin.py:190} INFO - [2025-03-27T15:20:31.360-0500] {dag.py:4180} INFO - Setting next_dagrun for read_dataset_event_from_classic to 2025-03-26 00:00:00+00:00, run_after=2025-03-27 00:00:00+00:00
[2025-03-27T15:20:31.467-0500] {processor.py:208} INFO - Processing /home/udhbhav/miniconda3/lib/python3.11/site-packages/airflow/example_dags/example_inlet_event_extra.py took 0.136 seconds
[2025-03-27T15:21:41.499-0500] {processor.py:186} INFO - Started process (PID=1808250) to work on /home/udhbhav/miniconda3/lib/python3.11/site-packages/airflow/example_dags/example_inlet_event_extra.py
[2025-03-27T15:21:41.500-0500] {processor.py:914} INFO - Processing file /home/udhbhav/miniconda3/lib/python3.11/site-packages/airflow/example_dags/example_inlet_event_extra.py for tasks to queue
[2025-03-27T15:21:41.501-0500] {logging_mixin.py:190} INFO - [2025-03-27T15:21:41.500-0500] {dagbag.py:588} INFO - Filling up the DagBag from /home/udhbhav/miniconda3/lib/python3.11/site-packages/airflow/example_dags/example_inlet_event_extra.py
[2025-03-27T15:21:41.507-0500] {processor.py:925} INFO - DAG(s) 'read_dataset_event', 'read_dataset_event_from_classic' retrieved from /home/udhbhav/miniconda3/lib/python3.11/site-packages/airflow/example_dags/example_inlet_event_extra.py
[2025-03-27T15:21:41.515-0500] {logging_mixin.py:190} INFO - [2025-03-27T15:21:41.515-0500] {dag.py:3239} INFO - Sync 2 DAGs
[2025-03-27T15:21:41.523-0500] {logging_mixin.py:190} INFO - [2025-03-27T15:21:41.523-0500] {dag.py:4180} INFO - Setting next_dagrun for read_dataset_event to 2025-03-26 00:00:00+00:00, run_after=2025-03-27 00:00:00+00:00
[2025-03-27T15:21:41.525-0500] {logging_mixin.py:190} INFO - [2025-03-27T15:21:41.525-0500] {dag.py:4180} INFO - Setting next_dagrun for read_dataset_event_from_classic to 2025-03-26 00:00:00+00:00, run_after=2025-03-27 00:00:00+00:00
[2025-03-27T15:21:41.631-0500] {processor.py:208} INFO - Processing /home/udhbhav/miniconda3/lib/python3.11/site-packages/airflow/example_dags/example_inlet_event_extra.py took 0.135 seconds
[2025-03-27T15:23:00.822-0500] {processor.py:186} INFO - Started process (PID=1809038) to work on /home/udhbhav/miniconda3/lib/python3.11/site-packages/airflow/example_dags/example_inlet_event_extra.py
[2025-03-27T15:23:00.822-0500] {processor.py:914} INFO - Processing file /home/udhbhav/miniconda3/lib/python3.11/site-packages/airflow/example_dags/example_inlet_event_extra.py for tasks to queue
[2025-03-27T15:23:00.823-0500] {logging_mixin.py:190} INFO - [2025-03-27T15:23:00.823-0500] {dagbag.py:588} INFO - Filling up the DagBag from /home/udhbhav/miniconda3/lib/python3.11/site-packages/airflow/example_dags/example_inlet_event_extra.py
[2025-03-27T15:23:00.830-0500] {processor.py:925} INFO - DAG(s) 'read_dataset_event_from_classic', 'read_dataset_event' retrieved from /home/udhbhav/miniconda3/lib/python3.11/site-packages/airflow/example_dags/example_inlet_event_extra.py
[2025-03-27T15:23:00.838-0500] {logging_mixin.py:190} INFO - [2025-03-27T15:23:00.838-0500] {dag.py:3239} INFO - Sync 2 DAGs
[2025-03-27T15:23:00.846-0500] {logging_mixin.py:190} INFO - [2025-03-27T15:23:00.846-0500] {dag.py:4180} INFO - Setting next_dagrun for read_dataset_event to 2025-03-26 00:00:00+00:00, run_after=2025-03-27 00:00:00+00:00
[2025-03-27T15:23:00.848-0500] {logging_mixin.py:190} INFO - [2025-03-27T15:23:00.848-0500] {dag.py:4180} INFO - Setting next_dagrun for read_dataset_event_from_classic to 2025-03-26 00:00:00+00:00, run_after=2025-03-27 00:00:00+00:00
[2025-03-27T15:23:01.012-0500] {processor.py:208} INFO - Processing /home/udhbhav/miniconda3/lib/python3.11/site-packages/airflow/example_dags/example_inlet_event_extra.py took 0.193 seconds
[2025-03-27T15:24:09.926-0500] {processor.py:186} INFO - Started process (PID=1809785) to work on /home/udhbhav/miniconda3/lib/python3.11/site-packages/airflow/example_dags/example_inlet_event_extra.py
[2025-03-27T15:24:09.927-0500] {processor.py:914} INFO - Processing file /home/udhbhav/miniconda3/lib/python3.11/site-packages/airflow/example_dags/example_inlet_event_extra.py for tasks to queue
[2025-03-27T15:24:09.928-0500] {logging_mixin.py:190} INFO - [2025-03-27T15:24:09.927-0500] {dagbag.py:588} INFO - Filling up the DagBag from /home/udhbhav/miniconda3/lib/python3.11/site-packages/airflow/example_dags/example_inlet_event_extra.py
[2025-03-27T15:24:09.934-0500] {processor.py:925} INFO - DAG(s) 'read_dataset_event_from_classic', 'read_dataset_event' retrieved from /home/udhbhav/miniconda3/lib/python3.11/site-packages/airflow/example_dags/example_inlet_event_extra.py
[2025-03-27T15:24:09.942-0500] {logging_mixin.py:190} INFO - [2025-03-27T15:24:09.942-0500] {dag.py:3239} INFO - Sync 2 DAGs
[2025-03-27T15:24:09.951-0500] {logging_mixin.py:190} INFO - [2025-03-27T15:24:09.951-0500] {dag.py:4180} INFO - Setting next_dagrun for read_dataset_event to 2025-03-26 00:00:00+00:00, run_after=2025-03-27 00:00:00+00:00
[2025-03-27T15:24:09.953-0500] {logging_mixin.py:190} INFO - [2025-03-27T15:24:09.953-0500] {dag.py:4180} INFO - Setting next_dagrun for read_dataset_event_from_classic to 2025-03-26 00:00:00+00:00, run_after=2025-03-27 00:00:00+00:00
[2025-03-27T15:24:10.099-0500] {processor.py:208} INFO - Processing /home/udhbhav/miniconda3/lib/python3.11/site-packages/airflow/example_dags/example_inlet_event_extra.py took 0.176 seconds
[2025-03-27T15:25:26.633-0500] {processor.py:186} INFO - Started process (PID=1810539) to work on /home/udhbhav/miniconda3/lib/python3.11/site-packages/airflow/example_dags/example_inlet_event_extra.py
[2025-03-27T15:25:26.634-0500] {processor.py:914} INFO - Processing file /home/udhbhav/miniconda3/lib/python3.11/site-packages/airflow/example_dags/example_inlet_event_extra.py for tasks to queue
[2025-03-27T15:25:26.635-0500] {logging_mixin.py:190} INFO - [2025-03-27T15:25:26.635-0500] {dagbag.py:588} INFO - Filling up the DagBag from /home/udhbhav/miniconda3/lib/python3.11/site-packages/airflow/example_dags/example_inlet_event_extra.py
[2025-03-27T15:25:26.641-0500] {processor.py:925} INFO - DAG(s) 'read_dataset_event_from_classic', 'read_dataset_event' retrieved from /home/udhbhav/miniconda3/lib/python3.11/site-packages/airflow/example_dags/example_inlet_event_extra.py
[2025-03-27T15:25:26.649-0500] {logging_mixin.py:190} INFO - [2025-03-27T15:25:26.649-0500] {dag.py:3239} INFO - Sync 2 DAGs
[2025-03-27T15:25:26.657-0500] {logging_mixin.py:190} INFO - [2025-03-27T15:25:26.657-0500] {dag.py:4180} INFO - Setting next_dagrun for read_dataset_event to 2025-03-26 00:00:00+00:00, run_after=2025-03-27 00:00:00+00:00
[2025-03-27T15:25:26.659-0500] {logging_mixin.py:190} INFO - [2025-03-27T15:25:26.659-0500] {dag.py:4180} INFO - Setting next_dagrun for read_dataset_event_from_classic to 2025-03-26 00:00:00+00:00, run_after=2025-03-27 00:00:00+00:00
[2025-03-27T15:25:26.825-0500] {processor.py:208} INFO - Processing /home/udhbhav/miniconda3/lib/python3.11/site-packages/airflow/example_dags/example_inlet_event_extra.py took 0.194 seconds
[2025-03-27T15:26:21.055-0500] {processor.py:186} INFO - Started process (PID=1811058) to work on /home/udhbhav/miniconda3/lib/python3.11/site-packages/airflow/example_dags/example_inlet_event_extra.py
[2025-03-27T15:26:21.056-0500] {processor.py:914} INFO - Processing file /home/udhbhav/miniconda3/lib/python3.11/site-packages/airflow/example_dags/example_inlet_event_extra.py for tasks to queue
[2025-03-27T15:26:21.057-0500] {logging_mixin.py:190} INFO - [2025-03-27T15:26:21.057-0500] {dagbag.py:588} INFO - Filling up the DagBag from /home/udhbhav/miniconda3/lib/python3.11/site-packages/airflow/example_dags/example_inlet_event_extra.py
[2025-03-27T15:26:21.063-0500] {processor.py:925} INFO - DAG(s) 'read_dataset_event_from_classic', 'read_dataset_event' retrieved from /home/udhbhav/miniconda3/lib/python3.11/site-packages/airflow/example_dags/example_inlet_event_extra.py
[2025-03-27T15:26:21.071-0500] {logging_mixin.py:190} INFO - [2025-03-27T15:26:21.071-0500] {dag.py:3239} INFO - Sync 2 DAGs
[2025-03-27T15:26:21.080-0500] {logging_mixin.py:190} INFO - [2025-03-27T15:26:21.080-0500] {dag.py:4180} INFO - Setting next_dagrun for read_dataset_event to 2025-03-26 00:00:00+00:00, run_after=2025-03-27 00:00:00+00:00
[2025-03-27T15:26:21.082-0500] {logging_mixin.py:190} INFO - [2025-03-27T15:26:21.082-0500] {dag.py:4180} INFO - Setting next_dagrun for read_dataset_event_from_classic to 2025-03-26 00:00:00+00:00, run_after=2025-03-27 00:00:00+00:00
[2025-03-27T15:26:21.904-0500] {processor.py:208} INFO - Processing /home/udhbhav/miniconda3/lib/python3.11/site-packages/airflow/example_dags/example_inlet_event_extra.py took 0.851 seconds
[2025-03-27T15:27:37.423-0500] {processor.py:186} INFO - Started process (PID=1811804) to work on /home/udhbhav/miniconda3/lib/python3.11/site-packages/airflow/example_dags/example_inlet_event_extra.py
[2025-03-27T15:27:37.423-0500] {processor.py:914} INFO - Processing file /home/udhbhav/miniconda3/lib/python3.11/site-packages/airflow/example_dags/example_inlet_event_extra.py for tasks to queue
[2025-03-27T15:27:37.424-0500] {logging_mixin.py:190} INFO - [2025-03-27T15:27:37.424-0500] {dagbag.py:588} INFO - Filling up the DagBag from /home/udhbhav/miniconda3/lib/python3.11/site-packages/airflow/example_dags/example_inlet_event_extra.py
[2025-03-27T15:27:37.431-0500] {processor.py:925} INFO - DAG(s) 'read_dataset_event_from_classic', 'read_dataset_event' retrieved from /home/udhbhav/miniconda3/lib/python3.11/site-packages/airflow/example_dags/example_inlet_event_extra.py
[2025-03-27T15:27:37.438-0500] {logging_mixin.py:190} INFO - [2025-03-27T15:27:37.438-0500] {dag.py:3239} INFO - Sync 2 DAGs
[2025-03-27T15:27:37.447-0500] {logging_mixin.py:190} INFO - [2025-03-27T15:27:37.447-0500] {dag.py:4180} INFO - Setting next_dagrun for read_dataset_event to 2025-03-26 00:00:00+00:00, run_after=2025-03-27 00:00:00+00:00
[2025-03-27T15:27:37.449-0500] {logging_mixin.py:190} INFO - [2025-03-27T15:27:37.449-0500] {dag.py:4180} INFO - Setting next_dagrun for read_dataset_event_from_classic to 2025-03-26 00:00:00+00:00, run_after=2025-03-27 00:00:00+00:00
[2025-03-27T15:27:37.554-0500] {processor.py:208} INFO - Processing /home/udhbhav/miniconda3/lib/python3.11/site-packages/airflow/example_dags/example_inlet_event_extra.py took 0.135 seconds
[2025-03-27T15:29:13.818-0500] {processor.py:186} INFO - Started process (PID=1812689) to work on /home/udhbhav/miniconda3/lib/python3.11/site-packages/airflow/example_dags/example_inlet_event_extra.py
[2025-03-27T15:29:13.819-0500] {processor.py:914} INFO - Processing file /home/udhbhav/miniconda3/lib/python3.11/site-packages/airflow/example_dags/example_inlet_event_extra.py for tasks to queue
[2025-03-27T15:29:13.820-0500] {logging_mixin.py:190} INFO - [2025-03-27T15:29:13.820-0500] {dagbag.py:588} INFO - Filling up the DagBag from /home/udhbhav/miniconda3/lib/python3.11/site-packages/airflow/example_dags/example_inlet_event_extra.py
[2025-03-27T15:29:13.826-0500] {processor.py:925} INFO - DAG(s) 'read_dataset_event_from_classic', 'read_dataset_event' retrieved from /home/udhbhav/miniconda3/lib/python3.11/site-packages/airflow/example_dags/example_inlet_event_extra.py
[2025-03-27T15:29:13.834-0500] {logging_mixin.py:190} INFO - [2025-03-27T15:29:13.834-0500] {dag.py:3239} INFO - Sync 2 DAGs
[2025-03-27T15:29:13.842-0500] {logging_mixin.py:190} INFO - [2025-03-27T15:29:13.842-0500] {dag.py:4180} INFO - Setting next_dagrun for read_dataset_event to 2025-03-26 00:00:00+00:00, run_after=2025-03-27 00:00:00+00:00
[2025-03-27T15:29:13.844-0500] {logging_mixin.py:190} INFO - [2025-03-27T15:29:13.844-0500] {dag.py:4180} INFO - Setting next_dagrun for read_dataset_event_from_classic to 2025-03-26 00:00:00+00:00, run_after=2025-03-27 00:00:00+00:00
[2025-03-27T15:29:14.588-0500] {processor.py:208} INFO - Processing /home/udhbhav/miniconda3/lib/python3.11/site-packages/airflow/example_dags/example_inlet_event_extra.py took 0.772 seconds
[2025-03-27T15:31:03.866-0500] {processor.py:186} INFO - Started process (PID=1813711) to work on /home/udhbhav/miniconda3/lib/python3.11/site-packages/airflow/example_dags/example_inlet_event_extra.py
[2025-03-27T15:31:03.867-0500] {processor.py:914} INFO - Processing file /home/udhbhav/miniconda3/lib/python3.11/site-packages/airflow/example_dags/example_inlet_event_extra.py for tasks to queue
[2025-03-27T15:31:03.868-0500] {logging_mixin.py:190} INFO - [2025-03-27T15:31:03.867-0500] {dagbag.py:588} INFO - Filling up the DagBag from /home/udhbhav/miniconda3/lib/python3.11/site-packages/airflow/example_dags/example_inlet_event_extra.py
[2025-03-27T15:31:03.874-0500] {processor.py:925} INFO - DAG(s) 'read_dataset_event_from_classic', 'read_dataset_event' retrieved from /home/udhbhav/miniconda3/lib/python3.11/site-packages/airflow/example_dags/example_inlet_event_extra.py
[2025-03-27T15:31:03.882-0500] {logging_mixin.py:190} INFO - [2025-03-27T15:31:03.882-0500] {dag.py:3239} INFO - Sync 2 DAGs
[2025-03-27T15:31:03.891-0500] {logging_mixin.py:190} INFO - [2025-03-27T15:31:03.890-0500] {dag.py:4180} INFO - Setting next_dagrun for read_dataset_event to 2025-03-26 00:00:00+00:00, run_after=2025-03-27 00:00:00+00:00
[2025-03-27T15:31:03.893-0500] {logging_mixin.py:190} INFO - [2025-03-27T15:31:03.893-0500] {dag.py:4180} INFO - Setting next_dagrun for read_dataset_event_from_classic to 2025-03-26 00:00:00+00:00, run_after=2025-03-27 00:00:00+00:00
[2025-03-27T15:31:04.107-0500] {processor.py:208} INFO - Processing /home/udhbhav/miniconda3/lib/python3.11/site-packages/airflow/example_dags/example_inlet_event_extra.py took 0.244 seconds
[2025-03-27T15:31:57.803-0500] {processor.py:186} INFO - Started process (PID=1814307) to work on /home/udhbhav/miniconda3/lib/python3.11/site-packages/airflow/example_dags/example_inlet_event_extra.py
[2025-03-27T15:31:57.803-0500] {processor.py:914} INFO - Processing file /home/udhbhav/miniconda3/lib/python3.11/site-packages/airflow/example_dags/example_inlet_event_extra.py for tasks to queue
[2025-03-27T15:31:57.804-0500] {logging_mixin.py:190} INFO - [2025-03-27T15:31:57.804-0500] {dagbag.py:588} INFO - Filling up the DagBag from /home/udhbhav/miniconda3/lib/python3.11/site-packages/airflow/example_dags/example_inlet_event_extra.py
[2025-03-27T15:31:57.811-0500] {processor.py:925} INFO - DAG(s) 'read_dataset_event', 'read_dataset_event_from_classic' retrieved from /home/udhbhav/miniconda3/lib/python3.11/site-packages/airflow/example_dags/example_inlet_event_extra.py
[2025-03-27T15:31:57.819-0500] {logging_mixin.py:190} INFO - [2025-03-27T15:31:57.818-0500] {dag.py:3239} INFO - Sync 2 DAGs
[2025-03-27T15:31:57.827-0500] {logging_mixin.py:190} INFO - [2025-03-27T15:31:57.827-0500] {dag.py:4180} INFO - Setting next_dagrun for read_dataset_event to 2025-03-26 00:00:00+00:00, run_after=2025-03-27 00:00:00+00:00
[2025-03-27T15:31:57.829-0500] {logging_mixin.py:190} INFO - [2025-03-27T15:31:57.829-0500] {dag.py:4180} INFO - Setting next_dagrun for read_dataset_event_from_classic to 2025-03-26 00:00:00+00:00, run_after=2025-03-27 00:00:00+00:00
[2025-03-27T15:31:58.000-0500] {processor.py:208} INFO - Processing /home/udhbhav/miniconda3/lib/python3.11/site-packages/airflow/example_dags/example_inlet_event_extra.py took 0.201 seconds
[2025-03-27T15:33:10.397-0500] {processor.py:186} INFO - Started process (PID=1814913) to work on /home/udhbhav/miniconda3/lib/python3.11/site-packages/airflow/example_dags/example_inlet_event_extra.py
[2025-03-27T15:33:10.397-0500] {processor.py:914} INFO - Processing file /home/udhbhav/miniconda3/lib/python3.11/site-packages/airflow/example_dags/example_inlet_event_extra.py for tasks to queue
[2025-03-27T15:33:10.398-0500] {logging_mixin.py:190} INFO - [2025-03-27T15:33:10.398-0500] {dagbag.py:588} INFO - Filling up the DagBag from /home/udhbhav/miniconda3/lib/python3.11/site-packages/airflow/example_dags/example_inlet_event_extra.py
[2025-03-27T15:33:10.405-0500] {processor.py:925} INFO - DAG(s) 'read_dataset_event_from_classic', 'read_dataset_event' retrieved from /home/udhbhav/miniconda3/lib/python3.11/site-packages/airflow/example_dags/example_inlet_event_extra.py
[2025-03-27T15:33:10.413-0500] {logging_mixin.py:190} INFO - [2025-03-27T15:33:10.413-0500] {dag.py:3239} INFO - Sync 2 DAGs
[2025-03-27T15:33:10.421-0500] {logging_mixin.py:190} INFO - [2025-03-27T15:33:10.421-0500] {dag.py:4180} INFO - Setting next_dagrun for read_dataset_event to 2025-03-26 00:00:00+00:00, run_after=2025-03-27 00:00:00+00:00
[2025-03-27T15:33:10.423-0500] {logging_mixin.py:190} INFO - [2025-03-27T15:33:10.423-0500] {dag.py:4180} INFO - Setting next_dagrun for read_dataset_event_from_classic to 2025-03-26 00:00:00+00:00, run_after=2025-03-27 00:00:00+00:00
[2025-03-27T15:33:10.573-0500] {processor.py:208} INFO - Processing /home/udhbhav/miniconda3/lib/python3.11/site-packages/airflow/example_dags/example_inlet_event_extra.py took 0.179 seconds
[2025-03-27T15:34:16.225-0500] {processor.py:186} INFO - Started process (PID=1815567) to work on /home/udhbhav/miniconda3/lib/python3.11/site-packages/airflow/example_dags/example_inlet_event_extra.py
[2025-03-27T15:34:16.225-0500] {processor.py:914} INFO - Processing file /home/udhbhav/miniconda3/lib/python3.11/site-packages/airflow/example_dags/example_inlet_event_extra.py for tasks to queue
[2025-03-27T15:34:16.226-0500] {logging_mixin.py:190} INFO - [2025-03-27T15:34:16.226-0500] {dagbag.py:588} INFO - Filling up the DagBag from /home/udhbhav/miniconda3/lib/python3.11/site-packages/airflow/example_dags/example_inlet_event_extra.py
[2025-03-27T15:34:16.233-0500] {processor.py:925} INFO - DAG(s) 'read_dataset_event', 'read_dataset_event_from_classic' retrieved from /home/udhbhav/miniconda3/lib/python3.11/site-packages/airflow/example_dags/example_inlet_event_extra.py
[2025-03-27T15:34:16.241-0500] {logging_mixin.py:190} INFO - [2025-03-27T15:34:16.240-0500] {dag.py:3239} INFO - Sync 2 DAGs
[2025-03-27T15:34:16.249-0500] {logging_mixin.py:190} INFO - [2025-03-27T15:34:16.249-0500] {dag.py:4180} INFO - Setting next_dagrun for read_dataset_event to 2025-03-26 00:00:00+00:00, run_after=2025-03-27 00:00:00+00:00
[2025-03-27T15:34:16.251-0500] {logging_mixin.py:190} INFO - [2025-03-27T15:34:16.251-0500] {dag.py:4180} INFO - Setting next_dagrun for read_dataset_event_from_classic to 2025-03-26 00:00:00+00:00, run_after=2025-03-27 00:00:00+00:00
[2025-03-27T15:34:16.361-0500] {processor.py:208} INFO - Processing /home/udhbhav/miniconda3/lib/python3.11/site-packages/airflow/example_dags/example_inlet_event_extra.py took 0.139 seconds
[2025-03-27T15:35:22.700-0500] {processor.py:186} INFO - Started process (PID=1816211) to work on /home/udhbhav/miniconda3/lib/python3.11/site-packages/airflow/example_dags/example_inlet_event_extra.py
[2025-03-27T15:35:22.700-0500] {processor.py:914} INFO - Processing file /home/udhbhav/miniconda3/lib/python3.11/site-packages/airflow/example_dags/example_inlet_event_extra.py for tasks to queue
[2025-03-27T15:35:22.701-0500] {logging_mixin.py:190} INFO - [2025-03-27T15:35:22.701-0500] {dagbag.py:588} INFO - Filling up the DagBag from /home/udhbhav/miniconda3/lib/python3.11/site-packages/airflow/example_dags/example_inlet_event_extra.py
[2025-03-27T15:35:22.708-0500] {processor.py:925} INFO - DAG(s) 'read_dataset_event_from_classic', 'read_dataset_event' retrieved from /home/udhbhav/miniconda3/lib/python3.11/site-packages/airflow/example_dags/example_inlet_event_extra.py
[2025-03-27T15:35:22.716-0500] {logging_mixin.py:190} INFO - [2025-03-27T15:35:22.716-0500] {dag.py:3239} INFO - Sync 2 DAGs
[2025-03-27T15:35:22.725-0500] {logging_mixin.py:190} INFO - [2025-03-27T15:35:22.725-0500] {dag.py:4180} INFO - Setting next_dagrun for read_dataset_event to 2025-03-26 00:00:00+00:00, run_after=2025-03-27 00:00:00+00:00
[2025-03-27T15:35:22.727-0500] {logging_mixin.py:190} INFO - [2025-03-27T15:35:22.727-0500] {dag.py:4180} INFO - Setting next_dagrun for read_dataset_event_from_classic to 2025-03-26 00:00:00+00:00, run_after=2025-03-27 00:00:00+00:00
[2025-03-27T15:35:22.920-0500] {processor.py:208} INFO - Processing /home/udhbhav/miniconda3/lib/python3.11/site-packages/airflow/example_dags/example_inlet_event_extra.py took 0.223 seconds
