[2025-03-27T14:25:56.886-0500] {processor.py:186} INFO - Started process (PID=1762986) to work on /home/udhbhav/miniconda3/lib/python3.11/site-packages/airflow/example_dags/example_latest_only.py
[2025-03-27T14:25:56.888-0500] {processor.py:914} INFO - Processing file /home/udhbhav/miniconda3/lib/python3.11/site-packages/airflow/example_dags/example_latest_only.py for tasks to queue
[2025-03-27T14:25:56.889-0500] {logging_mixin.py:190} INFO - [2025-03-27T14:25:56.888-0500] {dagbag.py:588} INFO - Filling up the DagBag from /home/udhbhav/miniconda3/lib/python3.11/site-packages/airflow/example_dags/example_latest_only.py
[2025-03-27T14:25:56.901-0500] {processor.py:925} INFO - DAG(s) 'latest_only' retrieved from /home/udhbhav/miniconda3/lib/python3.11/site-packages/airflow/example_dags/example_latest_only.py
[2025-03-27T14:25:57.213-0500] {logging_mixin.py:190} INFO - [2025-03-27T14:25:57.213-0500] {override.py:1912} INFO - Created Permission View: can read on DAG:latest_only
[2025-03-27T14:25:57.959-0500] {logging_mixin.py:190} INFO - [2025-03-27T14:25:57.959-0500] {override.py:1912} INFO - Created Permission View: can edit on DAG:latest_only
[2025-03-27T14:25:58.053-0500] {logging_mixin.py:190} INFO - [2025-03-27T14:25:58.053-0500] {override.py:1912} INFO - Created Permission View: can delete on DAG:latest_only
[2025-03-27T14:25:58.242-0500] {logging_mixin.py:190} INFO - [2025-03-27T14:25:58.241-0500] {override.py:1912} INFO - Created Permission View: can read on DAG Run:latest_only
[2025-03-27T14:25:58.965-0500] {logging_mixin.py:190} INFO - [2025-03-27T14:25:58.965-0500] {override.py:1912} INFO - Created Permission View: menu access on DAG Run:latest_only
[2025-03-27T14:25:59.533-0500] {logging_mixin.py:190} INFO - [2025-03-27T14:25:59.533-0500] {override.py:1912} INFO - Created Permission View: can create on DAG Run:latest_only
[2025-03-27T14:25:59.682-0500] {logging_mixin.py:190} INFO - [2025-03-27T14:25:59.682-0500] {override.py:1912} INFO - Created Permission View: can delete on DAG Run:latest_only
[2025-03-27T14:25:59.683-0500] {logging_mixin.py:190} INFO - [2025-03-27T14:25:59.683-0500] {dag.py:3239} INFO - Sync 1 DAGs
[2025-03-27T14:25:59.688-0500] {logging_mixin.py:190} INFO - [2025-03-27T14:25:59.688-0500] {dag.py:3262} INFO - Creating ORM DAG for latest_only
[2025-03-27T14:25:59.709-0500] {logging_mixin.py:190} INFO - [2025-03-27T14:25:59.709-0500] {dag.py:4180} INFO - Setting next_dagrun for latest_only to 2025-03-27 12:00:00+00:00, run_after=2025-03-27 16:00:00+00:00
[2025-03-27T14:26:00.459-0500] {processor.py:208} INFO - Processing /home/udhbhav/miniconda3/lib/python3.11/site-packages/airflow/example_dags/example_latest_only.py took 3.577 seconds
[2025-03-27T14:28:21.510-0500] {processor.py:186} INFO - Started process (PID=1764240) to work on /home/udhbhav/miniconda3/lib/python3.11/site-packages/airflow/example_dags/example_latest_only.py
[2025-03-27T14:28:21.511-0500] {processor.py:914} INFO - Processing file /home/udhbhav/miniconda3/lib/python3.11/site-packages/airflow/example_dags/example_latest_only.py for tasks to queue
[2025-03-27T14:28:21.512-0500] {logging_mixin.py:190} INFO - [2025-03-27T14:28:21.511-0500] {dagbag.py:588} INFO - Filling up the DagBag from /home/udhbhav/miniconda3/lib/python3.11/site-packages/airflow/example_dags/example_latest_only.py
[2025-03-27T14:28:21.516-0500] {processor.py:925} INFO - DAG(s) 'latest_only' retrieved from /home/udhbhav/miniconda3/lib/python3.11/site-packages/airflow/example_dags/example_latest_only.py
[2025-03-27T14:28:21.523-0500] {logging_mixin.py:190} INFO - [2025-03-27T14:28:21.523-0500] {dag.py:3239} INFO - Sync 1 DAGs
[2025-03-27T14:28:21.532-0500] {logging_mixin.py:190} INFO - [2025-03-27T14:28:21.532-0500] {dag.py:4180} INFO - Setting next_dagrun for latest_only to 2025-03-27 12:00:00+00:00, run_after=2025-03-27 16:00:00+00:00
[2025-03-27T14:28:22.393-0500] {processor.py:208} INFO - Processing /home/udhbhav/miniconda3/lib/python3.11/site-packages/airflow/example_dags/example_latest_only.py took 0.886 seconds
[2025-03-27T14:35:35.439-0500] {processor.py:186} INFO - Started process (PID=1768441) to work on /home/udhbhav/miniconda3/lib/python3.11/site-packages/airflow/example_dags/example_latest_only.py
[2025-03-27T14:35:35.440-0500] {processor.py:914} INFO - Processing file /home/udhbhav/miniconda3/lib/python3.11/site-packages/airflow/example_dags/example_latest_only.py for tasks to queue
[2025-03-27T14:35:35.441-0500] {logging_mixin.py:190} INFO - [2025-03-27T14:35:35.440-0500] {dagbag.py:588} INFO - Filling up the DagBag from /home/udhbhav/miniconda3/lib/python3.11/site-packages/airflow/example_dags/example_latest_only.py
[2025-03-27T14:35:35.444-0500] {processor.py:925} INFO - DAG(s) 'latest_only' retrieved from /home/udhbhav/miniconda3/lib/python3.11/site-packages/airflow/example_dags/example_latest_only.py
[2025-03-27T14:35:35.452-0500] {logging_mixin.py:190} INFO - [2025-03-27T14:35:35.452-0500] {dag.py:3239} INFO - Sync 1 DAGs
[2025-03-27T14:35:35.461-0500] {logging_mixin.py:190} INFO - [2025-03-27T14:35:35.461-0500] {dag.py:4180} INFO - Setting next_dagrun for latest_only to 2025-03-27 12:00:00+00:00, run_after=2025-03-27 16:00:00+00:00
[2025-03-27T14:35:35.566-0500] {processor.py:208} INFO - Processing /home/udhbhav/miniconda3/lib/python3.11/site-packages/airflow/example_dags/example_latest_only.py took 0.130 seconds
[2025-03-27T14:37:22.688-0500] {processor.py:186} INFO - Started process (PID=1769505) to work on /home/udhbhav/miniconda3/lib/python3.11/site-packages/airflow/example_dags/example_latest_only.py
[2025-03-27T14:37:22.688-0500] {processor.py:914} INFO - Processing file /home/udhbhav/miniconda3/lib/python3.11/site-packages/airflow/example_dags/example_latest_only.py for tasks to queue
[2025-03-27T14:37:22.690-0500] {logging_mixin.py:190} INFO - [2025-03-27T14:37:22.689-0500] {dagbag.py:588} INFO - Filling up the DagBag from /home/udhbhav/miniconda3/lib/python3.11/site-packages/airflow/example_dags/example_latest_only.py
[2025-03-27T14:37:22.693-0500] {processor.py:925} INFO - DAG(s) 'latest_only' retrieved from /home/udhbhav/miniconda3/lib/python3.11/site-packages/airflow/example_dags/example_latest_only.py
[2025-03-27T14:37:22.701-0500] {logging_mixin.py:190} INFO - [2025-03-27T14:37:22.701-0500] {dag.py:3239} INFO - Sync 1 DAGs
[2025-03-27T14:37:22.709-0500] {logging_mixin.py:190} INFO - [2025-03-27T14:37:22.709-0500] {dag.py:4180} INFO - Setting next_dagrun for latest_only to 2025-03-27 12:00:00+00:00, run_after=2025-03-27 16:00:00+00:00
[2025-03-27T14:37:22.870-0500] {processor.py:208} INFO - Processing /home/udhbhav/miniconda3/lib/python3.11/site-packages/airflow/example_dags/example_latest_only.py took 0.185 seconds
[2025-03-27T14:38:29.061-0500] {processor.py:186} INFO - Started process (PID=1770504) to work on /home/udhbhav/miniconda3/lib/python3.11/site-packages/airflow/example_dags/example_latest_only.py
[2025-03-27T14:38:29.062-0500] {processor.py:914} INFO - Processing file /home/udhbhav/miniconda3/lib/python3.11/site-packages/airflow/example_dags/example_latest_only.py for tasks to queue
[2025-03-27T14:38:29.063-0500] {logging_mixin.py:190} INFO - [2025-03-27T14:38:29.063-0500] {dagbag.py:588} INFO - Filling up the DagBag from /home/udhbhav/miniconda3/lib/python3.11/site-packages/airflow/example_dags/example_latest_only.py
[2025-03-27T14:38:29.066-0500] {processor.py:925} INFO - DAG(s) 'latest_only' retrieved from /home/udhbhav/miniconda3/lib/python3.11/site-packages/airflow/example_dags/example_latest_only.py
[2025-03-27T14:38:29.073-0500] {logging_mixin.py:190} INFO - [2025-03-27T14:38:29.073-0500] {dag.py:3239} INFO - Sync 1 DAGs
[2025-03-27T14:38:29.081-0500] {logging_mixin.py:190} INFO - [2025-03-27T14:38:29.081-0500] {dag.py:4180} INFO - Setting next_dagrun for latest_only to 2025-03-27 12:00:00+00:00, run_after=2025-03-27 16:00:00+00:00
[2025-03-27T14:38:29.188-0500] {processor.py:208} INFO - Processing /home/udhbhav/miniconda3/lib/python3.11/site-packages/airflow/example_dags/example_latest_only.py took 0.129 seconds
[2025-03-27T14:39:41.329-0500] {processor.py:186} INFO - Started process (PID=1771303) to work on /home/udhbhav/miniconda3/lib/python3.11/site-packages/airflow/example_dags/example_latest_only.py
[2025-03-27T14:39:41.329-0500] {processor.py:914} INFO - Processing file /home/udhbhav/miniconda3/lib/python3.11/site-packages/airflow/example_dags/example_latest_only.py for tasks to queue
[2025-03-27T14:39:41.330-0500] {logging_mixin.py:190} INFO - [2025-03-27T14:39:41.330-0500] {dagbag.py:588} INFO - Filling up the DagBag from /home/udhbhav/miniconda3/lib/python3.11/site-packages/airflow/example_dags/example_latest_only.py
[2025-03-27T14:39:41.334-0500] {processor.py:925} INFO - DAG(s) 'latest_only' retrieved from /home/udhbhav/miniconda3/lib/python3.11/site-packages/airflow/example_dags/example_latest_only.py
[2025-03-27T14:39:41.341-0500] {logging_mixin.py:190} INFO - [2025-03-27T14:39:41.341-0500] {dag.py:3239} INFO - Sync 1 DAGs
[2025-03-27T14:39:41.348-0500] {logging_mixin.py:190} INFO - [2025-03-27T14:39:41.348-0500] {dag.py:4180} INFO - Setting next_dagrun for latest_only to 2025-03-27 12:00:00+00:00, run_after=2025-03-27 16:00:00+00:00
[2025-03-27T14:39:41.534-0500] {processor.py:208} INFO - Processing /home/udhbhav/miniconda3/lib/python3.11/site-packages/airflow/example_dags/example_latest_only.py took 0.208 seconds
[2025-03-27T14:41:00.923-0500] {processor.py:186} INFO - Started process (PID=1772096) to work on /home/udhbhav/miniconda3/lib/python3.11/site-packages/airflow/example_dags/example_latest_only.py
[2025-03-27T14:41:00.923-0500] {processor.py:914} INFO - Processing file /home/udhbhav/miniconda3/lib/python3.11/site-packages/airflow/example_dags/example_latest_only.py for tasks to queue
[2025-03-27T14:41:00.924-0500] {logging_mixin.py:190} INFO - [2025-03-27T14:41:00.924-0500] {dagbag.py:588} INFO - Filling up the DagBag from /home/udhbhav/miniconda3/lib/python3.11/site-packages/airflow/example_dags/example_latest_only.py
[2025-03-27T14:41:00.928-0500] {processor.py:925} INFO - DAG(s) 'latest_only' retrieved from /home/udhbhav/miniconda3/lib/python3.11/site-packages/airflow/example_dags/example_latest_only.py
[2025-03-27T14:41:00.935-0500] {logging_mixin.py:190} INFO - [2025-03-27T14:41:00.935-0500] {dag.py:3239} INFO - Sync 1 DAGs
[2025-03-27T14:41:00.943-0500] {logging_mixin.py:190} INFO - [2025-03-27T14:41:00.943-0500] {dag.py:4180} INFO - Setting next_dagrun for latest_only to 2025-03-27 12:00:00+00:00, run_after=2025-03-27 16:00:00+00:00
[2025-03-27T14:41:01.050-0500] {processor.py:208} INFO - Processing /home/udhbhav/miniconda3/lib/python3.11/site-packages/airflow/example_dags/example_latest_only.py took 0.130 seconds
[2025-03-27T14:42:30.344-0500] {processor.py:186} INFO - Started process (PID=1773201) to work on /home/udhbhav/miniconda3/lib/python3.11/site-packages/airflow/example_dags/example_latest_only.py
[2025-03-27T14:42:30.345-0500] {processor.py:914} INFO - Processing file /home/udhbhav/miniconda3/lib/python3.11/site-packages/airflow/example_dags/example_latest_only.py for tasks to queue
[2025-03-27T14:42:30.346-0500] {logging_mixin.py:190} INFO - [2025-03-27T14:42:30.345-0500] {dagbag.py:588} INFO - Filling up the DagBag from /home/udhbhav/miniconda3/lib/python3.11/site-packages/airflow/example_dags/example_latest_only.py
[2025-03-27T14:42:30.349-0500] {processor.py:925} INFO - DAG(s) 'latest_only' retrieved from /home/udhbhav/miniconda3/lib/python3.11/site-packages/airflow/example_dags/example_latest_only.py
[2025-03-27T14:42:30.356-0500] {logging_mixin.py:190} INFO - [2025-03-27T14:42:30.356-0500] {dag.py:3239} INFO - Sync 1 DAGs
[2025-03-27T14:42:30.364-0500] {logging_mixin.py:190} INFO - [2025-03-27T14:42:30.364-0500] {dag.py:4180} INFO - Setting next_dagrun for latest_only to 2025-03-27 12:00:00+00:00, run_after=2025-03-27 16:00:00+00:00
[2025-03-27T14:42:30.469-0500] {processor.py:208} INFO - Processing /home/udhbhav/miniconda3/lib/python3.11/site-packages/airflow/example_dags/example_latest_only.py took 0.127 seconds
[2025-03-27T14:43:56.581-0500] {processor.py:186} INFO - Started process (PID=1774266) to work on /home/udhbhav/miniconda3/lib/python3.11/site-packages/airflow/example_dags/example_latest_only.py
[2025-03-27T14:43:56.581-0500] {processor.py:914} INFO - Processing file /home/udhbhav/miniconda3/lib/python3.11/site-packages/airflow/example_dags/example_latest_only.py for tasks to queue
[2025-03-27T14:43:56.582-0500] {logging_mixin.py:190} INFO - [2025-03-27T14:43:56.582-0500] {dagbag.py:588} INFO - Filling up the DagBag from /home/udhbhav/miniconda3/lib/python3.11/site-packages/airflow/example_dags/example_latest_only.py
[2025-03-27T14:43:56.586-0500] {processor.py:925} INFO - DAG(s) 'latest_only' retrieved from /home/udhbhav/miniconda3/lib/python3.11/site-packages/airflow/example_dags/example_latest_only.py
[2025-03-27T14:43:56.593-0500] {logging_mixin.py:190} INFO - [2025-03-27T14:43:56.593-0500] {dag.py:3239} INFO - Sync 1 DAGs
[2025-03-27T14:43:56.601-0500] {logging_mixin.py:190} INFO - [2025-03-27T14:43:56.601-0500] {dag.py:4180} INFO - Setting next_dagrun for latest_only to 2025-03-27 12:00:00+00:00, run_after=2025-03-27 16:00:00+00:00
[2025-03-27T14:43:56.708-0500] {processor.py:208} INFO - Processing /home/udhbhav/miniconda3/lib/python3.11/site-packages/airflow/example_dags/example_latest_only.py took 0.130 seconds
[2025-03-27T14:45:00.983-0500] {processor.py:186} INFO - Started process (PID=1774907) to work on /home/udhbhav/miniconda3/lib/python3.11/site-packages/airflow/example_dags/example_latest_only.py
[2025-03-27T14:45:00.983-0500] {processor.py:914} INFO - Processing file /home/udhbhav/miniconda3/lib/python3.11/site-packages/airflow/example_dags/example_latest_only.py for tasks to queue
[2025-03-27T14:45:00.984-0500] {logging_mixin.py:190} INFO - [2025-03-27T14:45:00.984-0500] {dagbag.py:588} INFO - Filling up the DagBag from /home/udhbhav/miniconda3/lib/python3.11/site-packages/airflow/example_dags/example_latest_only.py
[2025-03-27T14:45:00.988-0500] {processor.py:925} INFO - DAG(s) 'latest_only' retrieved from /home/udhbhav/miniconda3/lib/python3.11/site-packages/airflow/example_dags/example_latest_only.py
[2025-03-27T14:45:00.995-0500] {logging_mixin.py:190} INFO - [2025-03-27T14:45:00.995-0500] {dag.py:3239} INFO - Sync 1 DAGs
[2025-03-27T14:45:01.002-0500] {logging_mixin.py:190} INFO - [2025-03-27T14:45:01.002-0500] {dag.py:4180} INFO - Setting next_dagrun for latest_only to 2025-03-27 12:00:00+00:00, run_after=2025-03-27 16:00:00+00:00
[2025-03-27T14:45:01.117-0500] {processor.py:208} INFO - Processing /home/udhbhav/miniconda3/lib/python3.11/site-packages/airflow/example_dags/example_latest_only.py took 0.137 seconds
[2025-03-27T14:46:38.803-0500] {processor.py:186} INFO - Started process (PID=1775813) to work on /home/udhbhav/miniconda3/lib/python3.11/site-packages/airflow/example_dags/example_latest_only.py
[2025-03-27T14:46:38.803-0500] {processor.py:914} INFO - Processing file /home/udhbhav/miniconda3/lib/python3.11/site-packages/airflow/example_dags/example_latest_only.py for tasks to queue
[2025-03-27T14:46:38.805-0500] {logging_mixin.py:190} INFO - [2025-03-27T14:46:38.805-0500] {dagbag.py:588} INFO - Filling up the DagBag from /home/udhbhav/miniconda3/lib/python3.11/site-packages/airflow/example_dags/example_latest_only.py
[2025-03-27T14:46:38.808-0500] {processor.py:925} INFO - DAG(s) 'latest_only' retrieved from /home/udhbhav/miniconda3/lib/python3.11/site-packages/airflow/example_dags/example_latest_only.py
[2025-03-27T14:46:38.816-0500] {logging_mixin.py:190} INFO - [2025-03-27T14:46:38.816-0500] {dag.py:3239} INFO - Sync 1 DAGs
[2025-03-27T14:46:38.823-0500] {logging_mixin.py:190} INFO - [2025-03-27T14:46:38.823-0500] {dag.py:4180} INFO - Setting next_dagrun for latest_only to 2025-03-27 12:00:00+00:00, run_after=2025-03-27 16:00:00+00:00
[2025-03-27T14:46:38.989-0500] {processor.py:208} INFO - Processing /home/udhbhav/miniconda3/lib/python3.11/site-packages/airflow/example_dags/example_latest_only.py took 0.189 seconds
[2025-03-27T14:47:51.814-0500] {processor.py:186} INFO - Started process (PID=1776575) to work on /home/udhbhav/miniconda3/lib/python3.11/site-packages/airflow/example_dags/example_latest_only.py
[2025-03-27T14:47:51.814-0500] {processor.py:914} INFO - Processing file /home/udhbhav/miniconda3/lib/python3.11/site-packages/airflow/example_dags/example_latest_only.py for tasks to queue
[2025-03-27T14:47:51.815-0500] {logging_mixin.py:190} INFO - [2025-03-27T14:47:51.815-0500] {dagbag.py:588} INFO - Filling up the DagBag from /home/udhbhav/miniconda3/lib/python3.11/site-packages/airflow/example_dags/example_latest_only.py
[2025-03-27T14:47:51.819-0500] {processor.py:925} INFO - DAG(s) 'latest_only' retrieved from /home/udhbhav/miniconda3/lib/python3.11/site-packages/airflow/example_dags/example_latest_only.py
[2025-03-27T14:47:51.826-0500] {logging_mixin.py:190} INFO - [2025-03-27T14:47:51.826-0500] {dag.py:3239} INFO - Sync 1 DAGs
[2025-03-27T14:47:51.833-0500] {logging_mixin.py:190} INFO - [2025-03-27T14:47:51.833-0500] {dag.py:4180} INFO - Setting next_dagrun for latest_only to 2025-03-27 12:00:00+00:00, run_after=2025-03-27 16:00:00+00:00
[2025-03-27T14:47:52.009-0500] {processor.py:208} INFO - Processing /home/udhbhav/miniconda3/lib/python3.11/site-packages/airflow/example_dags/example_latest_only.py took 0.199 seconds
[2025-03-27T14:49:10.882-0500] {processor.py:186} INFO - Started process (PID=1777214) to work on /home/udhbhav/miniconda3/lib/python3.11/site-packages/airflow/example_dags/example_latest_only.py
[2025-03-27T14:49:10.883-0500] {processor.py:914} INFO - Processing file /home/udhbhav/miniconda3/lib/python3.11/site-packages/airflow/example_dags/example_latest_only.py for tasks to queue
[2025-03-27T14:49:10.884-0500] {logging_mixin.py:190} INFO - [2025-03-27T14:49:10.883-0500] {dagbag.py:588} INFO - Filling up the DagBag from /home/udhbhav/miniconda3/lib/python3.11/site-packages/airflow/example_dags/example_latest_only.py
[2025-03-27T14:49:10.887-0500] {processor.py:925} INFO - DAG(s) 'latest_only' retrieved from /home/udhbhav/miniconda3/lib/python3.11/site-packages/airflow/example_dags/example_latest_only.py
[2025-03-27T14:49:10.894-0500] {logging_mixin.py:190} INFO - [2025-03-27T14:49:10.894-0500] {dag.py:3239} INFO - Sync 1 DAGs
[2025-03-27T14:49:10.902-0500] {logging_mixin.py:190} INFO - [2025-03-27T14:49:10.902-0500] {dag.py:4180} INFO - Setting next_dagrun for latest_only to 2025-03-27 12:00:00+00:00, run_after=2025-03-27 16:00:00+00:00
[2025-03-27T14:49:11.882-0500] {processor.py:208} INFO - Processing /home/udhbhav/miniconda3/lib/python3.11/site-packages/airflow/example_dags/example_latest_only.py took 1.002 seconds
[2025-03-27T14:50:10.642-0500] {processor.py:186} INFO - Started process (PID=1777794) to work on /home/udhbhav/miniconda3/lib/python3.11/site-packages/airflow/example_dags/example_latest_only.py
[2025-03-27T14:50:10.642-0500] {processor.py:914} INFO - Processing file /home/udhbhav/miniconda3/lib/python3.11/site-packages/airflow/example_dags/example_latest_only.py for tasks to queue
[2025-03-27T14:50:10.643-0500] {logging_mixin.py:190} INFO - [2025-03-27T14:50:10.643-0500] {dagbag.py:588} INFO - Filling up the DagBag from /home/udhbhav/miniconda3/lib/python3.11/site-packages/airflow/example_dags/example_latest_only.py
[2025-03-27T14:50:10.647-0500] {processor.py:925} INFO - DAG(s) 'latest_only' retrieved from /home/udhbhav/miniconda3/lib/python3.11/site-packages/airflow/example_dags/example_latest_only.py
[2025-03-27T14:50:10.654-0500] {logging_mixin.py:190} INFO - [2025-03-27T14:50:10.654-0500] {dag.py:3239} INFO - Sync 1 DAGs
[2025-03-27T14:50:10.661-0500] {logging_mixin.py:190} INFO - [2025-03-27T14:50:10.661-0500] {dag.py:4180} INFO - Setting next_dagrun for latest_only to 2025-03-27 12:00:00+00:00, run_after=2025-03-27 16:00:00+00:00
[2025-03-27T14:50:10.769-0500] {processor.py:208} INFO - Processing /home/udhbhav/miniconda3/lib/python3.11/site-packages/airflow/example_dags/example_latest_only.py took 0.130 seconds
[2025-03-27T14:51:16.921-0500] {processor.py:186} INFO - Started process (PID=1783282) to work on /home/udhbhav/miniconda3/lib/python3.11/site-packages/airflow/example_dags/example_latest_only.py
[2025-03-27T14:51:16.921-0500] {processor.py:914} INFO - Processing file /home/udhbhav/miniconda3/lib/python3.11/site-packages/airflow/example_dags/example_latest_only.py for tasks to queue
[2025-03-27T14:51:16.922-0500] {logging_mixin.py:190} INFO - [2025-03-27T14:51:16.922-0500] {dagbag.py:588} INFO - Filling up the DagBag from /home/udhbhav/miniconda3/lib/python3.11/site-packages/airflow/example_dags/example_latest_only.py
[2025-03-27T14:51:16.926-0500] {processor.py:925} INFO - DAG(s) 'latest_only' retrieved from /home/udhbhav/miniconda3/lib/python3.11/site-packages/airflow/example_dags/example_latest_only.py
[2025-03-27T14:51:16.933-0500] {logging_mixin.py:190} INFO - [2025-03-27T14:51:16.933-0500] {dag.py:3239} INFO - Sync 1 DAGs
[2025-03-27T14:51:16.941-0500] {logging_mixin.py:190} INFO - [2025-03-27T14:51:16.941-0500] {dag.py:4180} INFO - Setting next_dagrun for latest_only to 2025-03-27 12:00:00+00:00, run_after=2025-03-27 16:00:00+00:00
[2025-03-27T14:51:17.048-0500] {processor.py:208} INFO - Processing /home/udhbhav/miniconda3/lib/python3.11/site-packages/airflow/example_dags/example_latest_only.py took 0.130 seconds
[2025-03-27T14:52:24.274-0500] {processor.py:186} INFO - Started process (PID=1783974) to work on /home/udhbhav/miniconda3/lib/python3.11/site-packages/airflow/example_dags/example_latest_only.py
[2025-03-27T14:52:24.274-0500] {processor.py:914} INFO - Processing file /home/udhbhav/miniconda3/lib/python3.11/site-packages/airflow/example_dags/example_latest_only.py for tasks to queue
[2025-03-27T14:52:24.275-0500] {logging_mixin.py:190} INFO - [2025-03-27T14:52:24.275-0500] {dagbag.py:588} INFO - Filling up the DagBag from /home/udhbhav/miniconda3/lib/python3.11/site-packages/airflow/example_dags/example_latest_only.py
[2025-03-27T14:52:24.279-0500] {processor.py:925} INFO - DAG(s) 'latest_only' retrieved from /home/udhbhav/miniconda3/lib/python3.11/site-packages/airflow/example_dags/example_latest_only.py
[2025-03-27T14:52:24.286-0500] {logging_mixin.py:190} INFO - [2025-03-27T14:52:24.286-0500] {dag.py:3239} INFO - Sync 1 DAGs
[2025-03-27T14:52:24.294-0500] {logging_mixin.py:190} INFO - [2025-03-27T14:52:24.294-0500] {dag.py:4180} INFO - Setting next_dagrun for latest_only to 2025-03-27 12:00:00+00:00, run_after=2025-03-27 16:00:00+00:00
[2025-03-27T14:52:24.401-0500] {processor.py:208} INFO - Processing /home/udhbhav/miniconda3/lib/python3.11/site-packages/airflow/example_dags/example_latest_only.py took 0.130 seconds
[2025-03-27T14:53:34.847-0500] {processor.py:186} INFO - Started process (PID=1784689) to work on /home/udhbhav/miniconda3/lib/python3.11/site-packages/airflow/example_dags/example_latest_only.py
[2025-03-27T14:53:34.847-0500] {processor.py:914} INFO - Processing file /home/udhbhav/miniconda3/lib/python3.11/site-packages/airflow/example_dags/example_latest_only.py for tasks to queue
[2025-03-27T14:53:34.848-0500] {logging_mixin.py:190} INFO - [2025-03-27T14:53:34.848-0500] {dagbag.py:588} INFO - Filling up the DagBag from /home/udhbhav/miniconda3/lib/python3.11/site-packages/airflow/example_dags/example_latest_only.py
[2025-03-27T14:53:34.851-0500] {processor.py:925} INFO - DAG(s) 'latest_only' retrieved from /home/udhbhav/miniconda3/lib/python3.11/site-packages/airflow/example_dags/example_latest_only.py
[2025-03-27T14:53:34.859-0500] {logging_mixin.py:190} INFO - [2025-03-27T14:53:34.858-0500] {dag.py:3239} INFO - Sync 1 DAGs
[2025-03-27T14:53:34.867-0500] {logging_mixin.py:190} INFO - [2025-03-27T14:53:34.867-0500] {dag.py:4180} INFO - Setting next_dagrun for latest_only to 2025-03-27 12:00:00+00:00, run_after=2025-03-27 16:00:00+00:00
[2025-03-27T14:53:34.973-0500] {processor.py:208} INFO - Processing /home/udhbhav/miniconda3/lib/python3.11/site-packages/airflow/example_dags/example_latest_only.py took 0.129 seconds
[2025-03-27T14:54:41.439-0500] {processor.py:186} INFO - Started process (PID=1785379) to work on /home/udhbhav/miniconda3/lib/python3.11/site-packages/airflow/example_dags/example_latest_only.py
[2025-03-27T14:54:41.440-0500] {processor.py:914} INFO - Processing file /home/udhbhav/miniconda3/lib/python3.11/site-packages/airflow/example_dags/example_latest_only.py for tasks to queue
[2025-03-27T14:54:41.441-0500] {logging_mixin.py:190} INFO - [2025-03-27T14:54:41.440-0500] {dagbag.py:588} INFO - Filling up the DagBag from /home/udhbhav/miniconda3/lib/python3.11/site-packages/airflow/example_dags/example_latest_only.py
[2025-03-27T14:54:41.444-0500] {processor.py:925} INFO - DAG(s) 'latest_only' retrieved from /home/udhbhav/miniconda3/lib/python3.11/site-packages/airflow/example_dags/example_latest_only.py
[2025-03-27T14:54:41.451-0500] {logging_mixin.py:190} INFO - [2025-03-27T14:54:41.451-0500] {dag.py:3239} INFO - Sync 1 DAGs
[2025-03-27T14:54:41.459-0500] {logging_mixin.py:190} INFO - [2025-03-27T14:54:41.459-0500] {dag.py:4180} INFO - Setting next_dagrun for latest_only to 2025-03-27 12:00:00+00:00, run_after=2025-03-27 16:00:00+00:00
[2025-03-27T14:54:41.567-0500] {processor.py:208} INFO - Processing /home/udhbhav/miniconda3/lib/python3.11/site-packages/airflow/example_dags/example_latest_only.py took 0.131 seconds
[2025-03-27T14:55:46.708-0500] {processor.py:186} INFO - Started process (PID=1786100) to work on /home/udhbhav/miniconda3/lib/python3.11/site-packages/airflow/example_dags/example_latest_only.py
[2025-03-27T14:55:46.709-0500] {processor.py:914} INFO - Processing file /home/udhbhav/miniconda3/lib/python3.11/site-packages/airflow/example_dags/example_latest_only.py for tasks to queue
[2025-03-27T14:55:46.710-0500] {logging_mixin.py:190} INFO - [2025-03-27T14:55:46.710-0500] {dagbag.py:588} INFO - Filling up the DagBag from /home/udhbhav/miniconda3/lib/python3.11/site-packages/airflow/example_dags/example_latest_only.py
[2025-03-27T14:55:46.714-0500] {processor.py:925} INFO - DAG(s) 'latest_only' retrieved from /home/udhbhav/miniconda3/lib/python3.11/site-packages/airflow/example_dags/example_latest_only.py
[2025-03-27T14:55:46.721-0500] {logging_mixin.py:190} INFO - [2025-03-27T14:55:46.720-0500] {dag.py:3239} INFO - Sync 1 DAGs
[2025-03-27T14:55:46.728-0500] {logging_mixin.py:190} INFO - [2025-03-27T14:55:46.728-0500] {dag.py:4180} INFO - Setting next_dagrun for latest_only to 2025-03-27 12:00:00+00:00, run_after=2025-03-27 16:00:00+00:00
[2025-03-27T14:55:46.873-0500] {processor.py:208} INFO - Processing /home/udhbhav/miniconda3/lib/python3.11/site-packages/airflow/example_dags/example_latest_only.py took 0.167 seconds
[2025-03-27T14:57:05.220-0500] {processor.py:186} INFO - Started process (PID=1786857) to work on /home/udhbhav/miniconda3/lib/python3.11/site-packages/airflow/example_dags/example_latest_only.py
[2025-03-27T14:57:05.221-0500] {processor.py:914} INFO - Processing file /home/udhbhav/miniconda3/lib/python3.11/site-packages/airflow/example_dags/example_latest_only.py for tasks to queue
[2025-03-27T14:57:05.222-0500] {logging_mixin.py:190} INFO - [2025-03-27T14:57:05.222-0500] {dagbag.py:588} INFO - Filling up the DagBag from /home/udhbhav/miniconda3/lib/python3.11/site-packages/airflow/example_dags/example_latest_only.py
[2025-03-27T14:57:05.225-0500] {processor.py:925} INFO - DAG(s) 'latest_only' retrieved from /home/udhbhav/miniconda3/lib/python3.11/site-packages/airflow/example_dags/example_latest_only.py
[2025-03-27T14:57:05.233-0500] {logging_mixin.py:190} INFO - [2025-03-27T14:57:05.232-0500] {dag.py:3239} INFO - Sync 1 DAGs
[2025-03-27T14:57:05.240-0500] {logging_mixin.py:190} INFO - [2025-03-27T14:57:05.240-0500] {dag.py:4180} INFO - Setting next_dagrun for latest_only to 2025-03-27 12:00:00+00:00, run_after=2025-03-27 16:00:00+00:00
[2025-03-27T14:57:05.470-0500] {processor.py:208} INFO - Processing /home/udhbhav/miniconda3/lib/python3.11/site-packages/airflow/example_dags/example_latest_only.py took 0.252 seconds
[2025-03-27T14:58:25.618-0500] {processor.py:186} INFO - Started process (PID=1787634) to work on /home/udhbhav/miniconda3/lib/python3.11/site-packages/airflow/example_dags/example_latest_only.py
[2025-03-27T14:58:25.618-0500] {processor.py:914} INFO - Processing file /home/udhbhav/miniconda3/lib/python3.11/site-packages/airflow/example_dags/example_latest_only.py for tasks to queue
[2025-03-27T14:58:25.619-0500] {logging_mixin.py:190} INFO - [2025-03-27T14:58:25.619-0500] {dagbag.py:588} INFO - Filling up the DagBag from /home/udhbhav/miniconda3/lib/python3.11/site-packages/airflow/example_dags/example_latest_only.py
[2025-03-27T14:58:25.623-0500] {processor.py:925} INFO - DAG(s) 'latest_only' retrieved from /home/udhbhav/miniconda3/lib/python3.11/site-packages/airflow/example_dags/example_latest_only.py
[2025-03-27T14:58:25.630-0500] {logging_mixin.py:190} INFO - [2025-03-27T14:58:25.630-0500] {dag.py:3239} INFO - Sync 1 DAGs
[2025-03-27T14:58:25.638-0500] {logging_mixin.py:190} INFO - [2025-03-27T14:58:25.638-0500] {dag.py:4180} INFO - Setting next_dagrun for latest_only to 2025-03-27 12:00:00+00:00, run_after=2025-03-27 16:00:00+00:00
[2025-03-27T14:58:25.810-0500] {processor.py:208} INFO - Processing /home/udhbhav/miniconda3/lib/python3.11/site-packages/airflow/example_dags/example_latest_only.py took 0.195 seconds
[2025-03-27T14:59:59.934-0500] {processor.py:186} INFO - Started process (PID=1788665) to work on /home/udhbhav/miniconda3/lib/python3.11/site-packages/airflow/example_dags/example_latest_only.py
[2025-03-27T14:59:59.935-0500] {processor.py:914} INFO - Processing file /home/udhbhav/miniconda3/lib/python3.11/site-packages/airflow/example_dags/example_latest_only.py for tasks to queue
[2025-03-27T14:59:59.936-0500] {logging_mixin.py:190} INFO - [2025-03-27T14:59:59.935-0500] {dagbag.py:588} INFO - Filling up the DagBag from /home/udhbhav/miniconda3/lib/python3.11/site-packages/airflow/example_dags/example_latest_only.py
[2025-03-27T14:59:59.940-0500] {processor.py:925} INFO - DAG(s) 'latest_only' retrieved from /home/udhbhav/miniconda3/lib/python3.11/site-packages/airflow/example_dags/example_latest_only.py
[2025-03-27T14:59:59.947-0500] {logging_mixin.py:190} INFO - [2025-03-27T14:59:59.947-0500] {dag.py:3239} INFO - Sync 1 DAGs
[2025-03-27T14:59:59.956-0500] {logging_mixin.py:190} INFO - [2025-03-27T14:59:59.956-0500] {dag.py:4180} INFO - Setting next_dagrun for latest_only to 2025-03-27 12:00:00+00:00, run_after=2025-03-27 16:00:00+00:00
[2025-03-27T15:00:00.063-0500] {processor.py:208} INFO - Processing /home/udhbhav/miniconda3/lib/python3.11/site-packages/airflow/example_dags/example_latest_only.py took 0.131 seconds
[2025-03-27T15:01:06.915-0500] {processor.py:186} INFO - Started process (PID=1789456) to work on /home/udhbhav/miniconda3/lib/python3.11/site-packages/airflow/example_dags/example_latest_only.py
[2025-03-27T15:01:06.915-0500] {processor.py:914} INFO - Processing file /home/udhbhav/miniconda3/lib/python3.11/site-packages/airflow/example_dags/example_latest_only.py for tasks to queue
[2025-03-27T15:01:06.916-0500] {logging_mixin.py:190} INFO - [2025-03-27T15:01:06.916-0500] {dagbag.py:588} INFO - Filling up the DagBag from /home/udhbhav/miniconda3/lib/python3.11/site-packages/airflow/example_dags/example_latest_only.py
[2025-03-27T15:01:06.920-0500] {processor.py:925} INFO - DAG(s) 'latest_only' retrieved from /home/udhbhav/miniconda3/lib/python3.11/site-packages/airflow/example_dags/example_latest_only.py
[2025-03-27T15:01:06.927-0500] {logging_mixin.py:190} INFO - [2025-03-27T15:01:06.927-0500] {dag.py:3239} INFO - Sync 1 DAGs
[2025-03-27T15:01:06.937-0500] {logging_mixin.py:190} INFO - [2025-03-27T15:01:06.936-0500] {dag.py:4180} INFO - Setting next_dagrun for latest_only to 2025-03-27 16:00:00+00:00, run_after=2025-03-27 20:00:00+00:00
[2025-03-27T15:01:07.044-0500] {processor.py:208} INFO - Processing /home/udhbhav/miniconda3/lib/python3.11/site-packages/airflow/example_dags/example_latest_only.py took 0.133 seconds
[2025-03-27T15:02:10.579-0500] {processor.py:186} INFO - Started process (PID=1790189) to work on /home/udhbhav/miniconda3/lib/python3.11/site-packages/airflow/example_dags/example_latest_only.py
[2025-03-27T15:02:10.580-0500] {processor.py:914} INFO - Processing file /home/udhbhav/miniconda3/lib/python3.11/site-packages/airflow/example_dags/example_latest_only.py for tasks to queue
[2025-03-27T15:02:10.581-0500] {logging_mixin.py:190} INFO - [2025-03-27T15:02:10.580-0500] {dagbag.py:588} INFO - Filling up the DagBag from /home/udhbhav/miniconda3/lib/python3.11/site-packages/airflow/example_dags/example_latest_only.py
[2025-03-27T15:02:10.584-0500] {processor.py:925} INFO - DAG(s) 'latest_only' retrieved from /home/udhbhav/miniconda3/lib/python3.11/site-packages/airflow/example_dags/example_latest_only.py
[2025-03-27T15:02:10.591-0500] {logging_mixin.py:190} INFO - [2025-03-27T15:02:10.591-0500] {dag.py:3239} INFO - Sync 1 DAGs
[2025-03-27T15:02:10.599-0500] {logging_mixin.py:190} INFO - [2025-03-27T15:02:10.599-0500] {dag.py:4180} INFO - Setting next_dagrun for latest_only to 2025-03-27 16:00:00+00:00, run_after=2025-03-27 20:00:00+00:00
[2025-03-27T15:02:10.707-0500] {processor.py:208} INFO - Processing /home/udhbhav/miniconda3/lib/python3.11/site-packages/airflow/example_dags/example_latest_only.py took 0.131 seconds
[2025-03-27T15:03:28.720-0500] {processor.py:186} INFO - Started process (PID=1790936) to work on /home/udhbhav/miniconda3/lib/python3.11/site-packages/airflow/example_dags/example_latest_only.py
[2025-03-27T15:03:28.720-0500] {processor.py:914} INFO - Processing file /home/udhbhav/miniconda3/lib/python3.11/site-packages/airflow/example_dags/example_latest_only.py for tasks to queue
[2025-03-27T15:03:28.721-0500] {logging_mixin.py:190} INFO - [2025-03-27T15:03:28.721-0500] {dagbag.py:588} INFO - Filling up the DagBag from /home/udhbhav/miniconda3/lib/python3.11/site-packages/airflow/example_dags/example_latest_only.py
[2025-03-27T15:03:28.725-0500] {processor.py:925} INFO - DAG(s) 'latest_only' retrieved from /home/udhbhav/miniconda3/lib/python3.11/site-packages/airflow/example_dags/example_latest_only.py
[2025-03-27T15:03:28.732-0500] {logging_mixin.py:190} INFO - [2025-03-27T15:03:28.732-0500] {dag.py:3239} INFO - Sync 1 DAGs
[2025-03-27T15:03:28.740-0500] {logging_mixin.py:190} INFO - [2025-03-27T15:03:28.740-0500] {dag.py:4180} INFO - Setting next_dagrun for latest_only to 2025-03-27 16:00:00+00:00, run_after=2025-03-27 20:00:00+00:00
[2025-03-27T15:03:28.899-0500] {processor.py:208} INFO - Processing /home/udhbhav/miniconda3/lib/python3.11/site-packages/airflow/example_dags/example_latest_only.py took 0.181 seconds
[2025-03-27T15:04:42.045-0500] {processor.py:186} INFO - Started process (PID=1791732) to work on /home/udhbhav/miniconda3/lib/python3.11/site-packages/airflow/example_dags/example_latest_only.py
[2025-03-27T15:04:42.045-0500] {processor.py:914} INFO - Processing file /home/udhbhav/miniconda3/lib/python3.11/site-packages/airflow/example_dags/example_latest_only.py for tasks to queue
[2025-03-27T15:04:42.046-0500] {logging_mixin.py:190} INFO - [2025-03-27T15:04:42.046-0500] {dagbag.py:588} INFO - Filling up the DagBag from /home/udhbhav/miniconda3/lib/python3.11/site-packages/airflow/example_dags/example_latest_only.py
[2025-03-27T15:04:42.051-0500] {processor.py:925} INFO - DAG(s) 'latest_only' retrieved from /home/udhbhav/miniconda3/lib/python3.11/site-packages/airflow/example_dags/example_latest_only.py
[2025-03-27T15:04:42.058-0500] {logging_mixin.py:190} INFO - [2025-03-27T15:04:42.058-0500] {dag.py:3239} INFO - Sync 1 DAGs
[2025-03-27T15:04:42.066-0500] {logging_mixin.py:190} INFO - [2025-03-27T15:04:42.065-0500] {dag.py:4180} INFO - Setting next_dagrun for latest_only to 2025-03-27 16:00:00+00:00, run_after=2025-03-27 20:00:00+00:00
[2025-03-27T15:04:42.215-0500] {processor.py:208} INFO - Processing /home/udhbhav/miniconda3/lib/python3.11/site-packages/airflow/example_dags/example_latest_only.py took 0.174 seconds
[2025-03-27T15:06:02.280-0500] {processor.py:186} INFO - Started process (PID=1792481) to work on /home/udhbhav/miniconda3/lib/python3.11/site-packages/airflow/example_dags/example_latest_only.py
[2025-03-27T15:06:02.281-0500] {processor.py:914} INFO - Processing file /home/udhbhav/miniconda3/lib/python3.11/site-packages/airflow/example_dags/example_latest_only.py for tasks to queue
[2025-03-27T15:06:02.282-0500] {logging_mixin.py:190} INFO - [2025-03-27T15:06:02.282-0500] {dagbag.py:588} INFO - Filling up the DagBag from /home/udhbhav/miniconda3/lib/python3.11/site-packages/airflow/example_dags/example_latest_only.py
[2025-03-27T15:06:02.285-0500] {processor.py:925} INFO - DAG(s) 'latest_only' retrieved from /home/udhbhav/miniconda3/lib/python3.11/site-packages/airflow/example_dags/example_latest_only.py
[2025-03-27T15:06:02.293-0500] {logging_mixin.py:190} INFO - [2025-03-27T15:06:02.292-0500] {dag.py:3239} INFO - Sync 1 DAGs
[2025-03-27T15:06:02.300-0500] {logging_mixin.py:190} INFO - [2025-03-27T15:06:02.300-0500] {dag.py:4180} INFO - Setting next_dagrun for latest_only to 2025-03-27 16:00:00+00:00, run_after=2025-03-27 20:00:00+00:00
[2025-03-27T15:06:02.651-0500] {processor.py:208} INFO - Processing /home/udhbhav/miniconda3/lib/python3.11/site-packages/airflow/example_dags/example_latest_only.py took 0.374 seconds
[2025-03-27T15:07:30.813-0500] {processor.py:186} INFO - Started process (PID=1793349) to work on /home/udhbhav/miniconda3/lib/python3.11/site-packages/airflow/example_dags/example_latest_only.py
[2025-03-27T15:07:30.814-0500] {processor.py:914} INFO - Processing file /home/udhbhav/miniconda3/lib/python3.11/site-packages/airflow/example_dags/example_latest_only.py for tasks to queue
[2025-03-27T15:07:30.815-0500] {logging_mixin.py:190} INFO - [2025-03-27T15:07:30.815-0500] {dagbag.py:588} INFO - Filling up the DagBag from /home/udhbhav/miniconda3/lib/python3.11/site-packages/airflow/example_dags/example_latest_only.py
[2025-03-27T15:07:30.818-0500] {processor.py:925} INFO - DAG(s) 'latest_only' retrieved from /home/udhbhav/miniconda3/lib/python3.11/site-packages/airflow/example_dags/example_latest_only.py
[2025-03-27T15:07:30.825-0500] {logging_mixin.py:190} INFO - [2025-03-27T15:07:30.825-0500] {dag.py:3239} INFO - Sync 1 DAGs
[2025-03-27T15:07:30.833-0500] {logging_mixin.py:190} INFO - [2025-03-27T15:07:30.833-0500] {dag.py:4180} INFO - Setting next_dagrun for latest_only to 2025-03-27 16:00:00+00:00, run_after=2025-03-27 20:00:00+00:00
[2025-03-27T15:07:30.941-0500] {processor.py:208} INFO - Processing /home/udhbhav/miniconda3/lib/python3.11/site-packages/airflow/example_dags/example_latest_only.py took 0.130 seconds
[2025-03-27T15:08:34.398-0500] {processor.py:186} INFO - Started process (PID=1793998) to work on /home/udhbhav/miniconda3/lib/python3.11/site-packages/airflow/example_dags/example_latest_only.py
[2025-03-27T15:08:34.398-0500] {processor.py:914} INFO - Processing file /home/udhbhav/miniconda3/lib/python3.11/site-packages/airflow/example_dags/example_latest_only.py for tasks to queue
[2025-03-27T15:08:34.399-0500] {logging_mixin.py:190} INFO - [2025-03-27T15:08:34.399-0500] {dagbag.py:588} INFO - Filling up the DagBag from /home/udhbhav/miniconda3/lib/python3.11/site-packages/airflow/example_dags/example_latest_only.py
[2025-03-27T15:08:34.403-0500] {processor.py:925} INFO - DAG(s) 'latest_only' retrieved from /home/udhbhav/miniconda3/lib/python3.11/site-packages/airflow/example_dags/example_latest_only.py
[2025-03-27T15:08:34.410-0500] {logging_mixin.py:190} INFO - [2025-03-27T15:08:34.410-0500] {dag.py:3239} INFO - Sync 1 DAGs
[2025-03-27T15:08:34.418-0500] {logging_mixin.py:190} INFO - [2025-03-27T15:08:34.418-0500] {dag.py:4180} INFO - Setting next_dagrun for latest_only to 2025-03-27 16:00:00+00:00, run_after=2025-03-27 20:00:00+00:00
[2025-03-27T15:08:34.525-0500] {processor.py:208} INFO - Processing /home/udhbhav/miniconda3/lib/python3.11/site-packages/airflow/example_dags/example_latest_only.py took 0.130 seconds
[2025-03-27T15:09:41.337-0500] {processor.py:186} INFO - Started process (PID=1794682) to work on /home/udhbhav/miniconda3/lib/python3.11/site-packages/airflow/example_dags/example_latest_only.py
[2025-03-27T15:09:41.337-0500] {processor.py:914} INFO - Processing file /home/udhbhav/miniconda3/lib/python3.11/site-packages/airflow/example_dags/example_latest_only.py for tasks to queue
[2025-03-27T15:09:41.338-0500] {logging_mixin.py:190} INFO - [2025-03-27T15:09:41.338-0500] {dagbag.py:588} INFO - Filling up the DagBag from /home/udhbhav/miniconda3/lib/python3.11/site-packages/airflow/example_dags/example_latest_only.py
[2025-03-27T15:09:41.342-0500] {processor.py:925} INFO - DAG(s) 'latest_only' retrieved from /home/udhbhav/miniconda3/lib/python3.11/site-packages/airflow/example_dags/example_latest_only.py
[2025-03-27T15:09:41.349-0500] {logging_mixin.py:190} INFO - [2025-03-27T15:09:41.349-0500] {dag.py:3239} INFO - Sync 1 DAGs
[2025-03-27T15:09:41.356-0500] {logging_mixin.py:190} INFO - [2025-03-27T15:09:41.356-0500] {dag.py:4180} INFO - Setting next_dagrun for latest_only to 2025-03-27 16:00:00+00:00, run_after=2025-03-27 20:00:00+00:00
[2025-03-27T15:09:41.620-0500] {processor.py:208} INFO - Processing /home/udhbhav/miniconda3/lib/python3.11/site-packages/airflow/example_dags/example_latest_only.py took 0.286 seconds
[2025-03-27T15:10:52.342-0500] {processor.py:186} INFO - Started process (PID=1795405) to work on /home/udhbhav/miniconda3/lib/python3.11/site-packages/airflow/example_dags/example_latest_only.py
[2025-03-27T15:10:52.343-0500] {processor.py:914} INFO - Processing file /home/udhbhav/miniconda3/lib/python3.11/site-packages/airflow/example_dags/example_latest_only.py for tasks to queue
[2025-03-27T15:10:52.343-0500] {logging_mixin.py:190} INFO - [2025-03-27T15:10:52.343-0500] {dagbag.py:588} INFO - Filling up the DagBag from /home/udhbhav/miniconda3/lib/python3.11/site-packages/airflow/example_dags/example_latest_only.py
[2025-03-27T15:10:52.347-0500] {processor.py:925} INFO - DAG(s) 'latest_only' retrieved from /home/udhbhav/miniconda3/lib/python3.11/site-packages/airflow/example_dags/example_latest_only.py
[2025-03-27T15:10:52.354-0500] {logging_mixin.py:190} INFO - [2025-03-27T15:10:52.354-0500] {dag.py:3239} INFO - Sync 1 DAGs
[2025-03-27T15:10:52.362-0500] {logging_mixin.py:190} INFO - [2025-03-27T15:10:52.362-0500] {dag.py:4180} INFO - Setting next_dagrun for latest_only to 2025-03-27 16:00:00+00:00, run_after=2025-03-27 20:00:00+00:00
[2025-03-27T15:10:52.466-0500] {processor.py:208} INFO - Processing /home/udhbhav/miniconda3/lib/python3.11/site-packages/airflow/example_dags/example_latest_only.py took 0.127 seconds
[2025-03-27T15:11:59.076-0500] {processor.py:186} INFO - Started process (PID=1797614) to work on /home/udhbhav/miniconda3/lib/python3.11/site-packages/airflow/example_dags/example_latest_only.py
[2025-03-27T15:11:59.076-0500] {processor.py:914} INFO - Processing file /home/udhbhav/miniconda3/lib/python3.11/site-packages/airflow/example_dags/example_latest_only.py for tasks to queue
[2025-03-27T15:11:59.077-0500] {logging_mixin.py:190} INFO - [2025-03-27T15:11:59.077-0500] {dagbag.py:588} INFO - Filling up the DagBag from /home/udhbhav/miniconda3/lib/python3.11/site-packages/airflow/example_dags/example_latest_only.py
[2025-03-27T15:11:59.081-0500] {processor.py:925} INFO - DAG(s) 'latest_only' retrieved from /home/udhbhav/miniconda3/lib/python3.11/site-packages/airflow/example_dags/example_latest_only.py
[2025-03-27T15:11:59.088-0500] {logging_mixin.py:190} INFO - [2025-03-27T15:11:59.088-0500] {dag.py:3239} INFO - Sync 1 DAGs
[2025-03-27T15:11:59.095-0500] {logging_mixin.py:190} INFO - [2025-03-27T15:11:59.095-0500] {dag.py:4180} INFO - Setting next_dagrun for latest_only to 2025-03-27 16:00:00+00:00, run_after=2025-03-27 20:00:00+00:00
[2025-03-27T15:11:59.203-0500] {processor.py:208} INFO - Processing /home/udhbhav/miniconda3/lib/python3.11/site-packages/airflow/example_dags/example_latest_only.py took 0.131 seconds
[2025-03-27T15:13:17.471-0500] {processor.py:186} INFO - Started process (PID=1798341) to work on /home/udhbhav/miniconda3/lib/python3.11/site-packages/airflow/example_dags/example_latest_only.py
[2025-03-27T15:13:17.471-0500] {processor.py:914} INFO - Processing file /home/udhbhav/miniconda3/lib/python3.11/site-packages/airflow/example_dags/example_latest_only.py for tasks to queue
[2025-03-27T15:13:17.472-0500] {logging_mixin.py:190} INFO - [2025-03-27T15:13:17.472-0500] {dagbag.py:588} INFO - Filling up the DagBag from /home/udhbhav/miniconda3/lib/python3.11/site-packages/airflow/example_dags/example_latest_only.py
[2025-03-27T15:13:17.476-0500] {processor.py:925} INFO - DAG(s) 'latest_only' retrieved from /home/udhbhav/miniconda3/lib/python3.11/site-packages/airflow/example_dags/example_latest_only.py
[2025-03-27T15:13:17.483-0500] {logging_mixin.py:190} INFO - [2025-03-27T15:13:17.483-0500] {dag.py:3239} INFO - Sync 1 DAGs
[2025-03-27T15:13:17.490-0500] {logging_mixin.py:190} INFO - [2025-03-27T15:13:17.490-0500] {dag.py:4180} INFO - Setting next_dagrun for latest_only to 2025-03-27 16:00:00+00:00, run_after=2025-03-27 20:00:00+00:00
[2025-03-27T15:13:17.660-0500] {processor.py:208} INFO - Processing /home/udhbhav/miniconda3/lib/python3.11/site-packages/airflow/example_dags/example_latest_only.py took 0.192 seconds
[2025-03-27T15:14:33.376-0500] {processor.py:186} INFO - Started process (PID=1799109) to work on /home/udhbhav/miniconda3/lib/python3.11/site-packages/airflow/example_dags/example_latest_only.py
[2025-03-27T15:14:33.376-0500] {processor.py:914} INFO - Processing file /home/udhbhav/miniconda3/lib/python3.11/site-packages/airflow/example_dags/example_latest_only.py for tasks to queue
[2025-03-27T15:14:33.377-0500] {logging_mixin.py:190} INFO - [2025-03-27T15:14:33.377-0500] {dagbag.py:588} INFO - Filling up the DagBag from /home/udhbhav/miniconda3/lib/python3.11/site-packages/airflow/example_dags/example_latest_only.py
[2025-03-27T15:14:33.381-0500] {processor.py:925} INFO - DAG(s) 'latest_only' retrieved from /home/udhbhav/miniconda3/lib/python3.11/site-packages/airflow/example_dags/example_latest_only.py
[2025-03-27T15:14:33.388-0500] {logging_mixin.py:190} INFO - [2025-03-27T15:14:33.388-0500] {dag.py:3239} INFO - Sync 1 DAGs
[2025-03-27T15:14:33.396-0500] {logging_mixin.py:190} INFO - [2025-03-27T15:14:33.396-0500] {dag.py:4180} INFO - Setting next_dagrun for latest_only to 2025-03-27 16:00:00+00:00, run_after=2025-03-27 20:00:00+00:00
[2025-03-27T15:14:34.230-0500] {processor.py:208} INFO - Processing /home/udhbhav/miniconda3/lib/python3.11/site-packages/airflow/example_dags/example_latest_only.py took 0.857 seconds
[2025-03-27T15:15:50.677-0500] {processor.py:186} INFO - Started process (PID=1799928) to work on /home/udhbhav/miniconda3/lib/python3.11/site-packages/airflow/example_dags/example_latest_only.py
[2025-03-27T15:15:50.677-0500] {processor.py:914} INFO - Processing file /home/udhbhav/miniconda3/lib/python3.11/site-packages/airflow/example_dags/example_latest_only.py for tasks to queue
[2025-03-27T15:15:50.678-0500] {logging_mixin.py:190} INFO - [2025-03-27T15:15:50.678-0500] {dagbag.py:588} INFO - Filling up the DagBag from /home/udhbhav/miniconda3/lib/python3.11/site-packages/airflow/example_dags/example_latest_only.py
[2025-03-27T15:15:50.682-0500] {processor.py:925} INFO - DAG(s) 'latest_only' retrieved from /home/udhbhav/miniconda3/lib/python3.11/site-packages/airflow/example_dags/example_latest_only.py
[2025-03-27T15:15:50.689-0500] {logging_mixin.py:190} INFO - [2025-03-27T15:15:50.689-0500] {dag.py:3239} INFO - Sync 1 DAGs
[2025-03-27T15:15:50.696-0500] {logging_mixin.py:190} INFO - [2025-03-27T15:15:50.696-0500] {dag.py:4180} INFO - Setting next_dagrun for latest_only to 2025-03-27 16:00:00+00:00, run_after=2025-03-27 20:00:00+00:00
[2025-03-27T15:15:51.008-0500] {processor.py:208} INFO - Processing /home/udhbhav/miniconda3/lib/python3.11/site-packages/airflow/example_dags/example_latest_only.py took 0.334 seconds
[2025-03-27T15:17:11.603-0500] {processor.py:186} INFO - Started process (PID=1800674) to work on /home/udhbhav/miniconda3/lib/python3.11/site-packages/airflow/example_dags/example_latest_only.py
[2025-03-27T15:17:11.603-0500] {processor.py:914} INFO - Processing file /home/udhbhav/miniconda3/lib/python3.11/site-packages/airflow/example_dags/example_latest_only.py for tasks to queue
[2025-03-27T15:17:11.604-0500] {logging_mixin.py:190} INFO - [2025-03-27T15:17:11.604-0500] {dagbag.py:588} INFO - Filling up the DagBag from /home/udhbhav/miniconda3/lib/python3.11/site-packages/airflow/example_dags/example_latest_only.py
[2025-03-27T15:17:11.608-0500] {processor.py:925} INFO - DAG(s) 'latest_only' retrieved from /home/udhbhav/miniconda3/lib/python3.11/site-packages/airflow/example_dags/example_latest_only.py
[2025-03-27T15:17:11.615-0500] {logging_mixin.py:190} INFO - [2025-03-27T15:17:11.615-0500] {dag.py:3239} INFO - Sync 1 DAGs
[2025-03-27T15:17:11.623-0500] {logging_mixin.py:190} INFO - [2025-03-27T15:17:11.623-0500] {dag.py:4180} INFO - Setting next_dagrun for latest_only to 2025-03-27 16:00:00+00:00, run_after=2025-03-27 20:00:00+00:00
[2025-03-27T15:17:11.726-0500] {processor.py:208} INFO - Processing /home/udhbhav/miniconda3/lib/python3.11/site-packages/airflow/example_dags/example_latest_only.py took 0.126 seconds
[2025-03-27T15:18:17.633-0500] {processor.py:186} INFO - Started process (PID=1801329) to work on /home/udhbhav/miniconda3/lib/python3.11/site-packages/airflow/example_dags/example_latest_only.py
[2025-03-27T15:18:17.634-0500] {processor.py:914} INFO - Processing file /home/udhbhav/miniconda3/lib/python3.11/site-packages/airflow/example_dags/example_latest_only.py for tasks to queue
[2025-03-27T15:18:17.635-0500] {logging_mixin.py:190} INFO - [2025-03-27T15:18:17.634-0500] {dagbag.py:588} INFO - Filling up the DagBag from /home/udhbhav/miniconda3/lib/python3.11/site-packages/airflow/example_dags/example_latest_only.py
[2025-03-27T15:18:17.638-0500] {processor.py:925} INFO - DAG(s) 'latest_only' retrieved from /home/udhbhav/miniconda3/lib/python3.11/site-packages/airflow/example_dags/example_latest_only.py
[2025-03-27T15:18:17.645-0500] {logging_mixin.py:190} INFO - [2025-03-27T15:18:17.645-0500] {dag.py:3239} INFO - Sync 1 DAGs
[2025-03-27T15:18:17.653-0500] {logging_mixin.py:190} INFO - [2025-03-27T15:18:17.653-0500] {dag.py:4180} INFO - Setting next_dagrun for latest_only to 2025-03-27 16:00:00+00:00, run_after=2025-03-27 20:00:00+00:00
[2025-03-27T15:18:17.760-0500] {processor.py:208} INFO - Processing /home/udhbhav/miniconda3/lib/python3.11/site-packages/airflow/example_dags/example_latest_only.py took 0.129 seconds
[2025-03-27T15:19:27.879-0500] {processor.py:186} INFO - Started process (PID=1802009) to work on /home/udhbhav/miniconda3/lib/python3.11/site-packages/airflow/example_dags/example_latest_only.py
[2025-03-27T15:19:27.880-0500] {processor.py:914} INFO - Processing file /home/udhbhav/miniconda3/lib/python3.11/site-packages/airflow/example_dags/example_latest_only.py for tasks to queue
[2025-03-27T15:19:27.881-0500] {logging_mixin.py:190} INFO - [2025-03-27T15:19:27.880-0500] {dagbag.py:588} INFO - Filling up the DagBag from /home/udhbhav/miniconda3/lib/python3.11/site-packages/airflow/example_dags/example_latest_only.py
[2025-03-27T15:19:27.884-0500] {processor.py:925} INFO - DAG(s) 'latest_only' retrieved from /home/udhbhav/miniconda3/lib/python3.11/site-packages/airflow/example_dags/example_latest_only.py
[2025-03-27T15:19:27.891-0500] {logging_mixin.py:190} INFO - [2025-03-27T15:19:27.891-0500] {dag.py:3239} INFO - Sync 1 DAGs
[2025-03-27T15:19:27.899-0500] {logging_mixin.py:190} INFO - [2025-03-27T15:19:27.899-0500] {dag.py:4180} INFO - Setting next_dagrun for latest_only to 2025-03-27 16:00:00+00:00, run_after=2025-03-27 20:00:00+00:00
[2025-03-27T15:19:28.089-0500] {processor.py:208} INFO - Processing /home/udhbhav/miniconda3/lib/python3.11/site-packages/airflow/example_dags/example_latest_only.py took 0.213 seconds
[2025-03-27T15:20:33.789-0500] {processor.py:186} INFO - Started process (PID=1803441) to work on /home/udhbhav/miniconda3/lib/python3.11/site-packages/airflow/example_dags/example_latest_only.py
[2025-03-27T15:20:33.789-0500] {processor.py:914} INFO - Processing file /home/udhbhav/miniconda3/lib/python3.11/site-packages/airflow/example_dags/example_latest_only.py for tasks to queue
[2025-03-27T15:20:33.790-0500] {logging_mixin.py:190} INFO - [2025-03-27T15:20:33.790-0500] {dagbag.py:588} INFO - Filling up the DagBag from /home/udhbhav/miniconda3/lib/python3.11/site-packages/airflow/example_dags/example_latest_only.py
[2025-03-27T15:20:33.793-0500] {processor.py:925} INFO - DAG(s) 'latest_only' retrieved from /home/udhbhav/miniconda3/lib/python3.11/site-packages/airflow/example_dags/example_latest_only.py
[2025-03-27T15:20:33.801-0500] {logging_mixin.py:190} INFO - [2025-03-27T15:20:33.800-0500] {dag.py:3239} INFO - Sync 1 DAGs
[2025-03-27T15:20:33.809-0500] {logging_mixin.py:190} INFO - [2025-03-27T15:20:33.809-0500] {dag.py:4180} INFO - Setting next_dagrun for latest_only to 2025-03-27 16:00:00+00:00, run_after=2025-03-27 20:00:00+00:00
[2025-03-27T15:20:33.915-0500] {processor.py:208} INFO - Processing /home/udhbhav/miniconda3/lib/python3.11/site-packages/airflow/example_dags/example_latest_only.py took 0.130 seconds
[2025-03-27T15:21:43.849-0500] {processor.py:186} INFO - Started process (PID=1808282) to work on /home/udhbhav/miniconda3/lib/python3.11/site-packages/airflow/example_dags/example_latest_only.py
[2025-03-27T15:21:43.849-0500] {processor.py:914} INFO - Processing file /home/udhbhav/miniconda3/lib/python3.11/site-packages/airflow/example_dags/example_latest_only.py for tasks to queue
[2025-03-27T15:21:43.850-0500] {logging_mixin.py:190} INFO - [2025-03-27T15:21:43.850-0500] {dagbag.py:588} INFO - Filling up the DagBag from /home/udhbhav/miniconda3/lib/python3.11/site-packages/airflow/example_dags/example_latest_only.py
[2025-03-27T15:21:43.854-0500] {processor.py:925} INFO - DAG(s) 'latest_only' retrieved from /home/udhbhav/miniconda3/lib/python3.11/site-packages/airflow/example_dags/example_latest_only.py
[2025-03-27T15:21:43.861-0500] {logging_mixin.py:190} INFO - [2025-03-27T15:21:43.861-0500] {dag.py:3239} INFO - Sync 1 DAGs
[2025-03-27T15:21:43.869-0500] {logging_mixin.py:190} INFO - [2025-03-27T15:21:43.869-0500] {dag.py:4180} INFO - Setting next_dagrun for latest_only to 2025-03-27 16:00:00+00:00, run_after=2025-03-27 20:00:00+00:00
[2025-03-27T15:21:44.426-0500] {processor.py:208} INFO - Processing /home/udhbhav/miniconda3/lib/python3.11/site-packages/airflow/example_dags/example_latest_only.py took 0.580 seconds
[2025-03-27T15:23:02.443-0500] {processor.py:186} INFO - Started process (PID=1809044) to work on /home/udhbhav/miniconda3/lib/python3.11/site-packages/airflow/example_dags/example_latest_only.py
[2025-03-27T15:23:02.443-0500] {processor.py:914} INFO - Processing file /home/udhbhav/miniconda3/lib/python3.11/site-packages/airflow/example_dags/example_latest_only.py for tasks to queue
[2025-03-27T15:23:02.444-0500] {logging_mixin.py:190} INFO - [2025-03-27T15:23:02.444-0500] {dagbag.py:588} INFO - Filling up the DagBag from /home/udhbhav/miniconda3/lib/python3.11/site-packages/airflow/example_dags/example_latest_only.py
[2025-03-27T15:23:02.448-0500] {processor.py:925} INFO - DAG(s) 'latest_only' retrieved from /home/udhbhav/miniconda3/lib/python3.11/site-packages/airflow/example_dags/example_latest_only.py
[2025-03-27T15:23:02.455-0500] {logging_mixin.py:190} INFO - [2025-03-27T15:23:02.455-0500] {dag.py:3239} INFO - Sync 1 DAGs
[2025-03-27T15:23:02.463-0500] {logging_mixin.py:190} INFO - [2025-03-27T15:23:02.463-0500] {dag.py:4180} INFO - Setting next_dagrun for latest_only to 2025-03-27 16:00:00+00:00, run_after=2025-03-27 20:00:00+00:00
[2025-03-27T15:23:02.634-0500] {processor.py:208} INFO - Processing /home/udhbhav/miniconda3/lib/python3.11/site-packages/airflow/example_dags/example_latest_only.py took 0.194 seconds
[2025-03-27T15:24:12.276-0500] {processor.py:186} INFO - Started process (PID=1809795) to work on /home/udhbhav/miniconda3/lib/python3.11/site-packages/airflow/example_dags/example_latest_only.py
[2025-03-27T15:24:12.276-0500] {processor.py:914} INFO - Processing file /home/udhbhav/miniconda3/lib/python3.11/site-packages/airflow/example_dags/example_latest_only.py for tasks to queue
[2025-03-27T15:24:12.277-0500] {logging_mixin.py:190} INFO - [2025-03-27T15:24:12.277-0500] {dagbag.py:588} INFO - Filling up the DagBag from /home/udhbhav/miniconda3/lib/python3.11/site-packages/airflow/example_dags/example_latest_only.py
[2025-03-27T15:24:12.281-0500] {processor.py:925} INFO - DAG(s) 'latest_only' retrieved from /home/udhbhav/miniconda3/lib/python3.11/site-packages/airflow/example_dags/example_latest_only.py
[2025-03-27T15:24:12.288-0500] {logging_mixin.py:190} INFO - [2025-03-27T15:24:12.288-0500] {dag.py:3239} INFO - Sync 1 DAGs
[2025-03-27T15:24:12.296-0500] {logging_mixin.py:190} INFO - [2025-03-27T15:24:12.295-0500] {dag.py:4180} INFO - Setting next_dagrun for latest_only to 2025-03-27 16:00:00+00:00, run_after=2025-03-27 20:00:00+00:00
[2025-03-27T15:24:12.445-0500] {processor.py:208} INFO - Processing /home/udhbhav/miniconda3/lib/python3.11/site-packages/airflow/example_dags/example_latest_only.py took 0.172 seconds
[2025-03-27T15:25:29.612-0500] {processor.py:186} INFO - Started process (PID=1810571) to work on /home/udhbhav/miniconda3/lib/python3.11/site-packages/airflow/example_dags/example_latest_only.py
[2025-03-27T15:25:29.613-0500] {processor.py:914} INFO - Processing file /home/udhbhav/miniconda3/lib/python3.11/site-packages/airflow/example_dags/example_latest_only.py for tasks to queue
[2025-03-27T15:25:29.614-0500] {logging_mixin.py:190} INFO - [2025-03-27T15:25:29.614-0500] {dagbag.py:588} INFO - Filling up the DagBag from /home/udhbhav/miniconda3/lib/python3.11/site-packages/airflow/example_dags/example_latest_only.py
[2025-03-27T15:25:29.617-0500] {processor.py:925} INFO - DAG(s) 'latest_only' retrieved from /home/udhbhav/miniconda3/lib/python3.11/site-packages/airflow/example_dags/example_latest_only.py
[2025-03-27T15:25:29.624-0500] {logging_mixin.py:190} INFO - [2025-03-27T15:25:29.624-0500] {dag.py:3239} INFO - Sync 1 DAGs
[2025-03-27T15:25:29.632-0500] {logging_mixin.py:190} INFO - [2025-03-27T15:25:29.632-0500] {dag.py:4180} INFO - Setting next_dagrun for latest_only to 2025-03-27 16:00:00+00:00, run_after=2025-03-27 20:00:00+00:00
[2025-03-27T15:25:30.036-0500] {processor.py:208} INFO - Processing /home/udhbhav/miniconda3/lib/python3.11/site-packages/airflow/example_dags/example_latest_only.py took 0.426 seconds
[2025-03-27T15:27:05.656-0500] {processor.py:186} INFO - Started process (PID=1811507) to work on /home/udhbhav/miniconda3/lib/python3.11/site-packages/airflow/example_dags/example_latest_only.py
[2025-03-27T15:27:05.656-0500] {processor.py:914} INFO - Processing file /home/udhbhav/miniconda3/lib/python3.11/site-packages/airflow/example_dags/example_latest_only.py for tasks to queue
[2025-03-27T15:27:05.657-0500] {logging_mixin.py:190} INFO - [2025-03-27T15:27:05.657-0500] {dagbag.py:588} INFO - Filling up the DagBag from /home/udhbhav/miniconda3/lib/python3.11/site-packages/airflow/example_dags/example_latest_only.py
[2025-03-27T15:27:05.661-0500] {processor.py:925} INFO - DAG(s) 'latest_only' retrieved from /home/udhbhav/miniconda3/lib/python3.11/site-packages/airflow/example_dags/example_latest_only.py
[2025-03-27T15:27:05.668-0500] {logging_mixin.py:190} INFO - [2025-03-27T15:27:05.668-0500] {dag.py:3239} INFO - Sync 1 DAGs
[2025-03-27T15:27:05.676-0500] {logging_mixin.py:190} INFO - [2025-03-27T15:27:05.676-0500] {dag.py:4180} INFO - Setting next_dagrun for latest_only to 2025-03-27 16:00:00+00:00, run_after=2025-03-27 20:00:00+00:00
[2025-03-27T15:27:05.785-0500] {processor.py:208} INFO - Processing /home/udhbhav/miniconda3/lib/python3.11/site-packages/airflow/example_dags/example_latest_only.py took 0.132 seconds
[2025-03-27T15:28:20.414-0500] {processor.py:186} INFO - Started process (PID=1812171) to work on /home/udhbhav/miniconda3/lib/python3.11/site-packages/airflow/example_dags/example_latest_only.py
[2025-03-27T15:28:20.414-0500] {processor.py:914} INFO - Processing file /home/udhbhav/miniconda3/lib/python3.11/site-packages/airflow/example_dags/example_latest_only.py for tasks to queue
[2025-03-27T15:28:20.415-0500] {logging_mixin.py:190} INFO - [2025-03-27T15:28:20.415-0500] {dagbag.py:588} INFO - Filling up the DagBag from /home/udhbhav/miniconda3/lib/python3.11/site-packages/airflow/example_dags/example_latest_only.py
[2025-03-27T15:28:20.419-0500] {processor.py:925} INFO - DAG(s) 'latest_only' retrieved from /home/udhbhav/miniconda3/lib/python3.11/site-packages/airflow/example_dags/example_latest_only.py
[2025-03-27T15:28:20.426-0500] {logging_mixin.py:190} INFO - [2025-03-27T15:28:20.426-0500] {dag.py:3239} INFO - Sync 1 DAGs
[2025-03-27T15:28:20.434-0500] {logging_mixin.py:190} INFO - [2025-03-27T15:28:20.434-0500] {dag.py:4180} INFO - Setting next_dagrun for latest_only to 2025-03-27 16:00:00+00:00, run_after=2025-03-27 20:00:00+00:00
[2025-03-27T15:28:21.371-0500] {processor.py:208} INFO - Processing /home/udhbhav/miniconda3/lib/python3.11/site-packages/airflow/example_dags/example_latest_only.py took 0.960 seconds
[2025-03-27T15:30:09.567-0500] {processor.py:186} INFO - Started process (PID=1813238) to work on /home/udhbhav/miniconda3/lib/python3.11/site-packages/airflow/example_dags/example_latest_only.py
[2025-03-27T15:30:09.567-0500] {processor.py:914} INFO - Processing file /home/udhbhav/miniconda3/lib/python3.11/site-packages/airflow/example_dags/example_latest_only.py for tasks to queue
[2025-03-27T15:30:09.568-0500] {logging_mixin.py:190} INFO - [2025-03-27T15:30:09.568-0500] {dagbag.py:588} INFO - Filling up the DagBag from /home/udhbhav/miniconda3/lib/python3.11/site-packages/airflow/example_dags/example_latest_only.py
[2025-03-27T15:30:09.572-0500] {processor.py:925} INFO - DAG(s) 'latest_only' retrieved from /home/udhbhav/miniconda3/lib/python3.11/site-packages/airflow/example_dags/example_latest_only.py
[2025-03-27T15:30:09.579-0500] {logging_mixin.py:190} INFO - [2025-03-27T15:30:09.579-0500] {dag.py:3239} INFO - Sync 1 DAGs
[2025-03-27T15:30:09.587-0500] {logging_mixin.py:190} INFO - [2025-03-27T15:30:09.587-0500] {dag.py:4180} INFO - Setting next_dagrun for latest_only to 2025-03-27 16:00:00+00:00, run_after=2025-03-27 20:00:00+00:00
[2025-03-27T15:30:09.837-0500] {processor.py:208} INFO - Processing /home/udhbhav/miniconda3/lib/python3.11/site-packages/airflow/example_dags/example_latest_only.py took 0.273 seconds
[2025-03-27T15:32:00.399-0500] {processor.py:186} INFO - Started process (PID=1814313) to work on /home/udhbhav/miniconda3/lib/python3.11/site-packages/airflow/example_dags/example_latest_only.py
[2025-03-27T15:32:00.399-0500] {processor.py:914} INFO - Processing file /home/udhbhav/miniconda3/lib/python3.11/site-packages/airflow/example_dags/example_latest_only.py for tasks to queue
[2025-03-27T15:32:00.400-0500] {logging_mixin.py:190} INFO - [2025-03-27T15:32:00.400-0500] {dagbag.py:588} INFO - Filling up the DagBag from /home/udhbhav/miniconda3/lib/python3.11/site-packages/airflow/example_dags/example_latest_only.py
[2025-03-27T15:32:00.404-0500] {processor.py:925} INFO - DAG(s) 'latest_only' retrieved from /home/udhbhav/miniconda3/lib/python3.11/site-packages/airflow/example_dags/example_latest_only.py
[2025-03-27T15:32:00.411-0500] {logging_mixin.py:190} INFO - [2025-03-27T15:32:00.411-0500] {dag.py:3239} INFO - Sync 1 DAGs
[2025-03-27T15:32:00.419-0500] {logging_mixin.py:190} INFO - [2025-03-27T15:32:00.418-0500] {dag.py:4180} INFO - Setting next_dagrun for latest_only to 2025-03-27 16:00:00+00:00, run_after=2025-03-27 20:00:00+00:00
[2025-03-27T15:32:00.561-0500] {processor.py:208} INFO - Processing /home/udhbhav/miniconda3/lib/python3.11/site-packages/airflow/example_dags/example_latest_only.py took 0.165 seconds
[2025-03-27T15:33:12.043-0500] {processor.py:186} INFO - Started process (PID=1814923) to work on /home/udhbhav/miniconda3/lib/python3.11/site-packages/airflow/example_dags/example_latest_only.py
[2025-03-27T15:33:12.043-0500] {processor.py:914} INFO - Processing file /home/udhbhav/miniconda3/lib/python3.11/site-packages/airflow/example_dags/example_latest_only.py for tasks to queue
[2025-03-27T15:33:12.044-0500] {logging_mixin.py:190} INFO - [2025-03-27T15:33:12.044-0500] {dagbag.py:588} INFO - Filling up the DagBag from /home/udhbhav/miniconda3/lib/python3.11/site-packages/airflow/example_dags/example_latest_only.py
[2025-03-27T15:33:12.048-0500] {processor.py:925} INFO - DAG(s) 'latest_only' retrieved from /home/udhbhav/miniconda3/lib/python3.11/site-packages/airflow/example_dags/example_latest_only.py
[2025-03-27T15:33:12.055-0500] {logging_mixin.py:190} INFO - [2025-03-27T15:33:12.055-0500] {dag.py:3239} INFO - Sync 1 DAGs
[2025-03-27T15:33:12.063-0500] {logging_mixin.py:190} INFO - [2025-03-27T15:33:12.063-0500] {dag.py:4180} INFO - Setting next_dagrun for latest_only to 2025-03-27 16:00:00+00:00, run_after=2025-03-27 20:00:00+00:00
[2025-03-27T15:33:12.183-0500] {processor.py:208} INFO - Processing /home/udhbhav/miniconda3/lib/python3.11/site-packages/airflow/example_dags/example_latest_only.py took 0.143 seconds
[2025-03-27T15:34:18.578-0500] {processor.py:186} INFO - Started process (PID=1815589) to work on /home/udhbhav/miniconda3/lib/python3.11/site-packages/airflow/example_dags/example_latest_only.py
[2025-03-27T15:34:18.578-0500] {processor.py:914} INFO - Processing file /home/udhbhav/miniconda3/lib/python3.11/site-packages/airflow/example_dags/example_latest_only.py for tasks to queue
[2025-03-27T15:34:18.579-0500] {logging_mixin.py:190} INFO - [2025-03-27T15:34:18.579-0500] {dagbag.py:588} INFO - Filling up the DagBag from /home/udhbhav/miniconda3/lib/python3.11/site-packages/airflow/example_dags/example_latest_only.py
[2025-03-27T15:34:18.583-0500] {processor.py:925} INFO - DAG(s) 'latest_only' retrieved from /home/udhbhav/miniconda3/lib/python3.11/site-packages/airflow/example_dags/example_latest_only.py
[2025-03-27T15:34:18.590-0500] {logging_mixin.py:190} INFO - [2025-03-27T15:34:18.590-0500] {dag.py:3239} INFO - Sync 1 DAGs
[2025-03-27T15:34:18.598-0500] {logging_mixin.py:190} INFO - [2025-03-27T15:34:18.598-0500] {dag.py:4180} INFO - Setting next_dagrun for latest_only to 2025-03-27 16:00:00+00:00, run_after=2025-03-27 20:00:00+00:00
[2025-03-27T15:34:18.704-0500] {processor.py:208} INFO - Processing /home/udhbhav/miniconda3/lib/python3.11/site-packages/airflow/example_dags/example_latest_only.py took 0.129 seconds
[2025-03-27T15:35:24.516-0500] {processor.py:186} INFO - Started process (PID=1816240) to work on /home/udhbhav/miniconda3/lib/python3.11/site-packages/airflow/example_dags/example_latest_only.py
[2025-03-27T15:35:24.516-0500] {processor.py:914} INFO - Processing file /home/udhbhav/miniconda3/lib/python3.11/site-packages/airflow/example_dags/example_latest_only.py for tasks to queue
[2025-03-27T15:35:24.517-0500] {logging_mixin.py:190} INFO - [2025-03-27T15:35:24.517-0500] {dagbag.py:588} INFO - Filling up the DagBag from /home/udhbhav/miniconda3/lib/python3.11/site-packages/airflow/example_dags/example_latest_only.py
[2025-03-27T15:35:24.521-0500] {processor.py:925} INFO - DAG(s) 'latest_only' retrieved from /home/udhbhav/miniconda3/lib/python3.11/site-packages/airflow/example_dags/example_latest_only.py
[2025-03-27T15:35:24.529-0500] {logging_mixin.py:190} INFO - [2025-03-27T15:35:24.528-0500] {dag.py:3239} INFO - Sync 1 DAGs
[2025-03-27T15:35:24.536-0500] {logging_mixin.py:190} INFO - [2025-03-27T15:35:24.536-0500] {dag.py:4180} INFO - Setting next_dagrun for latest_only to 2025-03-27 16:00:00+00:00, run_after=2025-03-27 20:00:00+00:00
[2025-03-27T15:35:24.828-0500] {processor.py:208} INFO - Processing /home/udhbhav/miniconda3/lib/python3.11/site-packages/airflow/example_dags/example_latest_only.py took 0.315 seconds
