[2025-03-27T14:27:13.358-0500] {processor.py:186} INFO - Started process (PID=1763644) to work on /home/udhbhav/miniconda3/lib/python3.11/site-packages/airflow/example_dags/example_time_delta_sensor_async.py
[2025-03-27T14:27:13.359-0500] {processor.py:914} INFO - Processing file /home/udhbhav/miniconda3/lib/python3.11/site-packages/airflow/example_dags/example_time_delta_sensor_async.py for tasks to queue
[2025-03-27T14:27:13.360-0500] {logging_mixin.py:190} INFO - [2025-03-27T14:27:13.360-0500] {dagbag.py:588} INFO - Filling up the DagBag from /home/udhbhav/miniconda3/lib/python3.11/site-packages/airflow/example_dags/example_time_delta_sensor_async.py
[2025-03-27T14:27:13.364-0500] {processor.py:925} INFO - DAG(s) 'example_time_delta_sensor_async' retrieved from /home/udhbhav/miniconda3/lib/python3.11/site-packages/airflow/example_dags/example_time_delta_sensor_async.py
[2025-03-27T14:27:13.648-0500] {logging_mixin.py:190} INFO - [2025-03-27T14:27:13.648-0500] {override.py:1912} INFO - Created Permission View: can read on DAG:example_time_delta_sensor_async
[2025-03-27T14:27:13.770-0500] {logging_mixin.py:190} INFO - [2025-03-27T14:27:13.770-0500] {override.py:1912} INFO - Created Permission View: can edit on DAG:example_time_delta_sensor_async
[2025-03-27T14:27:13.891-0500] {logging_mixin.py:190} INFO - [2025-03-27T14:27:13.891-0500] {override.py:1912} INFO - Created Permission View: can delete on DAG:example_time_delta_sensor_async
[2025-03-27T14:27:14.110-0500] {logging_mixin.py:190} INFO - [2025-03-27T14:27:14.110-0500] {override.py:1912} INFO - Created Permission View: can read on DAG Run:example_time_delta_sensor_async
[2025-03-27T14:27:14.232-0500] {logging_mixin.py:190} INFO - [2025-03-27T14:27:14.232-0500] {override.py:1912} INFO - Created Permission View: menu access on DAG Run:example_time_delta_sensor_async
[2025-03-27T14:27:14.364-0500] {logging_mixin.py:190} INFO - [2025-03-27T14:27:14.363-0500] {override.py:1912} INFO - Created Permission View: can create on DAG Run:example_time_delta_sensor_async
[2025-03-27T14:27:14.484-0500] {logging_mixin.py:190} INFO - [2025-03-27T14:27:14.484-0500] {override.py:1912} INFO - Created Permission View: can delete on DAG Run:example_time_delta_sensor_async
[2025-03-27T14:27:14.484-0500] {logging_mixin.py:190} INFO - [2025-03-27T14:27:14.484-0500] {dag.py:3239} INFO - Sync 1 DAGs
[2025-03-27T14:27:14.489-0500] {logging_mixin.py:190} INFO - [2025-03-27T14:27:14.489-0500] {dag.py:3262} INFO - Creating ORM DAG for example_time_delta_sensor_async
[2025-03-27T14:27:14.490-0500] {logging_mixin.py:190} INFO - [2025-03-27T14:27:14.490-0500] {dag.py:4180} INFO - Setting next_dagrun for example_time_delta_sensor_async to None, run_after=None
[2025-03-27T14:27:14.617-0500] {processor.py:208} INFO - Processing /home/udhbhav/miniconda3/lib/python3.11/site-packages/airflow/example_dags/example_time_delta_sensor_async.py took 1.262 seconds
[2025-03-27T14:28:50.945-0500] {processor.py:186} INFO - Started process (PID=1764629) to work on /home/udhbhav/miniconda3/lib/python3.11/site-packages/airflow/example_dags/example_time_delta_sensor_async.py
[2025-03-27T14:28:50.946-0500] {processor.py:914} INFO - Processing file /home/udhbhav/miniconda3/lib/python3.11/site-packages/airflow/example_dags/example_time_delta_sensor_async.py for tasks to queue
[2025-03-27T14:28:50.947-0500] {logging_mixin.py:190} INFO - [2025-03-27T14:28:50.947-0500] {dagbag.py:588} INFO - Filling up the DagBag from /home/udhbhav/miniconda3/lib/python3.11/site-packages/airflow/example_dags/example_time_delta_sensor_async.py
[2025-03-27T14:28:50.954-0500] {processor.py:925} INFO - DAG(s) 'example_time_delta_sensor_async' retrieved from /home/udhbhav/miniconda3/lib/python3.11/site-packages/airflow/example_dags/example_time_delta_sensor_async.py
[2025-03-27T14:28:50.961-0500] {logging_mixin.py:190} INFO - [2025-03-27T14:28:50.961-0500] {dag.py:3239} INFO - Sync 1 DAGs
[2025-03-27T14:28:50.967-0500] {logging_mixin.py:190} INFO - [2025-03-27T14:28:50.967-0500] {dag.py:4180} INFO - Setting next_dagrun for example_time_delta_sensor_async to None, run_after=None
[2025-03-27T14:28:51.244-0500] {processor.py:208} INFO - Processing /home/udhbhav/miniconda3/lib/python3.11/site-packages/airflow/example_dags/example_time_delta_sensor_async.py took 0.302 seconds
[2025-03-27T14:35:59.709-0500] {processor.py:186} INFO - Started process (PID=1768761) to work on /home/udhbhav/miniconda3/lib/python3.11/site-packages/airflow/example_dags/example_time_delta_sensor_async.py
[2025-03-27T14:35:59.709-0500] {processor.py:914} INFO - Processing file /home/udhbhav/miniconda3/lib/python3.11/site-packages/airflow/example_dags/example_time_delta_sensor_async.py for tasks to queue
[2025-03-27T14:35:59.711-0500] {logging_mixin.py:190} INFO - [2025-03-27T14:35:59.711-0500] {dagbag.py:588} INFO - Filling up the DagBag from /home/udhbhav/miniconda3/lib/python3.11/site-packages/airflow/example_dags/example_time_delta_sensor_async.py
[2025-03-27T14:35:59.714-0500] {processor.py:925} INFO - DAG(s) 'example_time_delta_sensor_async' retrieved from /home/udhbhav/miniconda3/lib/python3.11/site-packages/airflow/example_dags/example_time_delta_sensor_async.py
[2025-03-27T14:35:59.722-0500] {logging_mixin.py:190} INFO - [2025-03-27T14:35:59.722-0500] {dag.py:3239} INFO - Sync 1 DAGs
[2025-03-27T14:35:59.728-0500] {logging_mixin.py:190} INFO - [2025-03-27T14:35:59.728-0500] {dag.py:4180} INFO - Setting next_dagrun for example_time_delta_sensor_async to None, run_after=None
[2025-03-27T14:35:59.857-0500] {processor.py:208} INFO - Processing /home/udhbhav/miniconda3/lib/python3.11/site-packages/airflow/example_dags/example_time_delta_sensor_async.py took 0.151 seconds
[2025-03-27T14:37:46.890-0500] {processor.py:186} INFO - Started process (PID=1770028) to work on /home/udhbhav/miniconda3/lib/python3.11/site-packages/airflow/example_dags/example_time_delta_sensor_async.py
[2025-03-27T14:37:46.890-0500] {processor.py:914} INFO - Processing file /home/udhbhav/miniconda3/lib/python3.11/site-packages/airflow/example_dags/example_time_delta_sensor_async.py for tasks to queue
[2025-03-27T14:37:46.891-0500] {logging_mixin.py:190} INFO - [2025-03-27T14:37:46.891-0500] {dagbag.py:588} INFO - Filling up the DagBag from /home/udhbhav/miniconda3/lib/python3.11/site-packages/airflow/example_dags/example_time_delta_sensor_async.py
[2025-03-27T14:37:46.895-0500] {processor.py:925} INFO - DAG(s) 'example_time_delta_sensor_async' retrieved from /home/udhbhav/miniconda3/lib/python3.11/site-packages/airflow/example_dags/example_time_delta_sensor_async.py
[2025-03-27T14:37:46.903-0500] {logging_mixin.py:190} INFO - [2025-03-27T14:37:46.903-0500] {dag.py:3239} INFO - Sync 1 DAGs
[2025-03-27T14:37:46.962-0500] {logging_mixin.py:190} INFO - [2025-03-27T14:37:46.962-0500] {dag.py:4180} INFO - Setting next_dagrun for example_time_delta_sensor_async to None, run_after=None
[2025-03-27T14:37:47.092-0500] {processor.py:208} INFO - Processing /home/udhbhav/miniconda3/lib/python3.11/site-packages/airflow/example_dags/example_time_delta_sensor_async.py took 0.205 seconds
[2025-03-27T14:39:01.456-0500] {processor.py:186} INFO - Started process (PID=1770935) to work on /home/udhbhav/miniconda3/lib/python3.11/site-packages/airflow/example_dags/example_time_delta_sensor_async.py
[2025-03-27T14:39:01.457-0500] {processor.py:914} INFO - Processing file /home/udhbhav/miniconda3/lib/python3.11/site-packages/airflow/example_dags/example_time_delta_sensor_async.py for tasks to queue
[2025-03-27T14:39:01.458-0500] {logging_mixin.py:190} INFO - [2025-03-27T14:39:01.458-0500] {dagbag.py:588} INFO - Filling up the DagBag from /home/udhbhav/miniconda3/lib/python3.11/site-packages/airflow/example_dags/example_time_delta_sensor_async.py
[2025-03-27T14:39:01.461-0500] {processor.py:925} INFO - DAG(s) 'example_time_delta_sensor_async' retrieved from /home/udhbhav/miniconda3/lib/python3.11/site-packages/airflow/example_dags/example_time_delta_sensor_async.py
[2025-03-27T14:39:01.469-0500] {logging_mixin.py:190} INFO - [2025-03-27T14:39:01.468-0500] {dag.py:3239} INFO - Sync 1 DAGs
[2025-03-27T14:39:01.474-0500] {logging_mixin.py:190} INFO - [2025-03-27T14:39:01.473-0500] {dag.py:4180} INFO - Setting next_dagrun for example_time_delta_sensor_async to None, run_after=None
[2025-03-27T14:39:01.671-0500] {processor.py:208} INFO - Processing /home/udhbhav/miniconda3/lib/python3.11/site-packages/airflow/example_dags/example_time_delta_sensor_async.py took 0.217 seconds
[2025-03-27T14:40:28.988-0500] {processor.py:186} INFO - Started process (PID=1771685) to work on /home/udhbhav/miniconda3/lib/python3.11/site-packages/airflow/example_dags/example_time_delta_sensor_async.py
[2025-03-27T14:40:28.988-0500] {processor.py:914} INFO - Processing file /home/udhbhav/miniconda3/lib/python3.11/site-packages/airflow/example_dags/example_time_delta_sensor_async.py for tasks to queue
[2025-03-27T14:40:28.990-0500] {logging_mixin.py:190} INFO - [2025-03-27T14:40:28.990-0500] {dagbag.py:588} INFO - Filling up the DagBag from /home/udhbhav/miniconda3/lib/python3.11/site-packages/airflow/example_dags/example_time_delta_sensor_async.py
[2025-03-27T14:40:28.993-0500] {processor.py:925} INFO - DAG(s) 'example_time_delta_sensor_async' retrieved from /home/udhbhav/miniconda3/lib/python3.11/site-packages/airflow/example_dags/example_time_delta_sensor_async.py
[2025-03-27T14:40:29.000-0500] {logging_mixin.py:190} INFO - [2025-03-27T14:40:29.000-0500] {dag.py:3239} INFO - Sync 1 DAGs
[2025-03-27T14:40:29.005-0500] {logging_mixin.py:190} INFO - [2025-03-27T14:40:29.005-0500] {dag.py:4180} INFO - Setting next_dagrun for example_time_delta_sensor_async to None, run_after=None
[2025-03-27T14:40:29.142-0500] {processor.py:208} INFO - Processing /home/udhbhav/miniconda3/lib/python3.11/site-packages/airflow/example_dags/example_time_delta_sensor_async.py took 0.156 seconds
[2025-03-27T14:41:58.579-0500] {processor.py:186} INFO - Started process (PID=1772949) to work on /home/udhbhav/miniconda3/lib/python3.11/site-packages/airflow/example_dags/example_time_delta_sensor_async.py
[2025-03-27T14:41:58.580-0500] {processor.py:914} INFO - Processing file /home/udhbhav/miniconda3/lib/python3.11/site-packages/airflow/example_dags/example_time_delta_sensor_async.py for tasks to queue
[2025-03-27T14:41:58.581-0500] {logging_mixin.py:190} INFO - [2025-03-27T14:41:58.581-0500] {dagbag.py:588} INFO - Filling up the DagBag from /home/udhbhav/miniconda3/lib/python3.11/site-packages/airflow/example_dags/example_time_delta_sensor_async.py
[2025-03-27T14:41:58.584-0500] {processor.py:925} INFO - DAG(s) 'example_time_delta_sensor_async' retrieved from /home/udhbhav/miniconda3/lib/python3.11/site-packages/airflow/example_dags/example_time_delta_sensor_async.py
[2025-03-27T14:41:58.591-0500] {logging_mixin.py:190} INFO - [2025-03-27T14:41:58.591-0500] {dag.py:3239} INFO - Sync 1 DAGs
[2025-03-27T14:41:58.596-0500] {logging_mixin.py:190} INFO - [2025-03-27T14:41:58.596-0500] {dag.py:4180} INFO - Setting next_dagrun for example_time_delta_sensor_async to None, run_after=None
[2025-03-27T14:41:58.726-0500] {processor.py:208} INFO - Processing /home/udhbhav/miniconda3/lib/python3.11/site-packages/airflow/example_dags/example_time_delta_sensor_async.py took 0.149 seconds
[2025-03-27T14:43:04.459-0500] {processor.py:186} INFO - Started process (PID=1773572) to work on /home/udhbhav/miniconda3/lib/python3.11/site-packages/airflow/example_dags/example_time_delta_sensor_async.py
[2025-03-27T14:43:04.460-0500] {processor.py:914} INFO - Processing file /home/udhbhav/miniconda3/lib/python3.11/site-packages/airflow/example_dags/example_time_delta_sensor_async.py for tasks to queue
[2025-03-27T14:43:04.461-0500] {logging_mixin.py:190} INFO - [2025-03-27T14:43:04.461-0500] {dagbag.py:588} INFO - Filling up the DagBag from /home/udhbhav/miniconda3/lib/python3.11/site-packages/airflow/example_dags/example_time_delta_sensor_async.py
[2025-03-27T14:43:04.464-0500] {processor.py:925} INFO - DAG(s) 'example_time_delta_sensor_async' retrieved from /home/udhbhav/miniconda3/lib/python3.11/site-packages/airflow/example_dags/example_time_delta_sensor_async.py
[2025-03-27T14:43:04.471-0500] {logging_mixin.py:190} INFO - [2025-03-27T14:43:04.471-0500] {dag.py:3239} INFO - Sync 1 DAGs
[2025-03-27T14:43:04.476-0500] {logging_mixin.py:190} INFO - [2025-03-27T14:43:04.476-0500] {dag.py:4180} INFO - Setting next_dagrun for example_time_delta_sensor_async to None, run_after=None
[2025-03-27T14:43:04.679-0500] {processor.py:208} INFO - Processing /home/udhbhav/miniconda3/lib/python3.11/site-packages/airflow/example_dags/example_time_delta_sensor_async.py took 0.222 seconds
[2025-03-27T14:44:19.217-0500] {processor.py:186} INFO - Started process (PID=1774425) to work on /home/udhbhav/miniconda3/lib/python3.11/site-packages/airflow/example_dags/example_time_delta_sensor_async.py
[2025-03-27T14:44:19.217-0500] {processor.py:914} INFO - Processing file /home/udhbhav/miniconda3/lib/python3.11/site-packages/airflow/example_dags/example_time_delta_sensor_async.py for tasks to queue
[2025-03-27T14:44:19.219-0500] {logging_mixin.py:190} INFO - [2025-03-27T14:44:19.219-0500] {dagbag.py:588} INFO - Filling up the DagBag from /home/udhbhav/miniconda3/lib/python3.11/site-packages/airflow/example_dags/example_time_delta_sensor_async.py
[2025-03-27T14:44:19.222-0500] {processor.py:925} INFO - DAG(s) 'example_time_delta_sensor_async' retrieved from /home/udhbhav/miniconda3/lib/python3.11/site-packages/airflow/example_dags/example_time_delta_sensor_async.py
[2025-03-27T14:44:19.229-0500] {logging_mixin.py:190} INFO - [2025-03-27T14:44:19.229-0500] {dag.py:3239} INFO - Sync 1 DAGs
[2025-03-27T14:44:19.234-0500] {logging_mixin.py:190} INFO - [2025-03-27T14:44:19.234-0500] {dag.py:4180} INFO - Setting next_dagrun for example_time_delta_sensor_async to None, run_after=None
[2025-03-27T14:44:19.364-0500] {processor.py:208} INFO - Processing /home/udhbhav/miniconda3/lib/python3.11/site-packages/airflow/example_dags/example_time_delta_sensor_async.py took 0.150 seconds
[2025-03-27T14:45:25.802-0500] {processor.py:186} INFO - Started process (PID=1775095) to work on /home/udhbhav/miniconda3/lib/python3.11/site-packages/airflow/example_dags/example_time_delta_sensor_async.py
[2025-03-27T14:45:25.802-0500] {processor.py:914} INFO - Processing file /home/udhbhav/miniconda3/lib/python3.11/site-packages/airflow/example_dags/example_time_delta_sensor_async.py for tasks to queue
[2025-03-27T14:45:25.803-0500] {logging_mixin.py:190} INFO - [2025-03-27T14:45:25.803-0500] {dagbag.py:588} INFO - Filling up the DagBag from /home/udhbhav/miniconda3/lib/python3.11/site-packages/airflow/example_dags/example_time_delta_sensor_async.py
[2025-03-27T14:45:25.807-0500] {processor.py:925} INFO - DAG(s) 'example_time_delta_sensor_async' retrieved from /home/udhbhav/miniconda3/lib/python3.11/site-packages/airflow/example_dags/example_time_delta_sensor_async.py
[2025-03-27T14:45:25.814-0500] {logging_mixin.py:190} INFO - [2025-03-27T14:45:25.813-0500] {dag.py:3239} INFO - Sync 1 DAGs
[2025-03-27T14:45:25.819-0500] {logging_mixin.py:190} INFO - [2025-03-27T14:45:25.818-0500] {dag.py:4180} INFO - Setting next_dagrun for example_time_delta_sensor_async to None, run_after=None
[2025-03-27T14:45:26.082-0500] {processor.py:208} INFO - Processing /home/udhbhav/miniconda3/lib/python3.11/site-packages/airflow/example_dags/example_time_delta_sensor_async.py took 0.284 seconds
[2025-03-27T14:47:02.768-0500] {processor.py:186} INFO - Started process (PID=1776057) to work on /home/udhbhav/miniconda3/lib/python3.11/site-packages/airflow/example_dags/example_time_delta_sensor_async.py
[2025-03-27T14:47:02.769-0500] {processor.py:914} INFO - Processing file /home/udhbhav/miniconda3/lib/python3.11/site-packages/airflow/example_dags/example_time_delta_sensor_async.py for tasks to queue
[2025-03-27T14:47:02.770-0500] {logging_mixin.py:190} INFO - [2025-03-27T14:47:02.770-0500] {dagbag.py:588} INFO - Filling up the DagBag from /home/udhbhav/miniconda3/lib/python3.11/site-packages/airflow/example_dags/example_time_delta_sensor_async.py
[2025-03-27T14:47:02.774-0500] {processor.py:925} INFO - DAG(s) 'example_time_delta_sensor_async' retrieved from /home/udhbhav/miniconda3/lib/python3.11/site-packages/airflow/example_dags/example_time_delta_sensor_async.py
[2025-03-27T14:47:02.781-0500] {logging_mixin.py:190} INFO - [2025-03-27T14:47:02.780-0500] {dag.py:3239} INFO - Sync 1 DAGs
[2025-03-27T14:47:02.786-0500] {logging_mixin.py:190} INFO - [2025-03-27T14:47:02.786-0500] {dag.py:4180} INFO - Setting next_dagrun for example_time_delta_sensor_async to None, run_after=None
[2025-03-27T14:47:02.925-0500] {processor.py:208} INFO - Processing /home/udhbhav/miniconda3/lib/python3.11/site-packages/airflow/example_dags/example_time_delta_sensor_async.py took 0.159 seconds
[2025-03-27T14:48:18.562-0500] {processor.py:186} INFO - Started process (PID=1776726) to work on /home/udhbhav/miniconda3/lib/python3.11/site-packages/airflow/example_dags/example_time_delta_sensor_async.py
[2025-03-27T14:48:18.562-0500] {processor.py:914} INFO - Processing file /home/udhbhav/miniconda3/lib/python3.11/site-packages/airflow/example_dags/example_time_delta_sensor_async.py for tasks to queue
[2025-03-27T14:48:18.564-0500] {logging_mixin.py:190} INFO - [2025-03-27T14:48:18.563-0500] {dagbag.py:588} INFO - Filling up the DagBag from /home/udhbhav/miniconda3/lib/python3.11/site-packages/airflow/example_dags/example_time_delta_sensor_async.py
[2025-03-27T14:48:18.567-0500] {processor.py:925} INFO - DAG(s) 'example_time_delta_sensor_async' retrieved from /home/udhbhav/miniconda3/lib/python3.11/site-packages/airflow/example_dags/example_time_delta_sensor_async.py
[2025-03-27T14:48:18.574-0500] {logging_mixin.py:190} INFO - [2025-03-27T14:48:18.574-0500] {dag.py:3239} INFO - Sync 1 DAGs
[2025-03-27T14:48:18.579-0500] {logging_mixin.py:190} INFO - [2025-03-27T14:48:18.579-0500] {dag.py:4180} INFO - Setting next_dagrun for example_time_delta_sensor_async to None, run_after=None
[2025-03-27T14:48:19.481-0500] {processor.py:208} INFO - Processing /home/udhbhav/miniconda3/lib/python3.11/site-packages/airflow/example_dags/example_time_delta_sensor_async.py took 0.922 seconds
[2025-03-27T14:49:45.039-0500] {processor.py:186} INFO - Started process (PID=1777626) to work on /home/udhbhav/miniconda3/lib/python3.11/site-packages/airflow/example_dags/example_time_delta_sensor_async.py
[2025-03-27T14:49:45.040-0500] {processor.py:914} INFO - Processing file /home/udhbhav/miniconda3/lib/python3.11/site-packages/airflow/example_dags/example_time_delta_sensor_async.py for tasks to queue
[2025-03-27T14:49:45.041-0500] {logging_mixin.py:190} INFO - [2025-03-27T14:49:45.041-0500] {dagbag.py:588} INFO - Filling up the DagBag from /home/udhbhav/miniconda3/lib/python3.11/site-packages/airflow/example_dags/example_time_delta_sensor_async.py
[2025-03-27T14:49:45.044-0500] {processor.py:925} INFO - DAG(s) 'example_time_delta_sensor_async' retrieved from /home/udhbhav/miniconda3/lib/python3.11/site-packages/airflow/example_dags/example_time_delta_sensor_async.py
[2025-03-27T14:49:45.051-0500] {logging_mixin.py:190} INFO - [2025-03-27T14:49:45.051-0500] {dag.py:3239} INFO - Sync 1 DAGs
[2025-03-27T14:49:45.056-0500] {logging_mixin.py:190} INFO - [2025-03-27T14:49:45.056-0500] {dag.py:4180} INFO - Setting next_dagrun for example_time_delta_sensor_async to None, run_after=None
[2025-03-27T14:49:45.468-0500] {processor.py:208} INFO - Processing /home/udhbhav/miniconda3/lib/python3.11/site-packages/airflow/example_dags/example_time_delta_sensor_async.py took 0.431 seconds
[2025-03-27T14:51:02.913-0500] {processor.py:186} INFO - Started process (PID=1781087) to work on /home/udhbhav/miniconda3/lib/python3.11/site-packages/airflow/example_dags/example_time_delta_sensor_async.py
[2025-03-27T14:51:02.914-0500] {processor.py:914} INFO - Processing file /home/udhbhav/miniconda3/lib/python3.11/site-packages/airflow/example_dags/example_time_delta_sensor_async.py for tasks to queue
[2025-03-27T14:51:02.916-0500] {logging_mixin.py:190} INFO - [2025-03-27T14:51:02.916-0500] {dagbag.py:588} INFO - Filling up the DagBag from /home/udhbhav/miniconda3/lib/python3.11/site-packages/airflow/example_dags/example_time_delta_sensor_async.py
[2025-03-27T14:51:02.920-0500] {processor.py:925} INFO - DAG(s) 'example_time_delta_sensor_async' retrieved from /home/udhbhav/miniconda3/lib/python3.11/site-packages/airflow/example_dags/example_time_delta_sensor_async.py
[2025-03-27T14:51:02.928-0500] {logging_mixin.py:190} INFO - [2025-03-27T14:51:02.928-0500] {dag.py:3239} INFO - Sync 1 DAGs
[2025-03-27T14:51:02.934-0500] {logging_mixin.py:190} INFO - [2025-03-27T14:51:02.934-0500] {dag.py:4180} INFO - Setting next_dagrun for example_time_delta_sensor_async to None, run_after=None
[2025-03-27T14:51:03.068-0500] {processor.py:208} INFO - Processing /home/udhbhav/miniconda3/lib/python3.11/site-packages/airflow/example_dags/example_time_delta_sensor_async.py took 0.158 seconds
[2025-03-27T14:52:09.482-0500] {processor.py:186} INFO - Started process (PID=1783819) to work on /home/udhbhav/miniconda3/lib/python3.11/site-packages/airflow/example_dags/example_time_delta_sensor_async.py
[2025-03-27T14:52:09.483-0500] {processor.py:914} INFO - Processing file /home/udhbhav/miniconda3/lib/python3.11/site-packages/airflow/example_dags/example_time_delta_sensor_async.py for tasks to queue
[2025-03-27T14:52:09.484-0500] {logging_mixin.py:190} INFO - [2025-03-27T14:52:09.483-0500] {dagbag.py:588} INFO - Filling up the DagBag from /home/udhbhav/miniconda3/lib/python3.11/site-packages/airflow/example_dags/example_time_delta_sensor_async.py
[2025-03-27T14:52:09.487-0500] {processor.py:925} INFO - DAG(s) 'example_time_delta_sensor_async' retrieved from /home/udhbhav/miniconda3/lib/python3.11/site-packages/airflow/example_dags/example_time_delta_sensor_async.py
[2025-03-27T14:52:09.494-0500] {logging_mixin.py:190} INFO - [2025-03-27T14:52:09.494-0500] {dag.py:3239} INFO - Sync 1 DAGs
[2025-03-27T14:52:09.500-0500] {logging_mixin.py:190} INFO - [2025-03-27T14:52:09.500-0500] {dag.py:4180} INFO - Setting next_dagrun for example_time_delta_sensor_async to None, run_after=None
[2025-03-27T14:52:09.633-0500] {processor.py:208} INFO - Processing /home/udhbhav/miniconda3/lib/python3.11/site-packages/airflow/example_dags/example_time_delta_sensor_async.py took 0.153 seconds
[2025-03-27T14:53:19.281-0500] {processor.py:186} INFO - Started process (PID=1784543) to work on /home/udhbhav/miniconda3/lib/python3.11/site-packages/airflow/example_dags/example_time_delta_sensor_async.py
[2025-03-27T14:53:19.282-0500] {processor.py:914} INFO - Processing file /home/udhbhav/miniconda3/lib/python3.11/site-packages/airflow/example_dags/example_time_delta_sensor_async.py for tasks to queue
[2025-03-27T14:53:19.283-0500] {logging_mixin.py:190} INFO - [2025-03-27T14:53:19.283-0500] {dagbag.py:588} INFO - Filling up the DagBag from /home/udhbhav/miniconda3/lib/python3.11/site-packages/airflow/example_dags/example_time_delta_sensor_async.py
[2025-03-27T14:53:19.286-0500] {processor.py:925} INFO - DAG(s) 'example_time_delta_sensor_async' retrieved from /home/udhbhav/miniconda3/lib/python3.11/site-packages/airflow/example_dags/example_time_delta_sensor_async.py
[2025-03-27T14:53:19.293-0500] {logging_mixin.py:190} INFO - [2025-03-27T14:53:19.293-0500] {dag.py:3239} INFO - Sync 1 DAGs
[2025-03-27T14:53:19.298-0500] {logging_mixin.py:190} INFO - [2025-03-27T14:53:19.298-0500] {dag.py:4180} INFO - Setting next_dagrun for example_time_delta_sensor_async to None, run_after=None
[2025-03-27T14:53:19.430-0500] {processor.py:208} INFO - Processing /home/udhbhav/miniconda3/lib/python3.11/site-packages/airflow/example_dags/example_time_delta_sensor_async.py took 0.152 seconds
[2025-03-27T14:54:27.648-0500] {processor.py:186} INFO - Started process (PID=1785178) to work on /home/udhbhav/miniconda3/lib/python3.11/site-packages/airflow/example_dags/example_time_delta_sensor_async.py
[2025-03-27T14:54:27.648-0500] {processor.py:914} INFO - Processing file /home/udhbhav/miniconda3/lib/python3.11/site-packages/airflow/example_dags/example_time_delta_sensor_async.py for tasks to queue
[2025-03-27T14:54:27.650-0500] {logging_mixin.py:190} INFO - [2025-03-27T14:54:27.650-0500] {dagbag.py:588} INFO - Filling up the DagBag from /home/udhbhav/miniconda3/lib/python3.11/site-packages/airflow/example_dags/example_time_delta_sensor_async.py
[2025-03-27T14:54:27.653-0500] {processor.py:925} INFO - DAG(s) 'example_time_delta_sensor_async' retrieved from /home/udhbhav/miniconda3/lib/python3.11/site-packages/airflow/example_dags/example_time_delta_sensor_async.py
[2025-03-27T14:54:27.660-0500] {logging_mixin.py:190} INFO - [2025-03-27T14:54:27.660-0500] {dag.py:3239} INFO - Sync 1 DAGs
[2025-03-27T14:54:27.665-0500] {logging_mixin.py:190} INFO - [2025-03-27T14:54:27.665-0500] {dag.py:4180} INFO - Setting next_dagrun for example_time_delta_sensor_async to None, run_after=None
[2025-03-27T14:54:27.900-0500] {processor.py:208} INFO - Processing /home/udhbhav/miniconda3/lib/python3.11/site-packages/airflow/example_dags/example_time_delta_sensor_async.py took 0.254 seconds
[2025-03-27T14:55:29.568-0500] {processor.py:186} INFO - Started process (PID=1785795) to work on /home/udhbhav/miniconda3/lib/python3.11/site-packages/airflow/example_dags/example_time_delta_sensor_async.py
[2025-03-27T14:55:29.568-0500] {processor.py:914} INFO - Processing file /home/udhbhav/miniconda3/lib/python3.11/site-packages/airflow/example_dags/example_time_delta_sensor_async.py for tasks to queue
[2025-03-27T14:55:29.570-0500] {logging_mixin.py:190} INFO - [2025-03-27T14:55:29.569-0500] {dagbag.py:588} INFO - Filling up the DagBag from /home/udhbhav/miniconda3/lib/python3.11/site-packages/airflow/example_dags/example_time_delta_sensor_async.py
[2025-03-27T14:55:29.573-0500] {processor.py:925} INFO - DAG(s) 'example_time_delta_sensor_async' retrieved from /home/udhbhav/miniconda3/lib/python3.11/site-packages/airflow/example_dags/example_time_delta_sensor_async.py
[2025-03-27T14:55:29.580-0500] {logging_mixin.py:190} INFO - [2025-03-27T14:55:29.580-0500] {dag.py:3239} INFO - Sync 1 DAGs
[2025-03-27T14:55:29.586-0500] {logging_mixin.py:190} INFO - [2025-03-27T14:55:29.586-0500] {dag.py:4180} INFO - Setting next_dagrun for example_time_delta_sensor_async to None, run_after=None
[2025-03-27T14:55:29.825-0500] {processor.py:208} INFO - Processing /home/udhbhav/miniconda3/lib/python3.11/site-packages/airflow/example_dags/example_time_delta_sensor_async.py took 0.260 seconds
[2025-03-27T14:56:47.755-0500] {processor.py:186} INFO - Started process (PID=1786744) to work on /home/udhbhav/miniconda3/lib/python3.11/site-packages/airflow/example_dags/example_time_delta_sensor_async.py
[2025-03-27T14:56:47.756-0500] {processor.py:914} INFO - Processing file /home/udhbhav/miniconda3/lib/python3.11/site-packages/airflow/example_dags/example_time_delta_sensor_async.py for tasks to queue
[2025-03-27T14:56:47.757-0500] {logging_mixin.py:190} INFO - [2025-03-27T14:56:47.757-0500] {dagbag.py:588} INFO - Filling up the DagBag from /home/udhbhav/miniconda3/lib/python3.11/site-packages/airflow/example_dags/example_time_delta_sensor_async.py
[2025-03-27T14:56:47.761-0500] {processor.py:925} INFO - DAG(s) 'example_time_delta_sensor_async' retrieved from /home/udhbhav/miniconda3/lib/python3.11/site-packages/airflow/example_dags/example_time_delta_sensor_async.py
[2025-03-27T14:56:47.768-0500] {logging_mixin.py:190} INFO - [2025-03-27T14:56:47.768-0500] {dag.py:3239} INFO - Sync 1 DAGs
[2025-03-27T14:56:47.773-0500] {logging_mixin.py:190} INFO - [2025-03-27T14:56:47.773-0500] {dag.py:4180} INFO - Setting next_dagrun for example_time_delta_sensor_async to None, run_after=None
[2025-03-27T14:56:47.989-0500] {processor.py:208} INFO - Processing /home/udhbhav/miniconda3/lib/python3.11/site-packages/airflow/example_dags/example_time_delta_sensor_async.py took 0.236 seconds
[2025-03-27T14:58:05.089-0500] {processor.py:186} INFO - Started process (PID=1787452) to work on /home/udhbhav/miniconda3/lib/python3.11/site-packages/airflow/example_dags/example_time_delta_sensor_async.py
[2025-03-27T14:58:05.089-0500] {processor.py:914} INFO - Processing file /home/udhbhav/miniconda3/lib/python3.11/site-packages/airflow/example_dags/example_time_delta_sensor_async.py for tasks to queue
[2025-03-27T14:58:05.091-0500] {logging_mixin.py:190} INFO - [2025-03-27T14:58:05.090-0500] {dagbag.py:588} INFO - Filling up the DagBag from /home/udhbhav/miniconda3/lib/python3.11/site-packages/airflow/example_dags/example_time_delta_sensor_async.py
[2025-03-27T14:58:05.094-0500] {processor.py:925} INFO - DAG(s) 'example_time_delta_sensor_async' retrieved from /home/udhbhav/miniconda3/lib/python3.11/site-packages/airflow/example_dags/example_time_delta_sensor_async.py
[2025-03-27T14:58:05.101-0500] {logging_mixin.py:190} INFO - [2025-03-27T14:58:05.101-0500] {dag.py:3239} INFO - Sync 1 DAGs
[2025-03-27T14:58:05.106-0500] {logging_mixin.py:190} INFO - [2025-03-27T14:58:05.106-0500] {dag.py:4180} INFO - Setting next_dagrun for example_time_delta_sensor_async to None, run_after=None
[2025-03-27T14:58:05.302-0500] {processor.py:208} INFO - Processing /home/udhbhav/miniconda3/lib/python3.11/site-packages/airflow/example_dags/example_time_delta_sensor_async.py took 0.216 seconds
[2025-03-27T14:59:31.692-0500] {processor.py:186} INFO - Started process (PID=1788318) to work on /home/udhbhav/miniconda3/lib/python3.11/site-packages/airflow/example_dags/example_time_delta_sensor_async.py
[2025-03-27T14:59:31.692-0500] {processor.py:914} INFO - Processing file /home/udhbhav/miniconda3/lib/python3.11/site-packages/airflow/example_dags/example_time_delta_sensor_async.py for tasks to queue
[2025-03-27T14:59:31.693-0500] {logging_mixin.py:190} INFO - [2025-03-27T14:59:31.693-0500] {dagbag.py:588} INFO - Filling up the DagBag from /home/udhbhav/miniconda3/lib/python3.11/site-packages/airflow/example_dags/example_time_delta_sensor_async.py
[2025-03-27T14:59:31.697-0500] {processor.py:925} INFO - DAG(s) 'example_time_delta_sensor_async' retrieved from /home/udhbhav/miniconda3/lib/python3.11/site-packages/airflow/example_dags/example_time_delta_sensor_async.py
[2025-03-27T14:59:31.704-0500] {logging_mixin.py:190} INFO - [2025-03-27T14:59:31.704-0500] {dag.py:3239} INFO - Sync 1 DAGs
[2025-03-27T14:59:31.709-0500] {logging_mixin.py:190} INFO - [2025-03-27T14:59:31.709-0500] {dag.py:4180} INFO - Setting next_dagrun for example_time_delta_sensor_async to None, run_after=None
[2025-03-27T14:59:32.196-0500] {processor.py:208} INFO - Processing /home/udhbhav/miniconda3/lib/python3.11/site-packages/airflow/example_dags/example_time_delta_sensor_async.py took 0.507 seconds
[2025-03-27T15:00:53.505-0500] {processor.py:186} INFO - Started process (PID=1789381) to work on /home/udhbhav/miniconda3/lib/python3.11/site-packages/airflow/example_dags/example_time_delta_sensor_async.py
[2025-03-27T15:00:53.507-0500] {processor.py:914} INFO - Processing file /home/udhbhav/miniconda3/lib/python3.11/site-packages/airflow/example_dags/example_time_delta_sensor_async.py for tasks to queue
[2025-03-27T15:00:53.513-0500] {logging_mixin.py:190} INFO - [2025-03-27T15:00:53.508-0500] {dagbag.py:588} INFO - Filling up the DagBag from /home/udhbhav/miniconda3/lib/python3.11/site-packages/airflow/example_dags/example_time_delta_sensor_async.py
[2025-03-27T15:00:53.537-0500] {processor.py:925} INFO - DAG(s) 'example_time_delta_sensor_async' retrieved from /home/udhbhav/miniconda3/lib/python3.11/site-packages/airflow/example_dags/example_time_delta_sensor_async.py
[2025-03-27T15:00:53.553-0500] {logging_mixin.py:190} INFO - [2025-03-27T15:00:53.550-0500] {dag.py:3239} INFO - Sync 1 DAGs
[2025-03-27T15:00:53.559-0500] {logging_mixin.py:190} INFO - [2025-03-27T15:00:53.559-0500] {dag.py:4180} INFO - Setting next_dagrun for example_time_delta_sensor_async to None, run_after=None
[2025-03-27T15:00:53.692-0500] {processor.py:208} INFO - Processing /home/udhbhav/miniconda3/lib/python3.11/site-packages/airflow/example_dags/example_time_delta_sensor_async.py took 0.193 seconds
[2025-03-27T15:01:55.454-0500] {processor.py:186} INFO - Started process (PID=1790118) to work on /home/udhbhav/miniconda3/lib/python3.11/site-packages/airflow/example_dags/example_time_delta_sensor_async.py
[2025-03-27T15:01:55.454-0500] {processor.py:914} INFO - Processing file /home/udhbhav/miniconda3/lib/python3.11/site-packages/airflow/example_dags/example_time_delta_sensor_async.py for tasks to queue
[2025-03-27T15:01:55.455-0500] {logging_mixin.py:190} INFO - [2025-03-27T15:01:55.455-0500] {dagbag.py:588} INFO - Filling up the DagBag from /home/udhbhav/miniconda3/lib/python3.11/site-packages/airflow/example_dags/example_time_delta_sensor_async.py
[2025-03-27T15:01:55.460-0500] {processor.py:925} INFO - DAG(s) 'example_time_delta_sensor_async' retrieved from /home/udhbhav/miniconda3/lib/python3.11/site-packages/airflow/example_dags/example_time_delta_sensor_async.py
[2025-03-27T15:01:55.467-0500] {logging_mixin.py:190} INFO - [2025-03-27T15:01:55.467-0500] {dag.py:3239} INFO - Sync 1 DAGs
[2025-03-27T15:01:55.472-0500] {logging_mixin.py:190} INFO - [2025-03-27T15:01:55.472-0500] {dag.py:4180} INFO - Setting next_dagrun for example_time_delta_sensor_async to None, run_after=None
[2025-03-27T15:01:55.605-0500] {processor.py:208} INFO - Processing /home/udhbhav/miniconda3/lib/python3.11/site-packages/airflow/example_dags/example_time_delta_sensor_async.py took 0.154 seconds
[2025-03-27T15:03:07.883-0500] {processor.py:186} INFO - Started process (PID=1790764) to work on /home/udhbhav/miniconda3/lib/python3.11/site-packages/airflow/example_dags/example_time_delta_sensor_async.py
[2025-03-27T15:03:07.884-0500] {processor.py:914} INFO - Processing file /home/udhbhav/miniconda3/lib/python3.11/site-packages/airflow/example_dags/example_time_delta_sensor_async.py for tasks to queue
[2025-03-27T15:03:07.885-0500] {logging_mixin.py:190} INFO - [2025-03-27T15:03:07.885-0500] {dagbag.py:588} INFO - Filling up the DagBag from /home/udhbhav/miniconda3/lib/python3.11/site-packages/airflow/example_dags/example_time_delta_sensor_async.py
[2025-03-27T15:03:07.888-0500] {processor.py:925} INFO - DAG(s) 'example_time_delta_sensor_async' retrieved from /home/udhbhav/miniconda3/lib/python3.11/site-packages/airflow/example_dags/example_time_delta_sensor_async.py
[2025-03-27T15:03:07.895-0500] {logging_mixin.py:190} INFO - [2025-03-27T15:03:07.895-0500] {dag.py:3239} INFO - Sync 1 DAGs
[2025-03-27T15:03:07.901-0500] {logging_mixin.py:190} INFO - [2025-03-27T15:03:07.900-0500] {dag.py:4180} INFO - Setting next_dagrun for example_time_delta_sensor_async to None, run_after=None
[2025-03-27T15:03:08.112-0500] {processor.py:208} INFO - Processing /home/udhbhav/miniconda3/lib/python3.11/site-packages/airflow/example_dags/example_time_delta_sensor_async.py took 0.232 seconds
[2025-03-27T15:04:21.836-0500] {processor.py:186} INFO - Started process (PID=1791440) to work on /home/udhbhav/miniconda3/lib/python3.11/site-packages/airflow/example_dags/example_time_delta_sensor_async.py
[2025-03-27T15:04:21.836-0500] {processor.py:914} INFO - Processing file /home/udhbhav/miniconda3/lib/python3.11/site-packages/airflow/example_dags/example_time_delta_sensor_async.py for tasks to queue
[2025-03-27T15:04:21.837-0500] {logging_mixin.py:190} INFO - [2025-03-27T15:04:21.837-0500] {dagbag.py:588} INFO - Filling up the DagBag from /home/udhbhav/miniconda3/lib/python3.11/site-packages/airflow/example_dags/example_time_delta_sensor_async.py
[2025-03-27T15:04:21.842-0500] {processor.py:925} INFO - DAG(s) 'example_time_delta_sensor_async' retrieved from /home/udhbhav/miniconda3/lib/python3.11/site-packages/airflow/example_dags/example_time_delta_sensor_async.py
[2025-03-27T15:04:21.849-0500] {logging_mixin.py:190} INFO - [2025-03-27T15:04:21.848-0500] {dag.py:3239} INFO - Sync 1 DAGs
[2025-03-27T15:04:21.854-0500] {logging_mixin.py:190} INFO - [2025-03-27T15:04:21.854-0500] {dag.py:4180} INFO - Setting next_dagrun for example_time_delta_sensor_async to None, run_after=None
[2025-03-27T15:04:22.011-0500] {processor.py:208} INFO - Processing /home/udhbhav/miniconda3/lib/python3.11/site-packages/airflow/example_dags/example_time_delta_sensor_async.py took 0.178 seconds
[2025-03-27T15:05:39.264-0500] {processor.py:186} INFO - Started process (PID=1792240) to work on /home/udhbhav/miniconda3/lib/python3.11/site-packages/airflow/example_dags/example_time_delta_sensor_async.py
[2025-03-27T15:05:39.264-0500] {processor.py:914} INFO - Processing file /home/udhbhav/miniconda3/lib/python3.11/site-packages/airflow/example_dags/example_time_delta_sensor_async.py for tasks to queue
[2025-03-27T15:05:39.266-0500] {logging_mixin.py:190} INFO - [2025-03-27T15:05:39.266-0500] {dagbag.py:588} INFO - Filling up the DagBag from /home/udhbhav/miniconda3/lib/python3.11/site-packages/airflow/example_dags/example_time_delta_sensor_async.py
[2025-03-27T15:05:39.269-0500] {processor.py:925} INFO - DAG(s) 'example_time_delta_sensor_async' retrieved from /home/udhbhav/miniconda3/lib/python3.11/site-packages/airflow/example_dags/example_time_delta_sensor_async.py
[2025-03-27T15:05:39.276-0500] {logging_mixin.py:190} INFO - [2025-03-27T15:05:39.276-0500] {dag.py:3239} INFO - Sync 1 DAGs
[2025-03-27T15:05:39.281-0500] {logging_mixin.py:190} INFO - [2025-03-27T15:05:39.281-0500] {dag.py:4180} INFO - Setting next_dagrun for example_time_delta_sensor_async to None, run_after=None
[2025-03-27T15:05:39.483-0500] {processor.py:208} INFO - Processing /home/udhbhav/miniconda3/lib/python3.11/site-packages/airflow/example_dags/example_time_delta_sensor_async.py took 0.222 seconds
[2025-03-27T15:07:12.761-0500] {processor.py:186} INFO - Started process (PID=1793164) to work on /home/udhbhav/miniconda3/lib/python3.11/site-packages/airflow/example_dags/example_time_delta_sensor_async.py
[2025-03-27T15:07:12.761-0500] {processor.py:914} INFO - Processing file /home/udhbhav/miniconda3/lib/python3.11/site-packages/airflow/example_dags/example_time_delta_sensor_async.py for tasks to queue
[2025-03-27T15:07:12.762-0500] {logging_mixin.py:190} INFO - [2025-03-27T15:07:12.762-0500] {dagbag.py:588} INFO - Filling up the DagBag from /home/udhbhav/miniconda3/lib/python3.11/site-packages/airflow/example_dags/example_time_delta_sensor_async.py
[2025-03-27T15:07:12.766-0500] {processor.py:925} INFO - DAG(s) 'example_time_delta_sensor_async' retrieved from /home/udhbhav/miniconda3/lib/python3.11/site-packages/airflow/example_dags/example_time_delta_sensor_async.py
[2025-03-27T15:07:12.773-0500] {logging_mixin.py:190} INFO - [2025-03-27T15:07:12.773-0500] {dag.py:3239} INFO - Sync 1 DAGs
[2025-03-27T15:07:12.778-0500] {logging_mixin.py:190} INFO - [2025-03-27T15:07:12.778-0500] {dag.py:4180} INFO - Setting next_dagrun for example_time_delta_sensor_async to None, run_after=None
[2025-03-27T15:07:12.993-0500] {processor.py:208} INFO - Processing /home/udhbhav/miniconda3/lib/python3.11/site-packages/airflow/example_dags/example_time_delta_sensor_async.py took 0.235 seconds
[2025-03-27T15:08:19.244-0500] {processor.py:186} INFO - Started process (PID=1793840) to work on /home/udhbhav/miniconda3/lib/python3.11/site-packages/airflow/example_dags/example_time_delta_sensor_async.py
[2025-03-27T15:08:19.245-0500] {processor.py:914} INFO - Processing file /home/udhbhav/miniconda3/lib/python3.11/site-packages/airflow/example_dags/example_time_delta_sensor_async.py for tasks to queue
[2025-03-27T15:08:19.246-0500] {logging_mixin.py:190} INFO - [2025-03-27T15:08:19.246-0500] {dagbag.py:588} INFO - Filling up the DagBag from /home/udhbhav/miniconda3/lib/python3.11/site-packages/airflow/example_dags/example_time_delta_sensor_async.py
[2025-03-27T15:08:19.249-0500] {processor.py:925} INFO - DAG(s) 'example_time_delta_sensor_async' retrieved from /home/udhbhav/miniconda3/lib/python3.11/site-packages/airflow/example_dags/example_time_delta_sensor_async.py
[2025-03-27T15:08:19.256-0500] {logging_mixin.py:190} INFO - [2025-03-27T15:08:19.256-0500] {dag.py:3239} INFO - Sync 1 DAGs
[2025-03-27T15:08:19.262-0500] {logging_mixin.py:190} INFO - [2025-03-27T15:08:19.261-0500] {dag.py:4180} INFO - Setting next_dagrun for example_time_delta_sensor_async to None, run_after=None
[2025-03-27T15:08:19.393-0500] {processor.py:208} INFO - Processing /home/udhbhav/miniconda3/lib/python3.11/site-packages/airflow/example_dags/example_time_delta_sensor_async.py took 0.152 seconds
[2025-03-27T15:09:21.874-0500] {processor.py:186} INFO - Started process (PID=1794447) to work on /home/udhbhav/miniconda3/lib/python3.11/site-packages/airflow/example_dags/example_time_delta_sensor_async.py
[2025-03-27T15:09:21.875-0500] {processor.py:914} INFO - Processing file /home/udhbhav/miniconda3/lib/python3.11/site-packages/airflow/example_dags/example_time_delta_sensor_async.py for tasks to queue
[2025-03-27T15:09:21.876-0500] {logging_mixin.py:190} INFO - [2025-03-27T15:09:21.876-0500] {dagbag.py:588} INFO - Filling up the DagBag from /home/udhbhav/miniconda3/lib/python3.11/site-packages/airflow/example_dags/example_time_delta_sensor_async.py
[2025-03-27T15:09:21.880-0500] {processor.py:925} INFO - DAG(s) 'example_time_delta_sensor_async' retrieved from /home/udhbhav/miniconda3/lib/python3.11/site-packages/airflow/example_dags/example_time_delta_sensor_async.py
[2025-03-27T15:09:21.887-0500] {logging_mixin.py:190} INFO - [2025-03-27T15:09:21.887-0500] {dag.py:3239} INFO - Sync 1 DAGs
[2025-03-27T15:09:21.892-0500] {logging_mixin.py:190} INFO - [2025-03-27T15:09:21.892-0500] {dag.py:4180} INFO - Setting next_dagrun for example_time_delta_sensor_async to None, run_after=None
[2025-03-27T15:09:22.036-0500] {processor.py:208} INFO - Processing /home/udhbhav/miniconda3/lib/python3.11/site-packages/airflow/example_dags/example_time_delta_sensor_async.py took 0.164 seconds
[2025-03-27T15:10:38.357-0500] {processor.py:186} INFO - Started process (PID=1795213) to work on /home/udhbhav/miniconda3/lib/python3.11/site-packages/airflow/example_dags/example_time_delta_sensor_async.py
[2025-03-27T15:10:38.358-0500] {processor.py:914} INFO - Processing file /home/udhbhav/miniconda3/lib/python3.11/site-packages/airflow/example_dags/example_time_delta_sensor_async.py for tasks to queue
[2025-03-27T15:10:38.359-0500] {logging_mixin.py:190} INFO - [2025-03-27T15:10:38.359-0500] {dagbag.py:588} INFO - Filling up the DagBag from /home/udhbhav/miniconda3/lib/python3.11/site-packages/airflow/example_dags/example_time_delta_sensor_async.py
[2025-03-27T15:10:38.362-0500] {processor.py:925} INFO - DAG(s) 'example_time_delta_sensor_async' retrieved from /home/udhbhav/miniconda3/lib/python3.11/site-packages/airflow/example_dags/example_time_delta_sensor_async.py
[2025-03-27T15:10:38.369-0500] {logging_mixin.py:190} INFO - [2025-03-27T15:10:38.369-0500] {dag.py:3239} INFO - Sync 1 DAGs
[2025-03-27T15:10:38.374-0500] {logging_mixin.py:190} INFO - [2025-03-27T15:10:38.374-0500] {dag.py:4180} INFO - Setting next_dagrun for example_time_delta_sensor_async to None, run_after=None
[2025-03-27T15:10:38.505-0500] {processor.py:208} INFO - Processing /home/udhbhav/miniconda3/lib/python3.11/site-packages/airflow/example_dags/example_time_delta_sensor_async.py took 0.150 seconds
[2025-03-27T15:11:44.741-0500] {processor.py:186} INFO - Started process (PID=1797499) to work on /home/udhbhav/miniconda3/lib/python3.11/site-packages/airflow/example_dags/example_time_delta_sensor_async.py
[2025-03-27T15:11:44.741-0500] {processor.py:914} INFO - Processing file /home/udhbhav/miniconda3/lib/python3.11/site-packages/airflow/example_dags/example_time_delta_sensor_async.py for tasks to queue
[2025-03-27T15:11:44.743-0500] {logging_mixin.py:190} INFO - [2025-03-27T15:11:44.743-0500] {dagbag.py:588} INFO - Filling up the DagBag from /home/udhbhav/miniconda3/lib/python3.11/site-packages/airflow/example_dags/example_time_delta_sensor_async.py
[2025-03-27T15:11:44.746-0500] {processor.py:925} INFO - DAG(s) 'example_time_delta_sensor_async' retrieved from /home/udhbhav/miniconda3/lib/python3.11/site-packages/airflow/example_dags/example_time_delta_sensor_async.py
[2025-03-27T15:11:44.753-0500] {logging_mixin.py:190} INFO - [2025-03-27T15:11:44.753-0500] {dag.py:3239} INFO - Sync 1 DAGs
[2025-03-27T15:11:44.759-0500] {logging_mixin.py:190} INFO - [2025-03-27T15:11:44.759-0500] {dag.py:4180} INFO - Setting next_dagrun for example_time_delta_sensor_async to None, run_after=None
[2025-03-27T15:11:44.891-0500] {processor.py:208} INFO - Processing /home/udhbhav/miniconda3/lib/python3.11/site-packages/airflow/example_dags/example_time_delta_sensor_async.py took 0.153 seconds
[2025-03-27T15:12:57.597-0500] {processor.py:186} INFO - Started process (PID=1798212) to work on /home/udhbhav/miniconda3/lib/python3.11/site-packages/airflow/example_dags/example_time_delta_sensor_async.py
[2025-03-27T15:12:57.597-0500] {processor.py:914} INFO - Processing file /home/udhbhav/miniconda3/lib/python3.11/site-packages/airflow/example_dags/example_time_delta_sensor_async.py for tasks to queue
[2025-03-27T15:12:57.599-0500] {logging_mixin.py:190} INFO - [2025-03-27T15:12:57.598-0500] {dagbag.py:588} INFO - Filling up the DagBag from /home/udhbhav/miniconda3/lib/python3.11/site-packages/airflow/example_dags/example_time_delta_sensor_async.py
[2025-03-27T15:12:57.602-0500] {processor.py:925} INFO - DAG(s) 'example_time_delta_sensor_async' retrieved from /home/udhbhav/miniconda3/lib/python3.11/site-packages/airflow/example_dags/example_time_delta_sensor_async.py
[2025-03-27T15:12:57.609-0500] {logging_mixin.py:190} INFO - [2025-03-27T15:12:57.609-0500] {dag.py:3239} INFO - Sync 1 DAGs
[2025-03-27T15:12:57.614-0500] {logging_mixin.py:190} INFO - [2025-03-27T15:12:57.614-0500] {dag.py:4180} INFO - Setting next_dagrun for example_time_delta_sensor_async to None, run_after=None
[2025-03-27T15:12:57.841-0500] {processor.py:208} INFO - Processing /home/udhbhav/miniconda3/lib/python3.11/site-packages/airflow/example_dags/example_time_delta_sensor_async.py took 0.247 seconds
[2025-03-27T15:14:14.678-0500] {processor.py:186} INFO - Started process (PID=1798928) to work on /home/udhbhav/miniconda3/lib/python3.11/site-packages/airflow/example_dags/example_time_delta_sensor_async.py
[2025-03-27T15:14:14.678-0500] {processor.py:914} INFO - Processing file /home/udhbhav/miniconda3/lib/python3.11/site-packages/airflow/example_dags/example_time_delta_sensor_async.py for tasks to queue
[2025-03-27T15:14:14.680-0500] {logging_mixin.py:190} INFO - [2025-03-27T15:14:14.679-0500] {dagbag.py:588} INFO - Filling up the DagBag from /home/udhbhav/miniconda3/lib/python3.11/site-packages/airflow/example_dags/example_time_delta_sensor_async.py
[2025-03-27T15:14:14.683-0500] {processor.py:925} INFO - DAG(s) 'example_time_delta_sensor_async' retrieved from /home/udhbhav/miniconda3/lib/python3.11/site-packages/airflow/example_dags/example_time_delta_sensor_async.py
[2025-03-27T15:14:14.690-0500] {logging_mixin.py:190} INFO - [2025-03-27T15:14:14.690-0500] {dag.py:3239} INFO - Sync 1 DAGs
[2025-03-27T15:14:14.695-0500] {logging_mixin.py:190} INFO - [2025-03-27T15:14:14.695-0500] {dag.py:4180} INFO - Setting next_dagrun for example_time_delta_sensor_async to None, run_after=None
[2025-03-27T15:14:14.907-0500] {processor.py:208} INFO - Processing /home/udhbhav/miniconda3/lib/python3.11/site-packages/airflow/example_dags/example_time_delta_sensor_async.py took 0.232 seconds
[2025-03-27T15:15:32.591-0500] {processor.py:186} INFO - Started process (PID=1799690) to work on /home/udhbhav/miniconda3/lib/python3.11/site-packages/airflow/example_dags/example_time_delta_sensor_async.py
[2025-03-27T15:15:32.592-0500] {processor.py:914} INFO - Processing file /home/udhbhav/miniconda3/lib/python3.11/site-packages/airflow/example_dags/example_time_delta_sensor_async.py for tasks to queue
[2025-03-27T15:15:32.593-0500] {logging_mixin.py:190} INFO - [2025-03-27T15:15:32.593-0500] {dagbag.py:588} INFO - Filling up the DagBag from /home/udhbhav/miniconda3/lib/python3.11/site-packages/airflow/example_dags/example_time_delta_sensor_async.py
[2025-03-27T15:15:32.597-0500] {processor.py:925} INFO - DAG(s) 'example_time_delta_sensor_async' retrieved from /home/udhbhav/miniconda3/lib/python3.11/site-packages/airflow/example_dags/example_time_delta_sensor_async.py
[2025-03-27T15:15:32.604-0500] {logging_mixin.py:190} INFO - [2025-03-27T15:15:32.604-0500] {dag.py:3239} INFO - Sync 1 DAGs
[2025-03-27T15:15:32.609-0500] {logging_mixin.py:190} INFO - [2025-03-27T15:15:32.609-0500] {dag.py:4180} INFO - Setting next_dagrun for example_time_delta_sensor_async to None, run_after=None
[2025-03-27T15:15:32.810-0500] {processor.py:208} INFO - Processing /home/udhbhav/miniconda3/lib/python3.11/site-packages/airflow/example_dags/example_time_delta_sensor_async.py took 0.221 seconds
[2025-03-27T15:16:56.027-0500] {processor.py:186} INFO - Started process (PID=1800586) to work on /home/udhbhav/miniconda3/lib/python3.11/site-packages/airflow/example_dags/example_time_delta_sensor_async.py
[2025-03-27T15:16:56.027-0500] {processor.py:914} INFO - Processing file /home/udhbhav/miniconda3/lib/python3.11/site-packages/airflow/example_dags/example_time_delta_sensor_async.py for tasks to queue
[2025-03-27T15:16:56.029-0500] {logging_mixin.py:190} INFO - [2025-03-27T15:16:56.029-0500] {dagbag.py:588} INFO - Filling up the DagBag from /home/udhbhav/miniconda3/lib/python3.11/site-packages/airflow/example_dags/example_time_delta_sensor_async.py
[2025-03-27T15:16:56.032-0500] {processor.py:925} INFO - DAG(s) 'example_time_delta_sensor_async' retrieved from /home/udhbhav/miniconda3/lib/python3.11/site-packages/airflow/example_dags/example_time_delta_sensor_async.py
[2025-03-27T15:16:56.039-0500] {logging_mixin.py:190} INFO - [2025-03-27T15:16:56.039-0500] {dag.py:3239} INFO - Sync 1 DAGs
[2025-03-27T15:16:56.044-0500] {logging_mixin.py:190} INFO - [2025-03-27T15:16:56.044-0500] {dag.py:4180} INFO - Setting next_dagrun for example_time_delta_sensor_async to None, run_after=None
[2025-03-27T15:16:56.179-0500] {processor.py:208} INFO - Processing /home/udhbhav/miniconda3/lib/python3.11/site-packages/airflow/example_dags/example_time_delta_sensor_async.py took 0.155 seconds
[2025-03-27T15:18:03.071-0500] {processor.py:186} INFO - Started process (PID=1801208) to work on /home/udhbhav/miniconda3/lib/python3.11/site-packages/airflow/example_dags/example_time_delta_sensor_async.py
[2025-03-27T15:18:03.071-0500] {processor.py:914} INFO - Processing file /home/udhbhav/miniconda3/lib/python3.11/site-packages/airflow/example_dags/example_time_delta_sensor_async.py for tasks to queue
[2025-03-27T15:18:03.072-0500] {logging_mixin.py:190} INFO - [2025-03-27T15:18:03.072-0500] {dagbag.py:588} INFO - Filling up the DagBag from /home/udhbhav/miniconda3/lib/python3.11/site-packages/airflow/example_dags/example_time_delta_sensor_async.py
[2025-03-27T15:18:03.076-0500] {processor.py:925} INFO - DAG(s) 'example_time_delta_sensor_async' retrieved from /home/udhbhav/miniconda3/lib/python3.11/site-packages/airflow/example_dags/example_time_delta_sensor_async.py
[2025-03-27T15:18:03.083-0500] {logging_mixin.py:190} INFO - [2025-03-27T15:18:03.083-0500] {dag.py:3239} INFO - Sync 1 DAGs
[2025-03-27T15:18:03.088-0500] {logging_mixin.py:190} INFO - [2025-03-27T15:18:03.088-0500] {dag.py:4180} INFO - Setting next_dagrun for example_time_delta_sensor_async to None, run_after=None
[2025-03-27T15:18:03.191-0500] {processor.py:208} INFO - Processing /home/udhbhav/miniconda3/lib/python3.11/site-packages/airflow/example_dags/example_time_delta_sensor_async.py took 0.123 seconds
[2025-03-27T15:19:10.398-0500] {processor.py:186} INFO - Started process (PID=1801828) to work on /home/udhbhav/miniconda3/lib/python3.11/site-packages/airflow/example_dags/example_time_delta_sensor_async.py
[2025-03-27T15:19:10.399-0500] {processor.py:914} INFO - Processing file /home/udhbhav/miniconda3/lib/python3.11/site-packages/airflow/example_dags/example_time_delta_sensor_async.py for tasks to queue
[2025-03-27T15:19:10.400-0500] {logging_mixin.py:190} INFO - [2025-03-27T15:19:10.400-0500] {dagbag.py:588} INFO - Filling up the DagBag from /home/udhbhav/miniconda3/lib/python3.11/site-packages/airflow/example_dags/example_time_delta_sensor_async.py
[2025-03-27T15:19:10.403-0500] {processor.py:925} INFO - DAG(s) 'example_time_delta_sensor_async' retrieved from /home/udhbhav/miniconda3/lib/python3.11/site-packages/airflow/example_dags/example_time_delta_sensor_async.py
[2025-03-27T15:19:10.410-0500] {logging_mixin.py:190} INFO - [2025-03-27T15:19:10.410-0500] {dag.py:3239} INFO - Sync 1 DAGs
[2025-03-27T15:19:10.416-0500] {logging_mixin.py:190} INFO - [2025-03-27T15:19:10.415-0500] {dag.py:4180} INFO - Setting next_dagrun for example_time_delta_sensor_async to None, run_after=None
[2025-03-27T15:19:10.602-0500] {processor.py:208} INFO - Processing /home/udhbhav/miniconda3/lib/python3.11/site-packages/airflow/example_dags/example_time_delta_sensor_async.py took 0.206 seconds
[2025-03-27T15:20:20.599-0500] {processor.py:186} INFO - Started process (PID=1802705) to work on /home/udhbhav/miniconda3/lib/python3.11/site-packages/airflow/example_dags/example_time_delta_sensor_async.py
[2025-03-27T15:20:20.600-0500] {processor.py:914} INFO - Processing file /home/udhbhav/miniconda3/lib/python3.11/site-packages/airflow/example_dags/example_time_delta_sensor_async.py for tasks to queue
[2025-03-27T15:20:20.601-0500] {logging_mixin.py:190} INFO - [2025-03-27T15:20:20.601-0500] {dagbag.py:588} INFO - Filling up the DagBag from /home/udhbhav/miniconda3/lib/python3.11/site-packages/airflow/example_dags/example_time_delta_sensor_async.py
[2025-03-27T15:20:20.605-0500] {processor.py:925} INFO - DAG(s) 'example_time_delta_sensor_async' retrieved from /home/udhbhav/miniconda3/lib/python3.11/site-packages/airflow/example_dags/example_time_delta_sensor_async.py
[2025-03-27T15:20:20.612-0500] {logging_mixin.py:190} INFO - [2025-03-27T15:20:20.612-0500] {dag.py:3239} INFO - Sync 1 DAGs
[2025-03-27T15:20:20.617-0500] {logging_mixin.py:190} INFO - [2025-03-27T15:20:20.617-0500] {dag.py:4180} INFO - Setting next_dagrun for example_time_delta_sensor_async to None, run_after=None
[2025-03-27T15:20:20.749-0500] {processor.py:208} INFO - Processing /home/udhbhav/miniconda3/lib/python3.11/site-packages/airflow/example_dags/example_time_delta_sensor_async.py took 0.153 seconds
[2025-03-27T15:21:27.961-0500] {processor.py:186} INFO - Started process (PID=1808040) to work on /home/udhbhav/miniconda3/lib/python3.11/site-packages/airflow/example_dags/example_time_delta_sensor_async.py
[2025-03-27T15:21:27.961-0500] {processor.py:914} INFO - Processing file /home/udhbhav/miniconda3/lib/python3.11/site-packages/airflow/example_dags/example_time_delta_sensor_async.py for tasks to queue
[2025-03-27T15:21:27.962-0500] {logging_mixin.py:190} INFO - [2025-03-27T15:21:27.962-0500] {dagbag.py:588} INFO - Filling up the DagBag from /home/udhbhav/miniconda3/lib/python3.11/site-packages/airflow/example_dags/example_time_delta_sensor_async.py
[2025-03-27T15:21:27.966-0500] {processor.py:925} INFO - DAG(s) 'example_time_delta_sensor_async' retrieved from /home/udhbhav/miniconda3/lib/python3.11/site-packages/airflow/example_dags/example_time_delta_sensor_async.py
[2025-03-27T15:21:27.973-0500] {logging_mixin.py:190} INFO - [2025-03-27T15:21:27.973-0500] {dag.py:3239} INFO - Sync 1 DAGs
[2025-03-27T15:21:27.978-0500] {logging_mixin.py:190} INFO - [2025-03-27T15:21:27.978-0500] {dag.py:4180} INFO - Setting next_dagrun for example_time_delta_sensor_async to None, run_after=None
[2025-03-27T15:21:28.111-0500] {processor.py:208} INFO - Processing /home/udhbhav/miniconda3/lib/python3.11/site-packages/airflow/example_dags/example_time_delta_sensor_async.py took 0.153 seconds
[2025-03-27T15:22:42.820-0500] {processor.py:186} INFO - Started process (PID=1808891) to work on /home/udhbhav/miniconda3/lib/python3.11/site-packages/airflow/example_dags/example_time_delta_sensor_async.py
[2025-03-27T15:22:42.821-0500] {processor.py:914} INFO - Processing file /home/udhbhav/miniconda3/lib/python3.11/site-packages/airflow/example_dags/example_time_delta_sensor_async.py for tasks to queue
[2025-03-27T15:22:42.822-0500] {logging_mixin.py:190} INFO - [2025-03-27T15:22:42.822-0500] {dagbag.py:588} INFO - Filling up the DagBag from /home/udhbhav/miniconda3/lib/python3.11/site-packages/airflow/example_dags/example_time_delta_sensor_async.py
[2025-03-27T15:22:42.826-0500] {processor.py:925} INFO - DAG(s) 'example_time_delta_sensor_async' retrieved from /home/udhbhav/miniconda3/lib/python3.11/site-packages/airflow/example_dags/example_time_delta_sensor_async.py
[2025-03-27T15:22:42.833-0500] {logging_mixin.py:190} INFO - [2025-03-27T15:22:42.832-0500] {dag.py:3239} INFO - Sync 1 DAGs
[2025-03-27T15:22:42.838-0500] {logging_mixin.py:190} INFO - [2025-03-27T15:22:42.838-0500] {dag.py:4180} INFO - Setting next_dagrun for example_time_delta_sensor_async to None, run_after=None
[2025-03-27T15:22:42.971-0500] {processor.py:208} INFO - Processing /home/udhbhav/miniconda3/lib/python3.11/site-packages/airflow/example_dags/example_time_delta_sensor_async.py took 0.154 seconds
[2025-03-27T15:23:56.720-0500] {processor.py:186} INFO - Started process (PID=1809610) to work on /home/udhbhav/miniconda3/lib/python3.11/site-packages/airflow/example_dags/example_time_delta_sensor_async.py
[2025-03-27T15:23:56.720-0500] {processor.py:914} INFO - Processing file /home/udhbhav/miniconda3/lib/python3.11/site-packages/airflow/example_dags/example_time_delta_sensor_async.py for tasks to queue
[2025-03-27T15:23:56.721-0500] {logging_mixin.py:190} INFO - [2025-03-27T15:23:56.721-0500] {dagbag.py:588} INFO - Filling up the DagBag from /home/udhbhav/miniconda3/lib/python3.11/site-packages/airflow/example_dags/example_time_delta_sensor_async.py
[2025-03-27T15:23:56.725-0500] {processor.py:925} INFO - DAG(s) 'example_time_delta_sensor_async' retrieved from /home/udhbhav/miniconda3/lib/python3.11/site-packages/airflow/example_dags/example_time_delta_sensor_async.py
[2025-03-27T15:23:56.732-0500] {logging_mixin.py:190} INFO - [2025-03-27T15:23:56.732-0500] {dag.py:3239} INFO - Sync 1 DAGs
[2025-03-27T15:23:56.737-0500] {logging_mixin.py:190} INFO - [2025-03-27T15:23:56.737-0500] {dag.py:4180} INFO - Setting next_dagrun for example_time_delta_sensor_async to None, run_after=None
[2025-03-27T15:23:56.944-0500] {processor.py:208} INFO - Processing /home/udhbhav/miniconda3/lib/python3.11/site-packages/airflow/example_dags/example_time_delta_sensor_async.py took 0.228 seconds
[2025-03-27T15:25:06.764-0500] {processor.py:186} INFO - Started process (PID=1810340) to work on /home/udhbhav/miniconda3/lib/python3.11/site-packages/airflow/example_dags/example_time_delta_sensor_async.py
[2025-03-27T15:25:06.764-0500] {processor.py:914} INFO - Processing file /home/udhbhav/miniconda3/lib/python3.11/site-packages/airflow/example_dags/example_time_delta_sensor_async.py for tasks to queue
[2025-03-27T15:25:06.766-0500] {logging_mixin.py:190} INFO - [2025-03-27T15:25:06.765-0500] {dagbag.py:588} INFO - Filling up the DagBag from /home/udhbhav/miniconda3/lib/python3.11/site-packages/airflow/example_dags/example_time_delta_sensor_async.py
[2025-03-27T15:25:06.769-0500] {processor.py:925} INFO - DAG(s) 'example_time_delta_sensor_async' retrieved from /home/udhbhav/miniconda3/lib/python3.11/site-packages/airflow/example_dags/example_time_delta_sensor_async.py
[2025-03-27T15:25:06.776-0500] {logging_mixin.py:190} INFO - [2025-03-27T15:25:06.776-0500] {dag.py:3239} INFO - Sync 1 DAGs
[2025-03-27T15:25:06.781-0500] {logging_mixin.py:190} INFO - [2025-03-27T15:25:06.781-0500] {dag.py:4180} INFO - Setting next_dagrun for example_time_delta_sensor_async to None, run_after=None
[2025-03-27T15:25:06.984-0500] {processor.py:208} INFO - Processing /home/udhbhav/miniconda3/lib/python3.11/site-packages/airflow/example_dags/example_time_delta_sensor_async.py took 0.223 seconds
[2025-03-27T15:26:45.224-0500] {processor.py:186} INFO - Started process (PID=1811369) to work on /home/udhbhav/miniconda3/lib/python3.11/site-packages/airflow/example_dags/example_time_delta_sensor_async.py
[2025-03-27T15:26:45.225-0500] {processor.py:914} INFO - Processing file /home/udhbhav/miniconda3/lib/python3.11/site-packages/airflow/example_dags/example_time_delta_sensor_async.py for tasks to queue
[2025-03-27T15:26:45.226-0500] {logging_mixin.py:190} INFO - [2025-03-27T15:26:45.226-0500] {dagbag.py:588} INFO - Filling up the DagBag from /home/udhbhav/miniconda3/lib/python3.11/site-packages/airflow/example_dags/example_time_delta_sensor_async.py
[2025-03-27T15:26:45.229-0500] {processor.py:925} INFO - DAG(s) 'example_time_delta_sensor_async' retrieved from /home/udhbhav/miniconda3/lib/python3.11/site-packages/airflow/example_dags/example_time_delta_sensor_async.py
[2025-03-27T15:26:45.237-0500] {logging_mixin.py:190} INFO - [2025-03-27T15:26:45.236-0500] {dag.py:3239} INFO - Sync 1 DAGs
[2025-03-27T15:26:45.242-0500] {logging_mixin.py:190} INFO - [2025-03-27T15:26:45.242-0500] {dag.py:4180} INFO - Setting next_dagrun for example_time_delta_sensor_async to None, run_after=None
[2025-03-27T15:26:45.459-0500] {processor.py:208} INFO - Processing /home/udhbhav/miniconda3/lib/python3.11/site-packages/airflow/example_dags/example_time_delta_sensor_async.py took 0.237 seconds
[2025-03-27T15:27:58.289-0500] {processor.py:186} INFO - Started process (PID=1812047) to work on /home/udhbhav/miniconda3/lib/python3.11/site-packages/airflow/example_dags/example_time_delta_sensor_async.py
[2025-03-27T15:27:58.289-0500] {processor.py:914} INFO - Processing file /home/udhbhav/miniconda3/lib/python3.11/site-packages/airflow/example_dags/example_time_delta_sensor_async.py for tasks to queue
[2025-03-27T15:27:58.290-0500] {logging_mixin.py:190} INFO - [2025-03-27T15:27:58.290-0500] {dagbag.py:588} INFO - Filling up the DagBag from /home/udhbhav/miniconda3/lib/python3.11/site-packages/airflow/example_dags/example_time_delta_sensor_async.py
[2025-03-27T15:27:58.294-0500] {processor.py:925} INFO - DAG(s) 'example_time_delta_sensor_async' retrieved from /home/udhbhav/miniconda3/lib/python3.11/site-packages/airflow/example_dags/example_time_delta_sensor_async.py
[2025-03-27T15:27:58.301-0500] {logging_mixin.py:190} INFO - [2025-03-27T15:27:58.301-0500] {dag.py:3239} INFO - Sync 1 DAGs
[2025-03-27T15:27:58.306-0500] {logging_mixin.py:190} INFO - [2025-03-27T15:27:58.306-0500] {dag.py:4180} INFO - Setting next_dagrun for example_time_delta_sensor_async to None, run_after=None
[2025-03-27T15:27:58.435-0500] {processor.py:208} INFO - Processing /home/udhbhav/miniconda3/lib/python3.11/site-packages/airflow/example_dags/example_time_delta_sensor_async.py took 0.149 seconds
[2025-03-27T15:29:41.341-0500] {processor.py:186} INFO - Started process (PID=1813011) to work on /home/udhbhav/miniconda3/lib/python3.11/site-packages/airflow/example_dags/example_time_delta_sensor_async.py
[2025-03-27T15:29:41.341-0500] {processor.py:914} INFO - Processing file /home/udhbhav/miniconda3/lib/python3.11/site-packages/airflow/example_dags/example_time_delta_sensor_async.py for tasks to queue
[2025-03-27T15:29:41.343-0500] {logging_mixin.py:190} INFO - [2025-03-27T15:29:41.342-0500] {dagbag.py:588} INFO - Filling up the DagBag from /home/udhbhav/miniconda3/lib/python3.11/site-packages/airflow/example_dags/example_time_delta_sensor_async.py
[2025-03-27T15:29:41.346-0500] {processor.py:925} INFO - DAG(s) 'example_time_delta_sensor_async' retrieved from /home/udhbhav/miniconda3/lib/python3.11/site-packages/airflow/example_dags/example_time_delta_sensor_async.py
[2025-03-27T15:29:41.353-0500] {logging_mixin.py:190} INFO - [2025-03-27T15:29:41.353-0500] {dag.py:3239} INFO - Sync 1 DAGs
[2025-03-27T15:29:41.358-0500] {logging_mixin.py:190} INFO - [2025-03-27T15:29:41.358-0500] {dag.py:4180} INFO - Setting next_dagrun for example_time_delta_sensor_async to None, run_after=None
[2025-03-27T15:29:42.085-0500] {processor.py:208} INFO - Processing /home/udhbhav/miniconda3/lib/python3.11/site-packages/airflow/example_dags/example_time_delta_sensor_async.py took 0.747 seconds
[2025-03-27T15:31:34.542-0500] {processor.py:186} INFO - Started process (PID=1813971) to work on /home/udhbhav/miniconda3/lib/python3.11/site-packages/airflow/example_dags/example_time_delta_sensor_async.py
[2025-03-27T15:31:34.543-0500] {processor.py:914} INFO - Processing file /home/udhbhav/miniconda3/lib/python3.11/site-packages/airflow/example_dags/example_time_delta_sensor_async.py for tasks to queue
[2025-03-27T15:31:34.544-0500] {logging_mixin.py:190} INFO - [2025-03-27T15:31:34.544-0500] {dagbag.py:588} INFO - Filling up the DagBag from /home/udhbhav/miniconda3/lib/python3.11/site-packages/airflow/example_dags/example_time_delta_sensor_async.py
[2025-03-27T15:31:34.547-0500] {processor.py:925} INFO - DAG(s) 'example_time_delta_sensor_async' retrieved from /home/udhbhav/miniconda3/lib/python3.11/site-packages/airflow/example_dags/example_time_delta_sensor_async.py
[2025-03-27T15:31:34.554-0500] {logging_mixin.py:190} INFO - [2025-03-27T15:31:34.554-0500] {dag.py:3239} INFO - Sync 1 DAGs
[2025-03-27T15:31:34.560-0500] {logging_mixin.py:190} INFO - [2025-03-27T15:31:34.560-0500] {dag.py:4180} INFO - Setting next_dagrun for example_time_delta_sensor_async to None, run_after=None
[2025-03-27T15:31:34.792-0500] {processor.py:208} INFO - Processing /home/udhbhav/miniconda3/lib/python3.11/site-packages/airflow/example_dags/example_time_delta_sensor_async.py took 0.253 seconds
[2025-03-27T15:32:57.350-0500] {processor.py:186} INFO - Started process (PID=1814860) to work on /home/udhbhav/miniconda3/lib/python3.11/site-packages/airflow/example_dags/example_time_delta_sensor_async.py
[2025-03-27T15:32:57.350-0500] {processor.py:914} INFO - Processing file /home/udhbhav/miniconda3/lib/python3.11/site-packages/airflow/example_dags/example_time_delta_sensor_async.py for tasks to queue
[2025-03-27T15:32:57.352-0500] {logging_mixin.py:190} INFO - [2025-03-27T15:32:57.352-0500] {dagbag.py:588} INFO - Filling up the DagBag from /home/udhbhav/miniconda3/lib/python3.11/site-packages/airflow/example_dags/example_time_delta_sensor_async.py
[2025-03-27T15:32:57.355-0500] {processor.py:925} INFO - DAG(s) 'example_time_delta_sensor_async' retrieved from /home/udhbhav/miniconda3/lib/python3.11/site-packages/airflow/example_dags/example_time_delta_sensor_async.py
[2025-03-27T15:32:57.362-0500] {logging_mixin.py:190} INFO - [2025-03-27T15:32:57.362-0500] {dag.py:3239} INFO - Sync 1 DAGs
[2025-03-27T15:32:57.367-0500] {logging_mixin.py:190} INFO - [2025-03-27T15:32:57.367-0500] {dag.py:4180} INFO - Setting next_dagrun for example_time_delta_sensor_async to None, run_after=None
[2025-03-27T15:32:57.495-0500] {processor.py:208} INFO - Processing /home/udhbhav/miniconda3/lib/python3.11/site-packages/airflow/example_dags/example_time_delta_sensor_async.py took 0.148 seconds
[2025-03-27T15:34:05.998-0500] {processor.py:186} INFO - Started process (PID=1815479) to work on /home/udhbhav/miniconda3/lib/python3.11/site-packages/airflow/example_dags/example_time_delta_sensor_async.py
[2025-03-27T15:34:05.998-0500] {processor.py:914} INFO - Processing file /home/udhbhav/miniconda3/lib/python3.11/site-packages/airflow/example_dags/example_time_delta_sensor_async.py for tasks to queue
[2025-03-27T15:34:06.000-0500] {logging_mixin.py:190} INFO - [2025-03-27T15:34:05.999-0500] {dagbag.py:588} INFO - Filling up the DagBag from /home/udhbhav/miniconda3/lib/python3.11/site-packages/airflow/example_dags/example_time_delta_sensor_async.py
[2025-03-27T15:34:06.003-0500] {processor.py:925} INFO - DAG(s) 'example_time_delta_sensor_async' retrieved from /home/udhbhav/miniconda3/lib/python3.11/site-packages/airflow/example_dags/example_time_delta_sensor_async.py
[2025-03-27T15:34:06.010-0500] {logging_mixin.py:190} INFO - [2025-03-27T15:34:06.010-0500] {dag.py:3239} INFO - Sync 1 DAGs
[2025-03-27T15:34:06.015-0500] {logging_mixin.py:190} INFO - [2025-03-27T15:34:06.015-0500] {dag.py:4180} INFO - Setting next_dagrun for example_time_delta_sensor_async to None, run_after=None
[2025-03-27T15:34:06.152-0500] {processor.py:208} INFO - Processing /home/udhbhav/miniconda3/lib/python3.11/site-packages/airflow/example_dags/example_time_delta_sensor_async.py took 0.157 seconds
[2025-03-27T15:35:08.891-0500] {processor.py:186} INFO - Started process (PID=1816104) to work on /home/udhbhav/miniconda3/lib/python3.11/site-packages/airflow/example_dags/example_time_delta_sensor_async.py
[2025-03-27T15:35:08.892-0500] {processor.py:914} INFO - Processing file /home/udhbhav/miniconda3/lib/python3.11/site-packages/airflow/example_dags/example_time_delta_sensor_async.py for tasks to queue
[2025-03-27T15:35:08.893-0500] {logging_mixin.py:190} INFO - [2025-03-27T15:35:08.893-0500] {dagbag.py:588} INFO - Filling up the DagBag from /home/udhbhav/miniconda3/lib/python3.11/site-packages/airflow/example_dags/example_time_delta_sensor_async.py
[2025-03-27T15:35:08.896-0500] {processor.py:925} INFO - DAG(s) 'example_time_delta_sensor_async' retrieved from /home/udhbhav/miniconda3/lib/python3.11/site-packages/airflow/example_dags/example_time_delta_sensor_async.py
[2025-03-27T15:35:08.903-0500] {logging_mixin.py:190} INFO - [2025-03-27T15:35:08.903-0500] {dag.py:3239} INFO - Sync 1 DAGs
[2025-03-27T15:35:08.909-0500] {logging_mixin.py:190} INFO - [2025-03-27T15:35:08.908-0500] {dag.py:4180} INFO - Setting next_dagrun for example_time_delta_sensor_async to None, run_after=None
[2025-03-27T15:35:09.043-0500] {processor.py:208} INFO - Processing /home/udhbhav/miniconda3/lib/python3.11/site-packages/airflow/example_dags/example_time_delta_sensor_async.py took 0.154 seconds
