[2025-03-27T14:24:53.855-0500] {processor.py:186} INFO - Started process (PID=1762431) to work on /home/udhbhav/miniconda3/lib/python3.11/site-packages/airflow/example_dags/example_branch_operator.py
[2025-03-27T14:24:53.856-0500] {processor.py:914} INFO - Processing file /home/udhbhav/miniconda3/lib/python3.11/site-packages/airflow/example_dags/example_branch_operator.py for tasks to queue
[2025-03-27T14:24:53.857-0500] {logging_mixin.py:190} INFO - [2025-03-27T14:24:53.856-0500] {dagbag.py:588} INFO - Filling up the DagBag from /home/udhbhav/miniconda3/lib/python3.11/site-packages/airflow/example_dags/example_branch_operator.py
[2025-03-27T14:24:53.866-0500] {processor.py:925} INFO - DAG(s) 'example_branch_operator' retrieved from /home/udhbhav/miniconda3/lib/python3.11/site-packages/airflow/example_dags/example_branch_operator.py
[2025-03-27T14:24:54.194-0500] {logging_mixin.py:190} INFO - [2025-03-27T14:24:54.194-0500] {override.py:1912} INFO - Created Permission View: can read on DAG:example_branch_operator
[2025-03-27T14:24:54.335-0500] {logging_mixin.py:190} INFO - [2025-03-27T14:24:54.335-0500] {override.py:1912} INFO - Created Permission View: can edit on DAG:example_branch_operator
[2025-03-27T14:24:54.488-0500] {logging_mixin.py:190} INFO - [2025-03-27T14:24:54.488-0500] {override.py:1912} INFO - Created Permission View: can delete on DAG:example_branch_operator
[2025-03-27T14:24:54.769-0500] {logging_mixin.py:190} INFO - [2025-03-27T14:24:54.768-0500] {override.py:1912} INFO - Created Permission View: can read on DAG Run:example_branch_operator
[2025-03-27T14:24:54.912-0500] {logging_mixin.py:190} INFO - [2025-03-27T14:24:54.911-0500] {override.py:1912} INFO - Created Permission View: menu access on DAG Run:example_branch_operator
[2025-03-27T14:24:55.049-0500] {logging_mixin.py:190} INFO - [2025-03-27T14:24:55.049-0500] {override.py:1912} INFO - Created Permission View: can create on DAG Run:example_branch_operator
[2025-03-27T14:24:55.172-0500] {logging_mixin.py:190} INFO - [2025-03-27T14:24:55.172-0500] {override.py:1912} INFO - Created Permission View: can delete on DAG Run:example_branch_operator
[2025-03-27T14:24:55.173-0500] {logging_mixin.py:190} INFO - [2025-03-27T14:24:55.172-0500] {dag.py:3239} INFO - Sync 1 DAGs
[2025-03-27T14:24:55.178-0500] {logging_mixin.py:190} INFO - [2025-03-27T14:24:55.178-0500] {dag.py:3262} INFO - Creating ORM DAG for example_branch_operator
[2025-03-27T14:24:55.182-0500] {logging_mixin.py:190} INFO - [2025-03-27T14:24:55.182-0500] {dag.py:4180} INFO - Setting next_dagrun for example_branch_operator to 2025-03-26 00:00:00+00:00, run_after=2025-03-27 00:00:00+00:00
[2025-03-27T14:24:55.261-0500] {processor.py:208} INFO - Processing /home/udhbhav/miniconda3/lib/python3.11/site-packages/airflow/example_dags/example_branch_operator.py took 1.408 seconds
[2025-03-27T14:28:03.456-0500] {processor.py:186} INFO - Started process (PID=1764114) to work on /home/udhbhav/miniconda3/lib/python3.11/site-packages/airflow/example_dags/example_branch_operator.py
[2025-03-27T14:28:03.456-0500] {processor.py:914} INFO - Processing file /home/udhbhav/miniconda3/lib/python3.11/site-packages/airflow/example_dags/example_branch_operator.py for tasks to queue
[2025-03-27T14:28:03.457-0500] {logging_mixin.py:190} INFO - [2025-03-27T14:28:03.457-0500] {dagbag.py:588} INFO - Filling up the DagBag from /home/udhbhav/miniconda3/lib/python3.11/site-packages/airflow/example_dags/example_branch_operator.py
[2025-03-27T14:28:03.468-0500] {processor.py:925} INFO - DAG(s) 'example_branch_operator' retrieved from /home/udhbhav/miniconda3/lib/python3.11/site-packages/airflow/example_dags/example_branch_operator.py
[2025-03-27T14:28:03.479-0500] {logging_mixin.py:190} INFO - [2025-03-27T14:28:03.479-0500] {dag.py:3239} INFO - Sync 1 DAGs
[2025-03-27T14:28:03.489-0500] {logging_mixin.py:190} INFO - [2025-03-27T14:28:03.489-0500] {dag.py:4180} INFO - Setting next_dagrun for example_branch_operator to 2025-03-26 00:00:00+00:00, run_after=2025-03-27 00:00:00+00:00
[2025-03-27T14:28:03.918-0500] {processor.py:208} INFO - Processing /home/udhbhav/miniconda3/lib/python3.11/site-packages/airflow/example_dags/example_branch_operator.py took 0.465 seconds
[2025-03-27T14:35:20.581-0500] {processor.py:186} INFO - Started process (PID=1768098) to work on /home/udhbhav/miniconda3/lib/python3.11/site-packages/airflow/example_dags/example_branch_operator.py
[2025-03-27T14:35:20.581-0500] {processor.py:914} INFO - Processing file /home/udhbhav/miniconda3/lib/python3.11/site-packages/airflow/example_dags/example_branch_operator.py for tasks to queue
[2025-03-27T14:35:20.582-0500] {logging_mixin.py:190} INFO - [2025-03-27T14:35:20.582-0500] {dagbag.py:588} INFO - Filling up the DagBag from /home/udhbhav/miniconda3/lib/python3.11/site-packages/airflow/example_dags/example_branch_operator.py
[2025-03-27T14:35:20.592-0500] {processor.py:925} INFO - DAG(s) 'example_branch_operator' retrieved from /home/udhbhav/miniconda3/lib/python3.11/site-packages/airflow/example_dags/example_branch_operator.py
[2025-03-27T14:35:20.644-0500] {logging_mixin.py:190} INFO - [2025-03-27T14:35:20.644-0500] {dag.py:3239} INFO - Sync 1 DAGs
[2025-03-27T14:35:20.653-0500] {logging_mixin.py:190} INFO - [2025-03-27T14:35:20.652-0500] {dag.py:4180} INFO - Setting next_dagrun for example_branch_operator to 2025-03-26 00:00:00+00:00, run_after=2025-03-27 00:00:00+00:00
[2025-03-27T14:35:20.762-0500] {processor.py:208} INFO - Processing /home/udhbhav/miniconda3/lib/python3.11/site-packages/airflow/example_dags/example_branch_operator.py took 0.184 seconds
[2025-03-27T14:37:05.262-0500] {processor.py:186} INFO - Started process (PID=1769278) to work on /home/udhbhav/miniconda3/lib/python3.11/site-packages/airflow/example_dags/example_branch_operator.py
[2025-03-27T14:37:05.263-0500] {processor.py:914} INFO - Processing file /home/udhbhav/miniconda3/lib/python3.11/site-packages/airflow/example_dags/example_branch_operator.py for tasks to queue
[2025-03-27T14:37:05.264-0500] {logging_mixin.py:190} INFO - [2025-03-27T14:37:05.263-0500] {dagbag.py:588} INFO - Filling up the DagBag from /home/udhbhav/miniconda3/lib/python3.11/site-packages/airflow/example_dags/example_branch_operator.py
[2025-03-27T14:37:05.273-0500] {processor.py:925} INFO - DAG(s) 'example_branch_operator' retrieved from /home/udhbhav/miniconda3/lib/python3.11/site-packages/airflow/example_dags/example_branch_operator.py
[2025-03-27T14:37:05.287-0500] {logging_mixin.py:190} INFO - [2025-03-27T14:37:05.286-0500] {dag.py:3239} INFO - Sync 1 DAGs
[2025-03-27T14:37:05.295-0500] {logging_mixin.py:190} INFO - [2025-03-27T14:37:05.294-0500] {dag.py:4180} INFO - Setting next_dagrun for example_branch_operator to 2025-03-26 00:00:00+00:00, run_after=2025-03-27 00:00:00+00:00
[2025-03-27T14:37:05.402-0500] {processor.py:208} INFO - Processing /home/udhbhav/miniconda3/lib/python3.11/site-packages/airflow/example_dags/example_branch_operator.py took 0.142 seconds
[2025-03-27T14:38:13.704-0500] {processor.py:186} INFO - Started process (PID=1770359) to work on /home/udhbhav/miniconda3/lib/python3.11/site-packages/airflow/example_dags/example_branch_operator.py
[2025-03-27T14:38:13.705-0500] {processor.py:914} INFO - Processing file /home/udhbhav/miniconda3/lib/python3.11/site-packages/airflow/example_dags/example_branch_operator.py for tasks to queue
[2025-03-27T14:38:13.705-0500] {logging_mixin.py:190} INFO - [2025-03-27T14:38:13.705-0500] {dagbag.py:588} INFO - Filling up the DagBag from /home/udhbhav/miniconda3/lib/python3.11/site-packages/airflow/example_dags/example_branch_operator.py
[2025-03-27T14:38:13.770-0500] {processor.py:925} INFO - DAG(s) 'example_branch_operator' retrieved from /home/udhbhav/miniconda3/lib/python3.11/site-packages/airflow/example_dags/example_branch_operator.py
[2025-03-27T14:38:13.779-0500] {logging_mixin.py:190} INFO - [2025-03-27T14:38:13.779-0500] {dag.py:3239} INFO - Sync 1 DAGs
[2025-03-27T14:38:13.786-0500] {logging_mixin.py:190} INFO - [2025-03-27T14:38:13.786-0500] {dag.py:4180} INFO - Setting next_dagrun for example_branch_operator to 2025-03-26 00:00:00+00:00, run_after=2025-03-27 00:00:00+00:00
[2025-03-27T14:38:13.892-0500] {processor.py:208} INFO - Processing /home/udhbhav/miniconda3/lib/python3.11/site-packages/airflow/example_dags/example_branch_operator.py took 0.190 seconds
[2025-03-27T14:38:51.088-0500] {processor.py:186} INFO - Started process (PID=1770860) to work on /home/udhbhav/miniconda3/lib/python3.11/site-packages/airflow/example_dags/example_branch_operator.py
[2025-03-27T14:38:51.089-0500] {processor.py:914} INFO - Processing file /home/udhbhav/miniconda3/lib/python3.11/site-packages/airflow/example_dags/example_branch_operator.py for tasks to queue
[2025-03-27T14:38:51.090-0500] {logging_mixin.py:190} INFO - [2025-03-27T14:38:51.089-0500] {dagbag.py:588} INFO - Filling up the DagBag from /home/udhbhav/miniconda3/lib/python3.11/site-packages/airflow/example_dags/example_branch_operator.py
[2025-03-27T14:38:51.100-0500] {processor.py:925} INFO - DAG(s) 'example_branch_operator' retrieved from /home/udhbhav/miniconda3/lib/python3.11/site-packages/airflow/example_dags/example_branch_operator.py
[2025-03-27T14:38:51.111-0500] {logging_mixin.py:190} INFO - [2025-03-27T14:38:51.111-0500] {dag.py:3239} INFO - Sync 1 DAGs
[2025-03-27T14:38:51.119-0500] {logging_mixin.py:190} INFO - [2025-03-27T14:38:51.119-0500] {dag.py:4180} INFO - Setting next_dagrun for example_branch_operator to 2025-03-26 00:00:00+00:00, run_after=2025-03-27 00:00:00+00:00
[2025-03-27T14:38:51.224-0500] {processor.py:208} INFO - Processing /home/udhbhav/miniconda3/lib/python3.11/site-packages/airflow/example_dags/example_branch_operator.py took 0.139 seconds
[2025-03-27T14:40:11.690-0500] {processor.py:186} INFO - Started process (PID=1771516) to work on /home/udhbhav/miniconda3/lib/python3.11/site-packages/airflow/example_dags/example_branch_operator.py
[2025-03-27T14:40:11.690-0500] {processor.py:914} INFO - Processing file /home/udhbhav/miniconda3/lib/python3.11/site-packages/airflow/example_dags/example_branch_operator.py for tasks to queue
[2025-03-27T14:40:11.692-0500] {logging_mixin.py:190} INFO - [2025-03-27T14:40:11.692-0500] {dagbag.py:588} INFO - Filling up the DagBag from /home/udhbhav/miniconda3/lib/python3.11/site-packages/airflow/example_dags/example_branch_operator.py
[2025-03-27T14:40:11.701-0500] {processor.py:925} INFO - DAG(s) 'example_branch_operator' retrieved from /home/udhbhav/miniconda3/lib/python3.11/site-packages/airflow/example_dags/example_branch_operator.py
[2025-03-27T14:40:11.712-0500] {logging_mixin.py:190} INFO - [2025-03-27T14:40:11.712-0500] {dag.py:3239} INFO - Sync 1 DAGs
[2025-03-27T14:40:11.720-0500] {logging_mixin.py:190} INFO - [2025-03-27T14:40:11.720-0500] {dag.py:4180} INFO - Setting next_dagrun for example_branch_operator to 2025-03-26 00:00:00+00:00, run_after=2025-03-27 00:00:00+00:00
[2025-03-27T14:40:11.826-0500] {processor.py:208} INFO - Processing /home/udhbhav/miniconda3/lib/python3.11/site-packages/airflow/example_dags/example_branch_operator.py took 0.139 seconds
[2025-03-27T14:40:50.201-0500] {processor.py:186} INFO - Started process (PID=1772002) to work on /home/udhbhav/miniconda3/lib/python3.11/site-packages/airflow/example_dags/example_branch_operator.py
[2025-03-27T14:40:50.201-0500] {processor.py:914} INFO - Processing file /home/udhbhav/miniconda3/lib/python3.11/site-packages/airflow/example_dags/example_branch_operator.py for tasks to queue
[2025-03-27T14:40:50.202-0500] {logging_mixin.py:190} INFO - [2025-03-27T14:40:50.202-0500] {dagbag.py:588} INFO - Filling up the DagBag from /home/udhbhav/miniconda3/lib/python3.11/site-packages/airflow/example_dags/example_branch_operator.py
[2025-03-27T14:40:50.211-0500] {processor.py:925} INFO - DAG(s) 'example_branch_operator' retrieved from /home/udhbhav/miniconda3/lib/python3.11/site-packages/airflow/example_dags/example_branch_operator.py
[2025-03-27T14:40:50.223-0500] {logging_mixin.py:190} INFO - [2025-03-27T14:40:50.222-0500] {dag.py:3239} INFO - Sync 1 DAGs
[2025-03-27T14:40:50.231-0500] {logging_mixin.py:190} INFO - [2025-03-27T14:40:50.230-0500] {dag.py:4180} INFO - Setting next_dagrun for example_branch_operator to 2025-03-26 00:00:00+00:00, run_after=2025-03-27 00:00:00+00:00
[2025-03-27T14:40:50.343-0500] {processor.py:208} INFO - Processing /home/udhbhav/miniconda3/lib/python3.11/site-packages/airflow/example_dags/example_branch_operator.py took 0.145 seconds
[2025-03-27T14:41:36.786-0500] {processor.py:186} INFO - Started process (PID=1772641) to work on /home/udhbhav/miniconda3/lib/python3.11/site-packages/airflow/example_dags/example_branch_operator.py
[2025-03-27T14:41:36.786-0500] {processor.py:914} INFO - Processing file /home/udhbhav/miniconda3/lib/python3.11/site-packages/airflow/example_dags/example_branch_operator.py for tasks to queue
[2025-03-27T14:41:36.787-0500] {logging_mixin.py:190} INFO - [2025-03-27T14:41:36.787-0500] {dagbag.py:588} INFO - Filling up the DagBag from /home/udhbhav/miniconda3/lib/python3.11/site-packages/airflow/example_dags/example_branch_operator.py
[2025-03-27T14:41:36.796-0500] {processor.py:925} INFO - DAG(s) 'example_branch_operator' retrieved from /home/udhbhav/miniconda3/lib/python3.11/site-packages/airflow/example_dags/example_branch_operator.py
[2025-03-27T14:41:36.807-0500] {logging_mixin.py:190} INFO - [2025-03-27T14:41:36.807-0500] {dag.py:3239} INFO - Sync 1 DAGs
[2025-03-27T14:41:36.816-0500] {logging_mixin.py:190} INFO - [2025-03-27T14:41:36.816-0500] {dag.py:4180} INFO - Setting next_dagrun for example_branch_operator to 2025-03-27 00:00:00+00:00, run_after=2025-03-28 00:00:00+00:00
[2025-03-27T14:41:36.922-0500] {processor.py:208} INFO - Processing /home/udhbhav/miniconda3/lib/python3.11/site-packages/airflow/example_dags/example_branch_operator.py took 0.139 seconds
[2025-03-27T14:42:21.007-0500] {processor.py:186} INFO - Started process (PID=1773098) to work on /home/udhbhav/miniconda3/lib/python3.11/site-packages/airflow/example_dags/example_branch_operator.py
[2025-03-27T14:42:21.008-0500] {processor.py:914} INFO - Processing file /home/udhbhav/miniconda3/lib/python3.11/site-packages/airflow/example_dags/example_branch_operator.py for tasks to queue
[2025-03-27T14:42:21.009-0500] {logging_mixin.py:190} INFO - [2025-03-27T14:42:21.009-0500] {dagbag.py:588} INFO - Filling up the DagBag from /home/udhbhav/miniconda3/lib/python3.11/site-packages/airflow/example_dags/example_branch_operator.py
[2025-03-27T14:42:21.019-0500] {processor.py:925} INFO - DAG(s) 'example_branch_operator' retrieved from /home/udhbhav/miniconda3/lib/python3.11/site-packages/airflow/example_dags/example_branch_operator.py
[2025-03-27T14:42:21.030-0500] {logging_mixin.py:190} INFO - [2025-03-27T14:42:21.030-0500] {dag.py:3239} INFO - Sync 1 DAGs
[2025-03-27T14:42:21.039-0500] {logging_mixin.py:190} INFO - [2025-03-27T14:42:21.038-0500] {dag.py:4180} INFO - Setting next_dagrun for example_branch_operator to 2025-03-27 00:00:00+00:00, run_after=2025-03-28 00:00:00+00:00
[2025-03-27T14:42:21.147-0500] {processor.py:208} INFO - Processing /home/udhbhav/miniconda3/lib/python3.11/site-packages/airflow/example_dags/example_branch_operator.py took 0.143 seconds
[2025-03-27T14:43:41.955-0500] {processor.py:186} INFO - Started process (PID=1774105) to work on /home/udhbhav/miniconda3/lib/python3.11/site-packages/airflow/example_dags/example_branch_operator.py
[2025-03-27T14:43:41.955-0500] {processor.py:914} INFO - Processing file /home/udhbhav/miniconda3/lib/python3.11/site-packages/airflow/example_dags/example_branch_operator.py for tasks to queue
[2025-03-27T14:43:41.956-0500] {logging_mixin.py:190} INFO - [2025-03-27T14:43:41.956-0500] {dagbag.py:588} INFO - Filling up the DagBag from /home/udhbhav/miniconda3/lib/python3.11/site-packages/airflow/example_dags/example_branch_operator.py
[2025-03-27T14:43:41.965-0500] {processor.py:925} INFO - DAG(s) 'example_branch_operator' retrieved from /home/udhbhav/miniconda3/lib/python3.11/site-packages/airflow/example_dags/example_branch_operator.py
[2025-03-27T14:43:41.976-0500] {logging_mixin.py:190} INFO - [2025-03-27T14:43:41.976-0500] {dag.py:3239} INFO - Sync 1 DAGs
[2025-03-27T14:43:41.985-0500] {logging_mixin.py:190} INFO - [2025-03-27T14:43:41.985-0500] {dag.py:4180} INFO - Setting next_dagrun for example_branch_operator to 2025-03-27 00:00:00+00:00, run_after=2025-03-28 00:00:00+00:00
[2025-03-27T14:43:42.093-0500] {processor.py:208} INFO - Processing /home/udhbhav/miniconda3/lib/python3.11/site-packages/airflow/example_dags/example_branch_operator.py took 0.141 seconds
[2025-03-27T14:44:26.034-0500] {processor.py:186} INFO - Started process (PID=1774495) to work on /home/udhbhav/miniconda3/lib/python3.11/site-packages/airflow/example_dags/example_branch_operator.py
[2025-03-27T14:44:26.034-0500] {processor.py:914} INFO - Processing file /home/udhbhav/miniconda3/lib/python3.11/site-packages/airflow/example_dags/example_branch_operator.py for tasks to queue
[2025-03-27T14:44:26.035-0500] {logging_mixin.py:190} INFO - [2025-03-27T14:44:26.035-0500] {dagbag.py:588} INFO - Filling up the DagBag from /home/udhbhav/miniconda3/lib/python3.11/site-packages/airflow/example_dags/example_branch_operator.py
[2025-03-27T14:44:26.044-0500] {processor.py:925} INFO - DAG(s) 'example_branch_operator' retrieved from /home/udhbhav/miniconda3/lib/python3.11/site-packages/airflow/example_dags/example_branch_operator.py
[2025-03-27T14:44:26.055-0500] {logging_mixin.py:190} INFO - [2025-03-27T14:44:26.055-0500] {dag.py:3239} INFO - Sync 1 DAGs
[2025-03-27T14:44:26.064-0500] {logging_mixin.py:190} INFO - [2025-03-27T14:44:26.064-0500] {dag.py:4180} INFO - Setting next_dagrun for example_branch_operator to 2025-03-27 00:00:00+00:00, run_after=2025-03-28 00:00:00+00:00
[2025-03-27T14:44:26.168-0500] {processor.py:208} INFO - Processing /home/udhbhav/miniconda3/lib/python3.11/site-packages/airflow/example_dags/example_branch_operator.py took 0.137 seconds
[2025-03-27T14:45:37.133-0500] {processor.py:186} INFO - Started process (PID=1775205) to work on /home/udhbhav/miniconda3/lib/python3.11/site-packages/airflow/example_dags/example_branch_operator.py
[2025-03-27T14:45:37.133-0500] {processor.py:914} INFO - Processing file /home/udhbhav/miniconda3/lib/python3.11/site-packages/airflow/example_dags/example_branch_operator.py for tasks to queue
[2025-03-27T14:45:37.134-0500] {logging_mixin.py:190} INFO - [2025-03-27T14:45:37.134-0500] {dagbag.py:588} INFO - Filling up the DagBag from /home/udhbhav/miniconda3/lib/python3.11/site-packages/airflow/example_dags/example_branch_operator.py
[2025-03-27T14:45:37.143-0500] {processor.py:925} INFO - DAG(s) 'example_branch_operator' retrieved from /home/udhbhav/miniconda3/lib/python3.11/site-packages/airflow/example_dags/example_branch_operator.py
[2025-03-27T14:45:37.155-0500] {logging_mixin.py:190} INFO - [2025-03-27T14:45:37.155-0500] {dag.py:3239} INFO - Sync 1 DAGs
[2025-03-27T14:45:37.163-0500] {logging_mixin.py:190} INFO - [2025-03-27T14:45:37.163-0500] {dag.py:4180} INFO - Setting next_dagrun for example_branch_operator to 2025-03-27 00:00:00+00:00, run_after=2025-03-28 00:00:00+00:00
[2025-03-27T14:45:37.317-0500] {processor.py:208} INFO - Processing /home/udhbhav/miniconda3/lib/python3.11/site-packages/airflow/example_dags/example_branch_operator.py took 0.187 seconds
[2025-03-27T14:46:25.069-0500] {processor.py:186} INFO - Started process (PID=1775649) to work on /home/udhbhav/miniconda3/lib/python3.11/site-packages/airflow/example_dags/example_branch_operator.py
[2025-03-27T14:46:25.069-0500] {processor.py:914} INFO - Processing file /home/udhbhav/miniconda3/lib/python3.11/site-packages/airflow/example_dags/example_branch_operator.py for tasks to queue
[2025-03-27T14:46:25.070-0500] {logging_mixin.py:190} INFO - [2025-03-27T14:46:25.070-0500] {dagbag.py:588} INFO - Filling up the DagBag from /home/udhbhav/miniconda3/lib/python3.11/site-packages/airflow/example_dags/example_branch_operator.py
[2025-03-27T14:46:25.080-0500] {processor.py:925} INFO - DAG(s) 'example_branch_operator' retrieved from /home/udhbhav/miniconda3/lib/python3.11/site-packages/airflow/example_dags/example_branch_operator.py
[2025-03-27T14:46:25.091-0500] {logging_mixin.py:190} INFO - [2025-03-27T14:46:25.091-0500] {dag.py:3239} INFO - Sync 1 DAGs
[2025-03-27T14:46:25.099-0500] {logging_mixin.py:190} INFO - [2025-03-27T14:46:25.099-0500] {dag.py:4180} INFO - Setting next_dagrun for example_branch_operator to 2025-03-27 00:00:00+00:00, run_after=2025-03-28 00:00:00+00:00
[2025-03-27T14:46:26.822-0500] {processor.py:208} INFO - Processing /home/udhbhav/miniconda3/lib/python3.11/site-packages/airflow/example_dags/example_branch_operator.py took 1.756 seconds
[2025-03-27T14:47:11.776-0500] {processor.py:186} INFO - Started process (PID=1776108) to work on /home/udhbhav/miniconda3/lib/python3.11/site-packages/airflow/example_dags/example_branch_operator.py
[2025-03-27T14:47:11.777-0500] {processor.py:914} INFO - Processing file /home/udhbhav/miniconda3/lib/python3.11/site-packages/airflow/example_dags/example_branch_operator.py for tasks to queue
[2025-03-27T14:47:11.778-0500] {logging_mixin.py:190} INFO - [2025-03-27T14:47:11.777-0500] {dagbag.py:588} INFO - Filling up the DagBag from /home/udhbhav/miniconda3/lib/python3.11/site-packages/airflow/example_dags/example_branch_operator.py
[2025-03-27T14:47:11.787-0500] {processor.py:925} INFO - DAG(s) 'example_branch_operator' retrieved from /home/udhbhav/miniconda3/lib/python3.11/site-packages/airflow/example_dags/example_branch_operator.py
[2025-03-27T14:47:11.798-0500] {logging_mixin.py:190} INFO - [2025-03-27T14:47:11.798-0500] {dag.py:3239} INFO - Sync 1 DAGs
[2025-03-27T14:47:11.807-0500] {logging_mixin.py:190} INFO - [2025-03-27T14:47:11.807-0500] {dag.py:4180} INFO - Setting next_dagrun for example_branch_operator to 2025-03-27 00:00:00+00:00, run_after=2025-03-28 00:00:00+00:00
[2025-03-27T14:47:11.952-0500] {processor.py:208} INFO - Processing /home/udhbhav/miniconda3/lib/python3.11/site-packages/airflow/example_dags/example_branch_operator.py took 0.179 seconds
[2025-03-27T14:47:49.039-0500] {processor.py:186} INFO - Started process (PID=1776530) to work on /home/udhbhav/miniconda3/lib/python3.11/site-packages/airflow/example_dags/example_branch_operator.py
[2025-03-27T14:47:49.039-0500] {processor.py:914} INFO - Processing file /home/udhbhav/miniconda3/lib/python3.11/site-packages/airflow/example_dags/example_branch_operator.py for tasks to queue
[2025-03-27T14:47:49.040-0500] {logging_mixin.py:190} INFO - [2025-03-27T14:47:49.040-0500] {dagbag.py:588} INFO - Filling up the DagBag from /home/udhbhav/miniconda3/lib/python3.11/site-packages/airflow/example_dags/example_branch_operator.py
[2025-03-27T14:47:49.050-0500] {processor.py:925} INFO - DAG(s) 'example_branch_operator' retrieved from /home/udhbhav/miniconda3/lib/python3.11/site-packages/airflow/example_dags/example_branch_operator.py
[2025-03-27T14:47:49.061-0500] {logging_mixin.py:190} INFO - [2025-03-27T14:47:49.061-0500] {dag.py:3239} INFO - Sync 1 DAGs
[2025-03-27T14:47:49.069-0500] {logging_mixin.py:190} INFO - [2025-03-27T14:47:49.069-0500] {dag.py:4180} INFO - Setting next_dagrun for example_branch_operator to 2025-03-27 00:00:00+00:00, run_after=2025-03-28 00:00:00+00:00
[2025-03-27T14:47:49.236-0500] {processor.py:208} INFO - Processing /home/udhbhav/miniconda3/lib/python3.11/site-packages/airflow/example_dags/example_branch_operator.py took 0.200 seconds
[2025-03-27T14:48:27.398-0500] {processor.py:186} INFO - Started process (PID=1776801) to work on /home/udhbhav/miniconda3/lib/python3.11/site-packages/airflow/example_dags/example_branch_operator.py
[2025-03-27T14:48:27.398-0500] {processor.py:914} INFO - Processing file /home/udhbhav/miniconda3/lib/python3.11/site-packages/airflow/example_dags/example_branch_operator.py for tasks to queue
[2025-03-27T14:48:27.399-0500] {logging_mixin.py:190} INFO - [2025-03-27T14:48:27.399-0500] {dagbag.py:588} INFO - Filling up the DagBag from /home/udhbhav/miniconda3/lib/python3.11/site-packages/airflow/example_dags/example_branch_operator.py
[2025-03-27T14:48:27.408-0500] {processor.py:925} INFO - DAG(s) 'example_branch_operator' retrieved from /home/udhbhav/miniconda3/lib/python3.11/site-packages/airflow/example_dags/example_branch_operator.py
[2025-03-27T14:48:27.419-0500] {logging_mixin.py:190} INFO - [2025-03-27T14:48:27.419-0500] {dag.py:3239} INFO - Sync 1 DAGs
[2025-03-27T14:48:27.428-0500] {logging_mixin.py:190} INFO - [2025-03-27T14:48:27.428-0500] {dag.py:4180} INFO - Setting next_dagrun for example_branch_operator to 2025-03-27 00:00:00+00:00, run_after=2025-03-28 00:00:00+00:00
[2025-03-27T14:48:27.598-0500] {processor.py:208} INFO - Processing /home/udhbhav/miniconda3/lib/python3.11/site-packages/airflow/example_dags/example_branch_operator.py took 0.204 seconds
[2025-03-27T14:49:06.293-0500] {processor.py:186} INFO - Started process (PID=1777188) to work on /home/udhbhav/miniconda3/lib/python3.11/site-packages/airflow/example_dags/example_branch_operator.py
[2025-03-27T14:49:06.293-0500] {processor.py:914} INFO - Processing file /home/udhbhav/miniconda3/lib/python3.11/site-packages/airflow/example_dags/example_branch_operator.py for tasks to queue
[2025-03-27T14:49:06.294-0500] {logging_mixin.py:190} INFO - [2025-03-27T14:49:06.294-0500] {dagbag.py:588} INFO - Filling up the DagBag from /home/udhbhav/miniconda3/lib/python3.11/site-packages/airflow/example_dags/example_branch_operator.py
[2025-03-27T14:49:06.304-0500] {processor.py:925} INFO - DAG(s) 'example_branch_operator' retrieved from /home/udhbhav/miniconda3/lib/python3.11/site-packages/airflow/example_dags/example_branch_operator.py
[2025-03-27T14:49:06.315-0500] {logging_mixin.py:190} INFO - [2025-03-27T14:49:06.315-0500] {dag.py:3239} INFO - Sync 1 DAGs
[2025-03-27T14:49:06.324-0500] {logging_mixin.py:190} INFO - [2025-03-27T14:49:06.324-0500] {dag.py:4180} INFO - Setting next_dagrun for example_branch_operator to 2025-03-27 00:00:00+00:00, run_after=2025-03-28 00:00:00+00:00
[2025-03-27T14:49:06.477-0500] {processor.py:208} INFO - Processing /home/udhbhav/miniconda3/lib/python3.11/site-packages/airflow/example_dags/example_branch_operator.py took 0.187 seconds
[2025-03-27T14:49:54.980-0500] {processor.py:186} INFO - Started process (PID=1777719) to work on /home/udhbhav/miniconda3/lib/python3.11/site-packages/airflow/example_dags/example_branch_operator.py
[2025-03-27T14:49:54.981-0500] {processor.py:914} INFO - Processing file /home/udhbhav/miniconda3/lib/python3.11/site-packages/airflow/example_dags/example_branch_operator.py for tasks to queue
[2025-03-27T14:49:54.982-0500] {logging_mixin.py:190} INFO - [2025-03-27T14:49:54.982-0500] {dagbag.py:588} INFO - Filling up the DagBag from /home/udhbhav/miniconda3/lib/python3.11/site-packages/airflow/example_dags/example_branch_operator.py
[2025-03-27T14:49:54.991-0500] {processor.py:925} INFO - DAG(s) 'example_branch_operator' retrieved from /home/udhbhav/miniconda3/lib/python3.11/site-packages/airflow/example_dags/example_branch_operator.py
[2025-03-27T14:49:55.002-0500] {logging_mixin.py:190} INFO - [2025-03-27T14:49:55.002-0500] {dag.py:3239} INFO - Sync 1 DAGs
[2025-03-27T14:49:55.011-0500] {logging_mixin.py:190} INFO - [2025-03-27T14:49:55.011-0500] {dag.py:4180} INFO - Setting next_dagrun for example_branch_operator to 2025-03-27 00:00:00+00:00, run_after=2025-03-28 00:00:00+00:00
[2025-03-27T14:49:55.120-0500] {processor.py:208} INFO - Processing /home/udhbhav/miniconda3/lib/python3.11/site-packages/airflow/example_dags/example_branch_operator.py took 0.142 seconds
[2025-03-27T14:50:37.438-0500] {processor.py:186} INFO - Started process (PID=1778800) to work on /home/udhbhav/miniconda3/lib/python3.11/site-packages/airflow/example_dags/example_branch_operator.py
[2025-03-27T14:50:37.438-0500] {processor.py:914} INFO - Processing file /home/udhbhav/miniconda3/lib/python3.11/site-packages/airflow/example_dags/example_branch_operator.py for tasks to queue
[2025-03-27T14:50:37.439-0500] {logging_mixin.py:190} INFO - [2025-03-27T14:50:37.439-0500] {dagbag.py:588} INFO - Filling up the DagBag from /home/udhbhav/miniconda3/lib/python3.11/site-packages/airflow/example_dags/example_branch_operator.py
[2025-03-27T14:50:37.450-0500] {processor.py:925} INFO - DAG(s) 'example_branch_operator' retrieved from /home/udhbhav/miniconda3/lib/python3.11/site-packages/airflow/example_dags/example_branch_operator.py
[2025-03-27T14:50:37.462-0500] {logging_mixin.py:190} INFO - [2025-03-27T14:50:37.462-0500] {dag.py:3239} INFO - Sync 1 DAGs
[2025-03-27T14:50:37.471-0500] {logging_mixin.py:190} INFO - [2025-03-27T14:50:37.471-0500] {dag.py:4180} INFO - Setting next_dagrun for example_branch_operator to 2025-03-27 00:00:00+00:00, run_after=2025-03-28 00:00:00+00:00
[2025-03-27T14:50:37.577-0500] {processor.py:208} INFO - Processing /home/udhbhav/miniconda3/lib/python3.11/site-packages/airflow/example_dags/example_branch_operator.py took 0.142 seconds
[2025-03-27T14:51:41.912-0500] {processor.py:186} INFO - Started process (PID=1783608) to work on /home/udhbhav/miniconda3/lib/python3.11/site-packages/airflow/example_dags/example_branch_operator.py
[2025-03-27T14:51:41.912-0500] {processor.py:914} INFO - Processing file /home/udhbhav/miniconda3/lib/python3.11/site-packages/airflow/example_dags/example_branch_operator.py for tasks to queue
[2025-03-27T14:51:41.913-0500] {logging_mixin.py:190} INFO - [2025-03-27T14:51:41.913-0500] {dagbag.py:588} INFO - Filling up the DagBag from /home/udhbhav/miniconda3/lib/python3.11/site-packages/airflow/example_dags/example_branch_operator.py
[2025-03-27T14:51:41.923-0500] {processor.py:925} INFO - DAG(s) 'example_branch_operator' retrieved from /home/udhbhav/miniconda3/lib/python3.11/site-packages/airflow/example_dags/example_branch_operator.py
[2025-03-27T14:51:41.934-0500] {logging_mixin.py:190} INFO - [2025-03-27T14:51:41.934-0500] {dag.py:3239} INFO - Sync 1 DAGs
[2025-03-27T14:51:41.942-0500] {logging_mixin.py:190} INFO - [2025-03-27T14:51:41.942-0500] {dag.py:4180} INFO - Setting next_dagrun for example_branch_operator to 2025-03-27 00:00:00+00:00, run_after=2025-03-28 00:00:00+00:00
[2025-03-27T14:51:42.050-0500] {processor.py:208} INFO - Processing /home/udhbhav/miniconda3/lib/python3.11/site-packages/airflow/example_dags/example_branch_operator.py took 0.141 seconds
[2025-03-27T14:52:51.822-0500] {processor.py:186} INFO - Started process (PID=1784383) to work on /home/udhbhav/miniconda3/lib/python3.11/site-packages/airflow/example_dags/example_branch_operator.py
[2025-03-27T14:52:51.823-0500] {processor.py:914} INFO - Processing file /home/udhbhav/miniconda3/lib/python3.11/site-packages/airflow/example_dags/example_branch_operator.py for tasks to queue
[2025-03-27T14:52:51.824-0500] {logging_mixin.py:190} INFO - [2025-03-27T14:52:51.823-0500] {dagbag.py:588} INFO - Filling up the DagBag from /home/udhbhav/miniconda3/lib/python3.11/site-packages/airflow/example_dags/example_branch_operator.py
[2025-03-27T14:52:51.833-0500] {processor.py:925} INFO - DAG(s) 'example_branch_operator' retrieved from /home/udhbhav/miniconda3/lib/python3.11/site-packages/airflow/example_dags/example_branch_operator.py
[2025-03-27T14:52:51.844-0500] {logging_mixin.py:190} INFO - [2025-03-27T14:52:51.844-0500] {dag.py:3239} INFO - Sync 1 DAGs
[2025-03-27T14:52:51.853-0500] {logging_mixin.py:190} INFO - [2025-03-27T14:52:51.853-0500] {dag.py:4180} INFO - Setting next_dagrun for example_branch_operator to 2025-03-27 00:00:00+00:00, run_after=2025-03-28 00:00:00+00:00
[2025-03-27T14:52:52.354-0500] {processor.py:208} INFO - Processing /home/udhbhav/miniconda3/lib/python3.11/site-packages/airflow/example_dags/example_branch_operator.py took 0.534 seconds
[2025-03-27T14:54:00.134-0500] {processor.py:186} INFO - Started process (PID=1784968) to work on /home/udhbhav/miniconda3/lib/python3.11/site-packages/airflow/example_dags/example_branch_operator.py
[2025-03-27T14:54:00.134-0500] {processor.py:914} INFO - Processing file /home/udhbhav/miniconda3/lib/python3.11/site-packages/airflow/example_dags/example_branch_operator.py for tasks to queue
[2025-03-27T14:54:00.135-0500] {logging_mixin.py:190} INFO - [2025-03-27T14:54:00.135-0500] {dagbag.py:588} INFO - Filling up the DagBag from /home/udhbhav/miniconda3/lib/python3.11/site-packages/airflow/example_dags/example_branch_operator.py
[2025-03-27T14:54:00.144-0500] {processor.py:925} INFO - DAG(s) 'example_branch_operator' retrieved from /home/udhbhav/miniconda3/lib/python3.11/site-packages/airflow/example_dags/example_branch_operator.py
[2025-03-27T14:54:00.156-0500] {logging_mixin.py:190} INFO - [2025-03-27T14:54:00.156-0500] {dag.py:3239} INFO - Sync 1 DAGs
[2025-03-27T14:54:00.164-0500] {logging_mixin.py:190} INFO - [2025-03-27T14:54:00.164-0500] {dag.py:4180} INFO - Setting next_dagrun for example_branch_operator to 2025-03-27 00:00:00+00:00, run_after=2025-03-28 00:00:00+00:00
[2025-03-27T14:54:00.274-0500] {processor.py:208} INFO - Processing /home/udhbhav/miniconda3/lib/python3.11/site-packages/airflow/example_dags/example_branch_operator.py took 0.143 seconds
[2025-03-27T14:55:03.119-0500] {processor.py:186} INFO - Started process (PID=1785586) to work on /home/udhbhav/miniconda3/lib/python3.11/site-packages/airflow/example_dags/example_branch_operator.py
[2025-03-27T14:55:03.120-0500] {processor.py:914} INFO - Processing file /home/udhbhav/miniconda3/lib/python3.11/site-packages/airflow/example_dags/example_branch_operator.py for tasks to queue
[2025-03-27T14:55:03.121-0500] {logging_mixin.py:190} INFO - [2025-03-27T14:55:03.121-0500] {dagbag.py:588} INFO - Filling up the DagBag from /home/udhbhav/miniconda3/lib/python3.11/site-packages/airflow/example_dags/example_branch_operator.py
[2025-03-27T14:55:03.130-0500] {processor.py:925} INFO - DAG(s) 'example_branch_operator' retrieved from /home/udhbhav/miniconda3/lib/python3.11/site-packages/airflow/example_dags/example_branch_operator.py
[2025-03-27T14:55:03.141-0500] {logging_mixin.py:190} INFO - [2025-03-27T14:55:03.141-0500] {dag.py:3239} INFO - Sync 1 DAGs
[2025-03-27T14:55:03.150-0500] {logging_mixin.py:190} INFO - [2025-03-27T14:55:03.150-0500] {dag.py:4180} INFO - Setting next_dagrun for example_branch_operator to 2025-03-27 00:00:00+00:00, run_after=2025-03-28 00:00:00+00:00
[2025-03-27T14:55:03.257-0500] {processor.py:208} INFO - Processing /home/udhbhav/miniconda3/lib/python3.11/site-packages/airflow/example_dags/example_branch_operator.py took 0.140 seconds
[2025-03-27T14:56:17.303-0500] {processor.py:186} INFO - Started process (PID=1786310) to work on /home/udhbhav/miniconda3/lib/python3.11/site-packages/airflow/example_dags/example_branch_operator.py
[2025-03-27T14:56:17.303-0500] {processor.py:914} INFO - Processing file /home/udhbhav/miniconda3/lib/python3.11/site-packages/airflow/example_dags/example_branch_operator.py for tasks to queue
[2025-03-27T14:56:17.305-0500] {logging_mixin.py:190} INFO - [2025-03-27T14:56:17.305-0500] {dagbag.py:588} INFO - Filling up the DagBag from /home/udhbhav/miniconda3/lib/python3.11/site-packages/airflow/example_dags/example_branch_operator.py
[2025-03-27T14:56:17.314-0500] {processor.py:925} INFO - DAG(s) 'example_branch_operator' retrieved from /home/udhbhav/miniconda3/lib/python3.11/site-packages/airflow/example_dags/example_branch_operator.py
[2025-03-27T14:56:17.325-0500] {logging_mixin.py:190} INFO - [2025-03-27T14:56:17.325-0500] {dag.py:3239} INFO - Sync 1 DAGs
[2025-03-27T14:56:17.334-0500] {logging_mixin.py:190} INFO - [2025-03-27T14:56:17.334-0500] {dag.py:4180} INFO - Setting next_dagrun for example_branch_operator to 2025-03-27 00:00:00+00:00, run_after=2025-03-28 00:00:00+00:00
[2025-03-27T14:56:17.441-0500] {processor.py:208} INFO - Processing /home/udhbhav/miniconda3/lib/python3.11/site-packages/airflow/example_dags/example_branch_operator.py took 0.142 seconds
[2025-03-27T14:56:56.221-0500] {processor.py:186} INFO - Started process (PID=1786820) to work on /home/udhbhav/miniconda3/lib/python3.11/site-packages/airflow/example_dags/example_branch_operator.py
[2025-03-27T14:56:56.222-0500] {processor.py:914} INFO - Processing file /home/udhbhav/miniconda3/lib/python3.11/site-packages/airflow/example_dags/example_branch_operator.py for tasks to queue
[2025-03-27T14:56:56.222-0500] {logging_mixin.py:190} INFO - [2025-03-27T14:56:56.222-0500] {dagbag.py:588} INFO - Filling up the DagBag from /home/udhbhav/miniconda3/lib/python3.11/site-packages/airflow/example_dags/example_branch_operator.py
[2025-03-27T14:56:56.232-0500] {processor.py:925} INFO - DAG(s) 'example_branch_operator' retrieved from /home/udhbhav/miniconda3/lib/python3.11/site-packages/airflow/example_dags/example_branch_operator.py
[2025-03-27T14:56:56.243-0500] {logging_mixin.py:190} INFO - [2025-03-27T14:56:56.243-0500] {dag.py:3239} INFO - Sync 1 DAGs
[2025-03-27T14:56:56.252-0500] {logging_mixin.py:190} INFO - [2025-03-27T14:56:56.252-0500] {dag.py:4180} INFO - Setting next_dagrun for example_branch_operator to 2025-03-27 00:00:00+00:00, run_after=2025-03-28 00:00:00+00:00
[2025-03-27T14:56:56.359-0500] {processor.py:208} INFO - Processing /home/udhbhav/miniconda3/lib/python3.11/site-packages/airflow/example_dags/example_branch_operator.py took 0.141 seconds
[2025-03-27T14:57:33.681-0500] {processor.py:186} INFO - Started process (PID=1787115) to work on /home/udhbhav/miniconda3/lib/python3.11/site-packages/airflow/example_dags/example_branch_operator.py
[2025-03-27T14:57:33.682-0500] {processor.py:914} INFO - Processing file /home/udhbhav/miniconda3/lib/python3.11/site-packages/airflow/example_dags/example_branch_operator.py for tasks to queue
[2025-03-27T14:57:33.683-0500] {logging_mixin.py:190} INFO - [2025-03-27T14:57:33.683-0500] {dagbag.py:588} INFO - Filling up the DagBag from /home/udhbhav/miniconda3/lib/python3.11/site-packages/airflow/example_dags/example_branch_operator.py
[2025-03-27T14:57:33.692-0500] {processor.py:925} INFO - DAG(s) 'example_branch_operator' retrieved from /home/udhbhav/miniconda3/lib/python3.11/site-packages/airflow/example_dags/example_branch_operator.py
[2025-03-27T14:57:33.704-0500] {logging_mixin.py:190} INFO - [2025-03-27T14:57:33.703-0500] {dag.py:3239} INFO - Sync 1 DAGs
[2025-03-27T14:57:33.712-0500] {logging_mixin.py:190} INFO - [2025-03-27T14:57:33.712-0500] {dag.py:4180} INFO - Setting next_dagrun for example_branch_operator to 2025-03-27 00:00:00+00:00, run_after=2025-03-28 00:00:00+00:00
[2025-03-27T14:57:33.819-0500] {processor.py:208} INFO - Processing /home/udhbhav/miniconda3/lib/python3.11/site-packages/airflow/example_dags/example_branch_operator.py took 0.141 seconds
[2025-03-27T14:58:13.721-0500] {processor.py:186} INFO - Started process (PID=1787514) to work on /home/udhbhav/miniconda3/lib/python3.11/site-packages/airflow/example_dags/example_branch_operator.py
[2025-03-27T14:58:13.722-0500] {processor.py:914} INFO - Processing file /home/udhbhav/miniconda3/lib/python3.11/site-packages/airflow/example_dags/example_branch_operator.py for tasks to queue
[2025-03-27T14:58:13.723-0500] {logging_mixin.py:190} INFO - [2025-03-27T14:58:13.722-0500] {dagbag.py:588} INFO - Filling up the DagBag from /home/udhbhav/miniconda3/lib/python3.11/site-packages/airflow/example_dags/example_branch_operator.py
[2025-03-27T14:58:13.732-0500] {processor.py:925} INFO - DAG(s) 'example_branch_operator' retrieved from /home/udhbhav/miniconda3/lib/python3.11/site-packages/airflow/example_dags/example_branch_operator.py
[2025-03-27T14:58:13.743-0500] {logging_mixin.py:190} INFO - [2025-03-27T14:58:13.743-0500] {dag.py:3239} INFO - Sync 1 DAGs
[2025-03-27T14:58:13.752-0500] {logging_mixin.py:190} INFO - [2025-03-27T14:58:13.752-0500] {dag.py:4180} INFO - Setting next_dagrun for example_branch_operator to 2025-03-27 00:00:00+00:00, run_after=2025-03-28 00:00:00+00:00
[2025-03-27T14:58:13.911-0500] {processor.py:208} INFO - Processing /home/udhbhav/miniconda3/lib/python3.11/site-packages/airflow/example_dags/example_branch_operator.py took 0.193 seconds
[2025-03-27T14:58:53.851-0500] {processor.py:186} INFO - Started process (PID=1788061) to work on /home/udhbhav/miniconda3/lib/python3.11/site-packages/airflow/example_dags/example_branch_operator.py
[2025-03-27T14:58:53.851-0500] {processor.py:914} INFO - Processing file /home/udhbhav/miniconda3/lib/python3.11/site-packages/airflow/example_dags/example_branch_operator.py for tasks to queue
[2025-03-27T14:58:53.852-0500] {logging_mixin.py:190} INFO - [2025-03-27T14:58:53.852-0500] {dagbag.py:588} INFO - Filling up the DagBag from /home/udhbhav/miniconda3/lib/python3.11/site-packages/airflow/example_dags/example_branch_operator.py
[2025-03-27T14:58:53.861-0500] {processor.py:925} INFO - DAG(s) 'example_branch_operator' retrieved from /home/udhbhav/miniconda3/lib/python3.11/site-packages/airflow/example_dags/example_branch_operator.py
[2025-03-27T14:58:53.873-0500] {logging_mixin.py:190} INFO - [2025-03-27T14:58:53.873-0500] {dag.py:3239} INFO - Sync 1 DAGs
[2025-03-27T14:58:53.882-0500] {logging_mixin.py:190} INFO - [2025-03-27T14:58:53.881-0500] {dag.py:4180} INFO - Setting next_dagrun for example_branch_operator to 2025-03-27 00:00:00+00:00, run_after=2025-03-28 00:00:00+00:00
[2025-03-27T14:58:54.083-0500] {processor.py:208} INFO - Processing /home/udhbhav/miniconda3/lib/python3.11/site-packages/airflow/example_dags/example_branch_operator.py took 0.236 seconds
[2025-03-27T14:59:42.319-0500] {processor.py:186} INFO - Started process (PID=1788462) to work on /home/udhbhav/miniconda3/lib/python3.11/site-packages/airflow/example_dags/example_branch_operator.py
[2025-03-27T14:59:42.319-0500] {processor.py:914} INFO - Processing file /home/udhbhav/miniconda3/lib/python3.11/site-packages/airflow/example_dags/example_branch_operator.py for tasks to queue
[2025-03-27T14:59:42.320-0500] {logging_mixin.py:190} INFO - [2025-03-27T14:59:42.320-0500] {dagbag.py:588} INFO - Filling up the DagBag from /home/udhbhav/miniconda3/lib/python3.11/site-packages/airflow/example_dags/example_branch_operator.py
[2025-03-27T14:59:42.330-0500] {processor.py:925} INFO - DAG(s) 'example_branch_operator' retrieved from /home/udhbhav/miniconda3/lib/python3.11/site-packages/airflow/example_dags/example_branch_operator.py
[2025-03-27T14:59:42.341-0500] {logging_mixin.py:190} INFO - [2025-03-27T14:59:42.341-0500] {dag.py:3239} INFO - Sync 1 DAGs
[2025-03-27T14:59:42.349-0500] {logging_mixin.py:190} INFO - [2025-03-27T14:59:42.349-0500] {dag.py:4180} INFO - Setting next_dagrun for example_branch_operator to 2025-03-27 00:00:00+00:00, run_after=2025-03-28 00:00:00+00:00
[2025-03-27T14:59:42.499-0500] {processor.py:208} INFO - Processing /home/udhbhav/miniconda3/lib/python3.11/site-packages/airflow/example_dags/example_branch_operator.py took 0.183 seconds
[2025-03-27T15:00:26.014-0500] {processor.py:186} INFO - Started process (PID=1789015) to work on /home/udhbhav/miniconda3/lib/python3.11/site-packages/airflow/example_dags/example_branch_operator.py
[2025-03-27T15:00:26.015-0500] {processor.py:914} INFO - Processing file /home/udhbhav/miniconda3/lib/python3.11/site-packages/airflow/example_dags/example_branch_operator.py for tasks to queue
[2025-03-27T15:00:26.015-0500] {logging_mixin.py:190} INFO - [2025-03-27T15:00:26.015-0500] {dagbag.py:588} INFO - Filling up the DagBag from /home/udhbhav/miniconda3/lib/python3.11/site-packages/airflow/example_dags/example_branch_operator.py
[2025-03-27T15:00:26.026-0500] {processor.py:925} INFO - DAG(s) 'example_branch_operator' retrieved from /home/udhbhav/miniconda3/lib/python3.11/site-packages/airflow/example_dags/example_branch_operator.py
[2025-03-27T15:00:26.037-0500] {logging_mixin.py:190} INFO - [2025-03-27T15:00:26.037-0500] {dag.py:3239} INFO - Sync 1 DAGs
[2025-03-27T15:00:26.046-0500] {logging_mixin.py:190} INFO - [2025-03-27T15:00:26.045-0500] {dag.py:4180} INFO - Setting next_dagrun for example_branch_operator to 2025-03-27 00:00:00+00:00, run_after=2025-03-28 00:00:00+00:00
[2025-03-27T15:00:26.153-0500] {processor.py:208} INFO - Processing /home/udhbhav/miniconda3/lib/python3.11/site-packages/airflow/example_dags/example_branch_operator.py took 0.142 seconds
[2025-03-27T15:01:29.131-0500] {processor.py:186} INFO - Started process (PID=1789706) to work on /home/udhbhav/miniconda3/lib/python3.11/site-packages/airflow/example_dags/example_branch_operator.py
[2025-03-27T15:01:29.132-0500] {processor.py:914} INFO - Processing file /home/udhbhav/miniconda3/lib/python3.11/site-packages/airflow/example_dags/example_branch_operator.py for tasks to queue
[2025-03-27T15:01:29.133-0500] {logging_mixin.py:190} INFO - [2025-03-27T15:01:29.132-0500] {dagbag.py:588} INFO - Filling up the DagBag from /home/udhbhav/miniconda3/lib/python3.11/site-packages/airflow/example_dags/example_branch_operator.py
[2025-03-27T15:01:29.143-0500] {processor.py:925} INFO - DAG(s) 'example_branch_operator' retrieved from /home/udhbhav/miniconda3/lib/python3.11/site-packages/airflow/example_dags/example_branch_operator.py
[2025-03-27T15:01:29.154-0500] {logging_mixin.py:190} INFO - [2025-03-27T15:01:29.154-0500] {dag.py:3239} INFO - Sync 1 DAGs
[2025-03-27T15:01:29.163-0500] {logging_mixin.py:190} INFO - [2025-03-27T15:01:29.162-0500] {dag.py:4180} INFO - Setting next_dagrun for example_branch_operator to 2025-03-27 00:00:00+00:00, run_after=2025-03-28 00:00:00+00:00
[2025-03-27T15:01:29.271-0500] {processor.py:208} INFO - Processing /home/udhbhav/miniconda3/lib/python3.11/site-packages/airflow/example_dags/example_branch_operator.py took 0.143 seconds
[2025-03-27T15:02:36.136-0500] {processor.py:186} INFO - Started process (PID=1790469) to work on /home/udhbhav/miniconda3/lib/python3.11/site-packages/airflow/example_dags/example_branch_operator.py
[2025-03-27T15:02:36.137-0500] {processor.py:914} INFO - Processing file /home/udhbhav/miniconda3/lib/python3.11/site-packages/airflow/example_dags/example_branch_operator.py for tasks to queue
[2025-03-27T15:02:36.138-0500] {logging_mixin.py:190} INFO - [2025-03-27T15:02:36.138-0500] {dagbag.py:588} INFO - Filling up the DagBag from /home/udhbhav/miniconda3/lib/python3.11/site-packages/airflow/example_dags/example_branch_operator.py
[2025-03-27T15:02:36.147-0500] {processor.py:925} INFO - DAG(s) 'example_branch_operator' retrieved from /home/udhbhav/miniconda3/lib/python3.11/site-packages/airflow/example_dags/example_branch_operator.py
[2025-03-27T15:02:36.158-0500] {logging_mixin.py:190} INFO - [2025-03-27T15:02:36.158-0500] {dag.py:3239} INFO - Sync 1 DAGs
[2025-03-27T15:02:36.166-0500] {logging_mixin.py:190} INFO - [2025-03-27T15:02:36.166-0500] {dag.py:4180} INFO - Setting next_dagrun for example_branch_operator to 2025-03-27 00:00:00+00:00, run_after=2025-03-28 00:00:00+00:00
[2025-03-27T15:02:36.336-0500] {processor.py:208} INFO - Processing /home/udhbhav/miniconda3/lib/python3.11/site-packages/airflow/example_dags/example_branch_operator.py took 0.202 seconds
[2025-03-27T15:03:16.145-0500] {processor.py:186} INFO - Started process (PID=1790834) to work on /home/udhbhav/miniconda3/lib/python3.11/site-packages/airflow/example_dags/example_branch_operator.py
[2025-03-27T15:03:16.145-0500] {processor.py:914} INFO - Processing file /home/udhbhav/miniconda3/lib/python3.11/site-packages/airflow/example_dags/example_branch_operator.py for tasks to queue
[2025-03-27T15:03:16.146-0500] {logging_mixin.py:190} INFO - [2025-03-27T15:03:16.146-0500] {dagbag.py:588} INFO - Filling up the DagBag from /home/udhbhav/miniconda3/lib/python3.11/site-packages/airflow/example_dags/example_branch_operator.py
[2025-03-27T15:03:16.155-0500] {processor.py:925} INFO - DAG(s) 'example_branch_operator' retrieved from /home/udhbhav/miniconda3/lib/python3.11/site-packages/airflow/example_dags/example_branch_operator.py
[2025-03-27T15:03:16.166-0500] {logging_mixin.py:190} INFO - [2025-03-27T15:03:16.166-0500] {dag.py:3239} INFO - Sync 1 DAGs
[2025-03-27T15:03:16.175-0500] {logging_mixin.py:190} INFO - [2025-03-27T15:03:16.175-0500] {dag.py:4180} INFO - Setting next_dagrun for example_branch_operator to 2025-03-27 00:00:00+00:00, run_after=2025-03-28 00:00:00+00:00
[2025-03-27T15:03:16.349-0500] {processor.py:208} INFO - Processing /home/udhbhav/miniconda3/lib/python3.11/site-packages/airflow/example_dags/example_branch_operator.py took 0.207 seconds
[2025-03-27T15:03:54.720-0500] {processor.py:186} INFO - Started process (PID=1791272) to work on /home/udhbhav/miniconda3/lib/python3.11/site-packages/airflow/example_dags/example_branch_operator.py
[2025-03-27T15:03:54.721-0500] {processor.py:914} INFO - Processing file /home/udhbhav/miniconda3/lib/python3.11/site-packages/airflow/example_dags/example_branch_operator.py for tasks to queue
[2025-03-27T15:03:54.722-0500] {logging_mixin.py:190} INFO - [2025-03-27T15:03:54.722-0500] {dagbag.py:588} INFO - Filling up the DagBag from /home/udhbhav/miniconda3/lib/python3.11/site-packages/airflow/example_dags/example_branch_operator.py
[2025-03-27T15:03:54.731-0500] {processor.py:925} INFO - DAG(s) 'example_branch_operator' retrieved from /home/udhbhav/miniconda3/lib/python3.11/site-packages/airflow/example_dags/example_branch_operator.py
[2025-03-27T15:03:54.742-0500] {logging_mixin.py:190} INFO - [2025-03-27T15:03:54.742-0500] {dag.py:3239} INFO - Sync 1 DAGs
[2025-03-27T15:03:54.751-0500] {logging_mixin.py:190} INFO - [2025-03-27T15:03:54.750-0500] {dag.py:4180} INFO - Setting next_dagrun for example_branch_operator to 2025-03-27 00:00:00+00:00, run_after=2025-03-28 00:00:00+00:00
[2025-03-27T15:03:54.893-0500] {processor.py:208} INFO - Processing /home/udhbhav/miniconda3/lib/python3.11/site-packages/airflow/example_dags/example_branch_operator.py took 0.176 seconds
[2025-03-27T15:05:09.994-0500] {processor.py:186} INFO - Started process (PID=1791960) to work on /home/udhbhav/miniconda3/lib/python3.11/site-packages/airflow/example_dags/example_branch_operator.py
[2025-03-27T15:05:09.994-0500] {processor.py:914} INFO - Processing file /home/udhbhav/miniconda3/lib/python3.11/site-packages/airflow/example_dags/example_branch_operator.py for tasks to queue
[2025-03-27T15:05:09.995-0500] {logging_mixin.py:190} INFO - [2025-03-27T15:05:09.995-0500] {dagbag.py:588} INFO - Filling up the DagBag from /home/udhbhav/miniconda3/lib/python3.11/site-packages/airflow/example_dags/example_branch_operator.py
[2025-03-27T15:05:10.007-0500] {processor.py:925} INFO - DAG(s) 'example_branch_operator' retrieved from /home/udhbhav/miniconda3/lib/python3.11/site-packages/airflow/example_dags/example_branch_operator.py
[2025-03-27T15:05:10.019-0500] {logging_mixin.py:190} INFO - [2025-03-27T15:05:10.019-0500] {dag.py:3239} INFO - Sync 1 DAGs
[2025-03-27T15:05:10.027-0500] {logging_mixin.py:190} INFO - [2025-03-27T15:05:10.027-0500] {dag.py:4180} INFO - Setting next_dagrun for example_branch_operator to 2025-03-27 00:00:00+00:00, run_after=2025-03-28 00:00:00+00:00
[2025-03-27T15:05:10.219-0500] {processor.py:208} INFO - Processing /home/udhbhav/miniconda3/lib/python3.11/site-packages/airflow/example_dags/example_branch_operator.py took 0.228 seconds
[2025-03-27T15:05:47.809-0500] {processor.py:186} INFO - Started process (PID=1792395) to work on /home/udhbhav/miniconda3/lib/python3.11/site-packages/airflow/example_dags/example_branch_operator.py
[2025-03-27T15:05:47.810-0500] {processor.py:914} INFO - Processing file /home/udhbhav/miniconda3/lib/python3.11/site-packages/airflow/example_dags/example_branch_operator.py for tasks to queue
[2025-03-27T15:05:47.811-0500] {logging_mixin.py:190} INFO - [2025-03-27T15:05:47.810-0500] {dagbag.py:588} INFO - Filling up the DagBag from /home/udhbhav/miniconda3/lib/python3.11/site-packages/airflow/example_dags/example_branch_operator.py
[2025-03-27T15:05:47.820-0500] {processor.py:925} INFO - DAG(s) 'example_branch_operator' retrieved from /home/udhbhav/miniconda3/lib/python3.11/site-packages/airflow/example_dags/example_branch_operator.py
[2025-03-27T15:05:47.831-0500] {logging_mixin.py:190} INFO - [2025-03-27T15:05:47.831-0500] {dag.py:3239} INFO - Sync 1 DAGs
[2025-03-27T15:05:47.839-0500] {logging_mixin.py:190} INFO - [2025-03-27T15:05:47.839-0500] {dag.py:4180} INFO - Setting next_dagrun for example_branch_operator to 2025-03-27 00:00:00+00:00, run_after=2025-03-28 00:00:00+00:00
[2025-03-27T15:05:48.003-0500] {processor.py:208} INFO - Processing /home/udhbhav/miniconda3/lib/python3.11/site-packages/airflow/example_dags/example_branch_operator.py took 0.197 seconds
[2025-03-27T15:06:36.495-0500] {processor.py:186} INFO - Started process (PID=1792767) to work on /home/udhbhav/miniconda3/lib/python3.11/site-packages/airflow/example_dags/example_branch_operator.py
[2025-03-27T15:06:36.496-0500] {processor.py:914} INFO - Processing file /home/udhbhav/miniconda3/lib/python3.11/site-packages/airflow/example_dags/example_branch_operator.py for tasks to queue
[2025-03-27T15:06:36.496-0500] {logging_mixin.py:190} INFO - [2025-03-27T15:06:36.496-0500] {dagbag.py:588} INFO - Filling up the DagBag from /home/udhbhav/miniconda3/lib/python3.11/site-packages/airflow/example_dags/example_branch_operator.py
[2025-03-27T15:06:36.506-0500] {processor.py:925} INFO - DAG(s) 'example_branch_operator' retrieved from /home/udhbhav/miniconda3/lib/python3.11/site-packages/airflow/example_dags/example_branch_operator.py
[2025-03-27T15:06:36.517-0500] {logging_mixin.py:190} INFO - [2025-03-27T15:06:36.517-0500] {dag.py:3239} INFO - Sync 1 DAGs
[2025-03-27T15:06:36.525-0500] {logging_mixin.py:190} INFO - [2025-03-27T15:06:36.525-0500] {dag.py:4180} INFO - Setting next_dagrun for example_branch_operator to 2025-03-27 00:00:00+00:00, run_after=2025-03-28 00:00:00+00:00
[2025-03-27T15:06:36.907-0500] {processor.py:208} INFO - Processing /home/udhbhav/miniconda3/lib/python3.11/site-packages/airflow/example_dags/example_branch_operator.py took 0.415 seconds
[2025-03-27T15:07:19.889-0500] {processor.py:186} INFO - Started process (PID=1793235) to work on /home/udhbhav/miniconda3/lib/python3.11/site-packages/airflow/example_dags/example_branch_operator.py
[2025-03-27T15:07:19.889-0500] {processor.py:914} INFO - Processing file /home/udhbhav/miniconda3/lib/python3.11/site-packages/airflow/example_dags/example_branch_operator.py for tasks to queue
[2025-03-27T15:07:19.890-0500] {logging_mixin.py:190} INFO - [2025-03-27T15:07:19.890-0500] {dagbag.py:588} INFO - Filling up the DagBag from /home/udhbhav/miniconda3/lib/python3.11/site-packages/airflow/example_dags/example_branch_operator.py
[2025-03-27T15:07:19.900-0500] {processor.py:925} INFO - DAG(s) 'example_branch_operator' retrieved from /home/udhbhav/miniconda3/lib/python3.11/site-packages/airflow/example_dags/example_branch_operator.py
[2025-03-27T15:07:19.911-0500] {logging_mixin.py:190} INFO - [2025-03-27T15:07:19.911-0500] {dag.py:3239} INFO - Sync 1 DAGs
[2025-03-27T15:07:19.920-0500] {logging_mixin.py:190} INFO - [2025-03-27T15:07:19.920-0500] {dag.py:4180} INFO - Setting next_dagrun for example_branch_operator to 2025-03-27 00:00:00+00:00, run_after=2025-03-28 00:00:00+00:00
[2025-03-27T15:07:20.024-0500] {processor.py:208} INFO - Processing /home/udhbhav/miniconda3/lib/python3.11/site-packages/airflow/example_dags/example_branch_operator.py took 0.138 seconds
[2025-03-27T15:08:24.247-0500] {processor.py:186} INFO - Started process (PID=1793897) to work on /home/udhbhav/miniconda3/lib/python3.11/site-packages/airflow/example_dags/example_branch_operator.py
[2025-03-27T15:08:24.247-0500] {processor.py:914} INFO - Processing file /home/udhbhav/miniconda3/lib/python3.11/site-packages/airflow/example_dags/example_branch_operator.py for tasks to queue
[2025-03-27T15:08:24.248-0500] {logging_mixin.py:190} INFO - [2025-03-27T15:08:24.248-0500] {dagbag.py:588} INFO - Filling up the DagBag from /home/udhbhav/miniconda3/lib/python3.11/site-packages/airflow/example_dags/example_branch_operator.py
[2025-03-27T15:08:24.258-0500] {processor.py:925} INFO - DAG(s) 'example_branch_operator' retrieved from /home/udhbhav/miniconda3/lib/python3.11/site-packages/airflow/example_dags/example_branch_operator.py
[2025-03-27T15:08:24.269-0500] {logging_mixin.py:190} INFO - [2025-03-27T15:08:24.269-0500] {dag.py:3239} INFO - Sync 1 DAGs
[2025-03-27T15:08:24.278-0500] {logging_mixin.py:190} INFO - [2025-03-27T15:08:24.278-0500] {dag.py:4180} INFO - Setting next_dagrun for example_branch_operator to 2025-03-27 00:00:00+00:00, run_after=2025-03-28 00:00:00+00:00
[2025-03-27T15:08:24.385-0500] {processor.py:208} INFO - Processing /home/udhbhav/miniconda3/lib/python3.11/site-packages/airflow/example_dags/example_branch_operator.py took 0.141 seconds
[2025-03-27T15:09:28.101-0500] {processor.py:186} INFO - Started process (PID=1794510) to work on /home/udhbhav/miniconda3/lib/python3.11/site-packages/airflow/example_dags/example_branch_operator.py
[2025-03-27T15:09:28.102-0500] {processor.py:914} INFO - Processing file /home/udhbhav/miniconda3/lib/python3.11/site-packages/airflow/example_dags/example_branch_operator.py for tasks to queue
[2025-03-27T15:09:28.103-0500] {logging_mixin.py:190} INFO - [2025-03-27T15:09:28.103-0500] {dagbag.py:588} INFO - Filling up the DagBag from /home/udhbhav/miniconda3/lib/python3.11/site-packages/airflow/example_dags/example_branch_operator.py
[2025-03-27T15:09:28.112-0500] {processor.py:925} INFO - DAG(s) 'example_branch_operator' retrieved from /home/udhbhav/miniconda3/lib/python3.11/site-packages/airflow/example_dags/example_branch_operator.py
[2025-03-27T15:09:28.123-0500] {logging_mixin.py:190} INFO - [2025-03-27T15:09:28.123-0500] {dag.py:3239} INFO - Sync 1 DAGs
[2025-03-27T15:09:28.132-0500] {logging_mixin.py:190} INFO - [2025-03-27T15:09:28.132-0500] {dag.py:4180} INFO - Setting next_dagrun for example_branch_operator to 2025-03-27 00:00:00+00:00, run_after=2025-03-28 00:00:00+00:00
[2025-03-27T15:09:28.389-0500] {processor.py:208} INFO - Processing /home/udhbhav/miniconda3/lib/python3.11/site-packages/airflow/example_dags/example_branch_operator.py took 0.290 seconds
[2025-03-27T15:10:09.664-0500] {processor.py:186} INFO - Started process (PID=1794890) to work on /home/udhbhav/miniconda3/lib/python3.11/site-packages/airflow/example_dags/example_branch_operator.py
[2025-03-27T15:10:09.665-0500] {processor.py:914} INFO - Processing file /home/udhbhav/miniconda3/lib/python3.11/site-packages/airflow/example_dags/example_branch_operator.py for tasks to queue
[2025-03-27T15:10:09.666-0500] {logging_mixin.py:190} INFO - [2025-03-27T15:10:09.665-0500] {dagbag.py:588} INFO - Filling up the DagBag from /home/udhbhav/miniconda3/lib/python3.11/site-packages/airflow/example_dags/example_branch_operator.py
[2025-03-27T15:10:09.675-0500] {processor.py:925} INFO - DAG(s) 'example_branch_operator' retrieved from /home/udhbhav/miniconda3/lib/python3.11/site-packages/airflow/example_dags/example_branch_operator.py
[2025-03-27T15:10:09.686-0500] {logging_mixin.py:190} INFO - [2025-03-27T15:10:09.686-0500] {dag.py:3239} INFO - Sync 1 DAGs
[2025-03-27T15:10:09.695-0500] {logging_mixin.py:190} INFO - [2025-03-27T15:10:09.694-0500] {dag.py:4180} INFO - Setting next_dagrun for example_branch_operator to 2025-03-27 00:00:00+00:00, run_after=2025-03-28 00:00:00+00:00
[2025-03-27T15:10:09.802-0500] {processor.py:208} INFO - Processing /home/udhbhav/miniconda3/lib/python3.11/site-packages/airflow/example_dags/example_branch_operator.py took 0.141 seconds
[2025-03-27T15:10:46.133-0500] {processor.py:186} INFO - Started process (PID=1795349) to work on /home/udhbhav/miniconda3/lib/python3.11/site-packages/airflow/example_dags/example_branch_operator.py
[2025-03-27T15:10:46.134-0500] {processor.py:914} INFO - Processing file /home/udhbhav/miniconda3/lib/python3.11/site-packages/airflow/example_dags/example_branch_operator.py for tasks to queue
[2025-03-27T15:10:46.135-0500] {logging_mixin.py:190} INFO - [2025-03-27T15:10:46.134-0500] {dagbag.py:588} INFO - Filling up the DagBag from /home/udhbhav/miniconda3/lib/python3.11/site-packages/airflow/example_dags/example_branch_operator.py
[2025-03-27T15:10:46.144-0500] {processor.py:925} INFO - DAG(s) 'example_branch_operator' retrieved from /home/udhbhav/miniconda3/lib/python3.11/site-packages/airflow/example_dags/example_branch_operator.py
[2025-03-27T15:10:46.155-0500] {logging_mixin.py:190} INFO - [2025-03-27T15:10:46.155-0500] {dag.py:3239} INFO - Sync 1 DAGs
[2025-03-27T15:10:46.163-0500] {logging_mixin.py:190} INFO - [2025-03-27T15:10:46.163-0500] {dag.py:4180} INFO - Setting next_dagrun for example_branch_operator to 2025-03-27 00:00:00+00:00, run_after=2025-03-28 00:00:00+00:00
[2025-03-27T15:10:46.268-0500] {processor.py:208} INFO - Processing /home/udhbhav/miniconda3/lib/python3.11/site-packages/airflow/example_dags/example_branch_operator.py took 0.137 seconds
[2025-03-27T15:11:51.714-0500] {processor.py:186} INFO - Started process (PID=1797576) to work on /home/udhbhav/miniconda3/lib/python3.11/site-packages/airflow/example_dags/example_branch_operator.py
[2025-03-27T15:11:51.714-0500] {processor.py:914} INFO - Processing file /home/udhbhav/miniconda3/lib/python3.11/site-packages/airflow/example_dags/example_branch_operator.py for tasks to queue
[2025-03-27T15:11:51.715-0500] {logging_mixin.py:190} INFO - [2025-03-27T15:11:51.715-0500] {dagbag.py:588} INFO - Filling up the DagBag from /home/udhbhav/miniconda3/lib/python3.11/site-packages/airflow/example_dags/example_branch_operator.py
[2025-03-27T15:11:51.725-0500] {processor.py:925} INFO - DAG(s) 'example_branch_operator' retrieved from /home/udhbhav/miniconda3/lib/python3.11/site-packages/airflow/example_dags/example_branch_operator.py
[2025-03-27T15:11:51.736-0500] {logging_mixin.py:190} INFO - [2025-03-27T15:11:51.736-0500] {dag.py:3239} INFO - Sync 1 DAGs
[2025-03-27T15:11:51.745-0500] {logging_mixin.py:190} INFO - [2025-03-27T15:11:51.745-0500] {dag.py:4180} INFO - Setting next_dagrun for example_branch_operator to 2025-03-27 00:00:00+00:00, run_after=2025-03-28 00:00:00+00:00
[2025-03-27T15:11:51.852-0500] {processor.py:208} INFO - Processing /home/udhbhav/miniconda3/lib/python3.11/site-packages/airflow/example_dags/example_branch_operator.py took 0.140 seconds
[2025-03-27T15:13:06.174-0500] {processor.py:186} INFO - Started process (PID=1798253) to work on /home/udhbhav/miniconda3/lib/python3.11/site-packages/airflow/example_dags/example_branch_operator.py
[2025-03-27T15:13:06.174-0500] {processor.py:914} INFO - Processing file /home/udhbhav/miniconda3/lib/python3.11/site-packages/airflow/example_dags/example_branch_operator.py for tasks to queue
[2025-03-27T15:13:06.175-0500] {logging_mixin.py:190} INFO - [2025-03-27T15:13:06.175-0500] {dagbag.py:588} INFO - Filling up the DagBag from /home/udhbhav/miniconda3/lib/python3.11/site-packages/airflow/example_dags/example_branch_operator.py
[2025-03-27T15:13:06.184-0500] {processor.py:925} INFO - DAG(s) 'example_branch_operator' retrieved from /home/udhbhav/miniconda3/lib/python3.11/site-packages/airflow/example_dags/example_branch_operator.py
[2025-03-27T15:13:06.196-0500] {logging_mixin.py:190} INFO - [2025-03-27T15:13:06.195-0500] {dag.py:3239} INFO - Sync 1 DAGs
[2025-03-27T15:13:06.204-0500] {logging_mixin.py:190} INFO - [2025-03-27T15:13:06.204-0500] {dag.py:4180} INFO - Setting next_dagrun for example_branch_operator to 2025-03-27 00:00:00+00:00, run_after=2025-03-28 00:00:00+00:00
[2025-03-27T15:13:06.326-0500] {processor.py:208} INFO - Processing /home/udhbhav/miniconda3/lib/python3.11/site-packages/airflow/example_dags/example_branch_operator.py took 0.155 seconds
[2025-03-27T15:13:47.135-0500] {processor.py:186} INFO - Started process (PID=1798752) to work on /home/udhbhav/miniconda3/lib/python3.11/site-packages/airflow/example_dags/example_branch_operator.py
[2025-03-27T15:13:47.136-0500] {processor.py:914} INFO - Processing file /home/udhbhav/miniconda3/lib/python3.11/site-packages/airflow/example_dags/example_branch_operator.py for tasks to queue
[2025-03-27T15:13:47.137-0500] {logging_mixin.py:190} INFO - [2025-03-27T15:13:47.137-0500] {dagbag.py:588} INFO - Filling up the DagBag from /home/udhbhav/miniconda3/lib/python3.11/site-packages/airflow/example_dags/example_branch_operator.py
[2025-03-27T15:13:47.146-0500] {processor.py:925} INFO - DAG(s) 'example_branch_operator' retrieved from /home/udhbhav/miniconda3/lib/python3.11/site-packages/airflow/example_dags/example_branch_operator.py
[2025-03-27T15:13:47.157-0500] {logging_mixin.py:190} INFO - [2025-03-27T15:13:47.157-0500] {dag.py:3239} INFO - Sync 1 DAGs
[2025-03-27T15:13:47.165-0500] {logging_mixin.py:190} INFO - [2025-03-27T15:13:47.165-0500] {dag.py:4180} INFO - Setting next_dagrun for example_branch_operator to 2025-03-27 00:00:00+00:00, run_after=2025-03-28 00:00:00+00:00
[2025-03-27T15:13:47.331-0500] {processor.py:208} INFO - Processing /home/udhbhav/miniconda3/lib/python3.11/site-packages/airflow/example_dags/example_branch_operator.py took 0.199 seconds
[2025-03-27T15:15:01.660-0500] {processor.py:186} INFO - Started process (PID=1799445) to work on /home/udhbhav/miniconda3/lib/python3.11/site-packages/airflow/example_dags/example_branch_operator.py
[2025-03-27T15:15:01.660-0500] {processor.py:914} INFO - Processing file /home/udhbhav/miniconda3/lib/python3.11/site-packages/airflow/example_dags/example_branch_operator.py for tasks to queue
[2025-03-27T15:15:01.661-0500] {logging_mixin.py:190} INFO - [2025-03-27T15:15:01.661-0500] {dagbag.py:588} INFO - Filling up the DagBag from /home/udhbhav/miniconda3/lib/python3.11/site-packages/airflow/example_dags/example_branch_operator.py
[2025-03-27T15:15:01.671-0500] {processor.py:925} INFO - DAG(s) 'example_branch_operator' retrieved from /home/udhbhav/miniconda3/lib/python3.11/site-packages/airflow/example_dags/example_branch_operator.py
[2025-03-27T15:15:01.682-0500] {logging_mixin.py:190} INFO - [2025-03-27T15:15:01.682-0500] {dag.py:3239} INFO - Sync 1 DAGs
[2025-03-27T15:15:01.691-0500] {logging_mixin.py:190} INFO - [2025-03-27T15:15:01.690-0500] {dag.py:4180} INFO - Setting next_dagrun for example_branch_operator to 2025-03-27 00:00:00+00:00, run_after=2025-03-28 00:00:00+00:00
[2025-03-27T15:15:01.861-0500] {processor.py:208} INFO - Processing /home/udhbhav/miniconda3/lib/python3.11/site-packages/airflow/example_dags/example_branch_operator.py took 0.204 seconds
[2025-03-27T15:15:40.366-0500] {processor.py:186} INFO - Started process (PID=1799814) to work on /home/udhbhav/miniconda3/lib/python3.11/site-packages/airflow/example_dags/example_branch_operator.py
[2025-03-27T15:15:40.366-0500] {processor.py:914} INFO - Processing file /home/udhbhav/miniconda3/lib/python3.11/site-packages/airflow/example_dags/example_branch_operator.py for tasks to queue
[2025-03-27T15:15:40.367-0500] {logging_mixin.py:190} INFO - [2025-03-27T15:15:40.367-0500] {dagbag.py:588} INFO - Filling up the DagBag from /home/udhbhav/miniconda3/lib/python3.11/site-packages/airflow/example_dags/example_branch_operator.py
[2025-03-27T15:15:40.376-0500] {processor.py:925} INFO - DAG(s) 'example_branch_operator' retrieved from /home/udhbhav/miniconda3/lib/python3.11/site-packages/airflow/example_dags/example_branch_operator.py
[2025-03-27T15:15:40.387-0500] {logging_mixin.py:190} INFO - [2025-03-27T15:15:40.387-0500] {dag.py:3239} INFO - Sync 1 DAGs
[2025-03-27T15:15:40.396-0500] {logging_mixin.py:190} INFO - [2025-03-27T15:15:40.395-0500] {dag.py:4180} INFO - Setting next_dagrun for example_branch_operator to 2025-03-27 00:00:00+00:00, run_after=2025-03-28 00:00:00+00:00
[2025-03-27T15:15:40.575-0500] {processor.py:208} INFO - Processing /home/udhbhav/miniconda3/lib/python3.11/site-packages/airflow/example_dags/example_branch_operator.py took 0.212 seconds
[2025-03-27T15:16:21.966-0500] {processor.py:186} INFO - Started process (PID=1800173) to work on /home/udhbhav/miniconda3/lib/python3.11/site-packages/airflow/example_dags/example_branch_operator.py
[2025-03-27T15:16:21.966-0500] {processor.py:914} INFO - Processing file /home/udhbhav/miniconda3/lib/python3.11/site-packages/airflow/example_dags/example_branch_operator.py for tasks to queue
[2025-03-27T15:16:21.967-0500] {logging_mixin.py:190} INFO - [2025-03-27T15:16:21.967-0500] {dagbag.py:588} INFO - Filling up the DagBag from /home/udhbhav/miniconda3/lib/python3.11/site-packages/airflow/example_dags/example_branch_operator.py
[2025-03-27T15:16:21.976-0500] {processor.py:925} INFO - DAG(s) 'example_branch_operator' retrieved from /home/udhbhav/miniconda3/lib/python3.11/site-packages/airflow/example_dags/example_branch_operator.py
[2025-03-27T15:16:21.988-0500] {logging_mixin.py:190} INFO - [2025-03-27T15:16:21.987-0500] {dag.py:3239} INFO - Sync 1 DAGs
[2025-03-27T15:16:21.997-0500] {logging_mixin.py:190} INFO - [2025-03-27T15:16:21.996-0500] {dag.py:4180} INFO - Setting next_dagrun for example_branch_operator to 2025-03-27 00:00:00+00:00, run_after=2025-03-28 00:00:00+00:00
[2025-03-27T15:16:22.111-0500] {processor.py:208} INFO - Processing /home/udhbhav/miniconda3/lib/python3.11/site-packages/airflow/example_dags/example_branch_operator.py took 0.149 seconds
[2025-03-27T15:17:02.909-0500] {processor.py:186} INFO - Started process (PID=1800628) to work on /home/udhbhav/miniconda3/lib/python3.11/site-packages/airflow/example_dags/example_branch_operator.py
[2025-03-27T15:17:02.909-0500] {processor.py:914} INFO - Processing file /home/udhbhav/miniconda3/lib/python3.11/site-packages/airflow/example_dags/example_branch_operator.py for tasks to queue
[2025-03-27T15:17:02.910-0500] {logging_mixin.py:190} INFO - [2025-03-27T15:17:02.910-0500] {dagbag.py:588} INFO - Filling up the DagBag from /home/udhbhav/miniconda3/lib/python3.11/site-packages/airflow/example_dags/example_branch_operator.py
[2025-03-27T15:17:02.920-0500] {processor.py:925} INFO - DAG(s) 'example_branch_operator' retrieved from /home/udhbhav/miniconda3/lib/python3.11/site-packages/airflow/example_dags/example_branch_operator.py
[2025-03-27T15:17:02.931-0500] {logging_mixin.py:190} INFO - [2025-03-27T15:17:02.931-0500] {dag.py:3239} INFO - Sync 1 DAGs
[2025-03-27T15:17:02.939-0500] {logging_mixin.py:190} INFO - [2025-03-27T15:17:02.939-0500] {dag.py:4180} INFO - Setting next_dagrun for example_branch_operator to 2025-03-27 00:00:00+00:00, run_after=2025-03-28 00:00:00+00:00
[2025-03-27T15:17:03.047-0500] {processor.py:208} INFO - Processing /home/udhbhav/miniconda3/lib/python3.11/site-packages/airflow/example_dags/example_branch_operator.py took 0.141 seconds
[2025-03-27T15:18:10.046-0500] {processor.py:186} INFO - Started process (PID=1801253) to work on /home/udhbhav/miniconda3/lib/python3.11/site-packages/airflow/example_dags/example_branch_operator.py
[2025-03-27T15:18:10.047-0500] {processor.py:914} INFO - Processing file /home/udhbhav/miniconda3/lib/python3.11/site-packages/airflow/example_dags/example_branch_operator.py for tasks to queue
[2025-03-27T15:18:10.047-0500] {logging_mixin.py:190} INFO - [2025-03-27T15:18:10.047-0500] {dagbag.py:588} INFO - Filling up the DagBag from /home/udhbhav/miniconda3/lib/python3.11/site-packages/airflow/example_dags/example_branch_operator.py
[2025-03-27T15:18:10.057-0500] {processor.py:925} INFO - DAG(s) 'example_branch_operator' retrieved from /home/udhbhav/miniconda3/lib/python3.11/site-packages/airflow/example_dags/example_branch_operator.py
[2025-03-27T15:18:10.068-0500] {logging_mixin.py:190} INFO - [2025-03-27T15:18:10.068-0500] {dag.py:3239} INFO - Sync 1 DAGs
[2025-03-27T15:18:10.076-0500] {logging_mixin.py:190} INFO - [2025-03-27T15:18:10.076-0500] {dag.py:4180} INFO - Setting next_dagrun for example_branch_operator to 2025-03-27 00:00:00+00:00, run_after=2025-03-28 00:00:00+00:00
[2025-03-27T15:18:10.183-0500] {processor.py:208} INFO - Processing /home/udhbhav/miniconda3/lib/python3.11/site-packages/airflow/example_dags/example_branch_operator.py took 0.140 seconds
[2025-03-27T15:19:19.876-0500] {processor.py:186} INFO - Started process (PID=1801929) to work on /home/udhbhav/miniconda3/lib/python3.11/site-packages/airflow/example_dags/example_branch_operator.py
[2025-03-27T15:19:19.876-0500] {processor.py:914} INFO - Processing file /home/udhbhav/miniconda3/lib/python3.11/site-packages/airflow/example_dags/example_branch_operator.py for tasks to queue
[2025-03-27T15:19:19.877-0500] {logging_mixin.py:190} INFO - [2025-03-27T15:19:19.877-0500] {dagbag.py:588} INFO - Filling up the DagBag from /home/udhbhav/miniconda3/lib/python3.11/site-packages/airflow/example_dags/example_branch_operator.py
[2025-03-27T15:19:19.886-0500] {processor.py:925} INFO - DAG(s) 'example_branch_operator' retrieved from /home/udhbhav/miniconda3/lib/python3.11/site-packages/airflow/example_dags/example_branch_operator.py
[2025-03-27T15:19:19.897-0500] {logging_mixin.py:190} INFO - [2025-03-27T15:19:19.897-0500] {dag.py:3239} INFO - Sync 1 DAGs
[2025-03-27T15:19:19.906-0500] {logging_mixin.py:190} INFO - [2025-03-27T15:19:19.906-0500] {dag.py:4180} INFO - Setting next_dagrun for example_branch_operator to 2025-03-27 00:00:00+00:00, run_after=2025-03-28 00:00:00+00:00
[2025-03-27T15:19:20.627-0500] {processor.py:208} INFO - Processing /home/udhbhav/miniconda3/lib/python3.11/site-packages/airflow/example_dags/example_branch_operator.py took 0.754 seconds
[2025-03-27T15:20:26.004-0500] {processor.py:186} INFO - Started process (PID=1803376) to work on /home/udhbhav/miniconda3/lib/python3.11/site-packages/airflow/example_dags/example_branch_operator.py
[2025-03-27T15:20:26.005-0500] {processor.py:914} INFO - Processing file /home/udhbhav/miniconda3/lib/python3.11/site-packages/airflow/example_dags/example_branch_operator.py for tasks to queue
[2025-03-27T15:20:26.006-0500] {logging_mixin.py:190} INFO - [2025-03-27T15:20:26.006-0500] {dagbag.py:588} INFO - Filling up the DagBag from /home/udhbhav/miniconda3/lib/python3.11/site-packages/airflow/example_dags/example_branch_operator.py
[2025-03-27T15:20:26.015-0500] {processor.py:925} INFO - DAG(s) 'example_branch_operator' retrieved from /home/udhbhav/miniconda3/lib/python3.11/site-packages/airflow/example_dags/example_branch_operator.py
[2025-03-27T15:20:26.026-0500] {logging_mixin.py:190} INFO - [2025-03-27T15:20:26.026-0500] {dag.py:3239} INFO - Sync 1 DAGs
[2025-03-27T15:20:26.035-0500] {logging_mixin.py:190} INFO - [2025-03-27T15:20:26.035-0500] {dag.py:4180} INFO - Setting next_dagrun for example_branch_operator to 2025-03-27 00:00:00+00:00, run_after=2025-03-28 00:00:00+00:00
[2025-03-27T15:20:26.142-0500] {processor.py:208} INFO - Processing /home/udhbhav/miniconda3/lib/python3.11/site-packages/airflow/example_dags/example_branch_operator.py took 0.140 seconds
[2025-03-27T15:21:34.945-0500] {processor.py:186} INFO - Started process (PID=1808126) to work on /home/udhbhav/miniconda3/lib/python3.11/site-packages/airflow/example_dags/example_branch_operator.py
[2025-03-27T15:21:34.945-0500] {processor.py:914} INFO - Processing file /home/udhbhav/miniconda3/lib/python3.11/site-packages/airflow/example_dags/example_branch_operator.py for tasks to queue
[2025-03-27T15:21:34.946-0500] {logging_mixin.py:190} INFO - [2025-03-27T15:21:34.946-0500] {dagbag.py:588} INFO - Filling up the DagBag from /home/udhbhav/miniconda3/lib/python3.11/site-packages/airflow/example_dags/example_branch_operator.py
[2025-03-27T15:21:34.955-0500] {processor.py:925} INFO - DAG(s) 'example_branch_operator' retrieved from /home/udhbhav/miniconda3/lib/python3.11/site-packages/airflow/example_dags/example_branch_operator.py
[2025-03-27T15:21:34.967-0500] {logging_mixin.py:190} INFO - [2025-03-27T15:21:34.967-0500] {dag.py:3239} INFO - Sync 1 DAGs
[2025-03-27T15:21:34.975-0500] {logging_mixin.py:190} INFO - [2025-03-27T15:21:34.975-0500] {dag.py:4180} INFO - Setting next_dagrun for example_branch_operator to 2025-03-27 00:00:00+00:00, run_after=2025-03-28 00:00:00+00:00
[2025-03-27T15:21:35.083-0500] {processor.py:208} INFO - Processing /home/udhbhav/miniconda3/lib/python3.11/site-packages/airflow/example_dags/example_branch_operator.py took 0.142 seconds
[2025-03-27T15:22:49.937-0500] {processor.py:186} INFO - Started process (PID=1808964) to work on /home/udhbhav/miniconda3/lib/python3.11/site-packages/airflow/example_dags/example_branch_operator.py
[2025-03-27T15:22:49.937-0500] {processor.py:914} INFO - Processing file /home/udhbhav/miniconda3/lib/python3.11/site-packages/airflow/example_dags/example_branch_operator.py for tasks to queue
[2025-03-27T15:22:49.938-0500] {logging_mixin.py:190} INFO - [2025-03-27T15:22:49.938-0500] {dagbag.py:588} INFO - Filling up the DagBag from /home/udhbhav/miniconda3/lib/python3.11/site-packages/airflow/example_dags/example_branch_operator.py
[2025-03-27T15:22:49.947-0500] {processor.py:925} INFO - DAG(s) 'example_branch_operator' retrieved from /home/udhbhav/miniconda3/lib/python3.11/site-packages/airflow/example_dags/example_branch_operator.py
[2025-03-27T15:22:49.958-0500] {logging_mixin.py:190} INFO - [2025-03-27T15:22:49.958-0500] {dag.py:3239} INFO - Sync 1 DAGs
[2025-03-27T15:22:49.967-0500] {logging_mixin.py:190} INFO - [2025-03-27T15:22:49.967-0500] {dag.py:4180} INFO - Setting next_dagrun for example_branch_operator to 2025-03-27 00:00:00+00:00, run_after=2025-03-28 00:00:00+00:00
[2025-03-27T15:22:50.170-0500] {processor.py:208} INFO - Processing /home/udhbhav/miniconda3/lib/python3.11/site-packages/airflow/example_dags/example_branch_operator.py took 0.236 seconds
[2025-03-27T15:23:30.188-0500] {processor.py:186} INFO - Started process (PID=1809254) to work on /home/udhbhav/miniconda3/lib/python3.11/site-packages/airflow/example_dags/example_branch_operator.py
[2025-03-27T15:23:30.188-0500] {processor.py:914} INFO - Processing file /home/udhbhav/miniconda3/lib/python3.11/site-packages/airflow/example_dags/example_branch_operator.py for tasks to queue
[2025-03-27T15:23:30.189-0500] {logging_mixin.py:190} INFO - [2025-03-27T15:23:30.189-0500] {dagbag.py:588} INFO - Filling up the DagBag from /home/udhbhav/miniconda3/lib/python3.11/site-packages/airflow/example_dags/example_branch_operator.py
[2025-03-27T15:23:30.198-0500] {processor.py:925} INFO - DAG(s) 'example_branch_operator' retrieved from /home/udhbhav/miniconda3/lib/python3.11/site-packages/airflow/example_dags/example_branch_operator.py
[2025-03-27T15:23:30.209-0500] {logging_mixin.py:190} INFO - [2025-03-27T15:23:30.209-0500] {dag.py:3239} INFO - Sync 1 DAGs
[2025-03-27T15:23:30.218-0500] {logging_mixin.py:190} INFO - [2025-03-27T15:23:30.218-0500] {dag.py:4180} INFO - Setting next_dagrun for example_branch_operator to 2025-03-27 00:00:00+00:00, run_after=2025-03-28 00:00:00+00:00
[2025-03-27T15:23:30.327-0500] {processor.py:208} INFO - Processing /home/udhbhav/miniconda3/lib/python3.11/site-packages/airflow/example_dags/example_branch_operator.py took 0.143 seconds
[2025-03-27T15:24:37.585-0500] {processor.py:186} INFO - Started process (PID=1810047) to work on /home/udhbhav/miniconda3/lib/python3.11/site-packages/airflow/example_dags/example_branch_operator.py
[2025-03-27T15:24:37.585-0500] {processor.py:914} INFO - Processing file /home/udhbhav/miniconda3/lib/python3.11/site-packages/airflow/example_dags/example_branch_operator.py for tasks to queue
[2025-03-27T15:24:37.587-0500] {logging_mixin.py:190} INFO - [2025-03-27T15:24:37.587-0500] {dagbag.py:588} INFO - Filling up the DagBag from /home/udhbhav/miniconda3/lib/python3.11/site-packages/airflow/example_dags/example_branch_operator.py
[2025-03-27T15:24:37.596-0500] {processor.py:925} INFO - DAG(s) 'example_branch_operator' retrieved from /home/udhbhav/miniconda3/lib/python3.11/site-packages/airflow/example_dags/example_branch_operator.py
[2025-03-27T15:24:37.607-0500] {logging_mixin.py:190} INFO - [2025-03-27T15:24:37.607-0500] {dag.py:3239} INFO - Sync 1 DAGs
[2025-03-27T15:24:37.616-0500] {logging_mixin.py:190} INFO - [2025-03-27T15:24:37.616-0500] {dag.py:4180} INFO - Setting next_dagrun for example_branch_operator to 2025-03-27 00:00:00+00:00, run_after=2025-03-28 00:00:00+00:00
[2025-03-27T15:24:37.795-0500] {processor.py:208} INFO - Processing /home/udhbhav/miniconda3/lib/python3.11/site-packages/airflow/example_dags/example_branch_operator.py took 0.213 seconds
[2025-03-27T15:25:16.438-0500] {processor.py:186} INFO - Started process (PID=1810422) to work on /home/udhbhav/miniconda3/lib/python3.11/site-packages/airflow/example_dags/example_branch_operator.py
[2025-03-27T15:25:16.438-0500] {processor.py:914} INFO - Processing file /home/udhbhav/miniconda3/lib/python3.11/site-packages/airflow/example_dags/example_branch_operator.py for tasks to queue
[2025-03-27T15:25:16.439-0500] {logging_mixin.py:190} INFO - [2025-03-27T15:25:16.439-0500] {dagbag.py:588} INFO - Filling up the DagBag from /home/udhbhav/miniconda3/lib/python3.11/site-packages/airflow/example_dags/example_branch_operator.py
[2025-03-27T15:25:16.449-0500] {processor.py:925} INFO - DAG(s) 'example_branch_operator' retrieved from /home/udhbhav/miniconda3/lib/python3.11/site-packages/airflow/example_dags/example_branch_operator.py
[2025-03-27T15:25:16.460-0500] {logging_mixin.py:190} INFO - [2025-03-27T15:25:16.460-0500] {dag.py:3239} INFO - Sync 1 DAGs
[2025-03-27T15:25:16.468-0500] {logging_mixin.py:190} INFO - [2025-03-27T15:25:16.468-0500] {dag.py:4180} INFO - Setting next_dagrun for example_branch_operator to 2025-03-27 00:00:00+00:00, run_after=2025-03-28 00:00:00+00:00
[2025-03-27T15:25:16.801-0500] {processor.py:208} INFO - Processing /home/udhbhav/miniconda3/lib/python3.11/site-packages/airflow/example_dags/example_branch_operator.py took 0.366 seconds
[2025-03-27T15:26:05.665-0500] {processor.py:186} INFO - Started process (PID=1810937) to work on /home/udhbhav/miniconda3/lib/python3.11/site-packages/airflow/example_dags/example_branch_operator.py
[2025-03-27T15:26:05.666-0500] {processor.py:914} INFO - Processing file /home/udhbhav/miniconda3/lib/python3.11/site-packages/airflow/example_dags/example_branch_operator.py for tasks to queue
[2025-03-27T15:26:05.667-0500] {logging_mixin.py:190} INFO - [2025-03-27T15:26:05.667-0500] {dagbag.py:588} INFO - Filling up the DagBag from /home/udhbhav/miniconda3/lib/python3.11/site-packages/airflow/example_dags/example_branch_operator.py
[2025-03-27T15:26:05.676-0500] {processor.py:925} INFO - DAG(s) 'example_branch_operator' retrieved from /home/udhbhav/miniconda3/lib/python3.11/site-packages/airflow/example_dags/example_branch_operator.py
[2025-03-27T15:26:05.688-0500] {logging_mixin.py:190} INFO - [2025-03-27T15:26:05.687-0500] {dag.py:3239} INFO - Sync 1 DAGs
[2025-03-27T15:26:05.696-0500] {logging_mixin.py:190} INFO - [2025-03-27T15:26:05.696-0500] {dag.py:4180} INFO - Setting next_dagrun for example_branch_operator to 2025-03-27 00:00:00+00:00, run_after=2025-03-28 00:00:00+00:00
[2025-03-27T15:26:05.891-0500] {processor.py:208} INFO - Processing /home/udhbhav/miniconda3/lib/python3.11/site-packages/airflow/example_dags/example_branch_operator.py took 0.228 seconds
[2025-03-27T15:26:54.189-0500] {processor.py:186} INFO - Started process (PID=1811464) to work on /home/udhbhav/miniconda3/lib/python3.11/site-packages/airflow/example_dags/example_branch_operator.py
[2025-03-27T15:26:54.189-0500] {processor.py:914} INFO - Processing file /home/udhbhav/miniconda3/lib/python3.11/site-packages/airflow/example_dags/example_branch_operator.py for tasks to queue
[2025-03-27T15:26:54.190-0500] {logging_mixin.py:190} INFO - [2025-03-27T15:26:54.190-0500] {dagbag.py:588} INFO - Filling up the DagBag from /home/udhbhav/miniconda3/lib/python3.11/site-packages/airflow/example_dags/example_branch_operator.py
[2025-03-27T15:26:54.199-0500] {processor.py:925} INFO - DAG(s) 'example_branch_operator' retrieved from /home/udhbhav/miniconda3/lib/python3.11/site-packages/airflow/example_dags/example_branch_operator.py
[2025-03-27T15:26:54.211-0500] {logging_mixin.py:190} INFO - [2025-03-27T15:26:54.210-0500] {dag.py:3239} INFO - Sync 1 DAGs
[2025-03-27T15:26:54.219-0500] {logging_mixin.py:190} INFO - [2025-03-27T15:26:54.219-0500] {dag.py:4180} INFO - Setting next_dagrun for example_branch_operator to 2025-03-27 00:00:00+00:00, run_after=2025-03-28 00:00:00+00:00
[2025-03-27T15:26:54.324-0500] {processor.py:208} INFO - Processing /home/udhbhav/miniconda3/lib/python3.11/site-packages/airflow/example_dags/example_branch_operator.py took 0.138 seconds
[2025-03-27T15:27:31.483-0500] {processor.py:186} INFO - Started process (PID=1811723) to work on /home/udhbhav/miniconda3/lib/python3.11/site-packages/airflow/example_dags/example_branch_operator.py
[2025-03-27T15:27:31.483-0500] {processor.py:914} INFO - Processing file /home/udhbhav/miniconda3/lib/python3.11/site-packages/airflow/example_dags/example_branch_operator.py for tasks to queue
[2025-03-27T15:27:31.484-0500] {logging_mixin.py:190} INFO - [2025-03-27T15:27:31.484-0500] {dagbag.py:588} INFO - Filling up the DagBag from /home/udhbhav/miniconda3/lib/python3.11/site-packages/airflow/example_dags/example_branch_operator.py
[2025-03-27T15:27:31.494-0500] {processor.py:925} INFO - DAG(s) 'example_branch_operator' retrieved from /home/udhbhav/miniconda3/lib/python3.11/site-packages/airflow/example_dags/example_branch_operator.py
[2025-03-27T15:27:31.505-0500] {logging_mixin.py:190} INFO - [2025-03-27T15:27:31.505-0500] {dag.py:3239} INFO - Sync 1 DAGs
[2025-03-27T15:27:31.514-0500] {logging_mixin.py:190} INFO - [2025-03-27T15:27:31.514-0500] {dag.py:4180} INFO - Setting next_dagrun for example_branch_operator to 2025-03-27 00:00:00+00:00, run_after=2025-03-28 00:00:00+00:00
[2025-03-27T15:27:31.621-0500] {processor.py:208} INFO - Processing /home/udhbhav/miniconda3/lib/python3.11/site-packages/airflow/example_dags/example_branch_operator.py took 0.141 seconds
[2025-03-27T15:28:54.492-0500] {processor.py:186} INFO - Started process (PID=1812605) to work on /home/udhbhav/miniconda3/lib/python3.11/site-packages/airflow/example_dags/example_branch_operator.py
[2025-03-27T15:28:54.493-0500] {processor.py:914} INFO - Processing file /home/udhbhav/miniconda3/lib/python3.11/site-packages/airflow/example_dags/example_branch_operator.py for tasks to queue
[2025-03-27T15:28:54.494-0500] {logging_mixin.py:190} INFO - [2025-03-27T15:28:54.493-0500] {dagbag.py:588} INFO - Filling up the DagBag from /home/udhbhav/miniconda3/lib/python3.11/site-packages/airflow/example_dags/example_branch_operator.py
[2025-03-27T15:28:54.503-0500] {processor.py:925} INFO - DAG(s) 'example_branch_operator' retrieved from /home/udhbhav/miniconda3/lib/python3.11/site-packages/airflow/example_dags/example_branch_operator.py
[2025-03-27T15:28:54.514-0500] {logging_mixin.py:190} INFO - [2025-03-27T15:28:54.514-0500] {dag.py:3239} INFO - Sync 1 DAGs
[2025-03-27T15:28:54.523-0500] {logging_mixin.py:190} INFO - [2025-03-27T15:28:54.523-0500] {dag.py:4180} INFO - Setting next_dagrun for example_branch_operator to 2025-03-27 00:00:00+00:00, run_after=2025-03-28 00:00:00+00:00
[2025-03-27T15:28:54.813-0500] {processor.py:208} INFO - Processing /home/udhbhav/miniconda3/lib/python3.11/site-packages/airflow/example_dags/example_branch_operator.py took 0.324 seconds
[2025-03-27T15:29:50.571-0500] {processor.py:186} INFO - Started process (PID=1813135) to work on /home/udhbhav/miniconda3/lib/python3.11/site-packages/airflow/example_dags/example_branch_operator.py
[2025-03-27T15:29:50.571-0500] {processor.py:914} INFO - Processing file /home/udhbhav/miniconda3/lib/python3.11/site-packages/airflow/example_dags/example_branch_operator.py for tasks to queue
[2025-03-27T15:29:50.573-0500] {logging_mixin.py:190} INFO - [2025-03-27T15:29:50.572-0500] {dagbag.py:588} INFO - Filling up the DagBag from /home/udhbhav/miniconda3/lib/python3.11/site-packages/airflow/example_dags/example_branch_operator.py
[2025-03-27T15:29:50.582-0500] {processor.py:925} INFO - DAG(s) 'example_branch_operator' retrieved from /home/udhbhav/miniconda3/lib/python3.11/site-packages/airflow/example_dags/example_branch_operator.py
[2025-03-27T15:29:50.593-0500] {logging_mixin.py:190} INFO - [2025-03-27T15:29:50.593-0500] {dag.py:3239} INFO - Sync 1 DAGs
[2025-03-27T15:29:50.602-0500] {logging_mixin.py:190} INFO - [2025-03-27T15:29:50.602-0500] {dag.py:4180} INFO - Setting next_dagrun for example_branch_operator to 2025-03-27 00:00:00+00:00, run_after=2025-03-28 00:00:00+00:00
[2025-03-27T15:29:50.802-0500] {processor.py:208} INFO - Processing /home/udhbhav/miniconda3/lib/python3.11/site-packages/airflow/example_dags/example_branch_operator.py took 0.234 seconds
[2025-03-27T15:30:44.978-0500] {processor.py:186} INFO - Started process (PID=1813611) to work on /home/udhbhav/miniconda3/lib/python3.11/site-packages/airflow/example_dags/example_branch_operator.py
[2025-03-27T15:30:44.978-0500] {processor.py:914} INFO - Processing file /home/udhbhav/miniconda3/lib/python3.11/site-packages/airflow/example_dags/example_branch_operator.py for tasks to queue
[2025-03-27T15:30:44.979-0500] {logging_mixin.py:190} INFO - [2025-03-27T15:30:44.979-0500] {dagbag.py:588} INFO - Filling up the DagBag from /home/udhbhav/miniconda3/lib/python3.11/site-packages/airflow/example_dags/example_branch_operator.py
[2025-03-27T15:30:44.989-0500] {processor.py:925} INFO - DAG(s) 'example_branch_operator' retrieved from /home/udhbhav/miniconda3/lib/python3.11/site-packages/airflow/example_dags/example_branch_operator.py
[2025-03-27T15:30:45.000-0500] {logging_mixin.py:190} INFO - [2025-03-27T15:30:45.000-0500] {dag.py:3239} INFO - Sync 1 DAGs
[2025-03-27T15:30:45.008-0500] {logging_mixin.py:190} INFO - [2025-03-27T15:30:45.008-0500] {dag.py:4180} INFO - Setting next_dagrun for example_branch_operator to 2025-03-27 00:00:00+00:00, run_after=2025-03-28 00:00:00+00:00
[2025-03-27T15:30:45.154-0500] {processor.py:208} INFO - Processing /home/udhbhav/miniconda3/lib/python3.11/site-packages/airflow/example_dags/example_branch_operator.py took 0.179 seconds
[2025-03-27T15:31:43.543-0500] {processor.py:186} INFO - Started process (PID=1814139) to work on /home/udhbhav/miniconda3/lib/python3.11/site-packages/airflow/example_dags/example_branch_operator.py
[2025-03-27T15:31:43.543-0500] {processor.py:914} INFO - Processing file /home/udhbhav/miniconda3/lib/python3.11/site-packages/airflow/example_dags/example_branch_operator.py for tasks to queue
[2025-03-27T15:31:43.544-0500] {logging_mixin.py:190} INFO - [2025-03-27T15:31:43.544-0500] {dagbag.py:588} INFO - Filling up the DagBag from /home/udhbhav/miniconda3/lib/python3.11/site-packages/airflow/example_dags/example_branch_operator.py
[2025-03-27T15:31:43.554-0500] {processor.py:925} INFO - DAG(s) 'example_branch_operator' retrieved from /home/udhbhav/miniconda3/lib/python3.11/site-packages/airflow/example_dags/example_branch_operator.py
[2025-03-27T15:31:43.565-0500] {logging_mixin.py:190} INFO - [2025-03-27T15:31:43.565-0500] {dag.py:3239} INFO - Sync 1 DAGs
[2025-03-27T15:31:43.574-0500] {logging_mixin.py:190} INFO - [2025-03-27T15:31:43.574-0500] {dag.py:4180} INFO - Setting next_dagrun for example_branch_operator to 2025-03-27 00:00:00+00:00, run_after=2025-03-28 00:00:00+00:00
[2025-03-27T15:31:43.723-0500] {processor.py:208} INFO - Processing /home/udhbhav/miniconda3/lib/python3.11/site-packages/airflow/example_dags/example_branch_operator.py took 0.183 seconds
[2025-03-27T15:32:29.459-0500] {processor.py:186} INFO - Started process (PID=1814528) to work on /home/udhbhav/miniconda3/lib/python3.11/site-packages/airflow/example_dags/example_branch_operator.py
[2025-03-27T15:32:29.460-0500] {processor.py:914} INFO - Processing file /home/udhbhav/miniconda3/lib/python3.11/site-packages/airflow/example_dags/example_branch_operator.py for tasks to queue
[2025-03-27T15:32:29.461-0500] {logging_mixin.py:190} INFO - [2025-03-27T15:32:29.461-0500] {dagbag.py:588} INFO - Filling up the DagBag from /home/udhbhav/miniconda3/lib/python3.11/site-packages/airflow/example_dags/example_branch_operator.py
[2025-03-27T15:32:29.470-0500] {processor.py:925} INFO - DAG(s) 'example_branch_operator' retrieved from /home/udhbhav/miniconda3/lib/python3.11/site-packages/airflow/example_dags/example_branch_operator.py
[2025-03-27T15:32:29.481-0500] {logging_mixin.py:190} INFO - [2025-03-27T15:32:29.481-0500] {dag.py:3239} INFO - Sync 1 DAGs
[2025-03-27T15:32:29.490-0500] {logging_mixin.py:190} INFO - [2025-03-27T15:32:29.490-0500] {dag.py:4180} INFO - Setting next_dagrun for example_branch_operator to 2025-03-27 00:00:00+00:00, run_after=2025-03-28 00:00:00+00:00
[2025-03-27T15:32:29.632-0500] {processor.py:208} INFO - Processing /home/udhbhav/miniconda3/lib/python3.11/site-packages/airflow/example_dags/example_branch_operator.py took 0.176 seconds
[2025-03-27T15:33:04.820-0500] {processor.py:186} INFO - Started process (PID=1814887) to work on /home/udhbhav/miniconda3/lib/python3.11/site-packages/airflow/example_dags/example_branch_operator.py
[2025-03-27T15:33:04.821-0500] {processor.py:914} INFO - Processing file /home/udhbhav/miniconda3/lib/python3.11/site-packages/airflow/example_dags/example_branch_operator.py for tasks to queue
[2025-03-27T15:33:04.822-0500] {logging_mixin.py:190} INFO - [2025-03-27T15:33:04.822-0500] {dagbag.py:588} INFO - Filling up the DagBag from /home/udhbhav/miniconda3/lib/python3.11/site-packages/airflow/example_dags/example_branch_operator.py
[2025-03-27T15:33:04.831-0500] {processor.py:925} INFO - DAG(s) 'example_branch_operator' retrieved from /home/udhbhav/miniconda3/lib/python3.11/site-packages/airflow/example_dags/example_branch_operator.py
[2025-03-27T15:33:04.842-0500] {logging_mixin.py:190} INFO - [2025-03-27T15:33:04.842-0500] {dag.py:3239} INFO - Sync 1 DAGs
[2025-03-27T15:33:04.851-0500] {logging_mixin.py:190} INFO - [2025-03-27T15:33:04.851-0500] {dag.py:4180} INFO - Setting next_dagrun for example_branch_operator to 2025-03-27 00:00:00+00:00, run_after=2025-03-28 00:00:00+00:00
[2025-03-27T15:33:04.951-0500] {processor.py:208} INFO - Processing /home/udhbhav/miniconda3/lib/python3.11/site-packages/airflow/example_dags/example_branch_operator.py took 0.133 seconds
[2025-03-27T15:33:40.435-0500] {processor.py:186} INFO - Started process (PID=1815240) to work on /home/udhbhav/miniconda3/lib/python3.11/site-packages/airflow/example_dags/example_branch_operator.py
[2025-03-27T15:33:40.436-0500] {processor.py:914} INFO - Processing file /home/udhbhav/miniconda3/lib/python3.11/site-packages/airflow/example_dags/example_branch_operator.py for tasks to queue
[2025-03-27T15:33:40.437-0500] {logging_mixin.py:190} INFO - [2025-03-27T15:33:40.437-0500] {dagbag.py:588} INFO - Filling up the DagBag from /home/udhbhav/miniconda3/lib/python3.11/site-packages/airflow/example_dags/example_branch_operator.py
[2025-03-27T15:33:40.446-0500] {processor.py:925} INFO - DAG(s) 'example_branch_operator' retrieved from /home/udhbhav/miniconda3/lib/python3.11/site-packages/airflow/example_dags/example_branch_operator.py
[2025-03-27T15:33:40.458-0500] {logging_mixin.py:190} INFO - [2025-03-27T15:33:40.458-0500] {dag.py:3239} INFO - Sync 1 DAGs
[2025-03-27T15:33:40.467-0500] {logging_mixin.py:190} INFO - [2025-03-27T15:33:40.467-0500] {dag.py:4180} INFO - Setting next_dagrun for example_branch_operator to 2025-03-27 00:00:00+00:00, run_after=2025-03-28 00:00:00+00:00
[2025-03-27T15:33:40.574-0500] {processor.py:208} INFO - Processing /home/udhbhav/miniconda3/lib/python3.11/site-packages/airflow/example_dags/example_branch_operator.py took 0.142 seconds
[2025-03-27T15:34:45.342-0500] {processor.py:186} INFO - Started process (PID=1815965) to work on /home/udhbhav/miniconda3/lib/python3.11/site-packages/airflow/example_dags/example_branch_operator.py
[2025-03-27T15:34:45.343-0500] {processor.py:914} INFO - Processing file /home/udhbhav/miniconda3/lib/python3.11/site-packages/airflow/example_dags/example_branch_operator.py for tasks to queue
[2025-03-27T15:34:45.344-0500] {logging_mixin.py:190} INFO - [2025-03-27T15:34:45.344-0500] {dagbag.py:588} INFO - Filling up the DagBag from /home/udhbhav/miniconda3/lib/python3.11/site-packages/airflow/example_dags/example_branch_operator.py
[2025-03-27T15:34:45.353-0500] {processor.py:925} INFO - DAG(s) 'example_branch_operator' retrieved from /home/udhbhav/miniconda3/lib/python3.11/site-packages/airflow/example_dags/example_branch_operator.py
[2025-03-27T15:34:45.364-0500] {logging_mixin.py:190} INFO - [2025-03-27T15:34:45.364-0500] {dag.py:3239} INFO - Sync 1 DAGs
[2025-03-27T15:34:45.373-0500] {logging_mixin.py:190} INFO - [2025-03-27T15:34:45.373-0500] {dag.py:4180} INFO - Setting next_dagrun for example_branch_operator to 2025-03-27 00:00:00+00:00, run_after=2025-03-28 00:00:00+00:00
[2025-03-27T15:34:45.480-0500] {processor.py:208} INFO - Processing /home/udhbhav/miniconda3/lib/python3.11/site-packages/airflow/example_dags/example_branch_operator.py took 0.141 seconds
[2025-03-27T15:35:56.916-0500] {processor.py:186} INFO - Started process (PID=1816643) to work on /home/udhbhav/miniconda3/lib/python3.11/site-packages/airflow/example_dags/example_branch_operator.py
[2025-03-27T15:35:56.917-0500] {processor.py:914} INFO - Processing file /home/udhbhav/miniconda3/lib/python3.11/site-packages/airflow/example_dags/example_branch_operator.py for tasks to queue
[2025-03-27T15:35:56.917-0500] {logging_mixin.py:190} INFO - [2025-03-27T15:35:56.917-0500] {dagbag.py:588} INFO - Filling up the DagBag from /home/udhbhav/miniconda3/lib/python3.11/site-packages/airflow/example_dags/example_branch_operator.py
[2025-03-27T15:35:56.927-0500] {processor.py:925} INFO - DAG(s) 'example_branch_operator' retrieved from /home/udhbhav/miniconda3/lib/python3.11/site-packages/airflow/example_dags/example_branch_operator.py
[2025-03-27T15:35:56.938-0500] {logging_mixin.py:190} INFO - [2025-03-27T15:35:56.938-0500] {dag.py:3239} INFO - Sync 1 DAGs
[2025-03-27T15:35:56.947-0500] {logging_mixin.py:190} INFO - [2025-03-27T15:35:56.947-0500] {dag.py:4180} INFO - Setting next_dagrun for example_branch_operator to 2025-03-27 00:00:00+00:00, run_after=2025-03-28 00:00:00+00:00
[2025-03-27T15:35:57.102-0500] {processor.py:208} INFO - Processing /home/udhbhav/miniconda3/lib/python3.11/site-packages/airflow/example_dags/example_branch_operator.py took 0.189 seconds
