[2025-03-27T14:26:04.029-0500] {processor.py:186} INFO - Started process (PID=1763006) to work on /home/udhbhav/miniconda3/lib/python3.11/site-packages/airflow/example_dags/example_nested_branch_dag.py
[2025-03-27T14:26:04.029-0500] {processor.py:914} INFO - Processing file /home/udhbhav/miniconda3/lib/python3.11/site-packages/airflow/example_dags/example_nested_branch_dag.py for tasks to queue
[2025-03-27T14:26:04.030-0500] {logging_mixin.py:190} INFO - [2025-03-27T14:26:04.030-0500] {dagbag.py:588} INFO - Filling up the DagBag from /home/udhbhav/miniconda3/lib/python3.11/site-packages/airflow/example_dags/example_nested_branch_dag.py
[2025-03-27T14:26:04.039-0500] {processor.py:925} INFO - DAG(s) 'example_nested_branch_dag' retrieved from /home/udhbhav/miniconda3/lib/python3.11/site-packages/airflow/example_dags/example_nested_branch_dag.py
[2025-03-27T14:26:04.261-0500] {logging_mixin.py:190} INFO - [2025-03-27T14:26:04.261-0500] {override.py:1912} INFO - Created Permission View: can read on DAG:example_nested_branch_dag
[2025-03-27T14:26:04.366-0500] {logging_mixin.py:190} INFO - [2025-03-27T14:26:04.365-0500] {override.py:1912} INFO - Created Permission View: can edit on DAG:example_nested_branch_dag
[2025-03-27T14:26:04.455-0500] {logging_mixin.py:190} INFO - [2025-03-27T14:26:04.455-0500] {override.py:1912} INFO - Created Permission View: can delete on DAG:example_nested_branch_dag
[2025-03-27T14:26:04.632-0500] {logging_mixin.py:190} INFO - [2025-03-27T14:26:04.632-0500] {override.py:1912} INFO - Created Permission View: can read on DAG Run:example_nested_branch_dag
[2025-03-27T14:26:04.721-0500] {logging_mixin.py:190} INFO - [2025-03-27T14:26:04.721-0500] {override.py:1912} INFO - Created Permission View: menu access on DAG Run:example_nested_branch_dag
[2025-03-27T14:26:04.810-0500] {logging_mixin.py:190} INFO - [2025-03-27T14:26:04.810-0500] {override.py:1912} INFO - Created Permission View: can create on DAG Run:example_nested_branch_dag
[2025-03-27T14:26:04.898-0500] {logging_mixin.py:190} INFO - [2025-03-27T14:26:04.897-0500] {override.py:1912} INFO - Created Permission View: can delete on DAG Run:example_nested_branch_dag
[2025-03-27T14:26:04.898-0500] {logging_mixin.py:190} INFO - [2025-03-27T14:26:04.898-0500] {dag.py:3239} INFO - Sync 1 DAGs
[2025-03-27T14:26:04.903-0500] {logging_mixin.py:190} INFO - [2025-03-27T14:26:04.903-0500] {dag.py:3262} INFO - Creating ORM DAG for example_nested_branch_dag
[2025-03-27T14:26:04.908-0500] {logging_mixin.py:190} INFO - [2025-03-27T14:26:04.907-0500] {dag.py:4180} INFO - Setting next_dagrun for example_nested_branch_dag to 2025-03-26 00:00:00+00:00, run_after=2025-03-27 00:00:00+00:00
[2025-03-27T14:26:05.007-0500] {processor.py:208} INFO - Processing /home/udhbhav/miniconda3/lib/python3.11/site-packages/airflow/example_dags/example_nested_branch_dag.py took 0.981 seconds
[2025-03-27T14:28:25.413-0500] {processor.py:186} INFO - Started process (PID=1764278) to work on /home/udhbhav/miniconda3/lib/python3.11/site-packages/airflow/example_dags/example_nested_branch_dag.py
[2025-03-27T14:28:25.413-0500] {processor.py:914} INFO - Processing file /home/udhbhav/miniconda3/lib/python3.11/site-packages/airflow/example_dags/example_nested_branch_dag.py for tasks to queue
[2025-03-27T14:28:25.414-0500] {logging_mixin.py:190} INFO - [2025-03-27T14:28:25.414-0500] {dagbag.py:588} INFO - Filling up the DagBag from /home/udhbhav/miniconda3/lib/python3.11/site-packages/airflow/example_dags/example_nested_branch_dag.py
[2025-03-27T14:28:25.421-0500] {processor.py:925} INFO - DAG(s) 'example_nested_branch_dag' retrieved from /home/udhbhav/miniconda3/lib/python3.11/site-packages/airflow/example_dags/example_nested_branch_dag.py
[2025-03-27T14:28:25.429-0500] {logging_mixin.py:190} INFO - [2025-03-27T14:28:25.429-0500] {dag.py:3239} INFO - Sync 1 DAGs
[2025-03-27T14:28:25.439-0500] {logging_mixin.py:190} INFO - [2025-03-27T14:28:25.439-0500] {dag.py:4180} INFO - Setting next_dagrun for example_nested_branch_dag to 2025-03-26 00:00:00+00:00, run_after=2025-03-27 00:00:00+00:00
[2025-03-27T14:28:25.653-0500] {processor.py:208} INFO - Processing /home/udhbhav/miniconda3/lib/python3.11/site-packages/airflow/example_dags/example_nested_branch_dag.py took 0.243 seconds
[2025-03-27T14:35:39.113-0500] {processor.py:186} INFO - Started process (PID=1768486) to work on /home/udhbhav/miniconda3/lib/python3.11/site-packages/airflow/example_dags/example_nested_branch_dag.py
[2025-03-27T14:35:39.114-0500] {processor.py:914} INFO - Processing file /home/udhbhav/miniconda3/lib/python3.11/site-packages/airflow/example_dags/example_nested_branch_dag.py for tasks to queue
[2025-03-27T14:35:39.115-0500] {logging_mixin.py:190} INFO - [2025-03-27T14:35:39.115-0500] {dagbag.py:588} INFO - Filling up the DagBag from /home/udhbhav/miniconda3/lib/python3.11/site-packages/airflow/example_dags/example_nested_branch_dag.py
[2025-03-27T14:35:39.122-0500] {processor.py:925} INFO - DAG(s) 'example_nested_branch_dag' retrieved from /home/udhbhav/miniconda3/lib/python3.11/site-packages/airflow/example_dags/example_nested_branch_dag.py
[2025-03-27T14:35:39.130-0500] {logging_mixin.py:190} INFO - [2025-03-27T14:35:39.130-0500] {dag.py:3239} INFO - Sync 1 DAGs
[2025-03-27T14:35:39.140-0500] {logging_mixin.py:190} INFO - [2025-03-27T14:35:39.140-0500] {dag.py:4180} INFO - Setting next_dagrun for example_nested_branch_dag to 2025-03-26 00:00:00+00:00, run_after=2025-03-27 00:00:00+00:00
[2025-03-27T14:35:39.245-0500] {processor.py:208} INFO - Processing /home/udhbhav/miniconda3/lib/python3.11/site-packages/airflow/example_dags/example_nested_branch_dag.py took 0.135 seconds
[2025-03-27T14:37:25.565-0500] {processor.py:186} INFO - Started process (PID=1769545) to work on /home/udhbhav/miniconda3/lib/python3.11/site-packages/airflow/example_dags/example_nested_branch_dag.py
[2025-03-27T14:37:25.565-0500] {processor.py:914} INFO - Processing file /home/udhbhav/miniconda3/lib/python3.11/site-packages/airflow/example_dags/example_nested_branch_dag.py for tasks to queue
[2025-03-27T14:37:25.566-0500] {logging_mixin.py:190} INFO - [2025-03-27T14:37:25.566-0500] {dagbag.py:588} INFO - Filling up the DagBag from /home/udhbhav/miniconda3/lib/python3.11/site-packages/airflow/example_dags/example_nested_branch_dag.py
[2025-03-27T14:37:25.572-0500] {processor.py:925} INFO - DAG(s) 'example_nested_branch_dag' retrieved from /home/udhbhav/miniconda3/lib/python3.11/site-packages/airflow/example_dags/example_nested_branch_dag.py
[2025-03-27T14:37:25.580-0500] {logging_mixin.py:190} INFO - [2025-03-27T14:37:25.580-0500] {dag.py:3239} INFO - Sync 1 DAGs
[2025-03-27T14:37:25.589-0500] {logging_mixin.py:190} INFO - [2025-03-27T14:37:25.589-0500] {dag.py:4180} INFO - Setting next_dagrun for example_nested_branch_dag to 2025-03-26 00:00:00+00:00, run_after=2025-03-27 00:00:00+00:00
[2025-03-27T14:37:25.727-0500] {processor.py:208} INFO - Processing /home/udhbhav/miniconda3/lib/python3.11/site-packages/airflow/example_dags/example_nested_branch_dag.py took 0.165 seconds
[2025-03-27T14:38:32.128-0500] {processor.py:186} INFO - Started process (PID=1770535) to work on /home/udhbhav/miniconda3/lib/python3.11/site-packages/airflow/example_dags/example_nested_branch_dag.py
[2025-03-27T14:38:32.128-0500] {processor.py:914} INFO - Processing file /home/udhbhav/miniconda3/lib/python3.11/site-packages/airflow/example_dags/example_nested_branch_dag.py for tasks to queue
[2025-03-27T14:38:32.129-0500] {logging_mixin.py:190} INFO - [2025-03-27T14:38:32.129-0500] {dagbag.py:588} INFO - Filling up the DagBag from /home/udhbhav/miniconda3/lib/python3.11/site-packages/airflow/example_dags/example_nested_branch_dag.py
[2025-03-27T14:38:32.135-0500] {processor.py:925} INFO - DAG(s) 'example_nested_branch_dag' retrieved from /home/udhbhav/miniconda3/lib/python3.11/site-packages/airflow/example_dags/example_nested_branch_dag.py
[2025-03-27T14:38:32.143-0500] {logging_mixin.py:190} INFO - [2025-03-27T14:38:32.143-0500] {dag.py:3239} INFO - Sync 1 DAGs
[2025-03-27T14:38:32.151-0500] {logging_mixin.py:190} INFO - [2025-03-27T14:38:32.151-0500] {dag.py:4180} INFO - Setting next_dagrun for example_nested_branch_dag to 2025-03-26 00:00:00+00:00, run_after=2025-03-27 00:00:00+00:00
[2025-03-27T14:38:32.329-0500] {processor.py:208} INFO - Processing /home/udhbhav/miniconda3/lib/python3.11/site-packages/airflow/example_dags/example_nested_branch_dag.py took 0.204 seconds
[2025-03-27T14:39:45.907-0500] {processor.py:186} INFO - Started process (PID=1771373) to work on /home/udhbhav/miniconda3/lib/python3.11/site-packages/airflow/example_dags/example_nested_branch_dag.py
[2025-03-27T14:39:45.908-0500] {processor.py:914} INFO - Processing file /home/udhbhav/miniconda3/lib/python3.11/site-packages/airflow/example_dags/example_nested_branch_dag.py for tasks to queue
[2025-03-27T14:39:45.909-0500] {logging_mixin.py:190} INFO - [2025-03-27T14:39:45.908-0500] {dagbag.py:588} INFO - Filling up the DagBag from /home/udhbhav/miniconda3/lib/python3.11/site-packages/airflow/example_dags/example_nested_branch_dag.py
[2025-03-27T14:39:45.915-0500] {processor.py:925} INFO - DAG(s) 'example_nested_branch_dag' retrieved from /home/udhbhav/miniconda3/lib/python3.11/site-packages/airflow/example_dags/example_nested_branch_dag.py
[2025-03-27T14:39:45.922-0500] {logging_mixin.py:190} INFO - [2025-03-27T14:39:45.922-0500] {dag.py:3239} INFO - Sync 1 DAGs
[2025-03-27T14:39:45.930-0500] {logging_mixin.py:190} INFO - [2025-03-27T14:39:45.930-0500] {dag.py:4180} INFO - Setting next_dagrun for example_nested_branch_dag to 2025-03-26 00:00:00+00:00, run_after=2025-03-27 00:00:00+00:00
[2025-03-27T14:39:46.118-0500] {processor.py:208} INFO - Processing /home/udhbhav/miniconda3/lib/python3.11/site-packages/airflow/example_dags/example_nested_branch_dag.py took 0.213 seconds
[2025-03-27T14:41:08.790-0500] {processor.py:186} INFO - Started process (PID=1772156) to work on /home/udhbhav/miniconda3/lib/python3.11/site-packages/airflow/example_dags/example_nested_branch_dag.py
[2025-03-27T14:41:08.790-0500] {processor.py:914} INFO - Processing file /home/udhbhav/miniconda3/lib/python3.11/site-packages/airflow/example_dags/example_nested_branch_dag.py for tasks to queue
[2025-03-27T14:41:08.792-0500] {logging_mixin.py:190} INFO - [2025-03-27T14:41:08.791-0500] {dagbag.py:588} INFO - Filling up the DagBag from /home/udhbhav/miniconda3/lib/python3.11/site-packages/airflow/example_dags/example_nested_branch_dag.py
[2025-03-27T14:41:08.798-0500] {processor.py:925} INFO - DAG(s) 'example_nested_branch_dag' retrieved from /home/udhbhav/miniconda3/lib/python3.11/site-packages/airflow/example_dags/example_nested_branch_dag.py
[2025-03-27T14:41:08.806-0500] {logging_mixin.py:190} INFO - [2025-03-27T14:41:08.806-0500] {dag.py:3239} INFO - Sync 1 DAGs
[2025-03-27T14:41:08.814-0500] {logging_mixin.py:190} INFO - [2025-03-27T14:41:08.814-0500] {dag.py:4180} INFO - Setting next_dagrun for example_nested_branch_dag to 2025-03-26 00:00:00+00:00, run_after=2025-03-27 00:00:00+00:00
[2025-03-27T14:41:08.915-0500] {processor.py:208} INFO - Processing /home/udhbhav/miniconda3/lib/python3.11/site-packages/airflow/example_dags/example_nested_branch_dag.py took 0.129 seconds
[2025-03-27T14:42:34.019-0500] {processor.py:186} INFO - Started process (PID=1773243) to work on /home/udhbhav/miniconda3/lib/python3.11/site-packages/airflow/example_dags/example_nested_branch_dag.py
[2025-03-27T14:42:34.019-0500] {processor.py:914} INFO - Processing file /home/udhbhav/miniconda3/lib/python3.11/site-packages/airflow/example_dags/example_nested_branch_dag.py for tasks to queue
[2025-03-27T14:42:34.020-0500] {logging_mixin.py:190} INFO - [2025-03-27T14:42:34.020-0500] {dagbag.py:588} INFO - Filling up the DagBag from /home/udhbhav/miniconda3/lib/python3.11/site-packages/airflow/example_dags/example_nested_branch_dag.py
[2025-03-27T14:42:34.026-0500] {processor.py:925} INFO - DAG(s) 'example_nested_branch_dag' retrieved from /home/udhbhav/miniconda3/lib/python3.11/site-packages/airflow/example_dags/example_nested_branch_dag.py
[2025-03-27T14:42:34.034-0500] {logging_mixin.py:190} INFO - [2025-03-27T14:42:34.034-0500] {dag.py:3239} INFO - Sync 1 DAGs
[2025-03-27T14:42:34.043-0500] {logging_mixin.py:190} INFO - [2025-03-27T14:42:34.043-0500] {dag.py:4180} INFO - Setting next_dagrun for example_nested_branch_dag to 2025-03-26 00:00:00+00:00, run_after=2025-03-27 00:00:00+00:00
[2025-03-27T14:42:34.148-0500] {processor.py:208} INFO - Processing /home/udhbhav/miniconda3/lib/python3.11/site-packages/airflow/example_dags/example_nested_branch_dag.py took 0.131 seconds
[2025-03-27T14:44:00.259-0500] {processor.py:186} INFO - Started process (PID=1774282) to work on /home/udhbhav/miniconda3/lib/python3.11/site-packages/airflow/example_dags/example_nested_branch_dag.py
[2025-03-27T14:44:00.259-0500] {processor.py:914} INFO - Processing file /home/udhbhav/miniconda3/lib/python3.11/site-packages/airflow/example_dags/example_nested_branch_dag.py for tasks to queue
[2025-03-27T14:44:00.260-0500] {logging_mixin.py:190} INFO - [2025-03-27T14:44:00.260-0500] {dagbag.py:588} INFO - Filling up the DagBag from /home/udhbhav/miniconda3/lib/python3.11/site-packages/airflow/example_dags/example_nested_branch_dag.py
[2025-03-27T14:44:00.266-0500] {processor.py:925} INFO - DAG(s) 'example_nested_branch_dag' retrieved from /home/udhbhav/miniconda3/lib/python3.11/site-packages/airflow/example_dags/example_nested_branch_dag.py
[2025-03-27T14:44:00.274-0500] {logging_mixin.py:190} INFO - [2025-03-27T14:44:00.274-0500] {dag.py:3239} INFO - Sync 1 DAGs
[2025-03-27T14:44:00.283-0500] {logging_mixin.py:190} INFO - [2025-03-27T14:44:00.283-0500] {dag.py:4180} INFO - Setting next_dagrun for example_nested_branch_dag to 2025-03-26 00:00:00+00:00, run_after=2025-03-27 00:00:00+00:00
[2025-03-27T14:44:00.389-0500] {processor.py:208} INFO - Processing /home/udhbhav/miniconda3/lib/python3.11/site-packages/airflow/example_dags/example_nested_branch_dag.py took 0.133 seconds
[2025-03-27T14:45:04.558-0500] {processor.py:186} INFO - Started process (PID=1774926) to work on /home/udhbhav/miniconda3/lib/python3.11/site-packages/airflow/example_dags/example_nested_branch_dag.py
[2025-03-27T14:45:04.559-0500] {processor.py:914} INFO - Processing file /home/udhbhav/miniconda3/lib/python3.11/site-packages/airflow/example_dags/example_nested_branch_dag.py for tasks to queue
[2025-03-27T14:45:04.560-0500] {logging_mixin.py:190} INFO - [2025-03-27T14:45:04.559-0500] {dagbag.py:588} INFO - Filling up the DagBag from /home/udhbhav/miniconda3/lib/python3.11/site-packages/airflow/example_dags/example_nested_branch_dag.py
[2025-03-27T14:45:04.566-0500] {processor.py:925} INFO - DAG(s) 'example_nested_branch_dag' retrieved from /home/udhbhav/miniconda3/lib/python3.11/site-packages/airflow/example_dags/example_nested_branch_dag.py
[2025-03-27T14:45:04.573-0500] {logging_mixin.py:190} INFO - [2025-03-27T14:45:04.573-0500] {dag.py:3239} INFO - Sync 1 DAGs
[2025-03-27T14:45:04.582-0500] {logging_mixin.py:190} INFO - [2025-03-27T14:45:04.581-0500] {dag.py:4180} INFO - Setting next_dagrun for example_nested_branch_dag to 2025-03-26 00:00:00+00:00, run_after=2025-03-27 00:00:00+00:00
[2025-03-27T14:45:04.686-0500] {processor.py:208} INFO - Processing /home/udhbhav/miniconda3/lib/python3.11/site-packages/airflow/example_dags/example_nested_branch_dag.py took 0.131 seconds
[2025-03-27T14:46:42.213-0500] {processor.py:186} INFO - Started process (PID=1775872) to work on /home/udhbhav/miniconda3/lib/python3.11/site-packages/airflow/example_dags/example_nested_branch_dag.py
[2025-03-27T14:46:42.214-0500] {processor.py:914} INFO - Processing file /home/udhbhav/miniconda3/lib/python3.11/site-packages/airflow/example_dags/example_nested_branch_dag.py for tasks to queue
[2025-03-27T14:46:42.214-0500] {logging_mixin.py:190} INFO - [2025-03-27T14:46:42.214-0500] {dagbag.py:588} INFO - Filling up the DagBag from /home/udhbhav/miniconda3/lib/python3.11/site-packages/airflow/example_dags/example_nested_branch_dag.py
[2025-03-27T14:46:42.221-0500] {processor.py:925} INFO - DAG(s) 'example_nested_branch_dag' retrieved from /home/udhbhav/miniconda3/lib/python3.11/site-packages/airflow/example_dags/example_nested_branch_dag.py
[2025-03-27T14:46:42.229-0500] {logging_mixin.py:190} INFO - [2025-03-27T14:46:42.228-0500] {dag.py:3239} INFO - Sync 1 DAGs
[2025-03-27T14:46:42.237-0500] {logging_mixin.py:190} INFO - [2025-03-27T14:46:42.237-0500] {dag.py:4180} INFO - Setting next_dagrun for example_nested_branch_dag to 2025-03-26 00:00:00+00:00, run_after=2025-03-27 00:00:00+00:00
[2025-03-27T14:46:42.345-0500] {processor.py:208} INFO - Processing /home/udhbhav/miniconda3/lib/python3.11/site-packages/airflow/example_dags/example_nested_branch_dag.py took 0.135 seconds
[2025-03-27T14:47:55.396-0500] {processor.py:186} INFO - Started process (PID=1776601) to work on /home/udhbhav/miniconda3/lib/python3.11/site-packages/airflow/example_dags/example_nested_branch_dag.py
[2025-03-27T14:47:55.397-0500] {processor.py:914} INFO - Processing file /home/udhbhav/miniconda3/lib/python3.11/site-packages/airflow/example_dags/example_nested_branch_dag.py for tasks to queue
[2025-03-27T14:47:55.398-0500] {logging_mixin.py:190} INFO - [2025-03-27T14:47:55.397-0500] {dagbag.py:588} INFO - Filling up the DagBag from /home/udhbhav/miniconda3/lib/python3.11/site-packages/airflow/example_dags/example_nested_branch_dag.py
[2025-03-27T14:47:55.404-0500] {processor.py:925} INFO - DAG(s) 'example_nested_branch_dag' retrieved from /home/udhbhav/miniconda3/lib/python3.11/site-packages/airflow/example_dags/example_nested_branch_dag.py
[2025-03-27T14:47:55.411-0500] {logging_mixin.py:190} INFO - [2025-03-27T14:47:55.411-0500] {dag.py:3239} INFO - Sync 1 DAGs
[2025-03-27T14:47:55.419-0500] {logging_mixin.py:190} INFO - [2025-03-27T14:47:55.419-0500] {dag.py:4180} INFO - Setting next_dagrun for example_nested_branch_dag to 2025-03-26 00:00:00+00:00, run_after=2025-03-27 00:00:00+00:00
[2025-03-27T14:47:55.571-0500] {processor.py:208} INFO - Processing /home/udhbhav/miniconda3/lib/python3.11/site-packages/airflow/example_dags/example_nested_branch_dag.py took 0.178 seconds
[2025-03-27T14:49:14.881-0500] {processor.py:186} INFO - Started process (PID=1777245) to work on /home/udhbhav/miniconda3/lib/python3.11/site-packages/airflow/example_dags/example_nested_branch_dag.py
[2025-03-27T14:49:14.882-0500] {processor.py:914} INFO - Processing file /home/udhbhav/miniconda3/lib/python3.11/site-packages/airflow/example_dags/example_nested_branch_dag.py for tasks to queue
[2025-03-27T14:49:14.883-0500] {logging_mixin.py:190} INFO - [2025-03-27T14:49:14.882-0500] {dagbag.py:588} INFO - Filling up the DagBag from /home/udhbhav/miniconda3/lib/python3.11/site-packages/airflow/example_dags/example_nested_branch_dag.py
[2025-03-27T14:49:14.889-0500] {processor.py:925} INFO - DAG(s) 'example_nested_branch_dag' retrieved from /home/udhbhav/miniconda3/lib/python3.11/site-packages/airflow/example_dags/example_nested_branch_dag.py
[2025-03-27T14:49:14.897-0500] {logging_mixin.py:190} INFO - [2025-03-27T14:49:14.897-0500] {dag.py:3239} INFO - Sync 1 DAGs
[2025-03-27T14:49:14.905-0500] {logging_mixin.py:190} INFO - [2025-03-27T14:49:14.905-0500] {dag.py:4180} INFO - Setting next_dagrun for example_nested_branch_dag to 2025-03-26 00:00:00+00:00, run_after=2025-03-27 00:00:00+00:00
[2025-03-27T14:49:15.108-0500] {processor.py:208} INFO - Processing /home/udhbhav/miniconda3/lib/python3.11/site-packages/airflow/example_dags/example_nested_branch_dag.py took 0.230 seconds
[2025-03-27T14:50:14.216-0500] {processor.py:186} INFO - Started process (PID=1777820) to work on /home/udhbhav/miniconda3/lib/python3.11/site-packages/airflow/example_dags/example_nested_branch_dag.py
[2025-03-27T14:50:14.216-0500] {processor.py:914} INFO - Processing file /home/udhbhav/miniconda3/lib/python3.11/site-packages/airflow/example_dags/example_nested_branch_dag.py for tasks to queue
[2025-03-27T14:50:14.217-0500] {logging_mixin.py:190} INFO - [2025-03-27T14:50:14.217-0500] {dagbag.py:588} INFO - Filling up the DagBag from /home/udhbhav/miniconda3/lib/python3.11/site-packages/airflow/example_dags/example_nested_branch_dag.py
[2025-03-27T14:50:14.223-0500] {processor.py:925} INFO - DAG(s) 'example_nested_branch_dag' retrieved from /home/udhbhav/miniconda3/lib/python3.11/site-packages/airflow/example_dags/example_nested_branch_dag.py
[2025-03-27T14:50:14.231-0500] {logging_mixin.py:190} INFO - [2025-03-27T14:50:14.231-0500] {dag.py:3239} INFO - Sync 1 DAGs
[2025-03-27T14:50:14.239-0500] {logging_mixin.py:190} INFO - [2025-03-27T14:50:14.239-0500] {dag.py:4180} INFO - Setting next_dagrun for example_nested_branch_dag to 2025-03-26 00:00:00+00:00, run_after=2025-03-27 00:00:00+00:00
[2025-03-27T14:50:14.348-0500] {processor.py:208} INFO - Processing /home/udhbhav/miniconda3/lib/python3.11/site-packages/airflow/example_dags/example_nested_branch_dag.py took 0.135 seconds
[2025-03-27T14:51:20.002-0500] {processor.py:186} INFO - Started process (PID=1783337) to work on /home/udhbhav/miniconda3/lib/python3.11/site-packages/airflow/example_dags/example_nested_branch_dag.py
[2025-03-27T14:51:20.003-0500] {processor.py:914} INFO - Processing file /home/udhbhav/miniconda3/lib/python3.11/site-packages/airflow/example_dags/example_nested_branch_dag.py for tasks to queue
[2025-03-27T14:51:20.004-0500] {logging_mixin.py:190} INFO - [2025-03-27T14:51:20.004-0500] {dagbag.py:588} INFO - Filling up the DagBag from /home/udhbhav/miniconda3/lib/python3.11/site-packages/airflow/example_dags/example_nested_branch_dag.py
[2025-03-27T14:51:20.010-0500] {processor.py:925} INFO - DAG(s) 'example_nested_branch_dag' retrieved from /home/udhbhav/miniconda3/lib/python3.11/site-packages/airflow/example_dags/example_nested_branch_dag.py
[2025-03-27T14:51:20.018-0500] {logging_mixin.py:190} INFO - [2025-03-27T14:51:20.018-0500] {dag.py:3239} INFO - Sync 1 DAGs
[2025-03-27T14:51:20.026-0500] {logging_mixin.py:190} INFO - [2025-03-27T14:51:20.026-0500] {dag.py:4180} INFO - Setting next_dagrun for example_nested_branch_dag to 2025-03-26 00:00:00+00:00, run_after=2025-03-27 00:00:00+00:00
[2025-03-27T14:51:20.133-0500] {processor.py:208} INFO - Processing /home/udhbhav/miniconda3/lib/python3.11/site-packages/airflow/example_dags/example_nested_branch_dag.py took 0.133 seconds
[2025-03-27T14:52:27.151-0500] {processor.py:186} INFO - Started process (PID=1784007) to work on /home/udhbhav/miniconda3/lib/python3.11/site-packages/airflow/example_dags/example_nested_branch_dag.py
[2025-03-27T14:52:27.152-0500] {processor.py:914} INFO - Processing file /home/udhbhav/miniconda3/lib/python3.11/site-packages/airflow/example_dags/example_nested_branch_dag.py for tasks to queue
[2025-03-27T14:52:27.153-0500] {logging_mixin.py:190} INFO - [2025-03-27T14:52:27.152-0500] {dagbag.py:588} INFO - Filling up the DagBag from /home/udhbhav/miniconda3/lib/python3.11/site-packages/airflow/example_dags/example_nested_branch_dag.py
[2025-03-27T14:52:27.159-0500] {processor.py:925} INFO - DAG(s) 'example_nested_branch_dag' retrieved from /home/udhbhav/miniconda3/lib/python3.11/site-packages/airflow/example_dags/example_nested_branch_dag.py
[2025-03-27T14:52:27.167-0500] {logging_mixin.py:190} INFO - [2025-03-27T14:52:27.167-0500] {dag.py:3239} INFO - Sync 1 DAGs
[2025-03-27T14:52:27.175-0500] {logging_mixin.py:190} INFO - [2025-03-27T14:52:27.175-0500] {dag.py:4180} INFO - Setting next_dagrun for example_nested_branch_dag to 2025-03-26 00:00:00+00:00, run_after=2025-03-27 00:00:00+00:00
[2025-03-27T14:52:27.284-0500] {processor.py:208} INFO - Processing /home/udhbhav/miniconda3/lib/python3.11/site-packages/airflow/example_dags/example_nested_branch_dag.py took 0.136 seconds
[2025-03-27T14:53:38.025-0500] {processor.py:186} INFO - Started process (PID=1784729) to work on /home/udhbhav/miniconda3/lib/python3.11/site-packages/airflow/example_dags/example_nested_branch_dag.py
[2025-03-27T14:53:38.025-0500] {processor.py:914} INFO - Processing file /home/udhbhav/miniconda3/lib/python3.11/site-packages/airflow/example_dags/example_nested_branch_dag.py for tasks to queue
[2025-03-27T14:53:38.026-0500] {logging_mixin.py:190} INFO - [2025-03-27T14:53:38.026-0500] {dagbag.py:588} INFO - Filling up the DagBag from /home/udhbhav/miniconda3/lib/python3.11/site-packages/airflow/example_dags/example_nested_branch_dag.py
[2025-03-27T14:53:38.032-0500] {processor.py:925} INFO - DAG(s) 'example_nested_branch_dag' retrieved from /home/udhbhav/miniconda3/lib/python3.11/site-packages/airflow/example_dags/example_nested_branch_dag.py
[2025-03-27T14:53:38.040-0500] {logging_mixin.py:190} INFO - [2025-03-27T14:53:38.040-0500] {dag.py:3239} INFO - Sync 1 DAGs
[2025-03-27T14:53:38.049-0500] {logging_mixin.py:190} INFO - [2025-03-27T14:53:38.049-0500] {dag.py:4180} INFO - Setting next_dagrun for example_nested_branch_dag to 2025-03-26 00:00:00+00:00, run_after=2025-03-27 00:00:00+00:00
[2025-03-27T14:53:38.156-0500] {processor.py:208} INFO - Processing /home/udhbhav/miniconda3/lib/python3.11/site-packages/airflow/example_dags/example_nested_branch_dag.py took 0.135 seconds
[2025-03-27T14:54:44.849-0500] {processor.py:186} INFO - Started process (PID=1785435) to work on /home/udhbhav/miniconda3/lib/python3.11/site-packages/airflow/example_dags/example_nested_branch_dag.py
[2025-03-27T14:54:44.849-0500] {processor.py:914} INFO - Processing file /home/udhbhav/miniconda3/lib/python3.11/site-packages/airflow/example_dags/example_nested_branch_dag.py for tasks to queue
[2025-03-27T14:54:44.850-0500] {logging_mixin.py:190} INFO - [2025-03-27T14:54:44.850-0500] {dagbag.py:588} INFO - Filling up the DagBag from /home/udhbhav/miniconda3/lib/python3.11/site-packages/airflow/example_dags/example_nested_branch_dag.py
[2025-03-27T14:54:44.857-0500] {processor.py:925} INFO - DAG(s) 'example_nested_branch_dag' retrieved from /home/udhbhav/miniconda3/lib/python3.11/site-packages/airflow/example_dags/example_nested_branch_dag.py
[2025-03-27T14:54:44.865-0500] {logging_mixin.py:190} INFO - [2025-03-27T14:54:44.865-0500] {dag.py:3239} INFO - Sync 1 DAGs
[2025-03-27T14:54:44.873-0500] {logging_mixin.py:190} INFO - [2025-03-27T14:54:44.873-0500] {dag.py:4180} INFO - Setting next_dagrun for example_nested_branch_dag to 2025-03-26 00:00:00+00:00, run_after=2025-03-27 00:00:00+00:00
[2025-03-27T14:54:44.981-0500] {processor.py:208} INFO - Processing /home/udhbhav/miniconda3/lib/python3.11/site-packages/airflow/example_dags/example_nested_branch_dag.py took 0.135 seconds
[2025-03-27T14:55:49.877-0500] {processor.py:186} INFO - Started process (PID=1786119) to work on /home/udhbhav/miniconda3/lib/python3.11/site-packages/airflow/example_dags/example_nested_branch_dag.py
[2025-03-27T14:55:49.878-0500] {processor.py:914} INFO - Processing file /home/udhbhav/miniconda3/lib/python3.11/site-packages/airflow/example_dags/example_nested_branch_dag.py for tasks to queue
[2025-03-27T14:55:49.878-0500] {logging_mixin.py:190} INFO - [2025-03-27T14:55:49.878-0500] {dagbag.py:588} INFO - Filling up the DagBag from /home/udhbhav/miniconda3/lib/python3.11/site-packages/airflow/example_dags/example_nested_branch_dag.py
[2025-03-27T14:55:49.885-0500] {processor.py:925} INFO - DAG(s) 'example_nested_branch_dag' retrieved from /home/udhbhav/miniconda3/lib/python3.11/site-packages/airflow/example_dags/example_nested_branch_dag.py
[2025-03-27T14:55:49.893-0500] {logging_mixin.py:190} INFO - [2025-03-27T14:55:49.893-0500] {dag.py:3239} INFO - Sync 1 DAGs
[2025-03-27T14:55:49.901-0500] {logging_mixin.py:190} INFO - [2025-03-27T14:55:49.901-0500] {dag.py:4180} INFO - Setting next_dagrun for example_nested_branch_dag to 2025-03-26 00:00:00+00:00, run_after=2025-03-27 00:00:00+00:00
[2025-03-27T14:55:50.144-0500] {processor.py:208} INFO - Processing /home/udhbhav/miniconda3/lib/python3.11/site-packages/airflow/example_dags/example_nested_branch_dag.py took 0.270 seconds
[2025-03-27T14:57:08.902-0500] {processor.py:186} INFO - Started process (PID=1786880) to work on /home/udhbhav/miniconda3/lib/python3.11/site-packages/airflow/example_dags/example_nested_branch_dag.py
[2025-03-27T14:57:08.903-0500] {processor.py:914} INFO - Processing file /home/udhbhav/miniconda3/lib/python3.11/site-packages/airflow/example_dags/example_nested_branch_dag.py for tasks to queue
[2025-03-27T14:57:08.904-0500] {logging_mixin.py:190} INFO - [2025-03-27T14:57:08.903-0500] {dagbag.py:588} INFO - Filling up the DagBag from /home/udhbhav/miniconda3/lib/python3.11/site-packages/airflow/example_dags/example_nested_branch_dag.py
[2025-03-27T14:57:08.910-0500] {processor.py:925} INFO - DAG(s) 'example_nested_branch_dag' retrieved from /home/udhbhav/miniconda3/lib/python3.11/site-packages/airflow/example_dags/example_nested_branch_dag.py
[2025-03-27T14:57:08.918-0500] {logging_mixin.py:190} INFO - [2025-03-27T14:57:08.918-0500] {dag.py:3239} INFO - Sync 1 DAGs
[2025-03-27T14:57:08.926-0500] {logging_mixin.py:190} INFO - [2025-03-27T14:57:08.926-0500] {dag.py:4180} INFO - Setting next_dagrun for example_nested_branch_dag to 2025-03-26 00:00:00+00:00, run_after=2025-03-27 00:00:00+00:00
[2025-03-27T14:57:09.091-0500] {processor.py:208} INFO - Processing /home/udhbhav/miniconda3/lib/python3.11/site-packages/airflow/example_dags/example_nested_branch_dag.py took 0.192 seconds
[2025-03-27T14:58:27.979-0500] {processor.py:186} INFO - Started process (PID=1787654) to work on /home/udhbhav/miniconda3/lib/python3.11/site-packages/airflow/example_dags/example_nested_branch_dag.py
[2025-03-27T14:58:27.980-0500] {processor.py:914} INFO - Processing file /home/udhbhav/miniconda3/lib/python3.11/site-packages/airflow/example_dags/example_nested_branch_dag.py for tasks to queue
[2025-03-27T14:58:27.981-0500] {logging_mixin.py:190} INFO - [2025-03-27T14:58:27.981-0500] {dagbag.py:588} INFO - Filling up the DagBag from /home/udhbhav/miniconda3/lib/python3.11/site-packages/airflow/example_dags/example_nested_branch_dag.py
[2025-03-27T14:58:27.987-0500] {processor.py:925} INFO - DAG(s) 'example_nested_branch_dag' retrieved from /home/udhbhav/miniconda3/lib/python3.11/site-packages/airflow/example_dags/example_nested_branch_dag.py
[2025-03-27T14:58:27.996-0500] {logging_mixin.py:190} INFO - [2025-03-27T14:58:27.995-0500] {dag.py:3239} INFO - Sync 1 DAGs
[2025-03-27T14:58:28.004-0500] {logging_mixin.py:190} INFO - [2025-03-27T14:58:28.004-0500] {dag.py:4180} INFO - Setting next_dagrun for example_nested_branch_dag to 2025-03-26 00:00:00+00:00, run_after=2025-03-27 00:00:00+00:00
[2025-03-27T14:58:28.186-0500] {processor.py:208} INFO - Processing /home/udhbhav/miniconda3/lib/python3.11/site-packages/airflow/example_dags/example_nested_branch_dag.py took 0.210 seconds
[2025-03-27T15:00:02.795-0500] {processor.py:186} INFO - Started process (PID=1788681) to work on /home/udhbhav/miniconda3/lib/python3.11/site-packages/airflow/example_dags/example_nested_branch_dag.py
[2025-03-27T15:00:02.796-0500] {processor.py:914} INFO - Processing file /home/udhbhav/miniconda3/lib/python3.11/site-packages/airflow/example_dags/example_nested_branch_dag.py for tasks to queue
[2025-03-27T15:00:02.797-0500] {logging_mixin.py:190} INFO - [2025-03-27T15:00:02.796-0500] {dagbag.py:588} INFO - Filling up the DagBag from /home/udhbhav/miniconda3/lib/python3.11/site-packages/airflow/example_dags/example_nested_branch_dag.py
[2025-03-27T15:00:02.804-0500] {processor.py:925} INFO - DAG(s) 'example_nested_branch_dag' retrieved from /home/udhbhav/miniconda3/lib/python3.11/site-packages/airflow/example_dags/example_nested_branch_dag.py
[2025-03-27T15:00:02.812-0500] {logging_mixin.py:190} INFO - [2025-03-27T15:00:02.811-0500] {dag.py:3239} INFO - Sync 1 DAGs
[2025-03-27T15:00:02.820-0500] {logging_mixin.py:190} INFO - [2025-03-27T15:00:02.820-0500] {dag.py:4180} INFO - Setting next_dagrun for example_nested_branch_dag to 2025-03-26 00:00:00+00:00, run_after=2025-03-27 00:00:00+00:00
[2025-03-27T15:00:02.945-0500] {processor.py:208} INFO - Processing /home/udhbhav/miniconda3/lib/python3.11/site-packages/airflow/example_dags/example_nested_branch_dag.py took 0.153 seconds
[2025-03-27T15:01:09.907-0500] {processor.py:186} INFO - Started process (PID=1789477) to work on /home/udhbhav/miniconda3/lib/python3.11/site-packages/airflow/example_dags/example_nested_branch_dag.py
[2025-03-27T15:01:09.907-0500] {processor.py:914} INFO - Processing file /home/udhbhav/miniconda3/lib/python3.11/site-packages/airflow/example_dags/example_nested_branch_dag.py for tasks to queue
[2025-03-27T15:01:09.908-0500] {logging_mixin.py:190} INFO - [2025-03-27T15:01:09.908-0500] {dagbag.py:588} INFO - Filling up the DagBag from /home/udhbhav/miniconda3/lib/python3.11/site-packages/airflow/example_dags/example_nested_branch_dag.py
[2025-03-27T15:01:09.915-0500] {processor.py:925} INFO - DAG(s) 'example_nested_branch_dag' retrieved from /home/udhbhav/miniconda3/lib/python3.11/site-packages/airflow/example_dags/example_nested_branch_dag.py
[2025-03-27T15:01:09.923-0500] {logging_mixin.py:190} INFO - [2025-03-27T15:01:09.923-0500] {dag.py:3239} INFO - Sync 1 DAGs
[2025-03-27T15:01:09.932-0500] {logging_mixin.py:190} INFO - [2025-03-27T15:01:09.931-0500] {dag.py:4180} INFO - Setting next_dagrun for example_nested_branch_dag to 2025-03-26 00:00:00+00:00, run_after=2025-03-27 00:00:00+00:00
[2025-03-27T15:01:10.038-0500] {processor.py:208} INFO - Processing /home/udhbhav/miniconda3/lib/python3.11/site-packages/airflow/example_dags/example_nested_branch_dag.py took 0.134 seconds
[2025-03-27T15:02:13.958-0500] {processor.py:186} INFO - Started process (PID=1790221) to work on /home/udhbhav/miniconda3/lib/python3.11/site-packages/airflow/example_dags/example_nested_branch_dag.py
[2025-03-27T15:02:13.958-0500] {processor.py:914} INFO - Processing file /home/udhbhav/miniconda3/lib/python3.11/site-packages/airflow/example_dags/example_nested_branch_dag.py for tasks to queue
[2025-03-27T15:02:13.959-0500] {logging_mixin.py:190} INFO - [2025-03-27T15:02:13.959-0500] {dagbag.py:588} INFO - Filling up the DagBag from /home/udhbhav/miniconda3/lib/python3.11/site-packages/airflow/example_dags/example_nested_branch_dag.py
[2025-03-27T15:02:13.965-0500] {processor.py:925} INFO - DAG(s) 'example_nested_branch_dag' retrieved from /home/udhbhav/miniconda3/lib/python3.11/site-packages/airflow/example_dags/example_nested_branch_dag.py
[2025-03-27T15:02:13.973-0500] {logging_mixin.py:190} INFO - [2025-03-27T15:02:13.973-0500] {dag.py:3239} INFO - Sync 1 DAGs
[2025-03-27T15:02:13.981-0500] {logging_mixin.py:190} INFO - [2025-03-27T15:02:13.981-0500] {dag.py:4180} INFO - Setting next_dagrun for example_nested_branch_dag to 2025-03-26 00:00:00+00:00, run_after=2025-03-27 00:00:00+00:00
[2025-03-27T15:02:14.079-0500] {processor.py:208} INFO - Processing /home/udhbhav/miniconda3/lib/python3.11/site-packages/airflow/example_dags/example_nested_branch_dag.py took 0.124 seconds
[2025-03-27T15:03:32.020-0500] {processor.py:186} INFO - Started process (PID=1790970) to work on /home/udhbhav/miniconda3/lib/python3.11/site-packages/airflow/example_dags/example_nested_branch_dag.py
[2025-03-27T15:03:32.021-0500] {processor.py:914} INFO - Processing file /home/udhbhav/miniconda3/lib/python3.11/site-packages/airflow/example_dags/example_nested_branch_dag.py for tasks to queue
[2025-03-27T15:03:32.021-0500] {logging_mixin.py:190} INFO - [2025-03-27T15:03:32.021-0500] {dagbag.py:588} INFO - Filling up the DagBag from /home/udhbhav/miniconda3/lib/python3.11/site-packages/airflow/example_dags/example_nested_branch_dag.py
[2025-03-27T15:03:32.027-0500] {processor.py:925} INFO - DAG(s) 'example_nested_branch_dag' retrieved from /home/udhbhav/miniconda3/lib/python3.11/site-packages/airflow/example_dags/example_nested_branch_dag.py
[2025-03-27T15:03:32.036-0500] {logging_mixin.py:190} INFO - [2025-03-27T15:03:32.035-0500] {dag.py:3239} INFO - Sync 1 DAGs
[2025-03-27T15:03:32.044-0500] {logging_mixin.py:190} INFO - [2025-03-27T15:03:32.044-0500] {dag.py:4180} INFO - Setting next_dagrun for example_nested_branch_dag to 2025-03-26 00:00:00+00:00, run_after=2025-03-27 00:00:00+00:00
[2025-03-27T15:03:32.162-0500] {processor.py:208} INFO - Processing /home/udhbhav/miniconda3/lib/python3.11/site-packages/airflow/example_dags/example_nested_branch_dag.py took 0.145 seconds
[2025-03-27T15:04:44.898-0500] {processor.py:186} INFO - Started process (PID=1791789) to work on /home/udhbhav/miniconda3/lib/python3.11/site-packages/airflow/example_dags/example_nested_branch_dag.py
[2025-03-27T15:04:44.899-0500] {processor.py:914} INFO - Processing file /home/udhbhav/miniconda3/lib/python3.11/site-packages/airflow/example_dags/example_nested_branch_dag.py for tasks to queue
[2025-03-27T15:04:44.900-0500] {logging_mixin.py:190} INFO - [2025-03-27T15:04:44.900-0500] {dagbag.py:588} INFO - Filling up the DagBag from /home/udhbhav/miniconda3/lib/python3.11/site-packages/airflow/example_dags/example_nested_branch_dag.py
[2025-03-27T15:04:44.907-0500] {processor.py:925} INFO - DAG(s) 'example_nested_branch_dag' retrieved from /home/udhbhav/miniconda3/lib/python3.11/site-packages/airflow/example_dags/example_nested_branch_dag.py
[2025-03-27T15:04:44.915-0500] {logging_mixin.py:190} INFO - [2025-03-27T15:04:44.915-0500] {dag.py:3239} INFO - Sync 1 DAGs
[2025-03-27T15:04:44.924-0500] {logging_mixin.py:190} INFO - [2025-03-27T15:04:44.924-0500] {dag.py:4180} INFO - Setting next_dagrun for example_nested_branch_dag to 2025-03-26 00:00:00+00:00, run_after=2025-03-27 00:00:00+00:00
[2025-03-27T15:04:45.091-0500] {processor.py:208} INFO - Processing /home/udhbhav/miniconda3/lib/python3.11/site-packages/airflow/example_dags/example_nested_branch_dag.py took 0.195 seconds
[2025-03-27T15:06:07.012-0500] {processor.py:186} INFO - Started process (PID=1792490) to work on /home/udhbhav/miniconda3/lib/python3.11/site-packages/airflow/example_dags/example_nested_branch_dag.py
[2025-03-27T15:06:07.012-0500] {processor.py:914} INFO - Processing file /home/udhbhav/miniconda3/lib/python3.11/site-packages/airflow/example_dags/example_nested_branch_dag.py for tasks to queue
[2025-03-27T15:06:07.013-0500] {logging_mixin.py:190} INFO - [2025-03-27T15:06:07.013-0500] {dagbag.py:588} INFO - Filling up the DagBag from /home/udhbhav/miniconda3/lib/python3.11/site-packages/airflow/example_dags/example_nested_branch_dag.py
[2025-03-27T15:06:07.019-0500] {processor.py:925} INFO - DAG(s) 'example_nested_branch_dag' retrieved from /home/udhbhav/miniconda3/lib/python3.11/site-packages/airflow/example_dags/example_nested_branch_dag.py
[2025-03-27T15:06:07.027-0500] {logging_mixin.py:190} INFO - [2025-03-27T15:06:07.027-0500] {dag.py:3239} INFO - Sync 1 DAGs
[2025-03-27T15:06:07.036-0500] {logging_mixin.py:190} INFO - [2025-03-27T15:06:07.035-0500] {dag.py:4180} INFO - Setting next_dagrun for example_nested_branch_dag to 2025-03-26 00:00:00+00:00, run_after=2025-03-27 00:00:00+00:00
[2025-03-27T15:06:07.396-0500] {processor.py:208} INFO - Processing /home/udhbhav/miniconda3/lib/python3.11/site-packages/airflow/example_dags/example_nested_branch_dag.py took 0.387 seconds
[2025-03-27T15:07:33.694-0500] {processor.py:186} INFO - Started process (PID=1793392) to work on /home/udhbhav/miniconda3/lib/python3.11/site-packages/airflow/example_dags/example_nested_branch_dag.py
[2025-03-27T15:07:33.694-0500] {processor.py:914} INFO - Processing file /home/udhbhav/miniconda3/lib/python3.11/site-packages/airflow/example_dags/example_nested_branch_dag.py for tasks to queue
[2025-03-27T15:07:33.695-0500] {logging_mixin.py:190} INFO - [2025-03-27T15:07:33.695-0500] {dagbag.py:588} INFO - Filling up the DagBag from /home/udhbhav/miniconda3/lib/python3.11/site-packages/airflow/example_dags/example_nested_branch_dag.py
[2025-03-27T15:07:33.701-0500] {processor.py:925} INFO - DAG(s) 'example_nested_branch_dag' retrieved from /home/udhbhav/miniconda3/lib/python3.11/site-packages/airflow/example_dags/example_nested_branch_dag.py
[2025-03-27T15:07:33.709-0500] {logging_mixin.py:190} INFO - [2025-03-27T15:07:33.709-0500] {dag.py:3239} INFO - Sync 1 DAGs
[2025-03-27T15:07:33.717-0500] {logging_mixin.py:190} INFO - [2025-03-27T15:07:33.717-0500] {dag.py:4180} INFO - Setting next_dagrun for example_nested_branch_dag to 2025-03-26 00:00:00+00:00, run_after=2025-03-27 00:00:00+00:00
[2025-03-27T15:07:33.824-0500] {processor.py:208} INFO - Processing /home/udhbhav/miniconda3/lib/python3.11/site-packages/airflow/example_dags/example_nested_branch_dag.py took 0.134 seconds
[2025-03-27T15:08:37.350-0500] {processor.py:186} INFO - Started process (PID=1794034) to work on /home/udhbhav/miniconda3/lib/python3.11/site-packages/airflow/example_dags/example_nested_branch_dag.py
[2025-03-27T15:08:37.351-0500] {processor.py:914} INFO - Processing file /home/udhbhav/miniconda3/lib/python3.11/site-packages/airflow/example_dags/example_nested_branch_dag.py for tasks to queue
[2025-03-27T15:08:37.352-0500] {logging_mixin.py:190} INFO - [2025-03-27T15:08:37.351-0500] {dagbag.py:588} INFO - Filling up the DagBag from /home/udhbhav/miniconda3/lib/python3.11/site-packages/airflow/example_dags/example_nested_branch_dag.py
[2025-03-27T15:08:37.358-0500] {processor.py:925} INFO - DAG(s) 'example_nested_branch_dag' retrieved from /home/udhbhav/miniconda3/lib/python3.11/site-packages/airflow/example_dags/example_nested_branch_dag.py
[2025-03-27T15:08:37.366-0500] {logging_mixin.py:190} INFO - [2025-03-27T15:08:37.366-0500] {dag.py:3239} INFO - Sync 1 DAGs
[2025-03-27T15:08:37.374-0500] {logging_mixin.py:190} INFO - [2025-03-27T15:08:37.374-0500] {dag.py:4180} INFO - Setting next_dagrun for example_nested_branch_dag to 2025-03-26 00:00:00+00:00, run_after=2025-03-27 00:00:00+00:00
[2025-03-27T15:08:37.479-0500] {processor.py:208} INFO - Processing /home/udhbhav/miniconda3/lib/python3.11/site-packages/airflow/example_dags/example_nested_branch_dag.py took 0.131 seconds
[2025-03-27T15:09:46.154-0500] {processor.py:186} INFO - Started process (PID=1794762) to work on /home/udhbhav/miniconda3/lib/python3.11/site-packages/airflow/example_dags/example_nested_branch_dag.py
[2025-03-27T15:09:46.155-0500] {processor.py:914} INFO - Processing file /home/udhbhav/miniconda3/lib/python3.11/site-packages/airflow/example_dags/example_nested_branch_dag.py for tasks to queue
[2025-03-27T15:09:46.156-0500] {logging_mixin.py:190} INFO - [2025-03-27T15:09:46.155-0500] {dagbag.py:588} INFO - Filling up the DagBag from /home/udhbhav/miniconda3/lib/python3.11/site-packages/airflow/example_dags/example_nested_branch_dag.py
[2025-03-27T15:09:46.162-0500] {processor.py:925} INFO - DAG(s) 'example_nested_branch_dag' retrieved from /home/udhbhav/miniconda3/lib/python3.11/site-packages/airflow/example_dags/example_nested_branch_dag.py
[2025-03-27T15:09:46.170-0500] {logging_mixin.py:190} INFO - [2025-03-27T15:09:46.169-0500] {dag.py:3239} INFO - Sync 1 DAGs
[2025-03-27T15:09:46.178-0500] {logging_mixin.py:190} INFO - [2025-03-27T15:09:46.178-0500] {dag.py:4180} INFO - Setting next_dagrun for example_nested_branch_dag to 2025-03-26 00:00:00+00:00, run_after=2025-03-27 00:00:00+00:00
[2025-03-27T15:09:46.363-0500] {processor.py:208} INFO - Processing /home/udhbhav/miniconda3/lib/python3.11/site-packages/airflow/example_dags/example_nested_branch_dag.py took 0.212 seconds
[2025-03-27T15:10:55.465-0500] {processor.py:186} INFO - Started process (PID=1795427) to work on /home/udhbhav/miniconda3/lib/python3.11/site-packages/airflow/example_dags/example_nested_branch_dag.py
[2025-03-27T15:10:55.466-0500] {processor.py:914} INFO - Processing file /home/udhbhav/miniconda3/lib/python3.11/site-packages/airflow/example_dags/example_nested_branch_dag.py for tasks to queue
[2025-03-27T15:10:55.467-0500] {logging_mixin.py:190} INFO - [2025-03-27T15:10:55.467-0500] {dagbag.py:588} INFO - Filling up the DagBag from /home/udhbhav/miniconda3/lib/python3.11/site-packages/airflow/example_dags/example_nested_branch_dag.py
[2025-03-27T15:10:55.473-0500] {processor.py:925} INFO - DAG(s) 'example_nested_branch_dag' retrieved from /home/udhbhav/miniconda3/lib/python3.11/site-packages/airflow/example_dags/example_nested_branch_dag.py
[2025-03-27T15:10:55.481-0500] {logging_mixin.py:190} INFO - [2025-03-27T15:10:55.481-0500] {dag.py:3239} INFO - Sync 1 DAGs
[2025-03-27T15:10:55.489-0500] {logging_mixin.py:190} INFO - [2025-03-27T15:10:55.489-0500] {dag.py:4180} INFO - Setting next_dagrun for example_nested_branch_dag to 2025-03-26 00:00:00+00:00, run_after=2025-03-27 00:00:00+00:00
[2025-03-27T15:10:56.196-0500] {processor.py:208} INFO - Processing /home/udhbhav/miniconda3/lib/python3.11/site-packages/airflow/example_dags/example_nested_branch_dag.py took 0.734 seconds
[2025-03-27T15:12:01.518-0500] {processor.py:186} INFO - Started process (PID=1797625) to work on /home/udhbhav/miniconda3/lib/python3.11/site-packages/airflow/example_dags/example_nested_branch_dag.py
[2025-03-27T15:12:01.519-0500] {processor.py:914} INFO - Processing file /home/udhbhav/miniconda3/lib/python3.11/site-packages/airflow/example_dags/example_nested_branch_dag.py for tasks to queue
[2025-03-27T15:12:01.520-0500] {logging_mixin.py:190} INFO - [2025-03-27T15:12:01.519-0500] {dagbag.py:588} INFO - Filling up the DagBag from /home/udhbhav/miniconda3/lib/python3.11/site-packages/airflow/example_dags/example_nested_branch_dag.py
[2025-03-27T15:12:01.526-0500] {processor.py:925} INFO - DAG(s) 'example_nested_branch_dag' retrieved from /home/udhbhav/miniconda3/lib/python3.11/site-packages/airflow/example_dags/example_nested_branch_dag.py
[2025-03-27T15:12:01.534-0500] {logging_mixin.py:190} INFO - [2025-03-27T15:12:01.534-0500] {dag.py:3239} INFO - Sync 1 DAGs
[2025-03-27T15:12:01.542-0500] {logging_mixin.py:190} INFO - [2025-03-27T15:12:01.542-0500] {dag.py:4180} INFO - Setting next_dagrun for example_nested_branch_dag to 2025-03-26 00:00:00+00:00, run_after=2025-03-27 00:00:00+00:00
[2025-03-27T15:12:01.650-0500] {processor.py:208} INFO - Processing /home/udhbhav/miniconda3/lib/python3.11/site-packages/airflow/example_dags/example_nested_branch_dag.py took 0.134 seconds
[2025-03-27T15:13:21.486-0500] {processor.py:186} INFO - Started process (PID=1798368) to work on /home/udhbhav/miniconda3/lib/python3.11/site-packages/airflow/example_dags/example_nested_branch_dag.py
[2025-03-27T15:13:21.486-0500] {processor.py:914} INFO - Processing file /home/udhbhav/miniconda3/lib/python3.11/site-packages/airflow/example_dags/example_nested_branch_dag.py for tasks to queue
[2025-03-27T15:13:21.487-0500] {logging_mixin.py:190} INFO - [2025-03-27T15:13:21.487-0500] {dagbag.py:588} INFO - Filling up the DagBag from /home/udhbhav/miniconda3/lib/python3.11/site-packages/airflow/example_dags/example_nested_branch_dag.py
[2025-03-27T15:13:21.493-0500] {processor.py:925} INFO - DAG(s) 'example_nested_branch_dag' retrieved from /home/udhbhav/miniconda3/lib/python3.11/site-packages/airflow/example_dags/example_nested_branch_dag.py
[2025-03-27T15:13:21.501-0500] {logging_mixin.py:190} INFO - [2025-03-27T15:13:21.501-0500] {dag.py:3239} INFO - Sync 1 DAGs
[2025-03-27T15:13:21.510-0500] {logging_mixin.py:190} INFO - [2025-03-27T15:13:21.510-0500] {dag.py:4180} INFO - Setting next_dagrun for example_nested_branch_dag to 2025-03-26 00:00:00+00:00, run_after=2025-03-27 00:00:00+00:00
[2025-03-27T15:13:21.615-0500] {processor.py:208} INFO - Processing /home/udhbhav/miniconda3/lib/python3.11/site-packages/airflow/example_dags/example_nested_branch_dag.py took 0.132 seconds
[2025-03-27T15:14:37.815-0500] {processor.py:186} INFO - Started process (PID=1799170) to work on /home/udhbhav/miniconda3/lib/python3.11/site-packages/airflow/example_dags/example_nested_branch_dag.py
[2025-03-27T15:14:37.816-0500] {processor.py:914} INFO - Processing file /home/udhbhav/miniconda3/lib/python3.11/site-packages/airflow/example_dags/example_nested_branch_dag.py for tasks to queue
[2025-03-27T15:14:37.817-0500] {logging_mixin.py:190} INFO - [2025-03-27T15:14:37.817-0500] {dagbag.py:588} INFO - Filling up the DagBag from /home/udhbhav/miniconda3/lib/python3.11/site-packages/airflow/example_dags/example_nested_branch_dag.py
[2025-03-27T15:14:37.823-0500] {processor.py:925} INFO - DAG(s) 'example_nested_branch_dag' retrieved from /home/udhbhav/miniconda3/lib/python3.11/site-packages/airflow/example_dags/example_nested_branch_dag.py
[2025-03-27T15:14:37.831-0500] {logging_mixin.py:190} INFO - [2025-03-27T15:14:37.831-0500] {dag.py:3239} INFO - Sync 1 DAGs
[2025-03-27T15:14:37.839-0500] {logging_mixin.py:190} INFO - [2025-03-27T15:14:37.839-0500] {dag.py:4180} INFO - Setting next_dagrun for example_nested_branch_dag to 2025-03-26 00:00:00+00:00, run_after=2025-03-27 00:00:00+00:00
[2025-03-27T15:14:37.986-0500] {processor.py:208} INFO - Processing /home/udhbhav/miniconda3/lib/python3.11/site-packages/airflow/example_dags/example_nested_branch_dag.py took 0.173 seconds
[2025-03-27T15:15:54.964-0500] {processor.py:186} INFO - Started process (PID=1799988) to work on /home/udhbhav/miniconda3/lib/python3.11/site-packages/airflow/example_dags/example_nested_branch_dag.py
[2025-03-27T15:15:54.964-0500] {processor.py:914} INFO - Processing file /home/udhbhav/miniconda3/lib/python3.11/site-packages/airflow/example_dags/example_nested_branch_dag.py for tasks to queue
[2025-03-27T15:15:54.966-0500] {logging_mixin.py:190} INFO - [2025-03-27T15:15:54.965-0500] {dagbag.py:588} INFO - Filling up the DagBag from /home/udhbhav/miniconda3/lib/python3.11/site-packages/airflow/example_dags/example_nested_branch_dag.py
[2025-03-27T15:15:54.972-0500] {processor.py:925} INFO - DAG(s) 'example_nested_branch_dag' retrieved from /home/udhbhav/miniconda3/lib/python3.11/site-packages/airflow/example_dags/example_nested_branch_dag.py
[2025-03-27T15:15:54.980-0500] {logging_mixin.py:190} INFO - [2025-03-27T15:15:54.979-0500] {dag.py:3239} INFO - Sync 1 DAGs
[2025-03-27T15:15:54.988-0500] {logging_mixin.py:190} INFO - [2025-03-27T15:15:54.988-0500] {dag.py:4180} INFO - Setting next_dagrun for example_nested_branch_dag to 2025-03-26 00:00:00+00:00, run_after=2025-03-27 00:00:00+00:00
[2025-03-27T15:15:55.323-0500] {processor.py:208} INFO - Processing /home/udhbhav/miniconda3/lib/python3.11/site-packages/airflow/example_dags/example_nested_branch_dag.py took 0.363 seconds
[2025-03-27T15:17:13.253-0500] {processor.py:186} INFO - Started process (PID=1800695) to work on /home/udhbhav/miniconda3/lib/python3.11/site-packages/airflow/example_dags/example_nested_branch_dag.py
[2025-03-27T15:17:13.254-0500] {processor.py:914} INFO - Processing file /home/udhbhav/miniconda3/lib/python3.11/site-packages/airflow/example_dags/example_nested_branch_dag.py for tasks to queue
[2025-03-27T15:17:13.255-0500] {logging_mixin.py:190} INFO - [2025-03-27T15:17:13.255-0500] {dagbag.py:588} INFO - Filling up the DagBag from /home/udhbhav/miniconda3/lib/python3.11/site-packages/airflow/example_dags/example_nested_branch_dag.py
[2025-03-27T15:17:13.261-0500] {processor.py:925} INFO - DAG(s) 'example_nested_branch_dag' retrieved from /home/udhbhav/miniconda3/lib/python3.11/site-packages/airflow/example_dags/example_nested_branch_dag.py
[2025-03-27T15:17:13.269-0500] {logging_mixin.py:190} INFO - [2025-03-27T15:17:13.269-0500] {dag.py:3239} INFO - Sync 1 DAGs
[2025-03-27T15:17:13.278-0500] {logging_mixin.py:190} INFO - [2025-03-27T15:17:13.278-0500] {dag.py:4180} INFO - Setting next_dagrun for example_nested_branch_dag to 2025-03-26 00:00:00+00:00, run_after=2025-03-27 00:00:00+00:00
[2025-03-27T15:17:13.430-0500] {processor.py:208} INFO - Processing /home/udhbhav/miniconda3/lib/python3.11/site-packages/airflow/example_dags/example_nested_branch_dag.py took 0.180 seconds
[2025-03-27T15:18:21.298-0500] {processor.py:186} INFO - Started process (PID=1801356) to work on /home/udhbhav/miniconda3/lib/python3.11/site-packages/airflow/example_dags/example_nested_branch_dag.py
[2025-03-27T15:18:21.299-0500] {processor.py:914} INFO - Processing file /home/udhbhav/miniconda3/lib/python3.11/site-packages/airflow/example_dags/example_nested_branch_dag.py for tasks to queue
[2025-03-27T15:18:21.300-0500] {logging_mixin.py:190} INFO - [2025-03-27T15:18:21.300-0500] {dagbag.py:588} INFO - Filling up the DagBag from /home/udhbhav/miniconda3/lib/python3.11/site-packages/airflow/example_dags/example_nested_branch_dag.py
[2025-03-27T15:18:21.306-0500] {processor.py:925} INFO - DAG(s) 'example_nested_branch_dag' retrieved from /home/udhbhav/miniconda3/lib/python3.11/site-packages/airflow/example_dags/example_nested_branch_dag.py
[2025-03-27T15:18:21.314-0500] {logging_mixin.py:190} INFO - [2025-03-27T15:18:21.314-0500] {dag.py:3239} INFO - Sync 1 DAGs
[2025-03-27T15:18:21.322-0500] {logging_mixin.py:190} INFO - [2025-03-27T15:18:21.322-0500] {dag.py:4180} INFO - Setting next_dagrun for example_nested_branch_dag to 2025-03-26 00:00:00+00:00, run_after=2025-03-27 00:00:00+00:00
[2025-03-27T15:18:21.429-0500] {processor.py:208} INFO - Processing /home/udhbhav/miniconda3/lib/python3.11/site-packages/airflow/example_dags/example_nested_branch_dag.py took 0.133 seconds
[2025-03-27T15:19:31.098-0500] {processor.py:186} INFO - Started process (PID=1802042) to work on /home/udhbhav/miniconda3/lib/python3.11/site-packages/airflow/example_dags/example_nested_branch_dag.py
[2025-03-27T15:19:31.098-0500] {processor.py:914} INFO - Processing file /home/udhbhav/miniconda3/lib/python3.11/site-packages/airflow/example_dags/example_nested_branch_dag.py for tasks to queue
[2025-03-27T15:19:31.099-0500] {logging_mixin.py:190} INFO - [2025-03-27T15:19:31.099-0500] {dagbag.py:588} INFO - Filling up the DagBag from /home/udhbhav/miniconda3/lib/python3.11/site-packages/airflow/example_dags/example_nested_branch_dag.py
[2025-03-27T15:19:31.105-0500] {processor.py:925} INFO - DAG(s) 'example_nested_branch_dag' retrieved from /home/udhbhav/miniconda3/lib/python3.11/site-packages/airflow/example_dags/example_nested_branch_dag.py
[2025-03-27T15:19:31.113-0500] {logging_mixin.py:190} INFO - [2025-03-27T15:19:31.113-0500] {dag.py:3239} INFO - Sync 1 DAGs
[2025-03-27T15:19:31.122-0500] {logging_mixin.py:190} INFO - [2025-03-27T15:19:31.122-0500] {dag.py:4180} INFO - Setting next_dagrun for example_nested_branch_dag to 2025-03-26 00:00:00+00:00, run_after=2025-03-27 00:00:00+00:00
[2025-03-27T15:19:31.226-0500] {processor.py:208} INFO - Processing /home/udhbhav/miniconda3/lib/python3.11/site-packages/airflow/example_dags/example_nested_branch_dag.py took 0.131 seconds
[2025-03-27T15:20:36.664-0500] {processor.py:186} INFO - Started process (PID=1803491) to work on /home/udhbhav/miniconda3/lib/python3.11/site-packages/airflow/example_dags/example_nested_branch_dag.py
[2025-03-27T15:20:36.664-0500] {processor.py:914} INFO - Processing file /home/udhbhav/miniconda3/lib/python3.11/site-packages/airflow/example_dags/example_nested_branch_dag.py for tasks to queue
[2025-03-27T15:20:36.665-0500] {logging_mixin.py:190} INFO - [2025-03-27T15:20:36.665-0500] {dagbag.py:588} INFO - Filling up the DagBag from /home/udhbhav/miniconda3/lib/python3.11/site-packages/airflow/example_dags/example_nested_branch_dag.py
[2025-03-27T15:20:36.671-0500] {processor.py:925} INFO - DAG(s) 'example_nested_branch_dag' retrieved from /home/udhbhav/miniconda3/lib/python3.11/site-packages/airflow/example_dags/example_nested_branch_dag.py
[2025-03-27T15:20:36.679-0500] {logging_mixin.py:190} INFO - [2025-03-27T15:20:36.679-0500] {dag.py:3239} INFO - Sync 1 DAGs
[2025-03-27T15:20:36.687-0500] {logging_mixin.py:190} INFO - [2025-03-27T15:20:36.687-0500] {dag.py:4180} INFO - Setting next_dagrun for example_nested_branch_dag to 2025-03-26 00:00:00+00:00, run_after=2025-03-27 00:00:00+00:00
[2025-03-27T15:20:36.794-0500] {processor.py:208} INFO - Processing /home/udhbhav/miniconda3/lib/python3.11/site-packages/airflow/example_dags/example_nested_branch_dag.py took 0.134 seconds
[2025-03-27T15:21:47.956-0500] {processor.py:186} INFO - Started process (PID=1808338) to work on /home/udhbhav/miniconda3/lib/python3.11/site-packages/airflow/example_dags/example_nested_branch_dag.py
[2025-03-27T15:21:47.957-0500] {processor.py:914} INFO - Processing file /home/udhbhav/miniconda3/lib/python3.11/site-packages/airflow/example_dags/example_nested_branch_dag.py for tasks to queue
[2025-03-27T15:21:47.958-0500] {logging_mixin.py:190} INFO - [2025-03-27T15:21:47.958-0500] {dagbag.py:588} INFO - Filling up the DagBag from /home/udhbhav/miniconda3/lib/python3.11/site-packages/airflow/example_dags/example_nested_branch_dag.py
[2025-03-27T15:21:47.964-0500] {processor.py:925} INFO - DAG(s) 'example_nested_branch_dag' retrieved from /home/udhbhav/miniconda3/lib/python3.11/site-packages/airflow/example_dags/example_nested_branch_dag.py
[2025-03-27T15:21:47.972-0500] {logging_mixin.py:190} INFO - [2025-03-27T15:21:47.971-0500] {dag.py:3239} INFO - Sync 1 DAGs
[2025-03-27T15:21:47.980-0500] {logging_mixin.py:190} INFO - [2025-03-27T15:21:47.980-0500] {dag.py:4180} INFO - Setting next_dagrun for example_nested_branch_dag to 2025-03-26 00:00:00+00:00, run_after=2025-03-27 00:00:00+00:00
[2025-03-27T15:21:48.087-0500] {processor.py:208} INFO - Processing /home/udhbhav/miniconda3/lib/python3.11/site-packages/airflow/example_dags/example_nested_branch_dag.py took 0.133 seconds
[2025-03-27T15:23:06.567-0500] {processor.py:186} INFO - Started process (PID=1809060) to work on /home/udhbhav/miniconda3/lib/python3.11/site-packages/airflow/example_dags/example_nested_branch_dag.py
[2025-03-27T15:23:06.568-0500] {processor.py:914} INFO - Processing file /home/udhbhav/miniconda3/lib/python3.11/site-packages/airflow/example_dags/example_nested_branch_dag.py for tasks to queue
[2025-03-27T15:23:06.569-0500] {logging_mixin.py:190} INFO - [2025-03-27T15:23:06.569-0500] {dagbag.py:588} INFO - Filling up the DagBag from /home/udhbhav/miniconda3/lib/python3.11/site-packages/airflow/example_dags/example_nested_branch_dag.py
[2025-03-27T15:23:06.575-0500] {processor.py:925} INFO - DAG(s) 'example_nested_branch_dag' retrieved from /home/udhbhav/miniconda3/lib/python3.11/site-packages/airflow/example_dags/example_nested_branch_dag.py
[2025-03-27T15:23:06.583-0500] {logging_mixin.py:190} INFO - [2025-03-27T15:23:06.583-0500] {dag.py:3239} INFO - Sync 1 DAGs
[2025-03-27T15:23:06.591-0500] {logging_mixin.py:190} INFO - [2025-03-27T15:23:06.591-0500] {dag.py:4180} INFO - Setting next_dagrun for example_nested_branch_dag to 2025-03-26 00:00:00+00:00, run_after=2025-03-27 00:00:00+00:00
[2025-03-27T15:23:07.369-0500] {processor.py:208} INFO - Processing /home/udhbhav/miniconda3/lib/python3.11/site-packages/airflow/example_dags/example_nested_branch_dag.py took 0.804 seconds
[2025-03-27T15:24:15.209-0500] {processor.py:186} INFO - Started process (PID=1809832) to work on /home/udhbhav/miniconda3/lib/python3.11/site-packages/airflow/example_dags/example_nested_branch_dag.py
[2025-03-27T15:24:15.209-0500] {processor.py:914} INFO - Processing file /home/udhbhav/miniconda3/lib/python3.11/site-packages/airflow/example_dags/example_nested_branch_dag.py for tasks to queue
[2025-03-27T15:24:15.211-0500] {logging_mixin.py:190} INFO - [2025-03-27T15:24:15.211-0500] {dagbag.py:588} INFO - Filling up the DagBag from /home/udhbhav/miniconda3/lib/python3.11/site-packages/airflow/example_dags/example_nested_branch_dag.py
[2025-03-27T15:24:15.217-0500] {processor.py:925} INFO - DAG(s) 'example_nested_branch_dag' retrieved from /home/udhbhav/miniconda3/lib/python3.11/site-packages/airflow/example_dags/example_nested_branch_dag.py
[2025-03-27T15:24:15.225-0500] {logging_mixin.py:190} INFO - [2025-03-27T15:24:15.225-0500] {dag.py:3239} INFO - Sync 1 DAGs
[2025-03-27T15:24:15.233-0500] {logging_mixin.py:190} INFO - [2025-03-27T15:24:15.233-0500] {dag.py:4180} INFO - Setting next_dagrun for example_nested_branch_dag to 2025-03-26 00:00:00+00:00, run_after=2025-03-27 00:00:00+00:00
[2025-03-27T15:24:15.391-0500] {processor.py:208} INFO - Processing /home/udhbhav/miniconda3/lib/python3.11/site-packages/airflow/example_dags/example_nested_branch_dag.py took 0.185 seconds
[2025-03-27T15:25:34.350-0500] {processor.py:186} INFO - Started process (PID=1810622) to work on /home/udhbhav/miniconda3/lib/python3.11/site-packages/airflow/example_dags/example_nested_branch_dag.py
[2025-03-27T15:25:34.350-0500] {processor.py:914} INFO - Processing file /home/udhbhav/miniconda3/lib/python3.11/site-packages/airflow/example_dags/example_nested_branch_dag.py for tasks to queue
[2025-03-27T15:25:34.351-0500] {logging_mixin.py:190} INFO - [2025-03-27T15:25:34.351-0500] {dagbag.py:588} INFO - Filling up the DagBag from /home/udhbhav/miniconda3/lib/python3.11/site-packages/airflow/example_dags/example_nested_branch_dag.py
[2025-03-27T15:25:34.357-0500] {processor.py:925} INFO - DAG(s) 'example_nested_branch_dag' retrieved from /home/udhbhav/miniconda3/lib/python3.11/site-packages/airflow/example_dags/example_nested_branch_dag.py
[2025-03-27T15:25:34.366-0500] {logging_mixin.py:190} INFO - [2025-03-27T15:25:34.366-0500] {dag.py:3239} INFO - Sync 1 DAGs
[2025-03-27T15:25:34.374-0500] {logging_mixin.py:190} INFO - [2025-03-27T15:25:34.374-0500] {dag.py:4180} INFO - Setting next_dagrun for example_nested_branch_dag to 2025-03-26 00:00:00+00:00, run_after=2025-03-27 00:00:00+00:00
[2025-03-27T15:25:35.110-0500] {processor.py:208} INFO - Processing /home/udhbhav/miniconda3/lib/python3.11/site-packages/airflow/example_dags/example_nested_branch_dag.py took 0.763 seconds
[2025-03-27T15:27:08.518-0500] {processor.py:186} INFO - Started process (PID=1811518) to work on /home/udhbhav/miniconda3/lib/python3.11/site-packages/airflow/example_dags/example_nested_branch_dag.py
[2025-03-27T15:27:08.518-0500] {processor.py:914} INFO - Processing file /home/udhbhav/miniconda3/lib/python3.11/site-packages/airflow/example_dags/example_nested_branch_dag.py for tasks to queue
[2025-03-27T15:27:08.519-0500] {logging_mixin.py:190} INFO - [2025-03-27T15:27:08.519-0500] {dagbag.py:588} INFO - Filling up the DagBag from /home/udhbhav/miniconda3/lib/python3.11/site-packages/airflow/example_dags/example_nested_branch_dag.py
[2025-03-27T15:27:08.525-0500] {processor.py:925} INFO - DAG(s) 'example_nested_branch_dag' retrieved from /home/udhbhav/miniconda3/lib/python3.11/site-packages/airflow/example_dags/example_nested_branch_dag.py
[2025-03-27T15:27:08.533-0500] {logging_mixin.py:190} INFO - [2025-03-27T15:27:08.533-0500] {dag.py:3239} INFO - Sync 1 DAGs
[2025-03-27T15:27:08.542-0500] {logging_mixin.py:190} INFO - [2025-03-27T15:27:08.541-0500] {dag.py:4180} INFO - Setting next_dagrun for example_nested_branch_dag to 2025-03-26 00:00:00+00:00, run_after=2025-03-27 00:00:00+00:00
[2025-03-27T15:27:08.649-0500] {processor.py:208} INFO - Processing /home/udhbhav/miniconda3/lib/python3.11/site-packages/airflow/example_dags/example_nested_branch_dag.py took 0.134 seconds
[2025-03-27T15:28:25.315-0500] {processor.py:186} INFO - Started process (PID=1812226) to work on /home/udhbhav/miniconda3/lib/python3.11/site-packages/airflow/example_dags/example_nested_branch_dag.py
[2025-03-27T15:28:25.316-0500] {processor.py:914} INFO - Processing file /home/udhbhav/miniconda3/lib/python3.11/site-packages/airflow/example_dags/example_nested_branch_dag.py for tasks to queue
[2025-03-27T15:28:25.317-0500] {logging_mixin.py:190} INFO - [2025-03-27T15:28:25.317-0500] {dagbag.py:588} INFO - Filling up the DagBag from /home/udhbhav/miniconda3/lib/python3.11/site-packages/airflow/example_dags/example_nested_branch_dag.py
[2025-03-27T15:28:25.323-0500] {processor.py:925} INFO - DAG(s) 'example_nested_branch_dag' retrieved from /home/udhbhav/miniconda3/lib/python3.11/site-packages/airflow/example_dags/example_nested_branch_dag.py
[2025-03-27T15:28:25.331-0500] {logging_mixin.py:190} INFO - [2025-03-27T15:28:25.331-0500] {dag.py:3239} INFO - Sync 1 DAGs
[2025-03-27T15:28:25.339-0500] {logging_mixin.py:190} INFO - [2025-03-27T15:28:25.339-0500] {dag.py:4180} INFO - Setting next_dagrun for example_nested_branch_dag to 2025-03-26 00:00:00+00:00, run_after=2025-03-27 00:00:00+00:00
[2025-03-27T15:28:25.607-0500] {processor.py:208} INFO - Processing /home/udhbhav/miniconda3/lib/python3.11/site-packages/airflow/example_dags/example_nested_branch_dag.py took 0.294 seconds
[2025-03-27T15:30:13.038-0500] {processor.py:186} INFO - Started process (PID=1813252) to work on /home/udhbhav/miniconda3/lib/python3.11/site-packages/airflow/example_dags/example_nested_branch_dag.py
[2025-03-27T15:30:13.038-0500] {processor.py:914} INFO - Processing file /home/udhbhav/miniconda3/lib/python3.11/site-packages/airflow/example_dags/example_nested_branch_dag.py for tasks to queue
[2025-03-27T15:30:13.039-0500] {logging_mixin.py:190} INFO - [2025-03-27T15:30:13.039-0500] {dagbag.py:588} INFO - Filling up the DagBag from /home/udhbhav/miniconda3/lib/python3.11/site-packages/airflow/example_dags/example_nested_branch_dag.py
[2025-03-27T15:30:13.045-0500] {processor.py:925} INFO - DAG(s) 'example_nested_branch_dag' retrieved from /home/udhbhav/miniconda3/lib/python3.11/site-packages/airflow/example_dags/example_nested_branch_dag.py
[2025-03-27T15:30:13.053-0500] {logging_mixin.py:190} INFO - [2025-03-27T15:30:13.053-0500] {dag.py:3239} INFO - Sync 1 DAGs
[2025-03-27T15:30:13.062-0500] {logging_mixin.py:190} INFO - [2025-03-27T15:30:13.062-0500] {dag.py:4180} INFO - Setting next_dagrun for example_nested_branch_dag to 2025-03-26 00:00:00+00:00, run_after=2025-03-27 00:00:00+00:00
[2025-03-27T15:30:13.367-0500] {processor.py:208} INFO - Processing /home/udhbhav/miniconda3/lib/python3.11/site-packages/airflow/example_dags/example_nested_branch_dag.py took 0.332 seconds
[2025-03-27T15:32:03.973-0500] {processor.py:186} INFO - Started process (PID=1814322) to work on /home/udhbhav/miniconda3/lib/python3.11/site-packages/airflow/example_dags/example_nested_branch_dag.py
[2025-03-27T15:32:03.973-0500] {processor.py:914} INFO - Processing file /home/udhbhav/miniconda3/lib/python3.11/site-packages/airflow/example_dags/example_nested_branch_dag.py for tasks to queue
[2025-03-27T15:32:03.974-0500] {logging_mixin.py:190} INFO - [2025-03-27T15:32:03.974-0500] {dagbag.py:588} INFO - Filling up the DagBag from /home/udhbhav/miniconda3/lib/python3.11/site-packages/airflow/example_dags/example_nested_branch_dag.py
[2025-03-27T15:32:03.980-0500] {processor.py:925} INFO - DAG(s) 'example_nested_branch_dag' retrieved from /home/udhbhav/miniconda3/lib/python3.11/site-packages/airflow/example_dags/example_nested_branch_dag.py
[2025-03-27T15:32:03.989-0500] {logging_mixin.py:190} INFO - [2025-03-27T15:32:03.988-0500] {dag.py:3239} INFO - Sync 1 DAGs
[2025-03-27T15:32:03.997-0500] {logging_mixin.py:190} INFO - [2025-03-27T15:32:03.997-0500] {dag.py:4180} INFO - Setting next_dagrun for example_nested_branch_dag to 2025-03-26 00:00:00+00:00, run_after=2025-03-27 00:00:00+00:00
[2025-03-27T15:32:04.101-0500] {processor.py:208} INFO - Processing /home/udhbhav/miniconda3/lib/python3.11/site-packages/airflow/example_dags/example_nested_branch_dag.py took 0.131 seconds
[2025-03-27T15:33:15.048-0500] {processor.py:186} INFO - Started process (PID=1814956) to work on /home/udhbhav/miniconda3/lib/python3.11/site-packages/airflow/example_dags/example_nested_branch_dag.py
[2025-03-27T15:33:15.048-0500] {processor.py:914} INFO - Processing file /home/udhbhav/miniconda3/lib/python3.11/site-packages/airflow/example_dags/example_nested_branch_dag.py for tasks to queue
[2025-03-27T15:33:15.049-0500] {logging_mixin.py:190} INFO - [2025-03-27T15:33:15.049-0500] {dagbag.py:588} INFO - Filling up the DagBag from /home/udhbhav/miniconda3/lib/python3.11/site-packages/airflow/example_dags/example_nested_branch_dag.py
[2025-03-27T15:33:15.055-0500] {processor.py:925} INFO - DAG(s) 'example_nested_branch_dag' retrieved from /home/udhbhav/miniconda3/lib/python3.11/site-packages/airflow/example_dags/example_nested_branch_dag.py
[2025-03-27T15:33:15.063-0500] {logging_mixin.py:190} INFO - [2025-03-27T15:33:15.063-0500] {dag.py:3239} INFO - Sync 1 DAGs
[2025-03-27T15:33:15.072-0500] {logging_mixin.py:190} INFO - [2025-03-27T15:33:15.072-0500] {dag.py:4180} INFO - Setting next_dagrun for example_nested_branch_dag to 2025-03-26 00:00:00+00:00, run_after=2025-03-27 00:00:00+00:00
[2025-03-27T15:33:15.175-0500] {processor.py:208} INFO - Processing /home/udhbhav/miniconda3/lib/python3.11/site-packages/airflow/example_dags/example_nested_branch_dag.py took 0.130 seconds
[2025-03-27T15:34:22.019-0500] {processor.py:186} INFO - Started process (PID=1815615) to work on /home/udhbhav/miniconda3/lib/python3.11/site-packages/airflow/example_dags/example_nested_branch_dag.py
[2025-03-27T15:34:22.019-0500] {processor.py:914} INFO - Processing file /home/udhbhav/miniconda3/lib/python3.11/site-packages/airflow/example_dags/example_nested_branch_dag.py for tasks to queue
[2025-03-27T15:34:22.020-0500] {logging_mixin.py:190} INFO - [2025-03-27T15:34:22.020-0500] {dagbag.py:588} INFO - Filling up the DagBag from /home/udhbhav/miniconda3/lib/python3.11/site-packages/airflow/example_dags/example_nested_branch_dag.py
[2025-03-27T15:34:22.026-0500] {processor.py:925} INFO - DAG(s) 'example_nested_branch_dag' retrieved from /home/udhbhav/miniconda3/lib/python3.11/site-packages/airflow/example_dags/example_nested_branch_dag.py
[2025-03-27T15:34:22.034-0500] {logging_mixin.py:190} INFO - [2025-03-27T15:34:22.034-0500] {dag.py:3239} INFO - Sync 1 DAGs
[2025-03-27T15:34:22.043-0500] {logging_mixin.py:190} INFO - [2025-03-27T15:34:22.043-0500] {dag.py:4180} INFO - Setting next_dagrun for example_nested_branch_dag to 2025-03-26 00:00:00+00:00, run_after=2025-03-27 00:00:00+00:00
[2025-03-27T15:34:22.151-0500] {processor.py:208} INFO - Processing /home/udhbhav/miniconda3/lib/python3.11/site-packages/airflow/example_dags/example_nested_branch_dag.py took 0.135 seconds
[2025-03-27T15:35:29.147-0500] {processor.py:186} INFO - Started process (PID=1816270) to work on /home/udhbhav/miniconda3/lib/python3.11/site-packages/airflow/example_dags/example_nested_branch_dag.py
[2025-03-27T15:35:29.148-0500] {processor.py:914} INFO - Processing file /home/udhbhav/miniconda3/lib/python3.11/site-packages/airflow/example_dags/example_nested_branch_dag.py for tasks to queue
[2025-03-27T15:35:29.149-0500] {logging_mixin.py:190} INFO - [2025-03-27T15:35:29.149-0500] {dagbag.py:588} INFO - Filling up the DagBag from /home/udhbhav/miniconda3/lib/python3.11/site-packages/airflow/example_dags/example_nested_branch_dag.py
[2025-03-27T15:35:29.155-0500] {processor.py:925} INFO - DAG(s) 'example_nested_branch_dag' retrieved from /home/udhbhav/miniconda3/lib/python3.11/site-packages/airflow/example_dags/example_nested_branch_dag.py
[2025-03-27T15:35:29.163-0500] {logging_mixin.py:190} INFO - [2025-03-27T15:35:29.163-0500] {dag.py:3239} INFO - Sync 1 DAGs
[2025-03-27T15:35:29.172-0500] {logging_mixin.py:190} INFO - [2025-03-27T15:35:29.172-0500] {dag.py:4180} INFO - Setting next_dagrun for example_nested_branch_dag to 2025-03-26 00:00:00+00:00, run_after=2025-03-27 00:00:00+00:00
[2025-03-27T15:35:29.390-0500] {processor.py:208} INFO - Processing /home/udhbhav/miniconda3/lib/python3.11/site-packages/airflow/example_dags/example_nested_branch_dag.py took 0.246 seconds
