[2025-03-27T14:26:40.708-0500] {processor.py:186} INFO - Started process (PID=1763453) to work on /home/udhbhav/miniconda3/lib/python3.11/site-packages/airflow/example_dags/example_sensors.py
[2025-03-27T14:26:40.708-0500] {processor.py:914} INFO - Processing file /home/udhbhav/miniconda3/lib/python3.11/site-packages/airflow/example_dags/example_sensors.py for tasks to queue
[2025-03-27T14:26:40.709-0500] {logging_mixin.py:190} INFO - [2025-03-27T14:26:40.709-0500] {dagbag.py:588} INFO - Filling up the DagBag from /home/udhbhav/miniconda3/lib/python3.11/site-packages/airflow/example_dags/example_sensors.py
[2025-03-27T14:26:40.715-0500] {processor.py:925} INFO - DAG(s) 'example_sensors' retrieved from /home/udhbhav/miniconda3/lib/python3.11/site-packages/airflow/example_dags/example_sensors.py
[2025-03-27T14:26:41.207-0500] {logging_mixin.py:190} INFO - [2025-03-27T14:26:41.207-0500] {override.py:1912} INFO - Created Permission View: can read on DAG:example_sensors
[2025-03-27T14:26:41.400-0500] {logging_mixin.py:190} INFO - [2025-03-27T14:26:41.400-0500] {override.py:1912} INFO - Created Permission View: can edit on DAG:example_sensors
[2025-03-27T14:26:42.084-0500] {logging_mixin.py:190} INFO - [2025-03-27T14:26:42.084-0500] {override.py:1912} INFO - Created Permission View: can delete on DAG:example_sensors
[2025-03-27T14:26:42.489-0500] {logging_mixin.py:190} INFO - [2025-03-27T14:26:42.489-0500] {override.py:1912} INFO - Created Permission View: can read on DAG Run:example_sensors
[2025-03-27T14:26:42.717-0500] {logging_mixin.py:190} INFO - [2025-03-27T14:26:42.717-0500] {override.py:1912} INFO - Created Permission View: menu access on DAG Run:example_sensors
[2025-03-27T14:26:42.953-0500] {logging_mixin.py:190} INFO - [2025-03-27T14:26:42.953-0500] {override.py:1912} INFO - Created Permission View: can create on DAG Run:example_sensors
[2025-03-27T14:26:43.186-0500] {logging_mixin.py:190} INFO - [2025-03-27T14:26:43.186-0500] {override.py:1912} INFO - Created Permission View: can delete on DAG Run:example_sensors
[2025-03-27T14:26:43.187-0500] {logging_mixin.py:190} INFO - [2025-03-27T14:26:43.187-0500] {dag.py:3239} INFO - Sync 1 DAGs
[2025-03-27T14:26:43.193-0500] {logging_mixin.py:190} INFO - [2025-03-27T14:26:43.193-0500] {dag.py:3262} INFO - Creating ORM DAG for example_sensors
[2025-03-27T14:26:43.193-0500] {logging_mixin.py:190} INFO - [2025-03-27T14:26:43.193-0500] {dag.py:4180} INFO - Setting next_dagrun for example_sensors to None, run_after=None
[2025-03-27T14:26:44.148-0500] {processor.py:208} INFO - Processing /home/udhbhav/miniconda3/lib/python3.11/site-packages/airflow/example_dags/example_sensors.py took 3.443 seconds
[2025-03-27T14:28:37.298-0500] {processor.py:186} INFO - Started process (PID=1764404) to work on /home/udhbhav/miniconda3/lib/python3.11/site-packages/airflow/example_dags/example_sensors.py
[2025-03-27T14:28:37.299-0500] {processor.py:914} INFO - Processing file /home/udhbhav/miniconda3/lib/python3.11/site-packages/airflow/example_dags/example_sensors.py for tasks to queue
[2025-03-27T14:28:37.300-0500] {logging_mixin.py:190} INFO - [2025-03-27T14:28:37.300-0500] {dagbag.py:588} INFO - Filling up the DagBag from /home/udhbhav/miniconda3/lib/python3.11/site-packages/airflow/example_dags/example_sensors.py
[2025-03-27T14:28:37.307-0500] {processor.py:925} INFO - DAG(s) 'example_sensors' retrieved from /home/udhbhav/miniconda3/lib/python3.11/site-packages/airflow/example_dags/example_sensors.py
[2025-03-27T14:28:37.317-0500] {logging_mixin.py:190} INFO - [2025-03-27T14:28:37.317-0500] {dag.py:3239} INFO - Sync 1 DAGs
[2025-03-27T14:28:37.323-0500] {logging_mixin.py:190} INFO - [2025-03-27T14:28:37.323-0500] {dag.py:4180} INFO - Setting next_dagrun for example_sensors to None, run_after=None
[2025-03-27T14:28:37.534-0500] {processor.py:208} INFO - Processing /home/udhbhav/miniconda3/lib/python3.11/site-packages/airflow/example_dags/example_sensors.py took 0.239 seconds
[2025-03-27T14:35:48.657-0500] {processor.py:186} INFO - Started process (PID=1768668) to work on /home/udhbhav/miniconda3/lib/python3.11/site-packages/airflow/example_dags/example_sensors.py
[2025-03-27T14:35:48.658-0500] {processor.py:914} INFO - Processing file /home/udhbhav/miniconda3/lib/python3.11/site-packages/airflow/example_dags/example_sensors.py for tasks to queue
[2025-03-27T14:35:48.659-0500] {logging_mixin.py:190} INFO - [2025-03-27T14:35:48.659-0500] {dagbag.py:588} INFO - Filling up the DagBag from /home/udhbhav/miniconda3/lib/python3.11/site-packages/airflow/example_dags/example_sensors.py
[2025-03-27T14:35:48.665-0500] {processor.py:925} INFO - DAG(s) 'example_sensors' retrieved from /home/udhbhav/miniconda3/lib/python3.11/site-packages/airflow/example_dags/example_sensors.py
[2025-03-27T14:35:48.675-0500] {logging_mixin.py:190} INFO - [2025-03-27T14:35:48.675-0500] {dag.py:3239} INFO - Sync 1 DAGs
[2025-03-27T14:35:48.681-0500] {logging_mixin.py:190} INFO - [2025-03-27T14:35:48.681-0500] {dag.py:4180} INFO - Setting next_dagrun for example_sensors to None, run_after=None
[2025-03-27T14:35:48.789-0500] {processor.py:208} INFO - Processing /home/udhbhav/miniconda3/lib/python3.11/site-packages/airflow/example_dags/example_sensors.py took 0.134 seconds
[2025-03-27T14:37:34.996-0500] {processor.py:186} INFO - Started process (PID=1769698) to work on /home/udhbhav/miniconda3/lib/python3.11/site-packages/airflow/example_dags/example_sensors.py
[2025-03-27T14:37:34.996-0500] {processor.py:914} INFO - Processing file /home/udhbhav/miniconda3/lib/python3.11/site-packages/airflow/example_dags/example_sensors.py for tasks to queue
[2025-03-27T14:37:34.997-0500] {logging_mixin.py:190} INFO - [2025-03-27T14:37:34.997-0500] {dagbag.py:588} INFO - Filling up the DagBag from /home/udhbhav/miniconda3/lib/python3.11/site-packages/airflow/example_dags/example_sensors.py
[2025-03-27T14:37:35.003-0500] {processor.py:925} INFO - DAG(s) 'example_sensors' retrieved from /home/udhbhav/miniconda3/lib/python3.11/site-packages/airflow/example_dags/example_sensors.py
[2025-03-27T14:37:35.068-0500] {logging_mixin.py:190} INFO - [2025-03-27T14:37:35.068-0500] {dag.py:3239} INFO - Sync 1 DAGs
[2025-03-27T14:37:35.073-0500] {logging_mixin.py:190} INFO - [2025-03-27T14:37:35.073-0500] {dag.py:4180} INFO - Setting next_dagrun for example_sensors to None, run_after=None
[2025-03-27T14:37:35.178-0500] {processor.py:208} INFO - Processing /home/udhbhav/miniconda3/lib/python3.11/site-packages/airflow/example_dags/example_sensors.py took 0.185 seconds
[2025-03-27T14:38:42.985-0500] {processor.py:186} INFO - Started process (PID=1770754) to work on /home/udhbhav/miniconda3/lib/python3.11/site-packages/airflow/example_dags/example_sensors.py
[2025-03-27T14:38:42.986-0500] {processor.py:914} INFO - Processing file /home/udhbhav/miniconda3/lib/python3.11/site-packages/airflow/example_dags/example_sensors.py for tasks to queue
[2025-03-27T14:38:42.987-0500] {logging_mixin.py:190} INFO - [2025-03-27T14:38:42.986-0500] {dagbag.py:588} INFO - Filling up the DagBag from /home/udhbhav/miniconda3/lib/python3.11/site-packages/airflow/example_dags/example_sensors.py
[2025-03-27T14:38:42.992-0500] {processor.py:925} INFO - DAG(s) 'example_sensors' retrieved from /home/udhbhav/miniconda3/lib/python3.11/site-packages/airflow/example_dags/example_sensors.py
[2025-03-27T14:38:43.002-0500] {logging_mixin.py:190} INFO - [2025-03-27T14:38:43.002-0500] {dag.py:3239} INFO - Sync 1 DAGs
[2025-03-27T14:38:43.007-0500] {logging_mixin.py:190} INFO - [2025-03-27T14:38:43.007-0500] {dag.py:4180} INFO - Setting next_dagrun for example_sensors to None, run_after=None
[2025-03-27T14:38:43.114-0500] {processor.py:208} INFO - Processing /home/udhbhav/miniconda3/lib/python3.11/site-packages/airflow/example_dags/example_sensors.py took 0.132 seconds
[2025-03-27T14:40:01.235-0500] {processor.py:186} INFO - Started process (PID=1771473) to work on /home/udhbhav/miniconda3/lib/python3.11/site-packages/airflow/example_dags/example_sensors.py
[2025-03-27T14:40:01.235-0500] {processor.py:914} INFO - Processing file /home/udhbhav/miniconda3/lib/python3.11/site-packages/airflow/example_dags/example_sensors.py for tasks to queue
[2025-03-27T14:40:01.237-0500] {logging_mixin.py:190} INFO - [2025-03-27T14:40:01.236-0500] {dagbag.py:588} INFO - Filling up the DagBag from /home/udhbhav/miniconda3/lib/python3.11/site-packages/airflow/example_dags/example_sensors.py
[2025-03-27T14:40:01.242-0500] {processor.py:925} INFO - DAG(s) 'example_sensors' retrieved from /home/udhbhav/miniconda3/lib/python3.11/site-packages/airflow/example_dags/example_sensors.py
[2025-03-27T14:40:01.252-0500] {logging_mixin.py:190} INFO - [2025-03-27T14:40:01.252-0500] {dag.py:3239} INFO - Sync 1 DAGs
[2025-03-27T14:40:01.257-0500] {logging_mixin.py:190} INFO - [2025-03-27T14:40:01.257-0500] {dag.py:4180} INFO - Setting next_dagrun for example_sensors to None, run_after=None
[2025-03-27T14:40:01.423-0500] {processor.py:208} INFO - Processing /home/udhbhav/miniconda3/lib/python3.11/site-packages/airflow/example_dags/example_sensors.py took 0.191 seconds
[2025-03-27T14:41:26.784-0500] {processor.py:186} INFO - Started process (PID=1772450) to work on /home/udhbhav/miniconda3/lib/python3.11/site-packages/airflow/example_dags/example_sensors.py
[2025-03-27T14:41:26.785-0500] {processor.py:914} INFO - Processing file /home/udhbhav/miniconda3/lib/python3.11/site-packages/airflow/example_dags/example_sensors.py for tasks to queue
[2025-03-27T14:41:26.786-0500] {logging_mixin.py:190} INFO - [2025-03-27T14:41:26.786-0500] {dagbag.py:588} INFO - Filling up the DagBag from /home/udhbhav/miniconda3/lib/python3.11/site-packages/airflow/example_dags/example_sensors.py
[2025-03-27T14:41:26.791-0500] {processor.py:925} INFO - DAG(s) 'example_sensors' retrieved from /home/udhbhav/miniconda3/lib/python3.11/site-packages/airflow/example_dags/example_sensors.py
[2025-03-27T14:41:26.801-0500] {logging_mixin.py:190} INFO - [2025-03-27T14:41:26.801-0500] {dag.py:3239} INFO - Sync 1 DAGs
[2025-03-27T14:41:26.806-0500] {logging_mixin.py:190} INFO - [2025-03-27T14:41:26.806-0500] {dag.py:4180} INFO - Setting next_dagrun for example_sensors to None, run_after=None
[2025-03-27T14:41:26.911-0500] {processor.py:208} INFO - Processing /home/udhbhav/miniconda3/lib/python3.11/site-packages/airflow/example_dags/example_sensors.py took 0.130 seconds
[2025-03-27T14:42:43.440-0500] {processor.py:186} INFO - Started process (PID=1773437) to work on /home/udhbhav/miniconda3/lib/python3.11/site-packages/airflow/example_dags/example_sensors.py
[2025-03-27T14:42:43.441-0500] {processor.py:914} INFO - Processing file /home/udhbhav/miniconda3/lib/python3.11/site-packages/airflow/example_dags/example_sensors.py for tasks to queue
[2025-03-27T14:42:43.442-0500] {logging_mixin.py:190} INFO - [2025-03-27T14:42:43.442-0500] {dagbag.py:588} INFO - Filling up the DagBag from /home/udhbhav/miniconda3/lib/python3.11/site-packages/airflow/example_dags/example_sensors.py
[2025-03-27T14:42:43.448-0500] {processor.py:925} INFO - DAG(s) 'example_sensors' retrieved from /home/udhbhav/miniconda3/lib/python3.11/site-packages/airflow/example_dags/example_sensors.py
[2025-03-27T14:42:43.458-0500] {logging_mixin.py:190} INFO - [2025-03-27T14:42:43.458-0500] {dag.py:3239} INFO - Sync 1 DAGs
[2025-03-27T14:42:43.463-0500] {logging_mixin.py:190} INFO - [2025-03-27T14:42:43.463-0500] {dag.py:4180} INFO - Setting next_dagrun for example_sensors to None, run_after=None
[2025-03-27T14:42:43.585-0500] {processor.py:208} INFO - Processing /home/udhbhav/miniconda3/lib/python3.11/site-packages/airflow/example_dags/example_sensors.py took 0.147 seconds
[2025-03-27T14:44:09.789-0500] {processor.py:186} INFO - Started process (PID=1774324) to work on /home/udhbhav/miniconda3/lib/python3.11/site-packages/airflow/example_dags/example_sensors.py
[2025-03-27T14:44:09.790-0500] {processor.py:914} INFO - Processing file /home/udhbhav/miniconda3/lib/python3.11/site-packages/airflow/example_dags/example_sensors.py for tasks to queue
[2025-03-27T14:44:09.791-0500] {logging_mixin.py:190} INFO - [2025-03-27T14:44:09.790-0500] {dagbag.py:588} INFO - Filling up the DagBag from /home/udhbhav/miniconda3/lib/python3.11/site-packages/airflow/example_dags/example_sensors.py
[2025-03-27T14:44:09.797-0500] {processor.py:925} INFO - DAG(s) 'example_sensors' retrieved from /home/udhbhav/miniconda3/lib/python3.11/site-packages/airflow/example_dags/example_sensors.py
[2025-03-27T14:44:09.807-0500] {logging_mixin.py:190} INFO - [2025-03-27T14:44:09.807-0500] {dag.py:3239} INFO - Sync 1 DAGs
[2025-03-27T14:44:09.812-0500] {logging_mixin.py:190} INFO - [2025-03-27T14:44:09.812-0500] {dag.py:4180} INFO - Setting next_dagrun for example_sensors to None, run_after=None
[2025-03-27T14:44:09.915-0500] {processor.py:208} INFO - Processing /home/udhbhav/miniconda3/lib/python3.11/site-packages/airflow/example_dags/example_sensors.py took 0.129 seconds
[2025-03-27T14:45:14.582-0500] {processor.py:186} INFO - Started process (PID=1774989) to work on /home/udhbhav/miniconda3/lib/python3.11/site-packages/airflow/example_dags/example_sensors.py
[2025-03-27T14:45:14.583-0500] {processor.py:914} INFO - Processing file /home/udhbhav/miniconda3/lib/python3.11/site-packages/airflow/example_dags/example_sensors.py for tasks to queue
[2025-03-27T14:45:14.583-0500] {logging_mixin.py:190} INFO - [2025-03-27T14:45:14.583-0500] {dagbag.py:588} INFO - Filling up the DagBag from /home/udhbhav/miniconda3/lib/python3.11/site-packages/airflow/example_dags/example_sensors.py
[2025-03-27T14:45:14.589-0500] {processor.py:925} INFO - DAG(s) 'example_sensors' retrieved from /home/udhbhav/miniconda3/lib/python3.11/site-packages/airflow/example_dags/example_sensors.py
[2025-03-27T14:45:14.599-0500] {logging_mixin.py:190} INFO - [2025-03-27T14:45:14.599-0500] {dag.py:3239} INFO - Sync 1 DAGs
[2025-03-27T14:45:14.604-0500] {logging_mixin.py:190} INFO - [2025-03-27T14:45:14.604-0500] {dag.py:4180} INFO - Setting next_dagrun for example_sensors to None, run_after=None
[2025-03-27T14:45:14.711-0500] {processor.py:208} INFO - Processing /home/udhbhav/miniconda3/lib/python3.11/site-packages/airflow/example_dags/example_sensors.py took 0.131 seconds
[2025-03-27T14:46:51.699-0500] {processor.py:186} INFO - Started process (PID=1775987) to work on /home/udhbhav/miniconda3/lib/python3.11/site-packages/airflow/example_dags/example_sensors.py
[2025-03-27T14:46:51.700-0500] {processor.py:914} INFO - Processing file /home/udhbhav/miniconda3/lib/python3.11/site-packages/airflow/example_dags/example_sensors.py for tasks to queue
[2025-03-27T14:46:51.701-0500] {logging_mixin.py:190} INFO - [2025-03-27T14:46:51.701-0500] {dagbag.py:588} INFO - Filling up the DagBag from /home/udhbhav/miniconda3/lib/python3.11/site-packages/airflow/example_dags/example_sensors.py
[2025-03-27T14:46:51.706-0500] {processor.py:925} INFO - DAG(s) 'example_sensors' retrieved from /home/udhbhav/miniconda3/lib/python3.11/site-packages/airflow/example_dags/example_sensors.py
[2025-03-27T14:46:51.716-0500] {logging_mixin.py:190} INFO - [2025-03-27T14:46:51.716-0500] {dag.py:3239} INFO - Sync 1 DAGs
[2025-03-27T14:46:51.721-0500] {logging_mixin.py:190} INFO - [2025-03-27T14:46:51.721-0500] {dag.py:4180} INFO - Setting next_dagrun for example_sensors to None, run_after=None
[2025-03-27T14:46:51.820-0500] {processor.py:208} INFO - Processing /home/udhbhav/miniconda3/lib/python3.11/site-packages/airflow/example_dags/example_sensors.py took 0.124 seconds
[2025-03-27T14:48:06.805-0500] {processor.py:186} INFO - Started process (PID=1776633) to work on /home/udhbhav/miniconda3/lib/python3.11/site-packages/airflow/example_dags/example_sensors.py
[2025-03-27T14:48:06.805-0500] {processor.py:914} INFO - Processing file /home/udhbhav/miniconda3/lib/python3.11/site-packages/airflow/example_dags/example_sensors.py for tasks to queue
[2025-03-27T14:48:06.807-0500] {logging_mixin.py:190} INFO - [2025-03-27T14:48:06.806-0500] {dagbag.py:588} INFO - Filling up the DagBag from /home/udhbhav/miniconda3/lib/python3.11/site-packages/airflow/example_dags/example_sensors.py
[2025-03-27T14:48:06.812-0500] {processor.py:925} INFO - DAG(s) 'example_sensors' retrieved from /home/udhbhav/miniconda3/lib/python3.11/site-packages/airflow/example_dags/example_sensors.py
[2025-03-27T14:48:06.822-0500] {logging_mixin.py:190} INFO - [2025-03-27T14:48:06.822-0500] {dag.py:3239} INFO - Sync 1 DAGs
[2025-03-27T14:48:06.827-0500] {logging_mixin.py:190} INFO - [2025-03-27T14:48:06.827-0500] {dag.py:4180} INFO - Setting next_dagrun for example_sensors to None, run_after=None
[2025-03-27T14:48:06.982-0500] {processor.py:208} INFO - Processing /home/udhbhav/miniconda3/lib/python3.11/site-packages/airflow/example_dags/example_sensors.py took 0.180 seconds
[2025-03-27T14:49:28.463-0500] {processor.py:186} INFO - Started process (PID=1777365) to work on /home/udhbhav/miniconda3/lib/python3.11/site-packages/airflow/example_dags/example_sensors.py
[2025-03-27T14:49:28.463-0500] {processor.py:914} INFO - Processing file /home/udhbhav/miniconda3/lib/python3.11/site-packages/airflow/example_dags/example_sensors.py for tasks to queue
[2025-03-27T14:49:28.464-0500] {logging_mixin.py:190} INFO - [2025-03-27T14:49:28.464-0500] {dagbag.py:588} INFO - Filling up the DagBag from /home/udhbhav/miniconda3/lib/python3.11/site-packages/airflow/example_dags/example_sensors.py
[2025-03-27T14:49:28.470-0500] {processor.py:925} INFO - DAG(s) 'example_sensors' retrieved from /home/udhbhav/miniconda3/lib/python3.11/site-packages/airflow/example_dags/example_sensors.py
[2025-03-27T14:49:28.480-0500] {logging_mixin.py:190} INFO - [2025-03-27T14:49:28.480-0500] {dag.py:3239} INFO - Sync 1 DAGs
[2025-03-27T14:49:28.485-0500] {logging_mixin.py:190} INFO - [2025-03-27T14:49:28.485-0500] {dag.py:4180} INFO - Setting next_dagrun for example_sensors to None, run_after=None
[2025-03-27T14:49:28.712-0500] {processor.py:208} INFO - Processing /home/udhbhav/miniconda3/lib/python3.11/site-packages/airflow/example_dags/example_sensors.py took 0.252 seconds
[2025-03-27T14:50:52.557-0500] {processor.py:186} INFO - Started process (PID=1779245) to work on /home/udhbhav/miniconda3/lib/python3.11/site-packages/airflow/example_dags/example_sensors.py
[2025-03-27T14:50:52.558-0500] {processor.py:914} INFO - Processing file /home/udhbhav/miniconda3/lib/python3.11/site-packages/airflow/example_dags/example_sensors.py for tasks to queue
[2025-03-27T14:50:52.559-0500] {logging_mixin.py:190} INFO - [2025-03-27T14:50:52.559-0500] {dagbag.py:588} INFO - Filling up the DagBag from /home/udhbhav/miniconda3/lib/python3.11/site-packages/airflow/example_dags/example_sensors.py
[2025-03-27T14:50:52.565-0500] {processor.py:925} INFO - DAG(s) 'example_sensors' retrieved from /home/udhbhav/miniconda3/lib/python3.11/site-packages/airflow/example_dags/example_sensors.py
[2025-03-27T14:50:52.574-0500] {logging_mixin.py:190} INFO - [2025-03-27T14:50:52.574-0500] {dag.py:3239} INFO - Sync 1 DAGs
[2025-03-27T14:50:52.580-0500] {logging_mixin.py:190} INFO - [2025-03-27T14:50:52.579-0500] {dag.py:4180} INFO - Setting next_dagrun for example_sensors to None, run_after=None
[2025-03-27T14:50:52.687-0500] {processor.py:208} INFO - Processing /home/udhbhav/miniconda3/lib/python3.11/site-packages/airflow/example_dags/example_sensors.py took 0.132 seconds
[2025-03-27T14:51:57.576-0500] {processor.py:186} INFO - Started process (PID=1783770) to work on /home/udhbhav/miniconda3/lib/python3.11/site-packages/airflow/example_dags/example_sensors.py
[2025-03-27T14:51:57.576-0500] {processor.py:914} INFO - Processing file /home/udhbhav/miniconda3/lib/python3.11/site-packages/airflow/example_dags/example_sensors.py for tasks to queue
[2025-03-27T14:51:57.577-0500] {logging_mixin.py:190} INFO - [2025-03-27T14:51:57.577-0500] {dagbag.py:588} INFO - Filling up the DagBag from /home/udhbhav/miniconda3/lib/python3.11/site-packages/airflow/example_dags/example_sensors.py
[2025-03-27T14:51:57.583-0500] {processor.py:925} INFO - DAG(s) 'example_sensors' retrieved from /home/udhbhav/miniconda3/lib/python3.11/site-packages/airflow/example_dags/example_sensors.py
[2025-03-27T14:51:57.593-0500] {logging_mixin.py:190} INFO - [2025-03-27T14:51:57.593-0500] {dag.py:3239} INFO - Sync 1 DAGs
[2025-03-27T14:51:57.599-0500] {logging_mixin.py:190} INFO - [2025-03-27T14:51:57.599-0500] {dag.py:4180} INFO - Setting next_dagrun for example_sensors to None, run_after=None
[2025-03-27T14:51:57.706-0500] {processor.py:208} INFO - Processing /home/udhbhav/miniconda3/lib/python3.11/site-packages/airflow/example_dags/example_sensors.py took 0.133 seconds
[2025-03-27T14:53:08.422-0500] {processor.py:186} INFO - Started process (PID=1784449) to work on /home/udhbhav/miniconda3/lib/python3.11/site-packages/airflow/example_dags/example_sensors.py
[2025-03-27T14:53:08.422-0500] {processor.py:914} INFO - Processing file /home/udhbhav/miniconda3/lib/python3.11/site-packages/airflow/example_dags/example_sensors.py for tasks to queue
[2025-03-27T14:53:08.423-0500] {logging_mixin.py:190} INFO - [2025-03-27T14:53:08.423-0500] {dagbag.py:588} INFO - Filling up the DagBag from /home/udhbhav/miniconda3/lib/python3.11/site-packages/airflow/example_dags/example_sensors.py
[2025-03-27T14:53:08.429-0500] {processor.py:925} INFO - DAG(s) 'example_sensors' retrieved from /home/udhbhav/miniconda3/lib/python3.11/site-packages/airflow/example_dags/example_sensors.py
[2025-03-27T14:53:08.439-0500] {logging_mixin.py:190} INFO - [2025-03-27T14:53:08.439-0500] {dag.py:3239} INFO - Sync 1 DAGs
[2025-03-27T14:53:08.444-0500] {logging_mixin.py:190} INFO - [2025-03-27T14:53:08.444-0500] {dag.py:4180} INFO - Setting next_dagrun for example_sensors to None, run_after=None
[2025-03-27T14:53:08.552-0500] {processor.py:208} INFO - Processing /home/udhbhav/miniconda3/lib/python3.11/site-packages/airflow/example_dags/example_sensors.py took 0.133 seconds
[2025-03-27T14:54:16.587-0500] {processor.py:186} INFO - Started process (PID=1785063) to work on /home/udhbhav/miniconda3/lib/python3.11/site-packages/airflow/example_dags/example_sensors.py
[2025-03-27T14:54:16.587-0500] {processor.py:914} INFO - Processing file /home/udhbhav/miniconda3/lib/python3.11/site-packages/airflow/example_dags/example_sensors.py for tasks to queue
[2025-03-27T14:54:16.588-0500] {logging_mixin.py:190} INFO - [2025-03-27T14:54:16.588-0500] {dagbag.py:588} INFO - Filling up the DagBag from /home/udhbhav/miniconda3/lib/python3.11/site-packages/airflow/example_dags/example_sensors.py
[2025-03-27T14:54:16.594-0500] {processor.py:925} INFO - DAG(s) 'example_sensors' retrieved from /home/udhbhav/miniconda3/lib/python3.11/site-packages/airflow/example_dags/example_sensors.py
[2025-03-27T14:54:16.604-0500] {logging_mixin.py:190} INFO - [2025-03-27T14:54:16.604-0500] {dag.py:3239} INFO - Sync 1 DAGs
[2025-03-27T14:54:16.609-0500] {logging_mixin.py:190} INFO - [2025-03-27T14:54:16.609-0500] {dag.py:4180} INFO - Setting next_dagrun for example_sensors to None, run_after=None
[2025-03-27T14:54:16.718-0500] {processor.py:208} INFO - Processing /home/udhbhav/miniconda3/lib/python3.11/site-packages/airflow/example_dags/example_sensors.py took 0.134 seconds
[2025-03-27T14:55:18.717-0500] {processor.py:186} INFO - Started process (PID=1785688) to work on /home/udhbhav/miniconda3/lib/python3.11/site-packages/airflow/example_dags/example_sensors.py
[2025-03-27T14:55:18.717-0500] {processor.py:914} INFO - Processing file /home/udhbhav/miniconda3/lib/python3.11/site-packages/airflow/example_dags/example_sensors.py for tasks to queue
[2025-03-27T14:55:18.718-0500] {logging_mixin.py:190} INFO - [2025-03-27T14:55:18.718-0500] {dagbag.py:588} INFO - Filling up the DagBag from /home/udhbhav/miniconda3/lib/python3.11/site-packages/airflow/example_dags/example_sensors.py
[2025-03-27T14:55:18.724-0500] {processor.py:925} INFO - DAG(s) 'example_sensors' retrieved from /home/udhbhav/miniconda3/lib/python3.11/site-packages/airflow/example_dags/example_sensors.py
[2025-03-27T14:55:18.734-0500] {logging_mixin.py:190} INFO - [2025-03-27T14:55:18.734-0500] {dag.py:3239} INFO - Sync 1 DAGs
[2025-03-27T14:55:18.739-0500] {logging_mixin.py:190} INFO - [2025-03-27T14:55:18.739-0500] {dag.py:4180} INFO - Setting next_dagrun for example_sensors to None, run_after=None
[2025-03-27T14:55:18.916-0500] {processor.py:208} INFO - Processing /home/udhbhav/miniconda3/lib/python3.11/site-packages/airflow/example_dags/example_sensors.py took 0.202 seconds
[2025-03-27T14:56:35.668-0500] {processor.py:186} INFO - Started process (PID=1786510) to work on /home/udhbhav/miniconda3/lib/python3.11/site-packages/airflow/example_dags/example_sensors.py
[2025-03-27T14:56:35.669-0500] {processor.py:914} INFO - Processing file /home/udhbhav/miniconda3/lib/python3.11/site-packages/airflow/example_dags/example_sensors.py for tasks to queue
[2025-03-27T14:56:35.670-0500] {logging_mixin.py:190} INFO - [2025-03-27T14:56:35.669-0500] {dagbag.py:588} INFO - Filling up the DagBag from /home/udhbhav/miniconda3/lib/python3.11/site-packages/airflow/example_dags/example_sensors.py
[2025-03-27T14:56:35.675-0500] {processor.py:925} INFO - DAG(s) 'example_sensors' retrieved from /home/udhbhav/miniconda3/lib/python3.11/site-packages/airflow/example_dags/example_sensors.py
[2025-03-27T14:56:35.685-0500] {logging_mixin.py:190} INFO - [2025-03-27T14:56:35.685-0500] {dag.py:3239} INFO - Sync 1 DAGs
[2025-03-27T14:56:35.690-0500] {logging_mixin.py:190} INFO - [2025-03-27T14:56:35.690-0500] {dag.py:4180} INFO - Setting next_dagrun for example_sensors to None, run_after=None
[2025-03-27T14:56:35.851-0500] {processor.py:208} INFO - Processing /home/udhbhav/miniconda3/lib/python3.11/site-packages/airflow/example_dags/example_sensors.py took 0.185 seconds
[2025-03-27T14:57:53.972-0500] {processor.py:186} INFO - Started process (PID=1787399) to work on /home/udhbhav/miniconda3/lib/python3.11/site-packages/airflow/example_dags/example_sensors.py
[2025-03-27T14:57:53.973-0500] {processor.py:914} INFO - Processing file /home/udhbhav/miniconda3/lib/python3.11/site-packages/airflow/example_dags/example_sensors.py for tasks to queue
[2025-03-27T14:57:53.974-0500] {logging_mixin.py:190} INFO - [2025-03-27T14:57:53.973-0500] {dagbag.py:588} INFO - Filling up the DagBag from /home/udhbhav/miniconda3/lib/python3.11/site-packages/airflow/example_dags/example_sensors.py
[2025-03-27T14:57:53.980-0500] {processor.py:925} INFO - DAG(s) 'example_sensors' retrieved from /home/udhbhav/miniconda3/lib/python3.11/site-packages/airflow/example_dags/example_sensors.py
[2025-03-27T14:57:53.990-0500] {logging_mixin.py:190} INFO - [2025-03-27T14:57:53.989-0500] {dag.py:3239} INFO - Sync 1 DAGs
[2025-03-27T14:57:53.995-0500] {logging_mixin.py:190} INFO - [2025-03-27T14:57:53.995-0500] {dag.py:4180} INFO - Setting next_dagrun for example_sensors to None, run_after=None
[2025-03-27T14:57:54.397-0500] {processor.py:208} INFO - Processing /home/udhbhav/miniconda3/lib/python3.11/site-packages/airflow/example_dags/example_sensors.py took 0.427 seconds
[2025-03-27T14:59:15.323-0500] {processor.py:186} INFO - Started process (PID=1788173) to work on /home/udhbhav/miniconda3/lib/python3.11/site-packages/airflow/example_dags/example_sensors.py
[2025-03-27T14:59:15.324-0500] {processor.py:914} INFO - Processing file /home/udhbhav/miniconda3/lib/python3.11/site-packages/airflow/example_dags/example_sensors.py for tasks to queue
[2025-03-27T14:59:15.325-0500] {logging_mixin.py:190} INFO - [2025-03-27T14:59:15.325-0500] {dagbag.py:588} INFO - Filling up the DagBag from /home/udhbhav/miniconda3/lib/python3.11/site-packages/airflow/example_dags/example_sensors.py
[2025-03-27T14:59:15.331-0500] {processor.py:925} INFO - DAG(s) 'example_sensors' retrieved from /home/udhbhav/miniconda3/lib/python3.11/site-packages/airflow/example_dags/example_sensors.py
[2025-03-27T14:59:15.341-0500] {logging_mixin.py:190} INFO - [2025-03-27T14:59:15.341-0500] {dag.py:3239} INFO - Sync 1 DAGs
[2025-03-27T14:59:15.346-0500] {logging_mixin.py:190} INFO - [2025-03-27T14:59:15.346-0500] {dag.py:4180} INFO - Setting next_dagrun for example_sensors to None, run_after=None
[2025-03-27T14:59:15.590-0500] {processor.py:208} INFO - Processing /home/udhbhav/miniconda3/lib/python3.11/site-packages/airflow/example_dags/example_sensors.py took 0.269 seconds
[2025-03-27T15:00:43.220-0500] {processor.py:186} INFO - Started process (PID=1789253) to work on /home/udhbhav/miniconda3/lib/python3.11/site-packages/airflow/example_dags/example_sensors.py
[2025-03-27T15:00:43.221-0500] {processor.py:914} INFO - Processing file /home/udhbhav/miniconda3/lib/python3.11/site-packages/airflow/example_dags/example_sensors.py for tasks to queue
[2025-03-27T15:00:43.222-0500] {logging_mixin.py:190} INFO - [2025-03-27T15:00:43.222-0500] {dagbag.py:588} INFO - Filling up the DagBag from /home/udhbhav/miniconda3/lib/python3.11/site-packages/airflow/example_dags/example_sensors.py
[2025-03-27T15:00:43.235-0500] {processor.py:925} INFO - DAG(s) 'example_sensors' retrieved from /home/udhbhav/miniconda3/lib/python3.11/site-packages/airflow/example_dags/example_sensors.py
[2025-03-27T15:00:43.246-0500] {logging_mixin.py:190} INFO - [2025-03-27T15:00:43.246-0500] {dag.py:3239} INFO - Sync 1 DAGs
[2025-03-27T15:00:43.251-0500] {logging_mixin.py:190} INFO - [2025-03-27T15:00:43.251-0500] {dag.py:4180} INFO - Setting next_dagrun for example_sensors to None, run_after=None
[2025-03-27T15:00:43.358-0500] {processor.py:208} INFO - Processing /home/udhbhav/miniconda3/lib/python3.11/site-packages/airflow/example_dags/example_sensors.py took 0.143 seconds
[2025-03-27T15:01:44.672-0500] {processor.py:186} INFO - Started process (PID=1789962) to work on /home/udhbhav/miniconda3/lib/python3.11/site-packages/airflow/example_dags/example_sensors.py
[2025-03-27T15:01:44.672-0500] {processor.py:914} INFO - Processing file /home/udhbhav/miniconda3/lib/python3.11/site-packages/airflow/example_dags/example_sensors.py for tasks to queue
[2025-03-27T15:01:44.673-0500] {logging_mixin.py:190} INFO - [2025-03-27T15:01:44.673-0500] {dagbag.py:588} INFO - Filling up the DagBag from /home/udhbhav/miniconda3/lib/python3.11/site-packages/airflow/example_dags/example_sensors.py
[2025-03-27T15:01:44.680-0500] {processor.py:925} INFO - DAG(s) 'example_sensors' retrieved from /home/udhbhav/miniconda3/lib/python3.11/site-packages/airflow/example_dags/example_sensors.py
[2025-03-27T15:01:44.690-0500] {logging_mixin.py:190} INFO - [2025-03-27T15:01:44.690-0500] {dag.py:3239} INFO - Sync 1 DAGs
[2025-03-27T15:01:44.695-0500] {logging_mixin.py:190} INFO - [2025-03-27T15:01:44.695-0500] {dag.py:4180} INFO - Setting next_dagrun for example_sensors to None, run_after=None
[2025-03-27T15:01:44.800-0500] {processor.py:208} INFO - Processing /home/udhbhav/miniconda3/lib/python3.11/site-packages/airflow/example_dags/example_sensors.py took 0.131 seconds
[2025-03-27T15:02:54.048-0500] {processor.py:186} INFO - Started process (PID=1790716) to work on /home/udhbhav/miniconda3/lib/python3.11/site-packages/airflow/example_dags/example_sensors.py
[2025-03-27T15:02:54.049-0500] {processor.py:914} INFO - Processing file /home/udhbhav/miniconda3/lib/python3.11/site-packages/airflow/example_dags/example_sensors.py for tasks to queue
[2025-03-27T15:02:54.050-0500] {logging_mixin.py:190} INFO - [2025-03-27T15:02:54.049-0500] {dagbag.py:588} INFO - Filling up the DagBag from /home/udhbhav/miniconda3/lib/python3.11/site-packages/airflow/example_dags/example_sensors.py
[2025-03-27T15:02:54.055-0500] {processor.py:925} INFO - DAG(s) 'example_sensors' retrieved from /home/udhbhav/miniconda3/lib/python3.11/site-packages/airflow/example_dags/example_sensors.py
[2025-03-27T15:02:54.066-0500] {logging_mixin.py:190} INFO - [2025-03-27T15:02:54.065-0500] {dag.py:3239} INFO - Sync 1 DAGs
[2025-03-27T15:02:54.071-0500] {logging_mixin.py:190} INFO - [2025-03-27T15:02:54.071-0500] {dag.py:4180} INFO - Setting next_dagrun for example_sensors to None, run_after=None
[2025-03-27T15:02:54.226-0500] {processor.py:208} INFO - Processing /home/udhbhav/miniconda3/lib/python3.11/site-packages/airflow/example_dags/example_sensors.py took 0.180 seconds
[2025-03-27T15:04:10.493-0500] {processor.py:186} INFO - Started process (PID=1791340) to work on /home/udhbhav/miniconda3/lib/python3.11/site-packages/airflow/example_dags/example_sensors.py
[2025-03-27T15:04:10.493-0500] {processor.py:914} INFO - Processing file /home/udhbhav/miniconda3/lib/python3.11/site-packages/airflow/example_dags/example_sensors.py for tasks to queue
[2025-03-27T15:04:10.494-0500] {logging_mixin.py:190} INFO - [2025-03-27T15:04:10.494-0500] {dagbag.py:588} INFO - Filling up the DagBag from /home/udhbhav/miniconda3/lib/python3.11/site-packages/airflow/example_dags/example_sensors.py
[2025-03-27T15:04:10.501-0500] {processor.py:925} INFO - DAG(s) 'example_sensors' retrieved from /home/udhbhav/miniconda3/lib/python3.11/site-packages/airflow/example_dags/example_sensors.py
[2025-03-27T15:04:10.512-0500] {logging_mixin.py:190} INFO - [2025-03-27T15:04:10.511-0500] {dag.py:3239} INFO - Sync 1 DAGs
[2025-03-27T15:04:10.517-0500] {logging_mixin.py:190} INFO - [2025-03-27T15:04:10.517-0500] {dag.py:4180} INFO - Setting next_dagrun for example_sensors to None, run_after=None
[2025-03-27T15:04:10.672-0500] {processor.py:208} INFO - Processing /home/udhbhav/miniconda3/lib/python3.11/site-packages/airflow/example_dags/example_sensors.py took 0.182 seconds
[2025-03-27T15:05:27.717-0500] {processor.py:186} INFO - Started process (PID=1792116) to work on /home/udhbhav/miniconda3/lib/python3.11/site-packages/airflow/example_dags/example_sensors.py
[2025-03-27T15:05:27.717-0500] {processor.py:914} INFO - Processing file /home/udhbhav/miniconda3/lib/python3.11/site-packages/airflow/example_dags/example_sensors.py for tasks to queue
[2025-03-27T15:05:27.718-0500] {logging_mixin.py:190} INFO - [2025-03-27T15:05:27.718-0500] {dagbag.py:588} INFO - Filling up the DagBag from /home/udhbhav/miniconda3/lib/python3.11/site-packages/airflow/example_dags/example_sensors.py
[2025-03-27T15:05:27.724-0500] {processor.py:925} INFO - DAG(s) 'example_sensors' retrieved from /home/udhbhav/miniconda3/lib/python3.11/site-packages/airflow/example_dags/example_sensors.py
[2025-03-27T15:05:27.734-0500] {logging_mixin.py:190} INFO - [2025-03-27T15:05:27.734-0500] {dag.py:3239} INFO - Sync 1 DAGs
[2025-03-27T15:05:27.739-0500] {logging_mixin.py:190} INFO - [2025-03-27T15:05:27.739-0500] {dag.py:4180} INFO - Setting next_dagrun for example_sensors to None, run_after=None
[2025-03-27T15:05:27.911-0500] {processor.py:208} INFO - Processing /home/udhbhav/miniconda3/lib/python3.11/site-packages/airflow/example_dags/example_sensors.py took 0.198 seconds
[2025-03-27T15:07:00.296-0500] {processor.py:186} INFO - Started process (PID=1793040) to work on /home/udhbhav/miniconda3/lib/python3.11/site-packages/airflow/example_dags/example_sensors.py
[2025-03-27T15:07:00.296-0500] {processor.py:914} INFO - Processing file /home/udhbhav/miniconda3/lib/python3.11/site-packages/airflow/example_dags/example_sensors.py for tasks to queue
[2025-03-27T15:07:00.298-0500] {logging_mixin.py:190} INFO - [2025-03-27T15:07:00.297-0500] {dagbag.py:588} INFO - Filling up the DagBag from /home/udhbhav/miniconda3/lib/python3.11/site-packages/airflow/example_dags/example_sensors.py
[2025-03-27T15:07:00.303-0500] {processor.py:925} INFO - DAG(s) 'example_sensors' retrieved from /home/udhbhav/miniconda3/lib/python3.11/site-packages/airflow/example_dags/example_sensors.py
[2025-03-27T15:07:00.313-0500] {logging_mixin.py:190} INFO - [2025-03-27T15:07:00.313-0500] {dag.py:3239} INFO - Sync 1 DAGs
[2025-03-27T15:07:00.319-0500] {logging_mixin.py:190} INFO - [2025-03-27T15:07:00.319-0500] {dag.py:4180} INFO - Setting next_dagrun for example_sensors to None, run_after=None
[2025-03-27T15:07:00.723-0500] {processor.py:208} INFO - Processing /home/udhbhav/miniconda3/lib/python3.11/site-packages/airflow/example_dags/example_sensors.py took 0.430 seconds
[2025-03-27T15:08:08.043-0500] {processor.py:186} INFO - Started process (PID=1793746) to work on /home/udhbhav/miniconda3/lib/python3.11/site-packages/airflow/example_dags/example_sensors.py
[2025-03-27T15:08:08.044-0500] {processor.py:914} INFO - Processing file /home/udhbhav/miniconda3/lib/python3.11/site-packages/airflow/example_dags/example_sensors.py for tasks to queue
[2025-03-27T15:08:08.045-0500] {logging_mixin.py:190} INFO - [2025-03-27T15:08:08.045-0500] {dagbag.py:588} INFO - Filling up the DagBag from /home/udhbhav/miniconda3/lib/python3.11/site-packages/airflow/example_dags/example_sensors.py
[2025-03-27T15:08:08.050-0500] {processor.py:925} INFO - DAG(s) 'example_sensors' retrieved from /home/udhbhav/miniconda3/lib/python3.11/site-packages/airflow/example_dags/example_sensors.py
[2025-03-27T15:08:08.060-0500] {logging_mixin.py:190} INFO - [2025-03-27T15:08:08.060-0500] {dag.py:3239} INFO - Sync 1 DAGs
[2025-03-27T15:08:08.065-0500] {logging_mixin.py:190} INFO - [2025-03-27T15:08:08.065-0500] {dag.py:4180} INFO - Setting next_dagrun for example_sensors to None, run_after=None
[2025-03-27T15:08:08.172-0500] {processor.py:208} INFO - Processing /home/udhbhav/miniconda3/lib/python3.11/site-packages/airflow/example_dags/example_sensors.py took 0.132 seconds
[2025-03-27T15:09:10.316-0500] {processor.py:186} INFO - Started process (PID=1794349) to work on /home/udhbhav/miniconda3/lib/python3.11/site-packages/airflow/example_dags/example_sensors.py
[2025-03-27T15:09:10.316-0500] {processor.py:914} INFO - Processing file /home/udhbhav/miniconda3/lib/python3.11/site-packages/airflow/example_dags/example_sensors.py for tasks to queue
[2025-03-27T15:09:10.317-0500] {logging_mixin.py:190} INFO - [2025-03-27T15:09:10.317-0500] {dagbag.py:588} INFO - Filling up the DagBag from /home/udhbhav/miniconda3/lib/python3.11/site-packages/airflow/example_dags/example_sensors.py
[2025-03-27T15:09:10.323-0500] {processor.py:925} INFO - DAG(s) 'example_sensors' retrieved from /home/udhbhav/miniconda3/lib/python3.11/site-packages/airflow/example_dags/example_sensors.py
[2025-03-27T15:09:10.333-0500] {logging_mixin.py:190} INFO - [2025-03-27T15:09:10.332-0500] {dag.py:3239} INFO - Sync 1 DAGs
[2025-03-27T15:09:10.338-0500] {logging_mixin.py:190} INFO - [2025-03-27T15:09:10.338-0500] {dag.py:4180} INFO - Setting next_dagrun for example_sensors to None, run_after=None
[2025-03-27T15:09:10.444-0500] {processor.py:208} INFO - Processing /home/udhbhav/miniconda3/lib/python3.11/site-packages/airflow/example_dags/example_sensors.py took 0.131 seconds
[2025-03-27T15:10:27.755-0500] {processor.py:186} INFO - Started process (PID=1795069) to work on /home/udhbhav/miniconda3/lib/python3.11/site-packages/airflow/example_dags/example_sensors.py
[2025-03-27T15:10:27.755-0500] {processor.py:914} INFO - Processing file /home/udhbhav/miniconda3/lib/python3.11/site-packages/airflow/example_dags/example_sensors.py for tasks to queue
[2025-03-27T15:10:27.756-0500] {logging_mixin.py:190} INFO - [2025-03-27T15:10:27.756-0500] {dagbag.py:588} INFO - Filling up the DagBag from /home/udhbhav/miniconda3/lib/python3.11/site-packages/airflow/example_dags/example_sensors.py
[2025-03-27T15:10:27.762-0500] {processor.py:925} INFO - DAG(s) 'example_sensors' retrieved from /home/udhbhav/miniconda3/lib/python3.11/site-packages/airflow/example_dags/example_sensors.py
[2025-03-27T15:10:27.772-0500] {logging_mixin.py:190} INFO - [2025-03-27T15:10:27.772-0500] {dag.py:3239} INFO - Sync 1 DAGs
[2025-03-27T15:10:27.777-0500] {logging_mixin.py:190} INFO - [2025-03-27T15:10:27.777-0500] {dag.py:4180} INFO - Setting next_dagrun for example_sensors to None, run_after=None
[2025-03-27T15:10:27.886-0500] {processor.py:208} INFO - Processing /home/udhbhav/miniconda3/lib/python3.11/site-packages/airflow/example_dags/example_sensors.py took 0.134 seconds
[2025-03-27T15:11:33.291-0500] {processor.py:186} INFO - Started process (PID=1796678) to work on /home/udhbhav/miniconda3/lib/python3.11/site-packages/airflow/example_dags/example_sensors.py
[2025-03-27T15:11:33.292-0500] {processor.py:914} INFO - Processing file /home/udhbhav/miniconda3/lib/python3.11/site-packages/airflow/example_dags/example_sensors.py for tasks to queue
[2025-03-27T15:11:33.293-0500] {logging_mixin.py:190} INFO - [2025-03-27T15:11:33.292-0500] {dagbag.py:588} INFO - Filling up the DagBag from /home/udhbhav/miniconda3/lib/python3.11/site-packages/airflow/example_dags/example_sensors.py
[2025-03-27T15:11:33.298-0500] {processor.py:925} INFO - DAG(s) 'example_sensors' retrieved from /home/udhbhav/miniconda3/lib/python3.11/site-packages/airflow/example_dags/example_sensors.py
[2025-03-27T15:11:33.309-0500] {logging_mixin.py:190} INFO - [2025-03-27T15:11:33.308-0500] {dag.py:3239} INFO - Sync 1 DAGs
[2025-03-27T15:11:33.314-0500] {logging_mixin.py:190} INFO - [2025-03-27T15:11:33.314-0500] {dag.py:4180} INFO - Setting next_dagrun for example_sensors to None, run_after=None
[2025-03-27T15:11:33.420-0500] {processor.py:208} INFO - Processing /home/udhbhav/miniconda3/lib/python3.11/site-packages/airflow/example_dags/example_sensors.py took 0.132 seconds
[2025-03-27T15:12:43.693-0500] {processor.py:186} INFO - Started process (PID=1798119) to work on /home/udhbhav/miniconda3/lib/python3.11/site-packages/airflow/example_dags/example_sensors.py
[2025-03-27T15:12:43.693-0500] {processor.py:914} INFO - Processing file /home/udhbhav/miniconda3/lib/python3.11/site-packages/airflow/example_dags/example_sensors.py for tasks to queue
[2025-03-27T15:12:43.694-0500] {logging_mixin.py:190} INFO - [2025-03-27T15:12:43.694-0500] {dagbag.py:588} INFO - Filling up the DagBag from /home/udhbhav/miniconda3/lib/python3.11/site-packages/airflow/example_dags/example_sensors.py
[2025-03-27T15:12:43.700-0500] {processor.py:925} INFO - DAG(s) 'example_sensors' retrieved from /home/udhbhav/miniconda3/lib/python3.11/site-packages/airflow/example_dags/example_sensors.py
[2025-03-27T15:12:43.710-0500] {logging_mixin.py:190} INFO - [2025-03-27T15:12:43.710-0500] {dag.py:3239} INFO - Sync 1 DAGs
[2025-03-27T15:12:43.715-0500] {logging_mixin.py:190} INFO - [2025-03-27T15:12:43.715-0500] {dag.py:4180} INFO - Setting next_dagrun for example_sensors to None, run_after=None
[2025-03-27T15:12:44.198-0500] {processor.py:208} INFO - Processing /home/udhbhav/miniconda3/lib/python3.11/site-packages/airflow/example_dags/example_sensors.py took 0.508 seconds
[2025-03-27T15:14:02.828-0500] {processor.py:186} INFO - Started process (PID=1798851) to work on /home/udhbhav/miniconda3/lib/python3.11/site-packages/airflow/example_dags/example_sensors.py
[2025-03-27T15:14:02.828-0500] {processor.py:914} INFO - Processing file /home/udhbhav/miniconda3/lib/python3.11/site-packages/airflow/example_dags/example_sensors.py for tasks to queue
[2025-03-27T15:14:02.829-0500] {logging_mixin.py:190} INFO - [2025-03-27T15:14:02.829-0500] {dagbag.py:588} INFO - Filling up the DagBag from /home/udhbhav/miniconda3/lib/python3.11/site-packages/airflow/example_dags/example_sensors.py
[2025-03-27T15:14:02.835-0500] {processor.py:925} INFO - DAG(s) 'example_sensors' retrieved from /home/udhbhav/miniconda3/lib/python3.11/site-packages/airflow/example_dags/example_sensors.py
[2025-03-27T15:14:02.845-0500] {logging_mixin.py:190} INFO - [2025-03-27T15:14:02.845-0500] {dag.py:3239} INFO - Sync 1 DAGs
[2025-03-27T15:14:02.850-0500] {logging_mixin.py:190} INFO - [2025-03-27T15:14:02.850-0500] {dag.py:4180} INFO - Setting next_dagrun for example_sensors to None, run_after=None
[2025-03-27T15:14:03.570-0500] {processor.py:208} INFO - Processing /home/udhbhav/miniconda3/lib/python3.11/site-packages/airflow/example_dags/example_sensors.py took 0.745 seconds
[2025-03-27T15:15:19.913-0500] {processor.py:186} INFO - Started process (PID=1799585) to work on /home/udhbhav/miniconda3/lib/python3.11/site-packages/airflow/example_dags/example_sensors.py
[2025-03-27T15:15:19.913-0500] {processor.py:914} INFO - Processing file /home/udhbhav/miniconda3/lib/python3.11/site-packages/airflow/example_dags/example_sensors.py for tasks to queue
[2025-03-27T15:15:19.914-0500] {logging_mixin.py:190} INFO - [2025-03-27T15:15:19.914-0500] {dagbag.py:588} INFO - Filling up the DagBag from /home/udhbhav/miniconda3/lib/python3.11/site-packages/airflow/example_dags/example_sensors.py
[2025-03-27T15:15:19.920-0500] {processor.py:925} INFO - DAG(s) 'example_sensors' retrieved from /home/udhbhav/miniconda3/lib/python3.11/site-packages/airflow/example_dags/example_sensors.py
[2025-03-27T15:15:19.930-0500] {logging_mixin.py:190} INFO - [2025-03-27T15:15:19.930-0500] {dag.py:3239} INFO - Sync 1 DAGs
[2025-03-27T15:15:19.935-0500] {logging_mixin.py:190} INFO - [2025-03-27T15:15:19.935-0500] {dag.py:4180} INFO - Setting next_dagrun for example_sensors to None, run_after=None
[2025-03-27T15:15:20.086-0500] {processor.py:208} INFO - Processing /home/udhbhav/miniconda3/lib/python3.11/site-packages/airflow/example_dags/example_sensors.py took 0.176 seconds
[2025-03-27T15:16:43.565-0500] {processor.py:186} INFO - Started process (PID=1800473) to work on /home/udhbhav/miniconda3/lib/python3.11/site-packages/airflow/example_dags/example_sensors.py
[2025-03-27T15:16:43.566-0500] {processor.py:914} INFO - Processing file /home/udhbhav/miniconda3/lib/python3.11/site-packages/airflow/example_dags/example_sensors.py for tasks to queue
[2025-03-27T15:16:43.567-0500] {logging_mixin.py:190} INFO - [2025-03-27T15:16:43.567-0500] {dagbag.py:588} INFO - Filling up the DagBag from /home/udhbhav/miniconda3/lib/python3.11/site-packages/airflow/example_dags/example_sensors.py
[2025-03-27T15:16:43.573-0500] {processor.py:925} INFO - DAG(s) 'example_sensors' retrieved from /home/udhbhav/miniconda3/lib/python3.11/site-packages/airflow/example_dags/example_sensors.py
[2025-03-27T15:16:43.583-0500] {logging_mixin.py:190} INFO - [2025-03-27T15:16:43.583-0500] {dag.py:3239} INFO - Sync 1 DAGs
[2025-03-27T15:16:43.588-0500] {logging_mixin.py:190} INFO - [2025-03-27T15:16:43.588-0500] {dag.py:4180} INFO - Setting next_dagrun for example_sensors to None, run_after=None
[2025-03-27T15:16:43.693-0500] {processor.py:208} INFO - Processing /home/udhbhav/miniconda3/lib/python3.11/site-packages/airflow/example_dags/example_sensors.py took 0.131 seconds
[2025-03-27T15:17:52.413-0500] {processor.py:186} INFO - Started process (PID=1801159) to work on /home/udhbhav/miniconda3/lib/python3.11/site-packages/airflow/example_dags/example_sensors.py
[2025-03-27T15:17:52.414-0500] {processor.py:914} INFO - Processing file /home/udhbhav/miniconda3/lib/python3.11/site-packages/airflow/example_dags/example_sensors.py for tasks to queue
[2025-03-27T15:17:52.415-0500] {logging_mixin.py:190} INFO - [2025-03-27T15:17:52.415-0500] {dagbag.py:588} INFO - Filling up the DagBag from /home/udhbhav/miniconda3/lib/python3.11/site-packages/airflow/example_dags/example_sensors.py
[2025-03-27T15:17:52.421-0500] {processor.py:925} INFO - DAG(s) 'example_sensors' retrieved from /home/udhbhav/miniconda3/lib/python3.11/site-packages/airflow/example_dags/example_sensors.py
[2025-03-27T15:17:52.430-0500] {logging_mixin.py:190} INFO - [2025-03-27T15:17:52.430-0500] {dag.py:3239} INFO - Sync 1 DAGs
[2025-03-27T15:17:52.436-0500] {logging_mixin.py:190} INFO - [2025-03-27T15:17:52.436-0500] {dag.py:4180} INFO - Setting next_dagrun for example_sensors to None, run_after=None
[2025-03-27T15:17:52.544-0500] {processor.py:208} INFO - Processing /home/udhbhav/miniconda3/lib/python3.11/site-packages/airflow/example_dags/example_sensors.py took 0.134 seconds
[2025-03-27T15:18:58.510-0500] {processor.py:186} INFO - Started process (PID=1801770) to work on /home/udhbhav/miniconda3/lib/python3.11/site-packages/airflow/example_dags/example_sensors.py
[2025-03-27T15:18:58.510-0500] {processor.py:914} INFO - Processing file /home/udhbhav/miniconda3/lib/python3.11/site-packages/airflow/example_dags/example_sensors.py for tasks to queue
[2025-03-27T15:18:58.512-0500] {logging_mixin.py:190} INFO - [2025-03-27T15:18:58.512-0500] {dagbag.py:588} INFO - Filling up the DagBag from /home/udhbhav/miniconda3/lib/python3.11/site-packages/airflow/example_dags/example_sensors.py
[2025-03-27T15:18:58.518-0500] {processor.py:925} INFO - DAG(s) 'example_sensors' retrieved from /home/udhbhav/miniconda3/lib/python3.11/site-packages/airflow/example_dags/example_sensors.py
[2025-03-27T15:18:58.527-0500] {logging_mixin.py:190} INFO - [2025-03-27T15:18:58.527-0500] {dag.py:3239} INFO - Sync 1 DAGs
[2025-03-27T15:18:58.533-0500] {logging_mixin.py:190} INFO - [2025-03-27T15:18:58.532-0500] {dag.py:4180} INFO - Setting next_dagrun for example_sensors to None, run_after=None
[2025-03-27T15:18:58.639-0500] {processor.py:208} INFO - Processing /home/udhbhav/miniconda3/lib/python3.11/site-packages/airflow/example_dags/example_sensors.py took 0.132 seconds
[2025-03-27T15:20:10.367-0500] {processor.py:186} INFO - Started process (PID=1802459) to work on /home/udhbhav/miniconda3/lib/python3.11/site-packages/airflow/example_dags/example_sensors.py
[2025-03-27T15:20:10.368-0500] {processor.py:914} INFO - Processing file /home/udhbhav/miniconda3/lib/python3.11/site-packages/airflow/example_dags/example_sensors.py for tasks to queue
[2025-03-27T15:20:10.369-0500] {logging_mixin.py:190} INFO - [2025-03-27T15:20:10.369-0500] {dagbag.py:588} INFO - Filling up the DagBag from /home/udhbhav/miniconda3/lib/python3.11/site-packages/airflow/example_dags/example_sensors.py
[2025-03-27T15:20:10.375-0500] {processor.py:925} INFO - DAG(s) 'example_sensors' retrieved from /home/udhbhav/miniconda3/lib/python3.11/site-packages/airflow/example_dags/example_sensors.py
[2025-03-27T15:20:10.385-0500] {logging_mixin.py:190} INFO - [2025-03-27T15:20:10.384-0500] {dag.py:3239} INFO - Sync 1 DAGs
[2025-03-27T15:20:10.390-0500] {logging_mixin.py:190} INFO - [2025-03-27T15:20:10.389-0500] {dag.py:4180} INFO - Setting next_dagrun for example_sensors to None, run_after=None
[2025-03-27T15:20:10.498-0500] {processor.py:208} INFO - Processing /home/udhbhav/miniconda3/lib/python3.11/site-packages/airflow/example_dags/example_sensors.py took 0.133 seconds
[2025-03-27T15:21:16.407-0500] {processor.py:186} INFO - Started process (PID=1807849) to work on /home/udhbhav/miniconda3/lib/python3.11/site-packages/airflow/example_dags/example_sensors.py
[2025-03-27T15:21:16.408-0500] {processor.py:914} INFO - Processing file /home/udhbhav/miniconda3/lib/python3.11/site-packages/airflow/example_dags/example_sensors.py for tasks to queue
[2025-03-27T15:21:16.409-0500] {logging_mixin.py:190} INFO - [2025-03-27T15:21:16.408-0500] {dagbag.py:588} INFO - Filling up the DagBag from /home/udhbhav/miniconda3/lib/python3.11/site-packages/airflow/example_dags/example_sensors.py
[2025-03-27T15:21:16.415-0500] {processor.py:925} INFO - DAG(s) 'example_sensors' retrieved from /home/udhbhav/miniconda3/lib/python3.11/site-packages/airflow/example_dags/example_sensors.py
[2025-03-27T15:21:16.425-0500] {logging_mixin.py:190} INFO - [2025-03-27T15:21:16.425-0500] {dag.py:3239} INFO - Sync 1 DAGs
[2025-03-27T15:21:16.431-0500] {logging_mixin.py:190} INFO - [2025-03-27T15:21:16.431-0500] {dag.py:4180} INFO - Setting next_dagrun for example_sensors to None, run_after=None
[2025-03-27T15:21:16.538-0500] {processor.py:208} INFO - Processing /home/udhbhav/miniconda3/lib/python3.11/site-packages/airflow/example_dags/example_sensors.py took 0.134 seconds
[2025-03-27T15:22:31.421-0500] {processor.py:186} INFO - Started process (PID=1808691) to work on /home/udhbhav/miniconda3/lib/python3.11/site-packages/airflow/example_dags/example_sensors.py
[2025-03-27T15:22:31.421-0500] {processor.py:914} INFO - Processing file /home/udhbhav/miniconda3/lib/python3.11/site-packages/airflow/example_dags/example_sensors.py for tasks to queue
[2025-03-27T15:22:31.422-0500] {logging_mixin.py:190} INFO - [2025-03-27T15:22:31.422-0500] {dagbag.py:588} INFO - Filling up the DagBag from /home/udhbhav/miniconda3/lib/python3.11/site-packages/airflow/example_dags/example_sensors.py
[2025-03-27T15:22:31.428-0500] {processor.py:925} INFO - DAG(s) 'example_sensors' retrieved from /home/udhbhav/miniconda3/lib/python3.11/site-packages/airflow/example_dags/example_sensors.py
[2025-03-27T15:22:31.438-0500] {logging_mixin.py:190} INFO - [2025-03-27T15:22:31.438-0500] {dag.py:3239} INFO - Sync 1 DAGs
[2025-03-27T15:22:31.443-0500] {logging_mixin.py:190} INFO - [2025-03-27T15:22:31.443-0500] {dag.py:4180} INFO - Setting next_dagrun for example_sensors to None, run_after=None
[2025-03-27T15:22:31.551-0500] {processor.py:208} INFO - Processing /home/udhbhav/miniconda3/lib/python3.11/site-packages/airflow/example_dags/example_sensors.py took 0.133 seconds
[2025-03-27T15:23:46.259-0500] {processor.py:186} INFO - Started process (PID=1809526) to work on /home/udhbhav/miniconda3/lib/python3.11/site-packages/airflow/example_dags/example_sensors.py
[2025-03-27T15:23:46.259-0500] {processor.py:914} INFO - Processing file /home/udhbhav/miniconda3/lib/python3.11/site-packages/airflow/example_dags/example_sensors.py for tasks to queue
[2025-03-27T15:23:46.261-0500] {logging_mixin.py:190} INFO - [2025-03-27T15:23:46.260-0500] {dagbag.py:588} INFO - Filling up the DagBag from /home/udhbhav/miniconda3/lib/python3.11/site-packages/airflow/example_dags/example_sensors.py
[2025-03-27T15:23:46.266-0500] {processor.py:925} INFO - DAG(s) 'example_sensors' retrieved from /home/udhbhav/miniconda3/lib/python3.11/site-packages/airflow/example_dags/example_sensors.py
[2025-03-27T15:23:46.277-0500] {logging_mixin.py:190} INFO - [2025-03-27T15:23:46.276-0500] {dag.py:3239} INFO - Sync 1 DAGs
[2025-03-27T15:23:46.282-0500] {logging_mixin.py:190} INFO - [2025-03-27T15:23:46.281-0500] {dag.py:4180} INFO - Setting next_dagrun for example_sensors to None, run_after=None
[2025-03-27T15:23:46.438-0500] {processor.py:208} INFO - Processing /home/udhbhav/miniconda3/lib/python3.11/site-packages/airflow/example_dags/example_sensors.py took 0.182 seconds
[2025-03-27T15:24:54.804-0500] {processor.py:186} INFO - Started process (PID=1810281) to work on /home/udhbhav/miniconda3/lib/python3.11/site-packages/airflow/example_dags/example_sensors.py
[2025-03-27T15:24:54.804-0500] {processor.py:914} INFO - Processing file /home/udhbhav/miniconda3/lib/python3.11/site-packages/airflow/example_dags/example_sensors.py for tasks to queue
[2025-03-27T15:24:54.805-0500] {logging_mixin.py:190} INFO - [2025-03-27T15:24:54.805-0500] {dagbag.py:588} INFO - Filling up the DagBag from /home/udhbhav/miniconda3/lib/python3.11/site-packages/airflow/example_dags/example_sensors.py
[2025-03-27T15:24:54.811-0500] {processor.py:925} INFO - DAG(s) 'example_sensors' retrieved from /home/udhbhav/miniconda3/lib/python3.11/site-packages/airflow/example_dags/example_sensors.py
[2025-03-27T15:24:54.822-0500] {logging_mixin.py:190} INFO - [2025-03-27T15:24:54.821-0500] {dag.py:3239} INFO - Sync 1 DAGs
[2025-03-27T15:24:54.827-0500] {logging_mixin.py:190} INFO - [2025-03-27T15:24:54.827-0500] {dag.py:4180} INFO - Setting next_dagrun for example_sensors to None, run_after=None
[2025-03-27T15:24:54.984-0500] {processor.py:208} INFO - Processing /home/udhbhav/miniconda3/lib/python3.11/site-packages/airflow/example_dags/example_sensors.py took 0.183 seconds
[2025-03-27T15:26:32.847-0500] {processor.py:186} INFO - Started process (PID=1811164) to work on /home/udhbhav/miniconda3/lib/python3.11/site-packages/airflow/example_dags/example_sensors.py
[2025-03-27T15:26:32.848-0500] {processor.py:914} INFO - Processing file /home/udhbhav/miniconda3/lib/python3.11/site-packages/airflow/example_dags/example_sensors.py for tasks to queue
[2025-03-27T15:26:32.849-0500] {logging_mixin.py:190} INFO - [2025-03-27T15:26:32.849-0500] {dagbag.py:588} INFO - Filling up the DagBag from /home/udhbhav/miniconda3/lib/python3.11/site-packages/airflow/example_dags/example_sensors.py
[2025-03-27T15:26:32.854-0500] {processor.py:925} INFO - DAG(s) 'example_sensors' retrieved from /home/udhbhav/miniconda3/lib/python3.11/site-packages/airflow/example_dags/example_sensors.py
[2025-03-27T15:26:32.865-0500] {logging_mixin.py:190} INFO - [2025-03-27T15:26:32.864-0500] {dag.py:3239} INFO - Sync 1 DAGs
[2025-03-27T15:26:32.870-0500] {logging_mixin.py:190} INFO - [2025-03-27T15:26:32.870-0500] {dag.py:4180} INFO - Setting next_dagrun for example_sensors to None, run_after=None
[2025-03-27T15:26:33.027-0500] {processor.py:208} INFO - Processing /home/udhbhav/miniconda3/lib/python3.11/site-packages/airflow/example_dags/example_sensors.py took 0.183 seconds
[2025-03-27T15:27:46.629-0500] {processor.py:186} INFO - Started process (PID=1811969) to work on /home/udhbhav/miniconda3/lib/python3.11/site-packages/airflow/example_dags/example_sensors.py
[2025-03-27T15:27:46.629-0500] {processor.py:914} INFO - Processing file /home/udhbhav/miniconda3/lib/python3.11/site-packages/airflow/example_dags/example_sensors.py for tasks to queue
[2025-03-27T15:27:46.630-0500] {logging_mixin.py:190} INFO - [2025-03-27T15:27:46.630-0500] {dagbag.py:588} INFO - Filling up the DagBag from /home/udhbhav/miniconda3/lib/python3.11/site-packages/airflow/example_dags/example_sensors.py
[2025-03-27T15:27:46.636-0500] {processor.py:925} INFO - DAG(s) 'example_sensors' retrieved from /home/udhbhav/miniconda3/lib/python3.11/site-packages/airflow/example_dags/example_sensors.py
[2025-03-27T15:27:46.646-0500] {logging_mixin.py:190} INFO - [2025-03-27T15:27:46.646-0500] {dag.py:3239} INFO - Sync 1 DAGs
[2025-03-27T15:27:46.651-0500] {logging_mixin.py:190} INFO - [2025-03-27T15:27:46.651-0500] {dag.py:4180} INFO - Setting next_dagrun for example_sensors to None, run_after=None
[2025-03-27T15:27:46.761-0500] {processor.py:208} INFO - Processing /home/udhbhav/miniconda3/lib/python3.11/site-packages/airflow/example_dags/example_sensors.py took 0.135 seconds
[2025-03-27T15:29:27.358-0500] {processor.py:186} INFO - Started process (PID=1812812) to work on /home/udhbhav/miniconda3/lib/python3.11/site-packages/airflow/example_dags/example_sensors.py
[2025-03-27T15:29:27.359-0500] {processor.py:914} INFO - Processing file /home/udhbhav/miniconda3/lib/python3.11/site-packages/airflow/example_dags/example_sensors.py for tasks to queue
[2025-03-27T15:29:27.360-0500] {logging_mixin.py:190} INFO - [2025-03-27T15:29:27.359-0500] {dagbag.py:588} INFO - Filling up the DagBag from /home/udhbhav/miniconda3/lib/python3.11/site-packages/airflow/example_dags/example_sensors.py
[2025-03-27T15:29:27.365-0500] {processor.py:925} INFO - DAG(s) 'example_sensors' retrieved from /home/udhbhav/miniconda3/lib/python3.11/site-packages/airflow/example_dags/example_sensors.py
[2025-03-27T15:29:27.375-0500] {logging_mixin.py:190} INFO - [2025-03-27T15:29:27.375-0500] {dag.py:3239} INFO - Sync 1 DAGs
[2025-03-27T15:29:27.380-0500] {logging_mixin.py:190} INFO - [2025-03-27T15:29:27.380-0500] {dag.py:4180} INFO - Setting next_dagrun for example_sensors to None, run_after=None
[2025-03-27T15:29:27.801-0500] {processor.py:208} INFO - Processing /home/udhbhav/miniconda3/lib/python3.11/site-packages/airflow/example_dags/example_sensors.py took 0.446 seconds
[2025-03-27T15:31:19.074-0500] {processor.py:186} INFO - Started process (PID=1813826) to work on /home/udhbhav/miniconda3/lib/python3.11/site-packages/airflow/example_dags/example_sensors.py
[2025-03-27T15:31:19.075-0500] {processor.py:914} INFO - Processing file /home/udhbhav/miniconda3/lib/python3.11/site-packages/airflow/example_dags/example_sensors.py for tasks to queue
[2025-03-27T15:31:19.076-0500] {logging_mixin.py:190} INFO - [2025-03-27T15:31:19.075-0500] {dagbag.py:588} INFO - Filling up the DagBag from /home/udhbhav/miniconda3/lib/python3.11/site-packages/airflow/example_dags/example_sensors.py
[2025-03-27T15:31:19.081-0500] {processor.py:925} INFO - DAG(s) 'example_sensors' retrieved from /home/udhbhav/miniconda3/lib/python3.11/site-packages/airflow/example_dags/example_sensors.py
[2025-03-27T15:31:19.092-0500] {logging_mixin.py:190} INFO - [2025-03-27T15:31:19.091-0500] {dag.py:3239} INFO - Sync 1 DAGs
[2025-03-27T15:31:19.097-0500] {logging_mixin.py:190} INFO - [2025-03-27T15:31:19.097-0500] {dag.py:4180} INFO - Setting next_dagrun for example_sensors to None, run_after=None
[2025-03-27T15:31:19.994-0500] {processor.py:208} INFO - Processing /home/udhbhav/miniconda3/lib/python3.11/site-packages/airflow/example_dags/example_sensors.py took 0.922 seconds
[2025-03-27T15:32:45.798-0500] {processor.py:186} INFO - Started process (PID=1814754) to work on /home/udhbhav/miniconda3/lib/python3.11/site-packages/airflow/example_dags/example_sensors.py
[2025-03-27T15:32:45.798-0500] {processor.py:914} INFO - Processing file /home/udhbhav/miniconda3/lib/python3.11/site-packages/airflow/example_dags/example_sensors.py for tasks to queue
[2025-03-27T15:32:45.799-0500] {logging_mixin.py:190} INFO - [2025-03-27T15:32:45.799-0500] {dagbag.py:588} INFO - Filling up the DagBag from /home/udhbhav/miniconda3/lib/python3.11/site-packages/airflow/example_dags/example_sensors.py
[2025-03-27T15:32:45.805-0500] {processor.py:925} INFO - DAG(s) 'example_sensors' retrieved from /home/udhbhav/miniconda3/lib/python3.11/site-packages/airflow/example_dags/example_sensors.py
[2025-03-27T15:32:45.815-0500] {logging_mixin.py:190} INFO - [2025-03-27T15:32:45.815-0500] {dag.py:3239} INFO - Sync 1 DAGs
[2025-03-27T15:32:45.820-0500] {logging_mixin.py:190} INFO - [2025-03-27T15:32:45.820-0500] {dag.py:4180} INFO - Setting next_dagrun for example_sensors to None, run_after=None
[2025-03-27T15:32:45.948-0500] {processor.py:208} INFO - Processing /home/udhbhav/miniconda3/lib/python3.11/site-packages/airflow/example_dags/example_sensors.py took 0.154 seconds
[2025-03-27T15:33:55.772-0500] {processor.py:186} INFO - Started process (PID=1815434) to work on /home/udhbhav/miniconda3/lib/python3.11/site-packages/airflow/example_dags/example_sensors.py
[2025-03-27T15:33:55.772-0500] {processor.py:914} INFO - Processing file /home/udhbhav/miniconda3/lib/python3.11/site-packages/airflow/example_dags/example_sensors.py for tasks to queue
[2025-03-27T15:33:55.773-0500] {logging_mixin.py:190} INFO - [2025-03-27T15:33:55.773-0500] {dagbag.py:588} INFO - Filling up the DagBag from /home/udhbhav/miniconda3/lib/python3.11/site-packages/airflow/example_dags/example_sensors.py
[2025-03-27T15:33:55.779-0500] {processor.py:925} INFO - DAG(s) 'example_sensors' retrieved from /home/udhbhav/miniconda3/lib/python3.11/site-packages/airflow/example_dags/example_sensors.py
[2025-03-27T15:33:55.789-0500] {logging_mixin.py:190} INFO - [2025-03-27T15:33:55.789-0500] {dag.py:3239} INFO - Sync 1 DAGs
[2025-03-27T15:33:55.794-0500] {logging_mixin.py:190} INFO - [2025-03-27T15:33:55.794-0500] {dag.py:4180} INFO - Setting next_dagrun for example_sensors to None, run_after=None
[2025-03-27T15:33:55.903-0500] {processor.py:208} INFO - Processing /home/udhbhav/miniconda3/lib/python3.11/site-packages/airflow/example_dags/example_sensors.py took 0.134 seconds
[2025-03-27T15:34:58.558-0500] {processor.py:186} INFO - Started process (PID=1816059) to work on /home/udhbhav/miniconda3/lib/python3.11/site-packages/airflow/example_dags/example_sensors.py
[2025-03-27T15:34:58.559-0500] {processor.py:914} INFO - Processing file /home/udhbhav/miniconda3/lib/python3.11/site-packages/airflow/example_dags/example_sensors.py for tasks to queue
[2025-03-27T15:34:58.560-0500] {logging_mixin.py:190} INFO - [2025-03-27T15:34:58.560-0500] {dagbag.py:588} INFO - Filling up the DagBag from /home/udhbhav/miniconda3/lib/python3.11/site-packages/airflow/example_dags/example_sensors.py
[2025-03-27T15:34:58.566-0500] {processor.py:925} INFO - DAG(s) 'example_sensors' retrieved from /home/udhbhav/miniconda3/lib/python3.11/site-packages/airflow/example_dags/example_sensors.py
[2025-03-27T15:34:58.576-0500] {logging_mixin.py:190} INFO - [2025-03-27T15:34:58.576-0500] {dag.py:3239} INFO - Sync 1 DAGs
[2025-03-27T15:34:58.581-0500] {logging_mixin.py:190} INFO - [2025-03-27T15:34:58.581-0500] {dag.py:4180} INFO - Setting next_dagrun for example_sensors to None, run_after=None
[2025-03-27T15:34:58.689-0500] {processor.py:208} INFO - Processing /home/udhbhav/miniconda3/lib/python3.11/site-packages/airflow/example_dags/example_sensors.py took 0.133 seconds
[2025-03-27T15:36:22.585-0500] {processor.py:186} INFO - Started process (PID=1816798) to work on /home/udhbhav/miniconda3/lib/python3.11/site-packages/airflow/example_dags/example_sensors.py
[2025-03-27T15:36:22.586-0500] {processor.py:914} INFO - Processing file /home/udhbhav/miniconda3/lib/python3.11/site-packages/airflow/example_dags/example_sensors.py for tasks to queue
[2025-03-27T15:36:22.587-0500] {logging_mixin.py:190} INFO - [2025-03-27T15:36:22.586-0500] {dagbag.py:588} INFO - Filling up the DagBag from /home/udhbhav/miniconda3/lib/python3.11/site-packages/airflow/example_dags/example_sensors.py
[2025-03-27T15:36:22.592-0500] {processor.py:925} INFO - DAG(s) 'example_sensors' retrieved from /home/udhbhav/miniconda3/lib/python3.11/site-packages/airflow/example_dags/example_sensors.py
[2025-03-27T15:36:22.602-0500] {logging_mixin.py:190} INFO - [2025-03-27T15:36:22.602-0500] {dag.py:3239} INFO - Sync 1 DAGs
[2025-03-27T15:36:22.607-0500] {logging_mixin.py:190} INFO - [2025-03-27T15:36:22.607-0500] {dag.py:4180} INFO - Setting next_dagrun for example_sensors to None, run_after=None
[2025-03-27T15:36:22.723-0500] {processor.py:208} INFO - Processing /home/udhbhav/miniconda3/lib/python3.11/site-packages/airflow/example_dags/example_sensors.py took 0.141 seconds
