[2025-03-27T14:26:51.894-0500] {processor.py:186} INFO - Started process (PID=1763573) to work on /home/udhbhav/miniconda3/lib/python3.11/site-packages/airflow/example_dags/example_short_circuit_decorator.py
[2025-03-27T14:26:51.894-0500] {processor.py:914} INFO - Processing file /home/udhbhav/miniconda3/lib/python3.11/site-packages/airflow/example_dags/example_short_circuit_decorator.py for tasks to queue
[2025-03-27T14:26:51.895-0500] {logging_mixin.py:190} INFO - [2025-03-27T14:26:51.895-0500] {dagbag.py:588} INFO - Filling up the DagBag from /home/udhbhav/miniconda3/lib/python3.11/site-packages/airflow/example_dags/example_short_circuit_decorator.py
[2025-03-27T14:26:51.902-0500] {processor.py:925} INFO - DAG(s) 'example_short_circuit_decorator' retrieved from /home/udhbhav/miniconda3/lib/python3.11/site-packages/airflow/example_dags/example_short_circuit_decorator.py
[2025-03-27T14:26:52.703-0500] {logging_mixin.py:190} INFO - [2025-03-27T14:26:52.702-0500] {override.py:1912} INFO - Created Permission View: can read on DAG:example_short_circuit_decorator
[2025-03-27T14:26:52.813-0500] {logging_mixin.py:190} INFO - [2025-03-27T14:26:52.813-0500] {override.py:1912} INFO - Created Permission View: can edit on DAG:example_short_circuit_decorator
[2025-03-27T14:26:52.935-0500] {logging_mixin.py:190} INFO - [2025-03-27T14:26:52.935-0500] {override.py:1912} INFO - Created Permission View: can delete on DAG:example_short_circuit_decorator
[2025-03-27T14:26:53.308-0500] {logging_mixin.py:190} INFO - [2025-03-27T14:26:53.308-0500] {override.py:1912} INFO - Created Permission View: can read on DAG Run:example_short_circuit_decorator
[2025-03-27T14:26:53.417-0500] {logging_mixin.py:190} INFO - [2025-03-27T14:26:53.417-0500] {override.py:1912} INFO - Created Permission View: menu access on DAG Run:example_short_circuit_decorator
[2025-03-27T14:26:53.528-0500] {logging_mixin.py:190} INFO - [2025-03-27T14:26:53.527-0500] {override.py:1912} INFO - Created Permission View: can create on DAG Run:example_short_circuit_decorator
[2025-03-27T14:26:53.710-0500] {logging_mixin.py:190} INFO - [2025-03-27T14:26:53.710-0500] {override.py:1912} INFO - Created Permission View: can delete on DAG Run:example_short_circuit_decorator
[2025-03-27T14:26:53.710-0500] {logging_mixin.py:190} INFO - [2025-03-27T14:26:53.710-0500] {dag.py:3239} INFO - Sync 1 DAGs
[2025-03-27T14:26:53.715-0500] {logging_mixin.py:190} INFO - [2025-03-27T14:26:53.715-0500] {dag.py:3262} INFO - Creating ORM DAG for example_short_circuit_decorator
[2025-03-27T14:26:53.716-0500] {logging_mixin.py:190} INFO - [2025-03-27T14:26:53.716-0500] {dag.py:4180} INFO - Setting next_dagrun for example_short_circuit_decorator to None, run_after=None
[2025-03-27T14:26:54.338-0500] {processor.py:208} INFO - Processing /home/udhbhav/miniconda3/lib/python3.11/site-packages/airflow/example_dags/example_short_circuit_decorator.py took 2.447 seconds
[2025-03-27T14:28:42.428-0500] {processor.py:186} INFO - Started process (PID=1764513) to work on /home/udhbhav/miniconda3/lib/python3.11/site-packages/airflow/example_dags/example_short_circuit_decorator.py
[2025-03-27T14:28:42.428-0500] {processor.py:914} INFO - Processing file /home/udhbhav/miniconda3/lib/python3.11/site-packages/airflow/example_dags/example_short_circuit_decorator.py for tasks to queue
[2025-03-27T14:28:42.429-0500] {logging_mixin.py:190} INFO - [2025-03-27T14:28:42.429-0500] {dagbag.py:588} INFO - Filling up the DagBag from /home/udhbhav/miniconda3/lib/python3.11/site-packages/airflow/example_dags/example_short_circuit_decorator.py
[2025-03-27T14:28:42.435-0500] {processor.py:925} INFO - DAG(s) 'example_short_circuit_decorator' retrieved from /home/udhbhav/miniconda3/lib/python3.11/site-packages/airflow/example_dags/example_short_circuit_decorator.py
[2025-03-27T14:28:42.444-0500] {logging_mixin.py:190} INFO - [2025-03-27T14:28:42.444-0500] {dag.py:3239} INFO - Sync 1 DAGs
[2025-03-27T14:28:42.450-0500] {logging_mixin.py:190} INFO - [2025-03-27T14:28:42.450-0500] {dag.py:4180} INFO - Setting next_dagrun for example_short_circuit_decorator to None, run_after=None
[2025-03-27T14:28:42.672-0500] {processor.py:208} INFO - Processing /home/udhbhav/miniconda3/lib/python3.11/site-packages/airflow/example_dags/example_short_circuit_decorator.py took 0.247 seconds
[2025-03-27T14:35:52.435-0500] {processor.py:186} INFO - Started process (PID=1768714) to work on /home/udhbhav/miniconda3/lib/python3.11/site-packages/airflow/example_dags/example_short_circuit_decorator.py
[2025-03-27T14:35:52.435-0500] {processor.py:914} INFO - Processing file /home/udhbhav/miniconda3/lib/python3.11/site-packages/airflow/example_dags/example_short_circuit_decorator.py for tasks to queue
[2025-03-27T14:35:52.436-0500] {logging_mixin.py:190} INFO - [2025-03-27T14:35:52.436-0500] {dagbag.py:588} INFO - Filling up the DagBag from /home/udhbhav/miniconda3/lib/python3.11/site-packages/airflow/example_dags/example_short_circuit_decorator.py
[2025-03-27T14:35:52.442-0500] {processor.py:925} INFO - DAG(s) 'example_short_circuit_decorator' retrieved from /home/udhbhav/miniconda3/lib/python3.11/site-packages/airflow/example_dags/example_short_circuit_decorator.py
[2025-03-27T14:35:52.451-0500] {logging_mixin.py:190} INFO - [2025-03-27T14:35:52.451-0500] {dag.py:3239} INFO - Sync 1 DAGs
[2025-03-27T14:35:52.457-0500] {logging_mixin.py:190} INFO - [2025-03-27T14:35:52.457-0500] {dag.py:4180} INFO - Setting next_dagrun for example_short_circuit_decorator to None, run_after=None
[2025-03-27T14:35:52.564-0500] {processor.py:208} INFO - Processing /home/udhbhav/miniconda3/lib/python3.11/site-packages/airflow/example_dags/example_short_circuit_decorator.py took 0.132 seconds
[2025-03-27T14:37:38.343-0500] {processor.py:186} INFO - Started process (PID=1769738) to work on /home/udhbhav/miniconda3/lib/python3.11/site-packages/airflow/example_dags/example_short_circuit_decorator.py
[2025-03-27T14:37:38.344-0500] {processor.py:914} INFO - Processing file /home/udhbhav/miniconda3/lib/python3.11/site-packages/airflow/example_dags/example_short_circuit_decorator.py for tasks to queue
[2025-03-27T14:37:38.345-0500] {logging_mixin.py:190} INFO - [2025-03-27T14:37:38.345-0500] {dagbag.py:588} INFO - Filling up the DagBag from /home/udhbhav/miniconda3/lib/python3.11/site-packages/airflow/example_dags/example_short_circuit_decorator.py
[2025-03-27T14:37:38.351-0500] {processor.py:925} INFO - DAG(s) 'example_short_circuit_decorator' retrieved from /home/udhbhav/miniconda3/lib/python3.11/site-packages/airflow/example_dags/example_short_circuit_decorator.py
[2025-03-27T14:37:38.360-0500] {logging_mixin.py:190} INFO - [2025-03-27T14:37:38.360-0500] {dag.py:3239} INFO - Sync 1 DAGs
[2025-03-27T14:37:38.419-0500] {logging_mixin.py:190} INFO - [2025-03-27T14:37:38.419-0500] {dag.py:4180} INFO - Setting next_dagrun for example_short_circuit_decorator to None, run_after=None
[2025-03-27T14:37:38.542-0500] {processor.py:208} INFO - Processing /home/udhbhav/miniconda3/lib/python3.11/site-packages/airflow/example_dags/example_short_circuit_decorator.py took 0.201 seconds
[2025-03-27T14:38:53.639-0500] {processor.py:186} INFO - Started process (PID=1770884) to work on /home/udhbhav/miniconda3/lib/python3.11/site-packages/airflow/example_dags/example_short_circuit_decorator.py
[2025-03-27T14:38:53.639-0500] {processor.py:914} INFO - Processing file /home/udhbhav/miniconda3/lib/python3.11/site-packages/airflow/example_dags/example_short_circuit_decorator.py for tasks to queue
[2025-03-27T14:38:53.640-0500] {logging_mixin.py:190} INFO - [2025-03-27T14:38:53.640-0500] {dagbag.py:588} INFO - Filling up the DagBag from /home/udhbhav/miniconda3/lib/python3.11/site-packages/airflow/example_dags/example_short_circuit_decorator.py
[2025-03-27T14:38:53.645-0500] {processor.py:925} INFO - DAG(s) 'example_short_circuit_decorator' retrieved from /home/udhbhav/miniconda3/lib/python3.11/site-packages/airflow/example_dags/example_short_circuit_decorator.py
[2025-03-27T14:38:53.654-0500] {logging_mixin.py:190} INFO - [2025-03-27T14:38:53.654-0500] {dag.py:3239} INFO - Sync 1 DAGs
[2025-03-27T14:38:53.659-0500] {logging_mixin.py:190} INFO - [2025-03-27T14:38:53.659-0500] {dag.py:4180} INFO - Setting next_dagrun for example_short_circuit_decorator to None, run_after=None
[2025-03-27T14:38:53.766-0500] {processor.py:208} INFO - Processing /home/udhbhav/miniconda3/lib/python3.11/site-packages/airflow/example_dags/example_short_circuit_decorator.py took 0.130 seconds
[2025-03-27T14:40:21.107-0500] {processor.py:186} INFO - Started process (PID=1771603) to work on /home/udhbhav/miniconda3/lib/python3.11/site-packages/airflow/example_dags/example_short_circuit_decorator.py
[2025-03-27T14:40:21.107-0500] {processor.py:914} INFO - Processing file /home/udhbhav/miniconda3/lib/python3.11/site-packages/airflow/example_dags/example_short_circuit_decorator.py for tasks to queue
[2025-03-27T14:40:21.108-0500] {logging_mixin.py:190} INFO - [2025-03-27T14:40:21.108-0500] {dagbag.py:588} INFO - Filling up the DagBag from /home/udhbhav/miniconda3/lib/python3.11/site-packages/airflow/example_dags/example_short_circuit_decorator.py
[2025-03-27T14:40:21.114-0500] {processor.py:925} INFO - DAG(s) 'example_short_circuit_decorator' retrieved from /home/udhbhav/miniconda3/lib/python3.11/site-packages/airflow/example_dags/example_short_circuit_decorator.py
[2025-03-27T14:40:21.122-0500] {logging_mixin.py:190} INFO - [2025-03-27T14:40:21.122-0500] {dag.py:3239} INFO - Sync 1 DAGs
[2025-03-27T14:40:21.127-0500] {logging_mixin.py:190} INFO - [2025-03-27T14:40:21.127-0500] {dag.py:4180} INFO - Setting next_dagrun for example_short_circuit_decorator to None, run_after=None
[2025-03-27T14:40:21.233-0500] {processor.py:208} INFO - Processing /home/udhbhav/miniconda3/lib/python3.11/site-packages/airflow/example_dags/example_short_circuit_decorator.py took 0.129 seconds
[2025-03-27T14:41:51.675-0500] {processor.py:186} INFO - Started process (PID=1772914) to work on /home/udhbhav/miniconda3/lib/python3.11/site-packages/airflow/example_dags/example_short_circuit_decorator.py
[2025-03-27T14:41:51.675-0500] {processor.py:914} INFO - Processing file /home/udhbhav/miniconda3/lib/python3.11/site-packages/airflow/example_dags/example_short_circuit_decorator.py for tasks to queue
[2025-03-27T14:41:51.676-0500] {logging_mixin.py:190} INFO - [2025-03-27T14:41:51.676-0500] {dagbag.py:588} INFO - Filling up the DagBag from /home/udhbhav/miniconda3/lib/python3.11/site-packages/airflow/example_dags/example_short_circuit_decorator.py
[2025-03-27T14:41:51.682-0500] {processor.py:925} INFO - DAG(s) 'example_short_circuit_decorator' retrieved from /home/udhbhav/miniconda3/lib/python3.11/site-packages/airflow/example_dags/example_short_circuit_decorator.py
[2025-03-27T14:41:51.690-0500] {logging_mixin.py:190} INFO - [2025-03-27T14:41:51.690-0500] {dag.py:3239} INFO - Sync 1 DAGs
[2025-03-27T14:41:51.695-0500] {logging_mixin.py:190} INFO - [2025-03-27T14:41:51.695-0500] {dag.py:4180} INFO - Setting next_dagrun for example_short_circuit_decorator to None, run_after=None
[2025-03-27T14:41:51.802-0500] {processor.py:208} INFO - Processing /home/udhbhav/miniconda3/lib/python3.11/site-packages/airflow/example_dags/example_short_circuit_decorator.py took 0.130 seconds
[2025-03-27T14:42:54.044-0500] {processor.py:186} INFO - Started process (PID=1773536) to work on /home/udhbhav/miniconda3/lib/python3.11/site-packages/airflow/example_dags/example_short_circuit_decorator.py
[2025-03-27T14:42:54.044-0500] {processor.py:914} INFO - Processing file /home/udhbhav/miniconda3/lib/python3.11/site-packages/airflow/example_dags/example_short_circuit_decorator.py for tasks to queue
[2025-03-27T14:42:54.045-0500] {logging_mixin.py:190} INFO - [2025-03-27T14:42:54.045-0500] {dagbag.py:588} INFO - Filling up the DagBag from /home/udhbhav/miniconda3/lib/python3.11/site-packages/airflow/example_dags/example_short_circuit_decorator.py
[2025-03-27T14:42:54.050-0500] {processor.py:925} INFO - DAG(s) 'example_short_circuit_decorator' retrieved from /home/udhbhav/miniconda3/lib/python3.11/site-packages/airflow/example_dags/example_short_circuit_decorator.py
[2025-03-27T14:42:54.059-0500] {logging_mixin.py:190} INFO - [2025-03-27T14:42:54.059-0500] {dag.py:3239} INFO - Sync 1 DAGs
[2025-03-27T14:42:54.064-0500] {logging_mixin.py:190} INFO - [2025-03-27T14:42:54.064-0500] {dag.py:4180} INFO - Setting next_dagrun for example_short_circuit_decorator to None, run_after=None
[2025-03-27T14:42:54.232-0500] {processor.py:208} INFO - Processing /home/udhbhav/miniconda3/lib/python3.11/site-packages/airflow/example_dags/example_short_circuit_decorator.py took 0.191 seconds
[2025-03-27T14:44:12.564-0500] {processor.py:186} INFO - Started process (PID=1774356) to work on /home/udhbhav/miniconda3/lib/python3.11/site-packages/airflow/example_dags/example_short_circuit_decorator.py
[2025-03-27T14:44:12.565-0500] {processor.py:914} INFO - Processing file /home/udhbhav/miniconda3/lib/python3.11/site-packages/airflow/example_dags/example_short_circuit_decorator.py for tasks to queue
[2025-03-27T14:44:12.566-0500] {logging_mixin.py:190} INFO - [2025-03-27T14:44:12.566-0500] {dagbag.py:588} INFO - Filling up the DagBag from /home/udhbhav/miniconda3/lib/python3.11/site-packages/airflow/example_dags/example_short_circuit_decorator.py
[2025-03-27T14:44:12.571-0500] {processor.py:925} INFO - DAG(s) 'example_short_circuit_decorator' retrieved from /home/udhbhav/miniconda3/lib/python3.11/site-packages/airflow/example_dags/example_short_circuit_decorator.py
[2025-03-27T14:44:12.580-0500] {logging_mixin.py:190} INFO - [2025-03-27T14:44:12.580-0500] {dag.py:3239} INFO - Sync 1 DAGs
[2025-03-27T14:44:12.585-0500] {logging_mixin.py:190} INFO - [2025-03-27T14:44:12.585-0500] {dag.py:4180} INFO - Setting next_dagrun for example_short_circuit_decorator to None, run_after=None
[2025-03-27T14:44:12.691-0500] {processor.py:208} INFO - Processing /home/udhbhav/miniconda3/lib/python3.11/site-packages/airflow/example_dags/example_short_circuit_decorator.py took 0.129 seconds
[2025-03-27T14:45:17.097-0500] {processor.py:186} INFO - Started process (PID=1775020) to work on /home/udhbhav/miniconda3/lib/python3.11/site-packages/airflow/example_dags/example_short_circuit_decorator.py
[2025-03-27T14:45:17.098-0500] {processor.py:914} INFO - Processing file /home/udhbhav/miniconda3/lib/python3.11/site-packages/airflow/example_dags/example_short_circuit_decorator.py for tasks to queue
[2025-03-27T14:45:17.099-0500] {logging_mixin.py:190} INFO - [2025-03-27T14:45:17.099-0500] {dagbag.py:588} INFO - Filling up the DagBag from /home/udhbhav/miniconda3/lib/python3.11/site-packages/airflow/example_dags/example_short_circuit_decorator.py
[2025-03-27T14:45:17.105-0500] {processor.py:925} INFO - DAG(s) 'example_short_circuit_decorator' retrieved from /home/udhbhav/miniconda3/lib/python3.11/site-packages/airflow/example_dags/example_short_circuit_decorator.py
[2025-03-27T14:45:17.113-0500] {logging_mixin.py:190} INFO - [2025-03-27T14:45:17.113-0500] {dag.py:3239} INFO - Sync 1 DAGs
[2025-03-27T14:45:17.118-0500] {logging_mixin.py:190} INFO - [2025-03-27T14:45:17.118-0500] {dag.py:4180} INFO - Setting next_dagrun for example_short_circuit_decorator to None, run_after=None
[2025-03-27T14:45:17.244-0500] {processor.py:208} INFO - Processing /home/udhbhav/miniconda3/lib/python3.11/site-packages/airflow/example_dags/example_short_circuit_decorator.py took 0.149 seconds
[2025-03-27T14:46:54.788-0500] {processor.py:186} INFO - Started process (PID=1776002) to work on /home/udhbhav/miniconda3/lib/python3.11/site-packages/airflow/example_dags/example_short_circuit_decorator.py
[2025-03-27T14:46:54.788-0500] {processor.py:914} INFO - Processing file /home/udhbhav/miniconda3/lib/python3.11/site-packages/airflow/example_dags/example_short_circuit_decorator.py for tasks to queue
[2025-03-27T14:46:54.789-0500] {logging_mixin.py:190} INFO - [2025-03-27T14:46:54.789-0500] {dagbag.py:588} INFO - Filling up the DagBag from /home/udhbhav/miniconda3/lib/python3.11/site-packages/airflow/example_dags/example_short_circuit_decorator.py
[2025-03-27T14:46:54.794-0500] {processor.py:925} INFO - DAG(s) 'example_short_circuit_decorator' retrieved from /home/udhbhav/miniconda3/lib/python3.11/site-packages/airflow/example_dags/example_short_circuit_decorator.py
[2025-03-27T14:46:54.803-0500] {logging_mixin.py:190} INFO - [2025-03-27T14:46:54.803-0500] {dag.py:3239} INFO - Sync 1 DAGs
[2025-03-27T14:46:54.808-0500] {logging_mixin.py:190} INFO - [2025-03-27T14:46:54.808-0500] {dag.py:4180} INFO - Setting next_dagrun for example_short_circuit_decorator to None, run_after=None
[2025-03-27T14:46:54.971-0500] {processor.py:208} INFO - Processing /home/udhbhav/miniconda3/lib/python3.11/site-packages/airflow/example_dags/example_short_circuit_decorator.py took 0.186 seconds
[2025-03-27T14:48:10.496-0500] {processor.py:186} INFO - Started process (PID=1776660) to work on /home/udhbhav/miniconda3/lib/python3.11/site-packages/airflow/example_dags/example_short_circuit_decorator.py
[2025-03-27T14:48:10.497-0500] {processor.py:914} INFO - Processing file /home/udhbhav/miniconda3/lib/python3.11/site-packages/airflow/example_dags/example_short_circuit_decorator.py for tasks to queue
[2025-03-27T14:48:10.498-0500] {logging_mixin.py:190} INFO - [2025-03-27T14:48:10.497-0500] {dagbag.py:588} INFO - Filling up the DagBag from /home/udhbhav/miniconda3/lib/python3.11/site-packages/airflow/example_dags/example_short_circuit_decorator.py
[2025-03-27T14:48:10.503-0500] {processor.py:925} INFO - DAG(s) 'example_short_circuit_decorator' retrieved from /home/udhbhav/miniconda3/lib/python3.11/site-packages/airflow/example_dags/example_short_circuit_decorator.py
[2025-03-27T14:48:10.512-0500] {logging_mixin.py:190} INFO - [2025-03-27T14:48:10.512-0500] {dag.py:3239} INFO - Sync 1 DAGs
[2025-03-27T14:48:10.517-0500] {logging_mixin.py:190} INFO - [2025-03-27T14:48:10.517-0500] {dag.py:4180} INFO - Setting next_dagrun for example_short_circuit_decorator to None, run_after=None
[2025-03-27T14:48:10.621-0500] {processor.py:208} INFO - Processing /home/udhbhav/miniconda3/lib/python3.11/site-packages/airflow/example_dags/example_short_circuit_decorator.py took 0.128 seconds
[2025-03-27T14:49:33.187-0500] {processor.py:186} INFO - Started process (PID=1777431) to work on /home/udhbhav/miniconda3/lib/python3.11/site-packages/airflow/example_dags/example_short_circuit_decorator.py
[2025-03-27T14:49:33.188-0500] {processor.py:914} INFO - Processing file /home/udhbhav/miniconda3/lib/python3.11/site-packages/airflow/example_dags/example_short_circuit_decorator.py for tasks to queue
[2025-03-27T14:49:33.189-0500] {logging_mixin.py:190} INFO - [2025-03-27T14:49:33.188-0500] {dagbag.py:588} INFO - Filling up the DagBag from /home/udhbhav/miniconda3/lib/python3.11/site-packages/airflow/example_dags/example_short_circuit_decorator.py
[2025-03-27T14:49:33.194-0500] {processor.py:925} INFO - DAG(s) 'example_short_circuit_decorator' retrieved from /home/udhbhav/miniconda3/lib/python3.11/site-packages/airflow/example_dags/example_short_circuit_decorator.py
[2025-03-27T14:49:33.203-0500] {logging_mixin.py:190} INFO - [2025-03-27T14:49:33.203-0500] {dag.py:3239} INFO - Sync 1 DAGs
[2025-03-27T14:49:33.208-0500] {logging_mixin.py:190} INFO - [2025-03-27T14:49:33.208-0500] {dag.py:4180} INFO - Setting next_dagrun for example_short_circuit_decorator to None, run_after=None
[2025-03-27T14:49:33.641-0500] {processor.py:208} INFO - Processing /home/udhbhav/miniconda3/lib/python3.11/site-packages/airflow/example_dags/example_short_circuit_decorator.py took 0.456 seconds
[2025-03-27T14:50:56.232-0500] {processor.py:186} INFO - Started process (PID=1779999) to work on /home/udhbhav/miniconda3/lib/python3.11/site-packages/airflow/example_dags/example_short_circuit_decorator.py
[2025-03-27T14:50:56.232-0500] {processor.py:914} INFO - Processing file /home/udhbhav/miniconda3/lib/python3.11/site-packages/airflow/example_dags/example_short_circuit_decorator.py for tasks to queue
[2025-03-27T14:50:56.233-0500] {logging_mixin.py:190} INFO - [2025-03-27T14:50:56.233-0500] {dagbag.py:588} INFO - Filling up the DagBag from /home/udhbhav/miniconda3/lib/python3.11/site-packages/airflow/example_dags/example_short_circuit_decorator.py
[2025-03-27T14:50:56.239-0500] {processor.py:925} INFO - DAG(s) 'example_short_circuit_decorator' retrieved from /home/udhbhav/miniconda3/lib/python3.11/site-packages/airflow/example_dags/example_short_circuit_decorator.py
[2025-03-27T14:50:56.248-0500] {logging_mixin.py:190} INFO - [2025-03-27T14:50:56.248-0500] {dag.py:3239} INFO - Sync 1 DAGs
[2025-03-27T14:50:56.253-0500] {logging_mixin.py:190} INFO - [2025-03-27T14:50:56.253-0500] {dag.py:4180} INFO - Setting next_dagrun for example_short_circuit_decorator to None, run_after=None
[2025-03-27T14:50:56.356-0500] {processor.py:208} INFO - Processing /home/udhbhav/miniconda3/lib/python3.11/site-packages/airflow/example_dags/example_short_circuit_decorator.py took 0.127 seconds
[2025-03-27T14:52:00.469-0500] {processor.py:186} INFO - Started process (PID=1783780) to work on /home/udhbhav/miniconda3/lib/python3.11/site-packages/airflow/example_dags/example_short_circuit_decorator.py
[2025-03-27T14:52:00.469-0500] {processor.py:914} INFO - Processing file /home/udhbhav/miniconda3/lib/python3.11/site-packages/airflow/example_dags/example_short_circuit_decorator.py for tasks to queue
[2025-03-27T14:52:00.470-0500] {logging_mixin.py:190} INFO - [2025-03-27T14:52:00.470-0500] {dagbag.py:588} INFO - Filling up the DagBag from /home/udhbhav/miniconda3/lib/python3.11/site-packages/airflow/example_dags/example_short_circuit_decorator.py
[2025-03-27T14:52:00.476-0500] {processor.py:925} INFO - DAG(s) 'example_short_circuit_decorator' retrieved from /home/udhbhav/miniconda3/lib/python3.11/site-packages/airflow/example_dags/example_short_circuit_decorator.py
[2025-03-27T14:52:00.484-0500] {logging_mixin.py:190} INFO - [2025-03-27T14:52:00.484-0500] {dag.py:3239} INFO - Sync 1 DAGs
[2025-03-27T14:52:00.490-0500] {logging_mixin.py:190} INFO - [2025-03-27T14:52:00.490-0500] {dag.py:4180} INFO - Setting next_dagrun for example_short_circuit_decorator to None, run_after=None
[2025-03-27T14:52:00.700-0500] {processor.py:208} INFO - Processing /home/udhbhav/miniconda3/lib/python3.11/site-packages/airflow/example_dags/example_short_circuit_decorator.py took 0.234 seconds
[2025-03-27T14:53:12.175-0500] {processor.py:186} INFO - Started process (PID=1784475) to work on /home/udhbhav/miniconda3/lib/python3.11/site-packages/airflow/example_dags/example_short_circuit_decorator.py
[2025-03-27T14:53:12.175-0500] {processor.py:914} INFO - Processing file /home/udhbhav/miniconda3/lib/python3.11/site-packages/airflow/example_dags/example_short_circuit_decorator.py for tasks to queue
[2025-03-27T14:53:12.176-0500] {logging_mixin.py:190} INFO - [2025-03-27T14:53:12.176-0500] {dagbag.py:588} INFO - Filling up the DagBag from /home/udhbhav/miniconda3/lib/python3.11/site-packages/airflow/example_dags/example_short_circuit_decorator.py
[2025-03-27T14:53:12.182-0500] {processor.py:925} INFO - DAG(s) 'example_short_circuit_decorator' retrieved from /home/udhbhav/miniconda3/lib/python3.11/site-packages/airflow/example_dags/example_short_circuit_decorator.py
[2025-03-27T14:53:12.190-0500] {logging_mixin.py:190} INFO - [2025-03-27T14:53:12.190-0500] {dag.py:3239} INFO - Sync 1 DAGs
[2025-03-27T14:53:12.195-0500] {logging_mixin.py:190} INFO - [2025-03-27T14:53:12.195-0500] {dag.py:4180} INFO - Setting next_dagrun for example_short_circuit_decorator to None, run_after=None
[2025-03-27T14:53:12.300-0500] {processor.py:208} INFO - Processing /home/udhbhav/miniconda3/lib/python3.11/site-packages/airflow/example_dags/example_short_circuit_decorator.py took 0.128 seconds
[2025-03-27T14:54:19.869-0500] {processor.py:186} INFO - Started process (PID=1785095) to work on /home/udhbhav/miniconda3/lib/python3.11/site-packages/airflow/example_dags/example_short_circuit_decorator.py
[2025-03-27T14:54:19.869-0500] {processor.py:914} INFO - Processing file /home/udhbhav/miniconda3/lib/python3.11/site-packages/airflow/example_dags/example_short_circuit_decorator.py for tasks to queue
[2025-03-27T14:54:19.870-0500] {logging_mixin.py:190} INFO - [2025-03-27T14:54:19.870-0500] {dagbag.py:588} INFO - Filling up the DagBag from /home/udhbhav/miniconda3/lib/python3.11/site-packages/airflow/example_dags/example_short_circuit_decorator.py
[2025-03-27T14:54:19.876-0500] {processor.py:925} INFO - DAG(s) 'example_short_circuit_decorator' retrieved from /home/udhbhav/miniconda3/lib/python3.11/site-packages/airflow/example_dags/example_short_circuit_decorator.py
[2025-03-27T14:54:19.884-0500] {logging_mixin.py:190} INFO - [2025-03-27T14:54:19.884-0500] {dag.py:3239} INFO - Sync 1 DAGs
[2025-03-27T14:54:19.889-0500] {logging_mixin.py:190} INFO - [2025-03-27T14:54:19.889-0500] {dag.py:4180} INFO - Setting next_dagrun for example_short_circuit_decorator to None, run_after=None
[2025-03-27T14:54:20.830-0500] {processor.py:208} INFO - Processing /home/udhbhav/miniconda3/lib/python3.11/site-packages/airflow/example_dags/example_short_circuit_decorator.py took 0.964 seconds
[2025-03-27T14:55:21.696-0500] {processor.py:186} INFO - Started process (PID=1785714) to work on /home/udhbhav/miniconda3/lib/python3.11/site-packages/airflow/example_dags/example_short_circuit_decorator.py
[2025-03-27T14:55:21.697-0500] {processor.py:914} INFO - Processing file /home/udhbhav/miniconda3/lib/python3.11/site-packages/airflow/example_dags/example_short_circuit_decorator.py for tasks to queue
[2025-03-27T14:55:21.697-0500] {logging_mixin.py:190} INFO - [2025-03-27T14:55:21.697-0500] {dagbag.py:588} INFO - Filling up the DagBag from /home/udhbhav/miniconda3/lib/python3.11/site-packages/airflow/example_dags/example_short_circuit_decorator.py
[2025-03-27T14:55:21.703-0500] {processor.py:925} INFO - DAG(s) 'example_short_circuit_decorator' retrieved from /home/udhbhav/miniconda3/lib/python3.11/site-packages/airflow/example_dags/example_short_circuit_decorator.py
[2025-03-27T14:55:21.712-0500] {logging_mixin.py:190} INFO - [2025-03-27T14:55:21.711-0500] {dag.py:3239} INFO - Sync 1 DAGs
[2025-03-27T14:55:21.717-0500] {logging_mixin.py:190} INFO - [2025-03-27T14:55:21.717-0500] {dag.py:4180} INFO - Setting next_dagrun for example_short_circuit_decorator to None, run_after=None
[2025-03-27T14:55:21.886-0500] {processor.py:208} INFO - Processing /home/udhbhav/miniconda3/lib/python3.11/site-packages/airflow/example_dags/example_short_circuit_decorator.py took 0.193 seconds
[2025-03-27T14:56:39.910-0500] {processor.py:186} INFO - Started process (PID=1786578) to work on /home/udhbhav/miniconda3/lib/python3.11/site-packages/airflow/example_dags/example_short_circuit_decorator.py
[2025-03-27T14:56:39.910-0500] {processor.py:914} INFO - Processing file /home/udhbhav/miniconda3/lib/python3.11/site-packages/airflow/example_dags/example_short_circuit_decorator.py for tasks to queue
[2025-03-27T14:56:39.911-0500] {logging_mixin.py:190} INFO - [2025-03-27T14:56:39.911-0500] {dagbag.py:588} INFO - Filling up the DagBag from /home/udhbhav/miniconda3/lib/python3.11/site-packages/airflow/example_dags/example_short_circuit_decorator.py
[2025-03-27T14:56:39.916-0500] {processor.py:925} INFO - DAG(s) 'example_short_circuit_decorator' retrieved from /home/udhbhav/miniconda3/lib/python3.11/site-packages/airflow/example_dags/example_short_circuit_decorator.py
[2025-03-27T14:56:39.925-0500] {logging_mixin.py:190} INFO - [2025-03-27T14:56:39.925-0500] {dag.py:3239} INFO - Sync 1 DAGs
[2025-03-27T14:56:39.930-0500] {logging_mixin.py:190} INFO - [2025-03-27T14:56:39.930-0500] {dag.py:4180} INFO - Setting next_dagrun for example_short_circuit_decorator to None, run_after=None
[2025-03-27T14:56:40.093-0500] {processor.py:208} INFO - Processing /home/udhbhav/miniconda3/lib/python3.11/site-packages/airflow/example_dags/example_short_circuit_decorator.py took 0.186 seconds
[2025-03-27T14:57:58.021-0500] {processor.py:186} INFO - Started process (PID=1787414) to work on /home/udhbhav/miniconda3/lib/python3.11/site-packages/airflow/example_dags/example_short_circuit_decorator.py
[2025-03-27T14:57:58.021-0500] {processor.py:914} INFO - Processing file /home/udhbhav/miniconda3/lib/python3.11/site-packages/airflow/example_dags/example_short_circuit_decorator.py for tasks to queue
[2025-03-27T14:57:58.023-0500] {logging_mixin.py:190} INFO - [2025-03-27T14:57:58.023-0500] {dagbag.py:588} INFO - Filling up the DagBag from /home/udhbhav/miniconda3/lib/python3.11/site-packages/airflow/example_dags/example_short_circuit_decorator.py
[2025-03-27T14:57:58.028-0500] {processor.py:925} INFO - DAG(s) 'example_short_circuit_decorator' retrieved from /home/udhbhav/miniconda3/lib/python3.11/site-packages/airflow/example_dags/example_short_circuit_decorator.py
[2025-03-27T14:57:58.037-0500] {logging_mixin.py:190} INFO - [2025-03-27T14:57:58.037-0500] {dag.py:3239} INFO - Sync 1 DAGs
[2025-03-27T14:57:58.042-0500] {logging_mixin.py:190} INFO - [2025-03-27T14:57:58.042-0500] {dag.py:4180} INFO - Setting next_dagrun for example_short_circuit_decorator to None, run_after=None
[2025-03-27T14:57:58.203-0500] {processor.py:208} INFO - Processing /home/udhbhav/miniconda3/lib/python3.11/site-packages/airflow/example_dags/example_short_circuit_decorator.py took 0.185 seconds
[2025-03-27T14:59:19.733-0500] {processor.py:186} INFO - Started process (PID=1788214) to work on /home/udhbhav/miniconda3/lib/python3.11/site-packages/airflow/example_dags/example_short_circuit_decorator.py
[2025-03-27T14:59:19.733-0500] {processor.py:914} INFO - Processing file /home/udhbhav/miniconda3/lib/python3.11/site-packages/airflow/example_dags/example_short_circuit_decorator.py for tasks to queue
[2025-03-27T14:59:19.734-0500] {logging_mixin.py:190} INFO - [2025-03-27T14:59:19.734-0500] {dagbag.py:588} INFO - Filling up the DagBag from /home/udhbhav/miniconda3/lib/python3.11/site-packages/airflow/example_dags/example_short_circuit_decorator.py
[2025-03-27T14:59:19.740-0500] {processor.py:925} INFO - DAG(s) 'example_short_circuit_decorator' retrieved from /home/udhbhav/miniconda3/lib/python3.11/site-packages/airflow/example_dags/example_short_circuit_decorator.py
[2025-03-27T14:59:19.748-0500] {logging_mixin.py:190} INFO - [2025-03-27T14:59:19.748-0500] {dag.py:3239} INFO - Sync 1 DAGs
[2025-03-27T14:59:19.753-0500] {logging_mixin.py:190} INFO - [2025-03-27T14:59:19.753-0500] {dag.py:4180} INFO - Setting next_dagrun for example_short_circuit_decorator to None, run_after=None
[2025-03-27T14:59:19.957-0500] {processor.py:208} INFO - Processing /home/udhbhav/miniconda3/lib/python3.11/site-packages/airflow/example_dags/example_short_circuit_decorator.py took 0.227 seconds
[2025-03-27T15:00:44.757-0500] {processor.py:186} INFO - Started process (PID=1789285) to work on /home/udhbhav/miniconda3/lib/python3.11/site-packages/airflow/example_dags/example_short_circuit_decorator.py
[2025-03-27T15:00:44.758-0500] {processor.py:914} INFO - Processing file /home/udhbhav/miniconda3/lib/python3.11/site-packages/airflow/example_dags/example_short_circuit_decorator.py for tasks to queue
[2025-03-27T15:00:44.759-0500] {logging_mixin.py:190} INFO - [2025-03-27T15:00:44.758-0500] {dagbag.py:588} INFO - Filling up the DagBag from /home/udhbhav/miniconda3/lib/python3.11/site-packages/airflow/example_dags/example_short_circuit_decorator.py
[2025-03-27T15:00:44.765-0500] {processor.py:925} INFO - DAG(s) 'example_short_circuit_decorator' retrieved from /home/udhbhav/miniconda3/lib/python3.11/site-packages/airflow/example_dags/example_short_circuit_decorator.py
[2025-03-27T15:00:44.773-0500] {logging_mixin.py:190} INFO - [2025-03-27T15:00:44.773-0500] {dag.py:3239} INFO - Sync 1 DAGs
[2025-03-27T15:00:44.778-0500] {logging_mixin.py:190} INFO - [2025-03-27T15:00:44.778-0500] {dag.py:4180} INFO - Setting next_dagrun for example_short_circuit_decorator to None, run_after=None
[2025-03-27T15:00:44.886-0500] {processor.py:208} INFO - Processing /home/udhbhav/miniconda3/lib/python3.11/site-packages/airflow/example_dags/example_short_circuit_decorator.py took 0.132 seconds
[2025-03-27T15:01:47.570-0500] {processor.py:186} INFO - Started process (PID=1789989) to work on /home/udhbhav/miniconda3/lib/python3.11/site-packages/airflow/example_dags/example_short_circuit_decorator.py
[2025-03-27T15:01:47.570-0500] {processor.py:914} INFO - Processing file /home/udhbhav/miniconda3/lib/python3.11/site-packages/airflow/example_dags/example_short_circuit_decorator.py for tasks to queue
[2025-03-27T15:01:47.571-0500] {logging_mixin.py:190} INFO - [2025-03-27T15:01:47.571-0500] {dagbag.py:588} INFO - Filling up the DagBag from /home/udhbhav/miniconda3/lib/python3.11/site-packages/airflow/example_dags/example_short_circuit_decorator.py
[2025-03-27T15:01:47.578-0500] {processor.py:925} INFO - DAG(s) 'example_short_circuit_decorator' retrieved from /home/udhbhav/miniconda3/lib/python3.11/site-packages/airflow/example_dags/example_short_circuit_decorator.py
[2025-03-27T15:01:47.587-0500] {logging_mixin.py:190} INFO - [2025-03-27T15:01:47.586-0500] {dag.py:3239} INFO - Sync 1 DAGs
[2025-03-27T15:01:47.592-0500] {logging_mixin.py:190} INFO - [2025-03-27T15:01:47.592-0500] {dag.py:4180} INFO - Setting next_dagrun for example_short_circuit_decorator to None, run_after=None
[2025-03-27T15:01:47.697-0500] {processor.py:208} INFO - Processing /home/udhbhav/miniconda3/lib/python3.11/site-packages/airflow/example_dags/example_short_circuit_decorator.py took 0.131 seconds
[2025-03-27T15:02:58.941-0500] {processor.py:186} INFO - Started process (PID=1790734) to work on /home/udhbhav/miniconda3/lib/python3.11/site-packages/airflow/example_dags/example_short_circuit_decorator.py
[2025-03-27T15:02:58.941-0500] {processor.py:914} INFO - Processing file /home/udhbhav/miniconda3/lib/python3.11/site-packages/airflow/example_dags/example_short_circuit_decorator.py for tasks to queue
[2025-03-27T15:02:58.942-0500] {logging_mixin.py:190} INFO - [2025-03-27T15:02:58.942-0500] {dagbag.py:588} INFO - Filling up the DagBag from /home/udhbhav/miniconda3/lib/python3.11/site-packages/airflow/example_dags/example_short_circuit_decorator.py
[2025-03-27T15:02:58.947-0500] {processor.py:925} INFO - DAG(s) 'example_short_circuit_decorator' retrieved from /home/udhbhav/miniconda3/lib/python3.11/site-packages/airflow/example_dags/example_short_circuit_decorator.py
[2025-03-27T15:02:58.956-0500] {logging_mixin.py:190} INFO - [2025-03-27T15:02:58.956-0500] {dag.py:3239} INFO - Sync 1 DAGs
[2025-03-27T15:02:58.961-0500] {logging_mixin.py:190} INFO - [2025-03-27T15:02:58.961-0500] {dag.py:4180} INFO - Setting next_dagrun for example_short_circuit_decorator to None, run_after=None
[2025-03-27T15:02:59.123-0500] {processor.py:208} INFO - Processing /home/udhbhav/miniconda3/lib/python3.11/site-packages/airflow/example_dags/example_short_circuit_decorator.py took 0.186 seconds
[2025-03-27T15:04:12.578-0500] {processor.py:186} INFO - Started process (PID=1791356) to work on /home/udhbhav/miniconda3/lib/python3.11/site-packages/airflow/example_dags/example_short_circuit_decorator.py
[2025-03-27T15:04:12.578-0500] {processor.py:914} INFO - Processing file /home/udhbhav/miniconda3/lib/python3.11/site-packages/airflow/example_dags/example_short_circuit_decorator.py for tasks to queue
[2025-03-27T15:04:12.579-0500] {logging_mixin.py:190} INFO - [2025-03-27T15:04:12.579-0500] {dagbag.py:588} INFO - Filling up the DagBag from /home/udhbhav/miniconda3/lib/python3.11/site-packages/airflow/example_dags/example_short_circuit_decorator.py
[2025-03-27T15:04:12.586-0500] {processor.py:925} INFO - DAG(s) 'example_short_circuit_decorator' retrieved from /home/udhbhav/miniconda3/lib/python3.11/site-packages/airflow/example_dags/example_short_circuit_decorator.py
[2025-03-27T15:04:12.595-0500] {logging_mixin.py:190} INFO - [2025-03-27T15:04:12.595-0500] {dag.py:3239} INFO - Sync 1 DAGs
[2025-03-27T15:04:12.600-0500] {logging_mixin.py:190} INFO - [2025-03-27T15:04:12.600-0500] {dag.py:4180} INFO - Setting next_dagrun for example_short_circuit_decorator to None, run_after=None
[2025-03-27T15:04:12.780-0500] {processor.py:208} INFO - Processing /home/udhbhav/miniconda3/lib/python3.11/site-packages/airflow/example_dags/example_short_circuit_decorator.py took 0.205 seconds
[2025-03-27T15:05:30.699-0500] {processor.py:186} INFO - Started process (PID=1792134) to work on /home/udhbhav/miniconda3/lib/python3.11/site-packages/airflow/example_dags/example_short_circuit_decorator.py
[2025-03-27T15:05:30.699-0500] {processor.py:914} INFO - Processing file /home/udhbhav/miniconda3/lib/python3.11/site-packages/airflow/example_dags/example_short_circuit_decorator.py for tasks to queue
[2025-03-27T15:05:30.700-0500] {logging_mixin.py:190} INFO - [2025-03-27T15:05:30.700-0500] {dagbag.py:588} INFO - Filling up the DagBag from /home/udhbhav/miniconda3/lib/python3.11/site-packages/airflow/example_dags/example_short_circuit_decorator.py
[2025-03-27T15:05:30.706-0500] {processor.py:925} INFO - DAG(s) 'example_short_circuit_decorator' retrieved from /home/udhbhav/miniconda3/lib/python3.11/site-packages/airflow/example_dags/example_short_circuit_decorator.py
[2025-03-27T15:05:30.715-0500] {logging_mixin.py:190} INFO - [2025-03-27T15:05:30.714-0500] {dag.py:3239} INFO - Sync 1 DAGs
[2025-03-27T15:05:30.720-0500] {logging_mixin.py:190} INFO - [2025-03-27T15:05:30.720-0500] {dag.py:4180} INFO - Setting next_dagrun for example_short_circuit_decorator to None, run_after=None
[2025-03-27T15:05:30.888-0500] {processor.py:208} INFO - Processing /home/udhbhav/miniconda3/lib/python3.11/site-packages/airflow/example_dags/example_short_circuit_decorator.py took 0.192 seconds
[2025-03-27T15:07:04.597-0500] {processor.py:186} INFO - Started process (PID=1793060) to work on /home/udhbhav/miniconda3/lib/python3.11/site-packages/airflow/example_dags/example_short_circuit_decorator.py
[2025-03-27T15:07:04.598-0500] {processor.py:914} INFO - Processing file /home/udhbhav/miniconda3/lib/python3.11/site-packages/airflow/example_dags/example_short_circuit_decorator.py for tasks to queue
[2025-03-27T15:07:04.599-0500] {logging_mixin.py:190} INFO - [2025-03-27T15:07:04.599-0500] {dagbag.py:588} INFO - Filling up the DagBag from /home/udhbhav/miniconda3/lib/python3.11/site-packages/airflow/example_dags/example_short_circuit_decorator.py
[2025-03-27T15:07:04.604-0500] {processor.py:925} INFO - DAG(s) 'example_short_circuit_decorator' retrieved from /home/udhbhav/miniconda3/lib/python3.11/site-packages/airflow/example_dags/example_short_circuit_decorator.py
[2025-03-27T15:07:04.613-0500] {logging_mixin.py:190} INFO - [2025-03-27T15:07:04.613-0500] {dag.py:3239} INFO - Sync 1 DAGs
[2025-03-27T15:07:04.618-0500] {logging_mixin.py:190} INFO - [2025-03-27T15:07:04.618-0500] {dag.py:4180} INFO - Setting next_dagrun for example_short_circuit_decorator to None, run_after=None
[2025-03-27T15:07:04.776-0500] {processor.py:208} INFO - Processing /home/udhbhav/miniconda3/lib/python3.11/site-packages/airflow/example_dags/example_short_circuit_decorator.py took 0.182 seconds
[2025-03-27T15:08:11.464-0500] {processor.py:186} INFO - Started process (PID=1793766) to work on /home/udhbhav/miniconda3/lib/python3.11/site-packages/airflow/example_dags/example_short_circuit_decorator.py
[2025-03-27T15:08:11.465-0500] {processor.py:914} INFO - Processing file /home/udhbhav/miniconda3/lib/python3.11/site-packages/airflow/example_dags/example_short_circuit_decorator.py for tasks to queue
[2025-03-27T15:08:11.466-0500] {logging_mixin.py:190} INFO - [2025-03-27T15:08:11.466-0500] {dagbag.py:588} INFO - Filling up the DagBag from /home/udhbhav/miniconda3/lib/python3.11/site-packages/airflow/example_dags/example_short_circuit_decorator.py
[2025-03-27T15:08:11.471-0500] {processor.py:925} INFO - DAG(s) 'example_short_circuit_decorator' retrieved from /home/udhbhav/miniconda3/lib/python3.11/site-packages/airflow/example_dags/example_short_circuit_decorator.py
[2025-03-27T15:08:11.480-0500] {logging_mixin.py:190} INFO - [2025-03-27T15:08:11.480-0500] {dag.py:3239} INFO - Sync 1 DAGs
[2025-03-27T15:08:11.485-0500] {logging_mixin.py:190} INFO - [2025-03-27T15:08:11.485-0500] {dag.py:4180} INFO - Setting next_dagrun for example_short_circuit_decorator to None, run_after=None
[2025-03-27T15:08:11.593-0500] {processor.py:208} INFO - Processing /home/udhbhav/miniconda3/lib/python3.11/site-packages/airflow/example_dags/example_short_circuit_decorator.py took 0.131 seconds
[2025-03-27T15:09:14.096-0500] {processor.py:186} INFO - Started process (PID=1794380) to work on /home/udhbhav/miniconda3/lib/python3.11/site-packages/airflow/example_dags/example_short_circuit_decorator.py
[2025-03-27T15:09:14.096-0500] {processor.py:914} INFO - Processing file /home/udhbhav/miniconda3/lib/python3.11/site-packages/airflow/example_dags/example_short_circuit_decorator.py for tasks to queue
[2025-03-27T15:09:14.097-0500] {logging_mixin.py:190} INFO - [2025-03-27T15:09:14.097-0500] {dagbag.py:588} INFO - Filling up the DagBag from /home/udhbhav/miniconda3/lib/python3.11/site-packages/airflow/example_dags/example_short_circuit_decorator.py
[2025-03-27T15:09:14.103-0500] {processor.py:925} INFO - DAG(s) 'example_short_circuit_decorator' retrieved from /home/udhbhav/miniconda3/lib/python3.11/site-packages/airflow/example_dags/example_short_circuit_decorator.py
[2025-03-27T15:09:14.111-0500] {logging_mixin.py:190} INFO - [2025-03-27T15:09:14.111-0500] {dag.py:3239} INFO - Sync 1 DAGs
[2025-03-27T15:09:14.117-0500] {logging_mixin.py:190} INFO - [2025-03-27T15:09:14.117-0500] {dag.py:4180} INFO - Setting next_dagrun for example_short_circuit_decorator to None, run_after=None
[2025-03-27T15:09:14.223-0500] {processor.py:208} INFO - Processing /home/udhbhav/miniconda3/lib/python3.11/site-packages/airflow/example_dags/example_short_circuit_decorator.py took 0.130 seconds
[2025-03-27T15:10:31.224-0500] {processor.py:186} INFO - Started process (PID=1795100) to work on /home/udhbhav/miniconda3/lib/python3.11/site-packages/airflow/example_dags/example_short_circuit_decorator.py
[2025-03-27T15:10:31.224-0500] {processor.py:914} INFO - Processing file /home/udhbhav/miniconda3/lib/python3.11/site-packages/airflow/example_dags/example_short_circuit_decorator.py for tasks to queue
[2025-03-27T15:10:31.225-0500] {logging_mixin.py:190} INFO - [2025-03-27T15:10:31.225-0500] {dagbag.py:588} INFO - Filling up the DagBag from /home/udhbhav/miniconda3/lib/python3.11/site-packages/airflow/example_dags/example_short_circuit_decorator.py
[2025-03-27T15:10:31.230-0500] {processor.py:925} INFO - DAG(s) 'example_short_circuit_decorator' retrieved from /home/udhbhav/miniconda3/lib/python3.11/site-packages/airflow/example_dags/example_short_circuit_decorator.py
[2025-03-27T15:10:31.239-0500] {logging_mixin.py:190} INFO - [2025-03-27T15:10:31.239-0500] {dag.py:3239} INFO - Sync 1 DAGs
[2025-03-27T15:10:31.244-0500] {logging_mixin.py:190} INFO - [2025-03-27T15:10:31.244-0500] {dag.py:4180} INFO - Setting next_dagrun for example_short_circuit_decorator to None, run_after=None
[2025-03-27T15:10:31.352-0500] {processor.py:208} INFO - Processing /home/udhbhav/miniconda3/lib/python3.11/site-packages/airflow/example_dags/example_short_circuit_decorator.py took 0.132 seconds
[2025-03-27T15:11:36.487-0500] {processor.py:186} INFO - Started process (PID=1796826) to work on /home/udhbhav/miniconda3/lib/python3.11/site-packages/airflow/example_dags/example_short_circuit_decorator.py
[2025-03-27T15:11:36.487-0500] {processor.py:914} INFO - Processing file /home/udhbhav/miniconda3/lib/python3.11/site-packages/airflow/example_dags/example_short_circuit_decorator.py for tasks to queue
[2025-03-27T15:11:36.488-0500] {logging_mixin.py:190} INFO - [2025-03-27T15:11:36.488-0500] {dagbag.py:588} INFO - Filling up the DagBag from /home/udhbhav/miniconda3/lib/python3.11/site-packages/airflow/example_dags/example_short_circuit_decorator.py
[2025-03-27T15:11:36.494-0500] {processor.py:925} INFO - DAG(s) 'example_short_circuit_decorator' retrieved from /home/udhbhav/miniconda3/lib/python3.11/site-packages/airflow/example_dags/example_short_circuit_decorator.py
[2025-03-27T15:11:36.503-0500] {logging_mixin.py:190} INFO - [2025-03-27T15:11:36.503-0500] {dag.py:3239} INFO - Sync 1 DAGs
[2025-03-27T15:11:36.508-0500] {logging_mixin.py:190} INFO - [2025-03-27T15:11:36.508-0500] {dag.py:4180} INFO - Setting next_dagrun for example_short_circuit_decorator to None, run_after=None
[2025-03-27T15:11:36.612-0500] {processor.py:208} INFO - Processing /home/udhbhav/miniconda3/lib/python3.11/site-packages/airflow/example_dags/example_short_circuit_decorator.py took 0.128 seconds
[2025-03-27T15:12:48.876-0500] {processor.py:186} INFO - Started process (PID=1798152) to work on /home/udhbhav/miniconda3/lib/python3.11/site-packages/airflow/example_dags/example_short_circuit_decorator.py
[2025-03-27T15:12:48.877-0500] {processor.py:914} INFO - Processing file /home/udhbhav/miniconda3/lib/python3.11/site-packages/airflow/example_dags/example_short_circuit_decorator.py for tasks to queue
[2025-03-27T15:12:48.878-0500] {logging_mixin.py:190} INFO - [2025-03-27T15:12:48.877-0500] {dagbag.py:588} INFO - Filling up the DagBag from /home/udhbhav/miniconda3/lib/python3.11/site-packages/airflow/example_dags/example_short_circuit_decorator.py
[2025-03-27T15:12:48.883-0500] {processor.py:925} INFO - DAG(s) 'example_short_circuit_decorator' retrieved from /home/udhbhav/miniconda3/lib/python3.11/site-packages/airflow/example_dags/example_short_circuit_decorator.py
[2025-03-27T15:12:48.892-0500] {logging_mixin.py:190} INFO - [2025-03-27T15:12:48.892-0500] {dag.py:3239} INFO - Sync 1 DAGs
[2025-03-27T15:12:48.897-0500] {logging_mixin.py:190} INFO - [2025-03-27T15:12:48.897-0500] {dag.py:4180} INFO - Setting next_dagrun for example_short_circuit_decorator to None, run_after=None
[2025-03-27T15:12:49.084-0500] {processor.py:208} INFO - Processing /home/udhbhav/miniconda3/lib/python3.11/site-packages/airflow/example_dags/example_short_circuit_decorator.py took 0.211 seconds
[2025-03-27T15:14:06.549-0500] {processor.py:186} INFO - Started process (PID=1798874) to work on /home/udhbhav/miniconda3/lib/python3.11/site-packages/airflow/example_dags/example_short_circuit_decorator.py
[2025-03-27T15:14:06.549-0500] {processor.py:914} INFO - Processing file /home/udhbhav/miniconda3/lib/python3.11/site-packages/airflow/example_dags/example_short_circuit_decorator.py for tasks to queue
[2025-03-27T15:14:06.551-0500] {logging_mixin.py:190} INFO - [2025-03-27T15:14:06.551-0500] {dagbag.py:588} INFO - Filling up the DagBag from /home/udhbhav/miniconda3/lib/python3.11/site-packages/airflow/example_dags/example_short_circuit_decorator.py
[2025-03-27T15:14:06.556-0500] {processor.py:925} INFO - DAG(s) 'example_short_circuit_decorator' retrieved from /home/udhbhav/miniconda3/lib/python3.11/site-packages/airflow/example_dags/example_short_circuit_decorator.py
[2025-03-27T15:14:06.565-0500] {logging_mixin.py:190} INFO - [2025-03-27T15:14:06.565-0500] {dag.py:3239} INFO - Sync 1 DAGs
[2025-03-27T15:14:06.570-0500] {logging_mixin.py:190} INFO - [2025-03-27T15:14:06.570-0500] {dag.py:4180} INFO - Setting next_dagrun for example_short_circuit_decorator to None, run_after=None
[2025-03-27T15:14:06.715-0500] {processor.py:208} INFO - Processing /home/udhbhav/miniconda3/lib/python3.11/site-packages/airflow/example_dags/example_short_circuit_decorator.py took 0.169 seconds
[2025-03-27T15:15:23.040-0500] {processor.py:186} INFO - Started process (PID=1799611) to work on /home/udhbhav/miniconda3/lib/python3.11/site-packages/airflow/example_dags/example_short_circuit_decorator.py
[2025-03-27T15:15:23.040-0500] {processor.py:914} INFO - Processing file /home/udhbhav/miniconda3/lib/python3.11/site-packages/airflow/example_dags/example_short_circuit_decorator.py for tasks to queue
[2025-03-27T15:15:23.041-0500] {logging_mixin.py:190} INFO - [2025-03-27T15:15:23.041-0500] {dagbag.py:588} INFO - Filling up the DagBag from /home/udhbhav/miniconda3/lib/python3.11/site-packages/airflow/example_dags/example_short_circuit_decorator.py
[2025-03-27T15:15:23.047-0500] {processor.py:925} INFO - DAG(s) 'example_short_circuit_decorator' retrieved from /home/udhbhav/miniconda3/lib/python3.11/site-packages/airflow/example_dags/example_short_circuit_decorator.py
[2025-03-27T15:15:23.056-0500] {logging_mixin.py:190} INFO - [2025-03-27T15:15:23.056-0500] {dag.py:3239} INFO - Sync 1 DAGs
[2025-03-27T15:15:23.061-0500] {logging_mixin.py:190} INFO - [2025-03-27T15:15:23.061-0500] {dag.py:4180} INFO - Setting next_dagrun for example_short_circuit_decorator to None, run_after=None
[2025-03-27T15:15:23.226-0500] {processor.py:208} INFO - Processing /home/udhbhav/miniconda3/lib/python3.11/site-packages/airflow/example_dags/example_short_circuit_decorator.py took 0.189 seconds
[2025-03-27T15:16:47.238-0500] {processor.py:186} INFO - Started process (PID=1800513) to work on /home/udhbhav/miniconda3/lib/python3.11/site-packages/airflow/example_dags/example_short_circuit_decorator.py
[2025-03-27T15:16:47.239-0500] {processor.py:914} INFO - Processing file /home/udhbhav/miniconda3/lib/python3.11/site-packages/airflow/example_dags/example_short_circuit_decorator.py for tasks to queue
[2025-03-27T15:16:47.240-0500] {logging_mixin.py:190} INFO - [2025-03-27T15:16:47.240-0500] {dagbag.py:588} INFO - Filling up the DagBag from /home/udhbhav/miniconda3/lib/python3.11/site-packages/airflow/example_dags/example_short_circuit_decorator.py
[2025-03-27T15:16:47.245-0500] {processor.py:925} INFO - DAG(s) 'example_short_circuit_decorator' retrieved from /home/udhbhav/miniconda3/lib/python3.11/site-packages/airflow/example_dags/example_short_circuit_decorator.py
[2025-03-27T15:16:47.254-0500] {logging_mixin.py:190} INFO - [2025-03-27T15:16:47.254-0500] {dag.py:3239} INFO - Sync 1 DAGs
[2025-03-27T15:16:47.259-0500] {logging_mixin.py:190} INFO - [2025-03-27T15:16:47.259-0500] {dag.py:4180} INFO - Setting next_dagrun for example_short_circuit_decorator to None, run_after=None
[2025-03-27T15:16:47.369-0500] {processor.py:208} INFO - Processing /home/udhbhav/miniconda3/lib/python3.11/site-packages/airflow/example_dags/example_short_circuit_decorator.py took 0.134 seconds
[2025-03-27T15:17:56.061-0500] {processor.py:186} INFO - Started process (PID=1801186) to work on /home/udhbhav/miniconda3/lib/python3.11/site-packages/airflow/example_dags/example_short_circuit_decorator.py
[2025-03-27T15:17:56.062-0500] {processor.py:914} INFO - Processing file /home/udhbhav/miniconda3/lib/python3.11/site-packages/airflow/example_dags/example_short_circuit_decorator.py for tasks to queue
[2025-03-27T15:17:56.063-0500] {logging_mixin.py:190} INFO - [2025-03-27T15:17:56.062-0500] {dagbag.py:588} INFO - Filling up the DagBag from /home/udhbhav/miniconda3/lib/python3.11/site-packages/airflow/example_dags/example_short_circuit_decorator.py
[2025-03-27T15:17:56.068-0500] {processor.py:925} INFO - DAG(s) 'example_short_circuit_decorator' retrieved from /home/udhbhav/miniconda3/lib/python3.11/site-packages/airflow/example_dags/example_short_circuit_decorator.py
[2025-03-27T15:17:56.076-0500] {logging_mixin.py:190} INFO - [2025-03-27T15:17:56.076-0500] {dag.py:3239} INFO - Sync 1 DAGs
[2025-03-27T15:17:56.082-0500] {logging_mixin.py:190} INFO - [2025-03-27T15:17:56.082-0500] {dag.py:4180} INFO - Setting next_dagrun for example_short_circuit_decorator to None, run_after=None
[2025-03-27T15:17:56.190-0500] {processor.py:208} INFO - Processing /home/udhbhav/miniconda3/lib/python3.11/site-packages/airflow/example_dags/example_short_circuit_decorator.py took 0.131 seconds
[2025-03-27T15:19:01.628-0500] {processor.py:186} INFO - Started process (PID=1801786) to work on /home/udhbhav/miniconda3/lib/python3.11/site-packages/airflow/example_dags/example_short_circuit_decorator.py
[2025-03-27T15:19:01.628-0500] {processor.py:914} INFO - Processing file /home/udhbhav/miniconda3/lib/python3.11/site-packages/airflow/example_dags/example_short_circuit_decorator.py for tasks to queue
[2025-03-27T15:19:01.629-0500] {logging_mixin.py:190} INFO - [2025-03-27T15:19:01.629-0500] {dagbag.py:588} INFO - Filling up the DagBag from /home/udhbhav/miniconda3/lib/python3.11/site-packages/airflow/example_dags/example_short_circuit_decorator.py
[2025-03-27T15:19:01.635-0500] {processor.py:925} INFO - DAG(s) 'example_short_circuit_decorator' retrieved from /home/udhbhav/miniconda3/lib/python3.11/site-packages/airflow/example_dags/example_short_circuit_decorator.py
[2025-03-27T15:19:01.643-0500] {logging_mixin.py:190} INFO - [2025-03-27T15:19:01.643-0500] {dag.py:3239} INFO - Sync 1 DAGs
[2025-03-27T15:19:01.648-0500] {logging_mixin.py:190} INFO - [2025-03-27T15:19:01.648-0500] {dag.py:4180} INFO - Setting next_dagrun for example_short_circuit_decorator to None, run_after=None
[2025-03-27T15:19:01.754-0500] {processor.py:208} INFO - Processing /home/udhbhav/miniconda3/lib/python3.11/site-packages/airflow/example_dags/example_short_circuit_decorator.py took 0.129 seconds
[2025-03-27T15:20:14.146-0500] {processor.py:186} INFO - Started process (PID=1802486) to work on /home/udhbhav/miniconda3/lib/python3.11/site-packages/airflow/example_dags/example_short_circuit_decorator.py
[2025-03-27T15:20:14.146-0500] {processor.py:914} INFO - Processing file /home/udhbhav/miniconda3/lib/python3.11/site-packages/airflow/example_dags/example_short_circuit_decorator.py for tasks to queue
[2025-03-27T15:20:14.147-0500] {logging_mixin.py:190} INFO - [2025-03-27T15:20:14.147-0500] {dagbag.py:588} INFO - Filling up the DagBag from /home/udhbhav/miniconda3/lib/python3.11/site-packages/airflow/example_dags/example_short_circuit_decorator.py
[2025-03-27T15:20:14.153-0500] {processor.py:925} INFO - DAG(s) 'example_short_circuit_decorator' retrieved from /home/udhbhav/miniconda3/lib/python3.11/site-packages/airflow/example_dags/example_short_circuit_decorator.py
[2025-03-27T15:20:14.162-0500] {logging_mixin.py:190} INFO - [2025-03-27T15:20:14.161-0500] {dag.py:3239} INFO - Sync 1 DAGs
[2025-03-27T15:20:14.167-0500] {logging_mixin.py:190} INFO - [2025-03-27T15:20:14.167-0500] {dag.py:4180} INFO - Setting next_dagrun for example_short_circuit_decorator to None, run_after=None
[2025-03-27T15:20:14.275-0500] {processor.py:208} INFO - Processing /home/udhbhav/miniconda3/lib/python3.11/site-packages/airflow/example_dags/example_short_circuit_decorator.py took 0.132 seconds
[2025-03-27T15:21:20.190-0500] {processor.py:186} INFO - Started process (PID=1807963) to work on /home/udhbhav/miniconda3/lib/python3.11/site-packages/airflow/example_dags/example_short_circuit_decorator.py
[2025-03-27T15:21:20.191-0500] {processor.py:914} INFO - Processing file /home/udhbhav/miniconda3/lib/python3.11/site-packages/airflow/example_dags/example_short_circuit_decorator.py for tasks to queue
[2025-03-27T15:21:20.191-0500] {logging_mixin.py:190} INFO - [2025-03-27T15:21:20.191-0500] {dagbag.py:588} INFO - Filling up the DagBag from /home/udhbhav/miniconda3/lib/python3.11/site-packages/airflow/example_dags/example_short_circuit_decorator.py
[2025-03-27T15:21:20.197-0500] {processor.py:925} INFO - DAG(s) 'example_short_circuit_decorator' retrieved from /home/udhbhav/miniconda3/lib/python3.11/site-packages/airflow/example_dags/example_short_circuit_decorator.py
[2025-03-27T15:21:20.205-0500] {logging_mixin.py:190} INFO - [2025-03-27T15:21:20.205-0500] {dag.py:3239} INFO - Sync 1 DAGs
[2025-03-27T15:21:20.211-0500] {logging_mixin.py:190} INFO - [2025-03-27T15:21:20.211-0500] {dag.py:4180} INFO - Setting next_dagrun for example_short_circuit_decorator to None, run_after=None
[2025-03-27T15:21:20.360-0500] {processor.py:208} INFO - Processing /home/udhbhav/miniconda3/lib/python3.11/site-packages/airflow/example_dags/example_short_circuit_decorator.py took 0.172 seconds
[2025-03-27T15:22:34.035-0500] {processor.py:186} INFO - Started process (PID=1808726) to work on /home/udhbhav/miniconda3/lib/python3.11/site-packages/airflow/example_dags/example_short_circuit_decorator.py
[2025-03-27T15:22:34.035-0500] {processor.py:914} INFO - Processing file /home/udhbhav/miniconda3/lib/python3.11/site-packages/airflow/example_dags/example_short_circuit_decorator.py for tasks to queue
[2025-03-27T15:22:34.037-0500] {logging_mixin.py:190} INFO - [2025-03-27T15:22:34.036-0500] {dagbag.py:588} INFO - Filling up the DagBag from /home/udhbhav/miniconda3/lib/python3.11/site-packages/airflow/example_dags/example_short_circuit_decorator.py
[2025-03-27T15:22:34.042-0500] {processor.py:925} INFO - DAG(s) 'example_short_circuit_decorator' retrieved from /home/udhbhav/miniconda3/lib/python3.11/site-packages/airflow/example_dags/example_short_circuit_decorator.py
[2025-03-27T15:22:34.051-0500] {logging_mixin.py:190} INFO - [2025-03-27T15:22:34.051-0500] {dag.py:3239} INFO - Sync 1 DAGs
[2025-03-27T15:22:34.056-0500] {logging_mixin.py:190} INFO - [2025-03-27T15:22:34.056-0500] {dag.py:4180} INFO - Setting next_dagrun for example_short_circuit_decorator to None, run_after=None
[2025-03-27T15:22:34.163-0500] {processor.py:208} INFO - Processing /home/udhbhav/miniconda3/lib/python3.11/site-packages/airflow/example_dags/example_short_circuit_decorator.py took 0.131 seconds
[2025-03-27T15:23:49.181-0500] {processor.py:186} INFO - Started process (PID=1809545) to work on /home/udhbhav/miniconda3/lib/python3.11/site-packages/airflow/example_dags/example_short_circuit_decorator.py
[2025-03-27T15:23:49.182-0500] {processor.py:914} INFO - Processing file /home/udhbhav/miniconda3/lib/python3.11/site-packages/airflow/example_dags/example_short_circuit_decorator.py for tasks to queue
[2025-03-27T15:23:49.182-0500] {logging_mixin.py:190} INFO - [2025-03-27T15:23:49.182-0500] {dagbag.py:588} INFO - Filling up the DagBag from /home/udhbhav/miniconda3/lib/python3.11/site-packages/airflow/example_dags/example_short_circuit_decorator.py
[2025-03-27T15:23:49.188-0500] {processor.py:925} INFO - DAG(s) 'example_short_circuit_decorator' retrieved from /home/udhbhav/miniconda3/lib/python3.11/site-packages/airflow/example_dags/example_short_circuit_decorator.py
[2025-03-27T15:23:49.196-0500] {logging_mixin.py:190} INFO - [2025-03-27T15:23:49.196-0500] {dag.py:3239} INFO - Sync 1 DAGs
[2025-03-27T15:23:49.202-0500] {logging_mixin.py:190} INFO - [2025-03-27T15:23:49.202-0500] {dag.py:4180} INFO - Setting next_dagrun for example_short_circuit_decorator to None, run_after=None
[2025-03-27T15:23:49.308-0500] {processor.py:208} INFO - Processing /home/udhbhav/miniconda3/lib/python3.11/site-packages/airflow/example_dags/example_short_circuit_decorator.py took 0.129 seconds
[2025-03-27T15:24:58.763-0500] {processor.py:186} INFO - Started process (PID=1810297) to work on /home/udhbhav/miniconda3/lib/python3.11/site-packages/airflow/example_dags/example_short_circuit_decorator.py
[2025-03-27T15:24:58.763-0500] {processor.py:914} INFO - Processing file /home/udhbhav/miniconda3/lib/python3.11/site-packages/airflow/example_dags/example_short_circuit_decorator.py for tasks to queue
[2025-03-27T15:24:58.764-0500] {logging_mixin.py:190} INFO - [2025-03-27T15:24:58.764-0500] {dagbag.py:588} INFO - Filling up the DagBag from /home/udhbhav/miniconda3/lib/python3.11/site-packages/airflow/example_dags/example_short_circuit_decorator.py
[2025-03-27T15:24:58.769-0500] {processor.py:925} INFO - DAG(s) 'example_short_circuit_decorator' retrieved from /home/udhbhav/miniconda3/lib/python3.11/site-packages/airflow/example_dags/example_short_circuit_decorator.py
[2025-03-27T15:24:58.778-0500] {logging_mixin.py:190} INFO - [2025-03-27T15:24:58.778-0500] {dag.py:3239} INFO - Sync 1 DAGs
[2025-03-27T15:24:58.783-0500] {logging_mixin.py:190} INFO - [2025-03-27T15:24:58.783-0500] {dag.py:4180} INFO - Setting next_dagrun for example_short_circuit_decorator to None, run_after=None
[2025-03-27T15:24:58.955-0500] {processor.py:208} INFO - Processing /home/udhbhav/miniconda3/lib/python3.11/site-packages/airflow/example_dags/example_short_circuit_decorator.py took 0.195 seconds
[2025-03-27T15:26:36.831-0500] {processor.py:186} INFO - Started process (PID=1811221) to work on /home/udhbhav/miniconda3/lib/python3.11/site-packages/airflow/example_dags/example_short_circuit_decorator.py
[2025-03-27T15:26:36.831-0500] {processor.py:914} INFO - Processing file /home/udhbhav/miniconda3/lib/python3.11/site-packages/airflow/example_dags/example_short_circuit_decorator.py for tasks to queue
[2025-03-27T15:26:36.832-0500] {logging_mixin.py:190} INFO - [2025-03-27T15:26:36.832-0500] {dagbag.py:588} INFO - Filling up the DagBag from /home/udhbhav/miniconda3/lib/python3.11/site-packages/airflow/example_dags/example_short_circuit_decorator.py
[2025-03-27T15:26:36.837-0500] {processor.py:925} INFO - DAG(s) 'example_short_circuit_decorator' retrieved from /home/udhbhav/miniconda3/lib/python3.11/site-packages/airflow/example_dags/example_short_circuit_decorator.py
[2025-03-27T15:26:36.846-0500] {logging_mixin.py:190} INFO - [2025-03-27T15:26:36.846-0500] {dag.py:3239} INFO - Sync 1 DAGs
[2025-03-27T15:26:36.851-0500] {logging_mixin.py:190} INFO - [2025-03-27T15:26:36.851-0500] {dag.py:4180} INFO - Setting next_dagrun for example_short_circuit_decorator to None, run_after=None
[2025-03-27T15:26:37.033-0500] {processor.py:208} INFO - Processing /home/udhbhav/miniconda3/lib/python3.11/site-packages/airflow/example_dags/example_short_circuit_decorator.py took 0.205 seconds
[2025-03-27T15:27:50.303-0500] {processor.py:186} INFO - Started process (PID=1811984) to work on /home/udhbhav/miniconda3/lib/python3.11/site-packages/airflow/example_dags/example_short_circuit_decorator.py
[2025-03-27T15:27:50.304-0500] {processor.py:914} INFO - Processing file /home/udhbhav/miniconda3/lib/python3.11/site-packages/airflow/example_dags/example_short_circuit_decorator.py for tasks to queue
[2025-03-27T15:27:50.305-0500] {logging_mixin.py:190} INFO - [2025-03-27T15:27:50.305-0500] {dagbag.py:588} INFO - Filling up the DagBag from /home/udhbhav/miniconda3/lib/python3.11/site-packages/airflow/example_dags/example_short_circuit_decorator.py
[2025-03-27T15:27:50.311-0500] {processor.py:925} INFO - DAG(s) 'example_short_circuit_decorator' retrieved from /home/udhbhav/miniconda3/lib/python3.11/site-packages/airflow/example_dags/example_short_circuit_decorator.py
[2025-03-27T15:27:50.319-0500] {logging_mixin.py:190} INFO - [2025-03-27T15:27:50.319-0500] {dag.py:3239} INFO - Sync 1 DAGs
[2025-03-27T15:27:50.325-0500] {logging_mixin.py:190} INFO - [2025-03-27T15:27:50.325-0500] {dag.py:4180} INFO - Setting next_dagrun for example_short_circuit_decorator to None, run_after=None
[2025-03-27T15:27:50.430-0500] {processor.py:208} INFO - Processing /home/udhbhav/miniconda3/lib/python3.11/site-packages/airflow/example_dags/example_short_circuit_decorator.py took 0.129 seconds
[2025-03-27T15:29:30.696-0500] {processor.py:186} INFO - Started process (PID=1812835) to work on /home/udhbhav/miniconda3/lib/python3.11/site-packages/airflow/example_dags/example_short_circuit_decorator.py
[2025-03-27T15:29:30.697-0500] {processor.py:914} INFO - Processing file /home/udhbhav/miniconda3/lib/python3.11/site-packages/airflow/example_dags/example_short_circuit_decorator.py for tasks to queue
[2025-03-27T15:29:30.698-0500] {logging_mixin.py:190} INFO - [2025-03-27T15:29:30.697-0500] {dagbag.py:588} INFO - Filling up the DagBag from /home/udhbhav/miniconda3/lib/python3.11/site-packages/airflow/example_dags/example_short_circuit_decorator.py
[2025-03-27T15:29:30.703-0500] {processor.py:925} INFO - DAG(s) 'example_short_circuit_decorator' retrieved from /home/udhbhav/miniconda3/lib/python3.11/site-packages/airflow/example_dags/example_short_circuit_decorator.py
[2025-03-27T15:29:30.712-0500] {logging_mixin.py:190} INFO - [2025-03-27T15:29:30.712-0500] {dag.py:3239} INFO - Sync 1 DAGs
[2025-03-27T15:29:30.717-0500] {logging_mixin.py:190} INFO - [2025-03-27T15:29:30.717-0500] {dag.py:4180} INFO - Setting next_dagrun for example_short_circuit_decorator to None, run_after=None
[2025-03-27T15:29:30.888-0500] {processor.py:208} INFO - Processing /home/udhbhav/miniconda3/lib/python3.11/site-packages/airflow/example_dags/example_short_circuit_decorator.py took 0.195 seconds
[2025-03-27T15:31:23.963-0500] {processor.py:186} INFO - Started process (PID=1813862) to work on /home/udhbhav/miniconda3/lib/python3.11/site-packages/airflow/example_dags/example_short_circuit_decorator.py
[2025-03-27T15:31:23.964-0500] {processor.py:914} INFO - Processing file /home/udhbhav/miniconda3/lib/python3.11/site-packages/airflow/example_dags/example_short_circuit_decorator.py for tasks to queue
[2025-03-27T15:31:23.965-0500] {logging_mixin.py:190} INFO - [2025-03-27T15:31:23.964-0500] {dagbag.py:588} INFO - Filling up the DagBag from /home/udhbhav/miniconda3/lib/python3.11/site-packages/airflow/example_dags/example_short_circuit_decorator.py
[2025-03-27T15:31:23.970-0500] {processor.py:925} INFO - DAG(s) 'example_short_circuit_decorator' retrieved from /home/udhbhav/miniconda3/lib/python3.11/site-packages/airflow/example_dags/example_short_circuit_decorator.py
[2025-03-27T15:31:23.979-0500] {logging_mixin.py:190} INFO - [2025-03-27T15:31:23.979-0500] {dag.py:3239} INFO - Sync 1 DAGs
[2025-03-27T15:31:23.984-0500] {logging_mixin.py:190} INFO - [2025-03-27T15:31:23.984-0500] {dag.py:4180} INFO - Setting next_dagrun for example_short_circuit_decorator to None, run_after=None
[2025-03-27T15:31:24.179-0500] {processor.py:208} INFO - Processing /home/udhbhav/miniconda3/lib/python3.11/site-packages/airflow/example_dags/example_short_circuit_decorator.py took 0.219 seconds
[2025-03-27T15:32:49.594-0500] {processor.py:186} INFO - Started process (PID=1814788) to work on /home/udhbhav/miniconda3/lib/python3.11/site-packages/airflow/example_dags/example_short_circuit_decorator.py
[2025-03-27T15:32:49.594-0500] {processor.py:914} INFO - Processing file /home/udhbhav/miniconda3/lib/python3.11/site-packages/airflow/example_dags/example_short_circuit_decorator.py for tasks to queue
[2025-03-27T15:32:49.595-0500] {logging_mixin.py:190} INFO - [2025-03-27T15:32:49.595-0500] {dagbag.py:588} INFO - Filling up the DagBag from /home/udhbhav/miniconda3/lib/python3.11/site-packages/airflow/example_dags/example_short_circuit_decorator.py
[2025-03-27T15:32:49.601-0500] {processor.py:925} INFO - DAG(s) 'example_short_circuit_decorator' retrieved from /home/udhbhav/miniconda3/lib/python3.11/site-packages/airflow/example_dags/example_short_circuit_decorator.py
[2025-03-27T15:32:49.609-0500] {logging_mixin.py:190} INFO - [2025-03-27T15:32:49.609-0500] {dag.py:3239} INFO - Sync 1 DAGs
[2025-03-27T15:32:49.614-0500] {logging_mixin.py:190} INFO - [2025-03-27T15:32:49.614-0500] {dag.py:4180} INFO - Setting next_dagrun for example_short_circuit_decorator to None, run_after=None
[2025-03-27T15:32:49.758-0500] {processor.py:208} INFO - Processing /home/udhbhav/miniconda3/lib/python3.11/site-packages/airflow/example_dags/example_short_circuit_decorator.py took 0.167 seconds
[2025-03-27T15:33:59.447-0500] {processor.py:186} INFO - Started process (PID=1815445) to work on /home/udhbhav/miniconda3/lib/python3.11/site-packages/airflow/example_dags/example_short_circuit_decorator.py
[2025-03-27T15:33:59.448-0500] {processor.py:914} INFO - Processing file /home/udhbhav/miniconda3/lib/python3.11/site-packages/airflow/example_dags/example_short_circuit_decorator.py for tasks to queue
[2025-03-27T15:33:59.449-0500] {logging_mixin.py:190} INFO - [2025-03-27T15:33:59.449-0500] {dagbag.py:588} INFO - Filling up the DagBag from /home/udhbhav/miniconda3/lib/python3.11/site-packages/airflow/example_dags/example_short_circuit_decorator.py
[2025-03-27T15:33:59.454-0500] {processor.py:925} INFO - DAG(s) 'example_short_circuit_decorator' retrieved from /home/udhbhav/miniconda3/lib/python3.11/site-packages/airflow/example_dags/example_short_circuit_decorator.py
[2025-03-27T15:33:59.463-0500] {logging_mixin.py:190} INFO - [2025-03-27T15:33:59.463-0500] {dag.py:3239} INFO - Sync 1 DAGs
[2025-03-27T15:33:59.468-0500] {logging_mixin.py:190} INFO - [2025-03-27T15:33:59.468-0500] {dag.py:4180} INFO - Setting next_dagrun for example_short_circuit_decorator to None, run_after=None
[2025-03-27T15:33:59.577-0500] {processor.py:208} INFO - Processing /home/udhbhav/miniconda3/lib/python3.11/site-packages/airflow/example_dags/example_short_circuit_decorator.py took 0.132 seconds
[2025-03-27T15:35:02.232-0500] {processor.py:186} INFO - Started process (PID=1816078) to work on /home/udhbhav/miniconda3/lib/python3.11/site-packages/airflow/example_dags/example_short_circuit_decorator.py
[2025-03-27T15:35:02.233-0500] {processor.py:914} INFO - Processing file /home/udhbhav/miniconda3/lib/python3.11/site-packages/airflow/example_dags/example_short_circuit_decorator.py for tasks to queue
[2025-03-27T15:35:02.234-0500] {logging_mixin.py:190} INFO - [2025-03-27T15:35:02.234-0500] {dagbag.py:588} INFO - Filling up the DagBag from /home/udhbhav/miniconda3/lib/python3.11/site-packages/airflow/example_dags/example_short_circuit_decorator.py
[2025-03-27T15:35:02.239-0500] {processor.py:925} INFO - DAG(s) 'example_short_circuit_decorator' retrieved from /home/udhbhav/miniconda3/lib/python3.11/site-packages/airflow/example_dags/example_short_circuit_decorator.py
[2025-03-27T15:35:02.248-0500] {logging_mixin.py:190} INFO - [2025-03-27T15:35:02.248-0500] {dag.py:3239} INFO - Sync 1 DAGs
[2025-03-27T15:35:02.253-0500] {logging_mixin.py:190} INFO - [2025-03-27T15:35:02.253-0500] {dag.py:4180} INFO - Setting next_dagrun for example_short_circuit_decorator to None, run_after=None
[2025-03-27T15:35:02.361-0500] {processor.py:208} INFO - Processing /home/udhbhav/miniconda3/lib/python3.11/site-packages/airflow/example_dags/example_short_circuit_decorator.py took 0.131 seconds
[2025-03-27T15:36:26.234-0500] {processor.py:186} INFO - Started process (PID=1816841) to work on /home/udhbhav/miniconda3/lib/python3.11/site-packages/airflow/example_dags/example_short_circuit_decorator.py
[2025-03-27T15:36:26.234-0500] {processor.py:914} INFO - Processing file /home/udhbhav/miniconda3/lib/python3.11/site-packages/airflow/example_dags/example_short_circuit_decorator.py for tasks to queue
[2025-03-27T15:36:26.236-0500] {logging_mixin.py:190} INFO - [2025-03-27T15:36:26.236-0500] {dagbag.py:588} INFO - Filling up the DagBag from /home/udhbhav/miniconda3/lib/python3.11/site-packages/airflow/example_dags/example_short_circuit_decorator.py
[2025-03-27T15:36:26.241-0500] {processor.py:925} INFO - DAG(s) 'example_short_circuit_decorator' retrieved from /home/udhbhav/miniconda3/lib/python3.11/site-packages/airflow/example_dags/example_short_circuit_decorator.py
[2025-03-27T15:36:26.250-0500] {logging_mixin.py:190} INFO - [2025-03-27T15:36:26.250-0500] {dag.py:3239} INFO - Sync 1 DAGs
[2025-03-27T15:36:26.255-0500] {logging_mixin.py:190} INFO - [2025-03-27T15:36:26.255-0500] {dag.py:4180} INFO - Setting next_dagrun for example_short_circuit_decorator to None, run_after=None
[2025-03-27T15:36:26.363-0500] {processor.py:208} INFO - Processing /home/udhbhav/miniconda3/lib/python3.11/site-packages/airflow/example_dags/example_short_circuit_decorator.py took 0.132 seconds
