[2025-03-27T14:26:06.055-0500] {processor.py:186} INFO - Started process (PID=1763009) to work on /home/udhbhav/miniconda3/lib/python3.11/site-packages/airflow/example_dags/example_xcom.py
[2025-03-27T14:26:06.056-0500] {processor.py:914} INFO - Processing file /home/udhbhav/miniconda3/lib/python3.11/site-packages/airflow/example_dags/example_xcom.py for tasks to queue
[2025-03-27T14:26:06.057-0500] {logging_mixin.py:190} INFO - [2025-03-27T14:26:06.056-0500] {dagbag.py:588} INFO - Filling up the DagBag from /home/udhbhav/miniconda3/lib/python3.11/site-packages/airflow/example_dags/example_xcom.py
[2025-03-27T14:26:06.062-0500] {processor.py:925} INFO - DAG(s) 'example_xcom' retrieved from /home/udhbhav/miniconda3/lib/python3.11/site-packages/airflow/example_dags/example_xcom.py
[2025-03-27T14:26:06.286-0500] {logging_mixin.py:190} INFO - [2025-03-27T14:26:06.286-0500] {override.py:1912} INFO - Created Permission View: can read on DAG:example_xcom
[2025-03-27T14:26:06.378-0500] {logging_mixin.py:190} INFO - [2025-03-27T14:26:06.378-0500] {override.py:1912} INFO - Created Permission View: can edit on DAG:example_xcom
[2025-03-27T14:26:06.468-0500] {logging_mixin.py:190} INFO - [2025-03-27T14:26:06.468-0500] {override.py:1912} INFO - Created Permission View: can delete on DAG:example_xcom
[2025-03-27T14:26:07.087-0500] {logging_mixin.py:190} INFO - [2025-03-27T14:26:07.087-0500] {override.py:1912} INFO - Created Permission View: can read on DAG Run:example_xcom
[2025-03-27T14:26:07.177-0500] {logging_mixin.py:190} INFO - [2025-03-27T14:26:07.177-0500] {override.py:1912} INFO - Created Permission View: menu access on DAG Run:example_xcom
[2025-03-27T14:26:07.270-0500] {logging_mixin.py:190} INFO - [2025-03-27T14:26:07.269-0500] {override.py:1912} INFO - Created Permission View: can create on DAG Run:example_xcom
[2025-03-27T14:26:07.363-0500] {logging_mixin.py:190} INFO - [2025-03-27T14:26:07.363-0500] {override.py:1912} INFO - Created Permission View: can delete on DAG Run:example_xcom
[2025-03-27T14:26:07.364-0500] {logging_mixin.py:190} INFO - [2025-03-27T14:26:07.364-0500] {dag.py:3239} INFO - Sync 1 DAGs
[2025-03-27T14:26:07.369-0500] {logging_mixin.py:190} INFO - [2025-03-27T14:26:07.369-0500] {dag.py:3262} INFO - Creating ORM DAG for example_xcom
[2025-03-27T14:26:07.373-0500] {logging_mixin.py:190} INFO - [2025-03-27T14:26:07.373-0500] {dag.py:4180} INFO - Setting next_dagrun for example_xcom to 2021-01-01 00:00:00+00:00, run_after=2021-01-01 00:00:00+00:00
[2025-03-27T14:26:07.478-0500] {processor.py:208} INFO - Processing /home/udhbhav/miniconda3/lib/python3.11/site-packages/airflow/example_dags/example_xcom.py took 1.425 seconds
[2025-03-27T14:28:26.736-0500] {processor.py:186} INFO - Started process (PID=1764286) to work on /home/udhbhav/miniconda3/lib/python3.11/site-packages/airflow/example_dags/example_xcom.py
[2025-03-27T14:28:26.737-0500] {processor.py:914} INFO - Processing file /home/udhbhav/miniconda3/lib/python3.11/site-packages/airflow/example_dags/example_xcom.py for tasks to queue
[2025-03-27T14:28:26.738-0500] {logging_mixin.py:190} INFO - [2025-03-27T14:28:26.738-0500] {dagbag.py:588} INFO - Filling up the DagBag from /home/udhbhav/miniconda3/lib/python3.11/site-packages/airflow/example_dags/example_xcom.py
[2025-03-27T14:28:26.744-0500] {processor.py:925} INFO - DAG(s) 'example_xcom' retrieved from /home/udhbhav/miniconda3/lib/python3.11/site-packages/airflow/example_dags/example_xcom.py
[2025-03-27T14:28:26.752-0500] {logging_mixin.py:190} INFO - [2025-03-27T14:28:26.752-0500] {dag.py:3239} INFO - Sync 1 DAGs
[2025-03-27T14:28:26.761-0500] {logging_mixin.py:190} INFO - [2025-03-27T14:28:26.761-0500] {dag.py:4180} INFO - Setting next_dagrun for example_xcom to 2021-01-01 00:00:00+00:00, run_after=2021-01-01 00:00:00+00:00
[2025-03-27T14:28:26.986-0500] {processor.py:208} INFO - Processing /home/udhbhav/miniconda3/lib/python3.11/site-packages/airflow/example_dags/example_xcom.py took 0.252 seconds
[2025-03-27T14:35:40.337-0500] {processor.py:186} INFO - Started process (PID=1768523) to work on /home/udhbhav/miniconda3/lib/python3.11/site-packages/airflow/example_dags/example_xcom.py
[2025-03-27T14:35:40.337-0500] {processor.py:914} INFO - Processing file /home/udhbhav/miniconda3/lib/python3.11/site-packages/airflow/example_dags/example_xcom.py for tasks to queue
[2025-03-27T14:35:40.338-0500] {logging_mixin.py:190} INFO - [2025-03-27T14:35:40.338-0500] {dagbag.py:588} INFO - Filling up the DagBag from /home/udhbhav/miniconda3/lib/python3.11/site-packages/airflow/example_dags/example_xcom.py
[2025-03-27T14:35:40.343-0500] {processor.py:925} INFO - DAG(s) 'example_xcom' retrieved from /home/udhbhav/miniconda3/lib/python3.11/site-packages/airflow/example_dags/example_xcom.py
[2025-03-27T14:35:40.351-0500] {logging_mixin.py:190} INFO - [2025-03-27T14:35:40.351-0500] {dag.py:3239} INFO - Sync 1 DAGs
[2025-03-27T14:35:40.360-0500] {logging_mixin.py:190} INFO - [2025-03-27T14:35:40.360-0500] {dag.py:4180} INFO - Setting next_dagrun for example_xcom to 2021-01-01 00:00:00+00:00, run_after=2021-01-01 00:00:00+00:00
[2025-03-27T14:35:40.467-0500] {processor.py:208} INFO - Processing /home/udhbhav/miniconda3/lib/python3.11/site-packages/airflow/example_dags/example_xcom.py took 0.134 seconds
[2025-03-27T14:37:26.789-0500] {processor.py:186} INFO - Started process (PID=1769560) to work on /home/udhbhav/miniconda3/lib/python3.11/site-packages/airflow/example_dags/example_xcom.py
[2025-03-27T14:37:26.790-0500] {processor.py:914} INFO - Processing file /home/udhbhav/miniconda3/lib/python3.11/site-packages/airflow/example_dags/example_xcom.py for tasks to queue
[2025-03-27T14:37:26.791-0500] {logging_mixin.py:190} INFO - [2025-03-27T14:37:26.791-0500] {dagbag.py:588} INFO - Filling up the DagBag from /home/udhbhav/miniconda3/lib/python3.11/site-packages/airflow/example_dags/example_xcom.py
[2025-03-27T14:37:26.796-0500] {processor.py:925} INFO - DAG(s) 'example_xcom' retrieved from /home/udhbhav/miniconda3/lib/python3.11/site-packages/airflow/example_dags/example_xcom.py
[2025-03-27T14:37:26.804-0500] {logging_mixin.py:190} INFO - [2025-03-27T14:37:26.804-0500] {dag.py:3239} INFO - Sync 1 DAGs
[2025-03-27T14:37:26.812-0500] {logging_mixin.py:190} INFO - [2025-03-27T14:37:26.812-0500] {dag.py:4180} INFO - Setting next_dagrun for example_xcom to 2021-01-01 00:00:00+00:00, run_after=2021-01-01 00:00:00+00:00
[2025-03-27T14:37:27.001-0500] {processor.py:208} INFO - Processing /home/udhbhav/miniconda3/lib/python3.11/site-packages/airflow/example_dags/example_xcom.py took 0.214 seconds
[2025-03-27T14:38:33.453-0500] {processor.py:186} INFO - Started process (PID=1770546) to work on /home/udhbhav/miniconda3/lib/python3.11/site-packages/airflow/example_dags/example_xcom.py
[2025-03-27T14:38:33.453-0500] {processor.py:914} INFO - Processing file /home/udhbhav/miniconda3/lib/python3.11/site-packages/airflow/example_dags/example_xcom.py for tasks to queue
[2025-03-27T14:38:33.455-0500] {logging_mixin.py:190} INFO - [2025-03-27T14:38:33.455-0500] {dagbag.py:588} INFO - Filling up the DagBag from /home/udhbhav/miniconda3/lib/python3.11/site-packages/airflow/example_dags/example_xcom.py
[2025-03-27T14:38:33.459-0500] {processor.py:925} INFO - DAG(s) 'example_xcom' retrieved from /home/udhbhav/miniconda3/lib/python3.11/site-packages/airflow/example_dags/example_xcom.py
[2025-03-27T14:38:33.467-0500] {logging_mixin.py:190} INFO - [2025-03-27T14:38:33.467-0500] {dag.py:3239} INFO - Sync 1 DAGs
[2025-03-27T14:38:33.475-0500] {logging_mixin.py:190} INFO - [2025-03-27T14:38:33.474-0500] {dag.py:4180} INFO - Setting next_dagrun for example_xcom to 2021-01-01 00:00:00+00:00, run_after=2021-01-01 00:00:00+00:00
[2025-03-27T14:38:33.582-0500] {processor.py:208} INFO - Processing /home/udhbhav/miniconda3/lib/python3.11/site-packages/airflow/example_dags/example_xcom.py took 0.131 seconds
[2025-03-27T14:39:47.233-0500] {processor.py:186} INFO - Started process (PID=1771381) to work on /home/udhbhav/miniconda3/lib/python3.11/site-packages/airflow/example_dags/example_xcom.py
[2025-03-27T14:39:47.234-0500] {processor.py:914} INFO - Processing file /home/udhbhav/miniconda3/lib/python3.11/site-packages/airflow/example_dags/example_xcom.py for tasks to queue
[2025-03-27T14:39:47.235-0500] {logging_mixin.py:190} INFO - [2025-03-27T14:39:47.235-0500] {dagbag.py:588} INFO - Filling up the DagBag from /home/udhbhav/miniconda3/lib/python3.11/site-packages/airflow/example_dags/example_xcom.py
[2025-03-27T14:39:47.240-0500] {processor.py:925} INFO - DAG(s) 'example_xcom' retrieved from /home/udhbhav/miniconda3/lib/python3.11/site-packages/airflow/example_dags/example_xcom.py
[2025-03-27T14:39:47.247-0500] {logging_mixin.py:190} INFO - [2025-03-27T14:39:47.247-0500] {dag.py:3239} INFO - Sync 1 DAGs
[2025-03-27T14:39:47.255-0500] {logging_mixin.py:190} INFO - [2025-03-27T14:39:47.254-0500] {dag.py:4180} INFO - Setting next_dagrun for example_xcom to 2021-01-01 00:00:00+00:00, run_after=2021-01-01 00:00:00+00:00
[2025-03-27T14:39:48.016-0500] {processor.py:208} INFO - Processing /home/udhbhav/miniconda3/lib/python3.11/site-packages/airflow/example_dags/example_xcom.py took 0.786 seconds
[2025-03-27T14:41:10.147-0500] {processor.py:186} INFO - Started process (PID=1772172) to work on /home/udhbhav/miniconda3/lib/python3.11/site-packages/airflow/example_dags/example_xcom.py
[2025-03-27T14:41:10.147-0500] {processor.py:914} INFO - Processing file /home/udhbhav/miniconda3/lib/python3.11/site-packages/airflow/example_dags/example_xcom.py for tasks to queue
[2025-03-27T14:41:10.148-0500] {logging_mixin.py:190} INFO - [2025-03-27T14:41:10.148-0500] {dagbag.py:588} INFO - Filling up the DagBag from /home/udhbhav/miniconda3/lib/python3.11/site-packages/airflow/example_dags/example_xcom.py
[2025-03-27T14:41:10.153-0500] {processor.py:925} INFO - DAG(s) 'example_xcom' retrieved from /home/udhbhav/miniconda3/lib/python3.11/site-packages/airflow/example_dags/example_xcom.py
[2025-03-27T14:41:10.161-0500] {logging_mixin.py:190} INFO - [2025-03-27T14:41:10.161-0500] {dag.py:3239} INFO - Sync 1 DAGs
[2025-03-27T14:41:10.169-0500] {logging_mixin.py:190} INFO - [2025-03-27T14:41:10.169-0500] {dag.py:4180} INFO - Setting next_dagrun for example_xcom to 2021-01-01 00:00:00+00:00, run_after=2021-01-01 00:00:00+00:00
[2025-03-27T14:41:10.277-0500] {processor.py:208} INFO - Processing /home/udhbhav/miniconda3/lib/python3.11/site-packages/airflow/example_dags/example_xcom.py took 0.133 seconds
[2025-03-27T14:42:35.244-0500] {processor.py:186} INFO - Started process (PID=1773254) to work on /home/udhbhav/miniconda3/lib/python3.11/site-packages/airflow/example_dags/example_xcom.py
[2025-03-27T14:42:35.244-0500] {processor.py:914} INFO - Processing file /home/udhbhav/miniconda3/lib/python3.11/site-packages/airflow/example_dags/example_xcom.py for tasks to queue
[2025-03-27T14:42:35.245-0500] {logging_mixin.py:190} INFO - [2025-03-27T14:42:35.245-0500] {dagbag.py:588} INFO - Filling up the DagBag from /home/udhbhav/miniconda3/lib/python3.11/site-packages/airflow/example_dags/example_xcom.py
[2025-03-27T14:42:35.250-0500] {processor.py:925} INFO - DAG(s) 'example_xcom' retrieved from /home/udhbhav/miniconda3/lib/python3.11/site-packages/airflow/example_dags/example_xcom.py
[2025-03-27T14:42:35.258-0500] {logging_mixin.py:190} INFO - [2025-03-27T14:42:35.258-0500] {dag.py:3239} INFO - Sync 1 DAGs
[2025-03-27T14:42:35.265-0500] {logging_mixin.py:190} INFO - [2025-03-27T14:42:35.265-0500] {dag.py:4180} INFO - Setting next_dagrun for example_xcom to 2021-01-01 00:00:00+00:00, run_after=2021-01-01 00:00:00+00:00
[2025-03-27T14:42:35.370-0500] {processor.py:208} INFO - Processing /home/udhbhav/miniconda3/lib/python3.11/site-packages/airflow/example_dags/example_xcom.py took 0.129 seconds
[2025-03-27T14:44:01.485-0500] {processor.py:186} INFO - Started process (PID=1774286) to work on /home/udhbhav/miniconda3/lib/python3.11/site-packages/airflow/example_dags/example_xcom.py
[2025-03-27T14:44:01.486-0500] {processor.py:914} INFO - Processing file /home/udhbhav/miniconda3/lib/python3.11/site-packages/airflow/example_dags/example_xcom.py for tasks to queue
[2025-03-27T14:44:01.486-0500] {logging_mixin.py:190} INFO - [2025-03-27T14:44:01.486-0500] {dagbag.py:588} INFO - Filling up the DagBag from /home/udhbhav/miniconda3/lib/python3.11/site-packages/airflow/example_dags/example_xcom.py
[2025-03-27T14:44:01.491-0500] {processor.py:925} INFO - DAG(s) 'example_xcom' retrieved from /home/udhbhav/miniconda3/lib/python3.11/site-packages/airflow/example_dags/example_xcom.py
[2025-03-27T14:44:01.499-0500] {logging_mixin.py:190} INFO - [2025-03-27T14:44:01.499-0500] {dag.py:3239} INFO - Sync 1 DAGs
[2025-03-27T14:44:01.507-0500] {logging_mixin.py:190} INFO - [2025-03-27T14:44:01.507-0500] {dag.py:4180} INFO - Setting next_dagrun for example_xcom to 2021-01-01 00:00:00+00:00, run_after=2021-01-01 00:00:00+00:00
[2025-03-27T14:44:01.613-0500] {processor.py:208} INFO - Processing /home/udhbhav/miniconda3/lib/python3.11/site-packages/airflow/example_dags/example_xcom.py took 0.130 seconds
[2025-03-27T14:45:05.542-0500] {processor.py:186} INFO - Started process (PID=1774930) to work on /home/udhbhav/miniconda3/lib/python3.11/site-packages/airflow/example_dags/example_xcom.py
[2025-03-27T14:45:05.542-0500] {processor.py:914} INFO - Processing file /home/udhbhav/miniconda3/lib/python3.11/site-packages/airflow/example_dags/example_xcom.py for tasks to queue
[2025-03-27T14:45:05.543-0500] {logging_mixin.py:190} INFO - [2025-03-27T14:45:05.543-0500] {dagbag.py:588} INFO - Filling up the DagBag from /home/udhbhav/miniconda3/lib/python3.11/site-packages/airflow/example_dags/example_xcom.py
[2025-03-27T14:45:05.548-0500] {processor.py:925} INFO - DAG(s) 'example_xcom' retrieved from /home/udhbhav/miniconda3/lib/python3.11/site-packages/airflow/example_dags/example_xcom.py
[2025-03-27T14:45:05.556-0500] {logging_mixin.py:190} INFO - [2025-03-27T14:45:05.556-0500] {dag.py:3239} INFO - Sync 1 DAGs
[2025-03-27T14:45:05.563-0500] {logging_mixin.py:190} INFO - [2025-03-27T14:45:05.563-0500] {dag.py:4180} INFO - Setting next_dagrun for example_xcom to 2021-01-01 00:00:00+00:00, run_after=2021-01-01 00:00:00+00:00
[2025-03-27T14:45:05.681-0500] {processor.py:208} INFO - Processing /home/udhbhav/miniconda3/lib/python3.11/site-packages/airflow/example_dags/example_xcom.py took 0.142 seconds
[2025-03-27T14:46:42.803-0500] {processor.py:186} INFO - Started process (PID=1775883) to work on /home/udhbhav/miniconda3/lib/python3.11/site-packages/airflow/example_dags/example_xcom.py
[2025-03-27T14:46:42.804-0500] {processor.py:914} INFO - Processing file /home/udhbhav/miniconda3/lib/python3.11/site-packages/airflow/example_dags/example_xcom.py for tasks to queue
[2025-03-27T14:46:42.805-0500] {logging_mixin.py:190} INFO - [2025-03-27T14:46:42.804-0500] {dagbag.py:588} INFO - Filling up the DagBag from /home/udhbhav/miniconda3/lib/python3.11/site-packages/airflow/example_dags/example_xcom.py
[2025-03-27T14:46:42.809-0500] {processor.py:925} INFO - DAG(s) 'example_xcom' retrieved from /home/udhbhav/miniconda3/lib/python3.11/site-packages/airflow/example_dags/example_xcom.py
[2025-03-27T14:46:42.818-0500] {logging_mixin.py:190} INFO - [2025-03-27T14:46:42.817-0500] {dag.py:3239} INFO - Sync 1 DAGs
[2025-03-27T14:46:42.825-0500] {logging_mixin.py:190} INFO - [2025-03-27T14:46:42.825-0500] {dag.py:4180} INFO - Setting next_dagrun for example_xcom to 2021-01-01 00:00:00+00:00, run_after=2021-01-01 00:00:00+00:00
[2025-03-27T14:46:42.931-0500] {processor.py:208} INFO - Processing /home/udhbhav/miniconda3/lib/python3.11/site-packages/airflow/example_dags/example_xcom.py took 0.131 seconds
[2025-03-27T14:47:56.621-0500] {processor.py:186} INFO - Started process (PID=1776604) to work on /home/udhbhav/miniconda3/lib/python3.11/site-packages/airflow/example_dags/example_xcom.py
[2025-03-27T14:47:56.621-0500] {processor.py:914} INFO - Processing file /home/udhbhav/miniconda3/lib/python3.11/site-packages/airflow/example_dags/example_xcom.py for tasks to queue
[2025-03-27T14:47:56.623-0500] {logging_mixin.py:190} INFO - [2025-03-27T14:47:56.622-0500] {dagbag.py:588} INFO - Filling up the DagBag from /home/udhbhav/miniconda3/lib/python3.11/site-packages/airflow/example_dags/example_xcom.py
[2025-03-27T14:47:56.628-0500] {processor.py:925} INFO - DAG(s) 'example_xcom' retrieved from /home/udhbhav/miniconda3/lib/python3.11/site-packages/airflow/example_dags/example_xcom.py
[2025-03-27T14:47:56.635-0500] {logging_mixin.py:190} INFO - [2025-03-27T14:47:56.635-0500] {dag.py:3239} INFO - Sync 1 DAGs
[2025-03-27T14:47:56.643-0500] {logging_mixin.py:190} INFO - [2025-03-27T14:47:56.643-0500] {dag.py:4180} INFO - Setting next_dagrun for example_xcom to 2021-01-01 00:00:00+00:00, run_after=2021-01-01 00:00:00+00:00
[2025-03-27T14:47:56.791-0500] {processor.py:208} INFO - Processing /home/udhbhav/miniconda3/lib/python3.11/site-packages/airflow/example_dags/example_xcom.py took 0.173 seconds
[2025-03-27T14:49:16.208-0500] {processor.py:186} INFO - Started process (PID=1777260) to work on /home/udhbhav/miniconda3/lib/python3.11/site-packages/airflow/example_dags/example_xcom.py
[2025-03-27T14:49:16.208-0500] {processor.py:914} INFO - Processing file /home/udhbhav/miniconda3/lib/python3.11/site-packages/airflow/example_dags/example_xcom.py for tasks to queue
[2025-03-27T14:49:16.209-0500] {logging_mixin.py:190} INFO - [2025-03-27T14:49:16.209-0500] {dagbag.py:588} INFO - Filling up the DagBag from /home/udhbhav/miniconda3/lib/python3.11/site-packages/airflow/example_dags/example_xcom.py
[2025-03-27T14:49:16.214-0500] {processor.py:925} INFO - DAG(s) 'example_xcom' retrieved from /home/udhbhav/miniconda3/lib/python3.11/site-packages/airflow/example_dags/example_xcom.py
[2025-03-27T14:49:16.222-0500] {logging_mixin.py:190} INFO - [2025-03-27T14:49:16.222-0500] {dag.py:3239} INFO - Sync 1 DAGs
[2025-03-27T14:49:16.229-0500] {logging_mixin.py:190} INFO - [2025-03-27T14:49:16.229-0500] {dag.py:4180} INFO - Setting next_dagrun for example_xcom to 2021-01-01 00:00:00+00:00, run_after=2021-01-01 00:00:00+00:00
[2025-03-27T14:49:16.487-0500] {processor.py:208} INFO - Processing /home/udhbhav/miniconda3/lib/python3.11/site-packages/airflow/example_dags/example_xcom.py took 0.282 seconds
[2025-03-27T14:50:14.642-0500] {processor.py:186} INFO - Started process (PID=1777824) to work on /home/udhbhav/miniconda3/lib/python3.11/site-packages/airflow/example_dags/example_xcom.py
[2025-03-27T14:50:14.642-0500] {processor.py:914} INFO - Processing file /home/udhbhav/miniconda3/lib/python3.11/site-packages/airflow/example_dags/example_xcom.py for tasks to queue
[2025-03-27T14:50:14.643-0500] {logging_mixin.py:190} INFO - [2025-03-27T14:50:14.643-0500] {dagbag.py:588} INFO - Filling up the DagBag from /home/udhbhav/miniconda3/lib/python3.11/site-packages/airflow/example_dags/example_xcom.py
[2025-03-27T14:50:14.648-0500] {processor.py:925} INFO - DAG(s) 'example_xcom' retrieved from /home/udhbhav/miniconda3/lib/python3.11/site-packages/airflow/example_dags/example_xcom.py
[2025-03-27T14:50:14.656-0500] {logging_mixin.py:190} INFO - [2025-03-27T14:50:14.656-0500] {dag.py:3239} INFO - Sync 1 DAGs
[2025-03-27T14:50:14.663-0500] {logging_mixin.py:190} INFO - [2025-03-27T14:50:14.663-0500] {dag.py:4180} INFO - Setting next_dagrun for example_xcom to 2021-01-01 00:00:00+00:00, run_after=2021-01-01 00:00:00+00:00
[2025-03-27T14:50:14.771-0500] {processor.py:208} INFO - Processing /home/udhbhav/miniconda3/lib/python3.11/site-packages/airflow/example_dags/example_xcom.py took 0.132 seconds
[2025-03-27T14:51:21.228-0500] {processor.py:186} INFO - Started process (PID=1783349) to work on /home/udhbhav/miniconda3/lib/python3.11/site-packages/airflow/example_dags/example_xcom.py
[2025-03-27T14:51:21.229-0500] {processor.py:914} INFO - Processing file /home/udhbhav/miniconda3/lib/python3.11/site-packages/airflow/example_dags/example_xcom.py for tasks to queue
[2025-03-27T14:51:21.230-0500] {logging_mixin.py:190} INFO - [2025-03-27T14:51:21.229-0500] {dagbag.py:588} INFO - Filling up the DagBag from /home/udhbhav/miniconda3/lib/python3.11/site-packages/airflow/example_dags/example_xcom.py
[2025-03-27T14:51:21.235-0500] {processor.py:925} INFO - DAG(s) 'example_xcom' retrieved from /home/udhbhav/miniconda3/lib/python3.11/site-packages/airflow/example_dags/example_xcom.py
[2025-03-27T14:51:21.243-0500] {logging_mixin.py:190} INFO - [2025-03-27T14:51:21.243-0500] {dag.py:3239} INFO - Sync 1 DAGs
[2025-03-27T14:51:21.251-0500] {logging_mixin.py:190} INFO - [2025-03-27T14:51:21.251-0500] {dag.py:4180} INFO - Setting next_dagrun for example_xcom to 2021-01-01 00:00:00+00:00, run_after=2021-01-01 00:00:00+00:00
[2025-03-27T14:51:21.358-0500] {processor.py:208} INFO - Processing /home/udhbhav/miniconda3/lib/python3.11/site-packages/airflow/example_dags/example_xcom.py took 0.133 seconds
[2025-03-27T14:52:28.376-0500] {processor.py:186} INFO - Started process (PID=1784033) to work on /home/udhbhav/miniconda3/lib/python3.11/site-packages/airflow/example_dags/example_xcom.py
[2025-03-27T14:52:28.376-0500] {processor.py:914} INFO - Processing file /home/udhbhav/miniconda3/lib/python3.11/site-packages/airflow/example_dags/example_xcom.py for tasks to queue
[2025-03-27T14:52:28.377-0500] {logging_mixin.py:190} INFO - [2025-03-27T14:52:28.377-0500] {dagbag.py:588} INFO - Filling up the DagBag from /home/udhbhav/miniconda3/lib/python3.11/site-packages/airflow/example_dags/example_xcom.py
[2025-03-27T14:52:28.382-0500] {processor.py:925} INFO - DAG(s) 'example_xcom' retrieved from /home/udhbhav/miniconda3/lib/python3.11/site-packages/airflow/example_dags/example_xcom.py
[2025-03-27T14:52:28.390-0500] {logging_mixin.py:190} INFO - [2025-03-27T14:52:28.390-0500] {dag.py:3239} INFO - Sync 1 DAGs
[2025-03-27T14:52:28.398-0500] {logging_mixin.py:190} INFO - [2025-03-27T14:52:28.397-0500] {dag.py:4180} INFO - Setting next_dagrun for example_xcom to 2021-01-01 00:00:00+00:00, run_after=2021-01-01 00:00:00+00:00
[2025-03-27T14:52:28.506-0500] {processor.py:208} INFO - Processing /home/udhbhav/miniconda3/lib/python3.11/site-packages/airflow/example_dags/example_xcom.py took 0.133 seconds
[2025-03-27T14:53:39.250-0500] {processor.py:186} INFO - Started process (PID=1784738) to work on /home/udhbhav/miniconda3/lib/python3.11/site-packages/airflow/example_dags/example_xcom.py
[2025-03-27T14:53:39.250-0500] {processor.py:914} INFO - Processing file /home/udhbhav/miniconda3/lib/python3.11/site-packages/airflow/example_dags/example_xcom.py for tasks to queue
[2025-03-27T14:53:39.251-0500] {logging_mixin.py:190} INFO - [2025-03-27T14:53:39.251-0500] {dagbag.py:588} INFO - Filling up the DagBag from /home/udhbhav/miniconda3/lib/python3.11/site-packages/airflow/example_dags/example_xcom.py
[2025-03-27T14:53:39.256-0500] {processor.py:925} INFO - DAG(s) 'example_xcom' retrieved from /home/udhbhav/miniconda3/lib/python3.11/site-packages/airflow/example_dags/example_xcom.py
[2025-03-27T14:53:39.264-0500] {logging_mixin.py:190} INFO - [2025-03-27T14:53:39.263-0500] {dag.py:3239} INFO - Sync 1 DAGs
[2025-03-27T14:53:39.271-0500] {logging_mixin.py:190} INFO - [2025-03-27T14:53:39.271-0500] {dag.py:4180} INFO - Setting next_dagrun for example_xcom to 2021-01-01 00:00:00+00:00, run_after=2021-01-01 00:00:00+00:00
[2025-03-27T14:53:39.378-0500] {processor.py:208} INFO - Processing /home/udhbhav/miniconda3/lib/python3.11/site-packages/airflow/example_dags/example_xcom.py took 0.132 seconds
[2025-03-27T14:54:45.812-0500] {processor.py:186} INFO - Started process (PID=1785454) to work on /home/udhbhav/miniconda3/lib/python3.11/site-packages/airflow/example_dags/example_xcom.py
[2025-03-27T14:54:45.813-0500] {processor.py:914} INFO - Processing file /home/udhbhav/miniconda3/lib/python3.11/site-packages/airflow/example_dags/example_xcom.py for tasks to queue
[2025-03-27T14:54:45.814-0500] {logging_mixin.py:190} INFO - [2025-03-27T14:54:45.814-0500] {dagbag.py:588} INFO - Filling up the DagBag from /home/udhbhav/miniconda3/lib/python3.11/site-packages/airflow/example_dags/example_xcom.py
[2025-03-27T14:54:45.819-0500] {processor.py:925} INFO - DAG(s) 'example_xcom' retrieved from /home/udhbhav/miniconda3/lib/python3.11/site-packages/airflow/example_dags/example_xcom.py
[2025-03-27T14:54:45.827-0500] {logging_mixin.py:190} INFO - [2025-03-27T14:54:45.826-0500] {dag.py:3239} INFO - Sync 1 DAGs
[2025-03-27T14:54:45.834-0500] {logging_mixin.py:190} INFO - [2025-03-27T14:54:45.834-0500] {dag.py:4180} INFO - Setting next_dagrun for example_xcom to 2021-01-01 00:00:00+00:00, run_after=2021-01-01 00:00:00+00:00
[2025-03-27T14:54:45.942-0500] {processor.py:208} INFO - Processing /home/udhbhav/miniconda3/lib/python3.11/site-packages/airflow/example_dags/example_xcom.py took 0.133 seconds
[2025-03-27T14:55:51.202-0500] {processor.py:186} INFO - Started process (PID=1786155) to work on /home/udhbhav/miniconda3/lib/python3.11/site-packages/airflow/example_dags/example_xcom.py
[2025-03-27T14:55:51.203-0500] {processor.py:914} INFO - Processing file /home/udhbhav/miniconda3/lib/python3.11/site-packages/airflow/example_dags/example_xcom.py for tasks to queue
[2025-03-27T14:55:51.204-0500] {logging_mixin.py:190} INFO - [2025-03-27T14:55:51.203-0500] {dagbag.py:588} INFO - Filling up the DagBag from /home/udhbhav/miniconda3/lib/python3.11/site-packages/airflow/example_dags/example_xcom.py
[2025-03-27T14:55:51.209-0500] {processor.py:925} INFO - DAG(s) 'example_xcom' retrieved from /home/udhbhav/miniconda3/lib/python3.11/site-packages/airflow/example_dags/example_xcom.py
[2025-03-27T14:55:51.216-0500] {logging_mixin.py:190} INFO - [2025-03-27T14:55:51.216-0500] {dag.py:3239} INFO - Sync 1 DAGs
[2025-03-27T14:55:51.224-0500] {logging_mixin.py:190} INFO - [2025-03-27T14:55:51.224-0500] {dag.py:4180} INFO - Setting next_dagrun for example_xcom to 2021-01-01 00:00:00+00:00, run_after=2021-01-01 00:00:00+00:00
[2025-03-27T14:55:51.408-0500] {processor.py:208} INFO - Processing /home/udhbhav/miniconda3/lib/python3.11/site-packages/airflow/example_dags/example_xcom.py took 0.209 seconds
[2025-03-27T14:57:09.603-0500] {processor.py:186} INFO - Started process (PID=1786883) to work on /home/udhbhav/miniconda3/lib/python3.11/site-packages/airflow/example_dags/example_xcom.py
[2025-03-27T14:57:09.603-0500] {processor.py:914} INFO - Processing file /home/udhbhav/miniconda3/lib/python3.11/site-packages/airflow/example_dags/example_xcom.py for tasks to queue
[2025-03-27T14:57:09.604-0500] {logging_mixin.py:190} INFO - [2025-03-27T14:57:09.604-0500] {dagbag.py:588} INFO - Filling up the DagBag from /home/udhbhav/miniconda3/lib/python3.11/site-packages/airflow/example_dags/example_xcom.py
[2025-03-27T14:57:09.609-0500] {processor.py:925} INFO - DAG(s) 'example_xcom' retrieved from /home/udhbhav/miniconda3/lib/python3.11/site-packages/airflow/example_dags/example_xcom.py
[2025-03-27T14:57:09.617-0500] {logging_mixin.py:190} INFO - [2025-03-27T14:57:09.617-0500] {dag.py:3239} INFO - Sync 1 DAGs
[2025-03-27T14:57:09.625-0500] {logging_mixin.py:190} INFO - [2025-03-27T14:57:09.625-0500] {dag.py:4180} INFO - Setting next_dagrun for example_xcom to 2021-01-01 00:00:00+00:00, run_after=2021-01-01 00:00:00+00:00
[2025-03-27T14:57:10.375-0500] {processor.py:208} INFO - Processing /home/udhbhav/miniconda3/lib/python3.11/site-packages/airflow/example_dags/example_xcom.py took 0.775 seconds
[2025-03-27T14:58:29.308-0500] {processor.py:186} INFO - Started process (PID=1787672) to work on /home/udhbhav/miniconda3/lib/python3.11/site-packages/airflow/example_dags/example_xcom.py
[2025-03-27T14:58:29.308-0500] {processor.py:914} INFO - Processing file /home/udhbhav/miniconda3/lib/python3.11/site-packages/airflow/example_dags/example_xcom.py for tasks to queue
[2025-03-27T14:58:29.309-0500] {logging_mixin.py:190} INFO - [2025-03-27T14:58:29.309-0500] {dagbag.py:588} INFO - Filling up the DagBag from /home/udhbhav/miniconda3/lib/python3.11/site-packages/airflow/example_dags/example_xcom.py
[2025-03-27T14:58:29.314-0500] {processor.py:925} INFO - DAG(s) 'example_xcom' retrieved from /home/udhbhav/miniconda3/lib/python3.11/site-packages/airflow/example_dags/example_xcom.py
[2025-03-27T14:58:29.322-0500] {logging_mixin.py:190} INFO - [2025-03-27T14:58:29.322-0500] {dag.py:3239} INFO - Sync 1 DAGs
[2025-03-27T14:58:29.330-0500] {logging_mixin.py:190} INFO - [2025-03-27T14:58:29.329-0500] {dag.py:4180} INFO - Setting next_dagrun for example_xcom to 2021-01-01 00:00:00+00:00, run_after=2021-01-01 00:00:00+00:00
[2025-03-27T14:58:29.478-0500] {processor.py:208} INFO - Processing /home/udhbhav/miniconda3/lib/python3.11/site-packages/airflow/example_dags/example_xcom.py took 0.173 seconds
[2025-03-27T15:00:04.127-0500] {processor.py:186} INFO - Started process (PID=1788686) to work on /home/udhbhav/miniconda3/lib/python3.11/site-packages/airflow/example_dags/example_xcom.py
[2025-03-27T15:00:04.127-0500] {processor.py:914} INFO - Processing file /home/udhbhav/miniconda3/lib/python3.11/site-packages/airflow/example_dags/example_xcom.py for tasks to queue
[2025-03-27T15:00:04.128-0500] {logging_mixin.py:190} INFO - [2025-03-27T15:00:04.128-0500] {dagbag.py:588} INFO - Filling up the DagBag from /home/udhbhav/miniconda3/lib/python3.11/site-packages/airflow/example_dags/example_xcom.py
[2025-03-27T15:00:04.134-0500] {processor.py:925} INFO - DAG(s) 'example_xcom' retrieved from /home/udhbhav/miniconda3/lib/python3.11/site-packages/airflow/example_dags/example_xcom.py
[2025-03-27T15:00:04.142-0500] {logging_mixin.py:190} INFO - [2025-03-27T15:00:04.142-0500] {dag.py:3239} INFO - Sync 1 DAGs
[2025-03-27T15:00:04.150-0500] {logging_mixin.py:190} INFO - [2025-03-27T15:00:04.150-0500] {dag.py:4180} INFO - Setting next_dagrun for example_xcom to 2021-01-01 00:00:00+00:00, run_after=2021-01-01 00:00:00+00:00
[2025-03-27T15:00:04.259-0500] {processor.py:208} INFO - Processing /home/udhbhav/miniconda3/lib/python3.11/site-packages/airflow/example_dags/example_xcom.py took 0.135 seconds
[2025-03-27T15:01:10.915-0500] {processor.py:186} INFO - Started process (PID=1789495) to work on /home/udhbhav/miniconda3/lib/python3.11/site-packages/airflow/example_dags/example_xcom.py
[2025-03-27T15:01:10.915-0500] {processor.py:914} INFO - Processing file /home/udhbhav/miniconda3/lib/python3.11/site-packages/airflow/example_dags/example_xcom.py for tasks to queue
[2025-03-27T15:01:10.916-0500] {logging_mixin.py:190} INFO - [2025-03-27T15:01:10.916-0500] {dagbag.py:588} INFO - Filling up the DagBag from /home/udhbhav/miniconda3/lib/python3.11/site-packages/airflow/example_dags/example_xcom.py
[2025-03-27T15:01:10.922-0500] {processor.py:925} INFO - DAG(s) 'example_xcom' retrieved from /home/udhbhav/miniconda3/lib/python3.11/site-packages/airflow/example_dags/example_xcom.py
[2025-03-27T15:01:10.929-0500] {logging_mixin.py:190} INFO - [2025-03-27T15:01:10.929-0500] {dag.py:3239} INFO - Sync 1 DAGs
[2025-03-27T15:01:10.937-0500] {logging_mixin.py:190} INFO - [2025-03-27T15:01:10.937-0500] {dag.py:4180} INFO - Setting next_dagrun for example_xcom to 2021-01-01 00:00:00+00:00, run_after=2021-01-01 00:00:00+00:00
[2025-03-27T15:01:11.044-0500] {processor.py:208} INFO - Processing /home/udhbhav/miniconda3/lib/python3.11/site-packages/airflow/example_dags/example_xcom.py took 0.132 seconds
[2025-03-27T15:02:15.286-0500] {processor.py:186} INFO - Started process (PID=1790230) to work on /home/udhbhav/miniconda3/lib/python3.11/site-packages/airflow/example_dags/example_xcom.py
[2025-03-27T15:02:15.287-0500] {processor.py:914} INFO - Processing file /home/udhbhav/miniconda3/lib/python3.11/site-packages/airflow/example_dags/example_xcom.py for tasks to queue
[2025-03-27T15:02:15.287-0500] {logging_mixin.py:190} INFO - [2025-03-27T15:02:15.287-0500] {dagbag.py:588} INFO - Filling up the DagBag from /home/udhbhav/miniconda3/lib/python3.11/site-packages/airflow/example_dags/example_xcom.py
[2025-03-27T15:02:15.292-0500] {processor.py:925} INFO - DAG(s) 'example_xcom' retrieved from /home/udhbhav/miniconda3/lib/python3.11/site-packages/airflow/example_dags/example_xcom.py
[2025-03-27T15:02:15.300-0500] {logging_mixin.py:190} INFO - [2025-03-27T15:02:15.300-0500] {dag.py:3239} INFO - Sync 1 DAGs
[2025-03-27T15:02:15.307-0500] {logging_mixin.py:190} INFO - [2025-03-27T15:02:15.307-0500] {dag.py:4180} INFO - Setting next_dagrun for example_xcom to 2021-01-01 00:00:00+00:00, run_after=2021-01-01 00:00:00+00:00
[2025-03-27T15:02:15.415-0500] {processor.py:208} INFO - Processing /home/udhbhav/miniconda3/lib/python3.11/site-packages/airflow/example_dags/example_xcom.py took 0.132 seconds
[2025-03-27T15:03:33.245-0500] {processor.py:186} INFO - Started process (PID=1790982) to work on /home/udhbhav/miniconda3/lib/python3.11/site-packages/airflow/example_dags/example_xcom.py
[2025-03-27T15:03:33.245-0500] {processor.py:914} INFO - Processing file /home/udhbhav/miniconda3/lib/python3.11/site-packages/airflow/example_dags/example_xcom.py for tasks to queue
[2025-03-27T15:03:33.246-0500] {logging_mixin.py:190} INFO - [2025-03-27T15:03:33.246-0500] {dagbag.py:588} INFO - Filling up the DagBag from /home/udhbhav/miniconda3/lib/python3.11/site-packages/airflow/example_dags/example_xcom.py
[2025-03-27T15:03:33.251-0500] {processor.py:925} INFO - DAG(s) 'example_xcom' retrieved from /home/udhbhav/miniconda3/lib/python3.11/site-packages/airflow/example_dags/example_xcom.py
[2025-03-27T15:03:33.259-0500] {logging_mixin.py:190} INFO - [2025-03-27T15:03:33.259-0500] {dag.py:3239} INFO - Sync 1 DAGs
[2025-03-27T15:03:33.266-0500] {logging_mixin.py:190} INFO - [2025-03-27T15:03:33.266-0500] {dag.py:4180} INFO - Setting next_dagrun for example_xcom to 2021-01-01 00:00:00+00:00, run_after=2021-01-01 00:00:00+00:00
[2025-03-27T15:03:33.378-0500] {processor.py:208} INFO - Processing /home/udhbhav/miniconda3/lib/python3.11/site-packages/airflow/example_dags/example_xcom.py took 0.136 seconds
[2025-03-27T15:04:46.352-0500] {processor.py:186} INFO - Started process (PID=1791805) to work on /home/udhbhav/miniconda3/lib/python3.11/site-packages/airflow/example_dags/example_xcom.py
[2025-03-27T15:04:46.353-0500] {processor.py:914} INFO - Processing file /home/udhbhav/miniconda3/lib/python3.11/site-packages/airflow/example_dags/example_xcom.py for tasks to queue
[2025-03-27T15:04:46.354-0500] {logging_mixin.py:190} INFO - [2025-03-27T15:04:46.353-0500] {dagbag.py:588} INFO - Filling up the DagBag from /home/udhbhav/miniconda3/lib/python3.11/site-packages/airflow/example_dags/example_xcom.py
[2025-03-27T15:04:46.360-0500] {processor.py:925} INFO - DAG(s) 'example_xcom' retrieved from /home/udhbhav/miniconda3/lib/python3.11/site-packages/airflow/example_dags/example_xcom.py
[2025-03-27T15:04:46.367-0500] {logging_mixin.py:190} INFO - [2025-03-27T15:04:46.367-0500] {dag.py:3239} INFO - Sync 1 DAGs
[2025-03-27T15:04:46.375-0500] {logging_mixin.py:190} INFO - [2025-03-27T15:04:46.375-0500] {dag.py:4180} INFO - Setting next_dagrun for example_xcom to 2021-01-01 00:00:00+00:00, run_after=2021-01-01 00:00:00+00:00
[2025-03-27T15:04:46.528-0500] {processor.py:208} INFO - Processing /home/udhbhav/miniconda3/lib/python3.11/site-packages/airflow/example_dags/example_xcom.py took 0.178 seconds
[2025-03-27T15:06:08.454-0500] {processor.py:186} INFO - Started process (PID=1792494) to work on /home/udhbhav/miniconda3/lib/python3.11/site-packages/airflow/example_dags/example_xcom.py
[2025-03-27T15:06:08.454-0500] {processor.py:914} INFO - Processing file /home/udhbhav/miniconda3/lib/python3.11/site-packages/airflow/example_dags/example_xcom.py for tasks to queue
[2025-03-27T15:06:08.455-0500] {logging_mixin.py:190} INFO - [2025-03-27T15:06:08.455-0500] {dagbag.py:588} INFO - Filling up the DagBag from /home/udhbhav/miniconda3/lib/python3.11/site-packages/airflow/example_dags/example_xcom.py
[2025-03-27T15:06:08.461-0500] {processor.py:925} INFO - DAG(s) 'example_xcom' retrieved from /home/udhbhav/miniconda3/lib/python3.11/site-packages/airflow/example_dags/example_xcom.py
[2025-03-27T15:06:08.468-0500] {logging_mixin.py:190} INFO - [2025-03-27T15:06:08.468-0500] {dag.py:3239} INFO - Sync 1 DAGs
[2025-03-27T15:06:08.476-0500] {logging_mixin.py:190} INFO - [2025-03-27T15:06:08.475-0500] {dag.py:4180} INFO - Setting next_dagrun for example_xcom to 2021-01-01 00:00:00+00:00, run_after=2021-01-01 00:00:00+00:00
[2025-03-27T15:06:08.644-0500] {processor.py:208} INFO - Processing /home/udhbhav/miniconda3/lib/python3.11/site-packages/airflow/example_dags/example_xcom.py took 0.192 seconds
[2025-03-27T15:07:34.918-0500] {processor.py:186} INFO - Started process (PID=1793404) to work on /home/udhbhav/miniconda3/lib/python3.11/site-packages/airflow/example_dags/example_xcom.py
[2025-03-27T15:07:34.919-0500] {processor.py:914} INFO - Processing file /home/udhbhav/miniconda3/lib/python3.11/site-packages/airflow/example_dags/example_xcom.py for tasks to queue
[2025-03-27T15:07:34.920-0500] {logging_mixin.py:190} INFO - [2025-03-27T15:07:34.920-0500] {dagbag.py:588} INFO - Filling up the DagBag from /home/udhbhav/miniconda3/lib/python3.11/site-packages/airflow/example_dags/example_xcom.py
[2025-03-27T15:07:34.925-0500] {processor.py:925} INFO - DAG(s) 'example_xcom' retrieved from /home/udhbhav/miniconda3/lib/python3.11/site-packages/airflow/example_dags/example_xcom.py
[2025-03-27T15:07:34.933-0500] {logging_mixin.py:190} INFO - [2025-03-27T15:07:34.933-0500] {dag.py:3239} INFO - Sync 1 DAGs
[2025-03-27T15:07:34.940-0500] {logging_mixin.py:190} INFO - [2025-03-27T15:07:34.940-0500] {dag.py:4180} INFO - Setting next_dagrun for example_xcom to 2021-01-01 00:00:00+00:00, run_after=2021-01-01 00:00:00+00:00
[2025-03-27T15:07:35.047-0500] {processor.py:208} INFO - Processing /home/udhbhav/miniconda3/lib/python3.11/site-packages/airflow/example_dags/example_xcom.py took 0.132 seconds
[2025-03-27T15:08:38.576-0500] {processor.py:186} INFO - Started process (PID=1794054) to work on /home/udhbhav/miniconda3/lib/python3.11/site-packages/airflow/example_dags/example_xcom.py
[2025-03-27T15:08:38.577-0500] {processor.py:914} INFO - Processing file /home/udhbhav/miniconda3/lib/python3.11/site-packages/airflow/example_dags/example_xcom.py for tasks to queue
[2025-03-27T15:08:38.578-0500] {logging_mixin.py:190} INFO - [2025-03-27T15:08:38.577-0500] {dagbag.py:588} INFO - Filling up the DagBag from /home/udhbhav/miniconda3/lib/python3.11/site-packages/airflow/example_dags/example_xcom.py
[2025-03-27T15:08:38.583-0500] {processor.py:925} INFO - DAG(s) 'example_xcom' retrieved from /home/udhbhav/miniconda3/lib/python3.11/site-packages/airflow/example_dags/example_xcom.py
[2025-03-27T15:08:38.591-0500] {logging_mixin.py:190} INFO - [2025-03-27T15:08:38.590-0500] {dag.py:3239} INFO - Sync 1 DAGs
[2025-03-27T15:08:38.598-0500] {logging_mixin.py:190} INFO - [2025-03-27T15:08:38.598-0500] {dag.py:4180} INFO - Setting next_dagrun for example_xcom to 2021-01-01 00:00:00+00:00, run_after=2021-01-01 00:00:00+00:00
[2025-03-27T15:08:38.705-0500] {processor.py:208} INFO - Processing /home/udhbhav/miniconda3/lib/python3.11/site-packages/airflow/example_dags/example_xcom.py took 0.132 seconds
[2025-03-27T15:09:47.482-0500] {processor.py:186} INFO - Started process (PID=1794773) to work on /home/udhbhav/miniconda3/lib/python3.11/site-packages/airflow/example_dags/example_xcom.py
[2025-03-27T15:09:47.482-0500] {processor.py:914} INFO - Processing file /home/udhbhav/miniconda3/lib/python3.11/site-packages/airflow/example_dags/example_xcom.py for tasks to queue
[2025-03-27T15:09:47.483-0500] {logging_mixin.py:190} INFO - [2025-03-27T15:09:47.483-0500] {dagbag.py:588} INFO - Filling up the DagBag from /home/udhbhav/miniconda3/lib/python3.11/site-packages/airflow/example_dags/example_xcom.py
[2025-03-27T15:09:47.488-0500] {processor.py:925} INFO - DAG(s) 'example_xcom' retrieved from /home/udhbhav/miniconda3/lib/python3.11/site-packages/airflow/example_dags/example_xcom.py
[2025-03-27T15:09:47.496-0500] {logging_mixin.py:190} INFO - [2025-03-27T15:09:47.496-0500] {dag.py:3239} INFO - Sync 1 DAGs
[2025-03-27T15:09:47.503-0500] {logging_mixin.py:190} INFO - [2025-03-27T15:09:47.503-0500] {dag.py:4180} INFO - Setting next_dagrun for example_xcom to 2021-01-01 00:00:00+00:00, run_after=2021-01-01 00:00:00+00:00
[2025-03-27T15:09:48.212-0500] {processor.py:208} INFO - Processing /home/udhbhav/miniconda3/lib/python3.11/site-packages/airflow/example_dags/example_xcom.py took 0.733 seconds
[2025-03-27T15:10:57.292-0500] {processor.py:186} INFO - Started process (PID=1795430) to work on /home/udhbhav/miniconda3/lib/python3.11/site-packages/airflow/example_dags/example_xcom.py
[2025-03-27T15:10:57.292-0500] {processor.py:914} INFO - Processing file /home/udhbhav/miniconda3/lib/python3.11/site-packages/airflow/example_dags/example_xcom.py for tasks to queue
[2025-03-27T15:10:57.293-0500] {logging_mixin.py:190} INFO - [2025-03-27T15:10:57.293-0500] {dagbag.py:588} INFO - Filling up the DagBag from /home/udhbhav/miniconda3/lib/python3.11/site-packages/airflow/example_dags/example_xcom.py
[2025-03-27T15:10:57.298-0500] {processor.py:925} INFO - DAG(s) 'example_xcom' retrieved from /home/udhbhav/miniconda3/lib/python3.11/site-packages/airflow/example_dags/example_xcom.py
[2025-03-27T15:10:57.306-0500] {logging_mixin.py:190} INFO - [2025-03-27T15:10:57.306-0500] {dag.py:3239} INFO - Sync 1 DAGs
[2025-03-27T15:10:57.313-0500] {logging_mixin.py:190} INFO - [2025-03-27T15:10:57.313-0500] {dag.py:4180} INFO - Setting next_dagrun for example_xcom to 2021-01-01 00:00:00+00:00, run_after=2021-01-01 00:00:00+00:00
[2025-03-27T15:10:57.420-0500] {processor.py:208} INFO - Processing /home/udhbhav/miniconda3/lib/python3.11/site-packages/airflow/example_dags/example_xcom.py took 0.131 seconds
[2025-03-27T15:12:02.745-0500] {processor.py:186} INFO - Started process (PID=1797633) to work on /home/udhbhav/miniconda3/lib/python3.11/site-packages/airflow/example_dags/example_xcom.py
[2025-03-27T15:12:02.745-0500] {processor.py:914} INFO - Processing file /home/udhbhav/miniconda3/lib/python3.11/site-packages/airflow/example_dags/example_xcom.py for tasks to queue
[2025-03-27T15:12:02.746-0500] {logging_mixin.py:190} INFO - [2025-03-27T15:12:02.746-0500] {dagbag.py:588} INFO - Filling up the DagBag from /home/udhbhav/miniconda3/lib/python3.11/site-packages/airflow/example_dags/example_xcom.py
[2025-03-27T15:12:02.751-0500] {processor.py:925} INFO - DAG(s) 'example_xcom' retrieved from /home/udhbhav/miniconda3/lib/python3.11/site-packages/airflow/example_dags/example_xcom.py
[2025-03-27T15:12:02.759-0500] {logging_mixin.py:190} INFO - [2025-03-27T15:12:02.759-0500] {dag.py:3239} INFO - Sync 1 DAGs
[2025-03-27T15:12:02.766-0500] {logging_mixin.py:190} INFO - [2025-03-27T15:12:02.766-0500] {dag.py:4180} INFO - Setting next_dagrun for example_xcom to 2021-01-01 00:00:00+00:00, run_after=2021-01-01 00:00:00+00:00
[2025-03-27T15:12:02.873-0500] {processor.py:208} INFO - Processing /home/udhbhav/miniconda3/lib/python3.11/site-packages/airflow/example_dags/example_xcom.py took 0.131 seconds
[2025-03-27T15:13:22.712-0500] {processor.py:186} INFO - Started process (PID=1798372) to work on /home/udhbhav/miniconda3/lib/python3.11/site-packages/airflow/example_dags/example_xcom.py
[2025-03-27T15:13:22.712-0500] {processor.py:914} INFO - Processing file /home/udhbhav/miniconda3/lib/python3.11/site-packages/airflow/example_dags/example_xcom.py for tasks to queue
[2025-03-27T15:13:22.713-0500] {logging_mixin.py:190} INFO - [2025-03-27T15:13:22.713-0500] {dagbag.py:588} INFO - Filling up the DagBag from /home/udhbhav/miniconda3/lib/python3.11/site-packages/airflow/example_dags/example_xcom.py
[2025-03-27T15:13:22.718-0500] {processor.py:925} INFO - DAG(s) 'example_xcom' retrieved from /home/udhbhav/miniconda3/lib/python3.11/site-packages/airflow/example_dags/example_xcom.py
[2025-03-27T15:13:22.726-0500] {logging_mixin.py:190} INFO - [2025-03-27T15:13:22.726-0500] {dag.py:3239} INFO - Sync 1 DAGs
[2025-03-27T15:13:22.733-0500] {logging_mixin.py:190} INFO - [2025-03-27T15:13:22.733-0500] {dag.py:4180} INFO - Setting next_dagrun for example_xcom to 2021-01-01 00:00:00+00:00, run_after=2021-01-01 00:00:00+00:00
[2025-03-27T15:13:22.928-0500] {processor.py:208} INFO - Processing /home/udhbhav/miniconda3/lib/python3.11/site-packages/airflow/example_dags/example_xcom.py took 0.220 seconds
[2025-03-27T15:14:38.783-0500] {processor.py:186} INFO - Started process (PID=1799178) to work on /home/udhbhav/miniconda3/lib/python3.11/site-packages/airflow/example_dags/example_xcom.py
[2025-03-27T15:14:38.783-0500] {processor.py:914} INFO - Processing file /home/udhbhav/miniconda3/lib/python3.11/site-packages/airflow/example_dags/example_xcom.py for tasks to queue
[2025-03-27T15:14:38.784-0500] {logging_mixin.py:190} INFO - [2025-03-27T15:14:38.784-0500] {dagbag.py:588} INFO - Filling up the DagBag from /home/udhbhav/miniconda3/lib/python3.11/site-packages/airflow/example_dags/example_xcom.py
[2025-03-27T15:14:38.789-0500] {processor.py:925} INFO - DAG(s) 'example_xcom' retrieved from /home/udhbhav/miniconda3/lib/python3.11/site-packages/airflow/example_dags/example_xcom.py
[2025-03-27T15:14:38.797-0500] {logging_mixin.py:190} INFO - [2025-03-27T15:14:38.797-0500] {dag.py:3239} INFO - Sync 1 DAGs
[2025-03-27T15:14:38.804-0500] {logging_mixin.py:190} INFO - [2025-03-27T15:14:38.804-0500] {dag.py:4180} INFO - Setting next_dagrun for example_xcom to 2021-01-01 00:00:00+00:00, run_after=2021-01-01 00:00:00+00:00
[2025-03-27T15:14:38.999-0500] {processor.py:208} INFO - Processing /home/udhbhav/miniconda3/lib/python3.11/site-packages/airflow/example_dags/example_xcom.py took 0.219 seconds
[2025-03-27T15:15:55.693-0500] {processor.py:186} INFO - Started process (PID=1799991) to work on /home/udhbhav/miniconda3/lib/python3.11/site-packages/airflow/example_dags/example_xcom.py
[2025-03-27T15:15:55.693-0500] {processor.py:914} INFO - Processing file /home/udhbhav/miniconda3/lib/python3.11/site-packages/airflow/example_dags/example_xcom.py for tasks to queue
[2025-03-27T15:15:55.694-0500] {logging_mixin.py:190} INFO - [2025-03-27T15:15:55.694-0500] {dagbag.py:588} INFO - Filling up the DagBag from /home/udhbhav/miniconda3/lib/python3.11/site-packages/airflow/example_dags/example_xcom.py
[2025-03-27T15:15:55.699-0500] {processor.py:925} INFO - DAG(s) 'example_xcom' retrieved from /home/udhbhav/miniconda3/lib/python3.11/site-packages/airflow/example_dags/example_xcom.py
[2025-03-27T15:15:55.707-0500] {logging_mixin.py:190} INFO - [2025-03-27T15:15:55.707-0500] {dag.py:3239} INFO - Sync 1 DAGs
[2025-03-27T15:15:55.714-0500] {logging_mixin.py:190} INFO - [2025-03-27T15:15:55.714-0500] {dag.py:4180} INFO - Setting next_dagrun for example_xcom to 2021-01-01 00:00:00+00:00, run_after=2021-01-01 00:00:00+00:00
[2025-03-27T15:15:55.887-0500] {processor.py:208} INFO - Processing /home/udhbhav/miniconda3/lib/python3.11/site-packages/airflow/example_dags/example_xcom.py took 0.197 seconds
[2025-03-27T15:17:15.502-0500] {processor.py:186} INFO - Started process (PID=1800707) to work on /home/udhbhav/miniconda3/lib/python3.11/site-packages/airflow/example_dags/example_xcom.py
[2025-03-27T15:17:15.502-0500] {processor.py:914} INFO - Processing file /home/udhbhav/miniconda3/lib/python3.11/site-packages/airflow/example_dags/example_xcom.py for tasks to queue
[2025-03-27T15:17:15.503-0500] {logging_mixin.py:190} INFO - [2025-03-27T15:17:15.503-0500] {dagbag.py:588} INFO - Filling up the DagBag from /home/udhbhav/miniconda3/lib/python3.11/site-packages/airflow/example_dags/example_xcom.py
[2025-03-27T15:17:15.508-0500] {processor.py:925} INFO - DAG(s) 'example_xcom' retrieved from /home/udhbhav/miniconda3/lib/python3.11/site-packages/airflow/example_dags/example_xcom.py
[2025-03-27T15:17:15.516-0500] {logging_mixin.py:190} INFO - [2025-03-27T15:17:15.515-0500] {dag.py:3239} INFO - Sync 1 DAGs
[2025-03-27T15:17:15.523-0500] {logging_mixin.py:190} INFO - [2025-03-27T15:17:15.523-0500] {dag.py:4180} INFO - Setting next_dagrun for example_xcom to 2021-01-01 00:00:00+00:00, run_after=2021-01-01 00:00:00+00:00
[2025-03-27T15:17:15.711-0500] {processor.py:208} INFO - Processing /home/udhbhav/miniconda3/lib/python3.11/site-packages/airflow/example_dags/example_xcom.py took 0.213 seconds
[2025-03-27T15:18:22.523-0500] {processor.py:186} INFO - Started process (PID=1801373) to work on /home/udhbhav/miniconda3/lib/python3.11/site-packages/airflow/example_dags/example_xcom.py
[2025-03-27T15:18:22.523-0500] {processor.py:914} INFO - Processing file /home/udhbhav/miniconda3/lib/python3.11/site-packages/airflow/example_dags/example_xcom.py for tasks to queue
[2025-03-27T15:18:22.524-0500] {logging_mixin.py:190} INFO - [2025-03-27T15:18:22.524-0500] {dagbag.py:588} INFO - Filling up the DagBag from /home/udhbhav/miniconda3/lib/python3.11/site-packages/airflow/example_dags/example_xcom.py
[2025-03-27T15:18:22.529-0500] {processor.py:925} INFO - DAG(s) 'example_xcom' retrieved from /home/udhbhav/miniconda3/lib/python3.11/site-packages/airflow/example_dags/example_xcom.py
[2025-03-27T15:18:22.537-0500] {logging_mixin.py:190} INFO - [2025-03-27T15:18:22.537-0500] {dag.py:3239} INFO - Sync 1 DAGs
[2025-03-27T15:18:22.544-0500] {logging_mixin.py:190} INFO - [2025-03-27T15:18:22.544-0500] {dag.py:4180} INFO - Setting next_dagrun for example_xcom to 2021-01-01 00:00:00+00:00, run_after=2021-01-01 00:00:00+00:00
[2025-03-27T15:18:22.651-0500] {processor.py:208} INFO - Processing /home/udhbhav/miniconda3/lib/python3.11/site-packages/airflow/example_dags/example_xcom.py took 0.131 seconds
[2025-03-27T15:19:32.323-0500] {processor.py:186} INFO - Started process (PID=1802058) to work on /home/udhbhav/miniconda3/lib/python3.11/site-packages/airflow/example_dags/example_xcom.py
[2025-03-27T15:19:32.323-0500] {processor.py:914} INFO - Processing file /home/udhbhav/miniconda3/lib/python3.11/site-packages/airflow/example_dags/example_xcom.py for tasks to queue
[2025-03-27T15:19:32.324-0500] {logging_mixin.py:190} INFO - [2025-03-27T15:19:32.324-0500] {dagbag.py:588} INFO - Filling up the DagBag from /home/udhbhav/miniconda3/lib/python3.11/site-packages/airflow/example_dags/example_xcom.py
[2025-03-27T15:19:32.329-0500] {processor.py:925} INFO - DAG(s) 'example_xcom' retrieved from /home/udhbhav/miniconda3/lib/python3.11/site-packages/airflow/example_dags/example_xcom.py
[2025-03-27T15:19:32.337-0500] {logging_mixin.py:190} INFO - [2025-03-27T15:19:32.337-0500] {dag.py:3239} INFO - Sync 1 DAGs
[2025-03-27T15:19:32.345-0500] {logging_mixin.py:190} INFO - [2025-03-27T15:19:32.345-0500] {dag.py:4180} INFO - Setting next_dagrun for example_xcom to 2021-01-01 00:00:00+00:00, run_after=2021-01-01 00:00:00+00:00
[2025-03-27T15:19:32.452-0500] {processor.py:208} INFO - Processing /home/udhbhav/miniconda3/lib/python3.11/site-packages/airflow/example_dags/example_xcom.py took 0.132 seconds
[2025-03-27T15:20:37.372-0500] {processor.py:186} INFO - Started process (PID=1803503) to work on /home/udhbhav/miniconda3/lib/python3.11/site-packages/airflow/example_dags/example_xcom.py
[2025-03-27T15:20:37.372-0500] {processor.py:914} INFO - Processing file /home/udhbhav/miniconda3/lib/python3.11/site-packages/airflow/example_dags/example_xcom.py for tasks to queue
[2025-03-27T15:20:37.373-0500] {logging_mixin.py:190} INFO - [2025-03-27T15:20:37.373-0500] {dagbag.py:588} INFO - Filling up the DagBag from /home/udhbhav/miniconda3/lib/python3.11/site-packages/airflow/example_dags/example_xcom.py
[2025-03-27T15:20:37.379-0500] {processor.py:925} INFO - DAG(s) 'example_xcom' retrieved from /home/udhbhav/miniconda3/lib/python3.11/site-packages/airflow/example_dags/example_xcom.py
[2025-03-27T15:20:37.387-0500] {logging_mixin.py:190} INFO - [2025-03-27T15:20:37.387-0500] {dag.py:3239} INFO - Sync 1 DAGs
[2025-03-27T15:20:37.395-0500] {logging_mixin.py:190} INFO - [2025-03-27T15:20:37.395-0500] {dag.py:4180} INFO - Setting next_dagrun for example_xcom to 2021-01-01 00:00:00+00:00, run_after=2021-01-01 00:00:00+00:00
[2025-03-27T15:20:37.502-0500] {processor.py:208} INFO - Processing /home/udhbhav/miniconda3/lib/python3.11/site-packages/airflow/example_dags/example_xcom.py took 0.133 seconds
[2025-03-27T15:21:48.414-0500] {processor.py:186} INFO - Started process (PID=1808344) to work on /home/udhbhav/miniconda3/lib/python3.11/site-packages/airflow/example_dags/example_xcom.py
[2025-03-27T15:21:48.414-0500] {processor.py:914} INFO - Processing file /home/udhbhav/miniconda3/lib/python3.11/site-packages/airflow/example_dags/example_xcom.py for tasks to queue
[2025-03-27T15:21:48.415-0500] {logging_mixin.py:190} INFO - [2025-03-27T15:21:48.415-0500] {dagbag.py:588} INFO - Filling up the DagBag from /home/udhbhav/miniconda3/lib/python3.11/site-packages/airflow/example_dags/example_xcom.py
[2025-03-27T15:21:48.420-0500] {processor.py:925} INFO - DAG(s) 'example_xcom' retrieved from /home/udhbhav/miniconda3/lib/python3.11/site-packages/airflow/example_dags/example_xcom.py
[2025-03-27T15:21:48.428-0500] {logging_mixin.py:190} INFO - [2025-03-27T15:21:48.428-0500] {dag.py:3239} INFO - Sync 1 DAGs
[2025-03-27T15:21:48.435-0500] {logging_mixin.py:190} INFO - [2025-03-27T15:21:48.435-0500] {dag.py:4180} INFO - Setting next_dagrun for example_xcom to 2021-01-01 00:00:00+00:00, run_after=2021-01-01 00:00:00+00:00
[2025-03-27T15:21:48.543-0500] {processor.py:208} INFO - Processing /home/udhbhav/miniconda3/lib/python3.11/site-packages/airflow/example_dags/example_xcom.py took 0.132 seconds
[2025-03-27T15:23:08.494-0500] {processor.py:186} INFO - Started process (PID=1809063) to work on /home/udhbhav/miniconda3/lib/python3.11/site-packages/airflow/example_dags/example_xcom.py
[2025-03-27T15:23:08.494-0500] {processor.py:914} INFO - Processing file /home/udhbhav/miniconda3/lib/python3.11/site-packages/airflow/example_dags/example_xcom.py for tasks to queue
[2025-03-27T15:23:08.495-0500] {logging_mixin.py:190} INFO - [2025-03-27T15:23:08.495-0500] {dagbag.py:588} INFO - Filling up the DagBag from /home/udhbhav/miniconda3/lib/python3.11/site-packages/airflow/example_dags/example_xcom.py
[2025-03-27T15:23:08.500-0500] {processor.py:925} INFO - DAG(s) 'example_xcom' retrieved from /home/udhbhav/miniconda3/lib/python3.11/site-packages/airflow/example_dags/example_xcom.py
[2025-03-27T15:23:08.508-0500] {logging_mixin.py:190} INFO - [2025-03-27T15:23:08.508-0500] {dag.py:3239} INFO - Sync 1 DAGs
[2025-03-27T15:23:08.515-0500] {logging_mixin.py:190} INFO - [2025-03-27T15:23:08.515-0500] {dag.py:4180} INFO - Setting next_dagrun for example_xcom to 2021-01-01 00:00:00+00:00, run_after=2021-01-01 00:00:00+00:00
[2025-03-27T15:23:08.688-0500] {processor.py:208} INFO - Processing /home/udhbhav/miniconda3/lib/python3.11/site-packages/airflow/example_dags/example_xcom.py took 0.197 seconds
[2025-03-27T15:24:16.436-0500] {processor.py:186} INFO - Started process (PID=1809843) to work on /home/udhbhav/miniconda3/lib/python3.11/site-packages/airflow/example_dags/example_xcom.py
[2025-03-27T15:24:16.437-0500] {processor.py:914} INFO - Processing file /home/udhbhav/miniconda3/lib/python3.11/site-packages/airflow/example_dags/example_xcom.py for tasks to queue
[2025-03-27T15:24:16.438-0500] {logging_mixin.py:190} INFO - [2025-03-27T15:24:16.438-0500] {dagbag.py:588} INFO - Filling up the DagBag from /home/udhbhav/miniconda3/lib/python3.11/site-packages/airflow/example_dags/example_xcom.py
[2025-03-27T15:24:16.443-0500] {processor.py:925} INFO - DAG(s) 'example_xcom' retrieved from /home/udhbhav/miniconda3/lib/python3.11/site-packages/airflow/example_dags/example_xcom.py
[2025-03-27T15:24:16.450-0500] {logging_mixin.py:190} INFO - [2025-03-27T15:24:16.450-0500] {dag.py:3239} INFO - Sync 1 DAGs
[2025-03-27T15:24:16.458-0500] {logging_mixin.py:190} INFO - [2025-03-27T15:24:16.458-0500] {dag.py:4180} INFO - Setting next_dagrun for example_xcom to 2021-01-01 00:00:00+00:00, run_after=2021-01-01 00:00:00+00:00
[2025-03-27T15:24:16.622-0500] {processor.py:208} INFO - Processing /home/udhbhav/miniconda3/lib/python3.11/site-packages/airflow/example_dags/example_xcom.py took 0.189 seconds
[2025-03-27T15:25:35.634-0500] {processor.py:186} INFO - Started process (PID=1810650) to work on /home/udhbhav/miniconda3/lib/python3.11/site-packages/airflow/example_dags/example_xcom.py
[2025-03-27T15:25:35.634-0500] {processor.py:914} INFO - Processing file /home/udhbhav/miniconda3/lib/python3.11/site-packages/airflow/example_dags/example_xcom.py for tasks to queue
[2025-03-27T15:25:35.635-0500] {logging_mixin.py:190} INFO - [2025-03-27T15:25:35.635-0500] {dagbag.py:588} INFO - Filling up the DagBag from /home/udhbhav/miniconda3/lib/python3.11/site-packages/airflow/example_dags/example_xcom.py
[2025-03-27T15:25:35.640-0500] {processor.py:925} INFO - DAG(s) 'example_xcom' retrieved from /home/udhbhav/miniconda3/lib/python3.11/site-packages/airflow/example_dags/example_xcom.py
[2025-03-27T15:25:35.648-0500] {logging_mixin.py:190} INFO - [2025-03-27T15:25:35.648-0500] {dag.py:3239} INFO - Sync 1 DAGs
[2025-03-27T15:25:35.655-0500] {logging_mixin.py:190} INFO - [2025-03-27T15:25:35.655-0500] {dag.py:4180} INFO - Setting next_dagrun for example_xcom to 2021-01-01 00:00:00+00:00, run_after=2021-01-01 00:00:00+00:00
[2025-03-27T15:25:35.913-0500] {processor.py:208} INFO - Processing /home/udhbhav/miniconda3/lib/python3.11/site-packages/airflow/example_dags/example_xcom.py took 0.282 seconds
[2025-03-27T15:27:09.804-0500] {processor.py:186} INFO - Started process (PID=1811531) to work on /home/udhbhav/miniconda3/lib/python3.11/site-packages/airflow/example_dags/example_xcom.py
[2025-03-27T15:27:09.805-0500] {processor.py:914} INFO - Processing file /home/udhbhav/miniconda3/lib/python3.11/site-packages/airflow/example_dags/example_xcom.py for tasks to queue
[2025-03-27T15:27:09.806-0500] {logging_mixin.py:190} INFO - [2025-03-27T15:27:09.805-0500] {dagbag.py:588} INFO - Filling up the DagBag from /home/udhbhav/miniconda3/lib/python3.11/site-packages/airflow/example_dags/example_xcom.py
[2025-03-27T15:27:09.811-0500] {processor.py:925} INFO - DAG(s) 'example_xcom' retrieved from /home/udhbhav/miniconda3/lib/python3.11/site-packages/airflow/example_dags/example_xcom.py
[2025-03-27T15:27:09.818-0500] {logging_mixin.py:190} INFO - [2025-03-27T15:27:09.818-0500] {dag.py:3239} INFO - Sync 1 DAGs
[2025-03-27T15:27:09.826-0500] {logging_mixin.py:190} INFO - [2025-03-27T15:27:09.826-0500] {dag.py:4180} INFO - Setting next_dagrun for example_xcom to 2021-01-01 00:00:00+00:00, run_after=2021-01-01 00:00:00+00:00
[2025-03-27T15:27:09.933-0500] {processor.py:208} INFO - Processing /home/udhbhav/miniconda3/lib/python3.11/site-packages/airflow/example_dags/example_xcom.py took 0.132 seconds
[2025-03-27T15:28:26.656-0500] {processor.py:186} INFO - Started process (PID=1812238) to work on /home/udhbhav/miniconda3/lib/python3.11/site-packages/airflow/example_dags/example_xcom.py
[2025-03-27T15:28:26.656-0500] {processor.py:914} INFO - Processing file /home/udhbhav/miniconda3/lib/python3.11/site-packages/airflow/example_dags/example_xcom.py for tasks to queue
[2025-03-27T15:28:26.657-0500] {logging_mixin.py:190} INFO - [2025-03-27T15:28:26.657-0500] {dagbag.py:588} INFO - Filling up the DagBag from /home/udhbhav/miniconda3/lib/python3.11/site-packages/airflow/example_dags/example_xcom.py
[2025-03-27T15:28:26.662-0500] {processor.py:925} INFO - DAG(s) 'example_xcom' retrieved from /home/udhbhav/miniconda3/lib/python3.11/site-packages/airflow/example_dags/example_xcom.py
[2025-03-27T15:28:26.670-0500] {logging_mixin.py:190} INFO - [2025-03-27T15:28:26.670-0500] {dag.py:3239} INFO - Sync 1 DAGs
[2025-03-27T15:28:26.678-0500] {logging_mixin.py:190} INFO - [2025-03-27T15:28:26.678-0500] {dag.py:4180} INFO - Setting next_dagrun for example_xcom to 2021-01-01 00:00:00+00:00, run_after=2021-01-01 00:00:00+00:00
[2025-03-27T15:28:26.910-0500] {processor.py:208} INFO - Processing /home/udhbhav/miniconda3/lib/python3.11/site-packages/airflow/example_dags/example_xcom.py took 0.256 seconds
[2025-03-27T15:30:13.867-0500] {processor.py:186} INFO - Started process (PID=1813264) to work on /home/udhbhav/miniconda3/lib/python3.11/site-packages/airflow/example_dags/example_xcom.py
[2025-03-27T15:30:13.867-0500] {processor.py:914} INFO - Processing file /home/udhbhav/miniconda3/lib/python3.11/site-packages/airflow/example_dags/example_xcom.py for tasks to queue
[2025-03-27T15:30:13.868-0500] {logging_mixin.py:190} INFO - [2025-03-27T15:30:13.868-0500] {dagbag.py:588} INFO - Filling up the DagBag from /home/udhbhav/miniconda3/lib/python3.11/site-packages/airflow/example_dags/example_xcom.py
[2025-03-27T15:30:13.874-0500] {processor.py:925} INFO - DAG(s) 'example_xcom' retrieved from /home/udhbhav/miniconda3/lib/python3.11/site-packages/airflow/example_dags/example_xcom.py
[2025-03-27T15:30:13.881-0500] {logging_mixin.py:190} INFO - [2025-03-27T15:30:13.881-0500] {dag.py:3239} INFO - Sync 1 DAGs
[2025-03-27T15:30:13.889-0500] {logging_mixin.py:190} INFO - [2025-03-27T15:30:13.889-0500] {dag.py:4180} INFO - Setting next_dagrun for example_xcom to 2021-01-01 00:00:00+00:00, run_after=2021-01-01 00:00:00+00:00
[2025-03-27T15:30:14.792-0500] {processor.py:208} INFO - Processing /home/udhbhav/miniconda3/lib/python3.11/site-packages/airflow/example_dags/example_xcom.py took 0.928 seconds
[2025-03-27T15:32:04.399-0500] {processor.py:186} INFO - Started process (PID=1814325) to work on /home/udhbhav/miniconda3/lib/python3.11/site-packages/airflow/example_dags/example_xcom.py
[2025-03-27T15:32:04.399-0500] {processor.py:914} INFO - Processing file /home/udhbhav/miniconda3/lib/python3.11/site-packages/airflow/example_dags/example_xcom.py for tasks to queue
[2025-03-27T15:32:04.401-0500] {logging_mixin.py:190} INFO - [2025-03-27T15:32:04.401-0500] {dagbag.py:588} INFO - Filling up the DagBag from /home/udhbhav/miniconda3/lib/python3.11/site-packages/airflow/example_dags/example_xcom.py
[2025-03-27T15:32:04.406-0500] {processor.py:925} INFO - DAG(s) 'example_xcom' retrieved from /home/udhbhav/miniconda3/lib/python3.11/site-packages/airflow/example_dags/example_xcom.py
[2025-03-27T15:32:04.414-0500] {logging_mixin.py:190} INFO - [2025-03-27T15:32:04.414-0500] {dag.py:3239} INFO - Sync 1 DAGs
[2025-03-27T15:32:04.421-0500] {logging_mixin.py:190} INFO - [2025-03-27T15:32:04.421-0500] {dag.py:4180} INFO - Setting next_dagrun for example_xcom to 2021-01-01 00:00:00+00:00, run_after=2021-01-01 00:00:00+00:00
[2025-03-27T15:32:04.528-0500] {processor.py:208} INFO - Processing /home/udhbhav/miniconda3/lib/python3.11/site-packages/airflow/example_dags/example_xcom.py took 0.132 seconds
[2025-03-27T15:33:16.276-0500] {processor.py:186} INFO - Started process (PID=1814971) to work on /home/udhbhav/miniconda3/lib/python3.11/site-packages/airflow/example_dags/example_xcom.py
[2025-03-27T15:33:16.277-0500] {processor.py:914} INFO - Processing file /home/udhbhav/miniconda3/lib/python3.11/site-packages/airflow/example_dags/example_xcom.py for tasks to queue
[2025-03-27T15:33:16.278-0500] {logging_mixin.py:190} INFO - [2025-03-27T15:33:16.278-0500] {dagbag.py:588} INFO - Filling up the DagBag from /home/udhbhav/miniconda3/lib/python3.11/site-packages/airflow/example_dags/example_xcom.py
[2025-03-27T15:33:16.283-0500] {processor.py:925} INFO - DAG(s) 'example_xcom' retrieved from /home/udhbhav/miniconda3/lib/python3.11/site-packages/airflow/example_dags/example_xcom.py
[2025-03-27T15:33:16.290-0500] {logging_mixin.py:190} INFO - [2025-03-27T15:33:16.290-0500] {dag.py:3239} INFO - Sync 1 DAGs
[2025-03-27T15:33:16.298-0500] {logging_mixin.py:190} INFO - [2025-03-27T15:33:16.298-0500] {dag.py:4180} INFO - Setting next_dagrun for example_xcom to 2021-01-01 00:00:00+00:00, run_after=2021-01-01 00:00:00+00:00
[2025-03-27T15:33:16.419-0500] {processor.py:208} INFO - Processing /home/udhbhav/miniconda3/lib/python3.11/site-packages/airflow/example_dags/example_xcom.py took 0.146 seconds
[2025-03-27T15:34:23.243-0500] {processor.py:186} INFO - Started process (PID=1815626) to work on /home/udhbhav/miniconda3/lib/python3.11/site-packages/airflow/example_dags/example_xcom.py
[2025-03-27T15:34:23.244-0500] {processor.py:914} INFO - Processing file /home/udhbhav/miniconda3/lib/python3.11/site-packages/airflow/example_dags/example_xcom.py for tasks to queue
[2025-03-27T15:34:23.245-0500] {logging_mixin.py:190} INFO - [2025-03-27T15:34:23.244-0500] {dagbag.py:588} INFO - Filling up the DagBag from /home/udhbhav/miniconda3/lib/python3.11/site-packages/airflow/example_dags/example_xcom.py
[2025-03-27T15:34:23.250-0500] {processor.py:925} INFO - DAG(s) 'example_xcom' retrieved from /home/udhbhav/miniconda3/lib/python3.11/site-packages/airflow/example_dags/example_xcom.py
[2025-03-27T15:34:23.258-0500] {logging_mixin.py:190} INFO - [2025-03-27T15:34:23.257-0500] {dag.py:3239} INFO - Sync 1 DAGs
[2025-03-27T15:34:23.265-0500] {logging_mixin.py:190} INFO - [2025-03-27T15:34:23.265-0500] {dag.py:4180} INFO - Setting next_dagrun for example_xcom to 2021-01-01 00:00:00+00:00, run_after=2021-01-01 00:00:00+00:00
[2025-03-27T15:34:23.371-0500] {processor.py:208} INFO - Processing /home/udhbhav/miniconda3/lib/python3.11/site-packages/airflow/example_dags/example_xcom.py took 0.131 seconds
[2025-03-27T15:35:30.677-0500] {processor.py:186} INFO - Started process (PID=1816277) to work on /home/udhbhav/miniconda3/lib/python3.11/site-packages/airflow/example_dags/example_xcom.py
[2025-03-27T15:35:30.678-0500] {processor.py:914} INFO - Processing file /home/udhbhav/miniconda3/lib/python3.11/site-packages/airflow/example_dags/example_xcom.py for tasks to queue
[2025-03-27T15:35:30.679-0500] {logging_mixin.py:190} INFO - [2025-03-27T15:35:30.678-0500] {dagbag.py:588} INFO - Filling up the DagBag from /home/udhbhav/miniconda3/lib/python3.11/site-packages/airflow/example_dags/example_xcom.py
[2025-03-27T15:35:30.684-0500] {processor.py:925} INFO - DAG(s) 'example_xcom' retrieved from /home/udhbhav/miniconda3/lib/python3.11/site-packages/airflow/example_dags/example_xcom.py
[2025-03-27T15:35:30.692-0500] {logging_mixin.py:190} INFO - [2025-03-27T15:35:30.692-0500] {dag.py:3239} INFO - Sync 1 DAGs
[2025-03-27T15:35:30.700-0500] {logging_mixin.py:190} INFO - [2025-03-27T15:35:30.700-0500] {dag.py:4180} INFO - Setting next_dagrun for example_xcom to 2021-01-01 00:00:00+00:00, run_after=2021-01-01 00:00:00+00:00
[2025-03-27T15:35:30.805-0500] {processor.py:208} INFO - Processing /home/udhbhav/miniconda3/lib/python3.11/site-packages/airflow/example_dags/example_xcom.py took 0.130 seconds
