[2025-03-27T14:27:04.003-0500] {processor.py:186} INFO - Started process (PID=1763601) to work on /home/udhbhav/miniconda3/lib/python3.11/site-packages/airflow/example_dags/example_sla_dag.py
[2025-03-27T14:27:04.004-0500] {processor.py:914} INFO - Processing file /home/udhbhav/miniconda3/lib/python3.11/site-packages/airflow/example_dags/example_sla_dag.py for tasks to queue
[2025-03-27T14:27:04.005-0500] {logging_mixin.py:190} INFO - [2025-03-27T14:27:04.005-0500] {dagbag.py:588} INFO - Filling up the DagBag from /home/udhbhav/miniconda3/lib/python3.11/site-packages/airflow/example_dags/example_sla_dag.py
[2025-03-27T14:27:04.013-0500] {processor.py:925} INFO - DAG(s) 'example_sla_dag' retrieved from /home/udhbhav/miniconda3/lib/python3.11/site-packages/airflow/example_dags/example_sla_dag.py
[2025-03-27T14:27:04.317-0500] {logging_mixin.py:190} INFO - [2025-03-27T14:27:04.316-0500] {override.py:1912} INFO - Created Permission View: can read on DAG:example_sla_dag
[2025-03-27T14:27:04.444-0500] {logging_mixin.py:190} INFO - [2025-03-27T14:27:04.444-0500] {override.py:1912} INFO - Created Permission View: can edit on DAG:example_sla_dag
[2025-03-27T14:27:04.557-0500] {logging_mixin.py:190} INFO - [2025-03-27T14:27:04.556-0500] {override.py:1912} INFO - Created Permission View: can delete on DAG:example_sla_dag
[2025-03-27T14:27:04.767-0500] {logging_mixin.py:190} INFO - [2025-03-27T14:27:04.767-0500] {override.py:1912} INFO - Created Permission View: can read on DAG Run:example_sla_dag
[2025-03-27T14:27:04.878-0500] {logging_mixin.py:190} INFO - [2025-03-27T14:27:04.878-0500] {override.py:1912} INFO - Created Permission View: menu access on DAG Run:example_sla_dag
[2025-03-27T14:27:04.989-0500] {logging_mixin.py:190} INFO - [2025-03-27T14:27:04.988-0500] {override.py:1912} INFO - Created Permission View: can create on DAG Run:example_sla_dag
[2025-03-27T14:27:05.565-0500] {logging_mixin.py:190} INFO - [2025-03-27T14:27:05.565-0500] {override.py:1912} INFO - Created Permission View: can delete on DAG Run:example_sla_dag
[2025-03-27T14:27:05.566-0500] {logging_mixin.py:190} INFO - [2025-03-27T14:27:05.566-0500] {dag.py:3239} INFO - Sync 1 DAGs
[2025-03-27T14:27:05.571-0500] {logging_mixin.py:190} INFO - [2025-03-27T14:27:05.571-0500] {dag.py:3262} INFO - Creating ORM DAG for example_sla_dag
[2025-03-27T14:27:05.577-0500] {logging_mixin.py:190} INFO - [2025-03-27T14:27:05.577-0500] {dag.py:4180} INFO - Setting next_dagrun for example_sla_dag to 2025-03-27 19:24:00+00:00, run_after=2025-03-27 19:26:00+00:00
[2025-03-27T14:27:05.700-0500] {processor.py:208} INFO - Processing /home/udhbhav/miniconda3/lib/python3.11/site-packages/airflow/example_dags/example_sla_dag.py took 1.699 seconds
[2025-03-27T14:28:46.425-0500] {processor.py:186} INFO - Started process (PID=1764577) to work on /home/udhbhav/miniconda3/lib/python3.11/site-packages/airflow/example_dags/example_sla_dag.py
[2025-03-27T14:28:46.425-0500] {processor.py:914} INFO - Processing file /home/udhbhav/miniconda3/lib/python3.11/site-packages/airflow/example_dags/example_sla_dag.py for tasks to queue
[2025-03-27T14:28:46.426-0500] {logging_mixin.py:190} INFO - [2025-03-27T14:28:46.426-0500] {dagbag.py:588} INFO - Filling up the DagBag from /home/udhbhav/miniconda3/lib/python3.11/site-packages/airflow/example_dags/example_sla_dag.py
[2025-03-27T14:28:46.432-0500] {processor.py:925} INFO - DAG(s) 'example_sla_dag' retrieved from /home/udhbhav/miniconda3/lib/python3.11/site-packages/airflow/example_dags/example_sla_dag.py
[2025-03-27T14:28:46.439-0500] {logging_mixin.py:190} INFO - [2025-03-27T14:28:46.439-0500] {dag.py:3239} INFO - Sync 1 DAGs
[2025-03-27T14:28:46.449-0500] {logging_mixin.py:190} INFO - [2025-03-27T14:28:46.449-0500] {dag.py:4180} INFO - Setting next_dagrun for example_sla_dag to 2025-03-27 19:26:00+00:00, run_after=2025-03-27 19:28:00+00:00
[2025-03-27T14:28:46.669-0500] {processor.py:208} INFO - Processing /home/udhbhav/miniconda3/lib/python3.11/site-packages/airflow/example_dags/example_sla_dag.py took 0.247 seconds
[2025-03-27T14:35:55.936-0500] {processor.py:186} INFO - Started process (PID=1768742) to work on /home/udhbhav/miniconda3/lib/python3.11/site-packages/airflow/example_dags/example_sla_dag.py
[2025-03-27T14:35:55.937-0500] {processor.py:914} INFO - Processing file /home/udhbhav/miniconda3/lib/python3.11/site-packages/airflow/example_dags/example_sla_dag.py for tasks to queue
[2025-03-27T14:35:55.938-0500] {logging_mixin.py:190} INFO - [2025-03-27T14:35:55.938-0500] {dagbag.py:588} INFO - Filling up the DagBag from /home/udhbhav/miniconda3/lib/python3.11/site-packages/airflow/example_dags/example_sla_dag.py
[2025-03-27T14:35:55.943-0500] {processor.py:925} INFO - DAG(s) 'example_sla_dag' retrieved from /home/udhbhav/miniconda3/lib/python3.11/site-packages/airflow/example_dags/example_sla_dag.py
[2025-03-27T14:35:55.951-0500] {logging_mixin.py:190} INFO - [2025-03-27T14:35:55.951-0500] {dag.py:3239} INFO - Sync 1 DAGs
[2025-03-27T14:35:55.961-0500] {logging_mixin.py:190} INFO - [2025-03-27T14:35:55.961-0500] {dag.py:4180} INFO - Setting next_dagrun for example_sla_dag to 2025-03-27 19:32:00+00:00, run_after=2025-03-27 19:34:00+00:00
[2025-03-27T14:35:56.070-0500] {processor.py:208} INFO - Processing /home/udhbhav/miniconda3/lib/python3.11/site-packages/airflow/example_dags/example_sla_dag.py took 0.136 seconds
[2025-03-27T14:37:41.719-0500] {processor.py:186} INFO - Started process (PID=1769805) to work on /home/udhbhav/miniconda3/lib/python3.11/site-packages/airflow/example_dags/example_sla_dag.py
[2025-03-27T14:37:41.720-0500] {processor.py:914} INFO - Processing file /home/udhbhav/miniconda3/lib/python3.11/site-packages/airflow/example_dags/example_sla_dag.py for tasks to queue
[2025-03-27T14:37:41.721-0500] {logging_mixin.py:190} INFO - [2025-03-27T14:37:41.721-0500] {dagbag.py:588} INFO - Filling up the DagBag from /home/udhbhav/miniconda3/lib/python3.11/site-packages/airflow/example_dags/example_sla_dag.py
[2025-03-27T14:37:41.726-0500] {processor.py:925} INFO - DAG(s) 'example_sla_dag' retrieved from /home/udhbhav/miniconda3/lib/python3.11/site-packages/airflow/example_dags/example_sla_dag.py
[2025-03-27T14:37:41.734-0500] {logging_mixin.py:190} INFO - [2025-03-27T14:37:41.734-0500] {dag.py:3239} INFO - Sync 1 DAGs
[2025-03-27T14:37:41.797-0500] {logging_mixin.py:190} INFO - [2025-03-27T14:37:41.797-0500] {dag.py:4180} INFO - Setting next_dagrun for example_sla_dag to 2025-03-27 19:34:00+00:00, run_after=2025-03-27 19:36:00+00:00
[2025-03-27T14:37:41.931-0500] {processor.py:208} INFO - Processing /home/udhbhav/miniconda3/lib/python3.11/site-packages/airflow/example_dags/example_sla_dag.py took 0.215 seconds
[2025-03-27T14:38:56.414-0500] {processor.py:186} INFO - Started process (PID=1770901) to work on /home/udhbhav/miniconda3/lib/python3.11/site-packages/airflow/example_dags/example_sla_dag.py
[2025-03-27T14:38:56.414-0500] {processor.py:914} INFO - Processing file /home/udhbhav/miniconda3/lib/python3.11/site-packages/airflow/example_dags/example_sla_dag.py for tasks to queue
[2025-03-27T14:38:56.415-0500] {logging_mixin.py:190} INFO - [2025-03-27T14:38:56.415-0500] {dagbag.py:588} INFO - Filling up the DagBag from /home/udhbhav/miniconda3/lib/python3.11/site-packages/airflow/example_dags/example_sla_dag.py
[2025-03-27T14:38:56.421-0500] {processor.py:925} INFO - DAG(s) 'example_sla_dag' retrieved from /home/udhbhav/miniconda3/lib/python3.11/site-packages/airflow/example_dags/example_sla_dag.py
[2025-03-27T14:38:56.428-0500] {logging_mixin.py:190} INFO - [2025-03-27T14:38:56.427-0500] {dag.py:3239} INFO - Sync 1 DAGs
[2025-03-27T14:38:56.437-0500] {logging_mixin.py:190} INFO - [2025-03-27T14:38:56.437-0500] {dag.py:4180} INFO - Setting next_dagrun for example_sla_dag to 2025-03-27 19:36:00+00:00, run_after=2025-03-27 19:38:00+00:00
[2025-03-27T14:38:56.693-0500] {processor.py:208} INFO - Processing /home/udhbhav/miniconda3/lib/python3.11/site-packages/airflow/example_dags/example_sla_dag.py took 0.282 seconds
[2025-03-27T14:40:23.986-0500] {processor.py:186} INFO - Started process (PID=1771640) to work on /home/udhbhav/miniconda3/lib/python3.11/site-packages/airflow/example_dags/example_sla_dag.py
[2025-03-27T14:40:23.986-0500] {processor.py:914} INFO - Processing file /home/udhbhav/miniconda3/lib/python3.11/site-packages/airflow/example_dags/example_sla_dag.py for tasks to queue
[2025-03-27T14:40:23.987-0500] {logging_mixin.py:190} INFO - [2025-03-27T14:40:23.987-0500] {dagbag.py:588} INFO - Filling up the DagBag from /home/udhbhav/miniconda3/lib/python3.11/site-packages/airflow/example_dags/example_sla_dag.py
[2025-03-27T14:40:23.993-0500] {processor.py:925} INFO - DAG(s) 'example_sla_dag' retrieved from /home/udhbhav/miniconda3/lib/python3.11/site-packages/airflow/example_dags/example_sla_dag.py
[2025-03-27T14:40:24.000-0500] {logging_mixin.py:190} INFO - [2025-03-27T14:40:24.000-0500] {dag.py:3239} INFO - Sync 1 DAGs
[2025-03-27T14:40:24.009-0500] {logging_mixin.py:190} INFO - [2025-03-27T14:40:24.009-0500] {dag.py:4180} INFO - Setting next_dagrun for example_sla_dag to 2025-03-27 19:38:00+00:00, run_after=2025-03-27 19:40:00+00:00
[2025-03-27T14:40:24.116-0500] {processor.py:208} INFO - Processing /home/udhbhav/miniconda3/lib/python3.11/site-packages/airflow/example_dags/example_sla_dag.py took 0.133 seconds
[2025-03-27T14:41:54.566-0500] {processor.py:186} INFO - Started process (PID=1772932) to work on /home/udhbhav/miniconda3/lib/python3.11/site-packages/airflow/example_dags/example_sla_dag.py
[2025-03-27T14:41:54.566-0500] {processor.py:914} INFO - Processing file /home/udhbhav/miniconda3/lib/python3.11/site-packages/airflow/example_dags/example_sla_dag.py for tasks to queue
[2025-03-27T14:41:54.567-0500] {logging_mixin.py:190} INFO - [2025-03-27T14:41:54.567-0500] {dagbag.py:588} INFO - Filling up the DagBag from /home/udhbhav/miniconda3/lib/python3.11/site-packages/airflow/example_dags/example_sla_dag.py
[2025-03-27T14:41:54.573-0500] {processor.py:925} INFO - DAG(s) 'example_sla_dag' retrieved from /home/udhbhav/miniconda3/lib/python3.11/site-packages/airflow/example_dags/example_sla_dag.py
[2025-03-27T14:41:54.579-0500] {logging_mixin.py:190} INFO - [2025-03-27T14:41:54.579-0500] {dag.py:3239} INFO - Sync 1 DAGs
[2025-03-27T14:41:54.588-0500] {logging_mixin.py:190} INFO - [2025-03-27T14:41:54.588-0500] {dag.py:4180} INFO - Setting next_dagrun for example_sla_dag to 2025-03-27 19:38:00+00:00, run_after=2025-03-27 19:40:00+00:00
[2025-03-27T14:41:54.695-0500] {processor.py:208} INFO - Processing /home/udhbhav/miniconda3/lib/python3.11/site-packages/airflow/example_dags/example_sla_dag.py took 0.132 seconds
[2025-03-27T14:42:58.887-0500] {processor.py:186} INFO - Started process (PID=1773549) to work on /home/udhbhav/miniconda3/lib/python3.11/site-packages/airflow/example_dags/example_sla_dag.py
[2025-03-27T14:42:58.888-0500] {processor.py:914} INFO - Processing file /home/udhbhav/miniconda3/lib/python3.11/site-packages/airflow/example_dags/example_sla_dag.py for tasks to queue
[2025-03-27T14:42:58.889-0500] {logging_mixin.py:190} INFO - [2025-03-27T14:42:58.888-0500] {dagbag.py:588} INFO - Filling up the DagBag from /home/udhbhav/miniconda3/lib/python3.11/site-packages/airflow/example_dags/example_sla_dag.py
[2025-03-27T14:42:58.894-0500] {processor.py:925} INFO - DAG(s) 'example_sla_dag' retrieved from /home/udhbhav/miniconda3/lib/python3.11/site-packages/airflow/example_dags/example_sla_dag.py
[2025-03-27T14:42:58.901-0500] {logging_mixin.py:190} INFO - [2025-03-27T14:42:58.901-0500] {dag.py:3239} INFO - Sync 1 DAGs
[2025-03-27T14:42:58.910-0500] {logging_mixin.py:190} INFO - [2025-03-27T14:42:58.910-0500] {dag.py:4180} INFO - Setting next_dagrun for example_sla_dag to 2025-03-27 19:40:00+00:00, run_after=2025-03-27 19:42:00+00:00
[2025-03-27T14:42:59.424-0500] {processor.py:208} INFO - Processing /home/udhbhav/miniconda3/lib/python3.11/site-packages/airflow/example_dags/example_sla_dag.py took 0.540 seconds
[2025-03-27T14:44:15.485-0500] {processor.py:186} INFO - Started process (PID=1774391) to work on /home/udhbhav/miniconda3/lib/python3.11/site-packages/airflow/example_dags/example_sla_dag.py
[2025-03-27T14:44:15.485-0500] {processor.py:914} INFO - Processing file /home/udhbhav/miniconda3/lib/python3.11/site-packages/airflow/example_dags/example_sla_dag.py for tasks to queue
[2025-03-27T14:44:15.487-0500] {logging_mixin.py:190} INFO - [2025-03-27T14:44:15.487-0500] {dagbag.py:588} INFO - Filling up the DagBag from /home/udhbhav/miniconda3/lib/python3.11/site-packages/airflow/example_dags/example_sla_dag.py
[2025-03-27T14:44:15.492-0500] {processor.py:925} INFO - DAG(s) 'example_sla_dag' retrieved from /home/udhbhav/miniconda3/lib/python3.11/site-packages/airflow/example_dags/example_sla_dag.py
[2025-03-27T14:44:15.499-0500] {logging_mixin.py:190} INFO - [2025-03-27T14:44:15.499-0500] {dag.py:3239} INFO - Sync 1 DAGs
[2025-03-27T14:44:15.508-0500] {logging_mixin.py:190} INFO - [2025-03-27T14:44:15.508-0500] {dag.py:4180} INFO - Setting next_dagrun for example_sla_dag to 2025-03-27 19:42:00+00:00, run_after=2025-03-27 19:44:00+00:00
[2025-03-27T14:44:15.616-0500] {processor.py:208} INFO - Processing /home/udhbhav/miniconda3/lib/python3.11/site-packages/airflow/example_dags/example_sla_dag.py took 0.134 seconds
[2025-03-27T14:45:19.887-0500] {processor.py:186} INFO - Started process (PID=1775038) to work on /home/udhbhav/miniconda3/lib/python3.11/site-packages/airflow/example_dags/example_sla_dag.py
[2025-03-27T14:45:19.887-0500] {processor.py:914} INFO - Processing file /home/udhbhav/miniconda3/lib/python3.11/site-packages/airflow/example_dags/example_sla_dag.py for tasks to queue
[2025-03-27T14:45:19.889-0500] {logging_mixin.py:190} INFO - [2025-03-27T14:45:19.888-0500] {dagbag.py:588} INFO - Filling up the DagBag from /home/udhbhav/miniconda3/lib/python3.11/site-packages/airflow/example_dags/example_sla_dag.py
[2025-03-27T14:45:19.894-0500] {processor.py:925} INFO - DAG(s) 'example_sla_dag' retrieved from /home/udhbhav/miniconda3/lib/python3.11/site-packages/airflow/example_dags/example_sla_dag.py
[2025-03-27T14:45:19.901-0500] {logging_mixin.py:190} INFO - [2025-03-27T14:45:19.900-0500] {dag.py:3239} INFO - Sync 1 DAGs
[2025-03-27T14:45:19.910-0500] {logging_mixin.py:190} INFO - [2025-03-27T14:45:19.910-0500] {dag.py:4180} INFO - Setting next_dagrun for example_sla_dag to 2025-03-27 19:42:00+00:00, run_after=2025-03-27 19:44:00+00:00
[2025-03-27T14:45:20.116-0500] {processor.py:208} INFO - Processing /home/udhbhav/miniconda3/lib/python3.11/site-packages/airflow/example_dags/example_sla_dag.py took 0.232 seconds
[2025-03-27T14:46:58.462-0500] {processor.py:186} INFO - Started process (PID=1776030) to work on /home/udhbhav/miniconda3/lib/python3.11/site-packages/airflow/example_dags/example_sla_dag.py
[2025-03-27T14:46:58.462-0500] {processor.py:914} INFO - Processing file /home/udhbhav/miniconda3/lib/python3.11/site-packages/airflow/example_dags/example_sla_dag.py for tasks to queue
[2025-03-27T14:46:58.463-0500] {logging_mixin.py:190} INFO - [2025-03-27T14:46:58.463-0500] {dagbag.py:588} INFO - Filling up the DagBag from /home/udhbhav/miniconda3/lib/python3.11/site-packages/airflow/example_dags/example_sla_dag.py
[2025-03-27T14:46:58.469-0500] {processor.py:925} INFO - DAG(s) 'example_sla_dag' retrieved from /home/udhbhav/miniconda3/lib/python3.11/site-packages/airflow/example_dags/example_sla_dag.py
[2025-03-27T14:46:58.475-0500] {logging_mixin.py:190} INFO - [2025-03-27T14:46:58.475-0500] {dag.py:3239} INFO - Sync 1 DAGs
[2025-03-27T14:46:58.486-0500] {logging_mixin.py:190} INFO - [2025-03-27T14:46:58.486-0500] {dag.py:4180} INFO - Setting next_dagrun for example_sla_dag to 2025-03-27 19:44:00+00:00, run_after=2025-03-27 19:46:00+00:00
[2025-03-27T14:46:58.689-0500] {processor.py:208} INFO - Processing /home/udhbhav/miniconda3/lib/python3.11/site-packages/airflow/example_dags/example_sla_dag.py took 0.230 seconds
[2025-03-27T14:48:13.271-0500] {processor.py:186} INFO - Started process (PID=1776674) to work on /home/udhbhav/miniconda3/lib/python3.11/site-packages/airflow/example_dags/example_sla_dag.py
[2025-03-27T14:48:13.271-0500] {processor.py:914} INFO - Processing file /home/udhbhav/miniconda3/lib/python3.11/site-packages/airflow/example_dags/example_sla_dag.py for tasks to queue
[2025-03-27T14:48:13.272-0500] {logging_mixin.py:190} INFO - [2025-03-27T14:48:13.272-0500] {dagbag.py:588} INFO - Filling up the DagBag from /home/udhbhav/miniconda3/lib/python3.11/site-packages/airflow/example_dags/example_sla_dag.py
[2025-03-27T14:48:13.278-0500] {processor.py:925} INFO - DAG(s) 'example_sla_dag' retrieved from /home/udhbhav/miniconda3/lib/python3.11/site-packages/airflow/example_dags/example_sla_dag.py
[2025-03-27T14:48:13.284-0500] {logging_mixin.py:190} INFO - [2025-03-27T14:48:13.284-0500] {dag.py:3239} INFO - Sync 1 DAGs
[2025-03-27T14:48:13.294-0500] {logging_mixin.py:190} INFO - [2025-03-27T14:48:13.293-0500] {dag.py:4180} INFO - Setting next_dagrun for example_sla_dag to 2025-03-27 19:46:00+00:00, run_after=2025-03-27 19:48:00+00:00
[2025-03-27T14:48:13.468-0500] {processor.py:208} INFO - Processing /home/udhbhav/miniconda3/lib/python3.11/site-packages/airflow/example_dags/example_sla_dag.py took 0.201 seconds
[2025-03-27T14:49:38.780-0500] {processor.py:186} INFO - Started process (PID=1777496) to work on /home/udhbhav/miniconda3/lib/python3.11/site-packages/airflow/example_dags/example_sla_dag.py
[2025-03-27T14:49:38.781-0500] {processor.py:914} INFO - Processing file /home/udhbhav/miniconda3/lib/python3.11/site-packages/airflow/example_dags/example_sla_dag.py for tasks to queue
[2025-03-27T14:49:38.782-0500] {logging_mixin.py:190} INFO - [2025-03-27T14:49:38.781-0500] {dagbag.py:588} INFO - Filling up the DagBag from /home/udhbhav/miniconda3/lib/python3.11/site-packages/airflow/example_dags/example_sla_dag.py
[2025-03-27T14:49:38.787-0500] {processor.py:925} INFO - DAG(s) 'example_sla_dag' retrieved from /home/udhbhav/miniconda3/lib/python3.11/site-packages/airflow/example_dags/example_sla_dag.py
[2025-03-27T14:49:38.794-0500] {logging_mixin.py:190} INFO - [2025-03-27T14:49:38.794-0500] {dag.py:3239} INFO - Sync 1 DAGs
[2025-03-27T14:49:38.803-0500] {logging_mixin.py:190} INFO - [2025-03-27T14:49:38.803-0500] {dag.py:4180} INFO - Setting next_dagrun for example_sla_dag to 2025-03-27 19:46:00+00:00, run_after=2025-03-27 19:48:00+00:00
[2025-03-27T14:49:39.229-0500] {processor.py:208} INFO - Processing /home/udhbhav/miniconda3/lib/python3.11/site-packages/airflow/example_dags/example_sla_dag.py took 0.452 seconds
[2025-03-27T14:50:58.671-0500] {processor.py:186} INFO - Started process (PID=1780149) to work on /home/udhbhav/miniconda3/lib/python3.11/site-packages/airflow/example_dags/example_sla_dag.py
[2025-03-27T14:50:58.671-0500] {processor.py:914} INFO - Processing file /home/udhbhav/miniconda3/lib/python3.11/site-packages/airflow/example_dags/example_sla_dag.py for tasks to queue
[2025-03-27T14:50:58.672-0500] {logging_mixin.py:190} INFO - [2025-03-27T14:50:58.672-0500] {dagbag.py:588} INFO - Filling up the DagBag from /home/udhbhav/miniconda3/lib/python3.11/site-packages/airflow/example_dags/example_sla_dag.py
[2025-03-27T14:50:58.678-0500] {processor.py:925} INFO - DAG(s) 'example_sla_dag' retrieved from /home/udhbhav/miniconda3/lib/python3.11/site-packages/airflow/example_dags/example_sla_dag.py
[2025-03-27T14:50:58.685-0500] {logging_mixin.py:190} INFO - [2025-03-27T14:50:58.685-0500] {dag.py:3239} INFO - Sync 1 DAGs
[2025-03-27T14:50:58.694-0500] {logging_mixin.py:190} INFO - [2025-03-27T14:50:58.694-0500] {dag.py:4180} INFO - Setting next_dagrun for example_sla_dag to 2025-03-27 19:48:00+00:00, run_after=2025-03-27 19:50:00+00:00
[2025-03-27T14:50:58.801-0500] {processor.py:208} INFO - Processing /home/udhbhav/miniconda3/lib/python3.11/site-packages/airflow/example_dags/example_sla_dag.py took 0.133 seconds
[2025-03-27T14:52:04.456-0500] {processor.py:186} INFO - Started process (PID=1783795) to work on /home/udhbhav/miniconda3/lib/python3.11/site-packages/airflow/example_dags/example_sla_dag.py
[2025-03-27T14:52:04.456-0500] {processor.py:914} INFO - Processing file /home/udhbhav/miniconda3/lib/python3.11/site-packages/airflow/example_dags/example_sla_dag.py for tasks to queue
[2025-03-27T14:52:04.457-0500] {logging_mixin.py:190} INFO - [2025-03-27T14:52:04.457-0500] {dagbag.py:588} INFO - Filling up the DagBag from /home/udhbhav/miniconda3/lib/python3.11/site-packages/airflow/example_dags/example_sla_dag.py
[2025-03-27T14:52:04.463-0500] {processor.py:925} INFO - DAG(s) 'example_sla_dag' retrieved from /home/udhbhav/miniconda3/lib/python3.11/site-packages/airflow/example_dags/example_sla_dag.py
[2025-03-27T14:52:04.469-0500] {logging_mixin.py:190} INFO - [2025-03-27T14:52:04.469-0500] {dag.py:3239} INFO - Sync 1 DAGs
[2025-03-27T14:52:04.479-0500] {logging_mixin.py:190} INFO - [2025-03-27T14:52:04.479-0500] {dag.py:4180} INFO - Setting next_dagrun for example_sla_dag to 2025-03-27 19:50:00+00:00, run_after=2025-03-27 19:52:00+00:00
[2025-03-27T14:52:04.662-0500] {processor.py:208} INFO - Processing /home/udhbhav/miniconda3/lib/python3.11/site-packages/airflow/example_dags/example_sla_dag.py took 0.210 seconds
[2025-03-27T14:53:15.282-0500] {processor.py:186} INFO - Started process (PID=1784501) to work on /home/udhbhav/miniconda3/lib/python3.11/site-packages/airflow/example_dags/example_sla_dag.py
[2025-03-27T14:53:15.282-0500] {processor.py:914} INFO - Processing file /home/udhbhav/miniconda3/lib/python3.11/site-packages/airflow/example_dags/example_sla_dag.py for tasks to queue
[2025-03-27T14:53:15.283-0500] {logging_mixin.py:190} INFO - [2025-03-27T14:53:15.283-0500] {dagbag.py:588} INFO - Filling up the DagBag from /home/udhbhav/miniconda3/lib/python3.11/site-packages/airflow/example_dags/example_sla_dag.py
[2025-03-27T14:53:15.288-0500] {processor.py:925} INFO - DAG(s) 'example_sla_dag' retrieved from /home/udhbhav/miniconda3/lib/python3.11/site-packages/airflow/example_dags/example_sla_dag.py
[2025-03-27T14:53:15.295-0500] {logging_mixin.py:190} INFO - [2025-03-27T14:53:15.295-0500] {dag.py:3239} INFO - Sync 1 DAGs
[2025-03-27T14:53:15.304-0500] {logging_mixin.py:190} INFO - [2025-03-27T14:53:15.304-0500] {dag.py:4180} INFO - Setting next_dagrun for example_sla_dag to 2025-03-27 19:50:00+00:00, run_after=2025-03-27 19:52:00+00:00
[2025-03-27T14:53:15.416-0500] {processor.py:208} INFO - Processing /home/udhbhav/miniconda3/lib/python3.11/site-packages/airflow/example_dags/example_sla_dag.py took 0.137 seconds
[2025-03-27T14:54:22.644-0500] {processor.py:186} INFO - Started process (PID=1785135) to work on /home/udhbhav/miniconda3/lib/python3.11/site-packages/airflow/example_dags/example_sla_dag.py
[2025-03-27T14:54:22.644-0500] {processor.py:914} INFO - Processing file /home/udhbhav/miniconda3/lib/python3.11/site-packages/airflow/example_dags/example_sla_dag.py for tasks to queue
[2025-03-27T14:54:22.645-0500] {logging_mixin.py:190} INFO - [2025-03-27T14:54:22.645-0500] {dagbag.py:588} INFO - Filling up the DagBag from /home/udhbhav/miniconda3/lib/python3.11/site-packages/airflow/example_dags/example_sla_dag.py
[2025-03-27T14:54:22.651-0500] {processor.py:925} INFO - DAG(s) 'example_sla_dag' retrieved from /home/udhbhav/miniconda3/lib/python3.11/site-packages/airflow/example_dags/example_sla_dag.py
[2025-03-27T14:54:22.658-0500] {logging_mixin.py:190} INFO - [2025-03-27T14:54:22.658-0500] {dag.py:3239} INFO - Sync 1 DAGs
[2025-03-27T14:54:22.667-0500] {logging_mixin.py:190} INFO - [2025-03-27T14:54:22.667-0500] {dag.py:4180} INFO - Setting next_dagrun for example_sla_dag to 2025-03-27 19:52:00+00:00, run_after=2025-03-27 19:54:00+00:00
[2025-03-27T14:54:22.775-0500] {processor.py:208} INFO - Processing /home/udhbhav/miniconda3/lib/python3.11/site-packages/airflow/example_dags/example_sla_dag.py took 0.134 seconds
[2025-03-27T14:55:24.799-0500] {processor.py:186} INFO - Started process (PID=1785758) to work on /home/udhbhav/miniconda3/lib/python3.11/site-packages/airflow/example_dags/example_sla_dag.py
[2025-03-27T14:55:24.800-0500] {processor.py:914} INFO - Processing file /home/udhbhav/miniconda3/lib/python3.11/site-packages/airflow/example_dags/example_sla_dag.py for tasks to queue
[2025-03-27T14:55:24.801-0500] {logging_mixin.py:190} INFO - [2025-03-27T14:55:24.800-0500] {dagbag.py:588} INFO - Filling up the DagBag from /home/udhbhav/miniconda3/lib/python3.11/site-packages/airflow/example_dags/example_sla_dag.py
[2025-03-27T14:55:24.806-0500] {processor.py:925} INFO - DAG(s) 'example_sla_dag' retrieved from /home/udhbhav/miniconda3/lib/python3.11/site-packages/airflow/example_dags/example_sla_dag.py
[2025-03-27T14:55:24.813-0500] {logging_mixin.py:190} INFO - [2025-03-27T14:55:24.813-0500] {dag.py:3239} INFO - Sync 1 DAGs
[2025-03-27T14:55:24.822-0500] {logging_mixin.py:190} INFO - [2025-03-27T14:55:24.822-0500] {dag.py:4180} INFO - Setting next_dagrun for example_sla_dag to 2025-03-27 19:52:00+00:00, run_after=2025-03-27 19:54:00+00:00
[2025-03-27T14:55:24.985-0500] {processor.py:208} INFO - Processing /home/udhbhav/miniconda3/lib/python3.11/site-packages/airflow/example_dags/example_sla_dag.py took 0.189 seconds
[2025-03-27T14:56:43.924-0500] {processor.py:186} INFO - Started process (PID=1786699) to work on /home/udhbhav/miniconda3/lib/python3.11/site-packages/airflow/example_dags/example_sla_dag.py
[2025-03-27T14:56:43.924-0500] {processor.py:914} INFO - Processing file /home/udhbhav/miniconda3/lib/python3.11/site-packages/airflow/example_dags/example_sla_dag.py for tasks to queue
[2025-03-27T14:56:43.925-0500] {logging_mixin.py:190} INFO - [2025-03-27T14:56:43.925-0500] {dagbag.py:588} INFO - Filling up the DagBag from /home/udhbhav/miniconda3/lib/python3.11/site-packages/airflow/example_dags/example_sla_dag.py
[2025-03-27T14:56:43.931-0500] {processor.py:925} INFO - DAG(s) 'example_sla_dag' retrieved from /home/udhbhav/miniconda3/lib/python3.11/site-packages/airflow/example_dags/example_sla_dag.py
[2025-03-27T14:56:43.938-0500] {logging_mixin.py:190} INFO - [2025-03-27T14:56:43.937-0500] {dag.py:3239} INFO - Sync 1 DAGs
[2025-03-27T14:56:43.947-0500] {logging_mixin.py:190} INFO - [2025-03-27T14:56:43.947-0500] {dag.py:4180} INFO - Setting next_dagrun for example_sla_dag to 2025-03-27 19:54:00+00:00, run_after=2025-03-27 19:56:00+00:00
[2025-03-27T14:56:44.057-0500] {processor.py:208} INFO - Processing /home/udhbhav/miniconda3/lib/python3.11/site-packages/airflow/example_dags/example_sla_dag.py took 0.136 seconds
[2025-03-27T14:58:01.089-0500] {processor.py:186} INFO - Started process (PID=1787424) to work on /home/udhbhav/miniconda3/lib/python3.11/site-packages/airflow/example_dags/example_sla_dag.py
[2025-03-27T14:58:01.089-0500] {processor.py:914} INFO - Processing file /home/udhbhav/miniconda3/lib/python3.11/site-packages/airflow/example_dags/example_sla_dag.py for tasks to queue
[2025-03-27T14:58:01.090-0500] {logging_mixin.py:190} INFO - [2025-03-27T14:58:01.090-0500] {dagbag.py:588} INFO - Filling up the DagBag from /home/udhbhav/miniconda3/lib/python3.11/site-packages/airflow/example_dags/example_sla_dag.py
[2025-03-27T14:58:01.096-0500] {processor.py:925} INFO - DAG(s) 'example_sla_dag' retrieved from /home/udhbhav/miniconda3/lib/python3.11/site-packages/airflow/example_dags/example_sla_dag.py
[2025-03-27T14:58:01.102-0500] {logging_mixin.py:190} INFO - [2025-03-27T14:58:01.102-0500] {dag.py:3239} INFO - Sync 1 DAGs
[2025-03-27T14:58:01.111-0500] {logging_mixin.py:190} INFO - [2025-03-27T14:58:01.111-0500] {dag.py:4180} INFO - Setting next_dagrun for example_sla_dag to 2025-03-27 19:56:00+00:00, run_after=2025-03-27 19:58:00+00:00
[2025-03-27T14:58:01.256-0500] {processor.py:208} INFO - Processing /home/udhbhav/miniconda3/lib/python3.11/site-packages/airflow/example_dags/example_sla_dag.py took 0.170 seconds
[2025-03-27T14:59:25.691-0500] {processor.py:186} INFO - Started process (PID=1788269) to work on /home/udhbhav/miniconda3/lib/python3.11/site-packages/airflow/example_dags/example_sla_dag.py
[2025-03-27T14:59:25.692-0500] {processor.py:914} INFO - Processing file /home/udhbhav/miniconda3/lib/python3.11/site-packages/airflow/example_dags/example_sla_dag.py for tasks to queue
[2025-03-27T14:59:25.693-0500] {logging_mixin.py:190} INFO - [2025-03-27T14:59:25.692-0500] {dagbag.py:588} INFO - Filling up the DagBag from /home/udhbhav/miniconda3/lib/python3.11/site-packages/airflow/example_dags/example_sla_dag.py
[2025-03-27T14:59:25.698-0500] {processor.py:925} INFO - DAG(s) 'example_sla_dag' retrieved from /home/udhbhav/miniconda3/lib/python3.11/site-packages/airflow/example_dags/example_sla_dag.py
[2025-03-27T14:59:25.705-0500] {logging_mixin.py:190} INFO - [2025-03-27T14:59:25.705-0500] {dag.py:3239} INFO - Sync 1 DAGs
[2025-03-27T14:59:25.714-0500] {logging_mixin.py:190} INFO - [2025-03-27T14:59:25.714-0500] {dag.py:4180} INFO - Setting next_dagrun for example_sla_dag to 2025-03-27 19:56:00+00:00, run_after=2025-03-27 19:58:00+00:00
[2025-03-27T14:59:26.050-0500] {processor.py:208} INFO - Processing /home/udhbhav/miniconda3/lib/python3.11/site-packages/airflow/example_dags/example_sla_dag.py took 0.362 seconds
[2025-03-27T15:00:48.435-0500] {processor.py:186} INFO - Started process (PID=1789323) to work on /home/udhbhav/miniconda3/lib/python3.11/site-packages/airflow/example_dags/example_sla_dag.py
[2025-03-27T15:00:48.435-0500] {processor.py:914} INFO - Processing file /home/udhbhav/miniconda3/lib/python3.11/site-packages/airflow/example_dags/example_sla_dag.py for tasks to queue
[2025-03-27T15:00:48.436-0500] {logging_mixin.py:190} INFO - [2025-03-27T15:00:48.436-0500] {dagbag.py:588} INFO - Filling up the DagBag from /home/udhbhav/miniconda3/lib/python3.11/site-packages/airflow/example_dags/example_sla_dag.py
[2025-03-27T15:00:48.445-0500] {processor.py:925} INFO - DAG(s) 'example_sla_dag' retrieved from /home/udhbhav/miniconda3/lib/python3.11/site-packages/airflow/example_dags/example_sla_dag.py
[2025-03-27T15:00:48.452-0500] {logging_mixin.py:190} INFO - [2025-03-27T15:00:48.452-0500] {dag.py:3239} INFO - Sync 1 DAGs
[2025-03-27T15:00:48.462-0500] {logging_mixin.py:190} INFO - [2025-03-27T15:00:48.462-0500] {dag.py:4180} INFO - Setting next_dagrun for example_sla_dag to 2025-03-27 19:58:00+00:00, run_after=2025-03-27 20:00:00+00:00
[2025-03-27T15:00:48.568-0500] {processor.py:208} INFO - Processing /home/udhbhav/miniconda3/lib/python3.11/site-packages/airflow/example_dags/example_sla_dag.py took 0.136 seconds
[2025-03-27T15:01:51.345-0500] {processor.py:186} INFO - Started process (PID=1790030) to work on /home/udhbhav/miniconda3/lib/python3.11/site-packages/airflow/example_dags/example_sla_dag.py
[2025-03-27T15:01:51.345-0500] {processor.py:914} INFO - Processing file /home/udhbhav/miniconda3/lib/python3.11/site-packages/airflow/example_dags/example_sla_dag.py for tasks to queue
[2025-03-27T15:01:51.346-0500] {logging_mixin.py:190} INFO - [2025-03-27T15:01:51.346-0500] {dagbag.py:588} INFO - Filling up the DagBag from /home/udhbhav/miniconda3/lib/python3.11/site-packages/airflow/example_dags/example_sla_dag.py
[2025-03-27T15:01:51.353-0500] {processor.py:925} INFO - DAG(s) 'example_sla_dag' retrieved from /home/udhbhav/miniconda3/lib/python3.11/site-packages/airflow/example_dags/example_sla_dag.py
[2025-03-27T15:01:51.359-0500] {logging_mixin.py:190} INFO - [2025-03-27T15:01:51.359-0500] {dag.py:3239} INFO - Sync 1 DAGs
[2025-03-27T15:01:51.369-0500] {logging_mixin.py:190} INFO - [2025-03-27T15:01:51.369-0500] {dag.py:4180} INFO - Setting next_dagrun for example_sla_dag to 2025-03-27 19:58:00+00:00, run_after=2025-03-27 20:00:00+00:00
[2025-03-27T15:01:51.476-0500] {processor.py:208} INFO - Processing /home/udhbhav/miniconda3/lib/python3.11/site-packages/airflow/example_dags/example_sla_dag.py took 0.134 seconds
[2025-03-27T15:03:02.622-0500] {processor.py:186} INFO - Started process (PID=1790748) to work on /home/udhbhav/miniconda3/lib/python3.11/site-packages/airflow/example_dags/example_sla_dag.py
[2025-03-27T15:03:02.623-0500] {processor.py:914} INFO - Processing file /home/udhbhav/miniconda3/lib/python3.11/site-packages/airflow/example_dags/example_sla_dag.py for tasks to queue
[2025-03-27T15:03:02.624-0500] {logging_mixin.py:190} INFO - [2025-03-27T15:03:02.623-0500] {dagbag.py:588} INFO - Filling up the DagBag from /home/udhbhav/miniconda3/lib/python3.11/site-packages/airflow/example_dags/example_sla_dag.py
[2025-03-27T15:03:02.629-0500] {processor.py:925} INFO - DAG(s) 'example_sla_dag' retrieved from /home/udhbhav/miniconda3/lib/python3.11/site-packages/airflow/example_dags/example_sla_dag.py
[2025-03-27T15:03:02.636-0500] {logging_mixin.py:190} INFO - [2025-03-27T15:03:02.636-0500] {dag.py:3239} INFO - Sync 1 DAGs
[2025-03-27T15:03:02.645-0500] {logging_mixin.py:190} INFO - [2025-03-27T15:03:02.645-0500] {dag.py:4180} INFO - Setting next_dagrun for example_sla_dag to 2025-03-27 20:00:00+00:00, run_after=2025-03-27 20:02:00+00:00
[2025-03-27T15:03:02.873-0500] {processor.py:208} INFO - Processing /home/udhbhav/miniconda3/lib/python3.11/site-packages/airflow/example_dags/example_sla_dag.py took 0.254 seconds
[2025-03-27T15:04:16.572-0500] {processor.py:186} INFO - Started process (PID=1791394) to work on /home/udhbhav/miniconda3/lib/python3.11/site-packages/airflow/example_dags/example_sla_dag.py
[2025-03-27T15:04:16.573-0500] {processor.py:914} INFO - Processing file /home/udhbhav/miniconda3/lib/python3.11/site-packages/airflow/example_dags/example_sla_dag.py for tasks to queue
[2025-03-27T15:04:16.574-0500] {logging_mixin.py:190} INFO - [2025-03-27T15:04:16.574-0500] {dagbag.py:588} INFO - Filling up the DagBag from /home/udhbhav/miniconda3/lib/python3.11/site-packages/airflow/example_dags/example_sla_dag.py
[2025-03-27T15:04:16.580-0500] {processor.py:925} INFO - DAG(s) 'example_sla_dag' retrieved from /home/udhbhav/miniconda3/lib/python3.11/site-packages/airflow/example_dags/example_sla_dag.py
[2025-03-27T15:04:16.587-0500] {logging_mixin.py:190} INFO - [2025-03-27T15:04:16.587-0500] {dag.py:3239} INFO - Sync 1 DAGs
[2025-03-27T15:04:16.596-0500] {logging_mixin.py:190} INFO - [2025-03-27T15:04:16.596-0500] {dag.py:4180} INFO - Setting next_dagrun for example_sla_dag to 2025-03-27 20:02:00+00:00, run_after=2025-03-27 20:04:00+00:00
[2025-03-27T15:04:16.777-0500] {processor.py:208} INFO - Processing /home/udhbhav/miniconda3/lib/python3.11/site-packages/airflow/example_dags/example_sla_dag.py took 0.208 seconds
[2025-03-27T15:05:34.173-0500] {processor.py:186} INFO - Started process (PID=1792179) to work on /home/udhbhav/miniconda3/lib/python3.11/site-packages/airflow/example_dags/example_sla_dag.py
[2025-03-27T15:05:34.174-0500] {processor.py:914} INFO - Processing file /home/udhbhav/miniconda3/lib/python3.11/site-packages/airflow/example_dags/example_sla_dag.py for tasks to queue
[2025-03-27T15:05:34.175-0500] {logging_mixin.py:190} INFO - [2025-03-27T15:05:34.174-0500] {dagbag.py:588} INFO - Filling up the DagBag from /home/udhbhav/miniconda3/lib/python3.11/site-packages/airflow/example_dags/example_sla_dag.py
[2025-03-27T15:05:34.180-0500] {processor.py:925} INFO - DAG(s) 'example_sla_dag' retrieved from /home/udhbhav/miniconda3/lib/python3.11/site-packages/airflow/example_dags/example_sla_dag.py
[2025-03-27T15:05:34.187-0500] {logging_mixin.py:190} INFO - [2025-03-27T15:05:34.187-0500] {dag.py:3239} INFO - Sync 1 DAGs
[2025-03-27T15:05:34.196-0500] {logging_mixin.py:190} INFO - [2025-03-27T15:05:34.196-0500] {dag.py:4180} INFO - Setting next_dagrun for example_sla_dag to 2025-03-27 20:02:00+00:00, run_after=2025-03-27 20:04:00+00:00
[2025-03-27T15:05:34.364-0500] {processor.py:208} INFO - Processing /home/udhbhav/miniconda3/lib/python3.11/site-packages/airflow/example_dags/example_sla_dag.py took 0.193 seconds
[2025-03-27T15:07:07.417-0500] {processor.py:186} INFO - Started process (PID=1793107) to work on /home/udhbhav/miniconda3/lib/python3.11/site-packages/airflow/example_dags/example_sla_dag.py
[2025-03-27T15:07:07.417-0500] {processor.py:914} INFO - Processing file /home/udhbhav/miniconda3/lib/python3.11/site-packages/airflow/example_dags/example_sla_dag.py for tasks to queue
[2025-03-27T15:07:07.418-0500] {logging_mixin.py:190} INFO - [2025-03-27T15:07:07.418-0500] {dagbag.py:588} INFO - Filling up the DagBag from /home/udhbhav/miniconda3/lib/python3.11/site-packages/airflow/example_dags/example_sla_dag.py
[2025-03-27T15:07:07.424-0500] {processor.py:925} INFO - DAG(s) 'example_sla_dag' retrieved from /home/udhbhav/miniconda3/lib/python3.11/site-packages/airflow/example_dags/example_sla_dag.py
[2025-03-27T15:07:07.430-0500] {logging_mixin.py:190} INFO - [2025-03-27T15:07:07.430-0500] {dag.py:3239} INFO - Sync 1 DAGs
[2025-03-27T15:07:07.440-0500] {logging_mixin.py:190} INFO - [2025-03-27T15:07:07.440-0500] {dag.py:4180} INFO - Setting next_dagrun for example_sla_dag to 2025-03-27 20:04:00+00:00, run_after=2025-03-27 20:06:00+00:00
[2025-03-27T15:07:07.633-0500] {processor.py:208} INFO - Processing /home/udhbhav/miniconda3/lib/python3.11/site-packages/airflow/example_dags/example_sla_dag.py took 0.219 seconds
[2025-03-27T15:08:15.244-0500] {processor.py:186} INFO - Started process (PID=1793800) to work on /home/udhbhav/miniconda3/lib/python3.11/site-packages/airflow/example_dags/example_sla_dag.py
[2025-03-27T15:08:15.245-0500] {processor.py:914} INFO - Processing file /home/udhbhav/miniconda3/lib/python3.11/site-packages/airflow/example_dags/example_sla_dag.py for tasks to queue
[2025-03-27T15:08:15.245-0500] {logging_mixin.py:190} INFO - [2025-03-27T15:08:15.245-0500] {dagbag.py:588} INFO - Filling up the DagBag from /home/udhbhav/miniconda3/lib/python3.11/site-packages/airflow/example_dags/example_sla_dag.py
[2025-03-27T15:08:15.251-0500] {processor.py:925} INFO - DAG(s) 'example_sla_dag' retrieved from /home/udhbhav/miniconda3/lib/python3.11/site-packages/airflow/example_dags/example_sla_dag.py
[2025-03-27T15:08:15.258-0500] {logging_mixin.py:190} INFO - [2025-03-27T15:08:15.258-0500] {dag.py:3239} INFO - Sync 1 DAGs
[2025-03-27T15:08:15.267-0500] {logging_mixin.py:190} INFO - [2025-03-27T15:08:15.267-0500] {dag.py:4180} INFO - Setting next_dagrun for example_sla_dag to 2025-03-27 20:06:00+00:00, run_after=2025-03-27 20:08:00+00:00
[2025-03-27T15:08:15.376-0500] {processor.py:208} INFO - Processing /home/udhbhav/miniconda3/lib/python3.11/site-packages/airflow/example_dags/example_sla_dag.py took 0.135 seconds
[2025-03-27T15:09:17.874-0500] {processor.py:186} INFO - Started process (PID=1794420) to work on /home/udhbhav/miniconda3/lib/python3.11/site-packages/airflow/example_dags/example_sla_dag.py
[2025-03-27T15:09:17.875-0500] {processor.py:914} INFO - Processing file /home/udhbhav/miniconda3/lib/python3.11/site-packages/airflow/example_dags/example_sla_dag.py for tasks to queue
[2025-03-27T15:09:17.876-0500] {logging_mixin.py:190} INFO - [2025-03-27T15:09:17.876-0500] {dagbag.py:588} INFO - Filling up the DagBag from /home/udhbhav/miniconda3/lib/python3.11/site-packages/airflow/example_dags/example_sla_dag.py
[2025-03-27T15:09:17.881-0500] {processor.py:925} INFO - DAG(s) 'example_sla_dag' retrieved from /home/udhbhav/miniconda3/lib/python3.11/site-packages/airflow/example_dags/example_sla_dag.py
[2025-03-27T15:09:17.888-0500] {logging_mixin.py:190} INFO - [2025-03-27T15:09:17.888-0500] {dag.py:3239} INFO - Sync 1 DAGs
[2025-03-27T15:09:17.897-0500] {logging_mixin.py:190} INFO - [2025-03-27T15:09:17.897-0500] {dag.py:4180} INFO - Setting next_dagrun for example_sla_dag to 2025-03-27 20:06:00+00:00, run_after=2025-03-27 20:08:00+00:00
[2025-03-27T15:09:18.003-0500] {processor.py:208} INFO - Processing /home/udhbhav/miniconda3/lib/python3.11/site-packages/airflow/example_dags/example_sla_dag.py took 0.132 seconds
[2025-03-27T15:10:34.253-0500] {processor.py:186} INFO - Started process (PID=1795162) to work on /home/udhbhav/miniconda3/lib/python3.11/site-packages/airflow/example_dags/example_sla_dag.py
[2025-03-27T15:10:34.254-0500] {processor.py:914} INFO - Processing file /home/udhbhav/miniconda3/lib/python3.11/site-packages/airflow/example_dags/example_sla_dag.py for tasks to queue
[2025-03-27T15:10:34.255-0500] {logging_mixin.py:190} INFO - [2025-03-27T15:10:34.255-0500] {dagbag.py:588} INFO - Filling up the DagBag from /home/udhbhav/miniconda3/lib/python3.11/site-packages/airflow/example_dags/example_sla_dag.py
[2025-03-27T15:10:34.261-0500] {processor.py:925} INFO - DAG(s) 'example_sla_dag' retrieved from /home/udhbhav/miniconda3/lib/python3.11/site-packages/airflow/example_dags/example_sla_dag.py
[2025-03-27T15:10:34.268-0500] {logging_mixin.py:190} INFO - [2025-03-27T15:10:34.268-0500] {dag.py:3239} INFO - Sync 1 DAGs
[2025-03-27T15:10:34.277-0500] {logging_mixin.py:190} INFO - [2025-03-27T15:10:34.277-0500] {dag.py:4180} INFO - Setting next_dagrun for example_sla_dag to 2025-03-27 20:08:00+00:00, run_after=2025-03-27 20:10:00+00:00
[2025-03-27T15:10:34.384-0500] {processor.py:208} INFO - Processing /home/udhbhav/miniconda3/lib/python3.11/site-packages/airflow/example_dags/example_sla_dag.py took 0.134 seconds
[2025-03-27T15:11:39.845-0500] {processor.py:186} INFO - Started process (PID=1796894) to work on /home/udhbhav/miniconda3/lib/python3.11/site-packages/airflow/example_dags/example_sla_dag.py
[2025-03-27T15:11:39.845-0500] {processor.py:914} INFO - Processing file /home/udhbhav/miniconda3/lib/python3.11/site-packages/airflow/example_dags/example_sla_dag.py for tasks to queue
[2025-03-27T15:11:39.846-0500] {logging_mixin.py:190} INFO - [2025-03-27T15:11:39.846-0500] {dagbag.py:588} INFO - Filling up the DagBag from /home/udhbhav/miniconda3/lib/python3.11/site-packages/airflow/example_dags/example_sla_dag.py
[2025-03-27T15:11:39.852-0500] {processor.py:925} INFO - DAG(s) 'example_sla_dag' retrieved from /home/udhbhav/miniconda3/lib/python3.11/site-packages/airflow/example_dags/example_sla_dag.py
[2025-03-27T15:11:39.859-0500] {logging_mixin.py:190} INFO - [2025-03-27T15:11:39.859-0500] {dag.py:3239} INFO - Sync 1 DAGs
[2025-03-27T15:11:39.868-0500] {logging_mixin.py:190} INFO - [2025-03-27T15:11:39.868-0500] {dag.py:4180} INFO - Setting next_dagrun for example_sla_dag to 2025-03-27 20:08:00+00:00, run_after=2025-03-27 20:10:00+00:00
[2025-03-27T15:11:40.039-0500] {processor.py:208} INFO - Processing /home/udhbhav/miniconda3/lib/python3.11/site-packages/airflow/example_dags/example_sla_dag.py took 0.197 seconds
[2025-03-27T15:12:52.529-0500] {processor.py:186} INFO - Started process (PID=1798187) to work on /home/udhbhav/miniconda3/lib/python3.11/site-packages/airflow/example_dags/example_sla_dag.py
[2025-03-27T15:12:52.529-0500] {processor.py:914} INFO - Processing file /home/udhbhav/miniconda3/lib/python3.11/site-packages/airflow/example_dags/example_sla_dag.py for tasks to queue
[2025-03-27T15:12:52.530-0500] {logging_mixin.py:190} INFO - [2025-03-27T15:12:52.530-0500] {dagbag.py:588} INFO - Filling up the DagBag from /home/udhbhav/miniconda3/lib/python3.11/site-packages/airflow/example_dags/example_sla_dag.py
[2025-03-27T15:12:52.535-0500] {processor.py:925} INFO - DAG(s) 'example_sla_dag' retrieved from /home/udhbhav/miniconda3/lib/python3.11/site-packages/airflow/example_dags/example_sla_dag.py
[2025-03-27T15:12:52.542-0500] {logging_mixin.py:190} INFO - [2025-03-27T15:12:52.542-0500] {dag.py:3239} INFO - Sync 1 DAGs
[2025-03-27T15:12:52.552-0500] {logging_mixin.py:190} INFO - [2025-03-27T15:12:52.552-0500] {dag.py:4180} INFO - Setting next_dagrun for example_sla_dag to 2025-03-27 20:10:00+00:00, run_after=2025-03-27 20:12:00+00:00
[2025-03-27T15:12:52.735-0500] {processor.py:208} INFO - Processing /home/udhbhav/miniconda3/lib/python3.11/site-packages/airflow/example_dags/example_sla_dag.py took 0.209 seconds
[2025-03-27T15:14:09.920-0500] {processor.py:186} INFO - Started process (PID=1798897) to work on /home/udhbhav/miniconda3/lib/python3.11/site-packages/airflow/example_dags/example_sla_dag.py
[2025-03-27T15:14:09.921-0500] {processor.py:914} INFO - Processing file /home/udhbhav/miniconda3/lib/python3.11/site-packages/airflow/example_dags/example_sla_dag.py for tasks to queue
[2025-03-27T15:14:09.922-0500] {logging_mixin.py:190} INFO - [2025-03-27T15:14:09.921-0500] {dagbag.py:588} INFO - Filling up the DagBag from /home/udhbhav/miniconda3/lib/python3.11/site-packages/airflow/example_dags/example_sla_dag.py
[2025-03-27T15:14:09.927-0500] {processor.py:925} INFO - DAG(s) 'example_sla_dag' retrieved from /home/udhbhav/miniconda3/lib/python3.11/site-packages/airflow/example_dags/example_sla_dag.py
[2025-03-27T15:14:09.934-0500] {logging_mixin.py:190} INFO - [2025-03-27T15:14:09.934-0500] {dag.py:3239} INFO - Sync 1 DAGs
[2025-03-27T15:14:09.943-0500] {logging_mixin.py:190} INFO - [2025-03-27T15:14:09.943-0500] {dag.py:4180} INFO - Setting next_dagrun for example_sla_dag to 2025-03-27 20:12:00+00:00, run_after=2025-03-27 20:14:00+00:00
[2025-03-27T15:14:10.099-0500] {processor.py:208} INFO - Processing /home/udhbhav/miniconda3/lib/python3.11/site-packages/airflow/example_dags/example_sla_dag.py took 0.182 seconds
[2025-03-27T15:15:26.615-0500] {processor.py:186} INFO - Started process (PID=1799647) to work on /home/udhbhav/miniconda3/lib/python3.11/site-packages/airflow/example_dags/example_sla_dag.py
[2025-03-27T15:15:26.615-0500] {processor.py:914} INFO - Processing file /home/udhbhav/miniconda3/lib/python3.11/site-packages/airflow/example_dags/example_sla_dag.py for tasks to queue
[2025-03-27T15:15:26.616-0500] {logging_mixin.py:190} INFO - [2025-03-27T15:15:26.616-0500] {dagbag.py:588} INFO - Filling up the DagBag from /home/udhbhav/miniconda3/lib/python3.11/site-packages/airflow/example_dags/example_sla_dag.py
[2025-03-27T15:15:26.621-0500] {processor.py:925} INFO - DAG(s) 'example_sla_dag' retrieved from /home/udhbhav/miniconda3/lib/python3.11/site-packages/airflow/example_dags/example_sla_dag.py
[2025-03-27T15:15:26.628-0500] {logging_mixin.py:190} INFO - [2025-03-27T15:15:26.628-0500] {dag.py:3239} INFO - Sync 1 DAGs
[2025-03-27T15:15:26.637-0500] {logging_mixin.py:190} INFO - [2025-03-27T15:15:26.637-0500] {dag.py:4180} INFO - Setting next_dagrun for example_sla_dag to 2025-03-27 20:12:00+00:00, run_after=2025-03-27 20:14:00+00:00
[2025-03-27T15:15:26.794-0500] {processor.py:208} INFO - Processing /home/udhbhav/miniconda3/lib/python3.11/site-packages/airflow/example_dags/example_sla_dag.py took 0.182 seconds
[2025-03-27T15:16:51.021-0500] {processor.py:186} INFO - Started process (PID=1800558) to work on /home/udhbhav/miniconda3/lib/python3.11/site-packages/airflow/example_dags/example_sla_dag.py
[2025-03-27T15:16:51.021-0500] {processor.py:914} INFO - Processing file /home/udhbhav/miniconda3/lib/python3.11/site-packages/airflow/example_dags/example_sla_dag.py for tasks to queue
[2025-03-27T15:16:51.022-0500] {logging_mixin.py:190} INFO - [2025-03-27T15:16:51.022-0500] {dagbag.py:588} INFO - Filling up the DagBag from /home/udhbhav/miniconda3/lib/python3.11/site-packages/airflow/example_dags/example_sla_dag.py
[2025-03-27T15:16:51.028-0500] {processor.py:925} INFO - DAG(s) 'example_sla_dag' retrieved from /home/udhbhav/miniconda3/lib/python3.11/site-packages/airflow/example_dags/example_sla_dag.py
[2025-03-27T15:16:51.035-0500] {logging_mixin.py:190} INFO - [2025-03-27T15:16:51.035-0500] {dag.py:3239} INFO - Sync 1 DAGs
[2025-03-27T15:16:51.044-0500] {logging_mixin.py:190} INFO - [2025-03-27T15:16:51.044-0500] {dag.py:4180} INFO - Setting next_dagrun for example_sla_dag to 2025-03-27 20:14:00+00:00, run_after=2025-03-27 20:16:00+00:00
[2025-03-27T15:16:51.144-0500] {processor.py:208} INFO - Processing /home/udhbhav/miniconda3/lib/python3.11/site-packages/airflow/example_dags/example_sla_dag.py took 0.125 seconds
[2025-03-27T15:17:58.936-0500] {processor.py:186} INFO - Started process (PID=1801196) to work on /home/udhbhav/miniconda3/lib/python3.11/site-packages/airflow/example_dags/example_sla_dag.py
[2025-03-27T15:17:58.936-0500] {processor.py:914} INFO - Processing file /home/udhbhav/miniconda3/lib/python3.11/site-packages/airflow/example_dags/example_sla_dag.py for tasks to queue
[2025-03-27T15:17:58.937-0500] {logging_mixin.py:190} INFO - [2025-03-27T15:17:58.937-0500] {dagbag.py:588} INFO - Filling up the DagBag from /home/udhbhav/miniconda3/lib/python3.11/site-packages/airflow/example_dags/example_sla_dag.py
[2025-03-27T15:17:58.943-0500] {processor.py:925} INFO - DAG(s) 'example_sla_dag' retrieved from /home/udhbhav/miniconda3/lib/python3.11/site-packages/airflow/example_dags/example_sla_dag.py
[2025-03-27T15:17:58.949-0500] {logging_mixin.py:190} INFO - [2025-03-27T15:17:58.949-0500] {dag.py:3239} INFO - Sync 1 DAGs
[2025-03-27T15:17:58.959-0500] {logging_mixin.py:190} INFO - [2025-03-27T15:17:58.959-0500] {dag.py:4180} INFO - Setting next_dagrun for example_sla_dag to 2025-03-27 20:14:00+00:00, run_after=2025-03-27 20:16:00+00:00
[2025-03-27T15:17:59.067-0500] {processor.py:208} INFO - Processing /home/udhbhav/miniconda3/lib/python3.11/site-packages/airflow/example_dags/example_sla_dag.py took 0.134 seconds
[2025-03-27T15:19:04.871-0500] {processor.py:186} INFO - Started process (PID=1801806) to work on /home/udhbhav/miniconda3/lib/python3.11/site-packages/airflow/example_dags/example_sla_dag.py
[2025-03-27T15:19:04.872-0500] {processor.py:914} INFO - Processing file /home/udhbhav/miniconda3/lib/python3.11/site-packages/airflow/example_dags/example_sla_dag.py for tasks to queue
[2025-03-27T15:19:04.873-0500] {logging_mixin.py:190} INFO - [2025-03-27T15:19:04.873-0500] {dagbag.py:588} INFO - Filling up the DagBag from /home/udhbhav/miniconda3/lib/python3.11/site-packages/airflow/example_dags/example_sla_dag.py
[2025-03-27T15:19:04.878-0500] {processor.py:925} INFO - DAG(s) 'example_sla_dag' retrieved from /home/udhbhav/miniconda3/lib/python3.11/site-packages/airflow/example_dags/example_sla_dag.py
[2025-03-27T15:19:04.885-0500] {logging_mixin.py:190} INFO - [2025-03-27T15:19:04.885-0500] {dag.py:3239} INFO - Sync 1 DAGs
[2025-03-27T15:19:04.894-0500] {logging_mixin.py:190} INFO - [2025-03-27T15:19:04.894-0500] {dag.py:4180} INFO - Setting next_dagrun for example_sla_dag to 2025-03-27 20:16:00+00:00, run_after=2025-03-27 20:18:00+00:00
[2025-03-27T15:19:05.037-0500] {processor.py:208} INFO - Processing /home/udhbhav/miniconda3/lib/python3.11/site-packages/airflow/example_dags/example_sla_dag.py took 0.169 seconds
[2025-03-27T15:20:16.211-0500] {processor.py:186} INFO - Started process (PID=1802514) to work on /home/udhbhav/miniconda3/lib/python3.11/site-packages/airflow/example_dags/example_sla_dag.py
[2025-03-27T15:20:16.211-0500] {processor.py:914} INFO - Processing file /home/udhbhav/miniconda3/lib/python3.11/site-packages/airflow/example_dags/example_sla_dag.py for tasks to queue
[2025-03-27T15:20:16.212-0500] {logging_mixin.py:190} INFO - [2025-03-27T15:20:16.212-0500] {dagbag.py:588} INFO - Filling up the DagBag from /home/udhbhav/miniconda3/lib/python3.11/site-packages/airflow/example_dags/example_sla_dag.py
[2025-03-27T15:20:16.217-0500] {processor.py:925} INFO - DAG(s) 'example_sla_dag' retrieved from /home/udhbhav/miniconda3/lib/python3.11/site-packages/airflow/example_dags/example_sla_dag.py
[2025-03-27T15:20:16.224-0500] {logging_mixin.py:190} INFO - [2025-03-27T15:20:16.224-0500] {dag.py:3239} INFO - Sync 1 DAGs
[2025-03-27T15:20:16.233-0500] {logging_mixin.py:190} INFO - [2025-03-27T15:20:16.233-0500] {dag.py:4180} INFO - Setting next_dagrun for example_sla_dag to 2025-03-27 20:18:00+00:00, run_after=2025-03-27 20:20:00+00:00
[2025-03-27T15:20:16.341-0500] {processor.py:208} INFO - Processing /home/udhbhav/miniconda3/lib/python3.11/site-packages/airflow/example_dags/example_sla_dag.py took 0.134 seconds
[2025-03-27T15:21:22.962-0500] {processor.py:186} INFO - Started process (PID=1807999) to work on /home/udhbhav/miniconda3/lib/python3.11/site-packages/airflow/example_dags/example_sla_dag.py
[2025-03-27T15:21:22.962-0500] {processor.py:914} INFO - Processing file /home/udhbhav/miniconda3/lib/python3.11/site-packages/airflow/example_dags/example_sla_dag.py for tasks to queue
[2025-03-27T15:21:22.963-0500] {logging_mixin.py:190} INFO - [2025-03-27T15:21:22.963-0500] {dagbag.py:588} INFO - Filling up the DagBag from /home/udhbhav/miniconda3/lib/python3.11/site-packages/airflow/example_dags/example_sla_dag.py
[2025-03-27T15:21:22.969-0500] {processor.py:925} INFO - DAG(s) 'example_sla_dag' retrieved from /home/udhbhav/miniconda3/lib/python3.11/site-packages/airflow/example_dags/example_sla_dag.py
[2025-03-27T15:21:22.976-0500] {logging_mixin.py:190} INFO - [2025-03-27T15:21:22.976-0500] {dag.py:3239} INFO - Sync 1 DAGs
[2025-03-27T15:21:22.985-0500] {logging_mixin.py:190} INFO - [2025-03-27T15:21:22.985-0500] {dag.py:4180} INFO - Setting next_dagrun for example_sla_dag to 2025-03-27 20:18:00+00:00, run_after=2025-03-27 20:20:00+00:00
[2025-03-27T15:21:23.092-0500] {processor.py:208} INFO - Processing /home/udhbhav/miniconda3/lib/python3.11/site-packages/airflow/example_dags/example_sla_dag.py took 0.133 seconds
[2025-03-27T15:22:37.814-0500] {processor.py:186} INFO - Started process (PID=1808793) to work on /home/udhbhav/miniconda3/lib/python3.11/site-packages/airflow/example_dags/example_sla_dag.py
[2025-03-27T15:22:37.815-0500] {processor.py:914} INFO - Processing file /home/udhbhav/miniconda3/lib/python3.11/site-packages/airflow/example_dags/example_sla_dag.py for tasks to queue
[2025-03-27T15:22:37.816-0500] {logging_mixin.py:190} INFO - [2025-03-27T15:22:37.815-0500] {dagbag.py:588} INFO - Filling up the DagBag from /home/udhbhav/miniconda3/lib/python3.11/site-packages/airflow/example_dags/example_sla_dag.py
[2025-03-27T15:22:37.821-0500] {processor.py:925} INFO - DAG(s) 'example_sla_dag' retrieved from /home/udhbhav/miniconda3/lib/python3.11/site-packages/airflow/example_dags/example_sla_dag.py
[2025-03-27T15:22:37.828-0500] {logging_mixin.py:190} INFO - [2025-03-27T15:22:37.828-0500] {dag.py:3239} INFO - Sync 1 DAGs
[2025-03-27T15:22:37.837-0500] {logging_mixin.py:190} INFO - [2025-03-27T15:22:37.837-0500] {dag.py:4180} INFO - Setting next_dagrun for example_sla_dag to 2025-03-27 20:20:00+00:00, run_after=2025-03-27 20:22:00+00:00
[2025-03-27T15:22:37.945-0500] {processor.py:208} INFO - Processing /home/udhbhav/miniconda3/lib/python3.11/site-packages/airflow/example_dags/example_sla_dag.py took 0.134 seconds
[2025-03-27T15:23:52.271-0500] {processor.py:186} INFO - Started process (PID=1809583) to work on /home/udhbhav/miniconda3/lib/python3.11/site-packages/airflow/example_dags/example_sla_dag.py
[2025-03-27T15:23:52.272-0500] {processor.py:914} INFO - Processing file /home/udhbhav/miniconda3/lib/python3.11/site-packages/airflow/example_dags/example_sla_dag.py for tasks to queue
[2025-03-27T15:23:52.273-0500] {logging_mixin.py:190} INFO - [2025-03-27T15:23:52.272-0500] {dagbag.py:588} INFO - Filling up the DagBag from /home/udhbhav/miniconda3/lib/python3.11/site-packages/airflow/example_dags/example_sla_dag.py
[2025-03-27T15:23:52.278-0500] {processor.py:925} INFO - DAG(s) 'example_sla_dag' retrieved from /home/udhbhav/miniconda3/lib/python3.11/site-packages/airflow/example_dags/example_sla_dag.py
[2025-03-27T15:23:52.285-0500] {logging_mixin.py:190} INFO - [2025-03-27T15:23:52.285-0500] {dag.py:3239} INFO - Sync 1 DAGs
[2025-03-27T15:23:52.294-0500] {logging_mixin.py:190} INFO - [2025-03-27T15:23:52.294-0500] {dag.py:4180} INFO - Setting next_dagrun for example_sla_dag to 2025-03-27 20:20:00+00:00, run_after=2025-03-27 20:22:00+00:00
[2025-03-27T15:23:52.399-0500] {processor.py:208} INFO - Processing /home/udhbhav/miniconda3/lib/python3.11/site-packages/airflow/example_dags/example_sla_dag.py took 0.130 seconds
[2025-03-27T15:25:02.454-0500] {processor.py:186} INFO - Started process (PID=1810319) to work on /home/udhbhav/miniconda3/lib/python3.11/site-packages/airflow/example_dags/example_sla_dag.py
[2025-03-27T15:25:02.454-0500] {processor.py:914} INFO - Processing file /home/udhbhav/miniconda3/lib/python3.11/site-packages/airflow/example_dags/example_sla_dag.py for tasks to queue
[2025-03-27T15:25:02.455-0500] {logging_mixin.py:190} INFO - [2025-03-27T15:25:02.455-0500] {dagbag.py:588} INFO - Filling up the DagBag from /home/udhbhav/miniconda3/lib/python3.11/site-packages/airflow/example_dags/example_sla_dag.py
[2025-03-27T15:25:02.460-0500] {processor.py:925} INFO - DAG(s) 'example_sla_dag' retrieved from /home/udhbhav/miniconda3/lib/python3.11/site-packages/airflow/example_dags/example_sla_dag.py
[2025-03-27T15:25:02.467-0500] {logging_mixin.py:190} INFO - [2025-03-27T15:25:02.467-0500] {dag.py:3239} INFO - Sync 1 DAGs
[2025-03-27T15:25:02.476-0500] {logging_mixin.py:190} INFO - [2025-03-27T15:25:02.476-0500] {dag.py:4180} INFO - Setting next_dagrun for example_sla_dag to 2025-03-27 20:22:00+00:00, run_after=2025-03-27 20:24:00+00:00
[2025-03-27T15:25:02.625-0500] {processor.py:208} INFO - Processing /home/udhbhav/miniconda3/lib/python3.11/site-packages/airflow/example_dags/example_sla_dag.py took 0.174 seconds
[2025-03-27T15:26:40.335-0500] {processor.py:186} INFO - Started process (PID=1811274) to work on /home/udhbhav/miniconda3/lib/python3.11/site-packages/airflow/example_dags/example_sla_dag.py
[2025-03-27T15:26:40.336-0500] {processor.py:914} INFO - Processing file /home/udhbhav/miniconda3/lib/python3.11/site-packages/airflow/example_dags/example_sla_dag.py for tasks to queue
[2025-03-27T15:26:40.337-0500] {logging_mixin.py:190} INFO - [2025-03-27T15:26:40.337-0500] {dagbag.py:588} INFO - Filling up the DagBag from /home/udhbhav/miniconda3/lib/python3.11/site-packages/airflow/example_dags/example_sla_dag.py
[2025-03-27T15:26:40.343-0500] {processor.py:925} INFO - DAG(s) 'example_sla_dag' retrieved from /home/udhbhav/miniconda3/lib/python3.11/site-packages/airflow/example_dags/example_sla_dag.py
[2025-03-27T15:26:40.349-0500] {logging_mixin.py:190} INFO - [2025-03-27T15:26:40.349-0500] {dag.py:3239} INFO - Sync 1 DAGs
[2025-03-27T15:26:40.359-0500] {logging_mixin.py:190} INFO - [2025-03-27T15:26:40.359-0500] {dag.py:4180} INFO - Setting next_dagrun for example_sla_dag to 2025-03-27 20:24:00+00:00, run_after=2025-03-27 20:26:00+00:00
[2025-03-27T15:26:40.510-0500] {processor.py:208} INFO - Processing /home/udhbhav/miniconda3/lib/python3.11/site-packages/airflow/example_dags/example_sla_dag.py took 0.178 seconds
[2025-03-27T15:27:53.585-0500] {processor.py:186} INFO - Started process (PID=1812022) to work on /home/udhbhav/miniconda3/lib/python3.11/site-packages/airflow/example_dags/example_sla_dag.py
[2025-03-27T15:27:53.586-0500] {processor.py:914} INFO - Processing file /home/udhbhav/miniconda3/lib/python3.11/site-packages/airflow/example_dags/example_sla_dag.py for tasks to queue
[2025-03-27T15:27:53.587-0500] {logging_mixin.py:190} INFO - [2025-03-27T15:27:53.586-0500] {dagbag.py:588} INFO - Filling up the DagBag from /home/udhbhav/miniconda3/lib/python3.11/site-packages/airflow/example_dags/example_sla_dag.py
[2025-03-27T15:27:53.592-0500] {processor.py:925} INFO - DAG(s) 'example_sla_dag' retrieved from /home/udhbhav/miniconda3/lib/python3.11/site-packages/airflow/example_dags/example_sla_dag.py
[2025-03-27T15:27:53.599-0500] {logging_mixin.py:190} INFO - [2025-03-27T15:27:53.599-0500] {dag.py:3239} INFO - Sync 1 DAGs
[2025-03-27T15:27:53.609-0500] {logging_mixin.py:190} INFO - [2025-03-27T15:27:53.609-0500] {dag.py:4180} INFO - Setting next_dagrun for example_sla_dag to 2025-03-27 20:24:00+00:00, run_after=2025-03-27 20:26:00+00:00
[2025-03-27T15:27:53.716-0500] {processor.py:208} INFO - Processing /home/udhbhav/miniconda3/lib/python3.11/site-packages/airflow/example_dags/example_sla_dag.py took 0.134 seconds
[2025-03-27T15:29:35.049-0500] {processor.py:186} INFO - Started process (PID=1812895) to work on /home/udhbhav/miniconda3/lib/python3.11/site-packages/airflow/example_dags/example_sla_dag.py
[2025-03-27T15:29:35.049-0500] {processor.py:914} INFO - Processing file /home/udhbhav/miniconda3/lib/python3.11/site-packages/airflow/example_dags/example_sla_dag.py for tasks to queue
[2025-03-27T15:29:35.050-0500] {logging_mixin.py:190} INFO - [2025-03-27T15:29:35.050-0500] {dagbag.py:588} INFO - Filling up the DagBag from /home/udhbhav/miniconda3/lib/python3.11/site-packages/airflow/example_dags/example_sla_dag.py
[2025-03-27T15:29:35.056-0500] {processor.py:925} INFO - DAG(s) 'example_sla_dag' retrieved from /home/udhbhav/miniconda3/lib/python3.11/site-packages/airflow/example_dags/example_sla_dag.py
[2025-03-27T15:29:35.063-0500] {logging_mixin.py:190} INFO - [2025-03-27T15:29:35.063-0500] {dag.py:3239} INFO - Sync 1 DAGs
[2025-03-27T15:29:35.072-0500] {logging_mixin.py:190} INFO - [2025-03-27T15:29:35.072-0500] {dag.py:4180} INFO - Setting next_dagrun for example_sla_dag to 2025-03-27 20:26:00+00:00, run_after=2025-03-27 20:28:00+00:00
[2025-03-27T15:29:35.271-0500] {processor.py:208} INFO - Processing /home/udhbhav/miniconda3/lib/python3.11/site-packages/airflow/example_dags/example_sla_dag.py took 0.224 seconds
[2025-03-27T15:31:28.712-0500] {processor.py:186} INFO - Started process (PID=1813901) to work on /home/udhbhav/miniconda3/lib/python3.11/site-packages/airflow/example_dags/example_sla_dag.py
[2025-03-27T15:31:28.713-0500] {processor.py:914} INFO - Processing file /home/udhbhav/miniconda3/lib/python3.11/site-packages/airflow/example_dags/example_sla_dag.py for tasks to queue
[2025-03-27T15:31:28.714-0500] {logging_mixin.py:190} INFO - [2025-03-27T15:31:28.714-0500] {dagbag.py:588} INFO - Filling up the DagBag from /home/udhbhav/miniconda3/lib/python3.11/site-packages/airflow/example_dags/example_sla_dag.py
[2025-03-27T15:31:28.719-0500] {processor.py:925} INFO - DAG(s) 'example_sla_dag' retrieved from /home/udhbhav/miniconda3/lib/python3.11/site-packages/airflow/example_dags/example_sla_dag.py
[2025-03-27T15:31:28.726-0500] {logging_mixin.py:190} INFO - [2025-03-27T15:31:28.726-0500] {dag.py:3239} INFO - Sync 1 DAGs
[2025-03-27T15:31:28.735-0500] {logging_mixin.py:190} INFO - [2025-03-27T15:31:28.735-0500] {dag.py:4180} INFO - Setting next_dagrun for example_sla_dag to 2025-03-27 20:28:00+00:00, run_after=2025-03-27 20:30:00+00:00
[2025-03-27T15:31:28.985-0500] {processor.py:208} INFO - Processing /home/udhbhav/miniconda3/lib/python3.11/site-packages/airflow/example_dags/example_sla_dag.py took 0.276 seconds
[2025-03-27T15:32:53.376-0500] {processor.py:186} INFO - Started process (PID=1814828) to work on /home/udhbhav/miniconda3/lib/python3.11/site-packages/airflow/example_dags/example_sla_dag.py
[2025-03-27T15:32:53.377-0500] {processor.py:914} INFO - Processing file /home/udhbhav/miniconda3/lib/python3.11/site-packages/airflow/example_dags/example_sla_dag.py for tasks to queue
[2025-03-27T15:32:53.378-0500] {logging_mixin.py:190} INFO - [2025-03-27T15:32:53.378-0500] {dagbag.py:588} INFO - Filling up the DagBag from /home/udhbhav/miniconda3/lib/python3.11/site-packages/airflow/example_dags/example_sla_dag.py
[2025-03-27T15:32:53.383-0500] {processor.py:925} INFO - DAG(s) 'example_sla_dag' retrieved from /home/udhbhav/miniconda3/lib/python3.11/site-packages/airflow/example_dags/example_sla_dag.py
[2025-03-27T15:32:53.390-0500] {logging_mixin.py:190} INFO - [2025-03-27T15:32:53.390-0500] {dag.py:3239} INFO - Sync 1 DAGs
[2025-03-27T15:32:53.399-0500] {logging_mixin.py:190} INFO - [2025-03-27T15:32:53.399-0500] {dag.py:4180} INFO - Setting next_dagrun for example_sla_dag to 2025-03-27 20:30:00+00:00, run_after=2025-03-27 20:32:00+00:00
[2025-03-27T15:32:53.503-0500] {processor.py:208} INFO - Processing /home/udhbhav/miniconda3/lib/python3.11/site-packages/airflow/example_dags/example_sla_dag.py took 0.130 seconds
[2025-03-27T15:34:02.437-0500] {processor.py:186} INFO - Started process (PID=1815455) to work on /home/udhbhav/miniconda3/lib/python3.11/site-packages/airflow/example_dags/example_sla_dag.py
[2025-03-27T15:34:02.437-0500] {processor.py:914} INFO - Processing file /home/udhbhav/miniconda3/lib/python3.11/site-packages/airflow/example_dags/example_sla_dag.py for tasks to queue
[2025-03-27T15:34:02.438-0500] {logging_mixin.py:190} INFO - [2025-03-27T15:34:02.438-0500] {dagbag.py:588} INFO - Filling up the DagBag from /home/udhbhav/miniconda3/lib/python3.11/site-packages/airflow/example_dags/example_sla_dag.py
[2025-03-27T15:34:02.443-0500] {processor.py:925} INFO - DAG(s) 'example_sla_dag' retrieved from /home/udhbhav/miniconda3/lib/python3.11/site-packages/airflow/example_dags/example_sla_dag.py
[2025-03-27T15:34:02.450-0500] {logging_mixin.py:190} INFO - [2025-03-27T15:34:02.450-0500] {dag.py:3239} INFO - Sync 1 DAGs
[2025-03-27T15:34:02.459-0500] {logging_mixin.py:190} INFO - [2025-03-27T15:34:02.459-0500] {dag.py:4180} INFO - Setting next_dagrun for example_sla_dag to 2025-03-27 20:32:00+00:00, run_after=2025-03-27 20:34:00+00:00
[2025-03-27T15:34:02.568-0500] {processor.py:208} INFO - Processing /home/udhbhav/miniconda3/lib/python3.11/site-packages/airflow/example_dags/example_sla_dag.py took 0.134 seconds
[2025-03-27T15:35:06.011-0500] {processor.py:186} INFO - Started process (PID=1816092) to work on /home/udhbhav/miniconda3/lib/python3.11/site-packages/airflow/example_dags/example_sla_dag.py
[2025-03-27T15:35:06.012-0500] {processor.py:914} INFO - Processing file /home/udhbhav/miniconda3/lib/python3.11/site-packages/airflow/example_dags/example_sla_dag.py for tasks to queue
[2025-03-27T15:35:06.013-0500] {logging_mixin.py:190} INFO - [2025-03-27T15:35:06.013-0500] {dagbag.py:588} INFO - Filling up the DagBag from /home/udhbhav/miniconda3/lib/python3.11/site-packages/airflow/example_dags/example_sla_dag.py
[2025-03-27T15:35:06.018-0500] {processor.py:925} INFO - DAG(s) 'example_sla_dag' retrieved from /home/udhbhav/miniconda3/lib/python3.11/site-packages/airflow/example_dags/example_sla_dag.py
[2025-03-27T15:35:06.025-0500] {logging_mixin.py:190} INFO - [2025-03-27T15:35:06.025-0500] {dag.py:3239} INFO - Sync 1 DAGs
[2025-03-27T15:35:06.034-0500] {logging_mixin.py:190} INFO - [2025-03-27T15:35:06.034-0500] {dag.py:4180} INFO - Setting next_dagrun for example_sla_dag to 2025-03-27 20:32:00+00:00, run_after=2025-03-27 20:34:00+00:00
[2025-03-27T15:35:06.141-0500] {processor.py:208} INFO - Processing /home/udhbhav/miniconda3/lib/python3.11/site-packages/airflow/example_dags/example_sla_dag.py took 0.132 seconds
[2025-03-27T15:36:29.657-0500] {processor.py:186} INFO - Started process (PID=1816859) to work on /home/udhbhav/miniconda3/lib/python3.11/site-packages/airflow/example_dags/example_sla_dag.py
[2025-03-27T15:36:29.658-0500] {processor.py:914} INFO - Processing file /home/udhbhav/miniconda3/lib/python3.11/site-packages/airflow/example_dags/example_sla_dag.py for tasks to queue
[2025-03-27T15:36:29.659-0500] {logging_mixin.py:190} INFO - [2025-03-27T15:36:29.658-0500] {dagbag.py:588} INFO - Filling up the DagBag from /home/udhbhav/miniconda3/lib/python3.11/site-packages/airflow/example_dags/example_sla_dag.py
[2025-03-27T15:36:29.664-0500] {processor.py:925} INFO - DAG(s) 'example_sla_dag' retrieved from /home/udhbhav/miniconda3/lib/python3.11/site-packages/airflow/example_dags/example_sla_dag.py
[2025-03-27T15:36:29.671-0500] {logging_mixin.py:190} INFO - [2025-03-27T15:36:29.671-0500] {dag.py:3239} INFO - Sync 1 DAGs
[2025-03-27T15:36:29.680-0500] {logging_mixin.py:190} INFO - [2025-03-27T15:36:29.680-0500] {dag.py:4180} INFO - Setting next_dagrun for example_sla_dag to 2025-03-27 20:34:00+00:00, run_after=2025-03-27 20:36:00+00:00
[2025-03-27T15:36:29.799-0500] {processor.py:208} INFO - Processing /home/udhbhav/miniconda3/lib/python3.11/site-packages/airflow/example_dags/example_sla_dag.py took 0.144 seconds
