[2025-03-27T14:25:55.212-0500] {processor.py:186} INFO - Started process (PID=1762976) to work on /home/udhbhav/miniconda3/lib/python3.11/site-packages/airflow/example_dags/example_kubernetes_executor.py
[2025-03-27T14:25:55.214-0500] {processor.py:914} INFO - Processing file /home/udhbhav/miniconda3/lib/python3.11/site-packages/airflow/example_dags/example_kubernetes_executor.py for tasks to queue
[2025-03-27T14:25:55.215-0500] {logging_mixin.py:190} INFO - [2025-03-27T14:25:55.215-0500] {dagbag.py:588} INFO - Filling up the DagBag from /home/udhbhav/miniconda3/lib/python3.11/site-packages/airflow/example_dags/example_kubernetes_executor.py
[2025-03-27T14:25:55.218-0500] {logging_mixin.py:190} INFO - [2025-03-27T14:25:55.217-0500] {example_kubernetes_executor.py:39} WARNING - The example_kubernetes_executor example DAG requires the kubernetes provider. Please install it with: pip install apache-airflow[cncf.kubernetes]
[2025-03-27T14:25:55.218-0500] {processor.py:927} WARNING - No viable dags retrieved from /home/udhbhav/miniconda3/lib/python3.11/site-packages/airflow/example_dags/example_kubernetes_executor.py
[2025-03-27T14:25:55.223-0500] {processor.py:208} INFO - Processing /home/udhbhav/miniconda3/lib/python3.11/site-packages/airflow/example_dags/example_kubernetes_executor.py took 0.015 seconds
[2025-03-27T14:28:20.384-0500] {processor.py:186} INFO - Started process (PID=1764225) to work on /home/udhbhav/miniconda3/lib/python3.11/site-packages/airflow/example_dags/example_kubernetes_executor.py
[2025-03-27T14:28:20.385-0500] {processor.py:914} INFO - Processing file /home/udhbhav/miniconda3/lib/python3.11/site-packages/airflow/example_dags/example_kubernetes_executor.py for tasks to queue
[2025-03-27T14:28:20.386-0500] {logging_mixin.py:190} INFO - [2025-03-27T14:28:20.386-0500] {dagbag.py:588} INFO - Filling up the DagBag from /home/udhbhav/miniconda3/lib/python3.11/site-packages/airflow/example_dags/example_kubernetes_executor.py
[2025-03-27T14:28:20.389-0500] {logging_mixin.py:190} INFO - [2025-03-27T14:28:20.389-0500] {example_kubernetes_executor.py:39} WARNING - The example_kubernetes_executor example DAG requires the kubernetes provider. Please install it with: pip install apache-airflow[cncf.kubernetes]
[2025-03-27T14:28:20.389-0500] {processor.py:927} WARNING - No viable dags retrieved from /home/udhbhav/miniconda3/lib/python3.11/site-packages/airflow/example_dags/example_kubernetes_executor.py
[2025-03-27T14:28:20.394-0500] {processor.py:208} INFO - Processing /home/udhbhav/miniconda3/lib/python3.11/site-packages/airflow/example_dags/example_kubernetes_executor.py took 0.012 seconds
[2025-03-27T14:35:34.485-0500] {processor.py:186} INFO - Started process (PID=1768428) to work on /home/udhbhav/miniconda3/lib/python3.11/site-packages/airflow/example_dags/example_kubernetes_executor.py
[2025-03-27T14:35:34.486-0500] {processor.py:914} INFO - Processing file /home/udhbhav/miniconda3/lib/python3.11/site-packages/airflow/example_dags/example_kubernetes_executor.py for tasks to queue
[2025-03-27T14:35:34.487-0500] {logging_mixin.py:190} INFO - [2025-03-27T14:35:34.487-0500] {dagbag.py:588} INFO - Filling up the DagBag from /home/udhbhav/miniconda3/lib/python3.11/site-packages/airflow/example_dags/example_kubernetes_executor.py
[2025-03-27T14:35:34.488-0500] {logging_mixin.py:190} INFO - [2025-03-27T14:35:34.488-0500] {example_kubernetes_executor.py:39} WARNING - The example_kubernetes_executor example DAG requires the kubernetes provider. Please install it with: pip install apache-airflow[cncf.kubernetes]
[2025-03-27T14:35:34.488-0500] {processor.py:927} WARNING - No viable dags retrieved from /home/udhbhav/miniconda3/lib/python3.11/site-packages/airflow/example_dags/example_kubernetes_executor.py
[2025-03-27T14:35:34.494-0500] {processor.py:208} INFO - Processing /home/udhbhav/miniconda3/lib/python3.11/site-packages/airflow/example_dags/example_kubernetes_executor.py took 0.011 seconds
[2025-03-27T14:37:21.563-0500] {processor.py:186} INFO - Started process (PID=1769496) to work on /home/udhbhav/miniconda3/lib/python3.11/site-packages/airflow/example_dags/example_kubernetes_executor.py
[2025-03-27T14:37:21.564-0500] {processor.py:914} INFO - Processing file /home/udhbhav/miniconda3/lib/python3.11/site-packages/airflow/example_dags/example_kubernetes_executor.py for tasks to queue
[2025-03-27T14:37:21.565-0500] {logging_mixin.py:190} INFO - [2025-03-27T14:37:21.564-0500] {dagbag.py:588} INFO - Filling up the DagBag from /home/udhbhav/miniconda3/lib/python3.11/site-packages/airflow/example_dags/example_kubernetes_executor.py
[2025-03-27T14:37:21.566-0500] {logging_mixin.py:190} INFO - [2025-03-27T14:37:21.566-0500] {example_kubernetes_executor.py:39} WARNING - The example_kubernetes_executor example DAG requires the kubernetes provider. Please install it with: pip install apache-airflow[cncf.kubernetes]
[2025-03-27T14:37:21.566-0500] {processor.py:927} WARNING - No viable dags retrieved from /home/udhbhav/miniconda3/lib/python3.11/site-packages/airflow/example_dags/example_kubernetes_executor.py
[2025-03-27T14:37:21.571-0500] {processor.py:208} INFO - Processing /home/udhbhav/miniconda3/lib/python3.11/site-packages/airflow/example_dags/example_kubernetes_executor.py took 0.011 seconds
[2025-03-27T14:38:28.736-0500] {processor.py:186} INFO - Started process (PID=1770501) to work on /home/udhbhav/miniconda3/lib/python3.11/site-packages/airflow/example_dags/example_kubernetes_executor.py
[2025-03-27T14:38:28.736-0500] {processor.py:914} INFO - Processing file /home/udhbhav/miniconda3/lib/python3.11/site-packages/airflow/example_dags/example_kubernetes_executor.py for tasks to queue
[2025-03-27T14:38:28.737-0500] {logging_mixin.py:190} INFO - [2025-03-27T14:38:28.737-0500] {dagbag.py:588} INFO - Filling up the DagBag from /home/udhbhav/miniconda3/lib/python3.11/site-packages/airflow/example_dags/example_kubernetes_executor.py
[2025-03-27T14:38:28.739-0500] {logging_mixin.py:190} INFO - [2025-03-27T14:38:28.739-0500] {example_kubernetes_executor.py:39} WARNING - The example_kubernetes_executor example DAG requires the kubernetes provider. Please install it with: pip install apache-airflow[cncf.kubernetes]
[2025-03-27T14:38:28.739-0500] {processor.py:927} WARNING - No viable dags retrieved from /home/udhbhav/miniconda3/lib/python3.11/site-packages/airflow/example_dags/example_kubernetes_executor.py
[2025-03-27T14:38:28.744-0500] {processor.py:208} INFO - Processing /home/udhbhav/miniconda3/lib/python3.11/site-packages/airflow/example_dags/example_kubernetes_executor.py took 0.011 seconds
[2025-03-27T14:39:40.205-0500] {processor.py:186} INFO - Started process (PID=1771299) to work on /home/udhbhav/miniconda3/lib/python3.11/site-packages/airflow/example_dags/example_kubernetes_executor.py
[2025-03-27T14:39:40.205-0500] {processor.py:914} INFO - Processing file /home/udhbhav/miniconda3/lib/python3.11/site-packages/airflow/example_dags/example_kubernetes_executor.py for tasks to queue
[2025-03-27T14:39:40.206-0500] {logging_mixin.py:190} INFO - [2025-03-27T14:39:40.206-0500] {dagbag.py:588} INFO - Filling up the DagBag from /home/udhbhav/miniconda3/lib/python3.11/site-packages/airflow/example_dags/example_kubernetes_executor.py
[2025-03-27T14:39:40.208-0500] {logging_mixin.py:190} INFO - [2025-03-27T14:39:40.208-0500] {example_kubernetes_executor.py:39} WARNING - The example_kubernetes_executor example DAG requires the kubernetes provider. Please install it with: pip install apache-airflow[cncf.kubernetes]
[2025-03-27T14:39:40.208-0500] {processor.py:927} WARNING - No viable dags retrieved from /home/udhbhav/miniconda3/lib/python3.11/site-packages/airflow/example_dags/example_kubernetes_executor.py
[2025-03-27T14:39:40.213-0500] {processor.py:208} INFO - Processing /home/udhbhav/miniconda3/lib/python3.11/site-packages/airflow/example_dags/example_kubernetes_executor.py took 0.012 seconds
[2025-03-27T14:40:59.304-0500] {processor.py:186} INFO - Started process (PID=1772069) to work on /home/udhbhav/miniconda3/lib/python3.11/site-packages/airflow/example_dags/example_kubernetes_executor.py
[2025-03-27T14:40:59.304-0500] {processor.py:914} INFO - Processing file /home/udhbhav/miniconda3/lib/python3.11/site-packages/airflow/example_dags/example_kubernetes_executor.py for tasks to queue
[2025-03-27T14:40:59.305-0500] {logging_mixin.py:190} INFO - [2025-03-27T14:40:59.305-0500] {dagbag.py:588} INFO - Filling up the DagBag from /home/udhbhav/miniconda3/lib/python3.11/site-packages/airflow/example_dags/example_kubernetes_executor.py
[2025-03-27T14:40:59.307-0500] {logging_mixin.py:190} INFO - [2025-03-27T14:40:59.307-0500] {example_kubernetes_executor.py:39} WARNING - The example_kubernetes_executor example DAG requires the kubernetes provider. Please install it with: pip install apache-airflow[cncf.kubernetes]
[2025-03-27T14:40:59.307-0500] {processor.py:927} WARNING - No viable dags retrieved from /home/udhbhav/miniconda3/lib/python3.11/site-packages/airflow/example_dags/example_kubernetes_executor.py
[2025-03-27T14:40:59.312-0500] {processor.py:208} INFO - Processing /home/udhbhav/miniconda3/lib/python3.11/site-packages/airflow/example_dags/example_kubernetes_executor.py took 0.011 seconds
[2025-03-27T14:41:50.551-0500] {processor.py:186} INFO - Started process (PID=1772893) to work on /home/udhbhav/miniconda3/lib/python3.11/site-packages/airflow/example_dags/example_kubernetes_executor.py
[2025-03-27T14:41:50.551-0500] {processor.py:914} INFO - Processing file /home/udhbhav/miniconda3/lib/python3.11/site-packages/airflow/example_dags/example_kubernetes_executor.py for tasks to queue
[2025-03-27T14:41:50.552-0500] {logging_mixin.py:190} INFO - [2025-03-27T14:41:50.552-0500] {dagbag.py:588} INFO - Filling up the DagBag from /home/udhbhav/miniconda3/lib/python3.11/site-packages/airflow/example_dags/example_kubernetes_executor.py
[2025-03-27T14:41:50.553-0500] {logging_mixin.py:190} INFO - [2025-03-27T14:41:50.553-0500] {example_kubernetes_executor.py:39} WARNING - The example_kubernetes_executor example DAG requires the kubernetes provider. Please install it with: pip install apache-airflow[cncf.kubernetes]
[2025-03-27T14:41:50.554-0500] {processor.py:927} WARNING - No viable dags retrieved from /home/udhbhav/miniconda3/lib/python3.11/site-packages/airflow/example_dags/example_kubernetes_executor.py
[2025-03-27T14:41:50.559-0500] {processor.py:208} INFO - Processing /home/udhbhav/miniconda3/lib/python3.11/site-packages/airflow/example_dags/example_kubernetes_executor.py took 0.011 seconds
[2025-03-27T14:42:52.917-0500] {processor.py:186} INFO - Started process (PID=1773529) to work on /home/udhbhav/miniconda3/lib/python3.11/site-packages/airflow/example_dags/example_kubernetes_executor.py
[2025-03-27T14:42:52.918-0500] {processor.py:914} INFO - Processing file /home/udhbhav/miniconda3/lib/python3.11/site-packages/airflow/example_dags/example_kubernetes_executor.py for tasks to queue
[2025-03-27T14:42:52.919-0500] {logging_mixin.py:190} INFO - [2025-03-27T14:42:52.918-0500] {dagbag.py:588} INFO - Filling up the DagBag from /home/udhbhav/miniconda3/lib/python3.11/site-packages/airflow/example_dags/example_kubernetes_executor.py
[2025-03-27T14:42:52.920-0500] {logging_mixin.py:190} INFO - [2025-03-27T14:42:52.920-0500] {example_kubernetes_executor.py:39} WARNING - The example_kubernetes_executor example DAG requires the kubernetes provider. Please install it with: pip install apache-airflow[cncf.kubernetes]
[2025-03-27T14:42:52.920-0500] {processor.py:927} WARNING - No viable dags retrieved from /home/udhbhav/miniconda3/lib/python3.11/site-packages/airflow/example_dags/example_kubernetes_executor.py
[2025-03-27T14:42:52.925-0500] {processor.py:208} INFO - Processing /home/udhbhav/miniconda3/lib/python3.11/site-packages/airflow/example_dags/example_kubernetes_executor.py took 0.011 seconds
[2025-03-27T14:43:55.455-0500] {processor.py:186} INFO - Started process (PID=1774263) to work on /home/udhbhav/miniconda3/lib/python3.11/site-packages/airflow/example_dags/example_kubernetes_executor.py
[2025-03-27T14:43:55.455-0500] {processor.py:914} INFO - Processing file /home/udhbhav/miniconda3/lib/python3.11/site-packages/airflow/example_dags/example_kubernetes_executor.py for tasks to queue
[2025-03-27T14:43:55.456-0500] {logging_mixin.py:190} INFO - [2025-03-27T14:43:55.456-0500] {dagbag.py:588} INFO - Filling up the DagBag from /home/udhbhav/miniconda3/lib/python3.11/site-packages/airflow/example_dags/example_kubernetes_executor.py
[2025-03-27T14:43:55.458-0500] {logging_mixin.py:190} INFO - [2025-03-27T14:43:55.458-0500] {example_kubernetes_executor.py:39} WARNING - The example_kubernetes_executor example DAG requires the kubernetes provider. Please install it with: pip install apache-airflow[cncf.kubernetes]
[2025-03-27T14:43:55.458-0500] {processor.py:927} WARNING - No viable dags retrieved from /home/udhbhav/miniconda3/lib/python3.11/site-packages/airflow/example_dags/example_kubernetes_executor.py
[2025-03-27T14:43:55.463-0500] {processor.py:208} INFO - Processing /home/udhbhav/miniconda3/lib/python3.11/site-packages/airflow/example_dags/example_kubernetes_executor.py took 0.011 seconds
[2025-03-27T14:45:00.316-0500] {processor.py:186} INFO - Started process (PID=1774904) to work on /home/udhbhav/miniconda3/lib/python3.11/site-packages/airflow/example_dags/example_kubernetes_executor.py
[2025-03-27T14:45:00.316-0500] {processor.py:914} INFO - Processing file /home/udhbhav/miniconda3/lib/python3.11/site-packages/airflow/example_dags/example_kubernetes_executor.py for tasks to queue
[2025-03-27T14:45:00.317-0500] {logging_mixin.py:190} INFO - [2025-03-27T14:45:00.317-0500] {dagbag.py:588} INFO - Filling up the DagBag from /home/udhbhav/miniconda3/lib/python3.11/site-packages/airflow/example_dags/example_kubernetes_executor.py
[2025-03-27T14:45:00.319-0500] {logging_mixin.py:190} INFO - [2025-03-27T14:45:00.319-0500] {example_kubernetes_executor.py:39} WARNING - The example_kubernetes_executor example DAG requires the kubernetes provider. Please install it with: pip install apache-airflow[cncf.kubernetes]
[2025-03-27T14:45:00.319-0500] {processor.py:927} WARNING - No viable dags retrieved from /home/udhbhav/miniconda3/lib/python3.11/site-packages/airflow/example_dags/example_kubernetes_executor.py
[2025-03-27T14:45:00.324-0500] {processor.py:208} INFO - Processing /home/udhbhav/miniconda3/lib/python3.11/site-packages/airflow/example_dags/example_kubernetes_executor.py took 0.011 seconds
[2025-03-27T14:46:37.521-0500] {processor.py:186} INFO - Started process (PID=1775804) to work on /home/udhbhav/miniconda3/lib/python3.11/site-packages/airflow/example_dags/example_kubernetes_executor.py
[2025-03-27T14:46:37.521-0500] {processor.py:914} INFO - Processing file /home/udhbhav/miniconda3/lib/python3.11/site-packages/airflow/example_dags/example_kubernetes_executor.py for tasks to queue
[2025-03-27T14:46:37.522-0500] {logging_mixin.py:190} INFO - [2025-03-27T14:46:37.522-0500] {dagbag.py:588} INFO - Filling up the DagBag from /home/udhbhav/miniconda3/lib/python3.11/site-packages/airflow/example_dags/example_kubernetes_executor.py
[2025-03-27T14:46:37.524-0500] {logging_mixin.py:190} INFO - [2025-03-27T14:46:37.524-0500] {example_kubernetes_executor.py:39} WARNING - The example_kubernetes_executor example DAG requires the kubernetes provider. Please install it with: pip install apache-airflow[cncf.kubernetes]
[2025-03-27T14:46:37.524-0500] {processor.py:927} WARNING - No viable dags retrieved from /home/udhbhav/miniconda3/lib/python3.11/site-packages/airflow/example_dags/example_kubernetes_executor.py
[2025-03-27T14:46:37.529-0500] {processor.py:208} INFO - Processing /home/udhbhav/miniconda3/lib/python3.11/site-packages/airflow/example_dags/example_kubernetes_executor.py took 0.011 seconds
[2025-03-27T14:47:51.514-0500] {processor.py:186} INFO - Started process (PID=1776571) to work on /home/udhbhav/miniconda3/lib/python3.11/site-packages/airflow/example_dags/example_kubernetes_executor.py
[2025-03-27T14:47:51.514-0500] {processor.py:914} INFO - Processing file /home/udhbhav/miniconda3/lib/python3.11/site-packages/airflow/example_dags/example_kubernetes_executor.py for tasks to queue
[2025-03-27T14:47:51.515-0500] {logging_mixin.py:190} INFO - [2025-03-27T14:47:51.515-0500] {dagbag.py:588} INFO - Filling up the DagBag from /home/udhbhav/miniconda3/lib/python3.11/site-packages/airflow/example_dags/example_kubernetes_executor.py
[2025-03-27T14:47:51.517-0500] {logging_mixin.py:190} INFO - [2025-03-27T14:47:51.516-0500] {example_kubernetes_executor.py:39} WARNING - The example_kubernetes_executor example DAG requires the kubernetes provider. Please install it with: pip install apache-airflow[cncf.kubernetes]
[2025-03-27T14:47:51.517-0500] {processor.py:927} WARNING - No viable dags retrieved from /home/udhbhav/miniconda3/lib/python3.11/site-packages/airflow/example_dags/example_kubernetes_executor.py
[2025-03-27T14:47:51.522-0500] {processor.py:208} INFO - Processing /home/udhbhav/miniconda3/lib/python3.11/site-packages/airflow/example_dags/example_kubernetes_executor.py took 0.011 seconds
[2025-03-27T14:48:43.283-0500] {processor.py:186} INFO - Started process (PID=1777025) to work on /home/udhbhav/miniconda3/lib/python3.11/site-packages/airflow/example_dags/example_kubernetes_executor.py
[2025-03-27T14:48:43.283-0500] {processor.py:914} INFO - Processing file /home/udhbhav/miniconda3/lib/python3.11/site-packages/airflow/example_dags/example_kubernetes_executor.py for tasks to queue
[2025-03-27T14:48:43.284-0500] {logging_mixin.py:190} INFO - [2025-03-27T14:48:43.284-0500] {dagbag.py:588} INFO - Filling up the DagBag from /home/udhbhav/miniconda3/lib/python3.11/site-packages/airflow/example_dags/example_kubernetes_executor.py
[2025-03-27T14:48:43.285-0500] {logging_mixin.py:190} INFO - [2025-03-27T14:48:43.285-0500] {example_kubernetes_executor.py:39} WARNING - The example_kubernetes_executor example DAG requires the kubernetes provider. Please install it with: pip install apache-airflow[cncf.kubernetes]
[2025-03-27T14:48:43.286-0500] {processor.py:927} WARNING - No viable dags retrieved from /home/udhbhav/miniconda3/lib/python3.11/site-packages/airflow/example_dags/example_kubernetes_executor.py
[2025-03-27T14:48:43.291-0500] {processor.py:208} INFO - Processing /home/udhbhav/miniconda3/lib/python3.11/site-packages/airflow/example_dags/example_kubernetes_executor.py took 0.011 seconds
[2025-03-27T14:50:09.413-0500] {processor.py:186} INFO - Started process (PID=1777774) to work on /home/udhbhav/miniconda3/lib/python3.11/site-packages/airflow/example_dags/example_kubernetes_executor.py
[2025-03-27T14:50:09.414-0500] {processor.py:914} INFO - Processing file /home/udhbhav/miniconda3/lib/python3.11/site-packages/airflow/example_dags/example_kubernetes_executor.py for tasks to queue
[2025-03-27T14:50:09.415-0500] {logging_mixin.py:190} INFO - [2025-03-27T14:50:09.415-0500] {dagbag.py:588} INFO - Filling up the DagBag from /home/udhbhav/miniconda3/lib/python3.11/site-packages/airflow/example_dags/example_kubernetes_executor.py
[2025-03-27T14:50:09.416-0500] {logging_mixin.py:190} INFO - [2025-03-27T14:50:09.416-0500] {example_kubernetes_executor.py:39} WARNING - The example_kubernetes_executor example DAG requires the kubernetes provider. Please install it with: pip install apache-airflow[cncf.kubernetes]
[2025-03-27T14:50:09.416-0500] {processor.py:927} WARNING - No viable dags retrieved from /home/udhbhav/miniconda3/lib/python3.11/site-packages/airflow/example_dags/example_kubernetes_executor.py
[2025-03-27T14:50:09.421-0500] {processor.py:208} INFO - Processing /home/udhbhav/miniconda3/lib/python3.11/site-packages/airflow/example_dags/example_kubernetes_executor.py took 0.011 seconds
[2025-03-27T14:51:16.354-0500] {processor.py:186} INFO - Started process (PID=1783218) to work on /home/udhbhav/miniconda3/lib/python3.11/site-packages/airflow/example_dags/example_kubernetes_executor.py
[2025-03-27T14:51:16.354-0500] {processor.py:914} INFO - Processing file /home/udhbhav/miniconda3/lib/python3.11/site-packages/airflow/example_dags/example_kubernetes_executor.py for tasks to queue
[2025-03-27T14:51:16.355-0500] {logging_mixin.py:190} INFO - [2025-03-27T14:51:16.355-0500] {dagbag.py:588} INFO - Filling up the DagBag from /home/udhbhav/miniconda3/lib/python3.11/site-packages/airflow/example_dags/example_kubernetes_executor.py
[2025-03-27T14:51:16.357-0500] {logging_mixin.py:190} INFO - [2025-03-27T14:51:16.357-0500] {example_kubernetes_executor.py:39} WARNING - The example_kubernetes_executor example DAG requires the kubernetes provider. Please install it with: pip install apache-airflow[cncf.kubernetes]
[2025-03-27T14:51:16.357-0500] {processor.py:927} WARNING - No viable dags retrieved from /home/udhbhav/miniconda3/lib/python3.11/site-packages/airflow/example_dags/example_kubernetes_executor.py
[2025-03-27T14:51:16.362-0500] {processor.py:208} INFO - Processing /home/udhbhav/miniconda3/lib/python3.11/site-packages/airflow/example_dags/example_kubernetes_executor.py took 0.012 seconds
[2025-03-27T14:52:23.150-0500] {processor.py:186} INFO - Started process (PID=1783960) to work on /home/udhbhav/miniconda3/lib/python3.11/site-packages/airflow/example_dags/example_kubernetes_executor.py
[2025-03-27T14:52:23.150-0500] {processor.py:914} INFO - Processing file /home/udhbhav/miniconda3/lib/python3.11/site-packages/airflow/example_dags/example_kubernetes_executor.py for tasks to queue
[2025-03-27T14:52:23.152-0500] {logging_mixin.py:190} INFO - [2025-03-27T14:52:23.151-0500] {dagbag.py:588} INFO - Filling up the DagBag from /home/udhbhav/miniconda3/lib/python3.11/site-packages/airflow/example_dags/example_kubernetes_executor.py
[2025-03-27T14:52:23.153-0500] {logging_mixin.py:190} INFO - [2025-03-27T14:52:23.153-0500] {example_kubernetes_executor.py:39} WARNING - The example_kubernetes_executor example DAG requires the kubernetes provider. Please install it with: pip install apache-airflow[cncf.kubernetes]
[2025-03-27T14:52:23.153-0500] {processor.py:927} WARNING - No viable dags retrieved from /home/udhbhav/miniconda3/lib/python3.11/site-packages/airflow/example_dags/example_kubernetes_executor.py
[2025-03-27T14:52:23.158-0500] {processor.py:208} INFO - Processing /home/udhbhav/miniconda3/lib/python3.11/site-packages/airflow/example_dags/example_kubernetes_executor.py took 0.011 seconds
[2025-03-27T14:53:33.722-0500] {processor.py:186} INFO - Started process (PID=1784677) to work on /home/udhbhav/miniconda3/lib/python3.11/site-packages/airflow/example_dags/example_kubernetes_executor.py
[2025-03-27T14:53:33.722-0500] {processor.py:914} INFO - Processing file /home/udhbhav/miniconda3/lib/python3.11/site-packages/airflow/example_dags/example_kubernetes_executor.py for tasks to queue
[2025-03-27T14:53:33.723-0500] {logging_mixin.py:190} INFO - [2025-03-27T14:53:33.723-0500] {dagbag.py:588} INFO - Filling up the DagBag from /home/udhbhav/miniconda3/lib/python3.11/site-packages/airflow/example_dags/example_kubernetes_executor.py
[2025-03-27T14:53:33.725-0500] {logging_mixin.py:190} INFO - [2025-03-27T14:53:33.725-0500] {example_kubernetes_executor.py:39} WARNING - The example_kubernetes_executor example DAG requires the kubernetes provider. Please install it with: pip install apache-airflow[cncf.kubernetes]
[2025-03-27T14:53:33.725-0500] {processor.py:927} WARNING - No viable dags retrieved from /home/udhbhav/miniconda3/lib/python3.11/site-packages/airflow/example_dags/example_kubernetes_executor.py
[2025-03-27T14:53:33.730-0500] {processor.py:208} INFO - Processing /home/udhbhav/miniconda3/lib/python3.11/site-packages/airflow/example_dags/example_kubernetes_executor.py took 0.011 seconds
[2025-03-27T14:54:40.960-0500] {processor.py:186} INFO - Started process (PID=1785351) to work on /home/udhbhav/miniconda3/lib/python3.11/site-packages/airflow/example_dags/example_kubernetes_executor.py
[2025-03-27T14:54:40.960-0500] {processor.py:914} INFO - Processing file /home/udhbhav/miniconda3/lib/python3.11/site-packages/airflow/example_dags/example_kubernetes_executor.py for tasks to queue
[2025-03-27T14:54:40.961-0500] {logging_mixin.py:190} INFO - [2025-03-27T14:54:40.961-0500] {dagbag.py:588} INFO - Filling up the DagBag from /home/udhbhav/miniconda3/lib/python3.11/site-packages/airflow/example_dags/example_kubernetes_executor.py
[2025-03-27T14:54:40.963-0500] {logging_mixin.py:190} INFO - [2025-03-27T14:54:40.962-0500] {example_kubernetes_executor.py:39} WARNING - The example_kubernetes_executor example DAG requires the kubernetes provider. Please install it with: pip install apache-airflow[cncf.kubernetes]
[2025-03-27T14:54:40.963-0500] {processor.py:927} WARNING - No viable dags retrieved from /home/udhbhav/miniconda3/lib/python3.11/site-packages/airflow/example_dags/example_kubernetes_executor.py
[2025-03-27T14:54:40.968-0500] {processor.py:208} INFO - Processing /home/udhbhav/miniconda3/lib/python3.11/site-packages/airflow/example_dags/example_kubernetes_executor.py took 0.011 seconds
[2025-03-27T14:55:46.077-0500] {processor.py:186} INFO - Started process (PID=1786096) to work on /home/udhbhav/miniconda3/lib/python3.11/site-packages/airflow/example_dags/example_kubernetes_executor.py
[2025-03-27T14:55:46.077-0500] {processor.py:914} INFO - Processing file /home/udhbhav/miniconda3/lib/python3.11/site-packages/airflow/example_dags/example_kubernetes_executor.py for tasks to queue
[2025-03-27T14:55:46.078-0500] {logging_mixin.py:190} INFO - [2025-03-27T14:55:46.078-0500] {dagbag.py:588} INFO - Filling up the DagBag from /home/udhbhav/miniconda3/lib/python3.11/site-packages/airflow/example_dags/example_kubernetes_executor.py
[2025-03-27T14:55:46.080-0500] {logging_mixin.py:190} INFO - [2025-03-27T14:55:46.080-0500] {example_kubernetes_executor.py:39} WARNING - The example_kubernetes_executor example DAG requires the kubernetes provider. Please install it with: pip install apache-airflow[cncf.kubernetes]
[2025-03-27T14:55:46.080-0500] {processor.py:927} WARNING - No viable dags retrieved from /home/udhbhav/miniconda3/lib/python3.11/site-packages/airflow/example_dags/example_kubernetes_executor.py
[2025-03-27T14:55:46.085-0500] {processor.py:208} INFO - Processing /home/udhbhav/miniconda3/lib/python3.11/site-packages/airflow/example_dags/example_kubernetes_executor.py took 0.011 seconds
[2025-03-27T14:57:04.334-0500] {processor.py:186} INFO - Started process (PID=1786853) to work on /home/udhbhav/miniconda3/lib/python3.11/site-packages/airflow/example_dags/example_kubernetes_executor.py
[2025-03-27T14:57:04.335-0500] {processor.py:914} INFO - Processing file /home/udhbhav/miniconda3/lib/python3.11/site-packages/airflow/example_dags/example_kubernetes_executor.py for tasks to queue
[2025-03-27T14:57:04.336-0500] {logging_mixin.py:190} INFO - [2025-03-27T14:57:04.336-0500] {dagbag.py:588} INFO - Filling up the DagBag from /home/udhbhav/miniconda3/lib/python3.11/site-packages/airflow/example_dags/example_kubernetes_executor.py
[2025-03-27T14:57:04.337-0500] {logging_mixin.py:190} INFO - [2025-03-27T14:57:04.337-0500] {example_kubernetes_executor.py:39} WARNING - The example_kubernetes_executor example DAG requires the kubernetes provider. Please install it with: pip install apache-airflow[cncf.kubernetes]
[2025-03-27T14:57:04.337-0500] {processor.py:927} WARNING - No viable dags retrieved from /home/udhbhav/miniconda3/lib/python3.11/site-packages/airflow/example_dags/example_kubernetes_executor.py
[2025-03-27T14:57:04.342-0500] {processor.py:208} INFO - Processing /home/udhbhav/miniconda3/lib/python3.11/site-packages/airflow/example_dags/example_kubernetes_executor.py took 0.011 seconds
[2025-03-27T14:58:24.494-0500] {processor.py:186} INFO - Started process (PID=1787618) to work on /home/udhbhav/miniconda3/lib/python3.11/site-packages/airflow/example_dags/example_kubernetes_executor.py
[2025-03-27T14:58:24.494-0500] {processor.py:914} INFO - Processing file /home/udhbhav/miniconda3/lib/python3.11/site-packages/airflow/example_dags/example_kubernetes_executor.py for tasks to queue
[2025-03-27T14:58:24.495-0500] {logging_mixin.py:190} INFO - [2025-03-27T14:58:24.495-0500] {dagbag.py:588} INFO - Filling up the DagBag from /home/udhbhav/miniconda3/lib/python3.11/site-packages/airflow/example_dags/example_kubernetes_executor.py
[2025-03-27T14:58:24.497-0500] {logging_mixin.py:190} INFO - [2025-03-27T14:58:24.497-0500] {example_kubernetes_executor.py:39} WARNING - The example_kubernetes_executor example DAG requires the kubernetes provider. Please install it with: pip install apache-airflow[cncf.kubernetes]
[2025-03-27T14:58:24.497-0500] {processor.py:927} WARNING - No viable dags retrieved from /home/udhbhav/miniconda3/lib/python3.11/site-packages/airflow/example_dags/example_kubernetes_executor.py
[2025-03-27T14:58:24.502-0500] {processor.py:208} INFO - Processing /home/udhbhav/miniconda3/lib/python3.11/site-packages/airflow/example_dags/example_kubernetes_executor.py took 0.011 seconds
[2025-03-27T14:59:58.811-0500] {processor.py:186} INFO - Started process (PID=1788656) to work on /home/udhbhav/miniconda3/lib/python3.11/site-packages/airflow/example_dags/example_kubernetes_executor.py
[2025-03-27T14:59:58.812-0500] {processor.py:914} INFO - Processing file /home/udhbhav/miniconda3/lib/python3.11/site-packages/airflow/example_dags/example_kubernetes_executor.py for tasks to queue
[2025-03-27T14:59:58.813-0500] {logging_mixin.py:190} INFO - [2025-03-27T14:59:58.813-0500] {dagbag.py:588} INFO - Filling up the DagBag from /home/udhbhav/miniconda3/lib/python3.11/site-packages/airflow/example_dags/example_kubernetes_executor.py
[2025-03-27T14:59:58.818-0500] {logging_mixin.py:190} INFO - [2025-03-27T14:59:58.818-0500] {example_kubernetes_executor.py:39} WARNING - The example_kubernetes_executor example DAG requires the kubernetes provider. Please install it with: pip install apache-airflow[cncf.kubernetes]
[2025-03-27T14:59:58.818-0500] {processor.py:927} WARNING - No viable dags retrieved from /home/udhbhav/miniconda3/lib/python3.11/site-packages/airflow/example_dags/example_kubernetes_executor.py
[2025-03-27T14:59:58.823-0500] {processor.py:208} INFO - Processing /home/udhbhav/miniconda3/lib/python3.11/site-packages/airflow/example_dags/example_kubernetes_executor.py took 0.015 seconds
[2025-03-27T15:01:05.687-0500] {processor.py:186} INFO - Started process (PID=1789451) to work on /home/udhbhav/miniconda3/lib/python3.11/site-packages/airflow/example_dags/example_kubernetes_executor.py
[2025-03-27T15:01:05.688-0500] {processor.py:914} INFO - Processing file /home/udhbhav/miniconda3/lib/python3.11/site-packages/airflow/example_dags/example_kubernetes_executor.py for tasks to queue
[2025-03-27T15:01:05.689-0500] {logging_mixin.py:190} INFO - [2025-03-27T15:01:05.688-0500] {dagbag.py:588} INFO - Filling up the DagBag from /home/udhbhav/miniconda3/lib/python3.11/site-packages/airflow/example_dags/example_kubernetes_executor.py
[2025-03-27T15:01:05.691-0500] {logging_mixin.py:190} INFO - [2025-03-27T15:01:05.691-0500] {example_kubernetes_executor.py:39} WARNING - The example_kubernetes_executor example DAG requires the kubernetes provider. Please install it with: pip install apache-airflow[cncf.kubernetes]
[2025-03-27T15:01:05.691-0500] {processor.py:927} WARNING - No viable dags retrieved from /home/udhbhav/miniconda3/lib/python3.11/site-packages/airflow/example_dags/example_kubernetes_executor.py
[2025-03-27T15:01:05.696-0500] {processor.py:208} INFO - Processing /home/udhbhav/miniconda3/lib/python3.11/site-packages/airflow/example_dags/example_kubernetes_executor.py took 0.012 seconds
[2025-03-27T15:02:09.453-0500] {processor.py:186} INFO - Started process (PID=1790178) to work on /home/udhbhav/miniconda3/lib/python3.11/site-packages/airflow/example_dags/example_kubernetes_executor.py
[2025-03-27T15:02:09.454-0500] {processor.py:914} INFO - Processing file /home/udhbhav/miniconda3/lib/python3.11/site-packages/airflow/example_dags/example_kubernetes_executor.py for tasks to queue
[2025-03-27T15:02:09.455-0500] {logging_mixin.py:190} INFO - [2025-03-27T15:02:09.454-0500] {dagbag.py:588} INFO - Filling up the DagBag from /home/udhbhav/miniconda3/lib/python3.11/site-packages/airflow/example_dags/example_kubernetes_executor.py
[2025-03-27T15:02:09.456-0500] {logging_mixin.py:190} INFO - [2025-03-27T15:02:09.456-0500] {example_kubernetes_executor.py:39} WARNING - The example_kubernetes_executor example DAG requires the kubernetes provider. Please install it with: pip install apache-airflow[cncf.kubernetes]
[2025-03-27T15:02:09.456-0500] {processor.py:927} WARNING - No viable dags retrieved from /home/udhbhav/miniconda3/lib/python3.11/site-packages/airflow/example_dags/example_kubernetes_executor.py
[2025-03-27T15:02:09.461-0500] {processor.py:208} INFO - Processing /home/udhbhav/miniconda3/lib/python3.11/site-packages/airflow/example_dags/example_kubernetes_executor.py took 0.011 seconds
[2025-03-27T15:03:27.616-0500] {processor.py:186} INFO - Started process (PID=1790929) to work on /home/udhbhav/miniconda3/lib/python3.11/site-packages/airflow/example_dags/example_kubernetes_executor.py
[2025-03-27T15:03:27.616-0500] {processor.py:914} INFO - Processing file /home/udhbhav/miniconda3/lib/python3.11/site-packages/airflow/example_dags/example_kubernetes_executor.py for tasks to queue
[2025-03-27T15:03:27.617-0500] {logging_mixin.py:190} INFO - [2025-03-27T15:03:27.617-0500] {dagbag.py:588} INFO - Filling up the DagBag from /home/udhbhav/miniconda3/lib/python3.11/site-packages/airflow/example_dags/example_kubernetes_executor.py
[2025-03-27T15:03:27.619-0500] {logging_mixin.py:190} INFO - [2025-03-27T15:03:27.619-0500] {example_kubernetes_executor.py:39} WARNING - The example_kubernetes_executor example DAG requires the kubernetes provider. Please install it with: pip install apache-airflow[cncf.kubernetes]
[2025-03-27T15:03:27.619-0500] {processor.py:927} WARNING - No viable dags retrieved from /home/udhbhav/miniconda3/lib/python3.11/site-packages/airflow/example_dags/example_kubernetes_executor.py
[2025-03-27T15:03:27.624-0500] {processor.py:208} INFO - Processing /home/udhbhav/miniconda3/lib/python3.11/site-packages/airflow/example_dags/example_kubernetes_executor.py took 0.011 seconds
[2025-03-27T15:04:40.920-0500] {processor.py:186} INFO - Started process (PID=1791708) to work on /home/udhbhav/miniconda3/lib/python3.11/site-packages/airflow/example_dags/example_kubernetes_executor.py
[2025-03-27T15:04:40.920-0500] {processor.py:914} INFO - Processing file /home/udhbhav/miniconda3/lib/python3.11/site-packages/airflow/example_dags/example_kubernetes_executor.py for tasks to queue
[2025-03-27T15:04:40.921-0500] {logging_mixin.py:190} INFO - [2025-03-27T15:04:40.921-0500] {dagbag.py:588} INFO - Filling up the DagBag from /home/udhbhav/miniconda3/lib/python3.11/site-packages/airflow/example_dags/example_kubernetes_executor.py
[2025-03-27T15:04:40.923-0500] {logging_mixin.py:190} INFO - [2025-03-27T15:04:40.923-0500] {example_kubernetes_executor.py:39} WARNING - The example_kubernetes_executor example DAG requires the kubernetes provider. Please install it with: pip install apache-airflow[cncf.kubernetes]
[2025-03-27T15:04:40.923-0500] {processor.py:927} WARNING - No viable dags retrieved from /home/udhbhav/miniconda3/lib/python3.11/site-packages/airflow/example_dags/example_kubernetes_executor.py
[2025-03-27T15:04:40.928-0500] {processor.py:208} INFO - Processing /home/udhbhav/miniconda3/lib/python3.11/site-packages/airflow/example_dags/example_kubernetes_executor.py took 0.012 seconds
[2025-03-27T15:06:01.156-0500] {processor.py:186} INFO - Started process (PID=1792473) to work on /home/udhbhav/miniconda3/lib/python3.11/site-packages/airflow/example_dags/example_kubernetes_executor.py
[2025-03-27T15:06:01.156-0500] {processor.py:914} INFO - Processing file /home/udhbhav/miniconda3/lib/python3.11/site-packages/airflow/example_dags/example_kubernetes_executor.py for tasks to queue
[2025-03-27T15:06:01.157-0500] {logging_mixin.py:190} INFO - [2025-03-27T15:06:01.157-0500] {dagbag.py:588} INFO - Filling up the DagBag from /home/udhbhav/miniconda3/lib/python3.11/site-packages/airflow/example_dags/example_kubernetes_executor.py
[2025-03-27T15:06:01.159-0500] {logging_mixin.py:190} INFO - [2025-03-27T15:06:01.159-0500] {example_kubernetes_executor.py:39} WARNING - The example_kubernetes_executor example DAG requires the kubernetes provider. Please install it with: pip install apache-airflow[cncf.kubernetes]
[2025-03-27T15:06:01.159-0500] {processor.py:927} WARNING - No viable dags retrieved from /home/udhbhav/miniconda3/lib/python3.11/site-packages/airflow/example_dags/example_kubernetes_executor.py
[2025-03-27T15:06:01.164-0500] {processor.py:208} INFO - Processing /home/udhbhav/miniconda3/lib/python3.11/site-packages/airflow/example_dags/example_kubernetes_executor.py took 0.011 seconds
[2025-03-27T15:07:29.689-0500] {processor.py:186} INFO - Started process (PID=1793334) to work on /home/udhbhav/miniconda3/lib/python3.11/site-packages/airflow/example_dags/example_kubernetes_executor.py
[2025-03-27T15:07:29.690-0500] {processor.py:914} INFO - Processing file /home/udhbhav/miniconda3/lib/python3.11/site-packages/airflow/example_dags/example_kubernetes_executor.py for tasks to queue
[2025-03-27T15:07:29.691-0500] {logging_mixin.py:190} INFO - [2025-03-27T15:07:29.691-0500] {dagbag.py:588} INFO - Filling up the DagBag from /home/udhbhav/miniconda3/lib/python3.11/site-packages/airflow/example_dags/example_kubernetes_executor.py
[2025-03-27T15:07:29.693-0500] {logging_mixin.py:190} INFO - [2025-03-27T15:07:29.693-0500] {example_kubernetes_executor.py:39} WARNING - The example_kubernetes_executor example DAG requires the kubernetes provider. Please install it with: pip install apache-airflow[cncf.kubernetes]
[2025-03-27T15:07:29.693-0500] {processor.py:927} WARNING - No viable dags retrieved from /home/udhbhav/miniconda3/lib/python3.11/site-packages/airflow/example_dags/example_kubernetes_executor.py
[2025-03-27T15:07:29.698-0500] {processor.py:208} INFO - Processing /home/udhbhav/miniconda3/lib/python3.11/site-packages/airflow/example_dags/example_kubernetes_executor.py took 0.012 seconds
[2025-03-27T15:08:33.272-0500] {processor.py:186} INFO - Started process (PID=1793972) to work on /home/udhbhav/miniconda3/lib/python3.11/site-packages/airflow/example_dags/example_kubernetes_executor.py
[2025-03-27T15:08:33.273-0500] {processor.py:914} INFO - Processing file /home/udhbhav/miniconda3/lib/python3.11/site-packages/airflow/example_dags/example_kubernetes_executor.py for tasks to queue
[2025-03-27T15:08:33.274-0500] {logging_mixin.py:190} INFO - [2025-03-27T15:08:33.273-0500] {dagbag.py:588} INFO - Filling up the DagBag from /home/udhbhav/miniconda3/lib/python3.11/site-packages/airflow/example_dags/example_kubernetes_executor.py
[2025-03-27T15:08:33.275-0500] {logging_mixin.py:190} INFO - [2025-03-27T15:08:33.275-0500] {example_kubernetes_executor.py:39} WARNING - The example_kubernetes_executor example DAG requires the kubernetes provider. Please install it with: pip install apache-airflow[cncf.kubernetes]
[2025-03-27T15:08:33.275-0500] {processor.py:927} WARNING - No viable dags retrieved from /home/udhbhav/miniconda3/lib/python3.11/site-packages/airflow/example_dags/example_kubernetes_executor.py
[2025-03-27T15:08:33.280-0500] {processor.py:208} INFO - Processing /home/udhbhav/miniconda3/lib/python3.11/site-packages/airflow/example_dags/example_kubernetes_executor.py took 0.011 seconds
[2025-03-27T15:09:40.212-0500] {processor.py:186} INFO - Started process (PID=1794664) to work on /home/udhbhav/miniconda3/lib/python3.11/site-packages/airflow/example_dags/example_kubernetes_executor.py
[2025-03-27T15:09:40.213-0500] {processor.py:914} INFO - Processing file /home/udhbhav/miniconda3/lib/python3.11/site-packages/airflow/example_dags/example_kubernetes_executor.py for tasks to queue
[2025-03-27T15:09:40.214-0500] {logging_mixin.py:190} INFO - [2025-03-27T15:09:40.213-0500] {dagbag.py:588} INFO - Filling up the DagBag from /home/udhbhav/miniconda3/lib/python3.11/site-packages/airflow/example_dags/example_kubernetes_executor.py
[2025-03-27T15:09:40.215-0500] {logging_mixin.py:190} INFO - [2025-03-27T15:09:40.215-0500] {example_kubernetes_executor.py:39} WARNING - The example_kubernetes_executor example DAG requires the kubernetes provider. Please install it with: pip install apache-airflow[cncf.kubernetes]
[2025-03-27T15:09:40.215-0500] {processor.py:927} WARNING - No viable dags retrieved from /home/udhbhav/miniconda3/lib/python3.11/site-packages/airflow/example_dags/example_kubernetes_executor.py
[2025-03-27T15:09:40.220-0500] {processor.py:208} INFO - Processing /home/udhbhav/miniconda3/lib/python3.11/site-packages/airflow/example_dags/example_kubernetes_executor.py took 0.011 seconds
[2025-03-27T15:10:51.216-0500] {processor.py:186} INFO - Started process (PID=1795402) to work on /home/udhbhav/miniconda3/lib/python3.11/site-packages/airflow/example_dags/example_kubernetes_executor.py
[2025-03-27T15:10:51.216-0500] {processor.py:914} INFO - Processing file /home/udhbhav/miniconda3/lib/python3.11/site-packages/airflow/example_dags/example_kubernetes_executor.py for tasks to queue
[2025-03-27T15:10:51.217-0500] {logging_mixin.py:190} INFO - [2025-03-27T15:10:51.217-0500] {dagbag.py:588} INFO - Filling up the DagBag from /home/udhbhav/miniconda3/lib/python3.11/site-packages/airflow/example_dags/example_kubernetes_executor.py
[2025-03-27T15:10:51.219-0500] {logging_mixin.py:190} INFO - [2025-03-27T15:10:51.219-0500] {example_kubernetes_executor.py:39} WARNING - The example_kubernetes_executor example DAG requires the kubernetes provider. Please install it with: pip install apache-airflow[cncf.kubernetes]
[2025-03-27T15:10:51.219-0500] {processor.py:927} WARNING - No viable dags retrieved from /home/udhbhav/miniconda3/lib/python3.11/site-packages/airflow/example_dags/example_kubernetes_executor.py
[2025-03-27T15:10:51.224-0500] {processor.py:208} INFO - Processing /home/udhbhav/miniconda3/lib/python3.11/site-packages/airflow/example_dags/example_kubernetes_executor.py took 0.011 seconds
[2025-03-27T15:11:57.951-0500] {processor.py:186} INFO - Started process (PID=1797611) to work on /home/udhbhav/miniconda3/lib/python3.11/site-packages/airflow/example_dags/example_kubernetes_executor.py
[2025-03-27T15:11:57.952-0500] {processor.py:914} INFO - Processing file /home/udhbhav/miniconda3/lib/python3.11/site-packages/airflow/example_dags/example_kubernetes_executor.py for tasks to queue
[2025-03-27T15:11:57.953-0500] {logging_mixin.py:190} INFO - [2025-03-27T15:11:57.952-0500] {dagbag.py:588} INFO - Filling up the DagBag from /home/udhbhav/miniconda3/lib/python3.11/site-packages/airflow/example_dags/example_kubernetes_executor.py
[2025-03-27T15:11:57.954-0500] {logging_mixin.py:190} INFO - [2025-03-27T15:11:57.954-0500] {example_kubernetes_executor.py:39} WARNING - The example_kubernetes_executor example DAG requires the kubernetes provider. Please install it with: pip install apache-airflow[cncf.kubernetes]
[2025-03-27T15:11:57.954-0500] {processor.py:927} WARNING - No viable dags retrieved from /home/udhbhav/miniconda3/lib/python3.11/site-packages/airflow/example_dags/example_kubernetes_executor.py
[2025-03-27T15:11:57.959-0500] {processor.py:208} INFO - Processing /home/udhbhav/miniconda3/lib/python3.11/site-packages/airflow/example_dags/example_kubernetes_executor.py took 0.011 seconds
[2025-03-27T15:13:16.400-0500] {processor.py:186} INFO - Started process (PID=1798327) to work on /home/udhbhav/miniconda3/lib/python3.11/site-packages/airflow/example_dags/example_kubernetes_executor.py
[2025-03-27T15:13:16.400-0500] {processor.py:914} INFO - Processing file /home/udhbhav/miniconda3/lib/python3.11/site-packages/airflow/example_dags/example_kubernetes_executor.py for tasks to queue
[2025-03-27T15:13:16.401-0500] {logging_mixin.py:190} INFO - [2025-03-27T15:13:16.401-0500] {dagbag.py:588} INFO - Filling up the DagBag from /home/udhbhav/miniconda3/lib/python3.11/site-packages/airflow/example_dags/example_kubernetes_executor.py
[2025-03-27T15:13:16.402-0500] {logging_mixin.py:190} INFO - [2025-03-27T15:13:16.402-0500] {example_kubernetes_executor.py:39} WARNING - The example_kubernetes_executor example DAG requires the kubernetes provider. Please install it with: pip install apache-airflow[cncf.kubernetes]
[2025-03-27T15:13:16.403-0500] {processor.py:927} WARNING - No viable dags retrieved from /home/udhbhav/miniconda3/lib/python3.11/site-packages/airflow/example_dags/example_kubernetes_executor.py
[2025-03-27T15:13:16.408-0500] {processor.py:208} INFO - Processing /home/udhbhav/miniconda3/lib/python3.11/site-packages/airflow/example_dags/example_kubernetes_executor.py took 0.011 seconds
[2025-03-27T15:14:32.252-0500] {processor.py:186} INFO - Started process (PID=1799095) to work on /home/udhbhav/miniconda3/lib/python3.11/site-packages/airflow/example_dags/example_kubernetes_executor.py
[2025-03-27T15:14:32.252-0500] {processor.py:914} INFO - Processing file /home/udhbhav/miniconda3/lib/python3.11/site-packages/airflow/example_dags/example_kubernetes_executor.py for tasks to queue
[2025-03-27T15:14:32.253-0500] {logging_mixin.py:190} INFO - [2025-03-27T15:14:32.253-0500] {dagbag.py:588} INFO - Filling up the DagBag from /home/udhbhav/miniconda3/lib/python3.11/site-packages/airflow/example_dags/example_kubernetes_executor.py
[2025-03-27T15:14:32.254-0500] {logging_mixin.py:190} INFO - [2025-03-27T15:14:32.254-0500] {example_kubernetes_executor.py:39} WARNING - The example_kubernetes_executor example DAG requires the kubernetes provider. Please install it with: pip install apache-airflow[cncf.kubernetes]
[2025-03-27T15:14:32.255-0500] {processor.py:927} WARNING - No viable dags retrieved from /home/udhbhav/miniconda3/lib/python3.11/site-packages/airflow/example_dags/example_kubernetes_executor.py
[2025-03-27T15:14:32.260-0500] {processor.py:208} INFO - Processing /home/udhbhav/miniconda3/lib/python3.11/site-packages/airflow/example_dags/example_kubernetes_executor.py took 0.011 seconds
[2025-03-27T15:15:49.766-0500] {processor.py:186} INFO - Started process (PID=1799924) to work on /home/udhbhav/miniconda3/lib/python3.11/site-packages/airflow/example_dags/example_kubernetes_executor.py
[2025-03-27T15:15:49.767-0500] {processor.py:914} INFO - Processing file /home/udhbhav/miniconda3/lib/python3.11/site-packages/airflow/example_dags/example_kubernetes_executor.py for tasks to queue
[2025-03-27T15:15:49.768-0500] {logging_mixin.py:190} INFO - [2025-03-27T15:15:49.768-0500] {dagbag.py:588} INFO - Filling up the DagBag from /home/udhbhav/miniconda3/lib/python3.11/site-packages/airflow/example_dags/example_kubernetes_executor.py
[2025-03-27T15:15:49.770-0500] {logging_mixin.py:190} INFO - [2025-03-27T15:15:49.770-0500] {example_kubernetes_executor.py:39} WARNING - The example_kubernetes_executor example DAG requires the kubernetes provider. Please install it with: pip install apache-airflow[cncf.kubernetes]
[2025-03-27T15:15:49.770-0500] {processor.py:927} WARNING - No viable dags retrieved from /home/udhbhav/miniconda3/lib/python3.11/site-packages/airflow/example_dags/example_kubernetes_executor.py
[2025-03-27T15:15:49.775-0500] {processor.py:208} INFO - Processing /home/udhbhav/miniconda3/lib/python3.11/site-packages/airflow/example_dags/example_kubernetes_executor.py took 0.011 seconds
[2025-03-27T15:17:10.479-0500] {processor.py:186} INFO - Started process (PID=1800670) to work on /home/udhbhav/miniconda3/lib/python3.11/site-packages/airflow/example_dags/example_kubernetes_executor.py
[2025-03-27T15:17:10.479-0500] {processor.py:914} INFO - Processing file /home/udhbhav/miniconda3/lib/python3.11/site-packages/airflow/example_dags/example_kubernetes_executor.py for tasks to queue
[2025-03-27T15:17:10.480-0500] {logging_mixin.py:190} INFO - [2025-03-27T15:17:10.480-0500] {dagbag.py:588} INFO - Filling up the DagBag from /home/udhbhav/miniconda3/lib/python3.11/site-packages/airflow/example_dags/example_kubernetes_executor.py
[2025-03-27T15:17:10.481-0500] {logging_mixin.py:190} INFO - [2025-03-27T15:17:10.481-0500] {example_kubernetes_executor.py:39} WARNING - The example_kubernetes_executor example DAG requires the kubernetes provider. Please install it with: pip install apache-airflow[cncf.kubernetes]
[2025-03-27T15:17:10.482-0500] {processor.py:927} WARNING - No viable dags retrieved from /home/udhbhav/miniconda3/lib/python3.11/site-packages/airflow/example_dags/example_kubernetes_executor.py
[2025-03-27T15:17:10.487-0500] {processor.py:208} INFO - Processing /home/udhbhav/miniconda3/lib/python3.11/site-packages/airflow/example_dags/example_kubernetes_executor.py took 0.011 seconds
[2025-03-27T15:18:16.509-0500] {processor.py:186} INFO - Started process (PID=1801322) to work on /home/udhbhav/miniconda3/lib/python3.11/site-packages/airflow/example_dags/example_kubernetes_executor.py
[2025-03-27T15:18:16.509-0500] {processor.py:914} INFO - Processing file /home/udhbhav/miniconda3/lib/python3.11/site-packages/airflow/example_dags/example_kubernetes_executor.py for tasks to queue
[2025-03-27T15:18:16.510-0500] {logging_mixin.py:190} INFO - [2025-03-27T15:18:16.510-0500] {dagbag.py:588} INFO - Filling up the DagBag from /home/udhbhav/miniconda3/lib/python3.11/site-packages/airflow/example_dags/example_kubernetes_executor.py
[2025-03-27T15:18:16.512-0500] {logging_mixin.py:190} INFO - [2025-03-27T15:18:16.512-0500] {example_kubernetes_executor.py:39} WARNING - The example_kubernetes_executor example DAG requires the kubernetes provider. Please install it with: pip install apache-airflow[cncf.kubernetes]
[2025-03-27T15:18:16.512-0500] {processor.py:927} WARNING - No viable dags retrieved from /home/udhbhav/miniconda3/lib/python3.11/site-packages/airflow/example_dags/example_kubernetes_executor.py
[2025-03-27T15:18:16.517-0500] {processor.py:208} INFO - Processing /home/udhbhav/miniconda3/lib/python3.11/site-packages/airflow/example_dags/example_kubernetes_executor.py took 0.011 seconds
[2025-03-27T15:19:27.087-0500] {processor.py:186} INFO - Started process (PID=1802002) to work on /home/udhbhav/miniconda3/lib/python3.11/site-packages/airflow/example_dags/example_kubernetes_executor.py
[2025-03-27T15:19:27.087-0500] {processor.py:914} INFO - Processing file /home/udhbhav/miniconda3/lib/python3.11/site-packages/airflow/example_dags/example_kubernetes_executor.py for tasks to queue
[2025-03-27T15:19:27.088-0500] {logging_mixin.py:190} INFO - [2025-03-27T15:19:27.088-0500] {dagbag.py:588} INFO - Filling up the DagBag from /home/udhbhav/miniconda3/lib/python3.11/site-packages/airflow/example_dags/example_kubernetes_executor.py
[2025-03-27T15:19:27.090-0500] {logging_mixin.py:190} INFO - [2025-03-27T15:19:27.089-0500] {example_kubernetes_executor.py:39} WARNING - The example_kubernetes_executor example DAG requires the kubernetes provider. Please install it with: pip install apache-airflow[cncf.kubernetes]
[2025-03-27T15:19:27.090-0500] {processor.py:927} WARNING - No viable dags retrieved from /home/udhbhav/miniconda3/lib/python3.11/site-packages/airflow/example_dags/example_kubernetes_executor.py
[2025-03-27T15:19:27.095-0500] {processor.py:208} INFO - Processing /home/udhbhav/miniconda3/lib/python3.11/site-packages/airflow/example_dags/example_kubernetes_executor.py took 0.011 seconds
[2025-03-27T15:20:32.664-0500] {processor.py:186} INFO - Started process (PID=1803431) to work on /home/udhbhav/miniconda3/lib/python3.11/site-packages/airflow/example_dags/example_kubernetes_executor.py
[2025-03-27T15:20:32.665-0500] {processor.py:914} INFO - Processing file /home/udhbhav/miniconda3/lib/python3.11/site-packages/airflow/example_dags/example_kubernetes_executor.py for tasks to queue
[2025-03-27T15:20:32.665-0500] {logging_mixin.py:190} INFO - [2025-03-27T15:20:32.665-0500] {dagbag.py:588} INFO - Filling up the DagBag from /home/udhbhav/miniconda3/lib/python3.11/site-packages/airflow/example_dags/example_kubernetes_executor.py
[2025-03-27T15:20:32.667-0500] {logging_mixin.py:190} INFO - [2025-03-27T15:20:32.667-0500] {example_kubernetes_executor.py:39} WARNING - The example_kubernetes_executor example DAG requires the kubernetes provider. Please install it with: pip install apache-airflow[cncf.kubernetes]
[2025-03-27T15:20:32.667-0500] {processor.py:927} WARNING - No viable dags retrieved from /home/udhbhav/miniconda3/lib/python3.11/site-packages/airflow/example_dags/example_kubernetes_executor.py
[2025-03-27T15:20:32.672-0500] {processor.py:208} INFO - Processing /home/udhbhav/miniconda3/lib/python3.11/site-packages/airflow/example_dags/example_kubernetes_executor.py took 0.011 seconds
[2025-03-27T15:21:42.725-0500] {processor.py:186} INFO - Started process (PID=1808269) to work on /home/udhbhav/miniconda3/lib/python3.11/site-packages/airflow/example_dags/example_kubernetes_executor.py
[2025-03-27T15:21:42.725-0500] {processor.py:914} INFO - Processing file /home/udhbhav/miniconda3/lib/python3.11/site-packages/airflow/example_dags/example_kubernetes_executor.py for tasks to queue
[2025-03-27T15:21:42.726-0500] {logging_mixin.py:190} INFO - [2025-03-27T15:21:42.726-0500] {dagbag.py:588} INFO - Filling up the DagBag from /home/udhbhav/miniconda3/lib/python3.11/site-packages/airflow/example_dags/example_kubernetes_executor.py
[2025-03-27T15:21:42.728-0500] {logging_mixin.py:190} INFO - [2025-03-27T15:21:42.727-0500] {example_kubernetes_executor.py:39} WARNING - The example_kubernetes_executor example DAG requires the kubernetes provider. Please install it with: pip install apache-airflow[cncf.kubernetes]
[2025-03-27T15:21:42.728-0500] {processor.py:927} WARNING - No viable dags retrieved from /home/udhbhav/miniconda3/lib/python3.11/site-packages/airflow/example_dags/example_kubernetes_executor.py
[2025-03-27T15:21:42.733-0500] {processor.py:208} INFO - Processing /home/udhbhav/miniconda3/lib/python3.11/site-packages/airflow/example_dags/example_kubernetes_executor.py took 0.011 seconds
[2025-03-27T15:23:02.064-0500] {processor.py:186} INFO - Started process (PID=1809041) to work on /home/udhbhav/miniconda3/lib/python3.11/site-packages/airflow/example_dags/example_kubernetes_executor.py
[2025-03-27T15:23:02.065-0500] {processor.py:914} INFO - Processing file /home/udhbhav/miniconda3/lib/python3.11/site-packages/airflow/example_dags/example_kubernetes_executor.py for tasks to queue
[2025-03-27T15:23:02.066-0500] {logging_mixin.py:190} INFO - [2025-03-27T15:23:02.066-0500] {dagbag.py:588} INFO - Filling up the DagBag from /home/udhbhav/miniconda3/lib/python3.11/site-packages/airflow/example_dags/example_kubernetes_executor.py
[2025-03-27T15:23:02.067-0500] {logging_mixin.py:190} INFO - [2025-03-27T15:23:02.067-0500] {example_kubernetes_executor.py:39} WARNING - The example_kubernetes_executor example DAG requires the kubernetes provider. Please install it with: pip install apache-airflow[cncf.kubernetes]
[2025-03-27T15:23:02.067-0500] {processor.py:927} WARNING - No viable dags retrieved from /home/udhbhav/miniconda3/lib/python3.11/site-packages/airflow/example_dags/example_kubernetes_executor.py
[2025-03-27T15:23:02.073-0500] {processor.py:208} INFO - Processing /home/udhbhav/miniconda3/lib/python3.11/site-packages/airflow/example_dags/example_kubernetes_executor.py took 0.011 seconds
[2025-03-27T15:24:11.152-0500] {processor.py:186} INFO - Started process (PID=1809792) to work on /home/udhbhav/miniconda3/lib/python3.11/site-packages/airflow/example_dags/example_kubernetes_executor.py
[2025-03-27T15:24:11.152-0500] {processor.py:914} INFO - Processing file /home/udhbhav/miniconda3/lib/python3.11/site-packages/airflow/example_dags/example_kubernetes_executor.py for tasks to queue
[2025-03-27T15:24:11.153-0500] {logging_mixin.py:190} INFO - [2025-03-27T15:24:11.153-0500] {dagbag.py:588} INFO - Filling up the DagBag from /home/udhbhav/miniconda3/lib/python3.11/site-packages/airflow/example_dags/example_kubernetes_executor.py
[2025-03-27T15:24:11.155-0500] {logging_mixin.py:190} INFO - [2025-03-27T15:24:11.154-0500] {example_kubernetes_executor.py:39} WARNING - The example_kubernetes_executor example DAG requires the kubernetes provider. Please install it with: pip install apache-airflow[cncf.kubernetes]
[2025-03-27T15:24:11.155-0500] {processor.py:927} WARNING - No viable dags retrieved from /home/udhbhav/miniconda3/lib/python3.11/site-packages/airflow/example_dags/example_kubernetes_executor.py
[2025-03-27T15:24:11.160-0500] {processor.py:208} INFO - Processing /home/udhbhav/miniconda3/lib/python3.11/site-packages/airflow/example_dags/example_kubernetes_executor.py took 0.011 seconds
[2025-03-27T15:25:27.884-0500] {processor.py:186} INFO - Started process (PID=1810552) to work on /home/udhbhav/miniconda3/lib/python3.11/site-packages/airflow/example_dags/example_kubernetes_executor.py
[2025-03-27T15:25:27.885-0500] {processor.py:914} INFO - Processing file /home/udhbhav/miniconda3/lib/python3.11/site-packages/airflow/example_dags/example_kubernetes_executor.py for tasks to queue
[2025-03-27T15:25:27.886-0500] {logging_mixin.py:190} INFO - [2025-03-27T15:25:27.886-0500] {dagbag.py:588} INFO - Filling up the DagBag from /home/udhbhav/miniconda3/lib/python3.11/site-packages/airflow/example_dags/example_kubernetes_executor.py
[2025-03-27T15:25:27.888-0500] {logging_mixin.py:190} INFO - [2025-03-27T15:25:27.888-0500] {example_kubernetes_executor.py:39} WARNING - The example_kubernetes_executor example DAG requires the kubernetes provider. Please install it with: pip install apache-airflow[cncf.kubernetes]
[2025-03-27T15:25:27.888-0500] {processor.py:927} WARNING - No viable dags retrieved from /home/udhbhav/miniconda3/lib/python3.11/site-packages/airflow/example_dags/example_kubernetes_executor.py
[2025-03-27T15:25:27.893-0500] {processor.py:208} INFO - Processing /home/udhbhav/miniconda3/lib/python3.11/site-packages/airflow/example_dags/example_kubernetes_executor.py took 0.012 seconds
[2025-03-27T15:27:04.518-0500] {processor.py:186} INFO - Started process (PID=1811503) to work on /home/udhbhav/miniconda3/lib/python3.11/site-packages/airflow/example_dags/example_kubernetes_executor.py
[2025-03-27T15:27:04.519-0500] {processor.py:914} INFO - Processing file /home/udhbhav/miniconda3/lib/python3.11/site-packages/airflow/example_dags/example_kubernetes_executor.py for tasks to queue
[2025-03-27T15:27:04.520-0500] {logging_mixin.py:190} INFO - [2025-03-27T15:27:04.520-0500] {dagbag.py:588} INFO - Filling up the DagBag from /home/udhbhav/miniconda3/lib/python3.11/site-packages/airflow/example_dags/example_kubernetes_executor.py
[2025-03-27T15:27:04.521-0500] {logging_mixin.py:190} INFO - [2025-03-27T15:27:04.521-0500] {example_kubernetes_executor.py:39} WARNING - The example_kubernetes_executor example DAG requires the kubernetes provider. Please install it with: pip install apache-airflow[cncf.kubernetes]
[2025-03-27T15:27:04.522-0500] {processor.py:927} WARNING - No viable dags retrieved from /home/udhbhav/miniconda3/lib/python3.11/site-packages/airflow/example_dags/example_kubernetes_executor.py
[2025-03-27T15:27:04.527-0500] {processor.py:208} INFO - Processing /home/udhbhav/miniconda3/lib/python3.11/site-packages/airflow/example_dags/example_kubernetes_executor.py took 0.011 seconds
[2025-03-27T15:28:19.290-0500] {processor.py:186} INFO - Started process (PID=1812165) to work on /home/udhbhav/miniconda3/lib/python3.11/site-packages/airflow/example_dags/example_kubernetes_executor.py
[2025-03-27T15:28:19.290-0500] {processor.py:914} INFO - Processing file /home/udhbhav/miniconda3/lib/python3.11/site-packages/airflow/example_dags/example_kubernetes_executor.py for tasks to queue
[2025-03-27T15:28:19.291-0500] {logging_mixin.py:190} INFO - [2025-03-27T15:28:19.291-0500] {dagbag.py:588} INFO - Filling up the DagBag from /home/udhbhav/miniconda3/lib/python3.11/site-packages/airflow/example_dags/example_kubernetes_executor.py
[2025-03-27T15:28:19.293-0500] {logging_mixin.py:190} INFO - [2025-03-27T15:28:19.293-0500] {example_kubernetes_executor.py:39} WARNING - The example_kubernetes_executor example DAG requires the kubernetes provider. Please install it with: pip install apache-airflow[cncf.kubernetes]
[2025-03-27T15:28:19.293-0500] {processor.py:927} WARNING - No viable dags retrieved from /home/udhbhav/miniconda3/lib/python3.11/site-packages/airflow/example_dags/example_kubernetes_executor.py
[2025-03-27T15:28:19.298-0500] {processor.py:208} INFO - Processing /home/udhbhav/miniconda3/lib/python3.11/site-packages/airflow/example_dags/example_kubernetes_executor.py took 0.011 seconds
[2025-03-27T15:30:08.441-0500] {processor.py:186} INFO - Started process (PID=1813225) to work on /home/udhbhav/miniconda3/lib/python3.11/site-packages/airflow/example_dags/example_kubernetes_executor.py
[2025-03-27T15:30:08.441-0500] {processor.py:914} INFO - Processing file /home/udhbhav/miniconda3/lib/python3.11/site-packages/airflow/example_dags/example_kubernetes_executor.py for tasks to queue
[2025-03-27T15:30:08.442-0500] {logging_mixin.py:190} INFO - [2025-03-27T15:30:08.442-0500] {dagbag.py:588} INFO - Filling up the DagBag from /home/udhbhav/miniconda3/lib/python3.11/site-packages/airflow/example_dags/example_kubernetes_executor.py
[2025-03-27T15:30:08.444-0500] {logging_mixin.py:190} INFO - [2025-03-27T15:30:08.444-0500] {example_kubernetes_executor.py:39} WARNING - The example_kubernetes_executor example DAG requires the kubernetes provider. Please install it with: pip install apache-airflow[cncf.kubernetes]
[2025-03-27T15:30:08.444-0500] {processor.py:927} WARNING - No viable dags retrieved from /home/udhbhav/miniconda3/lib/python3.11/site-packages/airflow/example_dags/example_kubernetes_executor.py
[2025-03-27T15:30:08.449-0500] {processor.py:208} INFO - Processing /home/udhbhav/miniconda3/lib/python3.11/site-packages/airflow/example_dags/example_kubernetes_executor.py took 0.011 seconds
[2025-03-27T15:31:59.128-0500] {processor.py:186} INFO - Started process (PID=1814310) to work on /home/udhbhav/miniconda3/lib/python3.11/site-packages/airflow/example_dags/example_kubernetes_executor.py
[2025-03-27T15:31:59.129-0500] {processor.py:914} INFO - Processing file /home/udhbhav/miniconda3/lib/python3.11/site-packages/airflow/example_dags/example_kubernetes_executor.py for tasks to queue
[2025-03-27T15:31:59.130-0500] {logging_mixin.py:190} INFO - [2025-03-27T15:31:59.130-0500] {dagbag.py:588} INFO - Filling up the DagBag from /home/udhbhav/miniconda3/lib/python3.11/site-packages/airflow/example_dags/example_kubernetes_executor.py
[2025-03-27T15:31:59.132-0500] {logging_mixin.py:190} INFO - [2025-03-27T15:31:59.132-0500] {example_kubernetes_executor.py:39} WARNING - The example_kubernetes_executor example DAG requires the kubernetes provider. Please install it with: pip install apache-airflow[cncf.kubernetes]
[2025-03-27T15:31:59.132-0500] {processor.py:927} WARNING - No viable dags retrieved from /home/udhbhav/miniconda3/lib/python3.11/site-packages/airflow/example_dags/example_kubernetes_executor.py
[2025-03-27T15:31:59.137-0500] {processor.py:208} INFO - Processing /home/udhbhav/miniconda3/lib/python3.11/site-packages/airflow/example_dags/example_kubernetes_executor.py took 0.012 seconds
[2025-03-27T15:33:11.622-0500] {processor.py:186} INFO - Started process (PID=1814920) to work on /home/udhbhav/miniconda3/lib/python3.11/site-packages/airflow/example_dags/example_kubernetes_executor.py
[2025-03-27T15:33:11.623-0500] {processor.py:914} INFO - Processing file /home/udhbhav/miniconda3/lib/python3.11/site-packages/airflow/example_dags/example_kubernetes_executor.py for tasks to queue
[2025-03-27T15:33:11.624-0500] {logging_mixin.py:190} INFO - [2025-03-27T15:33:11.623-0500] {dagbag.py:588} INFO - Filling up the DagBag from /home/udhbhav/miniconda3/lib/python3.11/site-packages/airflow/example_dags/example_kubernetes_executor.py
[2025-03-27T15:33:11.625-0500] {logging_mixin.py:190} INFO - [2025-03-27T15:33:11.625-0500] {example_kubernetes_executor.py:39} WARNING - The example_kubernetes_executor example DAG requires the kubernetes provider. Please install it with: pip install apache-airflow[cncf.kubernetes]
[2025-03-27T15:33:11.625-0500] {processor.py:927} WARNING - No viable dags retrieved from /home/udhbhav/miniconda3/lib/python3.11/site-packages/airflow/example_dags/example_kubernetes_executor.py
[2025-03-27T15:33:11.630-0500] {processor.py:208} INFO - Processing /home/udhbhav/miniconda3/lib/python3.11/site-packages/airflow/example_dags/example_kubernetes_executor.py took 0.011 seconds
[2025-03-27T15:34:17.453-0500] {processor.py:186} INFO - Started process (PID=1815582) to work on /home/udhbhav/miniconda3/lib/python3.11/site-packages/airflow/example_dags/example_kubernetes_executor.py
[2025-03-27T15:34:17.454-0500] {processor.py:914} INFO - Processing file /home/udhbhav/miniconda3/lib/python3.11/site-packages/airflow/example_dags/example_kubernetes_executor.py for tasks to queue
[2025-03-27T15:34:17.455-0500] {logging_mixin.py:190} INFO - [2025-03-27T15:34:17.454-0500] {dagbag.py:588} INFO - Filling up the DagBag from /home/udhbhav/miniconda3/lib/python3.11/site-packages/airflow/example_dags/example_kubernetes_executor.py
[2025-03-27T15:34:17.456-0500] {logging_mixin.py:190} INFO - [2025-03-27T15:34:17.456-0500] {example_kubernetes_executor.py:39} WARNING - The example_kubernetes_executor example DAG requires the kubernetes provider. Please install it with: pip install apache-airflow[cncf.kubernetes]
[2025-03-27T15:34:17.456-0500] {processor.py:927} WARNING - No viable dags retrieved from /home/udhbhav/miniconda3/lib/python3.11/site-packages/airflow/example_dags/example_kubernetes_executor.py
[2025-03-27T15:34:17.461-0500] {processor.py:208} INFO - Processing /home/udhbhav/miniconda3/lib/python3.11/site-packages/airflow/example_dags/example_kubernetes_executor.py took 0.011 seconds
[2025-03-27T15:35:23.733-0500] {processor.py:186} INFO - Started process (PID=1816222) to work on /home/udhbhav/miniconda3/lib/python3.11/site-packages/airflow/example_dags/example_kubernetes_executor.py
[2025-03-27T15:35:23.733-0500] {processor.py:914} INFO - Processing file /home/udhbhav/miniconda3/lib/python3.11/site-packages/airflow/example_dags/example_kubernetes_executor.py for tasks to queue
[2025-03-27T15:35:23.734-0500] {logging_mixin.py:190} INFO - [2025-03-27T15:35:23.734-0500] {dagbag.py:588} INFO - Filling up the DagBag from /home/udhbhav/miniconda3/lib/python3.11/site-packages/airflow/example_dags/example_kubernetes_executor.py
[2025-03-27T15:35:23.736-0500] {logging_mixin.py:190} INFO - [2025-03-27T15:35:23.736-0500] {example_kubernetes_executor.py:39} WARNING - The example_kubernetes_executor example DAG requires the kubernetes provider. Please install it with: pip install apache-airflow[cncf.kubernetes]
[2025-03-27T15:35:23.736-0500] {processor.py:927} WARNING - No viable dags retrieved from /home/udhbhav/miniconda3/lib/python3.11/site-packages/airflow/example_dags/example_kubernetes_executor.py
[2025-03-27T15:35:23.741-0500] {processor.py:208} INFO - Processing /home/udhbhav/miniconda3/lib/python3.11/site-packages/airflow/example_dags/example_kubernetes_executor.py took 0.011 seconds
