[2025-03-27T14:26:36.673-0500] {processor.py:186} INFO - Started process (PID=1763376) to work on /home/udhbhav/miniconda3/lib/python3.11/site-packages/airflow/example_dags/example_sensor_decorator.py
[2025-03-27T14:26:36.674-0500] {processor.py:914} INFO - Processing file /home/udhbhav/miniconda3/lib/python3.11/site-packages/airflow/example_dags/example_sensor_decorator.py for tasks to queue
[2025-03-27T14:26:36.675-0500] {logging_mixin.py:190} INFO - [2025-03-27T14:26:36.675-0500] {dagbag.py:588} INFO - Filling up the DagBag from /home/udhbhav/miniconda3/lib/python3.11/site-packages/airflow/example_dags/example_sensor_decorator.py
[2025-03-27T14:26:36.680-0500] {processor.py:925} INFO - DAG(s) 'example_sensor_decorator' retrieved from /home/udhbhav/miniconda3/lib/python3.11/site-packages/airflow/example_dags/example_sensor_decorator.py
[2025-03-27T14:26:37.121-0500] {logging_mixin.py:190} INFO - [2025-03-27T14:26:37.120-0500] {override.py:1912} INFO - Created Permission View: can read on DAG:example_sensor_decorator
[2025-03-27T14:26:37.318-0500] {logging_mixin.py:190} INFO - [2025-03-27T14:26:37.318-0500] {override.py:1912} INFO - Created Permission View: can edit on DAG:example_sensor_decorator
[2025-03-27T14:26:37.827-0500] {logging_mixin.py:190} INFO - [2025-03-27T14:26:37.827-0500] {override.py:1912} INFO - Created Permission View: can delete on DAG:example_sensor_decorator
[2025-03-27T14:26:38.620-0500] {logging_mixin.py:190} INFO - [2025-03-27T14:26:38.619-0500] {override.py:1912} INFO - Created Permission View: can read on DAG Run:example_sensor_decorator
[2025-03-27T14:26:39.455-0500] {logging_mixin.py:190} INFO - [2025-03-27T14:26:39.455-0500] {override.py:1912} INFO - Created Permission View: menu access on DAG Run:example_sensor_decorator
[2025-03-27T14:26:39.634-0500] {logging_mixin.py:190} INFO - [2025-03-27T14:26:39.633-0500] {override.py:1912} INFO - Created Permission View: can create on DAG Run:example_sensor_decorator
[2025-03-27T14:26:39.822-0500] {logging_mixin.py:190} INFO - [2025-03-27T14:26:39.822-0500] {override.py:1912} INFO - Created Permission View: can delete on DAG Run:example_sensor_decorator
[2025-03-27T14:26:39.822-0500] {logging_mixin.py:190} INFO - [2025-03-27T14:26:39.822-0500] {dag.py:3239} INFO - Sync 1 DAGs
[2025-03-27T14:26:39.828-0500] {logging_mixin.py:190} INFO - [2025-03-27T14:26:39.828-0500] {dag.py:3262} INFO - Creating ORM DAG for example_sensor_decorator
[2025-03-27T14:26:39.828-0500] {logging_mixin.py:190} INFO - [2025-03-27T14:26:39.828-0500] {dag.py:4180} INFO - Setting next_dagrun for example_sensor_decorator to None, run_after=None
[2025-03-27T14:26:40.033-0500] {processor.py:208} INFO - Processing /home/udhbhav/miniconda3/lib/python3.11/site-packages/airflow/example_dags/example_sensor_decorator.py took 3.362 seconds
[2025-03-27T14:28:35.671-0500] {processor.py:186} INFO - Started process (PID=1764388) to work on /home/udhbhav/miniconda3/lib/python3.11/site-packages/airflow/example_dags/example_sensor_decorator.py
[2025-03-27T14:28:35.671-0500] {processor.py:914} INFO - Processing file /home/udhbhav/miniconda3/lib/python3.11/site-packages/airflow/example_dags/example_sensor_decorator.py for tasks to queue
[2025-03-27T14:28:35.672-0500] {logging_mixin.py:190} INFO - [2025-03-27T14:28:35.672-0500] {dagbag.py:588} INFO - Filling up the DagBag from /home/udhbhav/miniconda3/lib/python3.11/site-packages/airflow/example_dags/example_sensor_decorator.py
[2025-03-27T14:28:35.678-0500] {processor.py:925} INFO - DAG(s) 'example_sensor_decorator' retrieved from /home/udhbhav/miniconda3/lib/python3.11/site-packages/airflow/example_dags/example_sensor_decorator.py
[2025-03-27T14:28:35.685-0500] {logging_mixin.py:190} INFO - [2025-03-27T14:28:35.685-0500] {dag.py:3239} INFO - Sync 1 DAGs
[2025-03-27T14:28:35.690-0500] {logging_mixin.py:190} INFO - [2025-03-27T14:28:35.690-0500] {dag.py:4180} INFO - Setting next_dagrun for example_sensor_decorator to None, run_after=None
[2025-03-27T14:28:36.203-0500] {processor.py:208} INFO - Processing /home/udhbhav/miniconda3/lib/python3.11/site-packages/airflow/example_dags/example_sensor_decorator.py took 0.535 seconds
[2025-03-27T14:35:47.423-0500] {processor.py:186} INFO - Started process (PID=1768647) to work on /home/udhbhav/miniconda3/lib/python3.11/site-packages/airflow/example_dags/example_sensor_decorator.py
[2025-03-27T14:35:47.423-0500] {processor.py:914} INFO - Processing file /home/udhbhav/miniconda3/lib/python3.11/site-packages/airflow/example_dags/example_sensor_decorator.py for tasks to queue
[2025-03-27T14:35:47.424-0500] {logging_mixin.py:190} INFO - [2025-03-27T14:35:47.424-0500] {dagbag.py:588} INFO - Filling up the DagBag from /home/udhbhav/miniconda3/lib/python3.11/site-packages/airflow/example_dags/example_sensor_decorator.py
[2025-03-27T14:35:47.428-0500] {processor.py:925} INFO - DAG(s) 'example_sensor_decorator' retrieved from /home/udhbhav/miniconda3/lib/python3.11/site-packages/airflow/example_dags/example_sensor_decorator.py
[2025-03-27T14:35:47.436-0500] {logging_mixin.py:190} INFO - [2025-03-27T14:35:47.436-0500] {dag.py:3239} INFO - Sync 1 DAGs
[2025-03-27T14:35:47.442-0500] {logging_mixin.py:190} INFO - [2025-03-27T14:35:47.442-0500] {dag.py:4180} INFO - Setting next_dagrun for example_sensor_decorator to None, run_after=None
[2025-03-27T14:35:47.550-0500] {processor.py:208} INFO - Processing /home/udhbhav/miniconda3/lib/python3.11/site-packages/airflow/example_dags/example_sensor_decorator.py took 0.130 seconds
[2025-03-27T14:37:34.667-0500] {processor.py:186} INFO - Started process (PID=1769692) to work on /home/udhbhav/miniconda3/lib/python3.11/site-packages/airflow/example_dags/example_sensor_decorator.py
[2025-03-27T14:37:34.668-0500] {processor.py:914} INFO - Processing file /home/udhbhav/miniconda3/lib/python3.11/site-packages/airflow/example_dags/example_sensor_decorator.py for tasks to queue
[2025-03-27T14:37:34.669-0500] {logging_mixin.py:190} INFO - [2025-03-27T14:37:34.668-0500] {dagbag.py:588} INFO - Filling up the DagBag from /home/udhbhav/miniconda3/lib/python3.11/site-packages/airflow/example_dags/example_sensor_decorator.py
[2025-03-27T14:37:34.673-0500] {processor.py:925} INFO - DAG(s) 'example_sensor_decorator' retrieved from /home/udhbhav/miniconda3/lib/python3.11/site-packages/airflow/example_dags/example_sensor_decorator.py
[2025-03-27T14:37:34.680-0500] {logging_mixin.py:190} INFO - [2025-03-27T14:37:34.680-0500] {dag.py:3239} INFO - Sync 1 DAGs
[2025-03-27T14:37:34.740-0500] {logging_mixin.py:190} INFO - [2025-03-27T14:37:34.739-0500] {dag.py:4180} INFO - Setting next_dagrun for example_sensor_decorator to None, run_after=None
[2025-03-27T14:37:34.844-0500] {processor.py:208} INFO - Processing /home/udhbhav/miniconda3/lib/python3.11/site-packages/airflow/example_dags/example_sensor_decorator.py took 0.179 seconds
[2025-03-27T14:38:41.760-0500] {processor.py:186} INFO - Started process (PID=1770721) to work on /home/udhbhav/miniconda3/lib/python3.11/site-packages/airflow/example_dags/example_sensor_decorator.py
[2025-03-27T14:38:41.761-0500] {processor.py:914} INFO - Processing file /home/udhbhav/miniconda3/lib/python3.11/site-packages/airflow/example_dags/example_sensor_decorator.py for tasks to queue
[2025-03-27T14:38:41.761-0500] {logging_mixin.py:190} INFO - [2025-03-27T14:38:41.761-0500] {dagbag.py:588} INFO - Filling up the DagBag from /home/udhbhav/miniconda3/lib/python3.11/site-packages/airflow/example_dags/example_sensor_decorator.py
[2025-03-27T14:38:41.766-0500] {processor.py:925} INFO - DAG(s) 'example_sensor_decorator' retrieved from /home/udhbhav/miniconda3/lib/python3.11/site-packages/airflow/example_dags/example_sensor_decorator.py
[2025-03-27T14:38:41.773-0500] {logging_mixin.py:190} INFO - [2025-03-27T14:38:41.773-0500] {dag.py:3239} INFO - Sync 1 DAGs
[2025-03-27T14:38:41.778-0500] {logging_mixin.py:190} INFO - [2025-03-27T14:38:41.778-0500] {dag.py:4180} INFO - Setting next_dagrun for example_sensor_decorator to None, run_after=None
[2025-03-27T14:38:41.884-0500] {processor.py:208} INFO - Processing /home/udhbhav/miniconda3/lib/python3.11/site-packages/airflow/example_dags/example_sensor_decorator.py took 0.127 seconds
[2025-03-27T14:39:59.997-0500] {processor.py:186} INFO - Started process (PID=1771469) to work on /home/udhbhav/miniconda3/lib/python3.11/site-packages/airflow/example_dags/example_sensor_decorator.py
[2025-03-27T14:39:59.997-0500] {processor.py:914} INFO - Processing file /home/udhbhav/miniconda3/lib/python3.11/site-packages/airflow/example_dags/example_sensor_decorator.py for tasks to queue
[2025-03-27T14:39:59.998-0500] {logging_mixin.py:190} INFO - [2025-03-27T14:39:59.998-0500] {dagbag.py:588} INFO - Filling up the DagBag from /home/udhbhav/miniconda3/lib/python3.11/site-packages/airflow/example_dags/example_sensor_decorator.py
[2025-03-27T14:40:00.003-0500] {processor.py:925} INFO - DAG(s) 'example_sensor_decorator' retrieved from /home/udhbhav/miniconda3/lib/python3.11/site-packages/airflow/example_dags/example_sensor_decorator.py
[2025-03-27T14:40:00.010-0500] {logging_mixin.py:190} INFO - [2025-03-27T14:40:00.010-0500] {dag.py:3239} INFO - Sync 1 DAGs
[2025-03-27T14:40:00.015-0500] {logging_mixin.py:190} INFO - [2025-03-27T14:40:00.015-0500] {dag.py:4180} INFO - Setting next_dagrun for example_sensor_decorator to None, run_after=None
[2025-03-27T14:40:00.270-0500] {processor.py:208} INFO - Processing /home/udhbhav/miniconda3/lib/python3.11/site-packages/airflow/example_dags/example_sensor_decorator.py took 0.276 seconds
[2025-03-27T14:41:25.980-0500] {processor.py:186} INFO - Started process (PID=1772443) to work on /home/udhbhav/miniconda3/lib/python3.11/site-packages/airflow/example_dags/example_sensor_decorator.py
[2025-03-27T14:41:25.980-0500] {processor.py:914} INFO - Processing file /home/udhbhav/miniconda3/lib/python3.11/site-packages/airflow/example_dags/example_sensor_decorator.py for tasks to queue
[2025-03-27T14:41:25.981-0500] {logging_mixin.py:190} INFO - [2025-03-27T14:41:25.981-0500] {dagbag.py:588} INFO - Filling up the DagBag from /home/udhbhav/miniconda3/lib/python3.11/site-packages/airflow/example_dags/example_sensor_decorator.py
[2025-03-27T14:41:25.985-0500] {processor.py:925} INFO - DAG(s) 'example_sensor_decorator' retrieved from /home/udhbhav/miniconda3/lib/python3.11/site-packages/airflow/example_dags/example_sensor_decorator.py
[2025-03-27T14:41:25.992-0500] {logging_mixin.py:190} INFO - [2025-03-27T14:41:25.992-0500] {dag.py:3239} INFO - Sync 1 DAGs
[2025-03-27T14:41:25.997-0500] {logging_mixin.py:190} INFO - [2025-03-27T14:41:25.997-0500] {dag.py:4180} INFO - Setting next_dagrun for example_sensor_decorator to None, run_after=None
[2025-03-27T14:41:26.101-0500] {processor.py:208} INFO - Processing /home/udhbhav/miniconda3/lib/python3.11/site-packages/airflow/example_dags/example_sensor_decorator.py took 0.124 seconds
[2025-03-27T14:42:42.216-0500] {processor.py:186} INFO - Started process (PID=1773393) to work on /home/udhbhav/miniconda3/lib/python3.11/site-packages/airflow/example_dags/example_sensor_decorator.py
[2025-03-27T14:42:42.216-0500] {processor.py:914} INFO - Processing file /home/udhbhav/miniconda3/lib/python3.11/site-packages/airflow/example_dags/example_sensor_decorator.py for tasks to queue
[2025-03-27T14:42:42.217-0500] {logging_mixin.py:190} INFO - [2025-03-27T14:42:42.217-0500] {dagbag.py:588} INFO - Filling up the DagBag from /home/udhbhav/miniconda3/lib/python3.11/site-packages/airflow/example_dags/example_sensor_decorator.py
[2025-03-27T14:42:42.221-0500] {processor.py:925} INFO - DAG(s) 'example_sensor_decorator' retrieved from /home/udhbhav/miniconda3/lib/python3.11/site-packages/airflow/example_dags/example_sensor_decorator.py
[2025-03-27T14:42:42.228-0500] {logging_mixin.py:190} INFO - [2025-03-27T14:42:42.228-0500] {dag.py:3239} INFO - Sync 1 DAGs
[2025-03-27T14:42:42.233-0500] {logging_mixin.py:190} INFO - [2025-03-27T14:42:42.233-0500] {dag.py:4180} INFO - Setting next_dagrun for example_sensor_decorator to None, run_after=None
[2025-03-27T14:42:42.340-0500] {processor.py:208} INFO - Processing /home/udhbhav/miniconda3/lib/python3.11/site-packages/airflow/example_dags/example_sensor_decorator.py took 0.128 seconds
[2025-03-27T14:44:08.564-0500] {processor.py:186} INFO - Started process (PID=1774312) to work on /home/udhbhav/miniconda3/lib/python3.11/site-packages/airflow/example_dags/example_sensor_decorator.py
[2025-03-27T14:44:08.565-0500] {processor.py:914} INFO - Processing file /home/udhbhav/miniconda3/lib/python3.11/site-packages/airflow/example_dags/example_sensor_decorator.py for tasks to queue
[2025-03-27T14:44:08.566-0500] {logging_mixin.py:190} INFO - [2025-03-27T14:44:08.566-0500] {dagbag.py:588} INFO - Filling up the DagBag from /home/udhbhav/miniconda3/lib/python3.11/site-packages/airflow/example_dags/example_sensor_decorator.py
[2025-03-27T14:44:08.570-0500] {processor.py:925} INFO - DAG(s) 'example_sensor_decorator' retrieved from /home/udhbhav/miniconda3/lib/python3.11/site-packages/airflow/example_dags/example_sensor_decorator.py
[2025-03-27T14:44:08.577-0500] {logging_mixin.py:190} INFO - [2025-03-27T14:44:08.577-0500] {dag.py:3239} INFO - Sync 1 DAGs
[2025-03-27T14:44:08.582-0500] {logging_mixin.py:190} INFO - [2025-03-27T14:44:08.582-0500] {dag.py:4180} INFO - Setting next_dagrun for example_sensor_decorator to None, run_after=None
[2025-03-27T14:44:08.695-0500] {processor.py:208} INFO - Processing /home/udhbhav/miniconda3/lib/python3.11/site-packages/airflow/example_dags/example_sensor_decorator.py took 0.133 seconds
[2025-03-27T14:45:14.326-0500] {processor.py:186} INFO - Started process (PID=1774981) to work on /home/udhbhav/miniconda3/lib/python3.11/site-packages/airflow/example_dags/example_sensor_decorator.py
[2025-03-27T14:45:14.326-0500] {processor.py:914} INFO - Processing file /home/udhbhav/miniconda3/lib/python3.11/site-packages/airflow/example_dags/example_sensor_decorator.py for tasks to queue
[2025-03-27T14:45:14.327-0500] {logging_mixin.py:190} INFO - [2025-03-27T14:45:14.327-0500] {dagbag.py:588} INFO - Filling up the DagBag from /home/udhbhav/miniconda3/lib/python3.11/site-packages/airflow/example_dags/example_sensor_decorator.py
[2025-03-27T14:45:14.331-0500] {processor.py:925} INFO - DAG(s) 'example_sensor_decorator' retrieved from /home/udhbhav/miniconda3/lib/python3.11/site-packages/airflow/example_dags/example_sensor_decorator.py
[2025-03-27T14:45:14.338-0500] {logging_mixin.py:190} INFO - [2025-03-27T14:45:14.338-0500] {dag.py:3239} INFO - Sync 1 DAGs
[2025-03-27T14:45:14.343-0500] {logging_mixin.py:190} INFO - [2025-03-27T14:45:14.343-0500] {dag.py:4180} INFO - Setting next_dagrun for example_sensor_decorator to None, run_after=None
[2025-03-27T14:45:14.449-0500] {processor.py:208} INFO - Processing /home/udhbhav/miniconda3/lib/python3.11/site-packages/airflow/example_dags/example_sensor_decorator.py took 0.126 seconds
[2025-03-27T14:46:50.473-0500] {processor.py:186} INFO - Started process (PID=1775958) to work on /home/udhbhav/miniconda3/lib/python3.11/site-packages/airflow/example_dags/example_sensor_decorator.py
[2025-03-27T14:46:50.473-0500] {processor.py:914} INFO - Processing file /home/udhbhav/miniconda3/lib/python3.11/site-packages/airflow/example_dags/example_sensor_decorator.py for tasks to queue
[2025-03-27T14:46:50.474-0500] {logging_mixin.py:190} INFO - [2025-03-27T14:46:50.474-0500] {dagbag.py:588} INFO - Filling up the DagBag from /home/udhbhav/miniconda3/lib/python3.11/site-packages/airflow/example_dags/example_sensor_decorator.py
[2025-03-27T14:46:50.479-0500] {processor.py:925} INFO - DAG(s) 'example_sensor_decorator' retrieved from /home/udhbhav/miniconda3/lib/python3.11/site-packages/airflow/example_dags/example_sensor_decorator.py
[2025-03-27T14:46:50.486-0500] {logging_mixin.py:190} INFO - [2025-03-27T14:46:50.486-0500] {dag.py:3239} INFO - Sync 1 DAGs
[2025-03-27T14:46:50.491-0500] {logging_mixin.py:190} INFO - [2025-03-27T14:46:50.491-0500] {dag.py:4180} INFO - Setting next_dagrun for example_sensor_decorator to None, run_after=None
[2025-03-27T14:46:50.599-0500] {processor.py:208} INFO - Processing /home/udhbhav/miniconda3/lib/python3.11/site-packages/airflow/example_dags/example_sensor_decorator.py took 0.129 seconds
[2025-03-27T14:48:06.246-0500] {processor.py:186} INFO - Started process (PID=1776630) to work on /home/udhbhav/miniconda3/lib/python3.11/site-packages/airflow/example_dags/example_sensor_decorator.py
[2025-03-27T14:48:06.247-0500] {processor.py:914} INFO - Processing file /home/udhbhav/miniconda3/lib/python3.11/site-packages/airflow/example_dags/example_sensor_decorator.py for tasks to queue
[2025-03-27T14:48:06.248-0500] {logging_mixin.py:190} INFO - [2025-03-27T14:48:06.248-0500] {dagbag.py:588} INFO - Filling up the DagBag from /home/udhbhav/miniconda3/lib/python3.11/site-packages/airflow/example_dags/example_sensor_decorator.py
[2025-03-27T14:48:06.252-0500] {processor.py:925} INFO - DAG(s) 'example_sensor_decorator' retrieved from /home/udhbhav/miniconda3/lib/python3.11/site-packages/airflow/example_dags/example_sensor_decorator.py
[2025-03-27T14:48:06.259-0500] {logging_mixin.py:190} INFO - [2025-03-27T14:48:06.259-0500] {dag.py:3239} INFO - Sync 1 DAGs
[2025-03-27T14:48:06.264-0500] {logging_mixin.py:190} INFO - [2025-03-27T14:48:06.264-0500] {dag.py:4180} INFO - Setting next_dagrun for example_sensor_decorator to None, run_after=None
[2025-03-27T14:48:06.398-0500] {processor.py:208} INFO - Processing /home/udhbhav/miniconda3/lib/python3.11/site-packages/airflow/example_dags/example_sensor_decorator.py took 0.154 seconds
[2025-03-27T14:49:27.138-0500] {processor.py:186} INFO - Started process (PID=1777356) to work on /home/udhbhav/miniconda3/lib/python3.11/site-packages/airflow/example_dags/example_sensor_decorator.py
[2025-03-27T14:49:27.139-0500] {processor.py:914} INFO - Processing file /home/udhbhav/miniconda3/lib/python3.11/site-packages/airflow/example_dags/example_sensor_decorator.py for tasks to queue
[2025-03-27T14:49:27.140-0500] {logging_mixin.py:190} INFO - [2025-03-27T14:49:27.139-0500] {dagbag.py:588} INFO - Filling up the DagBag from /home/udhbhav/miniconda3/lib/python3.11/site-packages/airflow/example_dags/example_sensor_decorator.py
[2025-03-27T14:49:27.144-0500] {processor.py:925} INFO - DAG(s) 'example_sensor_decorator' retrieved from /home/udhbhav/miniconda3/lib/python3.11/site-packages/airflow/example_dags/example_sensor_decorator.py
[2025-03-27T14:49:27.151-0500] {logging_mixin.py:190} INFO - [2025-03-27T14:49:27.151-0500] {dag.py:3239} INFO - Sync 1 DAGs
[2025-03-27T14:49:27.156-0500] {logging_mixin.py:190} INFO - [2025-03-27T14:49:27.156-0500] {dag.py:4180} INFO - Setting next_dagrun for example_sensor_decorator to None, run_after=None
[2025-03-27T14:49:27.394-0500] {processor.py:208} INFO - Processing /home/udhbhav/miniconda3/lib/python3.11/site-packages/airflow/example_dags/example_sensor_decorator.py took 0.259 seconds
[2025-03-27T14:50:51.226-0500] {processor.py:186} INFO - Started process (PID=1779217) to work on /home/udhbhav/miniconda3/lib/python3.11/site-packages/airflow/example_dags/example_sensor_decorator.py
[2025-03-27T14:50:51.226-0500] {processor.py:914} INFO - Processing file /home/udhbhav/miniconda3/lib/python3.11/site-packages/airflow/example_dags/example_sensor_decorator.py for tasks to queue
[2025-03-27T14:50:51.227-0500] {logging_mixin.py:190} INFO - [2025-03-27T14:50:51.227-0500] {dagbag.py:588} INFO - Filling up the DagBag from /home/udhbhav/miniconda3/lib/python3.11/site-packages/airflow/example_dags/example_sensor_decorator.py
[2025-03-27T14:50:51.232-0500] {processor.py:925} INFO - DAG(s) 'example_sensor_decorator' retrieved from /home/udhbhav/miniconda3/lib/python3.11/site-packages/airflow/example_dags/example_sensor_decorator.py
[2025-03-27T14:50:51.240-0500] {logging_mixin.py:190} INFO - [2025-03-27T14:50:51.240-0500] {dag.py:3239} INFO - Sync 1 DAGs
[2025-03-27T14:50:51.245-0500] {logging_mixin.py:190} INFO - [2025-03-27T14:50:51.245-0500] {dag.py:4180} INFO - Setting next_dagrun for example_sensor_decorator to None, run_after=None
[2025-03-27T14:50:51.353-0500] {processor.py:208} INFO - Processing /home/udhbhav/miniconda3/lib/python3.11/site-packages/airflow/example_dags/example_sensor_decorator.py took 0.130 seconds
[2025-03-27T14:51:56.351-0500] {processor.py:186} INFO - Started process (PID=1783765) to work on /home/udhbhav/miniconda3/lib/python3.11/site-packages/airflow/example_dags/example_sensor_decorator.py
[2025-03-27T14:51:56.352-0500] {processor.py:914} INFO - Processing file /home/udhbhav/miniconda3/lib/python3.11/site-packages/airflow/example_dags/example_sensor_decorator.py for tasks to queue
[2025-03-27T14:51:56.353-0500] {logging_mixin.py:190} INFO - [2025-03-27T14:51:56.353-0500] {dagbag.py:588} INFO - Filling up the DagBag from /home/udhbhav/miniconda3/lib/python3.11/site-packages/airflow/example_dags/example_sensor_decorator.py
[2025-03-27T14:51:56.358-0500] {processor.py:925} INFO - DAG(s) 'example_sensor_decorator' retrieved from /home/udhbhav/miniconda3/lib/python3.11/site-packages/airflow/example_dags/example_sensor_decorator.py
[2025-03-27T14:51:56.365-0500] {logging_mixin.py:190} INFO - [2025-03-27T14:51:56.364-0500] {dag.py:3239} INFO - Sync 1 DAGs
[2025-03-27T14:51:56.370-0500] {logging_mixin.py:190} INFO - [2025-03-27T14:51:56.370-0500] {dag.py:4180} INFO - Setting next_dagrun for example_sensor_decorator to None, run_after=None
[2025-03-27T14:51:56.477-0500] {processor.py:208} INFO - Processing /home/udhbhav/miniconda3/lib/python3.11/site-packages/airflow/example_dags/example_sensor_decorator.py took 0.128 seconds
[2025-03-27T14:53:08.096-0500] {processor.py:186} INFO - Started process (PID=1784446) to work on /home/udhbhav/miniconda3/lib/python3.11/site-packages/airflow/example_dags/example_sensor_decorator.py
[2025-03-27T14:53:08.096-0500] {processor.py:914} INFO - Processing file /home/udhbhav/miniconda3/lib/python3.11/site-packages/airflow/example_dags/example_sensor_decorator.py for tasks to queue
[2025-03-27T14:53:08.097-0500] {logging_mixin.py:190} INFO - [2025-03-27T14:53:08.097-0500] {dagbag.py:588} INFO - Filling up the DagBag from /home/udhbhav/miniconda3/lib/python3.11/site-packages/airflow/example_dags/example_sensor_decorator.py
[2025-03-27T14:53:08.102-0500] {processor.py:925} INFO - DAG(s) 'example_sensor_decorator' retrieved from /home/udhbhav/miniconda3/lib/python3.11/site-packages/airflow/example_dags/example_sensor_decorator.py
[2025-03-27T14:53:08.109-0500] {logging_mixin.py:190} INFO - [2025-03-27T14:53:08.108-0500] {dag.py:3239} INFO - Sync 1 DAGs
[2025-03-27T14:53:08.114-0500] {logging_mixin.py:190} INFO - [2025-03-27T14:53:08.114-0500] {dag.py:4180} INFO - Setting next_dagrun for example_sensor_decorator to None, run_after=None
[2025-03-27T14:53:08.222-0500] {processor.py:208} INFO - Processing /home/udhbhav/miniconda3/lib/python3.11/site-packages/airflow/example_dags/example_sensor_decorator.py took 0.129 seconds
[2025-03-27T14:54:15.360-0500] {processor.py:186} INFO - Started process (PID=1785046) to work on /home/udhbhav/miniconda3/lib/python3.11/site-packages/airflow/example_dags/example_sensor_decorator.py
[2025-03-27T14:54:15.360-0500] {processor.py:914} INFO - Processing file /home/udhbhav/miniconda3/lib/python3.11/site-packages/airflow/example_dags/example_sensor_decorator.py for tasks to queue
[2025-03-27T14:54:15.361-0500] {logging_mixin.py:190} INFO - [2025-03-27T14:54:15.361-0500] {dagbag.py:588} INFO - Filling up the DagBag from /home/udhbhav/miniconda3/lib/python3.11/site-packages/airflow/example_dags/example_sensor_decorator.py
[2025-03-27T14:54:15.365-0500] {processor.py:925} INFO - DAG(s) 'example_sensor_decorator' retrieved from /home/udhbhav/miniconda3/lib/python3.11/site-packages/airflow/example_dags/example_sensor_decorator.py
[2025-03-27T14:54:15.372-0500] {logging_mixin.py:190} INFO - [2025-03-27T14:54:15.372-0500] {dag.py:3239} INFO - Sync 1 DAGs
[2025-03-27T14:54:15.378-0500] {logging_mixin.py:190} INFO - [2025-03-27T14:54:15.377-0500] {dag.py:4180} INFO - Setting next_dagrun for example_sensor_decorator to None, run_after=None
[2025-03-27T14:54:15.483-0500] {processor.py:208} INFO - Processing /home/udhbhav/miniconda3/lib/python3.11/site-packages/airflow/example_dags/example_sensor_decorator.py took 0.126 seconds
[2025-03-27T14:55:17.492-0500] {processor.py:186} INFO - Started process (PID=1785678) to work on /home/udhbhav/miniconda3/lib/python3.11/site-packages/airflow/example_dags/example_sensor_decorator.py
[2025-03-27T14:55:17.492-0500] {processor.py:914} INFO - Processing file /home/udhbhav/miniconda3/lib/python3.11/site-packages/airflow/example_dags/example_sensor_decorator.py for tasks to queue
[2025-03-27T14:55:17.493-0500] {logging_mixin.py:190} INFO - [2025-03-27T14:55:17.493-0500] {dagbag.py:588} INFO - Filling up the DagBag from /home/udhbhav/miniconda3/lib/python3.11/site-packages/airflow/example_dags/example_sensor_decorator.py
[2025-03-27T14:55:17.498-0500] {processor.py:925} INFO - DAG(s) 'example_sensor_decorator' retrieved from /home/udhbhav/miniconda3/lib/python3.11/site-packages/airflow/example_dags/example_sensor_decorator.py
[2025-03-27T14:55:17.505-0500] {logging_mixin.py:190} INFO - [2025-03-27T14:55:17.504-0500] {dag.py:3239} INFO - Sync 1 DAGs
[2025-03-27T14:55:17.510-0500] {logging_mixin.py:190} INFO - [2025-03-27T14:55:17.510-0500] {dag.py:4180} INFO - Setting next_dagrun for example_sensor_decorator to None, run_after=None
[2025-03-27T14:55:17.616-0500] {processor.py:208} INFO - Processing /home/udhbhav/miniconda3/lib/python3.11/site-packages/airflow/example_dags/example_sensor_decorator.py took 0.127 seconds
[2025-03-27T14:56:34.442-0500] {processor.py:186} INFO - Started process (PID=1786492) to work on /home/udhbhav/miniconda3/lib/python3.11/site-packages/airflow/example_dags/example_sensor_decorator.py
[2025-03-27T14:56:34.442-0500] {processor.py:914} INFO - Processing file /home/udhbhav/miniconda3/lib/python3.11/site-packages/airflow/example_dags/example_sensor_decorator.py for tasks to queue
[2025-03-27T14:56:34.443-0500] {logging_mixin.py:190} INFO - [2025-03-27T14:56:34.443-0500] {dagbag.py:588} INFO - Filling up the DagBag from /home/udhbhav/miniconda3/lib/python3.11/site-packages/airflow/example_dags/example_sensor_decorator.py
[2025-03-27T14:56:34.447-0500] {processor.py:925} INFO - DAG(s) 'example_sensor_decorator' retrieved from /home/udhbhav/miniconda3/lib/python3.11/site-packages/airflow/example_dags/example_sensor_decorator.py
[2025-03-27T14:56:34.454-0500] {logging_mixin.py:190} INFO - [2025-03-27T14:56:34.454-0500] {dag.py:3239} INFO - Sync 1 DAGs
[2025-03-27T14:56:34.459-0500] {logging_mixin.py:190} INFO - [2025-03-27T14:56:34.459-0500] {dag.py:4180} INFO - Setting next_dagrun for example_sensor_decorator to None, run_after=None
[2025-03-27T14:56:34.613-0500] {processor.py:208} INFO - Processing /home/udhbhav/miniconda3/lib/python3.11/site-packages/airflow/example_dags/example_sensor_decorator.py took 0.174 seconds
[2025-03-27T14:57:51.845-0500] {processor.py:186} INFO - Started process (PID=1787377) to work on /home/udhbhav/miniconda3/lib/python3.11/site-packages/airflow/example_dags/example_sensor_decorator.py
[2025-03-27T14:57:51.845-0500] {processor.py:914} INFO - Processing file /home/udhbhav/miniconda3/lib/python3.11/site-packages/airflow/example_dags/example_sensor_decorator.py for tasks to queue
[2025-03-27T14:57:51.846-0500] {logging_mixin.py:190} INFO - [2025-03-27T14:57:51.846-0500] {dagbag.py:588} INFO - Filling up the DagBag from /home/udhbhav/miniconda3/lib/python3.11/site-packages/airflow/example_dags/example_sensor_decorator.py
[2025-03-27T14:57:51.850-0500] {processor.py:925} INFO - DAG(s) 'example_sensor_decorator' retrieved from /home/udhbhav/miniconda3/lib/python3.11/site-packages/airflow/example_dags/example_sensor_decorator.py
[2025-03-27T14:57:51.857-0500] {logging_mixin.py:190} INFO - [2025-03-27T14:57:51.857-0500] {dag.py:3239} INFO - Sync 1 DAGs
[2025-03-27T14:57:51.863-0500] {logging_mixin.py:190} INFO - [2025-03-27T14:57:51.863-0500] {dag.py:4180} INFO - Setting next_dagrun for example_sensor_decorator to None, run_after=None
[2025-03-27T14:57:52.865-0500] {processor.py:208} INFO - Processing /home/udhbhav/miniconda3/lib/python3.11/site-packages/airflow/example_dags/example_sensor_decorator.py took 1.023 seconds
[2025-03-27T14:59:13.698-0500] {processor.py:186} INFO - Started process (PID=1788156) to work on /home/udhbhav/miniconda3/lib/python3.11/site-packages/airflow/example_dags/example_sensor_decorator.py
[2025-03-27T14:59:13.698-0500] {processor.py:914} INFO - Processing file /home/udhbhav/miniconda3/lib/python3.11/site-packages/airflow/example_dags/example_sensor_decorator.py for tasks to queue
[2025-03-27T14:59:13.699-0500] {logging_mixin.py:190} INFO - [2025-03-27T14:59:13.699-0500] {dagbag.py:588} INFO - Filling up the DagBag from /home/udhbhav/miniconda3/lib/python3.11/site-packages/airflow/example_dags/example_sensor_decorator.py
[2025-03-27T14:59:13.703-0500] {processor.py:925} INFO - DAG(s) 'example_sensor_decorator' retrieved from /home/udhbhav/miniconda3/lib/python3.11/site-packages/airflow/example_dags/example_sensor_decorator.py
[2025-03-27T14:59:13.711-0500] {logging_mixin.py:190} INFO - [2025-03-27T14:59:13.710-0500] {dag.py:3239} INFO - Sync 1 DAGs
[2025-03-27T14:59:13.716-0500] {logging_mixin.py:190} INFO - [2025-03-27T14:59:13.716-0500] {dag.py:4180} INFO - Setting next_dagrun for example_sensor_decorator to None, run_after=None
[2025-03-27T14:59:14.254-0500] {processor.py:208} INFO - Processing /home/udhbhav/miniconda3/lib/python3.11/site-packages/airflow/example_dags/example_sensor_decorator.py took 0.559 seconds
[2025-03-27T15:00:41.984-0500] {processor.py:186} INFO - Started process (PID=1789235) to work on /home/udhbhav/miniconda3/lib/python3.11/site-packages/airflow/example_dags/example_sensor_decorator.py
[2025-03-27T15:00:41.984-0500] {processor.py:914} INFO - Processing file /home/udhbhav/miniconda3/lib/python3.11/site-packages/airflow/example_dags/example_sensor_decorator.py for tasks to queue
[2025-03-27T15:00:41.985-0500] {logging_mixin.py:190} INFO - [2025-03-27T15:00:41.985-0500] {dagbag.py:588} INFO - Filling up the DagBag from /home/udhbhav/miniconda3/lib/python3.11/site-packages/airflow/example_dags/example_sensor_decorator.py
[2025-03-27T15:00:41.990-0500] {processor.py:925} INFO - DAG(s) 'example_sensor_decorator' retrieved from /home/udhbhav/miniconda3/lib/python3.11/site-packages/airflow/example_dags/example_sensor_decorator.py
[2025-03-27T15:00:41.997-0500] {logging_mixin.py:190} INFO - [2025-03-27T15:00:41.997-0500] {dag.py:3239} INFO - Sync 1 DAGs
[2025-03-27T15:00:42.002-0500] {logging_mixin.py:190} INFO - [2025-03-27T15:00:42.002-0500] {dag.py:4180} INFO - Setting next_dagrun for example_sensor_decorator to None, run_after=None
[2025-03-27T15:00:42.109-0500] {processor.py:208} INFO - Processing /home/udhbhav/miniconda3/lib/python3.11/site-packages/airflow/example_dags/example_sensor_decorator.py took 0.127 seconds
[2025-03-27T15:01:43.569-0500] {processor.py:186} INFO - Started process (PID=1789937) to work on /home/udhbhav/miniconda3/lib/python3.11/site-packages/airflow/example_dags/example_sensor_decorator.py
[2025-03-27T15:01:43.570-0500] {processor.py:914} INFO - Processing file /home/udhbhav/miniconda3/lib/python3.11/site-packages/airflow/example_dags/example_sensor_decorator.py for tasks to queue
[2025-03-27T15:01:43.571-0500] {logging_mixin.py:190} INFO - [2025-03-27T15:01:43.570-0500] {dagbag.py:588} INFO - Filling up the DagBag from /home/udhbhav/miniconda3/lib/python3.11/site-packages/airflow/example_dags/example_sensor_decorator.py
[2025-03-27T15:01:43.576-0500] {processor.py:925} INFO - DAG(s) 'example_sensor_decorator' retrieved from /home/udhbhav/miniconda3/lib/python3.11/site-packages/airflow/example_dags/example_sensor_decorator.py
[2025-03-27T15:01:43.583-0500] {logging_mixin.py:190} INFO - [2025-03-27T15:01:43.583-0500] {dag.py:3239} INFO - Sync 1 DAGs
[2025-03-27T15:01:43.588-0500] {logging_mixin.py:190} INFO - [2025-03-27T15:01:43.588-0500] {dag.py:4180} INFO - Setting next_dagrun for example_sensor_decorator to None, run_after=None
[2025-03-27T15:01:43.697-0500] {processor.py:208} INFO - Processing /home/udhbhav/miniconda3/lib/python3.11/site-packages/airflow/example_dags/example_sensor_decorator.py took 0.130 seconds
[2025-03-27T15:02:52.723-0500] {processor.py:186} INFO - Started process (PID=1790708) to work on /home/udhbhav/miniconda3/lib/python3.11/site-packages/airflow/example_dags/example_sensor_decorator.py
[2025-03-27T15:02:52.724-0500] {processor.py:914} INFO - Processing file /home/udhbhav/miniconda3/lib/python3.11/site-packages/airflow/example_dags/example_sensor_decorator.py for tasks to queue
[2025-03-27T15:02:52.725-0500] {logging_mixin.py:190} INFO - [2025-03-27T15:02:52.724-0500] {dagbag.py:588} INFO - Filling up the DagBag from /home/udhbhav/miniconda3/lib/python3.11/site-packages/airflow/example_dags/example_sensor_decorator.py
[2025-03-27T15:02:52.729-0500] {processor.py:925} INFO - DAG(s) 'example_sensor_decorator' retrieved from /home/udhbhav/miniconda3/lib/python3.11/site-packages/airflow/example_dags/example_sensor_decorator.py
[2025-03-27T15:02:52.736-0500] {logging_mixin.py:190} INFO - [2025-03-27T15:02:52.736-0500] {dag.py:3239} INFO - Sync 1 DAGs
[2025-03-27T15:02:52.741-0500] {logging_mixin.py:190} INFO - [2025-03-27T15:02:52.741-0500] {dag.py:4180} INFO - Setting next_dagrun for example_sensor_decorator to None, run_after=None
[2025-03-27T15:02:52.966-0500] {processor.py:208} INFO - Processing /home/udhbhav/miniconda3/lib/python3.11/site-packages/airflow/example_dags/example_sensor_decorator.py took 0.246 seconds
[2025-03-27T15:04:09.264-0500] {processor.py:186} INFO - Started process (PID=1791332) to work on /home/udhbhav/miniconda3/lib/python3.11/site-packages/airflow/example_dags/example_sensor_decorator.py
[2025-03-27T15:04:09.265-0500] {processor.py:914} INFO - Processing file /home/udhbhav/miniconda3/lib/python3.11/site-packages/airflow/example_dags/example_sensor_decorator.py for tasks to queue
[2025-03-27T15:04:09.266-0500] {logging_mixin.py:190} INFO - [2025-03-27T15:04:09.266-0500] {dagbag.py:588} INFO - Filling up the DagBag from /home/udhbhav/miniconda3/lib/python3.11/site-packages/airflow/example_dags/example_sensor_decorator.py
[2025-03-27T15:04:09.271-0500] {processor.py:925} INFO - DAG(s) 'example_sensor_decorator' retrieved from /home/udhbhav/miniconda3/lib/python3.11/site-packages/airflow/example_dags/example_sensor_decorator.py
[2025-03-27T15:04:09.278-0500] {logging_mixin.py:190} INFO - [2025-03-27T15:04:09.278-0500] {dag.py:3239} INFO - Sync 1 DAGs
[2025-03-27T15:04:09.283-0500] {logging_mixin.py:190} INFO - [2025-03-27T15:04:09.283-0500] {dag.py:4180} INFO - Setting next_dagrun for example_sensor_decorator to None, run_after=None
[2025-03-27T15:04:09.388-0500] {processor.py:208} INFO - Processing /home/udhbhav/miniconda3/lib/python3.11/site-packages/airflow/example_dags/example_sensor_decorator.py took 0.127 seconds
[2025-03-27T15:05:26.476-0500] {processor.py:186} INFO - Started process (PID=1792111) to work on /home/udhbhav/miniconda3/lib/python3.11/site-packages/airflow/example_dags/example_sensor_decorator.py
[2025-03-27T15:05:26.477-0500] {processor.py:914} INFO - Processing file /home/udhbhav/miniconda3/lib/python3.11/site-packages/airflow/example_dags/example_sensor_decorator.py for tasks to queue
[2025-03-27T15:05:26.478-0500] {logging_mixin.py:190} INFO - [2025-03-27T15:05:26.478-0500] {dagbag.py:588} INFO - Filling up the DagBag from /home/udhbhav/miniconda3/lib/python3.11/site-packages/airflow/example_dags/example_sensor_decorator.py
[2025-03-27T15:05:26.482-0500] {processor.py:925} INFO - DAG(s) 'example_sensor_decorator' retrieved from /home/udhbhav/miniconda3/lib/python3.11/site-packages/airflow/example_dags/example_sensor_decorator.py
[2025-03-27T15:05:26.489-0500] {logging_mixin.py:190} INFO - [2025-03-27T15:05:26.489-0500] {dag.py:3239} INFO - Sync 1 DAGs
[2025-03-27T15:05:26.494-0500] {logging_mixin.py:190} INFO - [2025-03-27T15:05:26.494-0500] {dag.py:4180} INFO - Setting next_dagrun for example_sensor_decorator to None, run_after=None
[2025-03-27T15:05:26.670-0500] {processor.py:208} INFO - Processing /home/udhbhav/miniconda3/lib/python3.11/site-packages/airflow/example_dags/example_sensor_decorator.py took 0.197 seconds
[2025-03-27T15:06:59.071-0500] {processor.py:186} INFO - Started process (PID=1793037) to work on /home/udhbhav/miniconda3/lib/python3.11/site-packages/airflow/example_dags/example_sensor_decorator.py
[2025-03-27T15:06:59.071-0500] {processor.py:914} INFO - Processing file /home/udhbhav/miniconda3/lib/python3.11/site-packages/airflow/example_dags/example_sensor_decorator.py for tasks to queue
[2025-03-27T15:06:59.072-0500] {logging_mixin.py:190} INFO - [2025-03-27T15:06:59.072-0500] {dagbag.py:588} INFO - Filling up the DagBag from /home/udhbhav/miniconda3/lib/python3.11/site-packages/airflow/example_dags/example_sensor_decorator.py
[2025-03-27T15:06:59.076-0500] {processor.py:925} INFO - DAG(s) 'example_sensor_decorator' retrieved from /home/udhbhav/miniconda3/lib/python3.11/site-packages/airflow/example_dags/example_sensor_decorator.py
[2025-03-27T15:06:59.083-0500] {logging_mixin.py:190} INFO - [2025-03-27T15:06:59.083-0500] {dag.py:3239} INFO - Sync 1 DAGs
[2025-03-27T15:06:59.089-0500] {logging_mixin.py:190} INFO - [2025-03-27T15:06:59.088-0500] {dag.py:4180} INFO - Setting next_dagrun for example_sensor_decorator to None, run_after=None
[2025-03-27T15:06:59.251-0500] {processor.py:208} INFO - Processing /home/udhbhav/miniconda3/lib/python3.11/site-packages/airflow/example_dags/example_sensor_decorator.py took 0.184 seconds
[2025-03-27T15:08:06.716-0500] {processor.py:186} INFO - Started process (PID=1793741) to work on /home/udhbhav/miniconda3/lib/python3.11/site-packages/airflow/example_dags/example_sensor_decorator.py
[2025-03-27T15:08:06.717-0500] {processor.py:914} INFO - Processing file /home/udhbhav/miniconda3/lib/python3.11/site-packages/airflow/example_dags/example_sensor_decorator.py for tasks to queue
[2025-03-27T15:08:06.718-0500] {logging_mixin.py:190} INFO - [2025-03-27T15:08:06.718-0500] {dagbag.py:588} INFO - Filling up the DagBag from /home/udhbhav/miniconda3/lib/python3.11/site-packages/airflow/example_dags/example_sensor_decorator.py
[2025-03-27T15:08:06.722-0500] {processor.py:925} INFO - DAG(s) 'example_sensor_decorator' retrieved from /home/udhbhav/miniconda3/lib/python3.11/site-packages/airflow/example_dags/example_sensor_decorator.py
[2025-03-27T15:08:06.729-0500] {logging_mixin.py:190} INFO - [2025-03-27T15:08:06.729-0500] {dag.py:3239} INFO - Sync 1 DAGs
[2025-03-27T15:08:06.734-0500] {logging_mixin.py:190} INFO - [2025-03-27T15:08:06.734-0500] {dag.py:4180} INFO - Setting next_dagrun for example_sensor_decorator to None, run_after=None
[2025-03-27T15:08:06.925-0500] {processor.py:208} INFO - Processing /home/udhbhav/miniconda3/lib/python3.11/site-packages/airflow/example_dags/example_sensor_decorator.py took 0.211 seconds
[2025-03-27T15:09:08.991-0500] {processor.py:186} INFO - Started process (PID=1794337) to work on /home/udhbhav/miniconda3/lib/python3.11/site-packages/airflow/example_dags/example_sensor_decorator.py
[2025-03-27T15:09:08.991-0500] {processor.py:914} INFO - Processing file /home/udhbhav/miniconda3/lib/python3.11/site-packages/airflow/example_dags/example_sensor_decorator.py for tasks to queue
[2025-03-27T15:09:08.992-0500] {logging_mixin.py:190} INFO - [2025-03-27T15:09:08.992-0500] {dagbag.py:588} INFO - Filling up the DagBag from /home/udhbhav/miniconda3/lib/python3.11/site-packages/airflow/example_dags/example_sensor_decorator.py
[2025-03-27T15:09:08.996-0500] {processor.py:925} INFO - DAG(s) 'example_sensor_decorator' retrieved from /home/udhbhav/miniconda3/lib/python3.11/site-packages/airflow/example_dags/example_sensor_decorator.py
[2025-03-27T15:09:09.004-0500] {logging_mixin.py:190} INFO - [2025-03-27T15:09:09.004-0500] {dag.py:3239} INFO - Sync 1 DAGs
[2025-03-27T15:09:09.009-0500] {logging_mixin.py:190} INFO - [2025-03-27T15:09:09.009-0500] {dag.py:4180} INFO - Setting next_dagrun for example_sensor_decorator to None, run_after=None
[2025-03-27T15:09:09.198-0500] {processor.py:208} INFO - Processing /home/udhbhav/miniconda3/lib/python3.11/site-packages/airflow/example_dags/example_sensor_decorator.py took 0.211 seconds
[2025-03-27T15:10:26.426-0500] {processor.py:186} INFO - Started process (PID=1795058) to work on /home/udhbhav/miniconda3/lib/python3.11/site-packages/airflow/example_dags/example_sensor_decorator.py
[2025-03-27T15:10:26.426-0500] {processor.py:914} INFO - Processing file /home/udhbhav/miniconda3/lib/python3.11/site-packages/airflow/example_dags/example_sensor_decorator.py for tasks to queue
[2025-03-27T15:10:26.427-0500] {logging_mixin.py:190} INFO - [2025-03-27T15:10:26.427-0500] {dagbag.py:588} INFO - Filling up the DagBag from /home/udhbhav/miniconda3/lib/python3.11/site-packages/airflow/example_dags/example_sensor_decorator.py
[2025-03-27T15:10:26.431-0500] {processor.py:925} INFO - DAG(s) 'example_sensor_decorator' retrieved from /home/udhbhav/miniconda3/lib/python3.11/site-packages/airflow/example_dags/example_sensor_decorator.py
[2025-03-27T15:10:26.438-0500] {logging_mixin.py:190} INFO - [2025-03-27T15:10:26.438-0500] {dag.py:3239} INFO - Sync 1 DAGs
[2025-03-27T15:10:26.443-0500] {logging_mixin.py:190} INFO - [2025-03-27T15:10:26.443-0500] {dag.py:4180} INFO - Setting next_dagrun for example_sensor_decorator to None, run_after=None
[2025-03-27T15:10:26.551-0500] {processor.py:208} INFO - Processing /home/udhbhav/miniconda3/lib/python3.11/site-packages/airflow/example_dags/example_sensor_decorator.py took 0.128 seconds
[2025-03-27T15:11:32.066-0500] {processor.py:186} INFO - Started process (PID=1796449) to work on /home/udhbhav/miniconda3/lib/python3.11/site-packages/airflow/example_dags/example_sensor_decorator.py
[2025-03-27T15:11:32.067-0500] {processor.py:914} INFO - Processing file /home/udhbhav/miniconda3/lib/python3.11/site-packages/airflow/example_dags/example_sensor_decorator.py for tasks to queue
[2025-03-27T15:11:32.068-0500] {logging_mixin.py:190} INFO - [2025-03-27T15:11:32.067-0500] {dagbag.py:588} INFO - Filling up the DagBag from /home/udhbhav/miniconda3/lib/python3.11/site-packages/airflow/example_dags/example_sensor_decorator.py
[2025-03-27T15:11:32.072-0500] {processor.py:925} INFO - DAG(s) 'example_sensor_decorator' retrieved from /home/udhbhav/miniconda3/lib/python3.11/site-packages/airflow/example_dags/example_sensor_decorator.py
[2025-03-27T15:11:32.079-0500] {logging_mixin.py:190} INFO - [2025-03-27T15:11:32.079-0500] {dag.py:3239} INFO - Sync 1 DAGs
[2025-03-27T15:11:32.085-0500] {logging_mixin.py:190} INFO - [2025-03-27T15:11:32.085-0500] {dag.py:4180} INFO - Setting next_dagrun for example_sensor_decorator to None, run_after=None
[2025-03-27T15:11:32.185-0500] {processor.py:208} INFO - Processing /home/udhbhav/miniconda3/lib/python3.11/site-packages/airflow/example_dags/example_sensor_decorator.py took 0.122 seconds
[2025-03-27T15:12:42.841-0500] {processor.py:186} INFO - Started process (PID=1798092) to work on /home/udhbhav/miniconda3/lib/python3.11/site-packages/airflow/example_dags/example_sensor_decorator.py
[2025-03-27T15:12:42.841-0500] {processor.py:914} INFO - Processing file /home/udhbhav/miniconda3/lib/python3.11/site-packages/airflow/example_dags/example_sensor_decorator.py for tasks to queue
[2025-03-27T15:12:42.842-0500] {logging_mixin.py:190} INFO - [2025-03-27T15:12:42.842-0500] {dagbag.py:588} INFO - Filling up the DagBag from /home/udhbhav/miniconda3/lib/python3.11/site-packages/airflow/example_dags/example_sensor_decorator.py
[2025-03-27T15:12:42.846-0500] {processor.py:925} INFO - DAG(s) 'example_sensor_decorator' retrieved from /home/udhbhav/miniconda3/lib/python3.11/site-packages/airflow/example_dags/example_sensor_decorator.py
[2025-03-27T15:12:42.853-0500] {logging_mixin.py:190} INFO - [2025-03-27T15:12:42.853-0500] {dag.py:3239} INFO - Sync 1 DAGs
[2025-03-27T15:12:42.859-0500] {logging_mixin.py:190} INFO - [2025-03-27T15:12:42.858-0500] {dag.py:4180} INFO - Setting next_dagrun for example_sensor_decorator to None, run_after=None
[2025-03-27T15:12:43.132-0500] {processor.py:208} INFO - Processing /home/udhbhav/miniconda3/lib/python3.11/site-packages/airflow/example_dags/example_sensor_decorator.py took 0.294 seconds
[2025-03-27T15:14:01.326-0500] {processor.py:186} INFO - Started process (PID=1798845) to work on /home/udhbhav/miniconda3/lib/python3.11/site-packages/airflow/example_dags/example_sensor_decorator.py
[2025-03-27T15:14:01.326-0500] {processor.py:914} INFO - Processing file /home/udhbhav/miniconda3/lib/python3.11/site-packages/airflow/example_dags/example_sensor_decorator.py for tasks to queue
[2025-03-27T15:14:01.327-0500] {logging_mixin.py:190} INFO - [2025-03-27T15:14:01.327-0500] {dagbag.py:588} INFO - Filling up the DagBag from /home/udhbhav/miniconda3/lib/python3.11/site-packages/airflow/example_dags/example_sensor_decorator.py
[2025-03-27T15:14:01.331-0500] {processor.py:925} INFO - DAG(s) 'example_sensor_decorator' retrieved from /home/udhbhav/miniconda3/lib/python3.11/site-packages/airflow/example_dags/example_sensor_decorator.py
[2025-03-27T15:14:01.338-0500] {logging_mixin.py:190} INFO - [2025-03-27T15:14:01.338-0500] {dag.py:3239} INFO - Sync 1 DAGs
[2025-03-27T15:14:01.344-0500] {logging_mixin.py:190} INFO - [2025-03-27T15:14:01.344-0500] {dag.py:4180} INFO - Setting next_dagrun for example_sensor_decorator to None, run_after=None
[2025-03-27T15:14:01.522-0500] {processor.py:208} INFO - Processing /home/udhbhav/miniconda3/lib/python3.11/site-packages/airflow/example_dags/example_sensor_decorator.py took 0.199 seconds
[2025-03-27T15:15:19.495-0500] {processor.py:186} INFO - Started process (PID=1799582) to work on /home/udhbhav/miniconda3/lib/python3.11/site-packages/airflow/example_dags/example_sensor_decorator.py
[2025-03-27T15:15:19.496-0500] {processor.py:914} INFO - Processing file /home/udhbhav/miniconda3/lib/python3.11/site-packages/airflow/example_dags/example_sensor_decorator.py for tasks to queue
[2025-03-27T15:15:19.497-0500] {logging_mixin.py:190} INFO - [2025-03-27T15:15:19.496-0500] {dagbag.py:588} INFO - Filling up the DagBag from /home/udhbhav/miniconda3/lib/python3.11/site-packages/airflow/example_dags/example_sensor_decorator.py
[2025-03-27T15:15:19.501-0500] {processor.py:925} INFO - DAG(s) 'example_sensor_decorator' retrieved from /home/udhbhav/miniconda3/lib/python3.11/site-packages/airflow/example_dags/example_sensor_decorator.py
[2025-03-27T15:15:19.508-0500] {logging_mixin.py:190} INFO - [2025-03-27T15:15:19.508-0500] {dag.py:3239} INFO - Sync 1 DAGs
[2025-03-27T15:15:19.513-0500] {logging_mixin.py:190} INFO - [2025-03-27T15:15:19.513-0500] {dag.py:4180} INFO - Setting next_dagrun for example_sensor_decorator to None, run_after=None
[2025-03-27T15:15:19.660-0500] {processor.py:208} INFO - Processing /home/udhbhav/miniconda3/lib/python3.11/site-packages/airflow/example_dags/example_sensor_decorator.py took 0.167 seconds
[2025-03-27T15:16:42.235-0500] {processor.py:186} INFO - Started process (PID=1800439) to work on /home/udhbhav/miniconda3/lib/python3.11/site-packages/airflow/example_dags/example_sensor_decorator.py
[2025-03-27T15:16:42.236-0500] {processor.py:914} INFO - Processing file /home/udhbhav/miniconda3/lib/python3.11/site-packages/airflow/example_dags/example_sensor_decorator.py for tasks to queue
[2025-03-27T15:16:42.237-0500] {logging_mixin.py:190} INFO - [2025-03-27T15:16:42.237-0500] {dagbag.py:588} INFO - Filling up the DagBag from /home/udhbhav/miniconda3/lib/python3.11/site-packages/airflow/example_dags/example_sensor_decorator.py
[2025-03-27T15:16:42.241-0500] {processor.py:925} INFO - DAG(s) 'example_sensor_decorator' retrieved from /home/udhbhav/miniconda3/lib/python3.11/site-packages/airflow/example_dags/example_sensor_decorator.py
[2025-03-27T15:16:42.248-0500] {logging_mixin.py:190} INFO - [2025-03-27T15:16:42.248-0500] {dag.py:3239} INFO - Sync 1 DAGs
[2025-03-27T15:16:42.253-0500] {logging_mixin.py:190} INFO - [2025-03-27T15:16:42.253-0500] {dag.py:4180} INFO - Setting next_dagrun for example_sensor_decorator to None, run_after=None
[2025-03-27T15:16:42.358-0500] {processor.py:208} INFO - Processing /home/udhbhav/miniconda3/lib/python3.11/site-packages/airflow/example_dags/example_sensor_decorator.py took 0.126 seconds
[2025-03-27T15:17:51.083-0500] {processor.py:186} INFO - Started process (PID=1801155) to work on /home/udhbhav/miniconda3/lib/python3.11/site-packages/airflow/example_dags/example_sensor_decorator.py
[2025-03-27T15:17:51.084-0500] {processor.py:914} INFO - Processing file /home/udhbhav/miniconda3/lib/python3.11/site-packages/airflow/example_dags/example_sensor_decorator.py for tasks to queue
[2025-03-27T15:17:51.085-0500] {logging_mixin.py:190} INFO - [2025-03-27T15:17:51.085-0500] {dagbag.py:588} INFO - Filling up the DagBag from /home/udhbhav/miniconda3/lib/python3.11/site-packages/airflow/example_dags/example_sensor_decorator.py
[2025-03-27T15:17:51.089-0500] {processor.py:925} INFO - DAG(s) 'example_sensor_decorator' retrieved from /home/udhbhav/miniconda3/lib/python3.11/site-packages/airflow/example_dags/example_sensor_decorator.py
[2025-03-27T15:17:51.096-0500] {logging_mixin.py:190} INFO - [2025-03-27T15:17:51.096-0500] {dag.py:3239} INFO - Sync 1 DAGs
[2025-03-27T15:17:51.101-0500] {logging_mixin.py:190} INFO - [2025-03-27T15:17:51.101-0500] {dag.py:4180} INFO - Setting next_dagrun for example_sensor_decorator to None, run_after=None
[2025-03-27T15:17:51.223-0500] {processor.py:208} INFO - Processing /home/udhbhav/miniconda3/lib/python3.11/site-packages/airflow/example_dags/example_sensor_decorator.py took 0.142 seconds
[2025-03-27T15:18:57.526-0500] {processor.py:186} INFO - Started process (PID=1801766) to work on /home/udhbhav/miniconda3/lib/python3.11/site-packages/airflow/example_dags/example_sensor_decorator.py
[2025-03-27T15:18:57.527-0500] {processor.py:914} INFO - Processing file /home/udhbhav/miniconda3/lib/python3.11/site-packages/airflow/example_dags/example_sensor_decorator.py for tasks to queue
[2025-03-27T15:18:57.528-0500] {logging_mixin.py:190} INFO - [2025-03-27T15:18:57.528-0500] {dagbag.py:588} INFO - Filling up the DagBag from /home/udhbhav/miniconda3/lib/python3.11/site-packages/airflow/example_dags/example_sensor_decorator.py
[2025-03-27T15:18:57.532-0500] {processor.py:925} INFO - DAG(s) 'example_sensor_decorator' retrieved from /home/udhbhav/miniconda3/lib/python3.11/site-packages/airflow/example_dags/example_sensor_decorator.py
[2025-03-27T15:18:57.539-0500] {logging_mixin.py:190} INFO - [2025-03-27T15:18:57.539-0500] {dag.py:3239} INFO - Sync 1 DAGs
[2025-03-27T15:18:57.544-0500] {logging_mixin.py:190} INFO - [2025-03-27T15:18:57.544-0500] {dag.py:4180} INFO - Setting next_dagrun for example_sensor_decorator to None, run_after=None
[2025-03-27T15:18:57.652-0500] {processor.py:208} INFO - Processing /home/udhbhav/miniconda3/lib/python3.11/site-packages/airflow/example_dags/example_sensor_decorator.py took 0.129 seconds
[2025-03-27T15:20:09.143-0500] {processor.py:186} INFO - Started process (PID=1802448) to work on /home/udhbhav/miniconda3/lib/python3.11/site-packages/airflow/example_dags/example_sensor_decorator.py
[2025-03-27T15:20:09.143-0500] {processor.py:914} INFO - Processing file /home/udhbhav/miniconda3/lib/python3.11/site-packages/airflow/example_dags/example_sensor_decorator.py for tasks to queue
[2025-03-27T15:20:09.144-0500] {logging_mixin.py:190} INFO - [2025-03-27T15:20:09.144-0500] {dagbag.py:588} INFO - Filling up the DagBag from /home/udhbhav/miniconda3/lib/python3.11/site-packages/airflow/example_dags/example_sensor_decorator.py
[2025-03-27T15:20:09.148-0500] {processor.py:925} INFO - DAG(s) 'example_sensor_decorator' retrieved from /home/udhbhav/miniconda3/lib/python3.11/site-packages/airflow/example_dags/example_sensor_decorator.py
[2025-03-27T15:20:09.155-0500] {logging_mixin.py:190} INFO - [2025-03-27T15:20:09.155-0500] {dag.py:3239} INFO - Sync 1 DAGs
[2025-03-27T15:20:09.160-0500] {logging_mixin.py:190} INFO - [2025-03-27T15:20:09.160-0500] {dag.py:4180} INFO - Setting next_dagrun for example_sensor_decorator to None, run_after=None
[2025-03-27T15:20:09.266-0500] {processor.py:208} INFO - Processing /home/udhbhav/miniconda3/lib/python3.11/site-packages/airflow/example_dags/example_sensor_decorator.py took 0.126 seconds
[2025-03-27T15:21:15.178-0500] {processor.py:186} INFO - Started process (PID=1807654) to work on /home/udhbhav/miniconda3/lib/python3.11/site-packages/airflow/example_dags/example_sensor_decorator.py
[2025-03-27T15:21:15.178-0500] {processor.py:914} INFO - Processing file /home/udhbhav/miniconda3/lib/python3.11/site-packages/airflow/example_dags/example_sensor_decorator.py for tasks to queue
[2025-03-27T15:21:15.179-0500] {logging_mixin.py:190} INFO - [2025-03-27T15:21:15.179-0500] {dagbag.py:588} INFO - Filling up the DagBag from /home/udhbhav/miniconda3/lib/python3.11/site-packages/airflow/example_dags/example_sensor_decorator.py
[2025-03-27T15:21:15.184-0500] {processor.py:925} INFO - DAG(s) 'example_sensor_decorator' retrieved from /home/udhbhav/miniconda3/lib/python3.11/site-packages/airflow/example_dags/example_sensor_decorator.py
[2025-03-27T15:21:15.192-0500] {logging_mixin.py:190} INFO - [2025-03-27T15:21:15.192-0500] {dag.py:3239} INFO - Sync 1 DAGs
[2025-03-27T15:21:15.199-0500] {logging_mixin.py:190} INFO - [2025-03-27T15:21:15.199-0500] {dag.py:4180} INFO - Setting next_dagrun for example_sensor_decorator to None, run_after=None
[2025-03-27T15:21:15.295-0500] {processor.py:208} INFO - Processing /home/udhbhav/miniconda3/lib/python3.11/site-packages/airflow/example_dags/example_sensor_decorator.py took 0.121 seconds
[2025-03-27T15:22:29.520-0500] {processor.py:186} INFO - Started process (PID=1808673) to work on /home/udhbhav/miniconda3/lib/python3.11/site-packages/airflow/example_dags/example_sensor_decorator.py
[2025-03-27T15:22:29.520-0500] {processor.py:914} INFO - Processing file /home/udhbhav/miniconda3/lib/python3.11/site-packages/airflow/example_dags/example_sensor_decorator.py for tasks to queue
[2025-03-27T15:22:29.521-0500] {logging_mixin.py:190} INFO - [2025-03-27T15:22:29.521-0500] {dagbag.py:588} INFO - Filling up the DagBag from /home/udhbhav/miniconda3/lib/python3.11/site-packages/airflow/example_dags/example_sensor_decorator.py
[2025-03-27T15:22:29.525-0500] {processor.py:925} INFO - DAG(s) 'example_sensor_decorator' retrieved from /home/udhbhav/miniconda3/lib/python3.11/site-packages/airflow/example_dags/example_sensor_decorator.py
[2025-03-27T15:22:29.532-0500] {logging_mixin.py:190} INFO - [2025-03-27T15:22:29.532-0500] {dag.py:3239} INFO - Sync 1 DAGs
[2025-03-27T15:22:29.537-0500] {logging_mixin.py:190} INFO - [2025-03-27T15:22:29.537-0500] {dag.py:4180} INFO - Setting next_dagrun for example_sensor_decorator to None, run_after=None
[2025-03-27T15:22:29.734-0500] {processor.py:208} INFO - Processing /home/udhbhav/miniconda3/lib/python3.11/site-packages/airflow/example_dags/example_sensor_decorator.py took 0.217 seconds
[2025-03-27T15:23:45.034-0500] {processor.py:186} INFO - Started process (PID=1809513) to work on /home/udhbhav/miniconda3/lib/python3.11/site-packages/airflow/example_dags/example_sensor_decorator.py
[2025-03-27T15:23:45.035-0500] {processor.py:914} INFO - Processing file /home/udhbhav/miniconda3/lib/python3.11/site-packages/airflow/example_dags/example_sensor_decorator.py for tasks to queue
[2025-03-27T15:23:45.036-0500] {logging_mixin.py:190} INFO - [2025-03-27T15:23:45.035-0500] {dagbag.py:588} INFO - Filling up the DagBag from /home/udhbhav/miniconda3/lib/python3.11/site-packages/airflow/example_dags/example_sensor_decorator.py
[2025-03-27T15:23:45.040-0500] {processor.py:925} INFO - DAG(s) 'example_sensor_decorator' retrieved from /home/udhbhav/miniconda3/lib/python3.11/site-packages/airflow/example_dags/example_sensor_decorator.py
[2025-03-27T15:23:45.047-0500] {logging_mixin.py:190} INFO - [2025-03-27T15:23:45.047-0500] {dag.py:3239} INFO - Sync 1 DAGs
[2025-03-27T15:23:45.052-0500] {logging_mixin.py:190} INFO - [2025-03-27T15:23:45.052-0500] {dag.py:4180} INFO - Setting next_dagrun for example_sensor_decorator to None, run_after=None
[2025-03-27T15:23:45.211-0500] {processor.py:208} INFO - Processing /home/udhbhav/miniconda3/lib/python3.11/site-packages/airflow/example_dags/example_sensor_decorator.py took 0.180 seconds
[2025-03-27T15:24:53.575-0500] {processor.py:186} INFO - Started process (PID=1810273) to work on /home/udhbhav/miniconda3/lib/python3.11/site-packages/airflow/example_dags/example_sensor_decorator.py
[2025-03-27T15:24:53.576-0500] {processor.py:914} INFO - Processing file /home/udhbhav/miniconda3/lib/python3.11/site-packages/airflow/example_dags/example_sensor_decorator.py for tasks to queue
[2025-03-27T15:24:53.577-0500] {logging_mixin.py:190} INFO - [2025-03-27T15:24:53.576-0500] {dagbag.py:588} INFO - Filling up the DagBag from /home/udhbhav/miniconda3/lib/python3.11/site-packages/airflow/example_dags/example_sensor_decorator.py
[2025-03-27T15:24:53.581-0500] {processor.py:925} INFO - DAG(s) 'example_sensor_decorator' retrieved from /home/udhbhav/miniconda3/lib/python3.11/site-packages/airflow/example_dags/example_sensor_decorator.py
[2025-03-27T15:24:53.588-0500] {logging_mixin.py:190} INFO - [2025-03-27T15:24:53.588-0500] {dag.py:3239} INFO - Sync 1 DAGs
[2025-03-27T15:24:53.593-0500] {logging_mixin.py:190} INFO - [2025-03-27T15:24:53.593-0500] {dag.py:4180} INFO - Setting next_dagrun for example_sensor_decorator to None, run_after=None
[2025-03-27T15:24:53.758-0500] {processor.py:208} INFO - Processing /home/udhbhav/miniconda3/lib/python3.11/site-packages/airflow/example_dags/example_sensor_decorator.py took 0.186 seconds
[2025-03-27T15:26:31.610-0500] {processor.py:186} INFO - Started process (PID=1811153) to work on /home/udhbhav/miniconda3/lib/python3.11/site-packages/airflow/example_dags/example_sensor_decorator.py
[2025-03-27T15:26:31.610-0500] {processor.py:914} INFO - Processing file /home/udhbhav/miniconda3/lib/python3.11/site-packages/airflow/example_dags/example_sensor_decorator.py for tasks to queue
[2025-03-27T15:26:31.611-0500] {logging_mixin.py:190} INFO - [2025-03-27T15:26:31.611-0500] {dagbag.py:588} INFO - Filling up the DagBag from /home/udhbhav/miniconda3/lib/python3.11/site-packages/airflow/example_dags/example_sensor_decorator.py
[2025-03-27T15:26:31.615-0500] {processor.py:925} INFO - DAG(s) 'example_sensor_decorator' retrieved from /home/udhbhav/miniconda3/lib/python3.11/site-packages/airflow/example_dags/example_sensor_decorator.py
[2025-03-27T15:26:31.622-0500] {logging_mixin.py:190} INFO - [2025-03-27T15:26:31.622-0500] {dag.py:3239} INFO - Sync 1 DAGs
[2025-03-27T15:26:31.628-0500] {logging_mixin.py:190} INFO - [2025-03-27T15:26:31.628-0500] {dag.py:4180} INFO - Setting next_dagrun for example_sensor_decorator to None, run_after=None
[2025-03-27T15:26:31.801-0500] {processor.py:208} INFO - Processing /home/udhbhav/miniconda3/lib/python3.11/site-packages/airflow/example_dags/example_sensor_decorator.py took 0.194 seconds
[2025-03-27T15:27:45.300-0500] {processor.py:186} INFO - Started process (PID=1811952) to work on /home/udhbhav/miniconda3/lib/python3.11/site-packages/airflow/example_dags/example_sensor_decorator.py
[2025-03-27T15:27:45.300-0500] {processor.py:914} INFO - Processing file /home/udhbhav/miniconda3/lib/python3.11/site-packages/airflow/example_dags/example_sensor_decorator.py for tasks to queue
[2025-03-27T15:27:45.301-0500] {logging_mixin.py:190} INFO - [2025-03-27T15:27:45.301-0500] {dagbag.py:588} INFO - Filling up the DagBag from /home/udhbhav/miniconda3/lib/python3.11/site-packages/airflow/example_dags/example_sensor_decorator.py
[2025-03-27T15:27:45.306-0500] {processor.py:925} INFO - DAG(s) 'example_sensor_decorator' retrieved from /home/udhbhav/miniconda3/lib/python3.11/site-packages/airflow/example_dags/example_sensor_decorator.py
[2025-03-27T15:27:45.313-0500] {logging_mixin.py:190} INFO - [2025-03-27T15:27:45.313-0500] {dag.py:3239} INFO - Sync 1 DAGs
[2025-03-27T15:27:45.318-0500] {logging_mixin.py:190} INFO - [2025-03-27T15:27:45.318-0500] {dag.py:4180} INFO - Setting next_dagrun for example_sensor_decorator to None, run_after=None
[2025-03-27T15:27:45.425-0500] {processor.py:208} INFO - Processing /home/udhbhav/miniconda3/lib/python3.11/site-packages/airflow/example_dags/example_sensor_decorator.py took 0.129 seconds
[2025-03-27T15:29:24.930-0500] {processor.py:186} INFO - Started process (PID=1812798) to work on /home/udhbhav/miniconda3/lib/python3.11/site-packages/airflow/example_dags/example_sensor_decorator.py
[2025-03-27T15:29:24.931-0500] {processor.py:914} INFO - Processing file /home/udhbhav/miniconda3/lib/python3.11/site-packages/airflow/example_dags/example_sensor_decorator.py for tasks to queue
[2025-03-27T15:29:24.932-0500] {logging_mixin.py:190} INFO - [2025-03-27T15:29:24.931-0500] {dagbag.py:588} INFO - Filling up the DagBag from /home/udhbhav/miniconda3/lib/python3.11/site-packages/airflow/example_dags/example_sensor_decorator.py
[2025-03-27T15:29:24.936-0500] {processor.py:925} INFO - DAG(s) 'example_sensor_decorator' retrieved from /home/udhbhav/miniconda3/lib/python3.11/site-packages/airflow/example_dags/example_sensor_decorator.py
[2025-03-27T15:29:24.943-0500] {logging_mixin.py:190} INFO - [2025-03-27T15:29:24.943-0500] {dag.py:3239} INFO - Sync 1 DAGs
[2025-03-27T15:29:24.948-0500] {logging_mixin.py:190} INFO - [2025-03-27T15:29:24.948-0500] {dag.py:4180} INFO - Setting next_dagrun for example_sensor_decorator to None, run_after=None
[2025-03-27T15:29:25.724-0500] {processor.py:208} INFO - Processing /home/udhbhav/miniconda3/lib/python3.11/site-packages/airflow/example_dags/example_sensor_decorator.py took 0.797 seconds
[2025-03-27T15:31:16.945-0500] {processor.py:186} INFO - Started process (PID=1813817) to work on /home/udhbhav/miniconda3/lib/python3.11/site-packages/airflow/example_dags/example_sensor_decorator.py
[2025-03-27T15:31:16.945-0500] {processor.py:914} INFO - Processing file /home/udhbhav/miniconda3/lib/python3.11/site-packages/airflow/example_dags/example_sensor_decorator.py for tasks to queue
[2025-03-27T15:31:16.946-0500] {logging_mixin.py:190} INFO - [2025-03-27T15:31:16.946-0500] {dagbag.py:588} INFO - Filling up the DagBag from /home/udhbhav/miniconda3/lib/python3.11/site-packages/airflow/example_dags/example_sensor_decorator.py
[2025-03-27T15:31:16.951-0500] {processor.py:925} INFO - DAG(s) 'example_sensor_decorator' retrieved from /home/udhbhav/miniconda3/lib/python3.11/site-packages/airflow/example_dags/example_sensor_decorator.py
[2025-03-27T15:31:16.958-0500] {logging_mixin.py:190} INFO - [2025-03-27T15:31:16.957-0500] {dag.py:3239} INFO - Sync 1 DAGs
[2025-03-27T15:31:16.963-0500] {logging_mixin.py:190} INFO - [2025-03-27T15:31:16.963-0500] {dag.py:4180} INFO - Setting next_dagrun for example_sensor_decorator to None, run_after=None
[2025-03-27T15:31:17.997-0500] {processor.py:208} INFO - Processing /home/udhbhav/miniconda3/lib/python3.11/site-packages/airflow/example_dags/example_sensor_decorator.py took 1.055 seconds
[2025-03-27T15:32:44.569-0500] {processor.py:186} INFO - Started process (PID=1814740) to work on /home/udhbhav/miniconda3/lib/python3.11/site-packages/airflow/example_dags/example_sensor_decorator.py
[2025-03-27T15:32:44.569-0500] {processor.py:914} INFO - Processing file /home/udhbhav/miniconda3/lib/python3.11/site-packages/airflow/example_dags/example_sensor_decorator.py for tasks to queue
[2025-03-27T15:32:44.570-0500] {logging_mixin.py:190} INFO - [2025-03-27T15:32:44.570-0500] {dagbag.py:588} INFO - Filling up the DagBag from /home/udhbhav/miniconda3/lib/python3.11/site-packages/airflow/example_dags/example_sensor_decorator.py
[2025-03-27T15:32:44.574-0500] {processor.py:925} INFO - DAG(s) 'example_sensor_decorator' retrieved from /home/udhbhav/miniconda3/lib/python3.11/site-packages/airflow/example_dags/example_sensor_decorator.py
[2025-03-27T15:32:44.581-0500] {logging_mixin.py:190} INFO - [2025-03-27T15:32:44.581-0500] {dag.py:3239} INFO - Sync 1 DAGs
[2025-03-27T15:32:44.587-0500] {logging_mixin.py:190} INFO - [2025-03-27T15:32:44.586-0500] {dag.py:4180} INFO - Setting next_dagrun for example_sensor_decorator to None, run_after=None
[2025-03-27T15:32:44.694-0500] {processor.py:208} INFO - Processing /home/udhbhav/miniconda3/lib/python3.11/site-packages/airflow/example_dags/example_sensor_decorator.py took 0.129 seconds
[2025-03-27T15:33:54.553-0500] {processor.py:186} INFO - Started process (PID=1815425) to work on /home/udhbhav/miniconda3/lib/python3.11/site-packages/airflow/example_dags/example_sensor_decorator.py
[2025-03-27T15:33:54.554-0500] {processor.py:914} INFO - Processing file /home/udhbhav/miniconda3/lib/python3.11/site-packages/airflow/example_dags/example_sensor_decorator.py for tasks to queue
[2025-03-27T15:33:54.555-0500] {logging_mixin.py:190} INFO - [2025-03-27T15:33:54.554-0500] {dagbag.py:588} INFO - Filling up the DagBag from /home/udhbhav/miniconda3/lib/python3.11/site-packages/airflow/example_dags/example_sensor_decorator.py
[2025-03-27T15:33:54.559-0500] {processor.py:925} INFO - DAG(s) 'example_sensor_decorator' retrieved from /home/udhbhav/miniconda3/lib/python3.11/site-packages/airflow/example_dags/example_sensor_decorator.py
[2025-03-27T15:33:54.566-0500] {logging_mixin.py:190} INFO - [2025-03-27T15:33:54.566-0500] {dag.py:3239} INFO - Sync 1 DAGs
[2025-03-27T15:33:54.571-0500] {logging_mixin.py:190} INFO - [2025-03-27T15:33:54.571-0500] {dag.py:4180} INFO - Setting next_dagrun for example_sensor_decorator to None, run_after=None
[2025-03-27T15:33:54.679-0500] {processor.py:208} INFO - Processing /home/udhbhav/miniconda3/lib/python3.11/site-packages/airflow/example_dags/example_sensor_decorator.py took 0.129 seconds
[2025-03-27T15:34:57.229-0500] {processor.py:186} INFO - Started process (PID=1816056) to work on /home/udhbhav/miniconda3/lib/python3.11/site-packages/airflow/example_dags/example_sensor_decorator.py
[2025-03-27T15:34:57.230-0500] {processor.py:914} INFO - Processing file /home/udhbhav/miniconda3/lib/python3.11/site-packages/airflow/example_dags/example_sensor_decorator.py for tasks to queue
[2025-03-27T15:34:57.231-0500] {logging_mixin.py:190} INFO - [2025-03-27T15:34:57.230-0500] {dagbag.py:588} INFO - Filling up the DagBag from /home/udhbhav/miniconda3/lib/python3.11/site-packages/airflow/example_dags/example_sensor_decorator.py
[2025-03-27T15:34:57.235-0500] {processor.py:925} INFO - DAG(s) 'example_sensor_decorator' retrieved from /home/udhbhav/miniconda3/lib/python3.11/site-packages/airflow/example_dags/example_sensor_decorator.py
[2025-03-27T15:34:57.242-0500] {logging_mixin.py:190} INFO - [2025-03-27T15:34:57.242-0500] {dag.py:3239} INFO - Sync 1 DAGs
[2025-03-27T15:34:57.247-0500] {logging_mixin.py:190} INFO - [2025-03-27T15:34:57.247-0500] {dag.py:4180} INFO - Setting next_dagrun for example_sensor_decorator to None, run_after=None
[2025-03-27T15:34:57.354-0500] {processor.py:208} INFO - Processing /home/udhbhav/miniconda3/lib/python3.11/site-packages/airflow/example_dags/example_sensor_decorator.py took 0.128 seconds
[2025-03-27T15:36:20.658-0500] {processor.py:186} INFO - Started process (PID=1816786) to work on /home/udhbhav/miniconda3/lib/python3.11/site-packages/airflow/example_dags/example_sensor_decorator.py
[2025-03-27T15:36:20.659-0500] {processor.py:914} INFO - Processing file /home/udhbhav/miniconda3/lib/python3.11/site-packages/airflow/example_dags/example_sensor_decorator.py for tasks to queue
[2025-03-27T15:36:20.660-0500] {logging_mixin.py:190} INFO - [2025-03-27T15:36:20.660-0500] {dagbag.py:588} INFO - Filling up the DagBag from /home/udhbhav/miniconda3/lib/python3.11/site-packages/airflow/example_dags/example_sensor_decorator.py
[2025-03-27T15:36:20.664-0500] {processor.py:925} INFO - DAG(s) 'example_sensor_decorator' retrieved from /home/udhbhav/miniconda3/lib/python3.11/site-packages/airflow/example_dags/example_sensor_decorator.py
[2025-03-27T15:36:20.671-0500] {logging_mixin.py:190} INFO - [2025-03-27T15:36:20.671-0500] {dag.py:3239} INFO - Sync 1 DAGs
[2025-03-27T15:36:20.677-0500] {logging_mixin.py:190} INFO - [2025-03-27T15:36:20.676-0500] {dag.py:4180} INFO - Setting next_dagrun for example_sensor_decorator to None, run_after=None
[2025-03-27T15:36:21.512-0500] {processor.py:208} INFO - Processing /home/udhbhav/miniconda3/lib/python3.11/site-packages/airflow/example_dags/example_sensor_decorator.py took 0.857 seconds
