[2025-03-27T14:27:33.782-0500] {processor.py:186} INFO - Started process (PID=1763820) to work on /home/udhbhav/miniconda3/lib/python3.11/site-packages/airflow/example_dags/tutorial_dag.py
[2025-03-27T14:27:33.783-0500] {processor.py:914} INFO - Processing file /home/udhbhav/miniconda3/lib/python3.11/site-packages/airflow/example_dags/tutorial_dag.py for tasks to queue
[2025-03-27T14:27:33.784-0500] {logging_mixin.py:190} INFO - [2025-03-27T14:27:33.784-0500] {dagbag.py:588} INFO - Filling up the DagBag from /home/udhbhav/miniconda3/lib/python3.11/site-packages/airflow/example_dags/tutorial_dag.py
[2025-03-27T14:27:33.789-0500] {processor.py:925} INFO - DAG(s) 'tutorial_dag' retrieved from /home/udhbhav/miniconda3/lib/python3.11/site-packages/airflow/example_dags/tutorial_dag.py
[2025-03-27T14:27:34.076-0500] {logging_mixin.py:190} INFO - [2025-03-27T14:27:34.076-0500] {override.py:1912} INFO - Created Permission View: can read on DAG:tutorial_dag
[2025-03-27T14:27:34.210-0500] {logging_mixin.py:190} INFO - [2025-03-27T14:27:34.210-0500] {override.py:1912} INFO - Created Permission View: can edit on DAG:tutorial_dag
[2025-03-27T14:27:34.331-0500] {logging_mixin.py:190} INFO - [2025-03-27T14:27:34.331-0500] {override.py:1912} INFO - Created Permission View: can delete on DAG:tutorial_dag
[2025-03-27T14:27:34.701-0500] {logging_mixin.py:190} INFO - [2025-03-27T14:27:34.701-0500] {override.py:1912} INFO - Created Permission View: can read on DAG Run:tutorial_dag
[2025-03-27T14:27:34.863-0500] {logging_mixin.py:190} INFO - [2025-03-27T14:27:34.863-0500] {override.py:1912} INFO - Created Permission View: menu access on DAG Run:tutorial_dag
[2025-03-27T14:27:34.985-0500] {logging_mixin.py:190} INFO - [2025-03-27T14:27:34.985-0500] {override.py:1912} INFO - Created Permission View: can create on DAG Run:tutorial_dag
[2025-03-27T14:27:35.107-0500] {logging_mixin.py:190} INFO - [2025-03-27T14:27:35.107-0500] {override.py:1912} INFO - Created Permission View: can delete on DAG Run:tutorial_dag
[2025-03-27T14:27:35.107-0500] {logging_mixin.py:190} INFO - [2025-03-27T14:27:35.107-0500] {dag.py:3239} INFO - Sync 1 DAGs
[2025-03-27T14:27:35.113-0500] {logging_mixin.py:190} INFO - [2025-03-27T14:27:35.112-0500] {dag.py:3262} INFO - Creating ORM DAG for tutorial_dag
[2025-03-27T14:27:35.113-0500] {logging_mixin.py:190} INFO - [2025-03-27T14:27:35.113-0500] {dag.py:4180} INFO - Setting next_dagrun for tutorial_dag to None, run_after=None
[2025-03-27T14:27:35.250-0500] {processor.py:208} INFO - Processing /home/udhbhav/miniconda3/lib/python3.11/site-packages/airflow/example_dags/tutorial_dag.py took 1.471 seconds
[2025-03-27T14:36:06.965-0500] {processor.py:186} INFO - Started process (PID=1768789) to work on /home/udhbhav/miniconda3/lib/python3.11/site-packages/airflow/example_dags/tutorial_dag.py
[2025-03-27T14:36:06.966-0500] {processor.py:914} INFO - Processing file /home/udhbhav/miniconda3/lib/python3.11/site-packages/airflow/example_dags/tutorial_dag.py for tasks to queue
[2025-03-27T14:36:06.967-0500] {logging_mixin.py:190} INFO - [2025-03-27T14:36:06.966-0500] {dagbag.py:588} INFO - Filling up the DagBag from /home/udhbhav/miniconda3/lib/python3.11/site-packages/airflow/example_dags/tutorial_dag.py
[2025-03-27T14:36:06.970-0500] {processor.py:925} INFO - DAG(s) 'tutorial_dag' retrieved from /home/udhbhav/miniconda3/lib/python3.11/site-packages/airflow/example_dags/tutorial_dag.py
[2025-03-27T14:36:06.978-0500] {logging_mixin.py:190} INFO - [2025-03-27T14:36:06.978-0500] {dag.py:3239} INFO - Sync 1 DAGs
[2025-03-27T14:36:06.984-0500] {logging_mixin.py:190} INFO - [2025-03-27T14:36:06.984-0500] {dag.py:4180} INFO - Setting next_dagrun for tutorial_dag to None, run_after=None
[2025-03-27T14:36:07.194-0500] {processor.py:208} INFO - Processing /home/udhbhav/miniconda3/lib/python3.11/site-packages/airflow/example_dags/tutorial_dag.py took 0.232 seconds
[2025-03-27T14:37:53.644-0500] {processor.py:186} INFO - Started process (PID=1770100) to work on /home/udhbhav/miniconda3/lib/python3.11/site-packages/airflow/example_dags/tutorial_dag.py
[2025-03-27T14:37:53.644-0500] {processor.py:914} INFO - Processing file /home/udhbhav/miniconda3/lib/python3.11/site-packages/airflow/example_dags/tutorial_dag.py for tasks to queue
[2025-03-27T14:37:53.645-0500] {logging_mixin.py:190} INFO - [2025-03-27T14:37:53.645-0500] {dagbag.py:588} INFO - Filling up the DagBag from /home/udhbhav/miniconda3/lib/python3.11/site-packages/airflow/example_dags/tutorial_dag.py
[2025-03-27T14:37:53.649-0500] {processor.py:925} INFO - DAG(s) 'tutorial_dag' retrieved from /home/udhbhav/miniconda3/lib/python3.11/site-packages/airflow/example_dags/tutorial_dag.py
[2025-03-27T14:37:53.712-0500] {logging_mixin.py:190} INFO - [2025-03-27T14:37:53.712-0500] {dag.py:3239} INFO - Sync 1 DAGs
[2025-03-27T14:37:53.716-0500] {logging_mixin.py:190} INFO - [2025-03-27T14:37:53.716-0500] {dag.py:4180} INFO - Setting next_dagrun for tutorial_dag to None, run_after=None
[2025-03-27T14:37:53.846-0500] {processor.py:208} INFO - Processing /home/udhbhav/miniconda3/lib/python3.11/site-packages/airflow/example_dags/tutorial_dag.py took 0.205 seconds
[2025-03-27T14:39:10.457-0500] {processor.py:186} INFO - Started process (PID=1770969) to work on /home/udhbhav/miniconda3/lib/python3.11/site-packages/airflow/example_dags/tutorial_dag.py
[2025-03-27T14:39:10.457-0500] {processor.py:914} INFO - Processing file /home/udhbhav/miniconda3/lib/python3.11/site-packages/airflow/example_dags/tutorial_dag.py for tasks to queue
[2025-03-27T14:39:10.458-0500] {logging_mixin.py:190} INFO - [2025-03-27T14:39:10.458-0500] {dagbag.py:588} INFO - Filling up the DagBag from /home/udhbhav/miniconda3/lib/python3.11/site-packages/airflow/example_dags/tutorial_dag.py
[2025-03-27T14:39:10.462-0500] {processor.py:925} INFO - DAG(s) 'tutorial_dag' retrieved from /home/udhbhav/miniconda3/lib/python3.11/site-packages/airflow/example_dags/tutorial_dag.py
[2025-03-27T14:39:10.469-0500] {logging_mixin.py:190} INFO - [2025-03-27T14:39:10.469-0500] {dag.py:3239} INFO - Sync 1 DAGs
[2025-03-27T14:39:10.474-0500] {logging_mixin.py:190} INFO - [2025-03-27T14:39:10.474-0500] {dag.py:4180} INFO - Setting next_dagrun for tutorial_dag to None, run_after=None
[2025-03-27T14:39:11.152-0500] {processor.py:208} INFO - Processing /home/udhbhav/miniconda3/lib/python3.11/site-packages/airflow/example_dags/tutorial_dag.py took 0.699 seconds
[2025-03-27T14:40:35.542-0500] {processor.py:186} INFO - Started process (PID=1771763) to work on /home/udhbhav/miniconda3/lib/python3.11/site-packages/airflow/example_dags/tutorial_dag.py
[2025-03-27T14:40:35.542-0500] {processor.py:914} INFO - Processing file /home/udhbhav/miniconda3/lib/python3.11/site-packages/airflow/example_dags/tutorial_dag.py for tasks to queue
[2025-03-27T14:40:35.543-0500] {logging_mixin.py:190} INFO - [2025-03-27T14:40:35.543-0500] {dagbag.py:588} INFO - Filling up the DagBag from /home/udhbhav/miniconda3/lib/python3.11/site-packages/airflow/example_dags/tutorial_dag.py
[2025-03-27T14:40:35.547-0500] {processor.py:925} INFO - DAG(s) 'tutorial_dag' retrieved from /home/udhbhav/miniconda3/lib/python3.11/site-packages/airflow/example_dags/tutorial_dag.py
[2025-03-27T14:40:35.554-0500] {logging_mixin.py:190} INFO - [2025-03-27T14:40:35.554-0500] {dag.py:3239} INFO - Sync 1 DAGs
[2025-03-27T14:40:35.559-0500] {logging_mixin.py:190} INFO - [2025-03-27T14:40:35.559-0500] {dag.py:4180} INFO - Setting next_dagrun for tutorial_dag to None, run_after=None
[2025-03-27T14:40:35.690-0500] {processor.py:208} INFO - Processing /home/udhbhav/miniconda3/lib/python3.11/site-packages/airflow/example_dags/tutorial_dag.py took 0.151 seconds
[2025-03-27T14:42:05.234-0500] {processor.py:186} INFO - Started process (PID=1772978) to work on /home/udhbhav/miniconda3/lib/python3.11/site-packages/airflow/example_dags/tutorial_dag.py
[2025-03-27T14:42:05.235-0500] {processor.py:914} INFO - Processing file /home/udhbhav/miniconda3/lib/python3.11/site-packages/airflow/example_dags/tutorial_dag.py for tasks to queue
[2025-03-27T14:42:05.236-0500] {logging_mixin.py:190} INFO - [2025-03-27T14:42:05.236-0500] {dagbag.py:588} INFO - Filling up the DagBag from /home/udhbhav/miniconda3/lib/python3.11/site-packages/airflow/example_dags/tutorial_dag.py
[2025-03-27T14:42:05.240-0500] {processor.py:925} INFO - DAG(s) 'tutorial_dag' retrieved from /home/udhbhav/miniconda3/lib/python3.11/site-packages/airflow/example_dags/tutorial_dag.py
[2025-03-27T14:42:05.247-0500] {logging_mixin.py:190} INFO - [2025-03-27T14:42:05.247-0500] {dag.py:3239} INFO - Sync 1 DAGs
[2025-03-27T14:42:05.253-0500] {logging_mixin.py:190} INFO - [2025-03-27T14:42:05.252-0500] {dag.py:4180} INFO - Setting next_dagrun for tutorial_dag to None, run_after=None
[2025-03-27T14:42:05.385-0500] {processor.py:208} INFO - Processing /home/udhbhav/miniconda3/lib/python3.11/site-packages/airflow/example_dags/tutorial_dag.py took 0.153 seconds
[2025-03-27T14:43:18.336-0500] {processor.py:186} INFO - Started process (PID=1773708) to work on /home/udhbhav/miniconda3/lib/python3.11/site-packages/airflow/example_dags/tutorial_dag.py
[2025-03-27T14:43:18.337-0500] {processor.py:914} INFO - Processing file /home/udhbhav/miniconda3/lib/python3.11/site-packages/airflow/example_dags/tutorial_dag.py for tasks to queue
[2025-03-27T14:43:18.338-0500] {logging_mixin.py:190} INFO - [2025-03-27T14:43:18.338-0500] {dagbag.py:588} INFO - Filling up the DagBag from /home/udhbhav/miniconda3/lib/python3.11/site-packages/airflow/example_dags/tutorial_dag.py
[2025-03-27T14:43:18.342-0500] {processor.py:925} INFO - DAG(s) 'tutorial_dag' retrieved from /home/udhbhav/miniconda3/lib/python3.11/site-packages/airflow/example_dags/tutorial_dag.py
[2025-03-27T14:43:18.349-0500] {logging_mixin.py:190} INFO - [2025-03-27T14:43:18.349-0500] {dag.py:3239} INFO - Sync 1 DAGs
[2025-03-27T14:43:18.354-0500] {logging_mixin.py:190} INFO - [2025-03-27T14:43:18.354-0500] {dag.py:4180} INFO - Setting next_dagrun for tutorial_dag to None, run_after=None
[2025-03-27T14:43:18.482-0500] {processor.py:208} INFO - Processing /home/udhbhav/miniconda3/lib/python3.11/site-packages/airflow/example_dags/tutorial_dag.py took 0.149 seconds
[2025-03-27T14:44:43.188-0500] {processor.py:186} INFO - Started process (PID=1774740) to work on /home/udhbhav/miniconda3/lib/python3.11/site-packages/airflow/example_dags/tutorial_dag.py
[2025-03-27T14:44:43.189-0500] {processor.py:914} INFO - Processing file /home/udhbhav/miniconda3/lib/python3.11/site-packages/airflow/example_dags/tutorial_dag.py for tasks to queue
[2025-03-27T14:44:43.190-0500] {logging_mixin.py:190} INFO - [2025-03-27T14:44:43.189-0500] {dagbag.py:588} INFO - Filling up the DagBag from /home/udhbhav/miniconda3/lib/python3.11/site-packages/airflow/example_dags/tutorial_dag.py
[2025-03-27T14:44:43.194-0500] {processor.py:925} INFO - DAG(s) 'tutorial_dag' retrieved from /home/udhbhav/miniconda3/lib/python3.11/site-packages/airflow/example_dags/tutorial_dag.py
[2025-03-27T14:44:43.200-0500] {logging_mixin.py:190} INFO - [2025-03-27T14:44:43.200-0500] {dag.py:3239} INFO - Sync 1 DAGs
[2025-03-27T14:44:43.206-0500] {logging_mixin.py:190} INFO - [2025-03-27T14:44:43.205-0500] {dag.py:4180} INFO - Setting next_dagrun for tutorial_dag to None, run_after=None
[2025-03-27T14:44:43.321-0500] {processor.py:208} INFO - Processing /home/udhbhav/miniconda3/lib/python3.11/site-packages/airflow/example_dags/tutorial_dag.py took 0.136 seconds
[2025-03-27T14:46:02.775-0500] {processor.py:186} INFO - Started process (PID=1775477) to work on /home/udhbhav/miniconda3/lib/python3.11/site-packages/airflow/example_dags/tutorial_dag.py
[2025-03-27T14:46:02.775-0500] {processor.py:914} INFO - Processing file /home/udhbhav/miniconda3/lib/python3.11/site-packages/airflow/example_dags/tutorial_dag.py for tasks to queue
[2025-03-27T14:46:02.776-0500] {logging_mixin.py:190} INFO - [2025-03-27T14:46:02.776-0500] {dagbag.py:588} INFO - Filling up the DagBag from /home/udhbhav/miniconda3/lib/python3.11/site-packages/airflow/example_dags/tutorial_dag.py
[2025-03-27T14:46:02.780-0500] {processor.py:925} INFO - DAG(s) 'tutorial_dag' retrieved from /home/udhbhav/miniconda3/lib/python3.11/site-packages/airflow/example_dags/tutorial_dag.py
[2025-03-27T14:46:02.788-0500] {logging_mixin.py:190} INFO - [2025-03-27T14:46:02.787-0500] {dag.py:3239} INFO - Sync 1 DAGs
[2025-03-27T14:46:02.793-0500] {logging_mixin.py:190} INFO - [2025-03-27T14:46:02.792-0500] {dag.py:4180} INFO - Setting next_dagrun for tutorial_dag to None, run_after=None
[2025-03-27T14:46:03.774-0500] {processor.py:208} INFO - Processing /home/udhbhav/miniconda3/lib/python3.11/site-packages/airflow/example_dags/tutorial_dag.py took 1.002 seconds
[2025-03-27T14:47:30.943-0500] {processor.py:186} INFO - Started process (PID=1776273) to work on /home/udhbhav/miniconda3/lib/python3.11/site-packages/airflow/example_dags/tutorial_dag.py
[2025-03-27T14:47:30.943-0500] {processor.py:914} INFO - Processing file /home/udhbhav/miniconda3/lib/python3.11/site-packages/airflow/example_dags/tutorial_dag.py for tasks to queue
[2025-03-27T14:47:30.944-0500] {logging_mixin.py:190} INFO - [2025-03-27T14:47:30.944-0500] {dagbag.py:588} INFO - Filling up the DagBag from /home/udhbhav/miniconda3/lib/python3.11/site-packages/airflow/example_dags/tutorial_dag.py
[2025-03-27T14:47:30.948-0500] {processor.py:925} INFO - DAG(s) 'tutorial_dag' retrieved from /home/udhbhav/miniconda3/lib/python3.11/site-packages/airflow/example_dags/tutorial_dag.py
[2025-03-27T14:47:30.955-0500] {logging_mixin.py:190} INFO - [2025-03-27T14:47:30.955-0500] {dag.py:3239} INFO - Sync 1 DAGs
[2025-03-27T14:47:30.960-0500] {logging_mixin.py:190} INFO - [2025-03-27T14:47:30.960-0500] {dag.py:4180} INFO - Setting next_dagrun for tutorial_dag to None, run_after=None
[2025-03-27T14:47:31.168-0500] {processor.py:208} INFO - Processing /home/udhbhav/miniconda3/lib/python3.11/site-packages/airflow/example_dags/tutorial_dag.py took 0.229 seconds
[2025-03-27T14:48:49.849-0500] {processor.py:186} INFO - Started process (PID=1777088) to work on /home/udhbhav/miniconda3/lib/python3.11/site-packages/airflow/example_dags/tutorial_dag.py
[2025-03-27T14:48:49.850-0500] {processor.py:914} INFO - Processing file /home/udhbhav/miniconda3/lib/python3.11/site-packages/airflow/example_dags/tutorial_dag.py for tasks to queue
[2025-03-27T14:48:49.851-0500] {logging_mixin.py:190} INFO - [2025-03-27T14:48:49.851-0500] {dagbag.py:588} INFO - Filling up the DagBag from /home/udhbhav/miniconda3/lib/python3.11/site-packages/airflow/example_dags/tutorial_dag.py
[2025-03-27T14:48:49.855-0500] {processor.py:925} INFO - DAG(s) 'tutorial_dag' retrieved from /home/udhbhav/miniconda3/lib/python3.11/site-packages/airflow/example_dags/tutorial_dag.py
[2025-03-27T14:48:49.862-0500] {logging_mixin.py:190} INFO - [2025-03-27T14:48:49.862-0500] {dag.py:3239} INFO - Sync 1 DAGs
[2025-03-27T14:48:49.867-0500] {logging_mixin.py:190} INFO - [2025-03-27T14:48:49.867-0500] {dag.py:4180} INFO - Setting next_dagrun for tutorial_dag to None, run_after=None
[2025-03-27T14:48:50.083-0500] {processor.py:208} INFO - Processing /home/udhbhav/miniconda3/lib/python3.11/site-packages/airflow/example_dags/tutorial_dag.py took 0.236 seconds
[2025-03-27T14:50:20.981-0500] {processor.py:186} INFO - Started process (PID=1778156) to work on /home/udhbhav/miniconda3/lib/python3.11/site-packages/airflow/example_dags/tutorial_dag.py
[2025-03-27T14:50:20.981-0500] {processor.py:914} INFO - Processing file /home/udhbhav/miniconda3/lib/python3.11/site-packages/airflow/example_dags/tutorial_dag.py for tasks to queue
[2025-03-27T14:50:20.982-0500] {logging_mixin.py:190} INFO - [2025-03-27T14:50:20.982-0500] {dagbag.py:588} INFO - Filling up the DagBag from /home/udhbhav/miniconda3/lib/python3.11/site-packages/airflow/example_dags/tutorial_dag.py
[2025-03-27T14:50:20.986-0500] {processor.py:925} INFO - DAG(s) 'tutorial_dag' retrieved from /home/udhbhav/miniconda3/lib/python3.11/site-packages/airflow/example_dags/tutorial_dag.py
[2025-03-27T14:50:20.994-0500] {logging_mixin.py:190} INFO - [2025-03-27T14:50:20.993-0500] {dag.py:3239} INFO - Sync 1 DAGs
[2025-03-27T14:50:20.999-0500] {logging_mixin.py:190} INFO - [2025-03-27T14:50:20.999-0500] {dag.py:4180} INFO - Setting next_dagrun for tutorial_dag to None, run_after=None
[2025-03-27T14:50:21.132-0500] {processor.py:208} INFO - Processing /home/udhbhav/miniconda3/lib/python3.11/site-packages/airflow/example_dags/tutorial_dag.py took 0.154 seconds
[2025-03-27T14:51:27.249-0500] {processor.py:186} INFO - Started process (PID=1783410) to work on /home/udhbhav/miniconda3/lib/python3.11/site-packages/airflow/example_dags/tutorial_dag.py
[2025-03-27T14:51:27.250-0500] {processor.py:914} INFO - Processing file /home/udhbhav/miniconda3/lib/python3.11/site-packages/airflow/example_dags/tutorial_dag.py for tasks to queue
[2025-03-27T14:51:27.251-0500] {logging_mixin.py:190} INFO - [2025-03-27T14:51:27.251-0500] {dagbag.py:588} INFO - Filling up the DagBag from /home/udhbhav/miniconda3/lib/python3.11/site-packages/airflow/example_dags/tutorial_dag.py
[2025-03-27T14:51:27.255-0500] {processor.py:925} INFO - DAG(s) 'tutorial_dag' retrieved from /home/udhbhav/miniconda3/lib/python3.11/site-packages/airflow/example_dags/tutorial_dag.py
[2025-03-27T14:51:27.262-0500] {logging_mixin.py:190} INFO - [2025-03-27T14:51:27.262-0500] {dag.py:3239} INFO - Sync 1 DAGs
[2025-03-27T14:51:27.267-0500] {logging_mixin.py:190} INFO - [2025-03-27T14:51:27.267-0500] {dag.py:4180} INFO - Setting next_dagrun for tutorial_dag to None, run_after=None
[2025-03-27T14:51:27.400-0500] {processor.py:208} INFO - Processing /home/udhbhav/miniconda3/lib/python3.11/site-packages/airflow/example_dags/tutorial_dag.py took 0.154 seconds
[2025-03-27T14:52:33.705-0500] {processor.py:186} INFO - Started process (PID=1784116) to work on /home/udhbhav/miniconda3/lib/python3.11/site-packages/airflow/example_dags/tutorial_dag.py
[2025-03-27T14:52:33.706-0500] {processor.py:914} INFO - Processing file /home/udhbhav/miniconda3/lib/python3.11/site-packages/airflow/example_dags/tutorial_dag.py for tasks to queue
[2025-03-27T14:52:33.707-0500] {logging_mixin.py:190} INFO - [2025-03-27T14:52:33.706-0500] {dagbag.py:588} INFO - Filling up the DagBag from /home/udhbhav/miniconda3/lib/python3.11/site-packages/airflow/example_dags/tutorial_dag.py
[2025-03-27T14:52:33.711-0500] {processor.py:925} INFO - DAG(s) 'tutorial_dag' retrieved from /home/udhbhav/miniconda3/lib/python3.11/site-packages/airflow/example_dags/tutorial_dag.py
[2025-03-27T14:52:33.718-0500] {logging_mixin.py:190} INFO - [2025-03-27T14:52:33.718-0500] {dag.py:3239} INFO - Sync 1 DAGs
[2025-03-27T14:52:33.723-0500] {logging_mixin.py:190} INFO - [2025-03-27T14:52:33.723-0500] {dag.py:4180} INFO - Setting next_dagrun for tutorial_dag to None, run_after=None
[2025-03-27T14:52:33.857-0500] {processor.py:208} INFO - Processing /home/udhbhav/miniconda3/lib/python3.11/site-packages/airflow/example_dags/tutorial_dag.py took 0.154 seconds
[2025-03-27T14:53:44.507-0500] {processor.py:186} INFO - Started process (PID=1784854) to work on /home/udhbhav/miniconda3/lib/python3.11/site-packages/airflow/example_dags/tutorial_dag.py
[2025-03-27T14:53:44.507-0500] {processor.py:914} INFO - Processing file /home/udhbhav/miniconda3/lib/python3.11/site-packages/airflow/example_dags/tutorial_dag.py for tasks to queue
[2025-03-27T14:53:44.508-0500] {logging_mixin.py:190} INFO - [2025-03-27T14:53:44.508-0500] {dagbag.py:588} INFO - Filling up the DagBag from /home/udhbhav/miniconda3/lib/python3.11/site-packages/airflow/example_dags/tutorial_dag.py
[2025-03-27T14:53:44.512-0500] {processor.py:925} INFO - DAG(s) 'tutorial_dag' retrieved from /home/udhbhav/miniconda3/lib/python3.11/site-packages/airflow/example_dags/tutorial_dag.py
[2025-03-27T14:53:44.519-0500] {logging_mixin.py:190} INFO - [2025-03-27T14:53:44.519-0500] {dag.py:3239} INFO - Sync 1 DAGs
[2025-03-27T14:53:44.525-0500] {logging_mixin.py:190} INFO - [2025-03-27T14:53:44.525-0500] {dag.py:4180} INFO - Setting next_dagrun for tutorial_dag to None, run_after=None
[2025-03-27T14:53:45.012-0500] {processor.py:208} INFO - Processing /home/udhbhav/miniconda3/lib/python3.11/site-packages/airflow/example_dags/tutorial_dag.py took 0.508 seconds
[2025-03-27T14:54:51.402-0500] {processor.py:186} INFO - Started process (PID=1785512) to work on /home/udhbhav/miniconda3/lib/python3.11/site-packages/airflow/example_dags/tutorial_dag.py
[2025-03-27T14:54:51.403-0500] {processor.py:914} INFO - Processing file /home/udhbhav/miniconda3/lib/python3.11/site-packages/airflow/example_dags/tutorial_dag.py for tasks to queue
[2025-03-27T14:54:51.404-0500] {logging_mixin.py:190} INFO - [2025-03-27T14:54:51.403-0500] {dagbag.py:588} INFO - Filling up the DagBag from /home/udhbhav/miniconda3/lib/python3.11/site-packages/airflow/example_dags/tutorial_dag.py
[2025-03-27T14:54:51.408-0500] {processor.py:925} INFO - DAG(s) 'tutorial_dag' retrieved from /home/udhbhav/miniconda3/lib/python3.11/site-packages/airflow/example_dags/tutorial_dag.py
[2025-03-27T14:54:51.415-0500] {logging_mixin.py:190} INFO - [2025-03-27T14:54:51.415-0500] {dag.py:3239} INFO - Sync 1 DAGs
[2025-03-27T14:54:51.420-0500] {logging_mixin.py:190} INFO - [2025-03-27T14:54:51.420-0500] {dag.py:4180} INFO - Setting next_dagrun for tutorial_dag to None, run_after=None
[2025-03-27T14:54:51.551-0500] {processor.py:208} INFO - Processing /home/udhbhav/miniconda3/lib/python3.11/site-packages/airflow/example_dags/tutorial_dag.py took 0.152 seconds
[2025-03-27T14:55:59.159-0500] {processor.py:186} INFO - Started process (PID=1786186) to work on /home/udhbhav/miniconda3/lib/python3.11/site-packages/airflow/example_dags/tutorial_dag.py
[2025-03-27T14:55:59.159-0500] {processor.py:914} INFO - Processing file /home/udhbhav/miniconda3/lib/python3.11/site-packages/airflow/example_dags/tutorial_dag.py for tasks to queue
[2025-03-27T14:55:59.160-0500] {logging_mixin.py:190} INFO - [2025-03-27T14:55:59.160-0500] {dagbag.py:588} INFO - Filling up the DagBag from /home/udhbhav/miniconda3/lib/python3.11/site-packages/airflow/example_dags/tutorial_dag.py
[2025-03-27T14:55:59.164-0500] {processor.py:925} INFO - DAG(s) 'tutorial_dag' retrieved from /home/udhbhav/miniconda3/lib/python3.11/site-packages/airflow/example_dags/tutorial_dag.py
[2025-03-27T14:55:59.171-0500] {logging_mixin.py:190} INFO - [2025-03-27T14:55:59.171-0500] {dag.py:3239} INFO - Sync 1 DAGs
[2025-03-27T14:55:59.176-0500] {logging_mixin.py:190} INFO - [2025-03-27T14:55:59.176-0500] {dag.py:4180} INFO - Setting next_dagrun for tutorial_dag to None, run_after=None
[2025-03-27T14:55:59.711-0500] {processor.py:208} INFO - Processing /home/udhbhav/miniconda3/lib/python3.11/site-packages/airflow/example_dags/tutorial_dag.py took 0.555 seconds
[2025-03-27T14:57:17.029-0500] {processor.py:186} INFO - Started process (PID=1786948) to work on /home/udhbhav/miniconda3/lib/python3.11/site-packages/airflow/example_dags/tutorial_dag.py
[2025-03-27T14:57:17.030-0500] {processor.py:914} INFO - Processing file /home/udhbhav/miniconda3/lib/python3.11/site-packages/airflow/example_dags/tutorial_dag.py for tasks to queue
[2025-03-27T14:57:17.031-0500] {logging_mixin.py:190} INFO - [2025-03-27T14:57:17.030-0500] {dagbag.py:588} INFO - Filling up the DagBag from /home/udhbhav/miniconda3/lib/python3.11/site-packages/airflow/example_dags/tutorial_dag.py
[2025-03-27T14:57:17.035-0500] {processor.py:925} INFO - DAG(s) 'tutorial_dag' retrieved from /home/udhbhav/miniconda3/lib/python3.11/site-packages/airflow/example_dags/tutorial_dag.py
[2025-03-27T14:57:17.042-0500] {logging_mixin.py:190} INFO - [2025-03-27T14:57:17.042-0500] {dag.py:3239} INFO - Sync 1 DAGs
[2025-03-27T14:57:17.048-0500] {logging_mixin.py:190} INFO - [2025-03-27T14:57:17.048-0500] {dag.py:4180} INFO - Setting next_dagrun for tutorial_dag to None, run_after=None
[2025-03-27T14:57:17.235-0500] {processor.py:208} INFO - Processing /home/udhbhav/miniconda3/lib/python3.11/site-packages/airflow/example_dags/tutorial_dag.py took 0.208 seconds
[2025-03-27T14:58:35.847-0500] {processor.py:186} INFO - Started process (PID=1787765) to work on /home/udhbhav/miniconda3/lib/python3.11/site-packages/airflow/example_dags/tutorial_dag.py
[2025-03-27T14:58:35.848-0500] {processor.py:914} INFO - Processing file /home/udhbhav/miniconda3/lib/python3.11/site-packages/airflow/example_dags/tutorial_dag.py for tasks to queue
[2025-03-27T14:58:35.849-0500] {logging_mixin.py:190} INFO - [2025-03-27T14:58:35.848-0500] {dagbag.py:588} INFO - Filling up the DagBag from /home/udhbhav/miniconda3/lib/python3.11/site-packages/airflow/example_dags/tutorial_dag.py
[2025-03-27T14:58:35.853-0500] {processor.py:925} INFO - DAG(s) 'tutorial_dag' retrieved from /home/udhbhav/miniconda3/lib/python3.11/site-packages/airflow/example_dags/tutorial_dag.py
[2025-03-27T14:58:35.860-0500] {logging_mixin.py:190} INFO - [2025-03-27T14:58:35.860-0500] {dag.py:3239} INFO - Sync 1 DAGs
[2025-03-27T14:58:35.865-0500] {logging_mixin.py:190} INFO - [2025-03-27T14:58:35.865-0500] {dag.py:4180} INFO - Setting next_dagrun for tutorial_dag to None, run_after=None
[2025-03-27T14:58:36.084-0500] {processor.py:208} INFO - Processing /home/udhbhav/miniconda3/lib/python3.11/site-packages/airflow/example_dags/tutorial_dag.py took 0.240 seconds
[2025-03-27T15:00:09.353-0500] {processor.py:186} INFO - Started process (PID=1788844) to work on /home/udhbhav/miniconda3/lib/python3.11/site-packages/airflow/example_dags/tutorial_dag.py
[2025-03-27T15:00:09.353-0500] {processor.py:914} INFO - Processing file /home/udhbhav/miniconda3/lib/python3.11/site-packages/airflow/example_dags/tutorial_dag.py for tasks to queue
[2025-03-27T15:00:09.354-0500] {logging_mixin.py:190} INFO - [2025-03-27T15:00:09.354-0500] {dagbag.py:588} INFO - Filling up the DagBag from /home/udhbhav/miniconda3/lib/python3.11/site-packages/airflow/example_dags/tutorial_dag.py
[2025-03-27T15:00:09.359-0500] {processor.py:925} INFO - DAG(s) 'tutorial_dag' retrieved from /home/udhbhav/miniconda3/lib/python3.11/site-packages/airflow/example_dags/tutorial_dag.py
[2025-03-27T15:00:09.367-0500] {logging_mixin.py:190} INFO - [2025-03-27T15:00:09.367-0500] {dag.py:3239} INFO - Sync 1 DAGs
[2025-03-27T15:00:09.373-0500] {logging_mixin.py:190} INFO - [2025-03-27T15:00:09.373-0500] {dag.py:4180} INFO - Setting next_dagrun for tutorial_dag to None, run_after=None
[2025-03-27T15:00:09.506-0500] {processor.py:208} INFO - Processing /home/udhbhav/miniconda3/lib/python3.11/site-packages/airflow/example_dags/tutorial_dag.py took 0.156 seconds
[2025-03-27T15:01:16.243-0500] {processor.py:186} INFO - Started process (PID=1789576) to work on /home/udhbhav/miniconda3/lib/python3.11/site-packages/airflow/example_dags/tutorial_dag.py
[2025-03-27T15:01:16.243-0500] {processor.py:914} INFO - Processing file /home/udhbhav/miniconda3/lib/python3.11/site-packages/airflow/example_dags/tutorial_dag.py for tasks to queue
[2025-03-27T15:01:16.244-0500] {logging_mixin.py:190} INFO - [2025-03-27T15:01:16.244-0500] {dagbag.py:588} INFO - Filling up the DagBag from /home/udhbhav/miniconda3/lib/python3.11/site-packages/airflow/example_dags/tutorial_dag.py
[2025-03-27T15:01:16.249-0500] {processor.py:925} INFO - DAG(s) 'tutorial_dag' retrieved from /home/udhbhav/miniconda3/lib/python3.11/site-packages/airflow/example_dags/tutorial_dag.py
[2025-03-27T15:01:16.256-0500] {logging_mixin.py:190} INFO - [2025-03-27T15:01:16.256-0500] {dag.py:3239} INFO - Sync 1 DAGs
[2025-03-27T15:01:16.261-0500] {logging_mixin.py:190} INFO - [2025-03-27T15:01:16.261-0500] {dag.py:4180} INFO - Setting next_dagrun for tutorial_dag to None, run_after=None
[2025-03-27T15:01:16.393-0500] {processor.py:208} INFO - Processing /home/udhbhav/miniconda3/lib/python3.11/site-packages/airflow/example_dags/tutorial_dag.py took 0.153 seconds
[2025-03-27T15:02:20.793-0500] {processor.py:186} INFO - Started process (PID=1790296) to work on /home/udhbhav/miniconda3/lib/python3.11/site-packages/airflow/example_dags/tutorial_dag.py
[2025-03-27T15:02:20.793-0500] {processor.py:914} INFO - Processing file /home/udhbhav/miniconda3/lib/python3.11/site-packages/airflow/example_dags/tutorial_dag.py for tasks to queue
[2025-03-27T15:02:20.794-0500] {logging_mixin.py:190} INFO - [2025-03-27T15:02:20.794-0500] {dagbag.py:588} INFO - Filling up the DagBag from /home/udhbhav/miniconda3/lib/python3.11/site-packages/airflow/example_dags/tutorial_dag.py
[2025-03-27T15:02:20.798-0500] {processor.py:925} INFO - DAG(s) 'tutorial_dag' retrieved from /home/udhbhav/miniconda3/lib/python3.11/site-packages/airflow/example_dags/tutorial_dag.py
[2025-03-27T15:02:20.805-0500] {logging_mixin.py:190} INFO - [2025-03-27T15:02:20.805-0500] {dag.py:3239} INFO - Sync 1 DAGs
[2025-03-27T15:02:20.810-0500] {logging_mixin.py:190} INFO - [2025-03-27T15:02:20.810-0500] {dag.py:4180} INFO - Setting next_dagrun for tutorial_dag to None, run_after=None
[2025-03-27T15:02:21.656-0500] {processor.py:208} INFO - Processing /home/udhbhav/miniconda3/lib/python3.11/site-packages/airflow/example_dags/tutorial_dag.py took 0.866 seconds
[2025-03-27T15:03:38.771-0500] {processor.py:186} INFO - Started process (PID=1791053) to work on /home/udhbhav/miniconda3/lib/python3.11/site-packages/airflow/example_dags/tutorial_dag.py
[2025-03-27T15:03:38.771-0500] {processor.py:914} INFO - Processing file /home/udhbhav/miniconda3/lib/python3.11/site-packages/airflow/example_dags/tutorial_dag.py for tasks to queue
[2025-03-27T15:03:38.772-0500] {logging_mixin.py:190} INFO - [2025-03-27T15:03:38.772-0500] {dagbag.py:588} INFO - Filling up the DagBag from /home/udhbhav/miniconda3/lib/python3.11/site-packages/airflow/example_dags/tutorial_dag.py
[2025-03-27T15:03:38.776-0500] {processor.py:925} INFO - DAG(s) 'tutorial_dag' retrieved from /home/udhbhav/miniconda3/lib/python3.11/site-packages/airflow/example_dags/tutorial_dag.py
[2025-03-27T15:03:38.783-0500] {logging_mixin.py:190} INFO - [2025-03-27T15:03:38.783-0500] {dag.py:3239} INFO - Sync 1 DAGs
[2025-03-27T15:03:38.789-0500] {logging_mixin.py:190} INFO - [2025-03-27T15:03:38.788-0500] {dag.py:4180} INFO - Setting next_dagrun for tutorial_dag to None, run_after=None
[2025-03-27T15:03:38.920-0500] {processor.py:208} INFO - Processing /home/udhbhav/miniconda3/lib/python3.11/site-packages/airflow/example_dags/tutorial_dag.py took 0.151 seconds
[2025-03-27T15:04:52.851-0500] {processor.py:186} INFO - Started process (PID=1791861) to work on /home/udhbhav/miniconda3/lib/python3.11/site-packages/airflow/example_dags/tutorial_dag.py
[2025-03-27T15:04:52.852-0500] {processor.py:914} INFO - Processing file /home/udhbhav/miniconda3/lib/python3.11/site-packages/airflow/example_dags/tutorial_dag.py for tasks to queue
[2025-03-27T15:04:52.853-0500] {logging_mixin.py:190} INFO - [2025-03-27T15:04:52.852-0500] {dagbag.py:588} INFO - Filling up the DagBag from /home/udhbhav/miniconda3/lib/python3.11/site-packages/airflow/example_dags/tutorial_dag.py
[2025-03-27T15:04:52.857-0500] {processor.py:925} INFO - DAG(s) 'tutorial_dag' retrieved from /home/udhbhav/miniconda3/lib/python3.11/site-packages/airflow/example_dags/tutorial_dag.py
[2025-03-27T15:04:52.865-0500] {logging_mixin.py:190} INFO - [2025-03-27T15:04:52.865-0500] {dag.py:3239} INFO - Sync 1 DAGs
[2025-03-27T15:04:52.870-0500] {logging_mixin.py:190} INFO - [2025-03-27T15:04:52.870-0500] {dag.py:4180} INFO - Setting next_dagrun for tutorial_dag to None, run_after=None
[2025-03-27T15:04:53.122-0500] {processor.py:208} INFO - Processing /home/udhbhav/miniconda3/lib/python3.11/site-packages/airflow/example_dags/tutorial_dag.py took 0.274 seconds
[2025-03-27T15:06:15.154-0500] {processor.py:186} INFO - Started process (PID=1792563) to work on /home/udhbhav/miniconda3/lib/python3.11/site-packages/airflow/example_dags/tutorial_dag.py
[2025-03-27T15:06:15.155-0500] {processor.py:914} INFO - Processing file /home/udhbhav/miniconda3/lib/python3.11/site-packages/airflow/example_dags/tutorial_dag.py for tasks to queue
[2025-03-27T15:06:15.156-0500] {logging_mixin.py:190} INFO - [2025-03-27T15:06:15.156-0500] {dagbag.py:588} INFO - Filling up the DagBag from /home/udhbhav/miniconda3/lib/python3.11/site-packages/airflow/example_dags/tutorial_dag.py
[2025-03-27T15:06:15.160-0500] {processor.py:925} INFO - DAG(s) 'tutorial_dag' retrieved from /home/udhbhav/miniconda3/lib/python3.11/site-packages/airflow/example_dags/tutorial_dag.py
[2025-03-27T15:06:15.167-0500] {logging_mixin.py:190} INFO - [2025-03-27T15:06:15.167-0500] {dag.py:3239} INFO - Sync 1 DAGs
[2025-03-27T15:06:15.173-0500] {logging_mixin.py:190} INFO - [2025-03-27T15:06:15.173-0500] {dag.py:4180} INFO - Setting next_dagrun for tutorial_dag to None, run_after=None
[2025-03-27T15:06:15.584-0500] {processor.py:208} INFO - Processing /home/udhbhav/miniconda3/lib/python3.11/site-packages/airflow/example_dags/tutorial_dag.py took 0.433 seconds
[2025-03-27T15:07:40.246-0500] {processor.py:186} INFO - Started process (PID=1793506) to work on /home/udhbhav/miniconda3/lib/python3.11/site-packages/airflow/example_dags/tutorial_dag.py
[2025-03-27T15:07:40.246-0500] {processor.py:914} INFO - Processing file /home/udhbhav/miniconda3/lib/python3.11/site-packages/airflow/example_dags/tutorial_dag.py for tasks to queue
[2025-03-27T15:07:40.247-0500] {logging_mixin.py:190} INFO - [2025-03-27T15:07:40.247-0500] {dagbag.py:588} INFO - Filling up the DagBag from /home/udhbhav/miniconda3/lib/python3.11/site-packages/airflow/example_dags/tutorial_dag.py
[2025-03-27T15:07:40.251-0500] {processor.py:925} INFO - DAG(s) 'tutorial_dag' retrieved from /home/udhbhav/miniconda3/lib/python3.11/site-packages/airflow/example_dags/tutorial_dag.py
[2025-03-27T15:07:40.258-0500] {logging_mixin.py:190} INFO - [2025-03-27T15:07:40.258-0500] {dag.py:3239} INFO - Sync 1 DAGs
[2025-03-27T15:07:40.263-0500] {logging_mixin.py:190} INFO - [2025-03-27T15:07:40.263-0500] {dag.py:4180} INFO - Setting next_dagrun for tutorial_dag to None, run_after=None
[2025-03-27T15:07:40.395-0500] {processor.py:208} INFO - Processing /home/udhbhav/miniconda3/lib/python3.11/site-packages/airflow/example_dags/tutorial_dag.py took 0.152 seconds
[2025-03-27T15:08:44.002-0500] {processor.py:186} INFO - Started process (PID=1794180) to work on /home/udhbhav/miniconda3/lib/python3.11/site-packages/airflow/example_dags/tutorial_dag.py
[2025-03-27T15:08:44.003-0500] {processor.py:914} INFO - Processing file /home/udhbhav/miniconda3/lib/python3.11/site-packages/airflow/example_dags/tutorial_dag.py for tasks to queue
[2025-03-27T15:08:44.004-0500] {logging_mixin.py:190} INFO - [2025-03-27T15:08:44.003-0500] {dagbag.py:588} INFO - Filling up the DagBag from /home/udhbhav/miniconda3/lib/python3.11/site-packages/airflow/example_dags/tutorial_dag.py
[2025-03-27T15:08:44.008-0500] {processor.py:925} INFO - DAG(s) 'tutorial_dag' retrieved from /home/udhbhav/miniconda3/lib/python3.11/site-packages/airflow/example_dags/tutorial_dag.py
[2025-03-27T15:08:44.015-0500] {logging_mixin.py:190} INFO - [2025-03-27T15:08:44.015-0500] {dag.py:3239} INFO - Sync 1 DAGs
[2025-03-27T15:08:44.020-0500] {logging_mixin.py:190} INFO - [2025-03-27T15:08:44.020-0500] {dag.py:4180} INFO - Setting next_dagrun for tutorial_dag to None, run_after=None
[2025-03-27T15:08:44.149-0500] {processor.py:208} INFO - Processing /home/udhbhav/miniconda3/lib/python3.11/site-packages/airflow/example_dags/tutorial_dag.py took 0.149 seconds
[2025-03-27T15:09:53.783-0500] {processor.py:186} INFO - Started process (PID=1794828) to work on /home/udhbhav/miniconda3/lib/python3.11/site-packages/airflow/example_dags/tutorial_dag.py
[2025-03-27T15:09:53.783-0500] {processor.py:914} INFO - Processing file /home/udhbhav/miniconda3/lib/python3.11/site-packages/airflow/example_dags/tutorial_dag.py for tasks to queue
[2025-03-27T15:09:53.784-0500] {logging_mixin.py:190} INFO - [2025-03-27T15:09:53.784-0500] {dagbag.py:588} INFO - Filling up the DagBag from /home/udhbhav/miniconda3/lib/python3.11/site-packages/airflow/example_dags/tutorial_dag.py
[2025-03-27T15:09:53.788-0500] {processor.py:925} INFO - DAG(s) 'tutorial_dag' retrieved from /home/udhbhav/miniconda3/lib/python3.11/site-packages/airflow/example_dags/tutorial_dag.py
[2025-03-27T15:09:53.796-0500] {logging_mixin.py:190} INFO - [2025-03-27T15:09:53.795-0500] {dag.py:3239} INFO - Sync 1 DAGs
[2025-03-27T15:09:53.801-0500] {logging_mixin.py:190} INFO - [2025-03-27T15:09:53.801-0500] {dag.py:4180} INFO - Setting next_dagrun for tutorial_dag to None, run_after=None
[2025-03-27T15:09:53.934-0500] {processor.py:208} INFO - Processing /home/udhbhav/miniconda3/lib/python3.11/site-packages/airflow/example_dags/tutorial_dag.py took 0.153 seconds
[2025-03-27T15:11:02.916-0500] {processor.py:186} INFO - Started process (PID=1795462) to work on /home/udhbhav/miniconda3/lib/python3.11/site-packages/airflow/example_dags/tutorial_dag.py
[2025-03-27T15:11:02.917-0500] {processor.py:914} INFO - Processing file /home/udhbhav/miniconda3/lib/python3.11/site-packages/airflow/example_dags/tutorial_dag.py for tasks to queue
[2025-03-27T15:11:02.918-0500] {logging_mixin.py:190} INFO - [2025-03-27T15:11:02.917-0500] {dagbag.py:588} INFO - Filling up the DagBag from /home/udhbhav/miniconda3/lib/python3.11/site-packages/airflow/example_dags/tutorial_dag.py
[2025-03-27T15:11:02.922-0500] {processor.py:925} INFO - DAG(s) 'tutorial_dag' retrieved from /home/udhbhav/miniconda3/lib/python3.11/site-packages/airflow/example_dags/tutorial_dag.py
[2025-03-27T15:11:02.929-0500] {logging_mixin.py:190} INFO - [2025-03-27T15:11:02.929-0500] {dag.py:3239} INFO - Sync 1 DAGs
[2025-03-27T15:11:02.934-0500] {logging_mixin.py:190} INFO - [2025-03-27T15:11:02.934-0500] {dag.py:4180} INFO - Setting next_dagrun for tutorial_dag to None, run_after=None
[2025-03-27T15:11:03.067-0500] {processor.py:208} INFO - Processing /home/udhbhav/miniconda3/lib/python3.11/site-packages/airflow/example_dags/tutorial_dag.py took 0.153 seconds
[2025-03-27T15:12:08.267-0500] {processor.py:186} INFO - Started process (PID=1797652) to work on /home/udhbhav/miniconda3/lib/python3.11/site-packages/airflow/example_dags/tutorial_dag.py
[2025-03-27T15:12:08.267-0500] {processor.py:914} INFO - Processing file /home/udhbhav/miniconda3/lib/python3.11/site-packages/airflow/example_dags/tutorial_dag.py for tasks to queue
[2025-03-27T15:12:08.269-0500] {logging_mixin.py:190} INFO - [2025-03-27T15:12:08.268-0500] {dagbag.py:588} INFO - Filling up the DagBag from /home/udhbhav/miniconda3/lib/python3.11/site-packages/airflow/example_dags/tutorial_dag.py
[2025-03-27T15:12:08.273-0500] {processor.py:925} INFO - DAG(s) 'tutorial_dag' retrieved from /home/udhbhav/miniconda3/lib/python3.11/site-packages/airflow/example_dags/tutorial_dag.py
[2025-03-27T15:12:08.280-0500] {logging_mixin.py:190} INFO - [2025-03-27T15:12:08.280-0500] {dag.py:3239} INFO - Sync 1 DAGs
[2025-03-27T15:12:08.285-0500] {logging_mixin.py:190} INFO - [2025-03-27T15:12:08.285-0500] {dag.py:4180} INFO - Setting next_dagrun for tutorial_dag to None, run_after=None
[2025-03-27T15:12:08.492-0500] {processor.py:208} INFO - Processing /home/udhbhav/miniconda3/lib/python3.11/site-packages/airflow/example_dags/tutorial_dag.py took 0.228 seconds
[2025-03-27T15:13:27.850-0500] {processor.py:186} INFO - Started process (PID=1798438) to work on /home/udhbhav/miniconda3/lib/python3.11/site-packages/airflow/example_dags/tutorial_dag.py
[2025-03-27T15:13:27.850-0500] {processor.py:914} INFO - Processing file /home/udhbhav/miniconda3/lib/python3.11/site-packages/airflow/example_dags/tutorial_dag.py for tasks to queue
[2025-03-27T15:13:27.851-0500] {logging_mixin.py:190} INFO - [2025-03-27T15:13:27.851-0500] {dagbag.py:588} INFO - Filling up the DagBag from /home/udhbhav/miniconda3/lib/python3.11/site-packages/airflow/example_dags/tutorial_dag.py
[2025-03-27T15:13:27.855-0500] {processor.py:925} INFO - DAG(s) 'tutorial_dag' retrieved from /home/udhbhav/miniconda3/lib/python3.11/site-packages/airflow/example_dags/tutorial_dag.py
[2025-03-27T15:13:27.863-0500] {logging_mixin.py:190} INFO - [2025-03-27T15:13:27.862-0500] {dag.py:3239} INFO - Sync 1 DAGs
[2025-03-27T15:13:27.868-0500] {logging_mixin.py:190} INFO - [2025-03-27T15:13:27.868-0500] {dag.py:4180} INFO - Setting next_dagrun for tutorial_dag to None, run_after=None
[2025-03-27T15:13:28.075-0500] {processor.py:208} INFO - Processing /home/udhbhav/miniconda3/lib/python3.11/site-packages/airflow/example_dags/tutorial_dag.py took 0.228 seconds
[2025-03-27T15:14:44.723-0500] {processor.py:186} INFO - Started process (PID=1799299) to work on /home/udhbhav/miniconda3/lib/python3.11/site-packages/airflow/example_dags/tutorial_dag.py
[2025-03-27T15:14:44.723-0500] {processor.py:914} INFO - Processing file /home/udhbhav/miniconda3/lib/python3.11/site-packages/airflow/example_dags/tutorial_dag.py for tasks to queue
[2025-03-27T15:14:44.725-0500] {logging_mixin.py:190} INFO - [2025-03-27T15:14:44.725-0500] {dagbag.py:588} INFO - Filling up the DagBag from /home/udhbhav/miniconda3/lib/python3.11/site-packages/airflow/example_dags/tutorial_dag.py
[2025-03-27T15:14:44.729-0500] {processor.py:925} INFO - DAG(s) 'tutorial_dag' retrieved from /home/udhbhav/miniconda3/lib/python3.11/site-packages/airflow/example_dags/tutorial_dag.py
[2025-03-27T15:14:44.736-0500] {logging_mixin.py:190} INFO - [2025-03-27T15:14:44.736-0500] {dag.py:3239} INFO - Sync 1 DAGs
[2025-03-27T15:14:44.741-0500] {logging_mixin.py:190} INFO - [2025-03-27T15:14:44.741-0500] {dag.py:4180} INFO - Setting next_dagrun for tutorial_dag to None, run_after=None
[2025-03-27T15:14:44.940-0500] {processor.py:208} INFO - Processing /home/udhbhav/miniconda3/lib/python3.11/site-packages/airflow/example_dags/tutorial_dag.py took 0.220 seconds
[2025-03-27T15:16:02.839-0500] {processor.py:186} INFO - Started process (PID=1800008) to work on /home/udhbhav/miniconda3/lib/python3.11/site-packages/airflow/example_dags/tutorial_dag.py
[2025-03-27T15:16:02.839-0500] {processor.py:914} INFO - Processing file /home/udhbhav/miniconda3/lib/python3.11/site-packages/airflow/example_dags/tutorial_dag.py for tasks to queue
[2025-03-27T15:16:02.840-0500] {logging_mixin.py:190} INFO - [2025-03-27T15:16:02.840-0500] {dagbag.py:588} INFO - Filling up the DagBag from /home/udhbhav/miniconda3/lib/python3.11/site-packages/airflow/example_dags/tutorial_dag.py
[2025-03-27T15:16:02.844-0500] {processor.py:925} INFO - DAG(s) 'tutorial_dag' retrieved from /home/udhbhav/miniconda3/lib/python3.11/site-packages/airflow/example_dags/tutorial_dag.py
[2025-03-27T15:16:02.852-0500] {logging_mixin.py:190} INFO - [2025-03-27T15:16:02.851-0500] {dag.py:3239} INFO - Sync 1 DAGs
[2025-03-27T15:16:02.857-0500] {logging_mixin.py:190} INFO - [2025-03-27T15:16:02.857-0500] {dag.py:4180} INFO - Setting next_dagrun for tutorial_dag to None, run_after=None
[2025-03-27T15:16:03.257-0500] {processor.py:208} INFO - Processing /home/udhbhav/miniconda3/lib/python3.11/site-packages/airflow/example_dags/tutorial_dag.py took 0.421 seconds
[2025-03-27T15:17:21.928-0500] {processor.py:186} INFO - Started process (PID=1800765) to work on /home/udhbhav/miniconda3/lib/python3.11/site-packages/airflow/example_dags/tutorial_dag.py
[2025-03-27T15:17:21.928-0500] {processor.py:914} INFO - Processing file /home/udhbhav/miniconda3/lib/python3.11/site-packages/airflow/example_dags/tutorial_dag.py for tasks to queue
[2025-03-27T15:17:21.929-0500] {logging_mixin.py:190} INFO - [2025-03-27T15:17:21.929-0500] {dagbag.py:588} INFO - Filling up the DagBag from /home/udhbhav/miniconda3/lib/python3.11/site-packages/airflow/example_dags/tutorial_dag.py
[2025-03-27T15:17:21.933-0500] {processor.py:925} INFO - DAG(s) 'tutorial_dag' retrieved from /home/udhbhav/miniconda3/lib/python3.11/site-packages/airflow/example_dags/tutorial_dag.py
[2025-03-27T15:17:21.940-0500] {logging_mixin.py:190} INFO - [2025-03-27T15:17:21.940-0500] {dag.py:3239} INFO - Sync 1 DAGs
[2025-03-27T15:17:21.945-0500] {logging_mixin.py:190} INFO - [2025-03-27T15:17:21.945-0500] {dag.py:4180} INFO - Setting next_dagrun for tutorial_dag to None, run_after=None
[2025-03-27T15:17:22.077-0500] {processor.py:208} INFO - Processing /home/udhbhav/miniconda3/lib/python3.11/site-packages/airflow/example_dags/tutorial_dag.py took 0.152 seconds
[2025-03-27T15:18:27.954-0500] {processor.py:186} INFO - Started process (PID=1801419) to work on /home/udhbhav/miniconda3/lib/python3.11/site-packages/airflow/example_dags/tutorial_dag.py
[2025-03-27T15:18:27.955-0500] {processor.py:914} INFO - Processing file /home/udhbhav/miniconda3/lib/python3.11/site-packages/airflow/example_dags/tutorial_dag.py for tasks to queue
[2025-03-27T15:18:27.956-0500] {logging_mixin.py:190} INFO - [2025-03-27T15:18:27.955-0500] {dagbag.py:588} INFO - Filling up the DagBag from /home/udhbhav/miniconda3/lib/python3.11/site-packages/airflow/example_dags/tutorial_dag.py
[2025-03-27T15:18:27.960-0500] {processor.py:925} INFO - DAG(s) 'tutorial_dag' retrieved from /home/udhbhav/miniconda3/lib/python3.11/site-packages/airflow/example_dags/tutorial_dag.py
[2025-03-27T15:18:27.967-0500] {logging_mixin.py:190} INFO - [2025-03-27T15:18:27.967-0500] {dag.py:3239} INFO - Sync 1 DAGs
[2025-03-27T15:18:27.972-0500] {logging_mixin.py:190} INFO - [2025-03-27T15:18:27.972-0500] {dag.py:4180} INFO - Setting next_dagrun for tutorial_dag to None, run_after=None
[2025-03-27T15:18:28.104-0500] {processor.py:208} INFO - Processing /home/udhbhav/miniconda3/lib/python3.11/site-packages/airflow/example_dags/tutorial_dag.py took 0.152 seconds
[2025-03-27T15:19:38.653-0500] {processor.py:186} INFO - Started process (PID=1802159) to work on /home/udhbhav/miniconda3/lib/python3.11/site-packages/airflow/example_dags/tutorial_dag.py
[2025-03-27T15:19:38.654-0500] {processor.py:914} INFO - Processing file /home/udhbhav/miniconda3/lib/python3.11/site-packages/airflow/example_dags/tutorial_dag.py for tasks to queue
[2025-03-27T15:19:38.654-0500] {logging_mixin.py:190} INFO - [2025-03-27T15:19:38.654-0500] {dagbag.py:588} INFO - Filling up the DagBag from /home/udhbhav/miniconda3/lib/python3.11/site-packages/airflow/example_dags/tutorial_dag.py
[2025-03-27T15:19:38.658-0500] {processor.py:925} INFO - DAG(s) 'tutorial_dag' retrieved from /home/udhbhav/miniconda3/lib/python3.11/site-packages/airflow/example_dags/tutorial_dag.py
[2025-03-27T15:19:38.665-0500] {logging_mixin.py:190} INFO - [2025-03-27T15:19:38.665-0500] {dag.py:3239} INFO - Sync 1 DAGs
[2025-03-27T15:19:38.671-0500] {logging_mixin.py:190} INFO - [2025-03-27T15:19:38.671-0500] {dag.py:4180} INFO - Setting next_dagrun for tutorial_dag to None, run_after=None
[2025-03-27T15:19:38.801-0500] {processor.py:208} INFO - Processing /home/udhbhav/miniconda3/lib/python3.11/site-packages/airflow/example_dags/tutorial_dag.py took 0.151 seconds
[2025-03-27T15:20:43.324-0500] {processor.py:186} INFO - Started process (PID=1803684) to work on /home/udhbhav/miniconda3/lib/python3.11/site-packages/airflow/example_dags/tutorial_dag.py
[2025-03-27T15:20:43.324-0500] {processor.py:914} INFO - Processing file /home/udhbhav/miniconda3/lib/python3.11/site-packages/airflow/example_dags/tutorial_dag.py for tasks to queue
[2025-03-27T15:20:43.325-0500] {logging_mixin.py:190} INFO - [2025-03-27T15:20:43.325-0500] {dagbag.py:588} INFO - Filling up the DagBag from /home/udhbhav/miniconda3/lib/python3.11/site-packages/airflow/example_dags/tutorial_dag.py
[2025-03-27T15:20:43.330-0500] {processor.py:925} INFO - DAG(s) 'tutorial_dag' retrieved from /home/udhbhav/miniconda3/lib/python3.11/site-packages/airflow/example_dags/tutorial_dag.py
[2025-03-27T15:20:43.337-0500] {logging_mixin.py:190} INFO - [2025-03-27T15:20:43.337-0500] {dag.py:3239} INFO - Sync 1 DAGs
[2025-03-27T15:20:43.343-0500] {logging_mixin.py:190} INFO - [2025-03-27T15:20:43.342-0500] {dag.py:4180} INFO - Setting next_dagrun for tutorial_dag to None, run_after=None
[2025-03-27T15:20:43.477-0500] {processor.py:208} INFO - Processing /home/udhbhav/miniconda3/lib/python3.11/site-packages/airflow/example_dags/tutorial_dag.py took 0.156 seconds
[2025-03-27T15:21:54.612-0500] {processor.py:186} INFO - Started process (PID=1808438) to work on /home/udhbhav/miniconda3/lib/python3.11/site-packages/airflow/example_dags/tutorial_dag.py
[2025-03-27T15:21:54.612-0500] {processor.py:914} INFO - Processing file /home/udhbhav/miniconda3/lib/python3.11/site-packages/airflow/example_dags/tutorial_dag.py for tasks to queue
[2025-03-27T15:21:54.613-0500] {logging_mixin.py:190} INFO - [2025-03-27T15:21:54.613-0500] {dagbag.py:588} INFO - Filling up the DagBag from /home/udhbhav/miniconda3/lib/python3.11/site-packages/airflow/example_dags/tutorial_dag.py
[2025-03-27T15:21:54.617-0500] {processor.py:925} INFO - DAG(s) 'tutorial_dag' retrieved from /home/udhbhav/miniconda3/lib/python3.11/site-packages/airflow/example_dags/tutorial_dag.py
[2025-03-27T15:21:54.624-0500] {logging_mixin.py:190} INFO - [2025-03-27T15:21:54.624-0500] {dag.py:3239} INFO - Sync 1 DAGs
[2025-03-27T15:21:54.629-0500] {logging_mixin.py:190} INFO - [2025-03-27T15:21:54.629-0500] {dag.py:4180} INFO - Setting next_dagrun for tutorial_dag to None, run_after=None
[2025-03-27T15:21:54.762-0500] {processor.py:208} INFO - Processing /home/udhbhav/miniconda3/lib/python3.11/site-packages/airflow/example_dags/tutorial_dag.py took 0.153 seconds
[2025-03-27T15:23:13.816-0500] {processor.py:186} INFO - Started process (PID=1809093) to work on /home/udhbhav/miniconda3/lib/python3.11/site-packages/airflow/example_dags/tutorial_dag.py
[2025-03-27T15:23:13.817-0500] {processor.py:914} INFO - Processing file /home/udhbhav/miniconda3/lib/python3.11/site-packages/airflow/example_dags/tutorial_dag.py for tasks to queue
[2025-03-27T15:23:13.818-0500] {logging_mixin.py:190} INFO - [2025-03-27T15:23:13.817-0500] {dagbag.py:588} INFO - Filling up the DagBag from /home/udhbhav/miniconda3/lib/python3.11/site-packages/airflow/example_dags/tutorial_dag.py
[2025-03-27T15:23:13.822-0500] {processor.py:925} INFO - DAG(s) 'tutorial_dag' retrieved from /home/udhbhav/miniconda3/lib/python3.11/site-packages/airflow/example_dags/tutorial_dag.py
[2025-03-27T15:23:13.829-0500] {logging_mixin.py:190} INFO - [2025-03-27T15:23:13.829-0500] {dag.py:3239} INFO - Sync 1 DAGs
[2025-03-27T15:23:13.834-0500] {logging_mixin.py:190} INFO - [2025-03-27T15:23:13.834-0500] {dag.py:4180} INFO - Setting next_dagrun for tutorial_dag to None, run_after=None
[2025-03-27T15:23:13.967-0500] {processor.py:208} INFO - Processing /home/udhbhav/miniconda3/lib/python3.11/site-packages/airflow/example_dags/tutorial_dag.py took 0.154 seconds
[2025-03-27T15:24:22.456-0500] {processor.py:186} INFO - Started process (PID=1809895) to work on /home/udhbhav/miniconda3/lib/python3.11/site-packages/airflow/example_dags/tutorial_dag.py
[2025-03-27T15:24:22.456-0500] {processor.py:914} INFO - Processing file /home/udhbhav/miniconda3/lib/python3.11/site-packages/airflow/example_dags/tutorial_dag.py for tasks to queue
[2025-03-27T15:24:22.457-0500] {logging_mixin.py:190} INFO - [2025-03-27T15:24:22.457-0500] {dagbag.py:588} INFO - Filling up the DagBag from /home/udhbhav/miniconda3/lib/python3.11/site-packages/airflow/example_dags/tutorial_dag.py
[2025-03-27T15:24:22.461-0500] {processor.py:925} INFO - DAG(s) 'tutorial_dag' retrieved from /home/udhbhav/miniconda3/lib/python3.11/site-packages/airflow/example_dags/tutorial_dag.py
[2025-03-27T15:24:22.469-0500] {logging_mixin.py:190} INFO - [2025-03-27T15:24:22.468-0500] {dag.py:3239} INFO - Sync 1 DAGs
[2025-03-27T15:24:22.474-0500] {logging_mixin.py:190} INFO - [2025-03-27T15:24:22.473-0500] {dag.py:4180} INFO - Setting next_dagrun for tutorial_dag to None, run_after=None
[2025-03-27T15:24:22.690-0500] {processor.py:208} INFO - Processing /home/udhbhav/miniconda3/lib/python3.11/site-packages/airflow/example_dags/tutorial_dag.py took 0.237 seconds
[2025-03-27T15:25:43.814-0500] {processor.py:186} INFO - Started process (PID=1810804) to work on /home/udhbhav/miniconda3/lib/python3.11/site-packages/airflow/example_dags/tutorial_dag.py
[2025-03-27T15:25:43.815-0500] {processor.py:914} INFO - Processing file /home/udhbhav/miniconda3/lib/python3.11/site-packages/airflow/example_dags/tutorial_dag.py for tasks to queue
[2025-03-27T15:25:43.816-0500] {logging_mixin.py:190} INFO - [2025-03-27T15:25:43.816-0500] {dagbag.py:588} INFO - Filling up the DagBag from /home/udhbhav/miniconda3/lib/python3.11/site-packages/airflow/example_dags/tutorial_dag.py
[2025-03-27T15:25:43.820-0500] {processor.py:925} INFO - DAG(s) 'tutorial_dag' retrieved from /home/udhbhav/miniconda3/lib/python3.11/site-packages/airflow/example_dags/tutorial_dag.py
[2025-03-27T15:25:43.827-0500] {logging_mixin.py:190} INFO - [2025-03-27T15:25:43.827-0500] {dag.py:3239} INFO - Sync 1 DAGs
[2025-03-27T15:25:43.833-0500] {logging_mixin.py:190} INFO - [2025-03-27T15:25:43.832-0500] {dag.py:4180} INFO - Setting next_dagrun for tutorial_dag to None, run_after=None
[2025-03-27T15:25:44.160-0500] {processor.py:208} INFO - Processing /home/udhbhav/miniconda3/lib/python3.11/site-packages/airflow/example_dags/tutorial_dag.py took 0.349 seconds
[2025-03-27T15:27:15.680-0500] {processor.py:186} INFO - Started process (PID=1811568) to work on /home/udhbhav/miniconda3/lib/python3.11/site-packages/airflow/example_dags/tutorial_dag.py
[2025-03-27T15:27:15.681-0500] {processor.py:914} INFO - Processing file /home/udhbhav/miniconda3/lib/python3.11/site-packages/airflow/example_dags/tutorial_dag.py for tasks to queue
[2025-03-27T15:27:15.682-0500] {logging_mixin.py:190} INFO - [2025-03-27T15:27:15.682-0500] {dagbag.py:588} INFO - Filling up the DagBag from /home/udhbhav/miniconda3/lib/python3.11/site-packages/airflow/example_dags/tutorial_dag.py
[2025-03-27T15:27:15.686-0500] {processor.py:925} INFO - DAG(s) 'tutorial_dag' retrieved from /home/udhbhav/miniconda3/lib/python3.11/site-packages/airflow/example_dags/tutorial_dag.py
[2025-03-27T15:27:15.693-0500] {logging_mixin.py:190} INFO - [2025-03-27T15:27:15.693-0500] {dag.py:3239} INFO - Sync 1 DAGs
[2025-03-27T15:27:15.698-0500] {logging_mixin.py:190} INFO - [2025-03-27T15:27:15.698-0500] {dag.py:4180} INFO - Setting next_dagrun for tutorial_dag to None, run_after=None
[2025-03-27T15:27:15.831-0500] {processor.py:208} INFO - Processing /home/udhbhav/miniconda3/lib/python3.11/site-packages/airflow/example_dags/tutorial_dag.py took 0.153 seconds
[2025-03-27T15:28:33.996-0500] {processor.py:186} INFO - Started process (PID=1812314) to work on /home/udhbhav/miniconda3/lib/python3.11/site-packages/airflow/example_dags/tutorial_dag.py
[2025-03-27T15:28:33.997-0500] {processor.py:914} INFO - Processing file /home/udhbhav/miniconda3/lib/python3.11/site-packages/airflow/example_dags/tutorial_dag.py for tasks to queue
[2025-03-27T15:28:33.998-0500] {logging_mixin.py:190} INFO - [2025-03-27T15:28:33.997-0500] {dagbag.py:588} INFO - Filling up the DagBag from /home/udhbhav/miniconda3/lib/python3.11/site-packages/airflow/example_dags/tutorial_dag.py
[2025-03-27T15:28:34.002-0500] {processor.py:925} INFO - DAG(s) 'tutorial_dag' retrieved from /home/udhbhav/miniconda3/lib/python3.11/site-packages/airflow/example_dags/tutorial_dag.py
[2025-03-27T15:28:34.009-0500] {logging_mixin.py:190} INFO - [2025-03-27T15:28:34.009-0500] {dag.py:3239} INFO - Sync 1 DAGs
[2025-03-27T15:28:34.014-0500] {logging_mixin.py:190} INFO - [2025-03-27T15:28:34.014-0500] {dag.py:4180} INFO - Setting next_dagrun for tutorial_dag to None, run_after=None
[2025-03-27T15:28:34.175-0500] {processor.py:208} INFO - Processing /home/udhbhav/miniconda3/lib/python3.11/site-packages/airflow/example_dags/tutorial_dag.py took 0.182 seconds
[2025-03-27T15:30:22.741-0500] {processor.py:186} INFO - Started process (PID=1813333) to work on /home/udhbhav/miniconda3/lib/python3.11/site-packages/airflow/example_dags/tutorial_dag.py
[2025-03-27T15:30:22.742-0500] {processor.py:914} INFO - Processing file /home/udhbhav/miniconda3/lib/python3.11/site-packages/airflow/example_dags/tutorial_dag.py for tasks to queue
[2025-03-27T15:30:22.743-0500] {logging_mixin.py:190} INFO - [2025-03-27T15:30:22.742-0500] {dagbag.py:588} INFO - Filling up the DagBag from /home/udhbhav/miniconda3/lib/python3.11/site-packages/airflow/example_dags/tutorial_dag.py
[2025-03-27T15:30:22.747-0500] {processor.py:925} INFO - DAG(s) 'tutorial_dag' retrieved from /home/udhbhav/miniconda3/lib/python3.11/site-packages/airflow/example_dags/tutorial_dag.py
[2025-03-27T15:30:22.754-0500] {logging_mixin.py:190} INFO - [2025-03-27T15:30:22.754-0500] {dag.py:3239} INFO - Sync 1 DAGs
[2025-03-27T15:30:22.759-0500] {logging_mixin.py:190} INFO - [2025-03-27T15:30:22.759-0500] {dag.py:4180} INFO - Setting next_dagrun for tutorial_dag to None, run_after=None
[2025-03-27T15:30:23.618-0500] {processor.py:208} INFO - Processing /home/udhbhav/miniconda3/lib/python3.11/site-packages/airflow/example_dags/tutorial_dag.py took 0.880 seconds
[2025-03-27T15:32:13.603-0500] {processor.py:186} INFO - Started process (PID=1814368) to work on /home/udhbhav/miniconda3/lib/python3.11/site-packages/airflow/example_dags/tutorial_dag.py
[2025-03-27T15:32:13.603-0500] {processor.py:914} INFO - Processing file /home/udhbhav/miniconda3/lib/python3.11/site-packages/airflow/example_dags/tutorial_dag.py for tasks to queue
[2025-03-27T15:32:13.604-0500] {logging_mixin.py:190} INFO - [2025-03-27T15:32:13.604-0500] {dagbag.py:588} INFO - Filling up the DagBag from /home/udhbhav/miniconda3/lib/python3.11/site-packages/airflow/example_dags/tutorial_dag.py
[2025-03-27T15:32:13.608-0500] {processor.py:925} INFO - DAG(s) 'tutorial_dag' retrieved from /home/udhbhav/miniconda3/lib/python3.11/site-packages/airflow/example_dags/tutorial_dag.py
[2025-03-27T15:32:13.615-0500] {logging_mixin.py:190} INFO - [2025-03-27T15:32:13.615-0500] {dag.py:3239} INFO - Sync 1 DAGs
[2025-03-27T15:32:13.620-0500] {logging_mixin.py:190} INFO - [2025-03-27T15:32:13.620-0500] {dag.py:4180} INFO - Setting next_dagrun for tutorial_dag to None, run_after=None
[2025-03-27T15:32:13.781-0500] {processor.py:208} INFO - Processing /home/udhbhav/miniconda3/lib/python3.11/site-packages/airflow/example_dags/tutorial_dag.py took 0.181 seconds
[2025-03-27T15:33:24.290-0500] {processor.py:186} INFO - Started process (PID=1815044) to work on /home/udhbhav/miniconda3/lib/python3.11/site-packages/airflow/example_dags/tutorial_dag.py
[2025-03-27T15:33:24.291-0500] {processor.py:914} INFO - Processing file /home/udhbhav/miniconda3/lib/python3.11/site-packages/airflow/example_dags/tutorial_dag.py for tasks to queue
[2025-03-27T15:33:24.291-0500] {logging_mixin.py:190} INFO - [2025-03-27T15:33:24.291-0500] {dagbag.py:588} INFO - Filling up the DagBag from /home/udhbhav/miniconda3/lib/python3.11/site-packages/airflow/example_dags/tutorial_dag.py
[2025-03-27T15:33:24.295-0500] {processor.py:925} INFO - DAG(s) 'tutorial_dag' retrieved from /home/udhbhav/miniconda3/lib/python3.11/site-packages/airflow/example_dags/tutorial_dag.py
[2025-03-27T15:33:24.302-0500] {logging_mixin.py:190} INFO - [2025-03-27T15:33:24.302-0500] {dag.py:3239} INFO - Sync 1 DAGs
[2025-03-27T15:33:24.308-0500] {logging_mixin.py:190} INFO - [2025-03-27T15:33:24.308-0500] {dag.py:4180} INFO - Setting next_dagrun for tutorial_dag to None, run_after=None
[2025-03-27T15:33:24.457-0500] {processor.py:208} INFO - Processing /home/udhbhav/miniconda3/lib/python3.11/site-packages/airflow/example_dags/tutorial_dag.py took 0.170 seconds
[2025-03-27T15:34:31.021-0500] {processor.py:186} INFO - Started process (PID=1815702) to work on /home/udhbhav/miniconda3/lib/python3.11/site-packages/airflow/example_dags/tutorial_dag.py
[2025-03-27T15:34:31.022-0500] {processor.py:914} INFO - Processing file /home/udhbhav/miniconda3/lib/python3.11/site-packages/airflow/example_dags/tutorial_dag.py for tasks to queue
[2025-03-27T15:34:31.023-0500] {logging_mixin.py:190} INFO - [2025-03-27T15:34:31.022-0500] {dagbag.py:588} INFO - Filling up the DagBag from /home/udhbhav/miniconda3/lib/python3.11/site-packages/airflow/example_dags/tutorial_dag.py
[2025-03-27T15:34:31.027-0500] {processor.py:925} INFO - DAG(s) 'tutorial_dag' retrieved from /home/udhbhav/miniconda3/lib/python3.11/site-packages/airflow/example_dags/tutorial_dag.py
[2025-03-27T15:34:31.034-0500] {logging_mixin.py:190} INFO - [2025-03-27T15:34:31.034-0500] {dag.py:3239} INFO - Sync 1 DAGs
[2025-03-27T15:34:31.039-0500] {logging_mixin.py:190} INFO - [2025-03-27T15:34:31.039-0500] {dag.py:4180} INFO - Setting next_dagrun for tutorial_dag to None, run_after=None
[2025-03-27T15:34:31.160-0500] {processor.py:208} INFO - Processing /home/udhbhav/miniconda3/lib/python3.11/site-packages/airflow/example_dags/tutorial_dag.py took 0.142 seconds
[2025-03-27T15:35:39.163-0500] {processor.py:186} INFO - Started process (PID=1816395) to work on /home/udhbhav/miniconda3/lib/python3.11/site-packages/airflow/example_dags/tutorial_dag.py
[2025-03-27T15:35:39.164-0500] {processor.py:914} INFO - Processing file /home/udhbhav/miniconda3/lib/python3.11/site-packages/airflow/example_dags/tutorial_dag.py for tasks to queue
[2025-03-27T15:35:39.165-0500] {logging_mixin.py:190} INFO - [2025-03-27T15:35:39.164-0500] {dagbag.py:588} INFO - Filling up the DagBag from /home/udhbhav/miniconda3/lib/python3.11/site-packages/airflow/example_dags/tutorial_dag.py
[2025-03-27T15:35:39.169-0500] {processor.py:925} INFO - DAG(s) 'tutorial_dag' retrieved from /home/udhbhav/miniconda3/lib/python3.11/site-packages/airflow/example_dags/tutorial_dag.py
[2025-03-27T15:35:39.176-0500] {logging_mixin.py:190} INFO - [2025-03-27T15:35:39.176-0500] {dag.py:3239} INFO - Sync 1 DAGs
[2025-03-27T15:35:39.181-0500] {logging_mixin.py:190} INFO - [2025-03-27T15:35:39.181-0500] {dag.py:4180} INFO - Setting next_dagrun for tutorial_dag to None, run_after=None
[2025-03-27T15:35:39.335-0500] {processor.py:208} INFO - Processing /home/udhbhav/miniconda3/lib/python3.11/site-packages/airflow/example_dags/tutorial_dag.py took 0.175 seconds
