[2025-03-27T14:27:38.757-0500] {processor.py:186} INFO - Started process (PID=1763884) to work on /home/udhbhav/miniconda3/lib/python3.11/site-packages/airflow/example_dags/tutorial_taskflow_api.py
[2025-03-27T14:27:38.757-0500] {processor.py:914} INFO - Processing file /home/udhbhav/miniconda3/lib/python3.11/site-packages/airflow/example_dags/tutorial_taskflow_api.py for tasks to queue
[2025-03-27T14:27:38.758-0500] {logging_mixin.py:190} INFO - [2025-03-27T14:27:38.758-0500] {dagbag.py:588} INFO - Filling up the DagBag from /home/udhbhav/miniconda3/lib/python3.11/site-packages/airflow/example_dags/tutorial_taskflow_api.py
[2025-03-27T14:27:38.764-0500] {processor.py:925} INFO - DAG(s) 'tutorial_taskflow_api' retrieved from /home/udhbhav/miniconda3/lib/python3.11/site-packages/airflow/example_dags/tutorial_taskflow_api.py
[2025-03-27T14:27:39.938-0500] {logging_mixin.py:190} INFO - [2025-03-27T14:27:39.937-0500] {override.py:1912} INFO - Created Permission View: can read on DAG:tutorial_taskflow_api
[2025-03-27T14:27:40.498-0500] {logging_mixin.py:190} INFO - [2025-03-27T14:27:40.498-0500] {override.py:1912} INFO - Created Permission View: can edit on DAG:tutorial_taskflow_api
[2025-03-27T14:27:40.750-0500] {logging_mixin.py:190} INFO - [2025-03-27T14:27:40.749-0500] {override.py:1912} INFO - Created Permission View: can delete on DAG:tutorial_taskflow_api
[2025-03-27T14:27:41.204-0500] {logging_mixin.py:190} INFO - [2025-03-27T14:27:41.204-0500] {override.py:1912} INFO - Created Permission View: can read on DAG Run:tutorial_taskflow_api
[2025-03-27T14:27:42.027-0500] {logging_mixin.py:190} INFO - [2025-03-27T14:27:42.027-0500] {override.py:1912} INFO - Created Permission View: menu access on DAG Run:tutorial_taskflow_api
[2025-03-27T14:27:42.266-0500] {logging_mixin.py:190} INFO - [2025-03-27T14:27:42.266-0500] {override.py:1912} INFO - Created Permission View: can create on DAG Run:tutorial_taskflow_api
[2025-03-27T14:27:42.516-0500] {logging_mixin.py:190} INFO - [2025-03-27T14:27:42.516-0500] {override.py:1912} INFO - Created Permission View: can delete on DAG Run:tutorial_taskflow_api
[2025-03-27T14:27:42.517-0500] {logging_mixin.py:190} INFO - [2025-03-27T14:27:42.517-0500] {dag.py:3239} INFO - Sync 1 DAGs
[2025-03-27T14:27:42.522-0500] {logging_mixin.py:190} INFO - [2025-03-27T14:27:42.522-0500] {dag.py:3262} INFO - Creating ORM DAG for tutorial_taskflow_api
[2025-03-27T14:27:42.522-0500] {logging_mixin.py:190} INFO - [2025-03-27T14:27:42.522-0500] {dag.py:4180} INFO - Setting next_dagrun for tutorial_taskflow_api to None, run_after=None
[2025-03-27T14:27:42.742-0500] {processor.py:208} INFO - Processing /home/udhbhav/miniconda3/lib/python3.11/site-packages/airflow/example_dags/tutorial_taskflow_api.py took 3.987 seconds
[2025-03-27T14:37:56.294-0500] {processor.py:186} INFO - Started process (PID=1770124) to work on /home/udhbhav/miniconda3/lib/python3.11/site-packages/airflow/example_dags/tutorial_taskflow_api.py
[2025-03-27T14:37:56.294-0500] {processor.py:914} INFO - Processing file /home/udhbhav/miniconda3/lib/python3.11/site-packages/airflow/example_dags/tutorial_taskflow_api.py for tasks to queue
[2025-03-27T14:37:56.295-0500] {logging_mixin.py:190} INFO - [2025-03-27T14:37:56.295-0500] {dagbag.py:588} INFO - Filling up the DagBag from /home/udhbhav/miniconda3/lib/python3.11/site-packages/airflow/example_dags/tutorial_taskflow_api.py
[2025-03-27T14:37:56.299-0500] {processor.py:925} INFO - DAG(s) 'tutorial_taskflow_api' retrieved from /home/udhbhav/miniconda3/lib/python3.11/site-packages/airflow/example_dags/tutorial_taskflow_api.py
[2025-03-27T14:37:56.364-0500] {logging_mixin.py:190} INFO - [2025-03-27T14:37:56.363-0500] {dag.py:3239} INFO - Sync 1 DAGs
[2025-03-27T14:37:56.368-0500] {logging_mixin.py:190} INFO - [2025-03-27T14:37:56.368-0500] {dag.py:4180} INFO - Setting next_dagrun for tutorial_taskflow_api to None, run_after=None
[2025-03-27T14:37:56.497-0500] {processor.py:208} INFO - Processing /home/udhbhav/miniconda3/lib/python3.11/site-packages/airflow/example_dags/tutorial_taskflow_api.py took 0.206 seconds
[2025-03-27T14:39:13.481-0500] {processor.py:186} INFO - Started process (PID=1770978) to work on /home/udhbhav/miniconda3/lib/python3.11/site-packages/airflow/example_dags/tutorial_taskflow_api.py
[2025-03-27T14:39:13.481-0500] {processor.py:914} INFO - Processing file /home/udhbhav/miniconda3/lib/python3.11/site-packages/airflow/example_dags/tutorial_taskflow_api.py for tasks to queue
[2025-03-27T14:39:13.482-0500] {logging_mixin.py:190} INFO - [2025-03-27T14:39:13.482-0500] {dagbag.py:588} INFO - Filling up the DagBag from /home/udhbhav/miniconda3/lib/python3.11/site-packages/airflow/example_dags/tutorial_taskflow_api.py
[2025-03-27T14:39:13.487-0500] {processor.py:925} INFO - DAG(s) 'tutorial_taskflow_api' retrieved from /home/udhbhav/miniconda3/lib/python3.11/site-packages/airflow/example_dags/tutorial_taskflow_api.py
[2025-03-27T14:39:13.494-0500] {logging_mixin.py:190} INFO - [2025-03-27T14:39:13.494-0500] {dag.py:3239} INFO - Sync 1 DAGs
[2025-03-27T14:39:13.499-0500] {logging_mixin.py:190} INFO - [2025-03-27T14:39:13.499-0500] {dag.py:4180} INFO - Setting next_dagrun for tutorial_taskflow_api to None, run_after=None
[2025-03-27T14:39:13.692-0500] {processor.py:208} INFO - Processing /home/udhbhav/miniconda3/lib/python3.11/site-packages/airflow/example_dags/tutorial_taskflow_api.py took 0.214 seconds
[2025-03-27T14:40:37.977-0500] {processor.py:186} INFO - Started process (PID=1771803) to work on /home/udhbhav/miniconda3/lib/python3.11/site-packages/airflow/example_dags/tutorial_taskflow_api.py
[2025-03-27T14:40:37.978-0500] {processor.py:914} INFO - Processing file /home/udhbhav/miniconda3/lib/python3.11/site-packages/airflow/example_dags/tutorial_taskflow_api.py for tasks to queue
[2025-03-27T14:40:37.979-0500] {logging_mixin.py:190} INFO - [2025-03-27T14:40:37.978-0500] {dagbag.py:588} INFO - Filling up the DagBag from /home/udhbhav/miniconda3/lib/python3.11/site-packages/airflow/example_dags/tutorial_taskflow_api.py
[2025-03-27T14:40:37.983-0500] {processor.py:925} INFO - DAG(s) 'tutorial_taskflow_api' retrieved from /home/udhbhav/miniconda3/lib/python3.11/site-packages/airflow/example_dags/tutorial_taskflow_api.py
[2025-03-27T14:40:37.990-0500] {logging_mixin.py:190} INFO - [2025-03-27T14:40:37.990-0500] {dag.py:3239} INFO - Sync 1 DAGs
[2025-03-27T14:40:37.995-0500] {logging_mixin.py:190} INFO - [2025-03-27T14:40:37.995-0500] {dag.py:4180} INFO - Setting next_dagrun for tutorial_taskflow_api to None, run_after=None
[2025-03-27T14:40:38.124-0500] {processor.py:208} INFO - Processing /home/udhbhav/miniconda3/lib/python3.11/site-packages/airflow/example_dags/tutorial_taskflow_api.py took 0.150 seconds
[2025-03-27T14:42:07.238-0500] {processor.py:186} INFO - Started process (PID=1772986) to work on /home/udhbhav/miniconda3/lib/python3.11/site-packages/airflow/example_dags/tutorial_taskflow_api.py
[2025-03-27T14:42:07.238-0500] {processor.py:914} INFO - Processing file /home/udhbhav/miniconda3/lib/python3.11/site-packages/airflow/example_dags/tutorial_taskflow_api.py for tasks to queue
[2025-03-27T14:42:07.239-0500] {logging_mixin.py:190} INFO - [2025-03-27T14:42:07.239-0500] {dagbag.py:588} INFO - Filling up the DagBag from /home/udhbhav/miniconda3/lib/python3.11/site-packages/airflow/example_dags/tutorial_taskflow_api.py
[2025-03-27T14:42:07.244-0500] {processor.py:925} INFO - DAG(s) 'tutorial_taskflow_api' retrieved from /home/udhbhav/miniconda3/lib/python3.11/site-packages/airflow/example_dags/tutorial_taskflow_api.py
[2025-03-27T14:42:07.251-0500] {logging_mixin.py:190} INFO - [2025-03-27T14:42:07.250-0500] {dag.py:3239} INFO - Sync 1 DAGs
[2025-03-27T14:42:07.256-0500] {logging_mixin.py:190} INFO - [2025-03-27T14:42:07.256-0500] {dag.py:4180} INFO - Setting next_dagrun for tutorial_taskflow_api to None, run_after=None
[2025-03-27T14:42:07.369-0500] {processor.py:208} INFO - Processing /home/udhbhav/miniconda3/lib/python3.11/site-packages/airflow/example_dags/tutorial_taskflow_api.py took 0.134 seconds
[2025-03-27T14:43:25.102-0500] {processor.py:186} INFO - Started process (PID=1773839) to work on /home/udhbhav/miniconda3/lib/python3.11/site-packages/airflow/example_dags/tutorial_taskflow_api.py
[2025-03-27T14:43:25.102-0500] {processor.py:914} INFO - Processing file /home/udhbhav/miniconda3/lib/python3.11/site-packages/airflow/example_dags/tutorial_taskflow_api.py for tasks to queue
[2025-03-27T14:43:25.103-0500] {logging_mixin.py:190} INFO - [2025-03-27T14:43:25.103-0500] {dagbag.py:588} INFO - Filling up the DagBag from /home/udhbhav/miniconda3/lib/python3.11/site-packages/airflow/example_dags/tutorial_taskflow_api.py
[2025-03-27T14:43:25.107-0500] {processor.py:925} INFO - DAG(s) 'tutorial_taskflow_api' retrieved from /home/udhbhav/miniconda3/lib/python3.11/site-packages/airflow/example_dags/tutorial_taskflow_api.py
[2025-03-27T14:43:25.114-0500] {logging_mixin.py:190} INFO - [2025-03-27T14:43:25.114-0500] {dag.py:3239} INFO - Sync 1 DAGs
[2025-03-27T14:43:25.119-0500] {logging_mixin.py:190} INFO - [2025-03-27T14:43:25.119-0500] {dag.py:4180} INFO - Setting next_dagrun for tutorial_taskflow_api to None, run_after=None
[2025-03-27T14:43:25.251-0500] {processor.py:208} INFO - Processing /home/udhbhav/miniconda3/lib/python3.11/site-packages/airflow/example_dags/tutorial_taskflow_api.py took 0.152 seconds
[2025-03-27T14:44:45.755-0500] {processor.py:186} INFO - Started process (PID=1774778) to work on /home/udhbhav/miniconda3/lib/python3.11/site-packages/airflow/example_dags/tutorial_taskflow_api.py
[2025-03-27T14:44:45.755-0500] {processor.py:914} INFO - Processing file /home/udhbhav/miniconda3/lib/python3.11/site-packages/airflow/example_dags/tutorial_taskflow_api.py for tasks to queue
[2025-03-27T14:44:45.756-0500] {logging_mixin.py:190} INFO - [2025-03-27T14:44:45.756-0500] {dagbag.py:588} INFO - Filling up the DagBag from /home/udhbhav/miniconda3/lib/python3.11/site-packages/airflow/example_dags/tutorial_taskflow_api.py
[2025-03-27T14:44:45.761-0500] {processor.py:925} INFO - DAG(s) 'tutorial_taskflow_api' retrieved from /home/udhbhav/miniconda3/lib/python3.11/site-packages/airflow/example_dags/tutorial_taskflow_api.py
[2025-03-27T14:44:45.768-0500] {logging_mixin.py:190} INFO - [2025-03-27T14:44:45.768-0500] {dag.py:3239} INFO - Sync 1 DAGs
[2025-03-27T14:44:45.773-0500] {logging_mixin.py:190} INFO - [2025-03-27T14:44:45.773-0500] {dag.py:4180} INFO - Setting next_dagrun for tutorial_taskflow_api to None, run_after=None
[2025-03-27T14:44:45.903-0500] {processor.py:208} INFO - Processing /home/udhbhav/miniconda3/lib/python3.11/site-packages/airflow/example_dags/tutorial_taskflow_api.py took 0.151 seconds
[2025-03-27T14:46:05.956-0500] {processor.py:186} INFO - Started process (PID=1775485) to work on /home/udhbhav/miniconda3/lib/python3.11/site-packages/airflow/example_dags/tutorial_taskflow_api.py
[2025-03-27T14:46:05.956-0500] {processor.py:914} INFO - Processing file /home/udhbhav/miniconda3/lib/python3.11/site-packages/airflow/example_dags/tutorial_taskflow_api.py for tasks to queue
[2025-03-27T14:46:05.957-0500] {logging_mixin.py:190} INFO - [2025-03-27T14:46:05.957-0500] {dagbag.py:588} INFO - Filling up the DagBag from /home/udhbhav/miniconda3/lib/python3.11/site-packages/airflow/example_dags/tutorial_taskflow_api.py
[2025-03-27T14:46:05.962-0500] {processor.py:925} INFO - DAG(s) 'tutorial_taskflow_api' retrieved from /home/udhbhav/miniconda3/lib/python3.11/site-packages/airflow/example_dags/tutorial_taskflow_api.py
[2025-03-27T14:46:05.969-0500] {logging_mixin.py:190} INFO - [2025-03-27T14:46:05.968-0500] {dag.py:3239} INFO - Sync 1 DAGs
[2025-03-27T14:46:05.974-0500] {logging_mixin.py:190} INFO - [2025-03-27T14:46:05.973-0500] {dag.py:4180} INFO - Setting next_dagrun for tutorial_taskflow_api to None, run_after=None
[2025-03-27T14:46:07.522-0500] {processor.py:208} INFO - Processing /home/udhbhav/miniconda3/lib/python3.11/site-packages/airflow/example_dags/tutorial_taskflow_api.py took 1.569 seconds
[2025-03-27T14:47:33.770-0500] {processor.py:186} INFO - Started process (PID=1776309) to work on /home/udhbhav/miniconda3/lib/python3.11/site-packages/airflow/example_dags/tutorial_taskflow_api.py
[2025-03-27T14:47:33.770-0500] {processor.py:914} INFO - Processing file /home/udhbhav/miniconda3/lib/python3.11/site-packages/airflow/example_dags/tutorial_taskflow_api.py for tasks to queue
[2025-03-27T14:47:33.771-0500] {logging_mixin.py:190} INFO - [2025-03-27T14:47:33.771-0500] {dagbag.py:588} INFO - Filling up the DagBag from /home/udhbhav/miniconda3/lib/python3.11/site-packages/airflow/example_dags/tutorial_taskflow_api.py
[2025-03-27T14:47:33.776-0500] {processor.py:925} INFO - DAG(s) 'tutorial_taskflow_api' retrieved from /home/udhbhav/miniconda3/lib/python3.11/site-packages/airflow/example_dags/tutorial_taskflow_api.py
[2025-03-27T14:47:33.783-0500] {logging_mixin.py:190} INFO - [2025-03-27T14:47:33.783-0500] {dag.py:3239} INFO - Sync 1 DAGs
[2025-03-27T14:47:33.788-0500] {logging_mixin.py:190} INFO - [2025-03-27T14:47:33.788-0500] {dag.py:4180} INFO - Setting next_dagrun for tutorial_taskflow_api to None, run_after=None
[2025-03-27T14:47:34.001-0500] {processor.py:208} INFO - Processing /home/udhbhav/miniconda3/lib/python3.11/site-packages/airflow/example_dags/tutorial_taskflow_api.py took 0.235 seconds
[2025-03-27T14:48:52.501-0500] {processor.py:186} INFO - Started process (PID=1777132) to work on /home/udhbhav/miniconda3/lib/python3.11/site-packages/airflow/example_dags/tutorial_taskflow_api.py
[2025-03-27T14:48:52.501-0500] {processor.py:914} INFO - Processing file /home/udhbhav/miniconda3/lib/python3.11/site-packages/airflow/example_dags/tutorial_taskflow_api.py for tasks to queue
[2025-03-27T14:48:52.503-0500] {logging_mixin.py:190} INFO - [2025-03-27T14:48:52.503-0500] {dagbag.py:588} INFO - Filling up the DagBag from /home/udhbhav/miniconda3/lib/python3.11/site-packages/airflow/example_dags/tutorial_taskflow_api.py
[2025-03-27T14:48:52.507-0500] {processor.py:925} INFO - DAG(s) 'tutorial_taskflow_api' retrieved from /home/udhbhav/miniconda3/lib/python3.11/site-packages/airflow/example_dags/tutorial_taskflow_api.py
[2025-03-27T14:48:52.514-0500] {logging_mixin.py:190} INFO - [2025-03-27T14:48:52.514-0500] {dag.py:3239} INFO - Sync 1 DAGs
[2025-03-27T14:48:52.519-0500] {logging_mixin.py:190} INFO - [2025-03-27T14:48:52.519-0500] {dag.py:4180} INFO - Setting next_dagrun for tutorial_taskflow_api to None, run_after=None
[2025-03-27T14:48:52.775-0500] {processor.py:208} INFO - Processing /home/udhbhav/miniconda3/lib/python3.11/site-packages/airflow/example_dags/tutorial_taskflow_api.py took 0.277 seconds
[2025-03-27T14:50:23.434-0500] {processor.py:186} INFO - Started process (PID=1778562) to work on /home/udhbhav/miniconda3/lib/python3.11/site-packages/airflow/example_dags/tutorial_taskflow_api.py
[2025-03-27T14:50:23.435-0500] {processor.py:914} INFO - Processing file /home/udhbhav/miniconda3/lib/python3.11/site-packages/airflow/example_dags/tutorial_taskflow_api.py for tasks to queue
[2025-03-27T14:50:23.436-0500] {logging_mixin.py:190} INFO - [2025-03-27T14:50:23.436-0500] {dagbag.py:588} INFO - Filling up the DagBag from /home/udhbhav/miniconda3/lib/python3.11/site-packages/airflow/example_dags/tutorial_taskflow_api.py
[2025-03-27T14:50:23.441-0500] {processor.py:925} INFO - DAG(s) 'tutorial_taskflow_api' retrieved from /home/udhbhav/miniconda3/lib/python3.11/site-packages/airflow/example_dags/tutorial_taskflow_api.py
[2025-03-27T14:50:23.449-0500] {logging_mixin.py:190} INFO - [2025-03-27T14:50:23.449-0500] {dag.py:3239} INFO - Sync 1 DAGs
[2025-03-27T14:50:23.455-0500] {logging_mixin.py:190} INFO - [2025-03-27T14:50:23.455-0500] {dag.py:4180} INFO - Setting next_dagrun for tutorial_taskflow_api to None, run_after=None
[2025-03-27T14:50:23.606-0500] {processor.py:208} INFO - Processing /home/udhbhav/miniconda3/lib/python3.11/site-packages/airflow/example_dags/tutorial_taskflow_api.py took 0.175 seconds
[2025-03-27T14:51:28.907-0500] {processor.py:186} INFO - Started process (PID=1783416) to work on /home/udhbhav/miniconda3/lib/python3.11/site-packages/airflow/example_dags/tutorial_taskflow_api.py
[2025-03-27T14:51:28.908-0500] {processor.py:914} INFO - Processing file /home/udhbhav/miniconda3/lib/python3.11/site-packages/airflow/example_dags/tutorial_taskflow_api.py for tasks to queue
[2025-03-27T14:51:28.909-0500] {logging_mixin.py:190} INFO - [2025-03-27T14:51:28.909-0500] {dagbag.py:588} INFO - Filling up the DagBag from /home/udhbhav/miniconda3/lib/python3.11/site-packages/airflow/example_dags/tutorial_taskflow_api.py
[2025-03-27T14:51:28.913-0500] {processor.py:925} INFO - DAG(s) 'tutorial_taskflow_api' retrieved from /home/udhbhav/miniconda3/lib/python3.11/site-packages/airflow/example_dags/tutorial_taskflow_api.py
[2025-03-27T14:51:28.920-0500] {logging_mixin.py:190} INFO - [2025-03-27T14:51:28.920-0500] {dag.py:3239} INFO - Sync 1 DAGs
[2025-03-27T14:51:28.926-0500] {logging_mixin.py:190} INFO - [2025-03-27T14:51:28.925-0500] {dag.py:4180} INFO - Setting next_dagrun for tutorial_taskflow_api to None, run_after=None
[2025-03-27T14:51:29.058-0500] {processor.py:208} INFO - Processing /home/udhbhav/miniconda3/lib/python3.11/site-packages/airflow/example_dags/tutorial_taskflow_api.py took 0.154 seconds
[2025-03-27T14:52:36.155-0500] {processor.py:186} INFO - Started process (PID=1784147) to work on /home/udhbhav/miniconda3/lib/python3.11/site-packages/airflow/example_dags/tutorial_taskflow_api.py
[2025-03-27T14:52:36.155-0500] {processor.py:914} INFO - Processing file /home/udhbhav/miniconda3/lib/python3.11/site-packages/airflow/example_dags/tutorial_taskflow_api.py for tasks to queue
[2025-03-27T14:52:36.156-0500] {logging_mixin.py:190} INFO - [2025-03-27T14:52:36.156-0500] {dagbag.py:588} INFO - Filling up the DagBag from /home/udhbhav/miniconda3/lib/python3.11/site-packages/airflow/example_dags/tutorial_taskflow_api.py
[2025-03-27T14:52:36.161-0500] {processor.py:925} INFO - DAG(s) 'tutorial_taskflow_api' retrieved from /home/udhbhav/miniconda3/lib/python3.11/site-packages/airflow/example_dags/tutorial_taskflow_api.py
[2025-03-27T14:52:36.168-0500] {logging_mixin.py:190} INFO - [2025-03-27T14:52:36.168-0500] {dag.py:3239} INFO - Sync 1 DAGs
[2025-03-27T14:52:36.173-0500] {logging_mixin.py:190} INFO - [2025-03-27T14:52:36.173-0500] {dag.py:4180} INFO - Setting next_dagrun for tutorial_taskflow_api to None, run_after=None
[2025-03-27T14:52:36.400-0500] {processor.py:208} INFO - Processing /home/udhbhav/miniconda3/lib/python3.11/site-packages/airflow/example_dags/tutorial_taskflow_api.py took 0.248 seconds
[2025-03-27T14:53:47.471-0500] {processor.py:186} INFO - Started process (PID=1784881) to work on /home/udhbhav/miniconda3/lib/python3.11/site-packages/airflow/example_dags/tutorial_taskflow_api.py
[2025-03-27T14:53:47.471-0500] {processor.py:914} INFO - Processing file /home/udhbhav/miniconda3/lib/python3.11/site-packages/airflow/example_dags/tutorial_taskflow_api.py for tasks to queue
[2025-03-27T14:53:47.473-0500] {logging_mixin.py:190} INFO - [2025-03-27T14:53:47.472-0500] {dagbag.py:588} INFO - Filling up the DagBag from /home/udhbhav/miniconda3/lib/python3.11/site-packages/airflow/example_dags/tutorial_taskflow_api.py
[2025-03-27T14:53:47.477-0500] {processor.py:925} INFO - DAG(s) 'tutorial_taskflow_api' retrieved from /home/udhbhav/miniconda3/lib/python3.11/site-packages/airflow/example_dags/tutorial_taskflow_api.py
[2025-03-27T14:53:47.484-0500] {logging_mixin.py:190} INFO - [2025-03-27T14:53:47.484-0500] {dag.py:3239} INFO - Sync 1 DAGs
[2025-03-27T14:53:47.489-0500] {logging_mixin.py:190} INFO - [2025-03-27T14:53:47.489-0500] {dag.py:4180} INFO - Setting next_dagrun for tutorial_taskflow_api to None, run_after=None
[2025-03-27T14:53:47.622-0500] {processor.py:208} INFO - Processing /home/udhbhav/miniconda3/lib/python3.11/site-packages/airflow/example_dags/tutorial_taskflow_api.py took 0.154 seconds
[2025-03-27T14:54:52.892-0500] {processor.py:186} INFO - Started process (PID=1785520) to work on /home/udhbhav/miniconda3/lib/python3.11/site-packages/airflow/example_dags/tutorial_taskflow_api.py
[2025-03-27T14:54:52.893-0500] {processor.py:914} INFO - Processing file /home/udhbhav/miniconda3/lib/python3.11/site-packages/airflow/example_dags/tutorial_taskflow_api.py for tasks to queue
[2025-03-27T14:54:52.894-0500] {logging_mixin.py:190} INFO - [2025-03-27T14:54:52.893-0500] {dagbag.py:588} INFO - Filling up the DagBag from /home/udhbhav/miniconda3/lib/python3.11/site-packages/airflow/example_dags/tutorial_taskflow_api.py
[2025-03-27T14:54:52.898-0500] {processor.py:925} INFO - DAG(s) 'tutorial_taskflow_api' retrieved from /home/udhbhav/miniconda3/lib/python3.11/site-packages/airflow/example_dags/tutorial_taskflow_api.py
[2025-03-27T14:54:52.905-0500] {logging_mixin.py:190} INFO - [2025-03-27T14:54:52.905-0500] {dag.py:3239} INFO - Sync 1 DAGs
[2025-03-27T14:54:52.910-0500] {logging_mixin.py:190} INFO - [2025-03-27T14:54:52.910-0500] {dag.py:4180} INFO - Setting next_dagrun for tutorial_taskflow_api to None, run_after=None
[2025-03-27T14:54:53.065-0500] {processor.py:208} INFO - Processing /home/udhbhav/miniconda3/lib/python3.11/site-packages/airflow/example_dags/tutorial_taskflow_api.py took 0.176 seconds
[2025-03-27T14:56:01.935-0500] {processor.py:186} INFO - Started process (PID=1786199) to work on /home/udhbhav/miniconda3/lib/python3.11/site-packages/airflow/example_dags/tutorial_taskflow_api.py
[2025-03-27T14:56:01.935-0500] {processor.py:914} INFO - Processing file /home/udhbhav/miniconda3/lib/python3.11/site-packages/airflow/example_dags/tutorial_taskflow_api.py for tasks to queue
[2025-03-27T14:56:01.937-0500] {logging_mixin.py:190} INFO - [2025-03-27T14:56:01.936-0500] {dagbag.py:588} INFO - Filling up the DagBag from /home/udhbhav/miniconda3/lib/python3.11/site-packages/airflow/example_dags/tutorial_taskflow_api.py
[2025-03-27T14:56:01.941-0500] {processor.py:925} INFO - DAG(s) 'tutorial_taskflow_api' retrieved from /home/udhbhav/miniconda3/lib/python3.11/site-packages/airflow/example_dags/tutorial_taskflow_api.py
[2025-03-27T14:56:01.948-0500] {logging_mixin.py:190} INFO - [2025-03-27T14:56:01.948-0500] {dag.py:3239} INFO - Sync 1 DAGs
[2025-03-27T14:56:01.953-0500] {logging_mixin.py:190} INFO - [2025-03-27T14:56:01.953-0500] {dag.py:4180} INFO - Setting next_dagrun for tutorial_taskflow_api to None, run_after=None
[2025-03-27T14:56:02.253-0500] {processor.py:208} INFO - Processing /home/udhbhav/miniconda3/lib/python3.11/site-packages/airflow/example_dags/tutorial_taskflow_api.py took 0.321 seconds
[2025-03-27T14:57:19.406-0500] {processor.py:186} INFO - Started process (PID=1786964) to work on /home/udhbhav/miniconda3/lib/python3.11/site-packages/airflow/example_dags/tutorial_taskflow_api.py
[2025-03-27T14:57:19.407-0500] {processor.py:914} INFO - Processing file /home/udhbhav/miniconda3/lib/python3.11/site-packages/airflow/example_dags/tutorial_taskflow_api.py for tasks to queue
[2025-03-27T14:57:19.408-0500] {logging_mixin.py:190} INFO - [2025-03-27T14:57:19.407-0500] {dagbag.py:588} INFO - Filling up the DagBag from /home/udhbhav/miniconda3/lib/python3.11/site-packages/airflow/example_dags/tutorial_taskflow_api.py
[2025-03-27T14:57:19.412-0500] {processor.py:925} INFO - DAG(s) 'tutorial_taskflow_api' retrieved from /home/udhbhav/miniconda3/lib/python3.11/site-packages/airflow/example_dags/tutorial_taskflow_api.py
[2025-03-27T14:57:19.419-0500] {logging_mixin.py:190} INFO - [2025-03-27T14:57:19.419-0500] {dag.py:3239} INFO - Sync 1 DAGs
[2025-03-27T14:57:19.424-0500] {logging_mixin.py:190} INFO - [2025-03-27T14:57:19.424-0500] {dag.py:4180} INFO - Setting next_dagrun for tutorial_taskflow_api to None, run_after=None
[2025-03-27T14:57:19.641-0500] {processor.py:208} INFO - Processing /home/udhbhav/miniconda3/lib/python3.11/site-packages/airflow/example_dags/tutorial_taskflow_api.py took 0.237 seconds
[2025-03-27T14:58:38.019-0500] {processor.py:186} INFO - Started process (PID=1787815) to work on /home/udhbhav/miniconda3/lib/python3.11/site-packages/airflow/example_dags/tutorial_taskflow_api.py
[2025-03-27T14:58:38.020-0500] {processor.py:914} INFO - Processing file /home/udhbhav/miniconda3/lib/python3.11/site-packages/airflow/example_dags/tutorial_taskflow_api.py for tasks to queue
[2025-03-27T14:58:38.021-0500] {logging_mixin.py:190} INFO - [2025-03-27T14:58:38.020-0500] {dagbag.py:588} INFO - Filling up the DagBag from /home/udhbhav/miniconda3/lib/python3.11/site-packages/airflow/example_dags/tutorial_taskflow_api.py
[2025-03-27T14:58:38.025-0500] {processor.py:925} INFO - DAG(s) 'tutorial_taskflow_api' retrieved from /home/udhbhav/miniconda3/lib/python3.11/site-packages/airflow/example_dags/tutorial_taskflow_api.py
[2025-03-27T14:58:38.032-0500] {logging_mixin.py:190} INFO - [2025-03-27T14:58:38.032-0500] {dag.py:3239} INFO - Sync 1 DAGs
[2025-03-27T14:58:38.038-0500] {logging_mixin.py:190} INFO - [2025-03-27T14:58:38.038-0500] {dag.py:4180} INFO - Setting next_dagrun for tutorial_taskflow_api to None, run_after=None
[2025-03-27T14:58:38.247-0500] {processor.py:208} INFO - Processing /home/udhbhav/miniconda3/lib/python3.11/site-packages/airflow/example_dags/tutorial_taskflow_api.py took 0.231 seconds
[2025-03-27T15:00:11.803-0500] {processor.py:186} INFO - Started process (PID=1788872) to work on /home/udhbhav/miniconda3/lib/python3.11/site-packages/airflow/example_dags/tutorial_taskflow_api.py
[2025-03-27T15:00:11.803-0500] {processor.py:914} INFO - Processing file /home/udhbhav/miniconda3/lib/python3.11/site-packages/airflow/example_dags/tutorial_taskflow_api.py for tasks to queue
[2025-03-27T15:00:11.805-0500] {logging_mixin.py:190} INFO - [2025-03-27T15:00:11.804-0500] {dagbag.py:588} INFO - Filling up the DagBag from /home/udhbhav/miniconda3/lib/python3.11/site-packages/airflow/example_dags/tutorial_taskflow_api.py
[2025-03-27T15:00:11.810-0500] {processor.py:925} INFO - DAG(s) 'tutorial_taskflow_api' retrieved from /home/udhbhav/miniconda3/lib/python3.11/site-packages/airflow/example_dags/tutorial_taskflow_api.py
[2025-03-27T15:00:11.817-0500] {logging_mixin.py:190} INFO - [2025-03-27T15:00:11.817-0500] {dag.py:3239} INFO - Sync 1 DAGs
[2025-03-27T15:00:11.822-0500] {logging_mixin.py:190} INFO - [2025-03-27T15:00:11.822-0500] {dag.py:4180} INFO - Setting next_dagrun for tutorial_taskflow_api to None, run_after=None
[2025-03-27T15:00:11.955-0500] {processor.py:208} INFO - Processing /home/udhbhav/miniconda3/lib/python3.11/site-packages/airflow/example_dags/tutorial_taskflow_api.py took 0.155 seconds
[2025-03-27T15:01:18.796-0500] {processor.py:186} INFO - Started process (PID=1789596) to work on /home/udhbhav/miniconda3/lib/python3.11/site-packages/airflow/example_dags/tutorial_taskflow_api.py
[2025-03-27T15:01:18.797-0500] {processor.py:914} INFO - Processing file /home/udhbhav/miniconda3/lib/python3.11/site-packages/airflow/example_dags/tutorial_taskflow_api.py for tasks to queue
[2025-03-27T15:01:18.798-0500] {logging_mixin.py:190} INFO - [2025-03-27T15:01:18.798-0500] {dagbag.py:588} INFO - Filling up the DagBag from /home/udhbhav/miniconda3/lib/python3.11/site-packages/airflow/example_dags/tutorial_taskflow_api.py
[2025-03-27T15:01:18.803-0500] {processor.py:925} INFO - DAG(s) 'tutorial_taskflow_api' retrieved from /home/udhbhav/miniconda3/lib/python3.11/site-packages/airflow/example_dags/tutorial_taskflow_api.py
[2025-03-27T15:01:18.810-0500] {logging_mixin.py:190} INFO - [2025-03-27T15:01:18.810-0500] {dag.py:3239} INFO - Sync 1 DAGs
[2025-03-27T15:01:18.815-0500] {logging_mixin.py:190} INFO - [2025-03-27T15:01:18.815-0500] {dag.py:4180} INFO - Setting next_dagrun for tutorial_taskflow_api to None, run_after=None
[2025-03-27T15:01:18.948-0500] {processor.py:208} INFO - Processing /home/udhbhav/miniconda3/lib/python3.11/site-packages/airflow/example_dags/tutorial_taskflow_api.py took 0.155 seconds
[2025-03-27T15:02:24.045-0500] {processor.py:186} INFO - Started process (PID=1790332) to work on /home/udhbhav/miniconda3/lib/python3.11/site-packages/airflow/example_dags/tutorial_taskflow_api.py
[2025-03-27T15:02:24.045-0500] {processor.py:914} INFO - Processing file /home/udhbhav/miniconda3/lib/python3.11/site-packages/airflow/example_dags/tutorial_taskflow_api.py for tasks to queue
[2025-03-27T15:02:24.047-0500] {logging_mixin.py:190} INFO - [2025-03-27T15:02:24.046-0500] {dagbag.py:588} INFO - Filling up the DagBag from /home/udhbhav/miniconda3/lib/python3.11/site-packages/airflow/example_dags/tutorial_taskflow_api.py
[2025-03-27T15:02:24.051-0500] {processor.py:925} INFO - DAG(s) 'tutorial_taskflow_api' retrieved from /home/udhbhav/miniconda3/lib/python3.11/site-packages/airflow/example_dags/tutorial_taskflow_api.py
[2025-03-27T15:02:24.058-0500] {logging_mixin.py:190} INFO - [2025-03-27T15:02:24.058-0500] {dag.py:3239} INFO - Sync 1 DAGs
[2025-03-27T15:02:24.063-0500] {logging_mixin.py:190} INFO - [2025-03-27T15:02:24.063-0500] {dag.py:4180} INFO - Setting next_dagrun for tutorial_taskflow_api to None, run_after=None
[2025-03-27T15:02:24.196-0500] {processor.py:208} INFO - Processing /home/udhbhav/miniconda3/lib/python3.11/site-packages/airflow/example_dags/tutorial_taskflow_api.py took 0.154 seconds
[2025-03-27T15:03:41.329-0500] {processor.py:186} INFO - Started process (PID=1791101) to work on /home/udhbhav/miniconda3/lib/python3.11/site-packages/airflow/example_dags/tutorial_taskflow_api.py
[2025-03-27T15:03:41.330-0500] {processor.py:914} INFO - Processing file /home/udhbhav/miniconda3/lib/python3.11/site-packages/airflow/example_dags/tutorial_taskflow_api.py for tasks to queue
[2025-03-27T15:03:41.331-0500] {logging_mixin.py:190} INFO - [2025-03-27T15:03:41.330-0500] {dagbag.py:588} INFO - Filling up the DagBag from /home/udhbhav/miniconda3/lib/python3.11/site-packages/airflow/example_dags/tutorial_taskflow_api.py
[2025-03-27T15:03:41.335-0500] {processor.py:925} INFO - DAG(s) 'tutorial_taskflow_api' retrieved from /home/udhbhav/miniconda3/lib/python3.11/site-packages/airflow/example_dags/tutorial_taskflow_api.py
[2025-03-27T15:03:41.342-0500] {logging_mixin.py:190} INFO - [2025-03-27T15:03:41.342-0500] {dag.py:3239} INFO - Sync 1 DAGs
[2025-03-27T15:03:41.347-0500] {logging_mixin.py:190} INFO - [2025-03-27T15:03:41.347-0500] {dag.py:4180} INFO - Setting next_dagrun for tutorial_taskflow_api to None, run_after=None
[2025-03-27T15:03:41.482-0500] {processor.py:208} INFO - Processing /home/udhbhav/miniconda3/lib/python3.11/site-packages/airflow/example_dags/tutorial_taskflow_api.py took 0.156 seconds
[2025-03-27T15:04:55.425-0500] {processor.py:186} INFO - Started process (PID=1791878) to work on /home/udhbhav/miniconda3/lib/python3.11/site-packages/airflow/example_dags/tutorial_taskflow_api.py
[2025-03-27T15:04:55.426-0500] {processor.py:914} INFO - Processing file /home/udhbhav/miniconda3/lib/python3.11/site-packages/airflow/example_dags/tutorial_taskflow_api.py for tasks to queue
[2025-03-27T15:04:55.427-0500] {logging_mixin.py:190} INFO - [2025-03-27T15:04:55.426-0500] {dagbag.py:588} INFO - Filling up the DagBag from /home/udhbhav/miniconda3/lib/python3.11/site-packages/airflow/example_dags/tutorial_taskflow_api.py
[2025-03-27T15:04:55.434-0500] {processor.py:925} INFO - DAG(s) 'tutorial_taskflow_api' retrieved from /home/udhbhav/miniconda3/lib/python3.11/site-packages/airflow/example_dags/tutorial_taskflow_api.py
[2025-03-27T15:04:55.441-0500] {logging_mixin.py:190} INFO - [2025-03-27T15:04:55.441-0500] {dag.py:3239} INFO - Sync 1 DAGs
[2025-03-27T15:04:55.447-0500] {logging_mixin.py:190} INFO - [2025-03-27T15:04:55.447-0500] {dag.py:4180} INFO - Setting next_dagrun for tutorial_taskflow_api to None, run_after=None
[2025-03-27T15:04:55.695-0500] {processor.py:208} INFO - Processing /home/udhbhav/miniconda3/lib/python3.11/site-packages/airflow/example_dags/tutorial_taskflow_api.py took 0.273 seconds
[2025-03-27T15:06:18.588-0500] {processor.py:186} INFO - Started process (PID=1792598) to work on /home/udhbhav/miniconda3/lib/python3.11/site-packages/airflow/example_dags/tutorial_taskflow_api.py
[2025-03-27T15:06:18.588-0500] {processor.py:914} INFO - Processing file /home/udhbhav/miniconda3/lib/python3.11/site-packages/airflow/example_dags/tutorial_taskflow_api.py for tasks to queue
[2025-03-27T15:06:18.589-0500] {logging_mixin.py:190} INFO - [2025-03-27T15:06:18.589-0500] {dagbag.py:588} INFO - Filling up the DagBag from /home/udhbhav/miniconda3/lib/python3.11/site-packages/airflow/example_dags/tutorial_taskflow_api.py
[2025-03-27T15:06:18.593-0500] {processor.py:925} INFO - DAG(s) 'tutorial_taskflow_api' retrieved from /home/udhbhav/miniconda3/lib/python3.11/site-packages/airflow/example_dags/tutorial_taskflow_api.py
[2025-03-27T15:06:18.601-0500] {logging_mixin.py:190} INFO - [2025-03-27T15:06:18.600-0500] {dag.py:3239} INFO - Sync 1 DAGs
[2025-03-27T15:06:18.606-0500] {logging_mixin.py:190} INFO - [2025-03-27T15:06:18.606-0500] {dag.py:4180} INFO - Setting next_dagrun for tutorial_taskflow_api to None, run_after=None
[2025-03-27T15:06:18.922-0500] {processor.py:208} INFO - Processing /home/udhbhav/miniconda3/lib/python3.11/site-packages/airflow/example_dags/tutorial_taskflow_api.py took 0.338 seconds
[2025-03-27T15:07:42.697-0500] {processor.py:186} INFO - Started process (PID=1793538) to work on /home/udhbhav/miniconda3/lib/python3.11/site-packages/airflow/example_dags/tutorial_taskflow_api.py
[2025-03-27T15:07:42.698-0500] {processor.py:914} INFO - Processing file /home/udhbhav/miniconda3/lib/python3.11/site-packages/airflow/example_dags/tutorial_taskflow_api.py for tasks to queue
[2025-03-27T15:07:42.699-0500] {logging_mixin.py:190} INFO - [2025-03-27T15:07:42.699-0500] {dagbag.py:588} INFO - Filling up the DagBag from /home/udhbhav/miniconda3/lib/python3.11/site-packages/airflow/example_dags/tutorial_taskflow_api.py
[2025-03-27T15:07:42.703-0500] {processor.py:925} INFO - DAG(s) 'tutorial_taskflow_api' retrieved from /home/udhbhav/miniconda3/lib/python3.11/site-packages/airflow/example_dags/tutorial_taskflow_api.py
[2025-03-27T15:07:42.710-0500] {logging_mixin.py:190} INFO - [2025-03-27T15:07:42.710-0500] {dag.py:3239} INFO - Sync 1 DAGs
[2025-03-27T15:07:42.715-0500] {logging_mixin.py:190} INFO - [2025-03-27T15:07:42.715-0500] {dag.py:4180} INFO - Setting next_dagrun for tutorial_taskflow_api to None, run_after=None
[2025-03-27T15:07:42.848-0500] {processor.py:208} INFO - Processing /home/udhbhav/miniconda3/lib/python3.11/site-packages/airflow/example_dags/tutorial_taskflow_api.py took 0.153 seconds
[2025-03-27T15:08:45.551-0500] {processor.py:186} INFO - Started process (PID=1794202) to work on /home/udhbhav/miniconda3/lib/python3.11/site-packages/airflow/example_dags/tutorial_taskflow_api.py
[2025-03-27T15:08:45.552-0500] {processor.py:914} INFO - Processing file /home/udhbhav/miniconda3/lib/python3.11/site-packages/airflow/example_dags/tutorial_taskflow_api.py for tasks to queue
[2025-03-27T15:08:45.553-0500] {logging_mixin.py:190} INFO - [2025-03-27T15:08:45.552-0500] {dagbag.py:588} INFO - Filling up the DagBag from /home/udhbhav/miniconda3/lib/python3.11/site-packages/airflow/example_dags/tutorial_taskflow_api.py
[2025-03-27T15:08:45.557-0500] {processor.py:925} INFO - DAG(s) 'tutorial_taskflow_api' retrieved from /home/udhbhav/miniconda3/lib/python3.11/site-packages/airflow/example_dags/tutorial_taskflow_api.py
[2025-03-27T15:08:45.564-0500] {logging_mixin.py:190} INFO - [2025-03-27T15:08:45.564-0500] {dag.py:3239} INFO - Sync 1 DAGs
[2025-03-27T15:08:45.569-0500] {logging_mixin.py:190} INFO - [2025-03-27T15:08:45.569-0500] {dag.py:4180} INFO - Setting next_dagrun for tutorial_taskflow_api to None, run_after=None
[2025-03-27T15:08:45.702-0500] {processor.py:208} INFO - Processing /home/udhbhav/miniconda3/lib/python3.11/site-packages/airflow/example_dags/tutorial_taskflow_api.py took 0.153 seconds
[2025-03-27T15:09:56.335-0500] {processor.py:186} INFO - Started process (PID=1794839) to work on /home/udhbhav/miniconda3/lib/python3.11/site-packages/airflow/example_dags/tutorial_taskflow_api.py
[2025-03-27T15:09:56.336-0500] {processor.py:914} INFO - Processing file /home/udhbhav/miniconda3/lib/python3.11/site-packages/airflow/example_dags/tutorial_taskflow_api.py for tasks to queue
[2025-03-27T15:09:56.337-0500] {logging_mixin.py:190} INFO - [2025-03-27T15:09:56.337-0500] {dagbag.py:588} INFO - Filling up the DagBag from /home/udhbhav/miniconda3/lib/python3.11/site-packages/airflow/example_dags/tutorial_taskflow_api.py
[2025-03-27T15:09:56.341-0500] {processor.py:925} INFO - DAG(s) 'tutorial_taskflow_api' retrieved from /home/udhbhav/miniconda3/lib/python3.11/site-packages/airflow/example_dags/tutorial_taskflow_api.py
[2025-03-27T15:09:56.348-0500] {logging_mixin.py:190} INFO - [2025-03-27T15:09:56.348-0500] {dag.py:3239} INFO - Sync 1 DAGs
[2025-03-27T15:09:56.353-0500] {logging_mixin.py:190} INFO - [2025-03-27T15:09:56.353-0500] {dag.py:4180} INFO - Setting next_dagrun for tutorial_taskflow_api to None, run_after=None
[2025-03-27T15:09:56.475-0500] {processor.py:208} INFO - Processing /home/udhbhav/miniconda3/lib/python3.11/site-packages/airflow/example_dags/tutorial_taskflow_api.py took 0.143 seconds
[2025-03-27T15:11:04.999-0500] {processor.py:186} INFO - Started process (PID=1795482) to work on /home/udhbhav/miniconda3/lib/python3.11/site-packages/airflow/example_dags/tutorial_taskflow_api.py
[2025-03-27T15:11:05.000-0500] {processor.py:914} INFO - Processing file /home/udhbhav/miniconda3/lib/python3.11/site-packages/airflow/example_dags/tutorial_taskflow_api.py for tasks to queue
[2025-03-27T15:11:05.001-0500] {logging_mixin.py:190} INFO - [2025-03-27T15:11:05.001-0500] {dagbag.py:588} INFO - Filling up the DagBag from /home/udhbhav/miniconda3/lib/python3.11/site-packages/airflow/example_dags/tutorial_taskflow_api.py
[2025-03-27T15:11:05.005-0500] {processor.py:925} INFO - DAG(s) 'tutorial_taskflow_api' retrieved from /home/udhbhav/miniconda3/lib/python3.11/site-packages/airflow/example_dags/tutorial_taskflow_api.py
[2025-03-27T15:11:05.012-0500] {logging_mixin.py:190} INFO - [2025-03-27T15:11:05.012-0500] {dag.py:3239} INFO - Sync 1 DAGs
[2025-03-27T15:11:05.018-0500] {logging_mixin.py:190} INFO - [2025-03-27T15:11:05.017-0500] {dag.py:4180} INFO - Setting next_dagrun for tutorial_taskflow_api to None, run_after=None
[2025-03-27T15:11:05.150-0500] {processor.py:208} INFO - Processing /home/udhbhav/miniconda3/lib/python3.11/site-packages/airflow/example_dags/tutorial_taskflow_api.py took 0.154 seconds
[2025-03-27T15:12:10.917-0500] {processor.py:186} INFO - Started process (PID=1797672) to work on /home/udhbhav/miniconda3/lib/python3.11/site-packages/airflow/example_dags/tutorial_taskflow_api.py
[2025-03-27T15:12:10.917-0500] {processor.py:914} INFO - Processing file /home/udhbhav/miniconda3/lib/python3.11/site-packages/airflow/example_dags/tutorial_taskflow_api.py for tasks to queue
[2025-03-27T15:12:10.919-0500] {logging_mixin.py:190} INFO - [2025-03-27T15:12:10.919-0500] {dagbag.py:588} INFO - Filling up the DagBag from /home/udhbhav/miniconda3/lib/python3.11/site-packages/airflow/example_dags/tutorial_taskflow_api.py
[2025-03-27T15:12:10.923-0500] {processor.py:925} INFO - DAG(s) 'tutorial_taskflow_api' retrieved from /home/udhbhav/miniconda3/lib/python3.11/site-packages/airflow/example_dags/tutorial_taskflow_api.py
[2025-03-27T15:12:10.930-0500] {logging_mixin.py:190} INFO - [2025-03-27T15:12:10.930-0500] {dag.py:3239} INFO - Sync 1 DAGs
[2025-03-27T15:12:10.935-0500] {logging_mixin.py:190} INFO - [2025-03-27T15:12:10.935-0500] {dag.py:4180} INFO - Setting next_dagrun for tutorial_taskflow_api to None, run_after=None
[2025-03-27T15:12:11.397-0500] {processor.py:208} INFO - Processing /home/udhbhav/miniconda3/lib/python3.11/site-packages/airflow/example_dags/tutorial_taskflow_api.py took 0.483 seconds
[2025-03-27T15:13:30.231-0500] {processor.py:186} INFO - Started process (PID=1798457) to work on /home/udhbhav/miniconda3/lib/python3.11/site-packages/airflow/example_dags/tutorial_taskflow_api.py
[2025-03-27T15:13:30.231-0500] {processor.py:914} INFO - Processing file /home/udhbhav/miniconda3/lib/python3.11/site-packages/airflow/example_dags/tutorial_taskflow_api.py for tasks to queue
[2025-03-27T15:13:30.233-0500] {logging_mixin.py:190} INFO - [2025-03-27T15:13:30.232-0500] {dagbag.py:588} INFO - Filling up the DagBag from /home/udhbhav/miniconda3/lib/python3.11/site-packages/airflow/example_dags/tutorial_taskflow_api.py
[2025-03-27T15:13:30.237-0500] {processor.py:925} INFO - DAG(s) 'tutorial_taskflow_api' retrieved from /home/udhbhav/miniconda3/lib/python3.11/site-packages/airflow/example_dags/tutorial_taskflow_api.py
[2025-03-27T15:13:30.244-0500] {logging_mixin.py:190} INFO - [2025-03-27T15:13:30.244-0500] {dag.py:3239} INFO - Sync 1 DAGs
[2025-03-27T15:13:30.250-0500] {logging_mixin.py:190} INFO - [2025-03-27T15:13:30.249-0500] {dag.py:4180} INFO - Setting next_dagrun for tutorial_taskflow_api to None, run_after=None
[2025-03-27T15:13:30.453-0500] {processor.py:208} INFO - Processing /home/udhbhav/miniconda3/lib/python3.11/site-packages/airflow/example_dags/tutorial_taskflow_api.py took 0.226 seconds
[2025-03-27T15:14:47.553-0500] {processor.py:186} INFO - Started process (PID=1799330) to work on /home/udhbhav/miniconda3/lib/python3.11/site-packages/airflow/example_dags/tutorial_taskflow_api.py
[2025-03-27T15:14:47.554-0500] {processor.py:914} INFO - Processing file /home/udhbhav/miniconda3/lib/python3.11/site-packages/airflow/example_dags/tutorial_taskflow_api.py for tasks to queue
[2025-03-27T15:14:47.555-0500] {logging_mixin.py:190} INFO - [2025-03-27T15:14:47.554-0500] {dagbag.py:588} INFO - Filling up the DagBag from /home/udhbhav/miniconda3/lib/python3.11/site-packages/airflow/example_dags/tutorial_taskflow_api.py
[2025-03-27T15:14:47.559-0500] {processor.py:925} INFO - DAG(s) 'tutorial_taskflow_api' retrieved from /home/udhbhav/miniconda3/lib/python3.11/site-packages/airflow/example_dags/tutorial_taskflow_api.py
[2025-03-27T15:14:47.566-0500] {logging_mixin.py:190} INFO - [2025-03-27T15:14:47.566-0500] {dag.py:3239} INFO - Sync 1 DAGs
[2025-03-27T15:14:47.572-0500] {logging_mixin.py:190} INFO - [2025-03-27T15:14:47.572-0500] {dag.py:4180} INFO - Setting next_dagrun for tutorial_taskflow_api to None, run_after=None
[2025-03-27T15:14:47.773-0500] {processor.py:208} INFO - Processing /home/udhbhav/miniconda3/lib/python3.11/site-packages/airflow/example_dags/tutorial_taskflow_api.py took 0.223 seconds
[2025-03-27T15:16:06.198-0500] {processor.py:186} INFO - Started process (PID=1800019) to work on /home/udhbhav/miniconda3/lib/python3.11/site-packages/airflow/example_dags/tutorial_taskflow_api.py
[2025-03-27T15:16:06.198-0500] {processor.py:914} INFO - Processing file /home/udhbhav/miniconda3/lib/python3.11/site-packages/airflow/example_dags/tutorial_taskflow_api.py for tasks to queue
[2025-03-27T15:16:06.200-0500] {logging_mixin.py:190} INFO - [2025-03-27T15:16:06.200-0500] {dagbag.py:588} INFO - Filling up the DagBag from /home/udhbhav/miniconda3/lib/python3.11/site-packages/airflow/example_dags/tutorial_taskflow_api.py
[2025-03-27T15:16:06.204-0500] {processor.py:925} INFO - DAG(s) 'tutorial_taskflow_api' retrieved from /home/udhbhav/miniconda3/lib/python3.11/site-packages/airflow/example_dags/tutorial_taskflow_api.py
[2025-03-27T15:16:06.211-0500] {logging_mixin.py:190} INFO - [2025-03-27T15:16:06.211-0500] {dag.py:3239} INFO - Sync 1 DAGs
[2025-03-27T15:16:06.216-0500] {logging_mixin.py:190} INFO - [2025-03-27T15:16:06.216-0500] {dag.py:4180} INFO - Setting next_dagrun for tutorial_taskflow_api to None, run_after=None
[2025-03-27T15:16:06.397-0500] {processor.py:208} INFO - Processing /home/udhbhav/miniconda3/lib/python3.11/site-packages/airflow/example_dags/tutorial_taskflow_api.py took 0.202 seconds
[2025-03-27T15:17:24.154-0500] {processor.py:186} INFO - Started process (PID=1800792) to work on /home/udhbhav/miniconda3/lib/python3.11/site-packages/airflow/example_dags/tutorial_taskflow_api.py
[2025-03-27T15:17:24.154-0500] {processor.py:914} INFO - Processing file /home/udhbhav/miniconda3/lib/python3.11/site-packages/airflow/example_dags/tutorial_taskflow_api.py for tasks to queue
[2025-03-27T15:17:24.156-0500] {logging_mixin.py:190} INFO - [2025-03-27T15:17:24.155-0500] {dagbag.py:588} INFO - Filling up the DagBag from /home/udhbhav/miniconda3/lib/python3.11/site-packages/airflow/example_dags/tutorial_taskflow_api.py
[2025-03-27T15:17:24.160-0500] {processor.py:925} INFO - DAG(s) 'tutorial_taskflow_api' retrieved from /home/udhbhav/miniconda3/lib/python3.11/site-packages/airflow/example_dags/tutorial_taskflow_api.py
[2025-03-27T15:17:24.167-0500] {logging_mixin.py:190} INFO - [2025-03-27T15:17:24.167-0500] {dag.py:3239} INFO - Sync 1 DAGs
[2025-03-27T15:17:24.172-0500] {logging_mixin.py:190} INFO - [2025-03-27T15:17:24.172-0500] {dag.py:4180} INFO - Setting next_dagrun for tutorial_taskflow_api to None, run_after=None
[2025-03-27T15:17:24.305-0500] {processor.py:208} INFO - Processing /home/udhbhav/miniconda3/lib/python3.11/site-packages/airflow/example_dags/tutorial_taskflow_api.py took 0.154 seconds
[2025-03-27T15:18:30.511-0500] {processor.py:186} INFO - Started process (PID=1801437) to work on /home/udhbhav/miniconda3/lib/python3.11/site-packages/airflow/example_dags/tutorial_taskflow_api.py
[2025-03-27T15:18:30.511-0500] {processor.py:914} INFO - Processing file /home/udhbhav/miniconda3/lib/python3.11/site-packages/airflow/example_dags/tutorial_taskflow_api.py for tasks to queue
[2025-03-27T15:18:30.513-0500] {logging_mixin.py:190} INFO - [2025-03-27T15:18:30.512-0500] {dagbag.py:588} INFO - Filling up the DagBag from /home/udhbhav/miniconda3/lib/python3.11/site-packages/airflow/example_dags/tutorial_taskflow_api.py
[2025-03-27T15:18:30.517-0500] {processor.py:925} INFO - DAG(s) 'tutorial_taskflow_api' retrieved from /home/udhbhav/miniconda3/lib/python3.11/site-packages/airflow/example_dags/tutorial_taskflow_api.py
[2025-03-27T15:18:30.524-0500] {logging_mixin.py:190} INFO - [2025-03-27T15:18:30.524-0500] {dag.py:3239} INFO - Sync 1 DAGs
[2025-03-27T15:18:30.529-0500] {logging_mixin.py:190} INFO - [2025-03-27T15:18:30.529-0500] {dag.py:4180} INFO - Setting next_dagrun for tutorial_taskflow_api to None, run_after=None
[2025-03-27T15:18:30.662-0500] {processor.py:208} INFO - Processing /home/udhbhav/miniconda3/lib/python3.11/site-packages/airflow/example_dags/tutorial_taskflow_api.py took 0.154 seconds
[2025-03-27T15:19:41.204-0500] {processor.py:186} INFO - Started process (PID=1802214) to work on /home/udhbhav/miniconda3/lib/python3.11/site-packages/airflow/example_dags/tutorial_taskflow_api.py
[2025-03-27T15:19:41.204-0500] {processor.py:914} INFO - Processing file /home/udhbhav/miniconda3/lib/python3.11/site-packages/airflow/example_dags/tutorial_taskflow_api.py for tasks to queue
[2025-03-27T15:19:41.206-0500] {logging_mixin.py:190} INFO - [2025-03-27T15:19:41.206-0500] {dagbag.py:588} INFO - Filling up the DagBag from /home/udhbhav/miniconda3/lib/python3.11/site-packages/airflow/example_dags/tutorial_taskflow_api.py
[2025-03-27T15:19:41.210-0500] {processor.py:925} INFO - DAG(s) 'tutorial_taskflow_api' retrieved from /home/udhbhav/miniconda3/lib/python3.11/site-packages/airflow/example_dags/tutorial_taskflow_api.py
[2025-03-27T15:19:41.217-0500] {logging_mixin.py:190} INFO - [2025-03-27T15:19:41.217-0500] {dag.py:3239} INFO - Sync 1 DAGs
[2025-03-27T15:19:41.223-0500] {logging_mixin.py:190} INFO - [2025-03-27T15:19:41.223-0500] {dag.py:4180} INFO - Setting next_dagrun for tutorial_taskflow_api to None, run_after=None
[2025-03-27T15:19:41.353-0500] {processor.py:208} INFO - Processing /home/udhbhav/miniconda3/lib/python3.11/site-packages/airflow/example_dags/tutorial_taskflow_api.py took 0.152 seconds
[2025-03-27T15:20:44.825-0500] {processor.py:186} INFO - Started process (PID=1803720) to work on /home/udhbhav/miniconda3/lib/python3.11/site-packages/airflow/example_dags/tutorial_taskflow_api.py
[2025-03-27T15:20:44.826-0500] {processor.py:914} INFO - Processing file /home/udhbhav/miniconda3/lib/python3.11/site-packages/airflow/example_dags/tutorial_taskflow_api.py for tasks to queue
[2025-03-27T15:20:44.827-0500] {logging_mixin.py:190} INFO - [2025-03-27T15:20:44.827-0500] {dagbag.py:588} INFO - Filling up the DagBag from /home/udhbhav/miniconda3/lib/python3.11/site-packages/airflow/example_dags/tutorial_taskflow_api.py
[2025-03-27T15:20:44.831-0500] {processor.py:925} INFO - DAG(s) 'tutorial_taskflow_api' retrieved from /home/udhbhav/miniconda3/lib/python3.11/site-packages/airflow/example_dags/tutorial_taskflow_api.py
[2025-03-27T15:20:44.839-0500] {logging_mixin.py:190} INFO - [2025-03-27T15:20:44.839-0500] {dag.py:3239} INFO - Sync 1 DAGs
[2025-03-27T15:20:44.844-0500] {logging_mixin.py:190} INFO - [2025-03-27T15:20:44.844-0500] {dag.py:4180} INFO - Setting next_dagrun for tutorial_taskflow_api to None, run_after=None
[2025-03-27T15:20:44.977-0500] {processor.py:208} INFO - Processing /home/udhbhav/miniconda3/lib/python3.11/site-packages/airflow/example_dags/tutorial_taskflow_api.py took 0.155 seconds
[2025-03-27T15:21:57.166-0500] {processor.py:186} INFO - Started process (PID=1808450) to work on /home/udhbhav/miniconda3/lib/python3.11/site-packages/airflow/example_dags/tutorial_taskflow_api.py
[2025-03-27T15:21:57.166-0500] {processor.py:914} INFO - Processing file /home/udhbhav/miniconda3/lib/python3.11/site-packages/airflow/example_dags/tutorial_taskflow_api.py for tasks to queue
[2025-03-27T15:21:57.168-0500] {logging_mixin.py:190} INFO - [2025-03-27T15:21:57.167-0500] {dagbag.py:588} INFO - Filling up the DagBag from /home/udhbhav/miniconda3/lib/python3.11/site-packages/airflow/example_dags/tutorial_taskflow_api.py
[2025-03-27T15:21:57.172-0500] {processor.py:925} INFO - DAG(s) 'tutorial_taskflow_api' retrieved from /home/udhbhav/miniconda3/lib/python3.11/site-packages/airflow/example_dags/tutorial_taskflow_api.py
[2025-03-27T15:21:57.179-0500] {logging_mixin.py:190} INFO - [2025-03-27T15:21:57.179-0500] {dag.py:3239} INFO - Sync 1 DAGs
[2025-03-27T15:21:57.184-0500] {logging_mixin.py:190} INFO - [2025-03-27T15:21:57.184-0500] {dag.py:4180} INFO - Setting next_dagrun for tutorial_taskflow_api to None, run_after=None
[2025-03-27T15:21:57.317-0500] {processor.py:208} INFO - Processing /home/udhbhav/miniconda3/lib/python3.11/site-packages/airflow/example_dags/tutorial_taskflow_api.py took 0.153 seconds
[2025-03-27T15:23:15.899-0500] {processor.py:186} INFO - Started process (PID=1809133) to work on /home/udhbhav/miniconda3/lib/python3.11/site-packages/airflow/example_dags/tutorial_taskflow_api.py
[2025-03-27T15:23:15.899-0500] {processor.py:914} INFO - Processing file /home/udhbhav/miniconda3/lib/python3.11/site-packages/airflow/example_dags/tutorial_taskflow_api.py for tasks to queue
[2025-03-27T15:23:15.901-0500] {logging_mixin.py:190} INFO - [2025-03-27T15:23:15.900-0500] {dagbag.py:588} INFO - Filling up the DagBag from /home/udhbhav/miniconda3/lib/python3.11/site-packages/airflow/example_dags/tutorial_taskflow_api.py
[2025-03-27T15:23:15.905-0500] {processor.py:925} INFO - DAG(s) 'tutorial_taskflow_api' retrieved from /home/udhbhav/miniconda3/lib/python3.11/site-packages/airflow/example_dags/tutorial_taskflow_api.py
[2025-03-27T15:23:15.912-0500] {logging_mixin.py:190} INFO - [2025-03-27T15:23:15.912-0500] {dag.py:3239} INFO - Sync 1 DAGs
[2025-03-27T15:23:15.917-0500] {logging_mixin.py:190} INFO - [2025-03-27T15:23:15.917-0500] {dag.py:4180} INFO - Setting next_dagrun for tutorial_taskflow_api to None, run_after=None
[2025-03-27T15:23:16.139-0500] {processor.py:208} INFO - Processing /home/udhbhav/miniconda3/lib/python3.11/site-packages/airflow/example_dags/tutorial_taskflow_api.py took 0.243 seconds
[2025-03-27T15:24:24.286-0500] {processor.py:186} INFO - Started process (PID=1809915) to work on /home/udhbhav/miniconda3/lib/python3.11/site-packages/airflow/example_dags/tutorial_taskflow_api.py
[2025-03-27T15:24:24.286-0500] {processor.py:914} INFO - Processing file /home/udhbhav/miniconda3/lib/python3.11/site-packages/airflow/example_dags/tutorial_taskflow_api.py for tasks to queue
[2025-03-27T15:24:24.287-0500] {logging_mixin.py:190} INFO - [2025-03-27T15:24:24.287-0500] {dagbag.py:588} INFO - Filling up the DagBag from /home/udhbhav/miniconda3/lib/python3.11/site-packages/airflow/example_dags/tutorial_taskflow_api.py
[2025-03-27T15:24:24.291-0500] {processor.py:925} INFO - DAG(s) 'tutorial_taskflow_api' retrieved from /home/udhbhav/miniconda3/lib/python3.11/site-packages/airflow/example_dags/tutorial_taskflow_api.py
[2025-03-27T15:24:24.298-0500] {logging_mixin.py:190} INFO - [2025-03-27T15:24:24.298-0500] {dag.py:3239} INFO - Sync 1 DAGs
[2025-03-27T15:24:24.304-0500] {logging_mixin.py:190} INFO - [2025-03-27T15:24:24.303-0500] {dag.py:4180} INFO - Setting next_dagrun for tutorial_taskflow_api to None, run_after=None
[2025-03-27T15:24:24.531-0500] {processor.py:208} INFO - Processing /home/udhbhav/miniconda3/lib/python3.11/site-packages/airflow/example_dags/tutorial_taskflow_api.py took 0.248 seconds
[2025-03-27T15:25:46.227-0500] {processor.py:186} INFO - Started process (PID=1810835) to work on /home/udhbhav/miniconda3/lib/python3.11/site-packages/airflow/example_dags/tutorial_taskflow_api.py
[2025-03-27T15:25:46.227-0500] {processor.py:914} INFO - Processing file /home/udhbhav/miniconda3/lib/python3.11/site-packages/airflow/example_dags/tutorial_taskflow_api.py for tasks to queue
[2025-03-27T15:25:46.228-0500] {logging_mixin.py:190} INFO - [2025-03-27T15:25:46.228-0500] {dagbag.py:588} INFO - Filling up the DagBag from /home/udhbhav/miniconda3/lib/python3.11/site-packages/airflow/example_dags/tutorial_taskflow_api.py
[2025-03-27T15:25:46.232-0500] {processor.py:925} INFO - DAG(s) 'tutorial_taskflow_api' retrieved from /home/udhbhav/miniconda3/lib/python3.11/site-packages/airflow/example_dags/tutorial_taskflow_api.py
[2025-03-27T15:25:46.240-0500] {logging_mixin.py:190} INFO - [2025-03-27T15:25:46.239-0500] {dag.py:3239} INFO - Sync 1 DAGs
[2025-03-27T15:25:46.245-0500] {logging_mixin.py:190} INFO - [2025-03-27T15:25:46.245-0500] {dag.py:4180} INFO - Setting next_dagrun for tutorial_taskflow_api to None, run_after=None
[2025-03-27T15:25:46.597-0500] {processor.py:208} INFO - Processing /home/udhbhav/miniconda3/lib/python3.11/site-packages/airflow/example_dags/tutorial_taskflow_api.py took 0.373 seconds
[2025-03-27T15:27:18.130-0500] {processor.py:186} INFO - Started process (PID=1811597) to work on /home/udhbhav/miniconda3/lib/python3.11/site-packages/airflow/example_dags/tutorial_taskflow_api.py
[2025-03-27T15:27:18.130-0500] {processor.py:914} INFO - Processing file /home/udhbhav/miniconda3/lib/python3.11/site-packages/airflow/example_dags/tutorial_taskflow_api.py for tasks to queue
[2025-03-27T15:27:18.131-0500] {logging_mixin.py:190} INFO - [2025-03-27T15:27:18.131-0500] {dagbag.py:588} INFO - Filling up the DagBag from /home/udhbhav/miniconda3/lib/python3.11/site-packages/airflow/example_dags/tutorial_taskflow_api.py
[2025-03-27T15:27:18.136-0500] {processor.py:925} INFO - DAG(s) 'tutorial_taskflow_api' retrieved from /home/udhbhav/miniconda3/lib/python3.11/site-packages/airflow/example_dags/tutorial_taskflow_api.py
[2025-03-27T15:27:18.143-0500] {logging_mixin.py:190} INFO - [2025-03-27T15:27:18.143-0500] {dag.py:3239} INFO - Sync 1 DAGs
[2025-03-27T15:27:18.148-0500] {logging_mixin.py:190} INFO - [2025-03-27T15:27:18.148-0500] {dag.py:4180} INFO - Setting next_dagrun for tutorial_taskflow_api to None, run_after=None
[2025-03-27T15:27:18.280-0500] {processor.py:208} INFO - Processing /home/udhbhav/miniconda3/lib/python3.11/site-packages/airflow/example_dags/tutorial_taskflow_api.py took 0.153 seconds
[2025-03-27T15:28:36.566-0500] {processor.py:186} INFO - Started process (PID=1812349) to work on /home/udhbhav/miniconda3/lib/python3.11/site-packages/airflow/example_dags/tutorial_taskflow_api.py
[2025-03-27T15:28:36.567-0500] {processor.py:914} INFO - Processing file /home/udhbhav/miniconda3/lib/python3.11/site-packages/airflow/example_dags/tutorial_taskflow_api.py for tasks to queue
[2025-03-27T15:28:36.568-0500] {logging_mixin.py:190} INFO - [2025-03-27T15:28:36.568-0500] {dagbag.py:588} INFO - Filling up the DagBag from /home/udhbhav/miniconda3/lib/python3.11/site-packages/airflow/example_dags/tutorial_taskflow_api.py
[2025-03-27T15:28:36.572-0500] {processor.py:925} INFO - DAG(s) 'tutorial_taskflow_api' retrieved from /home/udhbhav/miniconda3/lib/python3.11/site-packages/airflow/example_dags/tutorial_taskflow_api.py
[2025-03-27T15:28:36.579-0500] {logging_mixin.py:190} INFO - [2025-03-27T15:28:36.579-0500] {dag.py:3239} INFO - Sync 1 DAGs
[2025-03-27T15:28:36.584-0500] {logging_mixin.py:190} INFO - [2025-03-27T15:28:36.584-0500] {dag.py:4180} INFO - Setting next_dagrun for tutorial_taskflow_api to None, run_after=None
[2025-03-27T15:28:36.906-0500] {processor.py:208} INFO - Processing /home/udhbhav/miniconda3/lib/python3.11/site-packages/airflow/example_dags/tutorial_taskflow_api.py took 0.343 seconds
[2025-03-27T15:30:26.242-0500] {processor.py:186} INFO - Started process (PID=1813367) to work on /home/udhbhav/miniconda3/lib/python3.11/site-packages/airflow/example_dags/tutorial_taskflow_api.py
[2025-03-27T15:30:26.242-0500] {processor.py:914} INFO - Processing file /home/udhbhav/miniconda3/lib/python3.11/site-packages/airflow/example_dags/tutorial_taskflow_api.py for tasks to queue
[2025-03-27T15:30:26.244-0500] {logging_mixin.py:190} INFO - [2025-03-27T15:30:26.243-0500] {dagbag.py:588} INFO - Filling up the DagBag from /home/udhbhav/miniconda3/lib/python3.11/site-packages/airflow/example_dags/tutorial_taskflow_api.py
[2025-03-27T15:30:26.248-0500] {processor.py:925} INFO - DAG(s) 'tutorial_taskflow_api' retrieved from /home/udhbhav/miniconda3/lib/python3.11/site-packages/airflow/example_dags/tutorial_taskflow_api.py
[2025-03-27T15:30:26.255-0500] {logging_mixin.py:190} INFO - [2025-03-27T15:30:26.255-0500] {dag.py:3239} INFO - Sync 1 DAGs
[2025-03-27T15:30:26.260-0500] {logging_mixin.py:190} INFO - [2025-03-27T15:30:26.260-0500] {dag.py:4180} INFO - Setting next_dagrun for tutorial_taskflow_api to None, run_after=None
[2025-03-27T15:30:26.542-0500] {processor.py:208} INFO - Processing /home/udhbhav/miniconda3/lib/python3.11/site-packages/airflow/example_dags/tutorial_taskflow_api.py took 0.303 seconds
[2025-03-27T15:32:14.953-0500] {processor.py:186} INFO - Started process (PID=1814395) to work on /home/udhbhav/miniconda3/lib/python3.11/site-packages/airflow/example_dags/tutorial_taskflow_api.py
[2025-03-27T15:32:14.954-0500] {processor.py:914} INFO - Processing file /home/udhbhav/miniconda3/lib/python3.11/site-packages/airflow/example_dags/tutorial_taskflow_api.py for tasks to queue
[2025-03-27T15:32:14.955-0500] {logging_mixin.py:190} INFO - [2025-03-27T15:32:14.954-0500] {dagbag.py:588} INFO - Filling up the DagBag from /home/udhbhav/miniconda3/lib/python3.11/site-packages/airflow/example_dags/tutorial_taskflow_api.py
[2025-03-27T15:32:14.959-0500] {processor.py:925} INFO - DAG(s) 'tutorial_taskflow_api' retrieved from /home/udhbhav/miniconda3/lib/python3.11/site-packages/airflow/example_dags/tutorial_taskflow_api.py
[2025-03-27T15:32:14.966-0500] {logging_mixin.py:190} INFO - [2025-03-27T15:32:14.966-0500] {dag.py:3239} INFO - Sync 1 DAGs
[2025-03-27T15:32:14.971-0500] {logging_mixin.py:190} INFO - [2025-03-27T15:32:14.971-0500] {dag.py:4180} INFO - Setting next_dagrun for tutorial_taskflow_api to None, run_after=None
[2025-03-27T15:32:15.104-0500] {processor.py:208} INFO - Processing /home/udhbhav/miniconda3/lib/python3.11/site-packages/airflow/example_dags/tutorial_taskflow_api.py took 0.154 seconds
[2025-03-27T15:33:26.509-0500] {processor.py:186} INFO - Started process (PID=1815061) to work on /home/udhbhav/miniconda3/lib/python3.11/site-packages/airflow/example_dags/tutorial_taskflow_api.py
[2025-03-27T15:33:26.509-0500] {processor.py:914} INFO - Processing file /home/udhbhav/miniconda3/lib/python3.11/site-packages/airflow/example_dags/tutorial_taskflow_api.py for tasks to queue
[2025-03-27T15:33:26.510-0500] {logging_mixin.py:190} INFO - [2025-03-27T15:33:26.510-0500] {dagbag.py:588} INFO - Filling up the DagBag from /home/udhbhav/miniconda3/lib/python3.11/site-packages/airflow/example_dags/tutorial_taskflow_api.py
[2025-03-27T15:33:26.515-0500] {processor.py:925} INFO - DAG(s) 'tutorial_taskflow_api' retrieved from /home/udhbhav/miniconda3/lib/python3.11/site-packages/airflow/example_dags/tutorial_taskflow_api.py
[2025-03-27T15:33:26.522-0500] {logging_mixin.py:190} INFO - [2025-03-27T15:33:26.522-0500] {dag.py:3239} INFO - Sync 1 DAGs
[2025-03-27T15:33:26.527-0500] {logging_mixin.py:190} INFO - [2025-03-27T15:33:26.527-0500] {dag.py:4180} INFO - Setting next_dagrun for tutorial_taskflow_api to None, run_after=None
[2025-03-27T15:33:26.678-0500] {processor.py:208} INFO - Processing /home/udhbhav/miniconda3/lib/python3.11/site-packages/airflow/example_dags/tutorial_taskflow_api.py took 0.172 seconds
[2025-03-27T15:34:33.564-0500] {processor.py:186} INFO - Started process (PID=1815738) to work on /home/udhbhav/miniconda3/lib/python3.11/site-packages/airflow/example_dags/tutorial_taskflow_api.py
[2025-03-27T15:34:33.565-0500] {processor.py:914} INFO - Processing file /home/udhbhav/miniconda3/lib/python3.11/site-packages/airflow/example_dags/tutorial_taskflow_api.py for tasks to queue
[2025-03-27T15:34:33.566-0500] {logging_mixin.py:190} INFO - [2025-03-27T15:34:33.566-0500] {dagbag.py:588} INFO - Filling up the DagBag from /home/udhbhav/miniconda3/lib/python3.11/site-packages/airflow/example_dags/tutorial_taskflow_api.py
[2025-03-27T15:34:33.570-0500] {processor.py:925} INFO - DAG(s) 'tutorial_taskflow_api' retrieved from /home/udhbhav/miniconda3/lib/python3.11/site-packages/airflow/example_dags/tutorial_taskflow_api.py
[2025-03-27T15:34:33.577-0500] {logging_mixin.py:190} INFO - [2025-03-27T15:34:33.577-0500] {dag.py:3239} INFO - Sync 1 DAGs
[2025-03-27T15:34:33.582-0500] {logging_mixin.py:190} INFO - [2025-03-27T15:34:33.582-0500] {dag.py:4180} INFO - Setting next_dagrun for tutorial_taskflow_api to None, run_after=None
[2025-03-27T15:34:33.715-0500] {processor.py:208} INFO - Processing /home/udhbhav/miniconda3/lib/python3.11/site-packages/airflow/example_dags/tutorial_taskflow_api.py took 0.154 seconds
[2025-03-27T15:35:42.526-0500] {processor.py:186} INFO - Started process (PID=1816465) to work on /home/udhbhav/miniconda3/lib/python3.11/site-packages/airflow/example_dags/tutorial_taskflow_api.py
[2025-03-27T15:35:42.527-0500] {processor.py:914} INFO - Processing file /home/udhbhav/miniconda3/lib/python3.11/site-packages/airflow/example_dags/tutorial_taskflow_api.py for tasks to queue
[2025-03-27T15:35:42.528-0500] {logging_mixin.py:190} INFO - [2025-03-27T15:35:42.527-0500] {dagbag.py:588} INFO - Filling up the DagBag from /home/udhbhav/miniconda3/lib/python3.11/site-packages/airflow/example_dags/tutorial_taskflow_api.py
[2025-03-27T15:35:42.532-0500] {processor.py:925} INFO - DAG(s) 'tutorial_taskflow_api' retrieved from /home/udhbhav/miniconda3/lib/python3.11/site-packages/airflow/example_dags/tutorial_taskflow_api.py
[2025-03-27T15:35:42.539-0500] {logging_mixin.py:190} INFO - [2025-03-27T15:35:42.539-0500] {dag.py:3239} INFO - Sync 1 DAGs
[2025-03-27T15:35:42.544-0500] {logging_mixin.py:190} INFO - [2025-03-27T15:35:42.544-0500] {dag.py:4180} INFO - Setting next_dagrun for tutorial_taskflow_api to None, run_after=None
[2025-03-27T15:35:43.147-0500] {processor.py:208} INFO - Processing /home/udhbhav/miniconda3/lib/python3.11/site-packages/airflow/example_dags/tutorial_taskflow_api.py took 0.623 seconds
