[2025-03-27T14:27:48.366-0500] {processor.py:186} INFO - Started process (PID=1764030) to work on /home/udhbhav/miniconda3/lib/python3.11/site-packages/airflow/example_dags/tutorial_taskflow_templates.py
[2025-03-27T14:27:48.367-0500] {processor.py:914} INFO - Processing file /home/udhbhav/miniconda3/lib/python3.11/site-packages/airflow/example_dags/tutorial_taskflow_templates.py for tasks to queue
[2025-03-27T14:27:48.368-0500] {logging_mixin.py:190} INFO - [2025-03-27T14:27:48.368-0500] {dagbag.py:588} INFO - Filling up the DagBag from /home/udhbhav/miniconda3/lib/python3.11/site-packages/airflow/example_dags/tutorial_taskflow_templates.py
[2025-03-27T14:27:48.379-0500] {processor.py:925} INFO - DAG(s) 'tutorial_taskflow_templates' retrieved from /home/udhbhav/miniconda3/lib/python3.11/site-packages/airflow/example_dags/tutorial_taskflow_templates.py
[2025-03-27T14:27:49.332-0500] {logging_mixin.py:190} INFO - [2025-03-27T14:27:49.331-0500] {override.py:1912} INFO - Created Permission View: can read on DAG:tutorial_taskflow_templates
[2025-03-27T14:27:50.107-0500] {logging_mixin.py:190} INFO - [2025-03-27T14:27:50.107-0500] {override.py:1912} INFO - Created Permission View: can edit on DAG:tutorial_taskflow_templates
[2025-03-27T14:27:50.230-0500] {logging_mixin.py:190} INFO - [2025-03-27T14:27:50.230-0500] {override.py:1912} INFO - Created Permission View: can delete on DAG:tutorial_taskflow_templates
[2025-03-27T14:27:50.456-0500] {logging_mixin.py:190} INFO - [2025-03-27T14:27:50.456-0500] {override.py:1912} INFO - Created Permission View: can read on DAG Run:tutorial_taskflow_templates
[2025-03-27T14:27:50.579-0500] {logging_mixin.py:190} INFO - [2025-03-27T14:27:50.578-0500] {override.py:1912} INFO - Created Permission View: menu access on DAG Run:tutorial_taskflow_templates
[2025-03-27T14:27:50.700-0500] {logging_mixin.py:190} INFO - [2025-03-27T14:27:50.700-0500] {override.py:1912} INFO - Created Permission View: can create on DAG Run:tutorial_taskflow_templates
[2025-03-27T14:27:50.822-0500] {logging_mixin.py:190} INFO - [2025-03-27T14:27:50.822-0500] {override.py:1912} INFO - Created Permission View: can delete on DAG Run:tutorial_taskflow_templates
[2025-03-27T14:27:50.822-0500] {logging_mixin.py:190} INFO - [2025-03-27T14:27:50.822-0500] {dag.py:3239} INFO - Sync 1 DAGs
[2025-03-27T14:27:50.828-0500] {logging_mixin.py:190} INFO - [2025-03-27T14:27:50.828-0500] {dag.py:3262} INFO - Creating ORM DAG for tutorial_taskflow_templates
[2025-03-27T14:27:50.833-0500] {logging_mixin.py:190} INFO - [2025-03-27T14:27:50.832-0500] {dag.py:4180} INFO - Setting next_dagrun for tutorial_taskflow_templates to 2025-03-26 00:00:00+00:00, run_after=2025-03-27 00:00:00+00:00
[2025-03-27T14:27:50.974-0500] {processor.py:208} INFO - Processing /home/udhbhav/miniconda3/lib/python3.11/site-packages/airflow/example_dags/tutorial_taskflow_templates.py took 2.610 seconds
[2025-03-27T14:37:58.997-0500] {processor.py:186} INFO - Started process (PID=1770151) to work on /home/udhbhav/miniconda3/lib/python3.11/site-packages/airflow/example_dags/tutorial_taskflow_templates.py
[2025-03-27T14:37:58.997-0500] {processor.py:914} INFO - Processing file /home/udhbhav/miniconda3/lib/python3.11/site-packages/airflow/example_dags/tutorial_taskflow_templates.py for tasks to queue
[2025-03-27T14:37:58.998-0500] {logging_mixin.py:190} INFO - [2025-03-27T14:37:58.998-0500] {dagbag.py:588} INFO - Filling up the DagBag from /home/udhbhav/miniconda3/lib/python3.11/site-packages/airflow/example_dags/tutorial_taskflow_templates.py
[2025-03-27T14:37:59.005-0500] {processor.py:925} INFO - DAG(s) 'tutorial_taskflow_templates' retrieved from /home/udhbhav/miniconda3/lib/python3.11/site-packages/airflow/example_dags/tutorial_taskflow_templates.py
[2025-03-27T14:37:59.068-0500] {logging_mixin.py:190} INFO - [2025-03-27T14:37:59.067-0500] {dag.py:3239} INFO - Sync 1 DAGs
[2025-03-27T14:37:59.075-0500] {logging_mixin.py:190} INFO - [2025-03-27T14:37:59.075-0500] {dag.py:4180} INFO - Setting next_dagrun for tutorial_taskflow_templates to 2025-03-26 00:00:00+00:00, run_after=2025-03-27 00:00:00+00:00
[2025-03-27T14:37:59.206-0500] {processor.py:208} INFO - Processing /home/udhbhav/miniconda3/lib/python3.11/site-packages/airflow/example_dags/tutorial_taskflow_templates.py took 0.211 seconds
[2025-03-27T14:39:15.455-0500] {processor.py:186} INFO - Started process (PID=1770999) to work on /home/udhbhav/miniconda3/lib/python3.11/site-packages/airflow/example_dags/tutorial_taskflow_templates.py
[2025-03-27T14:39:15.455-0500] {processor.py:914} INFO - Processing file /home/udhbhav/miniconda3/lib/python3.11/site-packages/airflow/example_dags/tutorial_taskflow_templates.py for tasks to queue
[2025-03-27T14:39:15.456-0500] {logging_mixin.py:190} INFO - [2025-03-27T14:39:15.456-0500] {dagbag.py:588} INFO - Filling up the DagBag from /home/udhbhav/miniconda3/lib/python3.11/site-packages/airflow/example_dags/tutorial_taskflow_templates.py
[2025-03-27T14:39:15.463-0500] {processor.py:925} INFO - DAG(s) 'tutorial_taskflow_templates' retrieved from /home/udhbhav/miniconda3/lib/python3.11/site-packages/airflow/example_dags/tutorial_taskflow_templates.py
[2025-03-27T14:39:15.470-0500] {logging_mixin.py:190} INFO - [2025-03-27T14:39:15.470-0500] {dag.py:3239} INFO - Sync 1 DAGs
[2025-03-27T14:39:15.479-0500] {logging_mixin.py:190} INFO - [2025-03-27T14:39:15.479-0500] {dag.py:4180} INFO - Setting next_dagrun for tutorial_taskflow_templates to 2025-03-26 00:00:00+00:00, run_after=2025-03-27 00:00:00+00:00
[2025-03-27T14:39:15.610-0500] {processor.py:208} INFO - Processing /home/udhbhav/miniconda3/lib/python3.11/site-packages/airflow/example_dags/tutorial_taskflow_templates.py took 0.158 seconds
[2025-03-27T14:40:39.642-0500] {processor.py:186} INFO - Started process (PID=1771843) to work on /home/udhbhav/miniconda3/lib/python3.11/site-packages/airflow/example_dags/tutorial_taskflow_templates.py
[2025-03-27T14:40:39.642-0500] {processor.py:914} INFO - Processing file /home/udhbhav/miniconda3/lib/python3.11/site-packages/airflow/example_dags/tutorial_taskflow_templates.py for tasks to queue
[2025-03-27T14:40:39.643-0500] {logging_mixin.py:190} INFO - [2025-03-27T14:40:39.643-0500] {dagbag.py:588} INFO - Filling up the DagBag from /home/udhbhav/miniconda3/lib/python3.11/site-packages/airflow/example_dags/tutorial_taskflow_templates.py
[2025-03-27T14:40:39.650-0500] {processor.py:925} INFO - DAG(s) 'tutorial_taskflow_templates' retrieved from /home/udhbhav/miniconda3/lib/python3.11/site-packages/airflow/example_dags/tutorial_taskflow_templates.py
[2025-03-27T14:40:39.657-0500] {logging_mixin.py:190} INFO - [2025-03-27T14:40:39.657-0500] {dag.py:3239} INFO - Sync 1 DAGs
[2025-03-27T14:40:39.666-0500] {logging_mixin.py:190} INFO - [2025-03-27T14:40:39.666-0500] {dag.py:4180} INFO - Setting next_dagrun for tutorial_taskflow_templates to 2025-03-26 00:00:00+00:00, run_after=2025-03-27 00:00:00+00:00
[2025-03-27T14:40:39.796-0500] {processor.py:208} INFO - Processing /home/udhbhav/miniconda3/lib/python3.11/site-packages/airflow/example_dags/tutorial_taskflow_templates.py took 0.156 seconds
[2025-03-27T14:42:09.121-0500] {processor.py:186} INFO - Started process (PID=1772992) to work on /home/udhbhav/miniconda3/lib/python3.11/site-packages/airflow/example_dags/tutorial_taskflow_templates.py
[2025-03-27T14:42:09.121-0500] {processor.py:914} INFO - Processing file /home/udhbhav/miniconda3/lib/python3.11/site-packages/airflow/example_dags/tutorial_taskflow_templates.py for tasks to queue
[2025-03-27T14:42:09.122-0500] {logging_mixin.py:190} INFO - [2025-03-27T14:42:09.122-0500] {dagbag.py:588} INFO - Filling up the DagBag from /home/udhbhav/miniconda3/lib/python3.11/site-packages/airflow/example_dags/tutorial_taskflow_templates.py
[2025-03-27T14:42:09.129-0500] {processor.py:925} INFO - DAG(s) 'tutorial_taskflow_templates' retrieved from /home/udhbhav/miniconda3/lib/python3.11/site-packages/airflow/example_dags/tutorial_taskflow_templates.py
[2025-03-27T14:42:09.136-0500] {logging_mixin.py:190} INFO - [2025-03-27T14:42:09.136-0500] {dag.py:3239} INFO - Sync 1 DAGs
[2025-03-27T14:42:09.145-0500] {logging_mixin.py:190} INFO - [2025-03-27T14:42:09.145-0500] {dag.py:4180} INFO - Setting next_dagrun for tutorial_taskflow_templates to 2025-03-26 00:00:00+00:00, run_after=2025-03-27 00:00:00+00:00
[2025-03-27T14:42:09.276-0500] {processor.py:208} INFO - Processing /home/udhbhav/miniconda3/lib/python3.11/site-packages/airflow/example_dags/tutorial_taskflow_templates.py took 0.158 seconds
[2025-03-27T14:43:30.374-0500] {processor.py:186} INFO - Started process (PID=1773920) to work on /home/udhbhav/miniconda3/lib/python3.11/site-packages/airflow/example_dags/tutorial_taskflow_templates.py
[2025-03-27T14:43:30.374-0500] {processor.py:914} INFO - Processing file /home/udhbhav/miniconda3/lib/python3.11/site-packages/airflow/example_dags/tutorial_taskflow_templates.py for tasks to queue
[2025-03-27T14:43:30.375-0500] {logging_mixin.py:190} INFO - [2025-03-27T14:43:30.375-0500] {dagbag.py:588} INFO - Filling up the DagBag from /home/udhbhav/miniconda3/lib/python3.11/site-packages/airflow/example_dags/tutorial_taskflow_templates.py
[2025-03-27T14:43:30.382-0500] {processor.py:925} INFO - DAG(s) 'tutorial_taskflow_templates' retrieved from /home/udhbhav/miniconda3/lib/python3.11/site-packages/airflow/example_dags/tutorial_taskflow_templates.py
[2025-03-27T14:43:30.389-0500] {logging_mixin.py:190} INFO - [2025-03-27T14:43:30.389-0500] {dag.py:3239} INFO - Sync 1 DAGs
[2025-03-27T14:43:30.398-0500] {logging_mixin.py:190} INFO - [2025-03-27T14:43:30.398-0500] {dag.py:4180} INFO - Setting next_dagrun for tutorial_taskflow_templates to 2025-03-26 00:00:00+00:00, run_after=2025-03-27 00:00:00+00:00
[2025-03-27T14:43:30.532-0500] {processor.py:208} INFO - Processing /home/udhbhav/miniconda3/lib/python3.11/site-packages/airflow/example_dags/tutorial_taskflow_templates.py took 0.161 seconds
[2025-03-27T14:44:47.712-0500] {processor.py:186} INFO - Started process (PID=1774797) to work on /home/udhbhav/miniconda3/lib/python3.11/site-packages/airflow/example_dags/tutorial_taskflow_templates.py
[2025-03-27T14:44:47.713-0500] {processor.py:914} INFO - Processing file /home/udhbhav/miniconda3/lib/python3.11/site-packages/airflow/example_dags/tutorial_taskflow_templates.py for tasks to queue
[2025-03-27T14:44:47.714-0500] {logging_mixin.py:190} INFO - [2025-03-27T14:44:47.713-0500] {dagbag.py:588} INFO - Filling up the DagBag from /home/udhbhav/miniconda3/lib/python3.11/site-packages/airflow/example_dags/tutorial_taskflow_templates.py
[2025-03-27T14:44:47.720-0500] {processor.py:925} INFO - DAG(s) 'tutorial_taskflow_templates' retrieved from /home/udhbhav/miniconda3/lib/python3.11/site-packages/airflow/example_dags/tutorial_taskflow_templates.py
[2025-03-27T14:44:47.728-0500] {logging_mixin.py:190} INFO - [2025-03-27T14:44:47.727-0500] {dag.py:3239} INFO - Sync 1 DAGs
[2025-03-27T14:44:47.736-0500] {logging_mixin.py:190} INFO - [2025-03-27T14:44:47.736-0500] {dag.py:4180} INFO - Setting next_dagrun for tutorial_taskflow_templates to 2025-03-26 00:00:00+00:00, run_after=2025-03-27 00:00:00+00:00
[2025-03-27T14:44:47.872-0500] {processor.py:208} INFO - Processing /home/udhbhav/miniconda3/lib/python3.11/site-packages/airflow/example_dags/tutorial_taskflow_templates.py took 0.163 seconds
[2025-03-27T14:46:10.618-0500] {processor.py:186} INFO - Started process (PID=1775510) to work on /home/udhbhav/miniconda3/lib/python3.11/site-packages/airflow/example_dags/tutorial_taskflow_templates.py
[2025-03-27T14:46:10.619-0500] {processor.py:914} INFO - Processing file /home/udhbhav/miniconda3/lib/python3.11/site-packages/airflow/example_dags/tutorial_taskflow_templates.py for tasks to queue
[2025-03-27T14:46:10.620-0500] {logging_mixin.py:190} INFO - [2025-03-27T14:46:10.620-0500] {dagbag.py:588} INFO - Filling up the DagBag from /home/udhbhav/miniconda3/lib/python3.11/site-packages/airflow/example_dags/tutorial_taskflow_templates.py
[2025-03-27T14:46:10.626-0500] {processor.py:925} INFO - DAG(s) 'tutorial_taskflow_templates' retrieved from /home/udhbhav/miniconda3/lib/python3.11/site-packages/airflow/example_dags/tutorial_taskflow_templates.py
[2025-03-27T14:46:10.634-0500] {logging_mixin.py:190} INFO - [2025-03-27T14:46:10.634-0500] {dag.py:3239} INFO - Sync 1 DAGs
[2025-03-27T14:46:10.642-0500] {logging_mixin.py:190} INFO - [2025-03-27T14:46:10.642-0500] {dag.py:4180} INFO - Setting next_dagrun for tutorial_taskflow_templates to 2025-03-26 00:00:00+00:00, run_after=2025-03-27 00:00:00+00:00
[2025-03-27T14:46:11.696-0500] {processor.py:208} INFO - Processing /home/udhbhav/miniconda3/lib/python3.11/site-packages/airflow/example_dags/tutorial_taskflow_templates.py took 1.080 seconds
[2025-03-27T14:47:36.004-0500] {processor.py:186} INFO - Started process (PID=1776333) to work on /home/udhbhav/miniconda3/lib/python3.11/site-packages/airflow/example_dags/tutorial_taskflow_templates.py
[2025-03-27T14:47:36.004-0500] {processor.py:914} INFO - Processing file /home/udhbhav/miniconda3/lib/python3.11/site-packages/airflow/example_dags/tutorial_taskflow_templates.py for tasks to queue
[2025-03-27T14:47:36.005-0500] {logging_mixin.py:190} INFO - [2025-03-27T14:47:36.005-0500] {dagbag.py:588} INFO - Filling up the DagBag from /home/udhbhav/miniconda3/lib/python3.11/site-packages/airflow/example_dags/tutorial_taskflow_templates.py
[2025-03-27T14:47:36.012-0500] {processor.py:925} INFO - DAG(s) 'tutorial_taskflow_templates' retrieved from /home/udhbhav/miniconda3/lib/python3.11/site-packages/airflow/example_dags/tutorial_taskflow_templates.py
[2025-03-27T14:47:36.019-0500] {logging_mixin.py:190} INFO - [2025-03-27T14:47:36.019-0500] {dag.py:3239} INFO - Sync 1 DAGs
[2025-03-27T14:47:36.027-0500] {logging_mixin.py:190} INFO - [2025-03-27T14:47:36.027-0500] {dag.py:4180} INFO - Setting next_dagrun for tutorial_taskflow_templates to 2025-03-26 00:00:00+00:00, run_after=2025-03-27 00:00:00+00:00
[2025-03-27T14:47:36.261-0500] {processor.py:208} INFO - Processing /home/udhbhav/miniconda3/lib/python3.11/site-packages/airflow/example_dags/tutorial_taskflow_templates.py took 0.261 seconds
[2025-03-27T14:48:54.735-0500] {processor.py:186} INFO - Started process (PID=1777143) to work on /home/udhbhav/miniconda3/lib/python3.11/site-packages/airflow/example_dags/tutorial_taskflow_templates.py
[2025-03-27T14:48:54.735-0500] {processor.py:914} INFO - Processing file /home/udhbhav/miniconda3/lib/python3.11/site-packages/airflow/example_dags/tutorial_taskflow_templates.py for tasks to queue
[2025-03-27T14:48:54.736-0500] {logging_mixin.py:190} INFO - [2025-03-27T14:48:54.736-0500] {dagbag.py:588} INFO - Filling up the DagBag from /home/udhbhav/miniconda3/lib/python3.11/site-packages/airflow/example_dags/tutorial_taskflow_templates.py
[2025-03-27T14:48:54.743-0500] {processor.py:925} INFO - DAG(s) 'tutorial_taskflow_templates' retrieved from /home/udhbhav/miniconda3/lib/python3.11/site-packages/airflow/example_dags/tutorial_taskflow_templates.py
[2025-03-27T14:48:54.750-0500] {logging_mixin.py:190} INFO - [2025-03-27T14:48:54.750-0500] {dag.py:3239} INFO - Sync 1 DAGs
[2025-03-27T14:48:54.759-0500] {logging_mixin.py:190} INFO - [2025-03-27T14:48:54.758-0500] {dag.py:4180} INFO - Setting next_dagrun for tutorial_taskflow_templates to 2025-03-26 00:00:00+00:00, run_after=2025-03-27 00:00:00+00:00
[2025-03-27T14:48:54.978-0500] {processor.py:208} INFO - Processing /home/udhbhav/miniconda3/lib/python3.11/site-packages/airflow/example_dags/tutorial_taskflow_templates.py took 0.246 seconds
[2025-03-27T14:50:25.985-0500] {processor.py:186} INFO - Started process (PID=1778671) to work on /home/udhbhav/miniconda3/lib/python3.11/site-packages/airflow/example_dags/tutorial_taskflow_templates.py
[2025-03-27T14:50:25.985-0500] {processor.py:914} INFO - Processing file /home/udhbhav/miniconda3/lib/python3.11/site-packages/airflow/example_dags/tutorial_taskflow_templates.py for tasks to queue
[2025-03-27T14:50:25.987-0500] {logging_mixin.py:190} INFO - [2025-03-27T14:50:25.986-0500] {dagbag.py:588} INFO - Filling up the DagBag from /home/udhbhav/miniconda3/lib/python3.11/site-packages/airflow/example_dags/tutorial_taskflow_templates.py
[2025-03-27T14:50:25.993-0500] {processor.py:925} INFO - DAG(s) 'tutorial_taskflow_templates' retrieved from /home/udhbhav/miniconda3/lib/python3.11/site-packages/airflow/example_dags/tutorial_taskflow_templates.py
[2025-03-27T14:50:26.000-0500] {logging_mixin.py:190} INFO - [2025-03-27T14:50:26.000-0500] {dag.py:3239} INFO - Sync 1 DAGs
[2025-03-27T14:50:26.009-0500] {logging_mixin.py:190} INFO - [2025-03-27T14:50:26.009-0500] {dag.py:4180} INFO - Setting next_dagrun for tutorial_taskflow_templates to 2025-03-26 00:00:00+00:00, run_after=2025-03-27 00:00:00+00:00
[2025-03-27T14:50:26.138-0500] {processor.py:208} INFO - Processing /home/udhbhav/miniconda3/lib/python3.11/site-packages/airflow/example_dags/tutorial_taskflow_templates.py took 0.156 seconds
[2025-03-27T14:51:31.356-0500] {processor.py:186} INFO - Started process (PID=1783437) to work on /home/udhbhav/miniconda3/lib/python3.11/site-packages/airflow/example_dags/tutorial_taskflow_templates.py
[2025-03-27T14:51:31.356-0500] {processor.py:914} INFO - Processing file /home/udhbhav/miniconda3/lib/python3.11/site-packages/airflow/example_dags/tutorial_taskflow_templates.py for tasks to queue
[2025-03-27T14:51:31.358-0500] {logging_mixin.py:190} INFO - [2025-03-27T14:51:31.357-0500] {dagbag.py:588} INFO - Filling up the DagBag from /home/udhbhav/miniconda3/lib/python3.11/site-packages/airflow/example_dags/tutorial_taskflow_templates.py
[2025-03-27T14:51:31.364-0500] {processor.py:925} INFO - DAG(s) 'tutorial_taskflow_templates' retrieved from /home/udhbhav/miniconda3/lib/python3.11/site-packages/airflow/example_dags/tutorial_taskflow_templates.py
[2025-03-27T14:51:31.372-0500] {logging_mixin.py:190} INFO - [2025-03-27T14:51:31.371-0500] {dag.py:3239} INFO - Sync 1 DAGs
[2025-03-27T14:51:31.380-0500] {logging_mixin.py:190} INFO - [2025-03-27T14:51:31.380-0500] {dag.py:4180} INFO - Setting next_dagrun for tutorial_taskflow_templates to 2025-03-26 00:00:00+00:00, run_after=2025-03-27 00:00:00+00:00
[2025-03-27T14:51:31.514-0500] {processor.py:208} INFO - Processing /home/udhbhav/miniconda3/lib/python3.11/site-packages/airflow/example_dags/tutorial_taskflow_templates.py took 0.161 seconds
[2025-03-27T14:52:38.934-0500] {processor.py:186} INFO - Started process (PID=1784181) to work on /home/udhbhav/miniconda3/lib/python3.11/site-packages/airflow/example_dags/tutorial_taskflow_templates.py
[2025-03-27T14:52:38.934-0500] {processor.py:914} INFO - Processing file /home/udhbhav/miniconda3/lib/python3.11/site-packages/airflow/example_dags/tutorial_taskflow_templates.py for tasks to queue
[2025-03-27T14:52:38.936-0500] {logging_mixin.py:190} INFO - [2025-03-27T14:52:38.936-0500] {dagbag.py:588} INFO - Filling up the DagBag from /home/udhbhav/miniconda3/lib/python3.11/site-packages/airflow/example_dags/tutorial_taskflow_templates.py
[2025-03-27T14:52:38.943-0500] {processor.py:925} INFO - DAG(s) 'tutorial_taskflow_templates' retrieved from /home/udhbhav/miniconda3/lib/python3.11/site-packages/airflow/example_dags/tutorial_taskflow_templates.py
[2025-03-27T14:52:38.950-0500] {logging_mixin.py:190} INFO - [2025-03-27T14:52:38.950-0500] {dag.py:3239} INFO - Sync 1 DAGs
[2025-03-27T14:52:38.958-0500] {logging_mixin.py:190} INFO - [2025-03-27T14:52:38.958-0500] {dag.py:4180} INFO - Setting next_dagrun for tutorial_taskflow_templates to 2025-03-26 00:00:00+00:00, run_after=2025-03-27 00:00:00+00:00
[2025-03-27T14:52:39.188-0500] {processor.py:208} INFO - Processing /home/udhbhav/miniconda3/lib/python3.11/site-packages/airflow/example_dags/tutorial_taskflow_templates.py took 0.257 seconds
[2025-03-27T14:53:49.920-0500] {processor.py:186} INFO - Started process (PID=1784887) to work on /home/udhbhav/miniconda3/lib/python3.11/site-packages/airflow/example_dags/tutorial_taskflow_templates.py
[2025-03-27T14:53:49.920-0500] {processor.py:914} INFO - Processing file /home/udhbhav/miniconda3/lib/python3.11/site-packages/airflow/example_dags/tutorial_taskflow_templates.py for tasks to queue
[2025-03-27T14:53:49.922-0500] {logging_mixin.py:190} INFO - [2025-03-27T14:53:49.922-0500] {dagbag.py:588} INFO - Filling up the DagBag from /home/udhbhav/miniconda3/lib/python3.11/site-packages/airflow/example_dags/tutorial_taskflow_templates.py
[2025-03-27T14:53:49.928-0500] {processor.py:925} INFO - DAG(s) 'tutorial_taskflow_templates' retrieved from /home/udhbhav/miniconda3/lib/python3.11/site-packages/airflow/example_dags/tutorial_taskflow_templates.py
[2025-03-27T14:53:49.936-0500] {logging_mixin.py:190} INFO - [2025-03-27T14:53:49.936-0500] {dag.py:3239} INFO - Sync 1 DAGs
[2025-03-27T14:53:49.944-0500] {logging_mixin.py:190} INFO - [2025-03-27T14:53:49.944-0500] {dag.py:4180} INFO - Setting next_dagrun for tutorial_taskflow_templates to 2025-03-26 00:00:00+00:00, run_after=2025-03-27 00:00:00+00:00
[2025-03-27T14:53:50.074-0500] {processor.py:208} INFO - Processing /home/udhbhav/miniconda3/lib/python3.11/site-packages/airflow/example_dags/tutorial_taskflow_templates.py took 0.156 seconds
[2025-03-27T14:54:55.447-0500] {processor.py:186} INFO - Started process (PID=1785540) to work on /home/udhbhav/miniconda3/lib/python3.11/site-packages/airflow/example_dags/tutorial_taskflow_templates.py
[2025-03-27T14:54:55.448-0500] {processor.py:914} INFO - Processing file /home/udhbhav/miniconda3/lib/python3.11/site-packages/airflow/example_dags/tutorial_taskflow_templates.py for tasks to queue
[2025-03-27T14:54:55.449-0500] {logging_mixin.py:190} INFO - [2025-03-27T14:54:55.449-0500] {dagbag.py:588} INFO - Filling up the DagBag from /home/udhbhav/miniconda3/lib/python3.11/site-packages/airflow/example_dags/tutorial_taskflow_templates.py
[2025-03-27T14:54:55.456-0500] {processor.py:925} INFO - DAG(s) 'tutorial_taskflow_templates' retrieved from /home/udhbhav/miniconda3/lib/python3.11/site-packages/airflow/example_dags/tutorial_taskflow_templates.py
[2025-03-27T14:54:55.463-0500] {logging_mixin.py:190} INFO - [2025-03-27T14:54:55.463-0500] {dag.py:3239} INFO - Sync 1 DAGs
[2025-03-27T14:54:55.471-0500] {logging_mixin.py:190} INFO - [2025-03-27T14:54:55.471-0500] {dag.py:4180} INFO - Setting next_dagrun for tutorial_taskflow_templates to 2025-03-26 00:00:00+00:00, run_after=2025-03-27 00:00:00+00:00
[2025-03-27T14:54:55.605-0500] {processor.py:208} INFO - Processing /home/udhbhav/miniconda3/lib/python3.11/site-packages/airflow/example_dags/tutorial_taskflow_templates.py took 0.160 seconds
[2025-03-27T14:56:04.888-0500] {processor.py:186} INFO - Started process (PID=1786207) to work on /home/udhbhav/miniconda3/lib/python3.11/site-packages/airflow/example_dags/tutorial_taskflow_templates.py
[2025-03-27T14:56:04.889-0500] {processor.py:914} INFO - Processing file /home/udhbhav/miniconda3/lib/python3.11/site-packages/airflow/example_dags/tutorial_taskflow_templates.py for tasks to queue
[2025-03-27T14:56:04.890-0500] {logging_mixin.py:190} INFO - [2025-03-27T14:56:04.890-0500] {dagbag.py:588} INFO - Filling up the DagBag from /home/udhbhav/miniconda3/lib/python3.11/site-packages/airflow/example_dags/tutorial_taskflow_templates.py
[2025-03-27T14:56:04.896-0500] {processor.py:925} INFO - DAG(s) 'tutorial_taskflow_templates' retrieved from /home/udhbhav/miniconda3/lib/python3.11/site-packages/airflow/example_dags/tutorial_taskflow_templates.py
[2025-03-27T14:56:04.904-0500] {logging_mixin.py:190} INFO - [2025-03-27T14:56:04.904-0500] {dag.py:3239} INFO - Sync 1 DAGs
[2025-03-27T14:56:04.912-0500] {logging_mixin.py:190} INFO - [2025-03-27T14:56:04.912-0500] {dag.py:4180} INFO - Setting next_dagrun for tutorial_taskflow_templates to 2025-03-26 00:00:00+00:00, run_after=2025-03-27 00:00:00+00:00
[2025-03-27T14:56:05.332-0500] {processor.py:208} INFO - Processing /home/udhbhav/miniconda3/lib/python3.11/site-packages/airflow/example_dags/tutorial_taskflow_templates.py took 0.447 seconds
[2025-03-27T14:57:22.216-0500] {processor.py:186} INFO - Started process (PID=1786992) to work on /home/udhbhav/miniconda3/lib/python3.11/site-packages/airflow/example_dags/tutorial_taskflow_templates.py
[2025-03-27T14:57:22.217-0500] {processor.py:914} INFO - Processing file /home/udhbhav/miniconda3/lib/python3.11/site-packages/airflow/example_dags/tutorial_taskflow_templates.py for tasks to queue
[2025-03-27T14:57:22.218-0500] {logging_mixin.py:190} INFO - [2025-03-27T14:57:22.218-0500] {dagbag.py:588} INFO - Filling up the DagBag from /home/udhbhav/miniconda3/lib/python3.11/site-packages/airflow/example_dags/tutorial_taskflow_templates.py
[2025-03-27T14:57:22.225-0500] {processor.py:925} INFO - DAG(s) 'tutorial_taskflow_templates' retrieved from /home/udhbhav/miniconda3/lib/python3.11/site-packages/airflow/example_dags/tutorial_taskflow_templates.py
[2025-03-27T14:57:22.232-0500] {logging_mixin.py:190} INFO - [2025-03-27T14:57:22.232-0500] {dag.py:3239} INFO - Sync 1 DAGs
[2025-03-27T14:57:22.241-0500] {logging_mixin.py:190} INFO - [2025-03-27T14:57:22.241-0500] {dag.py:4180} INFO - Setting next_dagrun for tutorial_taskflow_templates to 2025-03-26 00:00:00+00:00, run_after=2025-03-27 00:00:00+00:00
[2025-03-27T14:57:22.444-0500] {processor.py:208} INFO - Processing /home/udhbhav/miniconda3/lib/python3.11/site-packages/airflow/example_dags/tutorial_taskflow_templates.py took 0.230 seconds
[2025-03-27T14:58:40.840-0500] {processor.py:186} INFO - Started process (PID=1787865) to work on /home/udhbhav/miniconda3/lib/python3.11/site-packages/airflow/example_dags/tutorial_taskflow_templates.py
[2025-03-27T14:58:40.841-0500] {processor.py:914} INFO - Processing file /home/udhbhav/miniconda3/lib/python3.11/site-packages/airflow/example_dags/tutorial_taskflow_templates.py for tasks to queue
[2025-03-27T14:58:40.842-0500] {logging_mixin.py:190} INFO - [2025-03-27T14:58:40.842-0500] {dagbag.py:588} INFO - Filling up the DagBag from /home/udhbhav/miniconda3/lib/python3.11/site-packages/airflow/example_dags/tutorial_taskflow_templates.py
[2025-03-27T14:58:40.849-0500] {processor.py:925} INFO - DAG(s) 'tutorial_taskflow_templates' retrieved from /home/udhbhav/miniconda3/lib/python3.11/site-packages/airflow/example_dags/tutorial_taskflow_templates.py
[2025-03-27T14:58:40.856-0500] {logging_mixin.py:190} INFO - [2025-03-27T14:58:40.856-0500] {dag.py:3239} INFO - Sync 1 DAGs
[2025-03-27T14:58:40.865-0500] {logging_mixin.py:190} INFO - [2025-03-27T14:58:40.865-0500] {dag.py:4180} INFO - Setting next_dagrun for tutorial_taskflow_templates to 2025-03-26 00:00:00+00:00, run_after=2025-03-27 00:00:00+00:00
[2025-03-27T14:58:41.124-0500] {processor.py:208} INFO - Processing /home/udhbhav/miniconda3/lib/python3.11/site-packages/airflow/example_dags/tutorial_taskflow_templates.py took 0.286 seconds
[2025-03-27T15:00:14.458-0500] {processor.py:186} INFO - Started process (PID=1788894) to work on /home/udhbhav/miniconda3/lib/python3.11/site-packages/airflow/example_dags/tutorial_taskflow_templates.py
[2025-03-27T15:00:14.459-0500] {processor.py:914} INFO - Processing file /home/udhbhav/miniconda3/lib/python3.11/site-packages/airflow/example_dags/tutorial_taskflow_templates.py for tasks to queue
[2025-03-27T15:00:14.460-0500] {logging_mixin.py:190} INFO - [2025-03-27T15:00:14.460-0500] {dagbag.py:588} INFO - Filling up the DagBag from /home/udhbhav/miniconda3/lib/python3.11/site-packages/airflow/example_dags/tutorial_taskflow_templates.py
[2025-03-27T15:00:14.468-0500] {processor.py:925} INFO - DAG(s) 'tutorial_taskflow_templates' retrieved from /home/udhbhav/miniconda3/lib/python3.11/site-packages/airflow/example_dags/tutorial_taskflow_templates.py
[2025-03-27T15:00:14.475-0500] {logging_mixin.py:190} INFO - [2025-03-27T15:00:14.475-0500] {dag.py:3239} INFO - Sync 1 DAGs
[2025-03-27T15:00:14.484-0500] {logging_mixin.py:190} INFO - [2025-03-27T15:00:14.484-0500] {dag.py:4180} INFO - Setting next_dagrun for tutorial_taskflow_templates to 2025-03-26 00:00:00+00:00, run_after=2025-03-27 00:00:00+00:00
[2025-03-27T15:00:14.616-0500] {processor.py:208} INFO - Processing /home/udhbhav/miniconda3/lib/python3.11/site-packages/airflow/example_dags/tutorial_taskflow_templates.py took 0.160 seconds
[2025-03-27T15:01:21.247-0500] {processor.py:186} INFO - Started process (PID=1789609) to work on /home/udhbhav/miniconda3/lib/python3.11/site-packages/airflow/example_dags/tutorial_taskflow_templates.py
[2025-03-27T15:01:21.247-0500] {processor.py:914} INFO - Processing file /home/udhbhav/miniconda3/lib/python3.11/site-packages/airflow/example_dags/tutorial_taskflow_templates.py for tasks to queue
[2025-03-27T15:01:21.249-0500] {logging_mixin.py:190} INFO - [2025-03-27T15:01:21.249-0500] {dagbag.py:588} INFO - Filling up the DagBag from /home/udhbhav/miniconda3/lib/python3.11/site-packages/airflow/example_dags/tutorial_taskflow_templates.py
[2025-03-27T15:01:21.256-0500] {processor.py:925} INFO - DAG(s) 'tutorial_taskflow_templates' retrieved from /home/udhbhav/miniconda3/lib/python3.11/site-packages/airflow/example_dags/tutorial_taskflow_templates.py
[2025-03-27T15:01:21.264-0500] {logging_mixin.py:190} INFO - [2025-03-27T15:01:21.264-0500] {dag.py:3239} INFO - Sync 1 DAGs
[2025-03-27T15:01:21.272-0500] {logging_mixin.py:190} INFO - [2025-03-27T15:01:21.272-0500] {dag.py:4180} INFO - Setting next_dagrun for tutorial_taskflow_templates to 2025-03-26 00:00:00+00:00, run_after=2025-03-27 00:00:00+00:00
[2025-03-27T15:01:21.405-0500] {processor.py:208} INFO - Processing /home/udhbhav/miniconda3/lib/python3.11/site-packages/airflow/example_dags/tutorial_taskflow_templates.py took 0.161 seconds
[2025-03-27T15:02:25.910-0500] {processor.py:186} INFO - Started process (PID=1790357) to work on /home/udhbhav/miniconda3/lib/python3.11/site-packages/airflow/example_dags/tutorial_taskflow_templates.py
[2025-03-27T15:02:25.910-0500] {processor.py:914} INFO - Processing file /home/udhbhav/miniconda3/lib/python3.11/site-packages/airflow/example_dags/tutorial_taskflow_templates.py for tasks to queue
[2025-03-27T15:02:25.911-0500] {logging_mixin.py:190} INFO - [2025-03-27T15:02:25.911-0500] {dagbag.py:588} INFO - Filling up the DagBag from /home/udhbhav/miniconda3/lib/python3.11/site-packages/airflow/example_dags/tutorial_taskflow_templates.py
[2025-03-27T15:02:25.918-0500] {processor.py:925} INFO - DAG(s) 'tutorial_taskflow_templates' retrieved from /home/udhbhav/miniconda3/lib/python3.11/site-packages/airflow/example_dags/tutorial_taskflow_templates.py
[2025-03-27T15:02:25.925-0500] {logging_mixin.py:190} INFO - [2025-03-27T15:02:25.925-0500] {dag.py:3239} INFO - Sync 1 DAGs
[2025-03-27T15:02:25.933-0500] {logging_mixin.py:190} INFO - [2025-03-27T15:02:25.933-0500] {dag.py:4180} INFO - Setting next_dagrun for tutorial_taskflow_templates to 2025-03-26 00:00:00+00:00, run_after=2025-03-27 00:00:00+00:00
[2025-03-27T15:02:26.054-0500] {processor.py:208} INFO - Processing /home/udhbhav/miniconda3/lib/python3.11/site-packages/airflow/example_dags/tutorial_taskflow_templates.py took 0.148 seconds
[2025-03-27T15:03:42.841-0500] {processor.py:186} INFO - Started process (PID=1791141) to work on /home/udhbhav/miniconda3/lib/python3.11/site-packages/airflow/example_dags/tutorial_taskflow_templates.py
[2025-03-27T15:03:42.842-0500] {processor.py:914} INFO - Processing file /home/udhbhav/miniconda3/lib/python3.11/site-packages/airflow/example_dags/tutorial_taskflow_templates.py for tasks to queue
[2025-03-27T15:03:42.843-0500] {logging_mixin.py:190} INFO - [2025-03-27T15:03:42.843-0500] {dagbag.py:588} INFO - Filling up the DagBag from /home/udhbhav/miniconda3/lib/python3.11/site-packages/airflow/example_dags/tutorial_taskflow_templates.py
[2025-03-27T15:03:42.850-0500] {processor.py:925} INFO - DAG(s) 'tutorial_taskflow_templates' retrieved from /home/udhbhav/miniconda3/lib/python3.11/site-packages/airflow/example_dags/tutorial_taskflow_templates.py
[2025-03-27T15:03:42.857-0500] {logging_mixin.py:190} INFO - [2025-03-27T15:03:42.857-0500] {dag.py:3239} INFO - Sync 1 DAGs
[2025-03-27T15:03:42.865-0500] {logging_mixin.py:190} INFO - [2025-03-27T15:03:42.865-0500] {dag.py:4180} INFO - Setting next_dagrun for tutorial_taskflow_templates to 2025-03-26 00:00:00+00:00, run_after=2025-03-27 00:00:00+00:00
[2025-03-27T15:03:43.000-0500] {processor.py:208} INFO - Processing /home/udhbhav/miniconda3/lib/python3.11/site-packages/airflow/example_dags/tutorial_taskflow_templates.py took 0.161 seconds
[2025-03-27T15:04:57.774-0500] {processor.py:186} INFO - Started process (PID=1791886) to work on /home/udhbhav/miniconda3/lib/python3.11/site-packages/airflow/example_dags/tutorial_taskflow_templates.py
[2025-03-27T15:04:57.774-0500] {processor.py:914} INFO - Processing file /home/udhbhav/miniconda3/lib/python3.11/site-packages/airflow/example_dags/tutorial_taskflow_templates.py for tasks to queue
[2025-03-27T15:04:57.776-0500] {logging_mixin.py:190} INFO - [2025-03-27T15:04:57.775-0500] {dagbag.py:588} INFO - Filling up the DagBag from /home/udhbhav/miniconda3/lib/python3.11/site-packages/airflow/example_dags/tutorial_taskflow_templates.py
[2025-03-27T15:04:57.783-0500] {processor.py:925} INFO - DAG(s) 'tutorial_taskflow_templates' retrieved from /home/udhbhav/miniconda3/lib/python3.11/site-packages/airflow/example_dags/tutorial_taskflow_templates.py
[2025-03-27T15:04:57.790-0500] {logging_mixin.py:190} INFO - [2025-03-27T15:04:57.790-0500] {dag.py:3239} INFO - Sync 1 DAGs
[2025-03-27T15:04:57.799-0500] {logging_mixin.py:190} INFO - [2025-03-27T15:04:57.799-0500] {dag.py:4180} INFO - Setting next_dagrun for tutorial_taskflow_templates to 2025-03-26 00:00:00+00:00, run_after=2025-03-27 00:00:00+00:00
[2025-03-27T15:04:58.018-0500] {processor.py:208} INFO - Processing /home/udhbhav/miniconda3/lib/python3.11/site-packages/airflow/example_dags/tutorial_taskflow_templates.py took 0.247 seconds
[2025-03-27T15:06:21.539-0500] {processor.py:186} INFO - Started process (PID=1792615) to work on /home/udhbhav/miniconda3/lib/python3.11/site-packages/airflow/example_dags/tutorial_taskflow_templates.py
[2025-03-27T15:06:21.540-0500] {processor.py:914} INFO - Processing file /home/udhbhav/miniconda3/lib/python3.11/site-packages/airflow/example_dags/tutorial_taskflow_templates.py for tasks to queue
[2025-03-27T15:06:21.542-0500] {logging_mixin.py:190} INFO - [2025-03-27T15:06:21.542-0500] {dagbag.py:588} INFO - Filling up the DagBag from /home/udhbhav/miniconda3/lib/python3.11/site-packages/airflow/example_dags/tutorial_taskflow_templates.py
[2025-03-27T15:06:21.548-0500] {processor.py:925} INFO - DAG(s) 'tutorial_taskflow_templates' retrieved from /home/udhbhav/miniconda3/lib/python3.11/site-packages/airflow/example_dags/tutorial_taskflow_templates.py
[2025-03-27T15:06:21.555-0500] {logging_mixin.py:190} INFO - [2025-03-27T15:06:21.555-0500] {dag.py:3239} INFO - Sync 1 DAGs
[2025-03-27T15:06:21.564-0500] {logging_mixin.py:190} INFO - [2025-03-27T15:06:21.564-0500] {dag.py:4180} INFO - Setting next_dagrun for tutorial_taskflow_templates to 2025-03-26 00:00:00+00:00, run_after=2025-03-27 00:00:00+00:00
[2025-03-27T15:06:22.291-0500] {processor.py:208} INFO - Processing /home/udhbhav/miniconda3/lib/python3.11/site-packages/airflow/example_dags/tutorial_taskflow_templates.py took 0.755 seconds
[2025-03-27T15:07:45.250-0500] {processor.py:186} INFO - Started process (PID=1793583) to work on /home/udhbhav/miniconda3/lib/python3.11/site-packages/airflow/example_dags/tutorial_taskflow_templates.py
[2025-03-27T15:07:45.250-0500] {processor.py:914} INFO - Processing file /home/udhbhav/miniconda3/lib/python3.11/site-packages/airflow/example_dags/tutorial_taskflow_templates.py for tasks to queue
[2025-03-27T15:07:45.252-0500] {logging_mixin.py:190} INFO - [2025-03-27T15:07:45.252-0500] {dagbag.py:588} INFO - Filling up the DagBag from /home/udhbhav/miniconda3/lib/python3.11/site-packages/airflow/example_dags/tutorial_taskflow_templates.py
[2025-03-27T15:07:45.259-0500] {processor.py:925} INFO - DAG(s) 'tutorial_taskflow_templates' retrieved from /home/udhbhav/miniconda3/lib/python3.11/site-packages/airflow/example_dags/tutorial_taskflow_templates.py
[2025-03-27T15:07:45.266-0500] {logging_mixin.py:190} INFO - [2025-03-27T15:07:45.266-0500] {dag.py:3239} INFO - Sync 1 DAGs
[2025-03-27T15:07:45.274-0500] {logging_mixin.py:190} INFO - [2025-03-27T15:07:45.274-0500] {dag.py:4180} INFO - Setting next_dagrun for tutorial_taskflow_templates to 2025-03-26 00:00:00+00:00, run_after=2025-03-27 00:00:00+00:00
[2025-03-27T15:07:45.408-0500] {processor.py:208} INFO - Processing /home/udhbhav/miniconda3/lib/python3.11/site-packages/airflow/example_dags/tutorial_taskflow_templates.py took 0.161 seconds
[2025-03-27T15:08:47.156-0500] {processor.py:186} INFO - Started process (PID=1794213) to work on /home/udhbhav/miniconda3/lib/python3.11/site-packages/airflow/example_dags/tutorial_taskflow_templates.py
[2025-03-27T15:08:47.156-0500] {processor.py:914} INFO - Processing file /home/udhbhav/miniconda3/lib/python3.11/site-packages/airflow/example_dags/tutorial_taskflow_templates.py for tasks to queue
[2025-03-27T15:08:47.157-0500] {logging_mixin.py:190} INFO - [2025-03-27T15:08:47.157-0500] {dagbag.py:588} INFO - Filling up the DagBag from /home/udhbhav/miniconda3/lib/python3.11/site-packages/airflow/example_dags/tutorial_taskflow_templates.py
[2025-03-27T15:08:47.164-0500] {processor.py:925} INFO - DAG(s) 'tutorial_taskflow_templates' retrieved from /home/udhbhav/miniconda3/lib/python3.11/site-packages/airflow/example_dags/tutorial_taskflow_templates.py
[2025-03-27T15:08:47.171-0500] {logging_mixin.py:190} INFO - [2025-03-27T15:08:47.171-0500] {dag.py:3239} INFO - Sync 1 DAGs
[2025-03-27T15:08:47.179-0500] {logging_mixin.py:190} INFO - [2025-03-27T15:08:47.179-0500] {dag.py:4180} INFO - Setting next_dagrun for tutorial_taskflow_templates to 2025-03-26 00:00:00+00:00, run_after=2025-03-27 00:00:00+00:00
[2025-03-27T15:08:47.312-0500] {processor.py:208} INFO - Processing /home/udhbhav/miniconda3/lib/python3.11/site-packages/airflow/example_dags/tutorial_taskflow_templates.py took 0.159 seconds
[2025-03-27T15:09:58.784-0500] {processor.py:186} INFO - Started process (PID=1794846) to work on /home/udhbhav/miniconda3/lib/python3.11/site-packages/airflow/example_dags/tutorial_taskflow_templates.py
[2025-03-27T15:09:58.785-0500] {processor.py:914} INFO - Processing file /home/udhbhav/miniconda3/lib/python3.11/site-packages/airflow/example_dags/tutorial_taskflow_templates.py for tasks to queue
[2025-03-27T15:09:58.786-0500] {logging_mixin.py:190} INFO - [2025-03-27T15:09:58.786-0500] {dagbag.py:588} INFO - Filling up the DagBag from /home/udhbhav/miniconda3/lib/python3.11/site-packages/airflow/example_dags/tutorial_taskflow_templates.py
[2025-03-27T15:09:58.793-0500] {processor.py:925} INFO - DAG(s) 'tutorial_taskflow_templates' retrieved from /home/udhbhav/miniconda3/lib/python3.11/site-packages/airflow/example_dags/tutorial_taskflow_templates.py
[2025-03-27T15:09:58.800-0500] {logging_mixin.py:190} INFO - [2025-03-27T15:09:58.800-0500] {dag.py:3239} INFO - Sync 1 DAGs
[2025-03-27T15:09:58.808-0500] {logging_mixin.py:190} INFO - [2025-03-27T15:09:58.808-0500] {dag.py:4180} INFO - Setting next_dagrun for tutorial_taskflow_templates to 2025-03-26 00:00:00+00:00, run_after=2025-03-27 00:00:00+00:00
[2025-03-27T15:09:58.940-0500] {processor.py:208} INFO - Processing /home/udhbhav/miniconda3/lib/python3.11/site-packages/airflow/example_dags/tutorial_taskflow_templates.py took 0.159 seconds
[2025-03-27T15:11:07.451-0500] {processor.py:186} INFO - Started process (PID=1795490) to work on /home/udhbhav/miniconda3/lib/python3.11/site-packages/airflow/example_dags/tutorial_taskflow_templates.py
[2025-03-27T15:11:07.452-0500] {processor.py:914} INFO - Processing file /home/udhbhav/miniconda3/lib/python3.11/site-packages/airflow/example_dags/tutorial_taskflow_templates.py for tasks to queue
[2025-03-27T15:11:07.453-0500] {logging_mixin.py:190} INFO - [2025-03-27T15:11:07.453-0500] {dagbag.py:588} INFO - Filling up the DagBag from /home/udhbhav/miniconda3/lib/python3.11/site-packages/airflow/example_dags/tutorial_taskflow_templates.py
[2025-03-27T15:11:07.459-0500] {processor.py:925} INFO - DAG(s) 'tutorial_taskflow_templates' retrieved from /home/udhbhav/miniconda3/lib/python3.11/site-packages/airflow/example_dags/tutorial_taskflow_templates.py
[2025-03-27T15:11:07.467-0500] {logging_mixin.py:190} INFO - [2025-03-27T15:11:07.467-0500] {dag.py:3239} INFO - Sync 1 DAGs
[2025-03-27T15:11:07.475-0500] {logging_mixin.py:190} INFO - [2025-03-27T15:11:07.475-0500] {dag.py:4180} INFO - Setting next_dagrun for tutorial_taskflow_templates to 2025-03-26 00:00:00+00:00, run_after=2025-03-27 00:00:00+00:00
[2025-03-27T15:11:07.609-0500] {processor.py:208} INFO - Processing /home/udhbhav/miniconda3/lib/python3.11/site-packages/airflow/example_dags/tutorial_taskflow_templates.py took 0.160 seconds
[2025-03-27T15:12:13.079-0500] {processor.py:186} INFO - Started process (PID=1797683) to work on /home/udhbhav/miniconda3/lib/python3.11/site-packages/airflow/example_dags/tutorial_taskflow_templates.py
[2025-03-27T15:12:13.079-0500] {processor.py:914} INFO - Processing file /home/udhbhav/miniconda3/lib/python3.11/site-packages/airflow/example_dags/tutorial_taskflow_templates.py for tasks to queue
[2025-03-27T15:12:13.080-0500] {logging_mixin.py:190} INFO - [2025-03-27T15:12:13.080-0500] {dagbag.py:588} INFO - Filling up the DagBag from /home/udhbhav/miniconda3/lib/python3.11/site-packages/airflow/example_dags/tutorial_taskflow_templates.py
[2025-03-27T15:12:13.087-0500] {processor.py:925} INFO - DAG(s) 'tutorial_taskflow_templates' retrieved from /home/udhbhav/miniconda3/lib/python3.11/site-packages/airflow/example_dags/tutorial_taskflow_templates.py
[2025-03-27T15:12:13.095-0500] {logging_mixin.py:190} INFO - [2025-03-27T15:12:13.095-0500] {dag.py:3239} INFO - Sync 1 DAGs
[2025-03-27T15:12:13.103-0500] {logging_mixin.py:190} INFO - [2025-03-27T15:12:13.103-0500] {dag.py:4180} INFO - Setting next_dagrun for tutorial_taskflow_templates to 2025-03-26 00:00:00+00:00, run_after=2025-03-27 00:00:00+00:00
[2025-03-27T15:12:13.319-0500] {processor.py:208} INFO - Processing /home/udhbhav/miniconda3/lib/python3.11/site-packages/airflow/example_dags/tutorial_taskflow_templates.py took 0.242 seconds
[2025-03-27T15:13:33.482-0500] {processor.py:186} INFO - Started process (PID=1798494) to work on /home/udhbhav/miniconda3/lib/python3.11/site-packages/airflow/example_dags/tutorial_taskflow_templates.py
[2025-03-27T15:13:33.482-0500] {processor.py:914} INFO - Processing file /home/udhbhav/miniconda3/lib/python3.11/site-packages/airflow/example_dags/tutorial_taskflow_templates.py for tasks to queue
[2025-03-27T15:13:33.484-0500] {logging_mixin.py:190} INFO - [2025-03-27T15:13:33.483-0500] {dagbag.py:588} INFO - Filling up the DagBag from /home/udhbhav/miniconda3/lib/python3.11/site-packages/airflow/example_dags/tutorial_taskflow_templates.py
[2025-03-27T15:13:33.490-0500] {processor.py:925} INFO - DAG(s) 'tutorial_taskflow_templates' retrieved from /home/udhbhav/miniconda3/lib/python3.11/site-packages/airflow/example_dags/tutorial_taskflow_templates.py
[2025-03-27T15:13:33.497-0500] {logging_mixin.py:190} INFO - [2025-03-27T15:13:33.497-0500] {dag.py:3239} INFO - Sync 1 DAGs
[2025-03-27T15:13:33.506-0500] {logging_mixin.py:190} INFO - [2025-03-27T15:13:33.505-0500] {dag.py:4180} INFO - Setting next_dagrun for tutorial_taskflow_templates to 2025-03-26 00:00:00+00:00, run_after=2025-03-27 00:00:00+00:00
[2025-03-27T15:13:33.699-0500] {processor.py:208} INFO - Processing /home/udhbhav/miniconda3/lib/python3.11/site-packages/airflow/example_dags/tutorial_taskflow_templates.py took 0.220 seconds
[2025-03-27T15:14:49.109-0500] {processor.py:186} INFO - Started process (PID=1799346) to work on /home/udhbhav/miniconda3/lib/python3.11/site-packages/airflow/example_dags/tutorial_taskflow_templates.py
[2025-03-27T15:14:49.110-0500] {processor.py:914} INFO - Processing file /home/udhbhav/miniconda3/lib/python3.11/site-packages/airflow/example_dags/tutorial_taskflow_templates.py for tasks to queue
[2025-03-27T15:14:49.111-0500] {logging_mixin.py:190} INFO - [2025-03-27T15:14:49.111-0500] {dagbag.py:588} INFO - Filling up the DagBag from /home/udhbhav/miniconda3/lib/python3.11/site-packages/airflow/example_dags/tutorial_taskflow_templates.py
[2025-03-27T15:14:49.117-0500] {processor.py:925} INFO - DAG(s) 'tutorial_taskflow_templates' retrieved from /home/udhbhav/miniconda3/lib/python3.11/site-packages/airflow/example_dags/tutorial_taskflow_templates.py
[2025-03-27T15:14:49.125-0500] {logging_mixin.py:190} INFO - [2025-03-27T15:14:49.125-0500] {dag.py:3239} INFO - Sync 1 DAGs
[2025-03-27T15:14:49.133-0500] {logging_mixin.py:190} INFO - [2025-03-27T15:14:49.133-0500] {dag.py:4180} INFO - Setting next_dagrun for tutorial_taskflow_templates to 2025-03-26 00:00:00+00:00, run_after=2025-03-27 00:00:00+00:00
[2025-03-27T15:14:49.310-0500] {processor.py:208} INFO - Processing /home/udhbhav/miniconda3/lib/python3.11/site-packages/airflow/example_dags/tutorial_taskflow_templates.py took 0.204 seconds
[2025-03-27T15:16:08.650-0500] {processor.py:186} INFO - Started process (PID=1800030) to work on /home/udhbhav/miniconda3/lib/python3.11/site-packages/airflow/example_dags/tutorial_taskflow_templates.py
[2025-03-27T15:16:08.651-0500] {processor.py:914} INFO - Processing file /home/udhbhav/miniconda3/lib/python3.11/site-packages/airflow/example_dags/tutorial_taskflow_templates.py for tasks to queue
[2025-03-27T15:16:08.652-0500] {logging_mixin.py:190} INFO - [2025-03-27T15:16:08.652-0500] {dagbag.py:588} INFO - Filling up the DagBag from /home/udhbhav/miniconda3/lib/python3.11/site-packages/airflow/example_dags/tutorial_taskflow_templates.py
[2025-03-27T15:16:08.659-0500] {processor.py:925} INFO - DAG(s) 'tutorial_taskflow_templates' retrieved from /home/udhbhav/miniconda3/lib/python3.11/site-packages/airflow/example_dags/tutorial_taskflow_templates.py
[2025-03-27T15:16:08.666-0500] {logging_mixin.py:190} INFO - [2025-03-27T15:16:08.666-0500] {dag.py:3239} INFO - Sync 1 DAGs
[2025-03-27T15:16:08.674-0500] {logging_mixin.py:190} INFO - [2025-03-27T15:16:08.674-0500] {dag.py:4180} INFO - Setting next_dagrun for tutorial_taskflow_templates to 2025-03-26 00:00:00+00:00, run_after=2025-03-27 00:00:00+00:00
[2025-03-27T15:16:09.139-0500] {processor.py:208} INFO - Processing /home/udhbhav/miniconda3/lib/python3.11/site-packages/airflow/example_dags/tutorial_taskflow_templates.py took 0.492 seconds
[2025-03-27T15:17:26.033-0500] {processor.py:186} INFO - Started process (PID=1800812) to work on /home/udhbhav/miniconda3/lib/python3.11/site-packages/airflow/example_dags/tutorial_taskflow_templates.py
[2025-03-27T15:17:26.034-0500] {processor.py:914} INFO - Processing file /home/udhbhav/miniconda3/lib/python3.11/site-packages/airflow/example_dags/tutorial_taskflow_templates.py for tasks to queue
[2025-03-27T15:17:26.035-0500] {logging_mixin.py:190} INFO - [2025-03-27T15:17:26.035-0500] {dagbag.py:588} INFO - Filling up the DagBag from /home/udhbhav/miniconda3/lib/python3.11/site-packages/airflow/example_dags/tutorial_taskflow_templates.py
[2025-03-27T15:17:26.042-0500] {processor.py:925} INFO - DAG(s) 'tutorial_taskflow_templates' retrieved from /home/udhbhav/miniconda3/lib/python3.11/site-packages/airflow/example_dags/tutorial_taskflow_templates.py
[2025-03-27T15:17:26.049-0500] {logging_mixin.py:190} INFO - [2025-03-27T15:17:26.049-0500] {dag.py:3239} INFO - Sync 1 DAGs
[2025-03-27T15:17:26.057-0500] {logging_mixin.py:190} INFO - [2025-03-27T15:17:26.057-0500] {dag.py:4180} INFO - Setting next_dagrun for tutorial_taskflow_templates to 2025-03-26 00:00:00+00:00, run_after=2025-03-27 00:00:00+00:00
[2025-03-27T15:17:26.300-0500] {processor.py:208} INFO - Processing /home/udhbhav/miniconda3/lib/python3.11/site-packages/airflow/example_dags/tutorial_taskflow_templates.py took 0.269 seconds
[2025-03-27T15:18:32.960-0500] {processor.py:186} INFO - Started process (PID=1801466) to work on /home/udhbhav/miniconda3/lib/python3.11/site-packages/airflow/example_dags/tutorial_taskflow_templates.py
[2025-03-27T15:18:32.960-0500] {processor.py:914} INFO - Processing file /home/udhbhav/miniconda3/lib/python3.11/site-packages/airflow/example_dags/tutorial_taskflow_templates.py for tasks to queue
[2025-03-27T15:18:32.962-0500] {logging_mixin.py:190} INFO - [2025-03-27T15:18:32.962-0500] {dagbag.py:588} INFO - Filling up the DagBag from /home/udhbhav/miniconda3/lib/python3.11/site-packages/airflow/example_dags/tutorial_taskflow_templates.py
[2025-03-27T15:18:32.968-0500] {processor.py:925} INFO - DAG(s) 'tutorial_taskflow_templates' retrieved from /home/udhbhav/miniconda3/lib/python3.11/site-packages/airflow/example_dags/tutorial_taskflow_templates.py
[2025-03-27T15:18:32.976-0500] {logging_mixin.py:190} INFO - [2025-03-27T15:18:32.975-0500] {dag.py:3239} INFO - Sync 1 DAGs
[2025-03-27T15:18:32.984-0500] {logging_mixin.py:190} INFO - [2025-03-27T15:18:32.984-0500] {dag.py:4180} INFO - Setting next_dagrun for tutorial_taskflow_templates to 2025-03-26 00:00:00+00:00, run_after=2025-03-27 00:00:00+00:00
[2025-03-27T15:18:33.116-0500] {processor.py:208} INFO - Processing /home/udhbhav/miniconda3/lib/python3.11/site-packages/airflow/example_dags/tutorial_taskflow_templates.py took 0.159 seconds
[2025-03-27T15:19:43.653-0500] {processor.py:186} INFO - Started process (PID=1802276) to work on /home/udhbhav/miniconda3/lib/python3.11/site-packages/airflow/example_dags/tutorial_taskflow_templates.py
[2025-03-27T15:19:43.654-0500] {processor.py:914} INFO - Processing file /home/udhbhav/miniconda3/lib/python3.11/site-packages/airflow/example_dags/tutorial_taskflow_templates.py for tasks to queue
[2025-03-27T15:19:43.655-0500] {logging_mixin.py:190} INFO - [2025-03-27T15:19:43.655-0500] {dagbag.py:588} INFO - Filling up the DagBag from /home/udhbhav/miniconda3/lib/python3.11/site-packages/airflow/example_dags/tutorial_taskflow_templates.py
[2025-03-27T15:19:43.661-0500] {processor.py:925} INFO - DAG(s) 'tutorial_taskflow_templates' retrieved from /home/udhbhav/miniconda3/lib/python3.11/site-packages/airflow/example_dags/tutorial_taskflow_templates.py
[2025-03-27T15:19:43.669-0500] {logging_mixin.py:190} INFO - [2025-03-27T15:19:43.669-0500] {dag.py:3239} INFO - Sync 1 DAGs
[2025-03-27T15:19:43.677-0500] {logging_mixin.py:190} INFO - [2025-03-27T15:19:43.677-0500] {dag.py:4180} INFO - Setting next_dagrun for tutorial_taskflow_templates to 2025-03-26 00:00:00+00:00, run_after=2025-03-27 00:00:00+00:00
[2025-03-27T15:19:43.812-0500] {processor.py:208} INFO - Processing /home/udhbhav/miniconda3/lib/python3.11/site-packages/airflow/example_dags/tutorial_taskflow_templates.py took 0.162 seconds
[2025-03-27T15:20:47.323-0500] {processor.py:186} INFO - Started process (PID=1803748) to work on /home/udhbhav/miniconda3/lib/python3.11/site-packages/airflow/example_dags/tutorial_taskflow_templates.py
[2025-03-27T15:20:47.324-0500] {processor.py:914} INFO - Processing file /home/udhbhav/miniconda3/lib/python3.11/site-packages/airflow/example_dags/tutorial_taskflow_templates.py for tasks to queue
[2025-03-27T15:20:47.325-0500] {logging_mixin.py:190} INFO - [2025-03-27T15:20:47.325-0500] {dagbag.py:588} INFO - Filling up the DagBag from /home/udhbhav/miniconda3/lib/python3.11/site-packages/airflow/example_dags/tutorial_taskflow_templates.py
[2025-03-27T15:20:47.332-0500] {processor.py:925} INFO - DAG(s) 'tutorial_taskflow_templates' retrieved from /home/udhbhav/miniconda3/lib/python3.11/site-packages/airflow/example_dags/tutorial_taskflow_templates.py
[2025-03-27T15:20:47.339-0500] {logging_mixin.py:190} INFO - [2025-03-27T15:20:47.339-0500] {dag.py:3239} INFO - Sync 1 DAGs
[2025-03-27T15:20:47.348-0500] {logging_mixin.py:190} INFO - [2025-03-27T15:20:47.347-0500] {dag.py:4180} INFO - Setting next_dagrun for tutorial_taskflow_templates to 2025-03-26 00:00:00+00:00, run_after=2025-03-27 00:00:00+00:00
[2025-03-27T15:20:47.480-0500] {processor.py:208} INFO - Processing /home/udhbhav/miniconda3/lib/python3.11/site-packages/airflow/example_dags/tutorial_taskflow_templates.py took 0.160 seconds
[2025-03-27T15:21:58.641-0500] {processor.py:186} INFO - Started process (PID=1808458) to work on /home/udhbhav/miniconda3/lib/python3.11/site-packages/airflow/example_dags/tutorial_taskflow_templates.py
[2025-03-27T15:21:58.641-0500] {processor.py:914} INFO - Processing file /home/udhbhav/miniconda3/lib/python3.11/site-packages/airflow/example_dags/tutorial_taskflow_templates.py for tasks to queue
[2025-03-27T15:21:58.642-0500] {logging_mixin.py:190} INFO - [2025-03-27T15:21:58.642-0500] {dagbag.py:588} INFO - Filling up the DagBag from /home/udhbhav/miniconda3/lib/python3.11/site-packages/airflow/example_dags/tutorial_taskflow_templates.py
[2025-03-27T15:21:58.649-0500] {processor.py:925} INFO - DAG(s) 'tutorial_taskflow_templates' retrieved from /home/udhbhav/miniconda3/lib/python3.11/site-packages/airflow/example_dags/tutorial_taskflow_templates.py
[2025-03-27T15:21:58.657-0500] {logging_mixin.py:190} INFO - [2025-03-27T15:21:58.656-0500] {dag.py:3239} INFO - Sync 1 DAGs
[2025-03-27T15:21:58.665-0500] {logging_mixin.py:190} INFO - [2025-03-27T15:21:58.665-0500] {dag.py:4180} INFO - Setting next_dagrun for tutorial_taskflow_templates to 2025-03-26 00:00:00+00:00, run_after=2025-03-27 00:00:00+00:00
[2025-03-27T15:21:58.800-0500] {processor.py:208} INFO - Processing /home/udhbhav/miniconda3/lib/python3.11/site-packages/airflow/example_dags/tutorial_taskflow_templates.py took 0.163 seconds
[2025-03-27T15:23:18.727-0500] {processor.py:186} INFO - Started process (PID=1809156) to work on /home/udhbhav/miniconda3/lib/python3.11/site-packages/airflow/example_dags/tutorial_taskflow_templates.py
[2025-03-27T15:23:18.728-0500] {processor.py:914} INFO - Processing file /home/udhbhav/miniconda3/lib/python3.11/site-packages/airflow/example_dags/tutorial_taskflow_templates.py for tasks to queue
[2025-03-27T15:23:18.729-0500] {logging_mixin.py:190} INFO - [2025-03-27T15:23:18.729-0500] {dagbag.py:588} INFO - Filling up the DagBag from /home/udhbhav/miniconda3/lib/python3.11/site-packages/airflow/example_dags/tutorial_taskflow_templates.py
[2025-03-27T15:23:18.735-0500] {processor.py:925} INFO - DAG(s) 'tutorial_taskflow_templates' retrieved from /home/udhbhav/miniconda3/lib/python3.11/site-packages/airflow/example_dags/tutorial_taskflow_templates.py
[2025-03-27T15:23:18.743-0500] {logging_mixin.py:190} INFO - [2025-03-27T15:23:18.743-0500] {dag.py:3239} INFO - Sync 1 DAGs
[2025-03-27T15:23:18.751-0500] {logging_mixin.py:190} INFO - [2025-03-27T15:23:18.751-0500] {dag.py:4180} INFO - Setting next_dagrun for tutorial_taskflow_templates to 2025-03-26 00:00:00+00:00, run_after=2025-03-27 00:00:00+00:00
[2025-03-27T15:23:18.981-0500] {processor.py:208} INFO - Processing /home/udhbhav/miniconda3/lib/python3.11/site-packages/airflow/example_dags/tutorial_taskflow_templates.py took 0.257 seconds
[2025-03-27T15:24:27.124-0500] {processor.py:186} INFO - Started process (PID=1809937) to work on /home/udhbhav/miniconda3/lib/python3.11/site-packages/airflow/example_dags/tutorial_taskflow_templates.py
[2025-03-27T15:24:27.124-0500] {processor.py:914} INFO - Processing file /home/udhbhav/miniconda3/lib/python3.11/site-packages/airflow/example_dags/tutorial_taskflow_templates.py for tasks to queue
[2025-03-27T15:24:27.125-0500] {logging_mixin.py:190} INFO - [2025-03-27T15:24:27.125-0500] {dagbag.py:588} INFO - Filling up the DagBag from /home/udhbhav/miniconda3/lib/python3.11/site-packages/airflow/example_dags/tutorial_taskflow_templates.py
[2025-03-27T15:24:27.132-0500] {processor.py:925} INFO - DAG(s) 'tutorial_taskflow_templates' retrieved from /home/udhbhav/miniconda3/lib/python3.11/site-packages/airflow/example_dags/tutorial_taskflow_templates.py
[2025-03-27T15:24:27.139-0500] {logging_mixin.py:190} INFO - [2025-03-27T15:24:27.139-0500] {dag.py:3239} INFO - Sync 1 DAGs
[2025-03-27T15:24:27.148-0500] {logging_mixin.py:190} INFO - [2025-03-27T15:24:27.148-0500] {dag.py:4180} INFO - Setting next_dagrun for tutorial_taskflow_templates to 2025-03-26 00:00:00+00:00, run_after=2025-03-27 00:00:00+00:00
[2025-03-27T15:24:27.365-0500] {processor.py:208} INFO - Processing /home/udhbhav/miniconda3/lib/python3.11/site-packages/airflow/example_dags/tutorial_taskflow_templates.py took 0.244 seconds
[2025-03-27T15:25:50.178-0500] {processor.py:186} INFO - Started process (PID=1810846) to work on /home/udhbhav/miniconda3/lib/python3.11/site-packages/airflow/example_dags/tutorial_taskflow_templates.py
[2025-03-27T15:25:50.178-0500] {processor.py:914} INFO - Processing file /home/udhbhav/miniconda3/lib/python3.11/site-packages/airflow/example_dags/tutorial_taskflow_templates.py for tasks to queue
[2025-03-27T15:25:50.179-0500] {logging_mixin.py:190} INFO - [2025-03-27T15:25:50.179-0500] {dagbag.py:588} INFO - Filling up the DagBag from /home/udhbhav/miniconda3/lib/python3.11/site-packages/airflow/example_dags/tutorial_taskflow_templates.py
[2025-03-27T15:25:50.186-0500] {processor.py:925} INFO - DAG(s) 'tutorial_taskflow_templates' retrieved from /home/udhbhav/miniconda3/lib/python3.11/site-packages/airflow/example_dags/tutorial_taskflow_templates.py
[2025-03-27T15:25:50.193-0500] {logging_mixin.py:190} INFO - [2025-03-27T15:25:50.193-0500] {dag.py:3239} INFO - Sync 1 DAGs
[2025-03-27T15:25:50.202-0500] {logging_mixin.py:190} INFO - [2025-03-27T15:25:50.202-0500] {dag.py:4180} INFO - Setting next_dagrun for tutorial_taskflow_templates to 2025-03-26 00:00:00+00:00, run_after=2025-03-27 00:00:00+00:00
[2025-03-27T15:25:50.673-0500] {processor.py:208} INFO - Processing /home/udhbhav/miniconda3/lib/python3.11/site-packages/airflow/example_dags/tutorial_taskflow_templates.py took 0.498 seconds
[2025-03-27T15:27:20.030-0500] {processor.py:186} INFO - Started process (PID=1811610) to work on /home/udhbhav/miniconda3/lib/python3.11/site-packages/airflow/example_dags/tutorial_taskflow_templates.py
[2025-03-27T15:27:20.031-0500] {processor.py:914} INFO - Processing file /home/udhbhav/miniconda3/lib/python3.11/site-packages/airflow/example_dags/tutorial_taskflow_templates.py for tasks to queue
[2025-03-27T15:27:20.032-0500] {logging_mixin.py:190} INFO - [2025-03-27T15:27:20.032-0500] {dagbag.py:588} INFO - Filling up the DagBag from /home/udhbhav/miniconda3/lib/python3.11/site-packages/airflow/example_dags/tutorial_taskflow_templates.py
[2025-03-27T15:27:20.039-0500] {processor.py:925} INFO - DAG(s) 'tutorial_taskflow_templates' retrieved from /home/udhbhav/miniconda3/lib/python3.11/site-packages/airflow/example_dags/tutorial_taskflow_templates.py
[2025-03-27T15:27:20.046-0500] {logging_mixin.py:190} INFO - [2025-03-27T15:27:20.046-0500] {dag.py:3239} INFO - Sync 1 DAGs
[2025-03-27T15:27:20.054-0500] {logging_mixin.py:190} INFO - [2025-03-27T15:27:20.054-0500] {dag.py:4180} INFO - Setting next_dagrun for tutorial_taskflow_templates to 2025-03-26 00:00:00+00:00, run_after=2025-03-27 00:00:00+00:00
[2025-03-27T15:27:20.183-0500] {processor.py:208} INFO - Processing /home/udhbhav/miniconda3/lib/python3.11/site-packages/airflow/example_dags/tutorial_taskflow_templates.py took 0.156 seconds
[2025-03-27T15:28:39.315-0500] {processor.py:186} INFO - Started process (PID=1812386) to work on /home/udhbhav/miniconda3/lib/python3.11/site-packages/airflow/example_dags/tutorial_taskflow_templates.py
[2025-03-27T15:28:39.316-0500] {processor.py:914} INFO - Processing file /home/udhbhav/miniconda3/lib/python3.11/site-packages/airflow/example_dags/tutorial_taskflow_templates.py for tasks to queue
[2025-03-27T15:28:39.317-0500] {logging_mixin.py:190} INFO - [2025-03-27T15:28:39.317-0500] {dagbag.py:588} INFO - Filling up the DagBag from /home/udhbhav/miniconda3/lib/python3.11/site-packages/airflow/example_dags/tutorial_taskflow_templates.py
[2025-03-27T15:28:39.324-0500] {processor.py:925} INFO - DAG(s) 'tutorial_taskflow_templates' retrieved from /home/udhbhav/miniconda3/lib/python3.11/site-packages/airflow/example_dags/tutorial_taskflow_templates.py
[2025-03-27T15:28:39.331-0500] {logging_mixin.py:190} INFO - [2025-03-27T15:28:39.331-0500] {dag.py:3239} INFO - Sync 1 DAGs
[2025-03-27T15:28:39.340-0500] {logging_mixin.py:190} INFO - [2025-03-27T15:28:39.339-0500] {dag.py:4180} INFO - Setting next_dagrun for tutorial_taskflow_templates to 2025-03-26 00:00:00+00:00, run_after=2025-03-27 00:00:00+00:00
[2025-03-27T15:28:40.147-0500] {processor.py:208} INFO - Processing /home/udhbhav/miniconda3/lib/python3.11/site-packages/airflow/example_dags/tutorial_taskflow_templates.py took 0.835 seconds
[2025-03-27T15:30:29.393-0500] {processor.py:186} INFO - Started process (PID=1813384) to work on /home/udhbhav/miniconda3/lib/python3.11/site-packages/airflow/example_dags/tutorial_taskflow_templates.py
[2025-03-27T15:30:29.393-0500] {processor.py:914} INFO - Processing file /home/udhbhav/miniconda3/lib/python3.11/site-packages/airflow/example_dags/tutorial_taskflow_templates.py for tasks to queue
[2025-03-27T15:30:29.395-0500] {logging_mixin.py:190} INFO - [2025-03-27T15:30:29.395-0500] {dagbag.py:588} INFO - Filling up the DagBag from /home/udhbhav/miniconda3/lib/python3.11/site-packages/airflow/example_dags/tutorial_taskflow_templates.py
[2025-03-27T15:30:29.401-0500] {processor.py:925} INFO - DAG(s) 'tutorial_taskflow_templates' retrieved from /home/udhbhav/miniconda3/lib/python3.11/site-packages/airflow/example_dags/tutorial_taskflow_templates.py
[2025-03-27T15:30:29.408-0500] {logging_mixin.py:190} INFO - [2025-03-27T15:30:29.408-0500] {dag.py:3239} INFO - Sync 1 DAGs
[2025-03-27T15:30:29.417-0500] {logging_mixin.py:190} INFO - [2025-03-27T15:30:29.417-0500] {dag.py:4180} INFO - Setting next_dagrun for tutorial_taskflow_templates to 2025-03-26 00:00:00+00:00, run_after=2025-03-27 00:00:00+00:00
[2025-03-27T15:30:30.257-0500] {processor.py:208} INFO - Processing /home/udhbhav/miniconda3/lib/python3.11/site-packages/airflow/example_dags/tutorial_taskflow_templates.py took 0.867 seconds
[2025-03-27T15:32:17.513-0500] {processor.py:186} INFO - Started process (PID=1814425) to work on /home/udhbhav/miniconda3/lib/python3.11/site-packages/airflow/example_dags/tutorial_taskflow_templates.py
[2025-03-27T15:32:17.514-0500] {processor.py:914} INFO - Processing file /home/udhbhav/miniconda3/lib/python3.11/site-packages/airflow/example_dags/tutorial_taskflow_templates.py for tasks to queue
[2025-03-27T15:32:17.514-0500] {logging_mixin.py:190} INFO - [2025-03-27T15:32:17.514-0500] {dagbag.py:588} INFO - Filling up the DagBag from /home/udhbhav/miniconda3/lib/python3.11/site-packages/airflow/example_dags/tutorial_taskflow_templates.py
[2025-03-27T15:32:17.521-0500] {processor.py:925} INFO - DAG(s) 'tutorial_taskflow_templates' retrieved from /home/udhbhav/miniconda3/lib/python3.11/site-packages/airflow/example_dags/tutorial_taskflow_templates.py
[2025-03-27T15:32:17.529-0500] {logging_mixin.py:190} INFO - [2025-03-27T15:32:17.529-0500] {dag.py:3239} INFO - Sync 1 DAGs
[2025-03-27T15:32:17.537-0500] {logging_mixin.py:190} INFO - [2025-03-27T15:32:17.537-0500] {dag.py:4180} INFO - Setting next_dagrun for tutorial_taskflow_templates to 2025-03-26 00:00:00+00:00, run_after=2025-03-27 00:00:00+00:00
[2025-03-27T15:32:17.663-0500] {processor.py:208} INFO - Processing /home/udhbhav/miniconda3/lib/python3.11/site-packages/airflow/example_dags/tutorial_taskflow_templates.py took 0.153 seconds
[2025-03-27T15:33:28.547-0500] {processor.py:186} INFO - Started process (PID=1815073) to work on /home/udhbhav/miniconda3/lib/python3.11/site-packages/airflow/example_dags/tutorial_taskflow_templates.py
[2025-03-27T15:33:28.547-0500] {processor.py:914} INFO - Processing file /home/udhbhav/miniconda3/lib/python3.11/site-packages/airflow/example_dags/tutorial_taskflow_templates.py for tasks to queue
[2025-03-27T15:33:28.548-0500] {logging_mixin.py:190} INFO - [2025-03-27T15:33:28.548-0500] {dagbag.py:588} INFO - Filling up the DagBag from /home/udhbhav/miniconda3/lib/python3.11/site-packages/airflow/example_dags/tutorial_taskflow_templates.py
[2025-03-27T15:33:28.555-0500] {processor.py:925} INFO - DAG(s) 'tutorial_taskflow_templates' retrieved from /home/udhbhav/miniconda3/lib/python3.11/site-packages/airflow/example_dags/tutorial_taskflow_templates.py
[2025-03-27T15:33:28.562-0500] {logging_mixin.py:190} INFO - [2025-03-27T15:33:28.562-0500] {dag.py:3239} INFO - Sync 1 DAGs
[2025-03-27T15:33:28.571-0500] {logging_mixin.py:190} INFO - [2025-03-27T15:33:28.571-0500] {dag.py:4180} INFO - Setting next_dagrun for tutorial_taskflow_templates to 2025-03-26 00:00:00+00:00, run_after=2025-03-27 00:00:00+00:00
[2025-03-27T15:33:28.703-0500] {processor.py:208} INFO - Processing /home/udhbhav/miniconda3/lib/python3.11/site-packages/airflow/example_dags/tutorial_taskflow_templates.py took 0.159 seconds
[2025-03-27T15:34:36.013-0500] {processor.py:186} INFO - Started process (PID=1815790) to work on /home/udhbhav/miniconda3/lib/python3.11/site-packages/airflow/example_dags/tutorial_taskflow_templates.py
[2025-03-27T15:34:36.014-0500] {processor.py:914} INFO - Processing file /home/udhbhav/miniconda3/lib/python3.11/site-packages/airflow/example_dags/tutorial_taskflow_templates.py for tasks to queue
[2025-03-27T15:34:36.015-0500] {logging_mixin.py:190} INFO - [2025-03-27T15:34:36.015-0500] {dagbag.py:588} INFO - Filling up the DagBag from /home/udhbhav/miniconda3/lib/python3.11/site-packages/airflow/example_dags/tutorial_taskflow_templates.py
[2025-03-27T15:34:36.022-0500] {processor.py:925} INFO - DAG(s) 'tutorial_taskflow_templates' retrieved from /home/udhbhav/miniconda3/lib/python3.11/site-packages/airflow/example_dags/tutorial_taskflow_templates.py
[2025-03-27T15:34:36.029-0500] {logging_mixin.py:190} INFO - [2025-03-27T15:34:36.029-0500] {dag.py:3239} INFO - Sync 1 DAGs
[2025-03-27T15:34:36.038-0500] {logging_mixin.py:190} INFO - [2025-03-27T15:34:36.037-0500] {dag.py:4180} INFO - Setting next_dagrun for tutorial_taskflow_templates to 2025-03-26 00:00:00+00:00, run_after=2025-03-27 00:00:00+00:00
[2025-03-27T15:34:36.171-0500] {processor.py:208} INFO - Processing /home/udhbhav/miniconda3/lib/python3.11/site-packages/airflow/example_dags/tutorial_taskflow_templates.py took 0.160 seconds
[2025-03-27T15:35:45.478-0500] {processor.py:186} INFO - Started process (PID=1816521) to work on /home/udhbhav/miniconda3/lib/python3.11/site-packages/airflow/example_dags/tutorial_taskflow_templates.py
[2025-03-27T15:35:45.478-0500] {processor.py:914} INFO - Processing file /home/udhbhav/miniconda3/lib/python3.11/site-packages/airflow/example_dags/tutorial_taskflow_templates.py for tasks to queue
[2025-03-27T15:35:45.480-0500] {logging_mixin.py:190} INFO - [2025-03-27T15:35:45.479-0500] {dagbag.py:588} INFO - Filling up the DagBag from /home/udhbhav/miniconda3/lib/python3.11/site-packages/airflow/example_dags/tutorial_taskflow_templates.py
[2025-03-27T15:35:45.486-0500] {processor.py:925} INFO - DAG(s) 'tutorial_taskflow_templates' retrieved from /home/udhbhav/miniconda3/lib/python3.11/site-packages/airflow/example_dags/tutorial_taskflow_templates.py
[2025-03-27T15:35:45.494-0500] {logging_mixin.py:190} INFO - [2025-03-27T15:35:45.494-0500] {dag.py:3239} INFO - Sync 1 DAGs
[2025-03-27T15:35:45.502-0500] {logging_mixin.py:190} INFO - [2025-03-27T15:35:45.502-0500] {dag.py:4180} INFO - Setting next_dagrun for tutorial_taskflow_templates to 2025-03-26 00:00:00+00:00, run_after=2025-03-27 00:00:00+00:00
[2025-03-27T15:35:45.662-0500] {processor.py:208} INFO - Processing /home/udhbhav/miniconda3/lib/python3.11/site-packages/airflow/example_dags/tutorial_taskflow_templates.py took 0.187 seconds
