[2025-03-27T14:27:30.756-0500] {processor.py:186} INFO - Started process (PID=1763791) to work on /home/udhbhav/miniconda3/lib/python3.11/site-packages/airflow/example_dags/tutorial.py
[2025-03-27T14:27:30.757-0500] {processor.py:914} INFO - Processing file /home/udhbhav/miniconda3/lib/python3.11/site-packages/airflow/example_dags/tutorial.py for tasks to queue
[2025-03-27T14:27:30.758-0500] {logging_mixin.py:190} INFO - [2025-03-27T14:27:30.758-0500] {dagbag.py:588} INFO - Filling up the DagBag from /home/udhbhav/miniconda3/lib/python3.11/site-packages/airflow/example_dags/tutorial.py
[2025-03-27T14:27:30.768-0500] {processor.py:925} INFO - DAG(s) 'tutorial' retrieved from /home/udhbhav/miniconda3/lib/python3.11/site-packages/airflow/example_dags/tutorial.py
[2025-03-27T14:27:31.234-0500] {logging_mixin.py:190} INFO - [2025-03-27T14:27:31.233-0500] {override.py:1912} INFO - Created Permission View: can read on DAG:tutorial
[2025-03-27T14:27:31.364-0500] {logging_mixin.py:190} INFO - [2025-03-27T14:27:31.363-0500] {override.py:1912} INFO - Created Permission View: can edit on DAG:tutorial
[2025-03-27T14:27:31.416-0500] {logging_mixin.py:190} INFO - [2025-03-27T14:27:31.416-0500] {override.py:1912} INFO - Created Permission View: can delete on DAG:tutorial
[2025-03-27T14:27:31.616-0500] {logging_mixin.py:190} INFO - [2025-03-27T14:27:31.616-0500] {override.py:1912} INFO - Created Permission View: can read on DAG Run:tutorial
[2025-03-27T14:27:31.801-0500] {logging_mixin.py:190} INFO - [2025-03-27T14:27:31.801-0500] {override.py:1912} INFO - Created Permission View: menu access on DAG Run:tutorial
[2025-03-27T14:27:32.004-0500] {logging_mixin.py:190} INFO - [2025-03-27T14:27:32.003-0500] {override.py:1912} INFO - Created Permission View: can create on DAG Run:tutorial
[2025-03-27T14:27:32.190-0500] {logging_mixin.py:190} INFO - [2025-03-27T14:27:32.190-0500] {override.py:1912} INFO - Created Permission View: can delete on DAG Run:tutorial
[2025-03-27T14:27:32.191-0500] {logging_mixin.py:190} INFO - [2025-03-27T14:27:32.191-0500] {dag.py:3239} INFO - Sync 1 DAGs
[2025-03-27T14:27:32.197-0500] {logging_mixin.py:190} INFO - [2025-03-27T14:27:32.197-0500] {dag.py:3262} INFO - Creating ORM DAG for tutorial
[2025-03-27T14:27:32.203-0500] {logging_mixin.py:190} INFO - [2025-03-27T14:27:32.203-0500] {dag.py:4180} INFO - Setting next_dagrun for tutorial to 2025-03-26 00:00:00+00:00, run_after=2025-03-27 00:00:00+00:00
[2025-03-27T14:27:32.660-0500] {processor.py:208} INFO - Processing /home/udhbhav/miniconda3/lib/python3.11/site-packages/airflow/example_dags/tutorial.py took 1.909 seconds
[2025-03-27T14:36:04.941-0500] {processor.py:186} INFO - Started process (PID=1768783) to work on /home/udhbhav/miniconda3/lib/python3.11/site-packages/airflow/example_dags/tutorial.py
[2025-03-27T14:36:04.941-0500] {processor.py:914} INFO - Processing file /home/udhbhav/miniconda3/lib/python3.11/site-packages/airflow/example_dags/tutorial.py for tasks to queue
[2025-03-27T14:36:04.942-0500] {logging_mixin.py:190} INFO - [2025-03-27T14:36:04.942-0500] {dagbag.py:588} INFO - Filling up the DagBag from /home/udhbhav/miniconda3/lib/python3.11/site-packages/airflow/example_dags/tutorial.py
[2025-03-27T14:36:04.946-0500] {processor.py:925} INFO - DAG(s) 'tutorial' retrieved from /home/udhbhav/miniconda3/lib/python3.11/site-packages/airflow/example_dags/tutorial.py
[2025-03-27T14:36:04.954-0500] {logging_mixin.py:190} INFO - [2025-03-27T14:36:04.954-0500] {dag.py:3239} INFO - Sync 1 DAGs
[2025-03-27T14:36:04.963-0500] {logging_mixin.py:190} INFO - [2025-03-27T14:36:04.963-0500] {dag.py:4180} INFO - Setting next_dagrun for tutorial to 2025-03-26 00:00:00+00:00, run_after=2025-03-27 00:00:00+00:00
[2025-03-27T14:36:05.852-0500] {processor.py:208} INFO - Processing /home/udhbhav/miniconda3/lib/python3.11/site-packages/airflow/example_dags/tutorial.py took 0.914 seconds
[2025-03-27T14:37:52.319-0500] {processor.py:186} INFO - Started process (PID=1770092) to work on /home/udhbhav/miniconda3/lib/python3.11/site-packages/airflow/example_dags/tutorial.py
[2025-03-27T14:37:52.319-0500] {processor.py:914} INFO - Processing file /home/udhbhav/miniconda3/lib/python3.11/site-packages/airflow/example_dags/tutorial.py for tasks to queue
[2025-03-27T14:37:52.320-0500] {logging_mixin.py:190} INFO - [2025-03-27T14:37:52.320-0500] {dagbag.py:588} INFO - Filling up the DagBag from /home/udhbhav/miniconda3/lib/python3.11/site-packages/airflow/example_dags/tutorial.py
[2025-03-27T14:37:52.324-0500] {processor.py:925} INFO - DAG(s) 'tutorial' retrieved from /home/udhbhav/miniconda3/lib/python3.11/site-packages/airflow/example_dags/tutorial.py
[2025-03-27T14:37:52.386-0500] {logging_mixin.py:190} INFO - [2025-03-27T14:37:52.386-0500] {dag.py:3239} INFO - Sync 1 DAGs
[2025-03-27T14:37:52.394-0500] {logging_mixin.py:190} INFO - [2025-03-27T14:37:52.393-0500] {dag.py:4180} INFO - Setting next_dagrun for tutorial to 2025-03-26 00:00:00+00:00, run_after=2025-03-27 00:00:00+00:00
[2025-03-27T14:37:52.529-0500] {processor.py:208} INFO - Processing /home/udhbhav/miniconda3/lib/python3.11/site-packages/airflow/example_dags/tutorial.py took 0.213 seconds
[2025-03-27T14:39:09.477-0500] {processor.py:186} INFO - Started process (PID=1770957) to work on /home/udhbhav/miniconda3/lib/python3.11/site-packages/airflow/example_dags/tutorial.py
[2025-03-27T14:39:09.478-0500] {processor.py:914} INFO - Processing file /home/udhbhav/miniconda3/lib/python3.11/site-packages/airflow/example_dags/tutorial.py for tasks to queue
[2025-03-27T14:39:09.479-0500] {logging_mixin.py:190} INFO - [2025-03-27T14:39:09.478-0500] {dagbag.py:588} INFO - Filling up the DagBag from /home/udhbhav/miniconda3/lib/python3.11/site-packages/airflow/example_dags/tutorial.py
[2025-03-27T14:39:09.483-0500] {processor.py:925} INFO - DAG(s) 'tutorial' retrieved from /home/udhbhav/miniconda3/lib/python3.11/site-packages/airflow/example_dags/tutorial.py
[2025-03-27T14:39:09.490-0500] {logging_mixin.py:190} INFO - [2025-03-27T14:39:09.490-0500] {dag.py:3239} INFO - Sync 1 DAGs
[2025-03-27T14:39:09.498-0500] {logging_mixin.py:190} INFO - [2025-03-27T14:39:09.498-0500] {dag.py:4180} INFO - Setting next_dagrun for tutorial to 2025-03-26 00:00:00+00:00, run_after=2025-03-27 00:00:00+00:00
[2025-03-27T14:39:09.702-0500] {processor.py:208} INFO - Processing /home/udhbhav/miniconda3/lib/python3.11/site-packages/airflow/example_dags/tutorial.py took 0.228 seconds
[2025-03-27T14:40:34.315-0500] {processor.py:186} INFO - Started process (PID=1771751) to work on /home/udhbhav/miniconda3/lib/python3.11/site-packages/airflow/example_dags/tutorial.py
[2025-03-27T14:40:34.316-0500] {processor.py:914} INFO - Processing file /home/udhbhav/miniconda3/lib/python3.11/site-packages/airflow/example_dags/tutorial.py for tasks to queue
[2025-03-27T14:40:34.317-0500] {logging_mixin.py:190} INFO - [2025-03-27T14:40:34.316-0500] {dagbag.py:588} INFO - Filling up the DagBag from /home/udhbhav/miniconda3/lib/python3.11/site-packages/airflow/example_dags/tutorial.py
[2025-03-27T14:40:34.320-0500] {processor.py:925} INFO - DAG(s) 'tutorial' retrieved from /home/udhbhav/miniconda3/lib/python3.11/site-packages/airflow/example_dags/tutorial.py
[2025-03-27T14:40:34.328-0500] {logging_mixin.py:190} INFO - [2025-03-27T14:40:34.327-0500] {dag.py:3239} INFO - Sync 1 DAGs
[2025-03-27T14:40:34.335-0500] {logging_mixin.py:190} INFO - [2025-03-27T14:40:34.335-0500] {dag.py:4180} INFO - Setting next_dagrun for tutorial to 2025-03-26 00:00:00+00:00, run_after=2025-03-27 00:00:00+00:00
[2025-03-27T14:40:34.466-0500] {processor.py:208} INFO - Processing /home/udhbhav/miniconda3/lib/python3.11/site-packages/airflow/example_dags/tutorial.py took 0.154 seconds
[2025-03-27T14:42:03.905-0500] {processor.py:186} INFO - Started process (PID=1772975) to work on /home/udhbhav/miniconda3/lib/python3.11/site-packages/airflow/example_dags/tutorial.py
[2025-03-27T14:42:03.906-0500] {processor.py:914} INFO - Processing file /home/udhbhav/miniconda3/lib/python3.11/site-packages/airflow/example_dags/tutorial.py for tasks to queue
[2025-03-27T14:42:03.907-0500] {logging_mixin.py:190} INFO - [2025-03-27T14:42:03.906-0500] {dagbag.py:588} INFO - Filling up the DagBag from /home/udhbhav/miniconda3/lib/python3.11/site-packages/airflow/example_dags/tutorial.py
[2025-03-27T14:42:03.911-0500] {processor.py:925} INFO - DAG(s) 'tutorial' retrieved from /home/udhbhav/miniconda3/lib/python3.11/site-packages/airflow/example_dags/tutorial.py
[2025-03-27T14:42:03.918-0500] {logging_mixin.py:190} INFO - [2025-03-27T14:42:03.918-0500] {dag.py:3239} INFO - Sync 1 DAGs
[2025-03-27T14:42:03.926-0500] {logging_mixin.py:190} INFO - [2025-03-27T14:42:03.926-0500] {dag.py:4180} INFO - Setting next_dagrun for tutorial to 2025-03-26 00:00:00+00:00, run_after=2025-03-27 00:00:00+00:00
[2025-03-27T14:42:04.056-0500] {processor.py:208} INFO - Processing /home/udhbhav/miniconda3/lib/python3.11/site-packages/airflow/example_dags/tutorial.py took 0.154 seconds
[2025-03-27T14:43:16.979-0500] {processor.py:186} INFO - Started process (PID=1773699) to work on /home/udhbhav/miniconda3/lib/python3.11/site-packages/airflow/example_dags/tutorial.py
[2025-03-27T14:43:16.980-0500] {processor.py:914} INFO - Processing file /home/udhbhav/miniconda3/lib/python3.11/site-packages/airflow/example_dags/tutorial.py for tasks to queue
[2025-03-27T14:43:16.981-0500] {logging_mixin.py:190} INFO - [2025-03-27T14:43:16.981-0500] {dagbag.py:588} INFO - Filling up the DagBag from /home/udhbhav/miniconda3/lib/python3.11/site-packages/airflow/example_dags/tutorial.py
[2025-03-27T14:43:16.985-0500] {processor.py:925} INFO - DAG(s) 'tutorial' retrieved from /home/udhbhav/miniconda3/lib/python3.11/site-packages/airflow/example_dags/tutorial.py
[2025-03-27T14:43:16.992-0500] {logging_mixin.py:190} INFO - [2025-03-27T14:43:16.992-0500] {dag.py:3239} INFO - Sync 1 DAGs
[2025-03-27T14:43:16.999-0500] {logging_mixin.py:190} INFO - [2025-03-27T14:43:16.999-0500] {dag.py:4180} INFO - Setting next_dagrun for tutorial to 2025-03-26 00:00:00+00:00, run_after=2025-03-27 00:00:00+00:00
[2025-03-27T14:43:17.128-0500] {processor.py:208} INFO - Processing /home/udhbhav/miniconda3/lib/python3.11/site-packages/airflow/example_dags/tutorial.py took 0.152 seconds
[2025-03-27T14:44:41.964-0500] {processor.py:186} INFO - Started process (PID=1774707) to work on /home/udhbhav/miniconda3/lib/python3.11/site-packages/airflow/example_dags/tutorial.py
[2025-03-27T14:44:41.964-0500] {processor.py:914} INFO - Processing file /home/udhbhav/miniconda3/lib/python3.11/site-packages/airflow/example_dags/tutorial.py for tasks to queue
[2025-03-27T14:44:41.965-0500] {logging_mixin.py:190} INFO - [2025-03-27T14:44:41.965-0500] {dagbag.py:588} INFO - Filling up the DagBag from /home/udhbhav/miniconda3/lib/python3.11/site-packages/airflow/example_dags/tutorial.py
[2025-03-27T14:44:41.969-0500] {processor.py:925} INFO - DAG(s) 'tutorial' retrieved from /home/udhbhav/miniconda3/lib/python3.11/site-packages/airflow/example_dags/tutorial.py
[2025-03-27T14:44:41.976-0500] {logging_mixin.py:190} INFO - [2025-03-27T14:44:41.976-0500] {dag.py:3239} INFO - Sync 1 DAGs
[2025-03-27T14:44:41.984-0500] {logging_mixin.py:190} INFO - [2025-03-27T14:44:41.984-0500] {dag.py:4180} INFO - Setting next_dagrun for tutorial to 2025-03-26 00:00:00+00:00, run_after=2025-03-27 00:00:00+00:00
[2025-03-27T14:44:42.121-0500] {processor.py:208} INFO - Processing /home/udhbhav/miniconda3/lib/python3.11/site-packages/airflow/example_dags/tutorial.py took 0.160 seconds
[2025-03-27T14:46:01.426-0500] {processor.py:186} INFO - Started process (PID=1775474) to work on /home/udhbhav/miniconda3/lib/python3.11/site-packages/airflow/example_dags/tutorial.py
[2025-03-27T14:46:01.426-0500] {processor.py:914} INFO - Processing file /home/udhbhav/miniconda3/lib/python3.11/site-packages/airflow/example_dags/tutorial.py for tasks to queue
[2025-03-27T14:46:01.427-0500] {logging_mixin.py:190} INFO - [2025-03-27T14:46:01.427-0500] {dagbag.py:588} INFO - Filling up the DagBag from /home/udhbhav/miniconda3/lib/python3.11/site-packages/airflow/example_dags/tutorial.py
[2025-03-27T14:46:01.431-0500] {processor.py:925} INFO - DAG(s) 'tutorial' retrieved from /home/udhbhav/miniconda3/lib/python3.11/site-packages/airflow/example_dags/tutorial.py
[2025-03-27T14:46:01.438-0500] {logging_mixin.py:190} INFO - [2025-03-27T14:46:01.438-0500] {dag.py:3239} INFO - Sync 1 DAGs
[2025-03-27T14:46:01.446-0500] {logging_mixin.py:190} INFO - [2025-03-27T14:46:01.446-0500] {dag.py:4180} INFO - Setting next_dagrun for tutorial to 2025-03-26 00:00:00+00:00, run_after=2025-03-27 00:00:00+00:00
[2025-03-27T14:46:01.676-0500] {processor.py:208} INFO - Processing /home/udhbhav/miniconda3/lib/python3.11/site-packages/airflow/example_dags/tutorial.py took 0.254 seconds
[2025-03-27T14:47:29.618-0500] {processor.py:186} INFO - Started process (PID=1776260) to work on /home/udhbhav/miniconda3/lib/python3.11/site-packages/airflow/example_dags/tutorial.py
[2025-03-27T14:47:29.619-0500] {processor.py:914} INFO - Processing file /home/udhbhav/miniconda3/lib/python3.11/site-packages/airflow/example_dags/tutorial.py for tasks to queue
[2025-03-27T14:47:29.620-0500] {logging_mixin.py:190} INFO - [2025-03-27T14:47:29.620-0500] {dagbag.py:588} INFO - Filling up the DagBag from /home/udhbhav/miniconda3/lib/python3.11/site-packages/airflow/example_dags/tutorial.py
[2025-03-27T14:47:29.624-0500] {processor.py:925} INFO - DAG(s) 'tutorial' retrieved from /home/udhbhav/miniconda3/lib/python3.11/site-packages/airflow/example_dags/tutorial.py
[2025-03-27T14:47:29.631-0500] {logging_mixin.py:190} INFO - [2025-03-27T14:47:29.631-0500] {dag.py:3239} INFO - Sync 1 DAGs
[2025-03-27T14:47:29.639-0500] {logging_mixin.py:190} INFO - [2025-03-27T14:47:29.639-0500] {dag.py:4180} INFO - Setting next_dagrun for tutorial to 2025-03-26 00:00:00+00:00, run_after=2025-03-27 00:00:00+00:00
[2025-03-27T14:47:29.860-0500] {processor.py:208} INFO - Processing /home/udhbhav/miniconda3/lib/python3.11/site-packages/airflow/example_dags/tutorial.py took 0.245 seconds
[2025-03-27T14:48:48.524-0500] {processor.py:186} INFO - Started process (PID=1777084) to work on /home/udhbhav/miniconda3/lib/python3.11/site-packages/airflow/example_dags/tutorial.py
[2025-03-27T14:48:48.525-0500] {processor.py:914} INFO - Processing file /home/udhbhav/miniconda3/lib/python3.11/site-packages/airflow/example_dags/tutorial.py for tasks to queue
[2025-03-27T14:48:48.526-0500] {logging_mixin.py:190} INFO - [2025-03-27T14:48:48.526-0500] {dagbag.py:588} INFO - Filling up the DagBag from /home/udhbhav/miniconda3/lib/python3.11/site-packages/airflow/example_dags/tutorial.py
[2025-03-27T14:48:48.530-0500] {processor.py:925} INFO - DAG(s) 'tutorial' retrieved from /home/udhbhav/miniconda3/lib/python3.11/site-packages/airflow/example_dags/tutorial.py
[2025-03-27T14:48:48.537-0500] {logging_mixin.py:190} INFO - [2025-03-27T14:48:48.537-0500] {dag.py:3239} INFO - Sync 1 DAGs
[2025-03-27T14:48:48.545-0500] {logging_mixin.py:190} INFO - [2025-03-27T14:48:48.545-0500] {dag.py:4180} INFO - Setting next_dagrun for tutorial to 2025-03-26 00:00:00+00:00, run_after=2025-03-27 00:00:00+00:00
[2025-03-27T14:48:48.727-0500] {processor.py:208} INFO - Processing /home/udhbhav/miniconda3/lib/python3.11/site-packages/airflow/example_dags/tutorial.py took 0.206 seconds
[2025-03-27T14:50:19.651-0500] {processor.py:186} INFO - Started process (PID=1777969) to work on /home/udhbhav/miniconda3/lib/python3.11/site-packages/airflow/example_dags/tutorial.py
[2025-03-27T14:50:19.652-0500] {processor.py:914} INFO - Processing file /home/udhbhav/miniconda3/lib/python3.11/site-packages/airflow/example_dags/tutorial.py for tasks to queue
[2025-03-27T14:50:19.653-0500] {logging_mixin.py:190} INFO - [2025-03-27T14:50:19.653-0500] {dagbag.py:588} INFO - Filling up the DagBag from /home/udhbhav/miniconda3/lib/python3.11/site-packages/airflow/example_dags/tutorial.py
[2025-03-27T14:50:19.658-0500] {processor.py:925} INFO - DAG(s) 'tutorial' retrieved from /home/udhbhav/miniconda3/lib/python3.11/site-packages/airflow/example_dags/tutorial.py
[2025-03-27T14:50:19.667-0500] {logging_mixin.py:190} INFO - [2025-03-27T14:50:19.667-0500] {dag.py:3239} INFO - Sync 1 DAGs
[2025-03-27T14:50:19.677-0500] {logging_mixin.py:190} INFO - [2025-03-27T14:50:19.676-0500] {dag.py:4180} INFO - Setting next_dagrun for tutorial to 2025-03-26 00:00:00+00:00, run_after=2025-03-27 00:00:00+00:00
[2025-03-27T14:50:19.811-0500] {processor.py:208} INFO - Processing /home/udhbhav/miniconda3/lib/python3.11/site-packages/airflow/example_dags/tutorial.py took 0.163 seconds
[2025-03-27T14:51:26.027-0500] {processor.py:186} INFO - Started process (PID=1783404) to work on /home/udhbhav/miniconda3/lib/python3.11/site-packages/airflow/example_dags/tutorial.py
[2025-03-27T14:51:26.027-0500] {processor.py:914} INFO - Processing file /home/udhbhav/miniconda3/lib/python3.11/site-packages/airflow/example_dags/tutorial.py for tasks to queue
[2025-03-27T14:51:26.028-0500] {logging_mixin.py:190} INFO - [2025-03-27T14:51:26.028-0500] {dagbag.py:588} INFO - Filling up the DagBag from /home/udhbhav/miniconda3/lib/python3.11/site-packages/airflow/example_dags/tutorial.py
[2025-03-27T14:51:26.032-0500] {processor.py:925} INFO - DAG(s) 'tutorial' retrieved from /home/udhbhav/miniconda3/lib/python3.11/site-packages/airflow/example_dags/tutorial.py
[2025-03-27T14:51:26.040-0500] {logging_mixin.py:190} INFO - [2025-03-27T14:51:26.039-0500] {dag.py:3239} INFO - Sync 1 DAGs
[2025-03-27T14:51:26.047-0500] {logging_mixin.py:190} INFO - [2025-03-27T14:51:26.047-0500] {dag.py:4180} INFO - Setting next_dagrun for tutorial to 2025-03-26 00:00:00+00:00, run_after=2025-03-27 00:00:00+00:00
[2025-03-27T14:51:26.181-0500] {processor.py:208} INFO - Processing /home/udhbhav/miniconda3/lib/python3.11/site-packages/airflow/example_dags/tutorial.py took 0.157 seconds
[2025-03-27T14:52:32.481-0500] {processor.py:186} INFO - Started process (PID=1784105) to work on /home/udhbhav/miniconda3/lib/python3.11/site-packages/airflow/example_dags/tutorial.py
[2025-03-27T14:52:32.481-0500] {processor.py:914} INFO - Processing file /home/udhbhav/miniconda3/lib/python3.11/site-packages/airflow/example_dags/tutorial.py for tasks to queue
[2025-03-27T14:52:32.482-0500] {logging_mixin.py:190} INFO - [2025-03-27T14:52:32.482-0500] {dagbag.py:588} INFO - Filling up the DagBag from /home/udhbhav/miniconda3/lib/python3.11/site-packages/airflow/example_dags/tutorial.py
[2025-03-27T14:52:32.486-0500] {processor.py:925} INFO - DAG(s) 'tutorial' retrieved from /home/udhbhav/miniconda3/lib/python3.11/site-packages/airflow/example_dags/tutorial.py
[2025-03-27T14:52:32.493-0500] {logging_mixin.py:190} INFO - [2025-03-27T14:52:32.493-0500] {dag.py:3239} INFO - Sync 1 DAGs
[2025-03-27T14:52:32.501-0500] {logging_mixin.py:190} INFO - [2025-03-27T14:52:32.501-0500] {dag.py:4180} INFO - Setting next_dagrun for tutorial to 2025-03-26 00:00:00+00:00, run_after=2025-03-27 00:00:00+00:00
[2025-03-27T14:52:32.634-0500] {processor.py:208} INFO - Processing /home/udhbhav/miniconda3/lib/python3.11/site-packages/airflow/example_dags/tutorial.py took 0.156 seconds
[2025-03-27T14:53:43.393-0500] {processor.py:186} INFO - Started process (PID=1784827) to work on /home/udhbhav/miniconda3/lib/python3.11/site-packages/airflow/example_dags/tutorial.py
[2025-03-27T14:53:43.393-0500] {processor.py:914} INFO - Processing file /home/udhbhav/miniconda3/lib/python3.11/site-packages/airflow/example_dags/tutorial.py for tasks to queue
[2025-03-27T14:53:43.394-0500] {logging_mixin.py:190} INFO - [2025-03-27T14:53:43.394-0500] {dagbag.py:588} INFO - Filling up the DagBag from /home/udhbhav/miniconda3/lib/python3.11/site-packages/airflow/example_dags/tutorial.py
[2025-03-27T14:53:43.399-0500] {processor.py:925} INFO - DAG(s) 'tutorial' retrieved from /home/udhbhav/miniconda3/lib/python3.11/site-packages/airflow/example_dags/tutorial.py
[2025-03-27T14:53:43.406-0500] {logging_mixin.py:190} INFO - [2025-03-27T14:53:43.406-0500] {dag.py:3239} INFO - Sync 1 DAGs
[2025-03-27T14:53:43.414-0500] {logging_mixin.py:190} INFO - [2025-03-27T14:53:43.414-0500] {dag.py:4180} INFO - Setting next_dagrun for tutorial to 2025-03-26 00:00:00+00:00, run_after=2025-03-27 00:00:00+00:00
[2025-03-27T14:53:43.551-0500] {processor.py:208} INFO - Processing /home/udhbhav/miniconda3/lib/python3.11/site-packages/airflow/example_dags/tutorial.py took 0.161 seconds
[2025-03-27T14:54:50.177-0500] {processor.py:186} INFO - Started process (PID=1785480) to work on /home/udhbhav/miniconda3/lib/python3.11/site-packages/airflow/example_dags/tutorial.py
[2025-03-27T14:54:50.178-0500] {processor.py:914} INFO - Processing file /home/udhbhav/miniconda3/lib/python3.11/site-packages/airflow/example_dags/tutorial.py for tasks to queue
[2025-03-27T14:54:50.179-0500] {logging_mixin.py:190} INFO - [2025-03-27T14:54:50.179-0500] {dagbag.py:588} INFO - Filling up the DagBag from /home/udhbhav/miniconda3/lib/python3.11/site-packages/airflow/example_dags/tutorial.py
[2025-03-27T14:54:50.183-0500] {processor.py:925} INFO - DAG(s) 'tutorial' retrieved from /home/udhbhav/miniconda3/lib/python3.11/site-packages/airflow/example_dags/tutorial.py
[2025-03-27T14:54:50.190-0500] {logging_mixin.py:190} INFO - [2025-03-27T14:54:50.190-0500] {dag.py:3239} INFO - Sync 1 DAGs
[2025-03-27T14:54:50.198-0500] {logging_mixin.py:190} INFO - [2025-03-27T14:54:50.198-0500] {dag.py:4180} INFO - Setting next_dagrun for tutorial to 2025-03-26 00:00:00+00:00, run_after=2025-03-27 00:00:00+00:00
[2025-03-27T14:54:50.332-0500] {processor.py:208} INFO - Processing /home/udhbhav/miniconda3/lib/python3.11/site-packages/airflow/example_dags/tutorial.py took 0.157 seconds
[2025-03-27T14:55:57.834-0500] {processor.py:186} INFO - Started process (PID=1786182) to work on /home/udhbhav/miniconda3/lib/python3.11/site-packages/airflow/example_dags/tutorial.py
[2025-03-27T14:55:57.834-0500] {processor.py:914} INFO - Processing file /home/udhbhav/miniconda3/lib/python3.11/site-packages/airflow/example_dags/tutorial.py for tasks to queue
[2025-03-27T14:55:57.835-0500] {logging_mixin.py:190} INFO - [2025-03-27T14:55:57.835-0500] {dagbag.py:588} INFO - Filling up the DagBag from /home/udhbhav/miniconda3/lib/python3.11/site-packages/airflow/example_dags/tutorial.py
[2025-03-27T14:55:57.840-0500] {processor.py:925} INFO - DAG(s) 'tutorial' retrieved from /home/udhbhav/miniconda3/lib/python3.11/site-packages/airflow/example_dags/tutorial.py
[2025-03-27T14:55:57.847-0500] {logging_mixin.py:190} INFO - [2025-03-27T14:55:57.847-0500] {dag.py:3239} INFO - Sync 1 DAGs
[2025-03-27T14:55:57.855-0500] {logging_mixin.py:190} INFO - [2025-03-27T14:55:57.854-0500] {dag.py:4180} INFO - Setting next_dagrun for tutorial to 2025-03-26 00:00:00+00:00, run_after=2025-03-27 00:00:00+00:00
[2025-03-27T14:55:58.110-0500] {processor.py:208} INFO - Processing /home/udhbhav/miniconda3/lib/python3.11/site-packages/airflow/example_dags/tutorial.py took 0.279 seconds
[2025-03-27T14:57:15.548-0500] {processor.py:186} INFO - Started process (PID=1786928) to work on /home/udhbhav/miniconda3/lib/python3.11/site-packages/airflow/example_dags/tutorial.py
[2025-03-27T14:57:15.549-0500] {processor.py:914} INFO - Processing file /home/udhbhav/miniconda3/lib/python3.11/site-packages/airflow/example_dags/tutorial.py for tasks to queue
[2025-03-27T14:57:15.550-0500] {logging_mixin.py:190} INFO - [2025-03-27T14:57:15.549-0500] {dagbag.py:588} INFO - Filling up the DagBag from /home/udhbhav/miniconda3/lib/python3.11/site-packages/airflow/example_dags/tutorial.py
[2025-03-27T14:57:15.554-0500] {processor.py:925} INFO - DAG(s) 'tutorial' retrieved from /home/udhbhav/miniconda3/lib/python3.11/site-packages/airflow/example_dags/tutorial.py
[2025-03-27T14:57:15.561-0500] {logging_mixin.py:190} INFO - [2025-03-27T14:57:15.561-0500] {dag.py:3239} INFO - Sync 1 DAGs
[2025-03-27T14:57:15.569-0500] {logging_mixin.py:190} INFO - [2025-03-27T14:57:15.569-0500] {dag.py:4180} INFO - Setting next_dagrun for tutorial to 2025-03-26 00:00:00+00:00, run_after=2025-03-27 00:00:00+00:00
[2025-03-27T14:57:15.775-0500] {processor.py:208} INFO - Processing /home/udhbhav/miniconda3/lib/python3.11/site-packages/airflow/example_dags/tutorial.py took 0.229 seconds
[2025-03-27T14:58:34.019-0500] {processor.py:186} INFO - Started process (PID=1787739) to work on /home/udhbhav/miniconda3/lib/python3.11/site-packages/airflow/example_dags/tutorial.py
[2025-03-27T14:58:34.020-0500] {processor.py:914} INFO - Processing file /home/udhbhav/miniconda3/lib/python3.11/site-packages/airflow/example_dags/tutorial.py for tasks to queue
[2025-03-27T14:58:34.021-0500] {logging_mixin.py:190} INFO - [2025-03-27T14:58:34.021-0500] {dagbag.py:588} INFO - Filling up the DagBag from /home/udhbhav/miniconda3/lib/python3.11/site-packages/airflow/example_dags/tutorial.py
[2025-03-27T14:58:34.025-0500] {processor.py:925} INFO - DAG(s) 'tutorial' retrieved from /home/udhbhav/miniconda3/lib/python3.11/site-packages/airflow/example_dags/tutorial.py
[2025-03-27T14:58:34.032-0500] {logging_mixin.py:190} INFO - [2025-03-27T14:58:34.032-0500] {dag.py:3239} INFO - Sync 1 DAGs
[2025-03-27T14:58:34.040-0500] {logging_mixin.py:190} INFO - [2025-03-27T14:58:34.040-0500] {dag.py:4180} INFO - Setting next_dagrun for tutorial to 2025-03-26 00:00:00+00:00, run_after=2025-03-27 00:00:00+00:00
[2025-03-27T14:58:34.757-0500] {processor.py:208} INFO - Processing /home/udhbhav/miniconda3/lib/python3.11/site-packages/airflow/example_dags/tutorial.py took 0.740 seconds
[2025-03-27T15:00:08.126-0500] {processor.py:186} INFO - Started process (PID=1788720) to work on /home/udhbhav/miniconda3/lib/python3.11/site-packages/airflow/example_dags/tutorial.py
[2025-03-27T15:00:08.126-0500] {processor.py:914} INFO - Processing file /home/udhbhav/miniconda3/lib/python3.11/site-packages/airflow/example_dags/tutorial.py for tasks to queue
[2025-03-27T15:00:08.127-0500] {logging_mixin.py:190} INFO - [2025-03-27T15:00:08.127-0500] {dagbag.py:588} INFO - Filling up the DagBag from /home/udhbhav/miniconda3/lib/python3.11/site-packages/airflow/example_dags/tutorial.py
[2025-03-27T15:00:08.132-0500] {processor.py:925} INFO - DAG(s) 'tutorial' retrieved from /home/udhbhav/miniconda3/lib/python3.11/site-packages/airflow/example_dags/tutorial.py
[2025-03-27T15:00:08.139-0500] {logging_mixin.py:190} INFO - [2025-03-27T15:00:08.139-0500] {dag.py:3239} INFO - Sync 1 DAGs
[2025-03-27T15:00:08.148-0500] {logging_mixin.py:190} INFO - [2025-03-27T15:00:08.147-0500] {dag.py:4180} INFO - Setting next_dagrun for tutorial to 2025-03-26 00:00:00+00:00, run_after=2025-03-27 00:00:00+00:00
[2025-03-27T15:00:08.281-0500] {processor.py:208} INFO - Processing /home/udhbhav/miniconda3/lib/python3.11/site-packages/airflow/example_dags/tutorial.py took 0.157 seconds
[2025-03-27T15:01:15.913-0500] {processor.py:186} INFO - Started process (PID=1789573) to work on /home/udhbhav/miniconda3/lib/python3.11/site-packages/airflow/example_dags/tutorial.py
[2025-03-27T15:01:15.913-0500] {processor.py:914} INFO - Processing file /home/udhbhav/miniconda3/lib/python3.11/site-packages/airflow/example_dags/tutorial.py for tasks to queue
[2025-03-27T15:01:15.914-0500] {logging_mixin.py:190} INFO - [2025-03-27T15:01:15.914-0500] {dagbag.py:588} INFO - Filling up the DagBag from /home/udhbhav/miniconda3/lib/python3.11/site-packages/airflow/example_dags/tutorial.py
[2025-03-27T15:01:15.919-0500] {processor.py:925} INFO - DAG(s) 'tutorial' retrieved from /home/udhbhav/miniconda3/lib/python3.11/site-packages/airflow/example_dags/tutorial.py
[2025-03-27T15:01:15.926-0500] {logging_mixin.py:190} INFO - [2025-03-27T15:01:15.926-0500] {dag.py:3239} INFO - Sync 1 DAGs
[2025-03-27T15:01:15.934-0500] {logging_mixin.py:190} INFO - [2025-03-27T15:01:15.933-0500] {dag.py:4180} INFO - Setting next_dagrun for tutorial to 2025-03-26 00:00:00+00:00, run_after=2025-03-27 00:00:00+00:00
[2025-03-27T15:01:16.066-0500] {processor.py:208} INFO - Processing /home/udhbhav/miniconda3/lib/python3.11/site-packages/airflow/example_dags/tutorial.py took 0.156 seconds
[2025-03-27T15:02:19.287-0500] {processor.py:186} INFO - Started process (PID=1790278) to work on /home/udhbhav/miniconda3/lib/python3.11/site-packages/airflow/example_dags/tutorial.py
[2025-03-27T15:02:19.288-0500] {processor.py:914} INFO - Processing file /home/udhbhav/miniconda3/lib/python3.11/site-packages/airflow/example_dags/tutorial.py for tasks to queue
[2025-03-27T15:02:19.289-0500] {logging_mixin.py:190} INFO - [2025-03-27T15:02:19.288-0500] {dagbag.py:588} INFO - Filling up the DagBag from /home/udhbhav/miniconda3/lib/python3.11/site-packages/airflow/example_dags/tutorial.py
[2025-03-27T15:02:19.293-0500] {processor.py:925} INFO - DAG(s) 'tutorial' retrieved from /home/udhbhav/miniconda3/lib/python3.11/site-packages/airflow/example_dags/tutorial.py
[2025-03-27T15:02:19.300-0500] {logging_mixin.py:190} INFO - [2025-03-27T15:02:19.300-0500] {dag.py:3239} INFO - Sync 1 DAGs
[2025-03-27T15:02:19.308-0500] {logging_mixin.py:190} INFO - [2025-03-27T15:02:19.307-0500] {dag.py:4180} INFO - Setting next_dagrun for tutorial to 2025-03-26 00:00:00+00:00, run_after=2025-03-27 00:00:00+00:00
[2025-03-27T15:02:19.561-0500] {processor.py:208} INFO - Processing /home/udhbhav/miniconda3/lib/python3.11/site-packages/airflow/example_dags/tutorial.py took 0.276 seconds
[2025-03-27T15:03:37.446-0500] {processor.py:186} INFO - Started process (PID=1791034) to work on /home/udhbhav/miniconda3/lib/python3.11/site-packages/airflow/example_dags/tutorial.py
[2025-03-27T15:03:37.446-0500] {processor.py:914} INFO - Processing file /home/udhbhav/miniconda3/lib/python3.11/site-packages/airflow/example_dags/tutorial.py for tasks to queue
[2025-03-27T15:03:37.447-0500] {logging_mixin.py:190} INFO - [2025-03-27T15:03:37.447-0500] {dagbag.py:588} INFO - Filling up the DagBag from /home/udhbhav/miniconda3/lib/python3.11/site-packages/airflow/example_dags/tutorial.py
[2025-03-27T15:03:37.452-0500] {processor.py:925} INFO - DAG(s) 'tutorial' retrieved from /home/udhbhav/miniconda3/lib/python3.11/site-packages/airflow/example_dags/tutorial.py
[2025-03-27T15:03:37.459-0500] {logging_mixin.py:190} INFO - [2025-03-27T15:03:37.459-0500] {dag.py:3239} INFO - Sync 1 DAGs
[2025-03-27T15:03:37.467-0500] {logging_mixin.py:190} INFO - [2025-03-27T15:03:37.467-0500] {dag.py:4180} INFO - Setting next_dagrun for tutorial to 2025-03-26 00:00:00+00:00, run_after=2025-03-27 00:00:00+00:00
[2025-03-27T15:03:37.666-0500] {processor.py:208} INFO - Processing /home/udhbhav/miniconda3/lib/python3.11/site-packages/airflow/example_dags/tutorial.py took 0.223 seconds
[2025-03-27T15:04:51.426-0500] {processor.py:186} INFO - Started process (PID=1791851) to work on /home/udhbhav/miniconda3/lib/python3.11/site-packages/airflow/example_dags/tutorial.py
[2025-03-27T15:04:51.427-0500] {processor.py:914} INFO - Processing file /home/udhbhav/miniconda3/lib/python3.11/site-packages/airflow/example_dags/tutorial.py for tasks to queue
[2025-03-27T15:04:51.427-0500] {logging_mixin.py:190} INFO - [2025-03-27T15:04:51.427-0500] {dagbag.py:588} INFO - Filling up the DagBag from /home/udhbhav/miniconda3/lib/python3.11/site-packages/airflow/example_dags/tutorial.py
[2025-03-27T15:04:51.433-0500] {processor.py:925} INFO - DAG(s) 'tutorial' retrieved from /home/udhbhav/miniconda3/lib/python3.11/site-packages/airflow/example_dags/tutorial.py
[2025-03-27T15:04:51.440-0500] {logging_mixin.py:190} INFO - [2025-03-27T15:04:51.440-0500] {dag.py:3239} INFO - Sync 1 DAGs
[2025-03-27T15:04:51.448-0500] {logging_mixin.py:190} INFO - [2025-03-27T15:04:51.448-0500] {dag.py:4180} INFO - Setting next_dagrun for tutorial to 2025-03-26 00:00:00+00:00, run_after=2025-03-27 00:00:00+00:00
[2025-03-27T15:04:51.726-0500] {processor.py:208} INFO - Processing /home/udhbhav/miniconda3/lib/python3.11/site-packages/airflow/example_dags/tutorial.py took 0.303 seconds
[2025-03-27T15:06:14.253-0500] {processor.py:186} INFO - Started process (PID=1792554) to work on /home/udhbhav/miniconda3/lib/python3.11/site-packages/airflow/example_dags/tutorial.py
[2025-03-27T15:06:14.254-0500] {processor.py:914} INFO - Processing file /home/udhbhav/miniconda3/lib/python3.11/site-packages/airflow/example_dags/tutorial.py for tasks to queue
[2025-03-27T15:06:14.255-0500] {logging_mixin.py:190} INFO - [2025-03-27T15:06:14.254-0500] {dagbag.py:588} INFO - Filling up the DagBag from /home/udhbhav/miniconda3/lib/python3.11/site-packages/airflow/example_dags/tutorial.py
[2025-03-27T15:06:14.259-0500] {processor.py:925} INFO - DAG(s) 'tutorial' retrieved from /home/udhbhav/miniconda3/lib/python3.11/site-packages/airflow/example_dags/tutorial.py
[2025-03-27T15:06:14.266-0500] {logging_mixin.py:190} INFO - [2025-03-27T15:06:14.266-0500] {dag.py:3239} INFO - Sync 1 DAGs
[2025-03-27T15:06:14.274-0500] {logging_mixin.py:190} INFO - [2025-03-27T15:06:14.274-0500] {dag.py:4180} INFO - Setting next_dagrun for tutorial to 2025-03-26 00:00:00+00:00, run_after=2025-03-27 00:00:00+00:00
[2025-03-27T15:06:14.602-0500] {processor.py:208} INFO - Processing /home/udhbhav/miniconda3/lib/python3.11/site-packages/airflow/example_dags/tutorial.py took 0.352 seconds
[2025-03-27T15:07:39.021-0500] {processor.py:186} INFO - Started process (PID=1793458) to work on /home/udhbhav/miniconda3/lib/python3.11/site-packages/airflow/example_dags/tutorial.py
[2025-03-27T15:07:39.022-0500] {processor.py:914} INFO - Processing file /home/udhbhav/miniconda3/lib/python3.11/site-packages/airflow/example_dags/tutorial.py for tasks to queue
[2025-03-27T15:07:39.023-0500] {logging_mixin.py:190} INFO - [2025-03-27T15:07:39.023-0500] {dagbag.py:588} INFO - Filling up the DagBag from /home/udhbhav/miniconda3/lib/python3.11/site-packages/airflow/example_dags/tutorial.py
[2025-03-27T15:07:39.027-0500] {processor.py:925} INFO - DAG(s) 'tutorial' retrieved from /home/udhbhav/miniconda3/lib/python3.11/site-packages/airflow/example_dags/tutorial.py
[2025-03-27T15:07:39.034-0500] {logging_mixin.py:190} INFO - [2025-03-27T15:07:39.034-0500] {dag.py:3239} INFO - Sync 1 DAGs
[2025-03-27T15:07:39.042-0500] {logging_mixin.py:190} INFO - [2025-03-27T15:07:39.042-0500] {dag.py:4180} INFO - Setting next_dagrun for tutorial to 2025-03-26 00:00:00+00:00, run_after=2025-03-27 00:00:00+00:00
[2025-03-27T15:07:39.175-0500] {processor.py:208} INFO - Processing /home/udhbhav/miniconda3/lib/python3.11/site-packages/airflow/example_dags/tutorial.py took 0.157 seconds
[2025-03-27T15:08:42.778-0500] {processor.py:186} INFO - Started process (PID=1794154) to work on /home/udhbhav/miniconda3/lib/python3.11/site-packages/airflow/example_dags/tutorial.py
[2025-03-27T15:08:42.778-0500] {processor.py:914} INFO - Processing file /home/udhbhav/miniconda3/lib/python3.11/site-packages/airflow/example_dags/tutorial.py for tasks to queue
[2025-03-27T15:08:42.779-0500] {logging_mixin.py:190} INFO - [2025-03-27T15:08:42.779-0500] {dagbag.py:588} INFO - Filling up the DagBag from /home/udhbhav/miniconda3/lib/python3.11/site-packages/airflow/example_dags/tutorial.py
[2025-03-27T15:08:42.783-0500] {processor.py:925} INFO - DAG(s) 'tutorial' retrieved from /home/udhbhav/miniconda3/lib/python3.11/site-packages/airflow/example_dags/tutorial.py
[2025-03-27T15:08:42.791-0500] {logging_mixin.py:190} INFO - [2025-03-27T15:08:42.791-0500] {dag.py:3239} INFO - Sync 1 DAGs
[2025-03-27T15:08:42.798-0500] {logging_mixin.py:190} INFO - [2025-03-27T15:08:42.798-0500] {dag.py:4180} INFO - Setting next_dagrun for tutorial to 2025-03-26 00:00:00+00:00, run_after=2025-03-27 00:00:00+00:00
[2025-03-27T15:08:42.928-0500] {processor.py:208} INFO - Processing /home/udhbhav/miniconda3/lib/python3.11/site-packages/airflow/example_dags/tutorial.py took 0.153 seconds
[2025-03-27T15:09:52.559-0500] {processor.py:186} INFO - Started process (PID=1794814) to work on /home/udhbhav/miniconda3/lib/python3.11/site-packages/airflow/example_dags/tutorial.py
[2025-03-27T15:09:52.559-0500] {processor.py:914} INFO - Processing file /home/udhbhav/miniconda3/lib/python3.11/site-packages/airflow/example_dags/tutorial.py for tasks to queue
[2025-03-27T15:09:52.560-0500] {logging_mixin.py:190} INFO - [2025-03-27T15:09:52.560-0500] {dagbag.py:588} INFO - Filling up the DagBag from /home/udhbhav/miniconda3/lib/python3.11/site-packages/airflow/example_dags/tutorial.py
[2025-03-27T15:09:52.564-0500] {processor.py:925} INFO - DAG(s) 'tutorial' retrieved from /home/udhbhav/miniconda3/lib/python3.11/site-packages/airflow/example_dags/tutorial.py
[2025-03-27T15:09:52.572-0500] {logging_mixin.py:190} INFO - [2025-03-27T15:09:52.571-0500] {dag.py:3239} INFO - Sync 1 DAGs
[2025-03-27T15:09:52.579-0500] {logging_mixin.py:190} INFO - [2025-03-27T15:09:52.579-0500] {dag.py:4180} INFO - Setting next_dagrun for tutorial to 2025-03-26 00:00:00+00:00, run_after=2025-03-27 00:00:00+00:00
[2025-03-27T15:09:52.712-0500] {processor.py:208} INFO - Processing /home/udhbhav/miniconda3/lib/python3.11/site-packages/airflow/example_dags/tutorial.py took 0.156 seconds
[2025-03-27T15:11:01.691-0500] {processor.py:186} INFO - Started process (PID=1795453) to work on /home/udhbhav/miniconda3/lib/python3.11/site-packages/airflow/example_dags/tutorial.py
[2025-03-27T15:11:01.692-0500] {processor.py:914} INFO - Processing file /home/udhbhav/miniconda3/lib/python3.11/site-packages/airflow/example_dags/tutorial.py for tasks to queue
[2025-03-27T15:11:01.693-0500] {logging_mixin.py:190} INFO - [2025-03-27T15:11:01.692-0500] {dagbag.py:588} INFO - Filling up the DagBag from /home/udhbhav/miniconda3/lib/python3.11/site-packages/airflow/example_dags/tutorial.py
[2025-03-27T15:11:01.697-0500] {processor.py:925} INFO - DAG(s) 'tutorial' retrieved from /home/udhbhav/miniconda3/lib/python3.11/site-packages/airflow/example_dags/tutorial.py
[2025-03-27T15:11:01.704-0500] {logging_mixin.py:190} INFO - [2025-03-27T15:11:01.704-0500] {dag.py:3239} INFO - Sync 1 DAGs
[2025-03-27T15:11:01.711-0500] {logging_mixin.py:190} INFO - [2025-03-27T15:11:01.711-0500] {dag.py:4180} INFO - Setting next_dagrun for tutorial to 2025-03-26 00:00:00+00:00, run_after=2025-03-27 00:00:00+00:00
[2025-03-27T15:11:01.844-0500] {processor.py:208} INFO - Processing /home/udhbhav/miniconda3/lib/python3.11/site-packages/airflow/example_dags/tutorial.py took 0.156 seconds
[2025-03-27T15:12:06.940-0500] {processor.py:186} INFO - Started process (PID=1797649) to work on /home/udhbhav/miniconda3/lib/python3.11/site-packages/airflow/example_dags/tutorial.py
[2025-03-27T15:12:06.940-0500] {processor.py:914} INFO - Processing file /home/udhbhav/miniconda3/lib/python3.11/site-packages/airflow/example_dags/tutorial.py for tasks to queue
[2025-03-27T15:12:06.941-0500] {logging_mixin.py:190} INFO - [2025-03-27T15:12:06.941-0500] {dagbag.py:588} INFO - Filling up the DagBag from /home/udhbhav/miniconda3/lib/python3.11/site-packages/airflow/example_dags/tutorial.py
[2025-03-27T15:12:06.946-0500] {processor.py:925} INFO - DAG(s) 'tutorial' retrieved from /home/udhbhav/miniconda3/lib/python3.11/site-packages/airflow/example_dags/tutorial.py
[2025-03-27T15:12:06.953-0500] {logging_mixin.py:190} INFO - [2025-03-27T15:12:06.953-0500] {dag.py:3239} INFO - Sync 1 DAGs
[2025-03-27T15:12:06.961-0500] {logging_mixin.py:190} INFO - [2025-03-27T15:12:06.961-0500] {dag.py:4180} INFO - Setting next_dagrun for tutorial to 2025-03-26 00:00:00+00:00, run_after=2025-03-27 00:00:00+00:00
[2025-03-27T15:12:07.189-0500] {processor.py:208} INFO - Processing /home/udhbhav/miniconda3/lib/python3.11/site-packages/airflow/example_dags/tutorial.py took 0.251 seconds
[2025-03-27T15:13:26.625-0500] {processor.py:186} INFO - Started process (PID=1798425) to work on /home/udhbhav/miniconda3/lib/python3.11/site-packages/airflow/example_dags/tutorial.py
[2025-03-27T15:13:26.626-0500] {processor.py:914} INFO - Processing file /home/udhbhav/miniconda3/lib/python3.11/site-packages/airflow/example_dags/tutorial.py for tasks to queue
[2025-03-27T15:13:26.627-0500] {logging_mixin.py:190} INFO - [2025-03-27T15:13:26.627-0500] {dagbag.py:588} INFO - Filling up the DagBag from /home/udhbhav/miniconda3/lib/python3.11/site-packages/airflow/example_dags/tutorial.py
[2025-03-27T15:13:26.631-0500] {processor.py:925} INFO - DAG(s) 'tutorial' retrieved from /home/udhbhav/miniconda3/lib/python3.11/site-packages/airflow/example_dags/tutorial.py
[2025-03-27T15:13:26.638-0500] {logging_mixin.py:190} INFO - [2025-03-27T15:13:26.638-0500] {dag.py:3239} INFO - Sync 1 DAGs
[2025-03-27T15:13:26.646-0500] {logging_mixin.py:190} INFO - [2025-03-27T15:13:26.646-0500] {dag.py:4180} INFO - Setting next_dagrun for tutorial to 2025-03-26 00:00:00+00:00, run_after=2025-03-27 00:00:00+00:00
[2025-03-27T15:13:26.779-0500] {processor.py:208} INFO - Processing /home/udhbhav/miniconda3/lib/python3.11/site-packages/airflow/example_dags/tutorial.py took 0.156 seconds
[2025-03-27T15:14:43.398-0500] {processor.py:186} INFO - Started process (PID=1799267) to work on /home/udhbhav/miniconda3/lib/python3.11/site-packages/airflow/example_dags/tutorial.py
[2025-03-27T15:14:43.399-0500] {processor.py:914} INFO - Processing file /home/udhbhav/miniconda3/lib/python3.11/site-packages/airflow/example_dags/tutorial.py for tasks to queue
[2025-03-27T15:14:43.400-0500] {logging_mixin.py:190} INFO - [2025-03-27T15:14:43.400-0500] {dagbag.py:588} INFO - Filling up the DagBag from /home/udhbhav/miniconda3/lib/python3.11/site-packages/airflow/example_dags/tutorial.py
[2025-03-27T15:14:43.404-0500] {processor.py:925} INFO - DAG(s) 'tutorial' retrieved from /home/udhbhav/miniconda3/lib/python3.11/site-packages/airflow/example_dags/tutorial.py
[2025-03-27T15:14:43.411-0500] {logging_mixin.py:190} INFO - [2025-03-27T15:14:43.411-0500] {dag.py:3239} INFO - Sync 1 DAGs
[2025-03-27T15:14:43.419-0500] {logging_mixin.py:190} INFO - [2025-03-27T15:14:43.419-0500] {dag.py:4180} INFO - Setting next_dagrun for tutorial to 2025-03-26 00:00:00+00:00, run_after=2025-03-27 00:00:00+00:00
[2025-03-27T15:14:43.630-0500] {processor.py:208} INFO - Processing /home/udhbhav/miniconda3/lib/python3.11/site-packages/airflow/example_dags/tutorial.py took 0.234 seconds
[2025-03-27T15:16:01.412-0500] {processor.py:186} INFO - Started process (PID=1800005) to work on /home/udhbhav/miniconda3/lib/python3.11/site-packages/airflow/example_dags/tutorial.py
[2025-03-27T15:16:01.412-0500] {processor.py:914} INFO - Processing file /home/udhbhav/miniconda3/lib/python3.11/site-packages/airflow/example_dags/tutorial.py for tasks to queue
[2025-03-27T15:16:01.413-0500] {logging_mixin.py:190} INFO - [2025-03-27T15:16:01.413-0500] {dagbag.py:588} INFO - Filling up the DagBag from /home/udhbhav/miniconda3/lib/python3.11/site-packages/airflow/example_dags/tutorial.py
[2025-03-27T15:16:01.418-0500] {processor.py:925} INFO - DAG(s) 'tutorial' retrieved from /home/udhbhav/miniconda3/lib/python3.11/site-packages/airflow/example_dags/tutorial.py
[2025-03-27T15:16:01.425-0500] {logging_mixin.py:190} INFO - [2025-03-27T15:16:01.425-0500] {dag.py:3239} INFO - Sync 1 DAGs
[2025-03-27T15:16:01.432-0500] {logging_mixin.py:190} INFO - [2025-03-27T15:16:01.432-0500] {dag.py:4180} INFO - Setting next_dagrun for tutorial to 2025-03-26 00:00:00+00:00, run_after=2025-03-27 00:00:00+00:00
[2025-03-27T15:16:01.764-0500] {processor.py:208} INFO - Processing /home/udhbhav/miniconda3/lib/python3.11/site-packages/airflow/example_dags/tutorial.py took 0.355 seconds
[2025-03-27T15:17:20.703-0500] {processor.py:186} INFO - Started process (PID=1800751) to work on /home/udhbhav/miniconda3/lib/python3.11/site-packages/airflow/example_dags/tutorial.py
[2025-03-27T15:17:20.704-0500] {processor.py:914} INFO - Processing file /home/udhbhav/miniconda3/lib/python3.11/site-packages/airflow/example_dags/tutorial.py for tasks to queue
[2025-03-27T15:17:20.705-0500] {logging_mixin.py:190} INFO - [2025-03-27T15:17:20.705-0500] {dagbag.py:588} INFO - Filling up the DagBag from /home/udhbhav/miniconda3/lib/python3.11/site-packages/airflow/example_dags/tutorial.py
[2025-03-27T15:17:20.709-0500] {processor.py:925} INFO - DAG(s) 'tutorial' retrieved from /home/udhbhav/miniconda3/lib/python3.11/site-packages/airflow/example_dags/tutorial.py
[2025-03-27T15:17:20.716-0500] {logging_mixin.py:190} INFO - [2025-03-27T15:17:20.716-0500] {dag.py:3239} INFO - Sync 1 DAGs
[2025-03-27T15:17:20.724-0500] {logging_mixin.py:190} INFO - [2025-03-27T15:17:20.723-0500] {dag.py:4180} INFO - Setting next_dagrun for tutorial to 2025-03-26 00:00:00+00:00, run_after=2025-03-27 00:00:00+00:00
[2025-03-27T15:17:20.857-0500] {processor.py:208} INFO - Processing /home/udhbhav/miniconda3/lib/python3.11/site-packages/airflow/example_dags/tutorial.py took 0.156 seconds
[2025-03-27T15:18:26.730-0500] {processor.py:186} INFO - Started process (PID=1801416) to work on /home/udhbhav/miniconda3/lib/python3.11/site-packages/airflow/example_dags/tutorial.py
[2025-03-27T15:18:26.730-0500] {processor.py:914} INFO - Processing file /home/udhbhav/miniconda3/lib/python3.11/site-packages/airflow/example_dags/tutorial.py for tasks to queue
[2025-03-27T15:18:26.731-0500] {logging_mixin.py:190} INFO - [2025-03-27T15:18:26.731-0500] {dagbag.py:588} INFO - Filling up the DagBag from /home/udhbhav/miniconda3/lib/python3.11/site-packages/airflow/example_dags/tutorial.py
[2025-03-27T15:18:26.735-0500] {processor.py:925} INFO - DAG(s) 'tutorial' retrieved from /home/udhbhav/miniconda3/lib/python3.11/site-packages/airflow/example_dags/tutorial.py
[2025-03-27T15:18:26.742-0500] {logging_mixin.py:190} INFO - [2025-03-27T15:18:26.742-0500] {dag.py:3239} INFO - Sync 1 DAGs
[2025-03-27T15:18:26.750-0500] {logging_mixin.py:190} INFO - [2025-03-27T15:18:26.750-0500] {dag.py:4180} INFO - Setting next_dagrun for tutorial to 2025-03-26 00:00:00+00:00, run_after=2025-03-27 00:00:00+00:00
[2025-03-27T15:18:26.882-0500] {processor.py:208} INFO - Processing /home/udhbhav/miniconda3/lib/python3.11/site-packages/airflow/example_dags/tutorial.py took 0.155 seconds
[2025-03-27T15:19:37.429-0500] {processor.py:186} INFO - Started process (PID=1802143) to work on /home/udhbhav/miniconda3/lib/python3.11/site-packages/airflow/example_dags/tutorial.py
[2025-03-27T15:19:37.429-0500] {processor.py:914} INFO - Processing file /home/udhbhav/miniconda3/lib/python3.11/site-packages/airflow/example_dags/tutorial.py for tasks to queue
[2025-03-27T15:19:37.430-0500] {logging_mixin.py:190} INFO - [2025-03-27T15:19:37.430-0500] {dagbag.py:588} INFO - Filling up the DagBag from /home/udhbhav/miniconda3/lib/python3.11/site-packages/airflow/example_dags/tutorial.py
[2025-03-27T15:19:37.434-0500] {processor.py:925} INFO - DAG(s) 'tutorial' retrieved from /home/udhbhav/miniconda3/lib/python3.11/site-packages/airflow/example_dags/tutorial.py
[2025-03-27T15:19:37.441-0500] {logging_mixin.py:190} INFO - [2025-03-27T15:19:37.441-0500] {dag.py:3239} INFO - Sync 1 DAGs
[2025-03-27T15:19:37.449-0500] {logging_mixin.py:190} INFO - [2025-03-27T15:19:37.449-0500] {dag.py:4180} INFO - Setting next_dagrun for tutorial to 2025-03-26 00:00:00+00:00, run_after=2025-03-27 00:00:00+00:00
[2025-03-27T15:19:37.579-0500] {processor.py:208} INFO - Processing /home/udhbhav/miniconda3/lib/python3.11/site-packages/airflow/example_dags/tutorial.py took 0.153 seconds
[2025-03-27T15:20:41.994-0500] {processor.py:186} INFO - Started process (PID=1803642) to work on /home/udhbhav/miniconda3/lib/python3.11/site-packages/airflow/example_dags/tutorial.py
[2025-03-27T15:20:41.995-0500] {processor.py:914} INFO - Processing file /home/udhbhav/miniconda3/lib/python3.11/site-packages/airflow/example_dags/tutorial.py for tasks to queue
[2025-03-27T15:20:41.996-0500] {logging_mixin.py:190} INFO - [2025-03-27T15:20:41.996-0500] {dagbag.py:588} INFO - Filling up the DagBag from /home/udhbhav/miniconda3/lib/python3.11/site-packages/airflow/example_dags/tutorial.py
[2025-03-27T15:20:42.000-0500] {processor.py:925} INFO - DAG(s) 'tutorial' retrieved from /home/udhbhav/miniconda3/lib/python3.11/site-packages/airflow/example_dags/tutorial.py
[2025-03-27T15:20:42.007-0500] {logging_mixin.py:190} INFO - [2025-03-27T15:20:42.007-0500] {dag.py:3239} INFO - Sync 1 DAGs
[2025-03-27T15:20:42.016-0500] {logging_mixin.py:190} INFO - [2025-03-27T15:20:42.015-0500] {dag.py:4180} INFO - Setting next_dagrun for tutorial to 2025-03-26 00:00:00+00:00, run_after=2025-03-27 00:00:00+00:00
[2025-03-27T15:20:42.149-0500] {processor.py:208} INFO - Processing /home/udhbhav/miniconda3/lib/python3.11/site-packages/airflow/example_dags/tutorial.py took 0.157 seconds
[2025-03-27T15:21:53.387-0500] {processor.py:186} INFO - Started process (PID=1808412) to work on /home/udhbhav/miniconda3/lib/python3.11/site-packages/airflow/example_dags/tutorial.py
[2025-03-27T15:21:53.387-0500] {processor.py:914} INFO - Processing file /home/udhbhav/miniconda3/lib/python3.11/site-packages/airflow/example_dags/tutorial.py for tasks to queue
[2025-03-27T15:21:53.388-0500] {logging_mixin.py:190} INFO - [2025-03-27T15:21:53.388-0500] {dagbag.py:588} INFO - Filling up the DagBag from /home/udhbhav/miniconda3/lib/python3.11/site-packages/airflow/example_dags/tutorial.py
[2025-03-27T15:21:53.392-0500] {processor.py:925} INFO - DAG(s) 'tutorial' retrieved from /home/udhbhav/miniconda3/lib/python3.11/site-packages/airflow/example_dags/tutorial.py
[2025-03-27T15:21:53.400-0500] {logging_mixin.py:190} INFO - [2025-03-27T15:21:53.399-0500] {dag.py:3239} INFO - Sync 1 DAGs
[2025-03-27T15:21:53.407-0500] {logging_mixin.py:190} INFO - [2025-03-27T15:21:53.407-0500] {dag.py:4180} INFO - Setting next_dagrun for tutorial to 2025-03-26 00:00:00+00:00, run_after=2025-03-27 00:00:00+00:00
[2025-03-27T15:21:53.540-0500] {processor.py:208} INFO - Processing /home/udhbhav/miniconda3/lib/python3.11/site-packages/airflow/example_dags/tutorial.py took 0.156 seconds
[2025-03-27T15:23:12.591-0500] {processor.py:186} INFO - Started process (PID=1809085) to work on /home/udhbhav/miniconda3/lib/python3.11/site-packages/airflow/example_dags/tutorial.py
[2025-03-27T15:23:12.592-0500] {processor.py:914} INFO - Processing file /home/udhbhav/miniconda3/lib/python3.11/site-packages/airflow/example_dags/tutorial.py for tasks to queue
[2025-03-27T15:23:12.593-0500] {logging_mixin.py:190} INFO - [2025-03-27T15:23:12.593-0500] {dagbag.py:588} INFO - Filling up the DagBag from /home/udhbhav/miniconda3/lib/python3.11/site-packages/airflow/example_dags/tutorial.py
[2025-03-27T15:23:12.597-0500] {processor.py:925} INFO - DAG(s) 'tutorial' retrieved from /home/udhbhav/miniconda3/lib/python3.11/site-packages/airflow/example_dags/tutorial.py
[2025-03-27T15:23:12.604-0500] {logging_mixin.py:190} INFO - [2025-03-27T15:23:12.604-0500] {dag.py:3239} INFO - Sync 1 DAGs
[2025-03-27T15:23:12.612-0500] {logging_mixin.py:190} INFO - [2025-03-27T15:23:12.612-0500] {dag.py:4180} INFO - Setting next_dagrun for tutorial to 2025-03-26 00:00:00+00:00, run_after=2025-03-27 00:00:00+00:00
[2025-03-27T15:23:12.743-0500] {processor.py:208} INFO - Processing /home/udhbhav/miniconda3/lib/python3.11/site-packages/airflow/example_dags/tutorial.py took 0.155 seconds
[2025-03-27T15:24:21.231-0500] {processor.py:186} INFO - Started process (PID=1809875) to work on /home/udhbhav/miniconda3/lib/python3.11/site-packages/airflow/example_dags/tutorial.py
[2025-03-27T15:24:21.232-0500] {processor.py:914} INFO - Processing file /home/udhbhav/miniconda3/lib/python3.11/site-packages/airflow/example_dags/tutorial.py for tasks to queue
[2025-03-27T15:24:21.233-0500] {logging_mixin.py:190} INFO - [2025-03-27T15:24:21.233-0500] {dagbag.py:588} INFO - Filling up the DagBag from /home/udhbhav/miniconda3/lib/python3.11/site-packages/airflow/example_dags/tutorial.py
[2025-03-27T15:24:21.237-0500] {processor.py:925} INFO - DAG(s) 'tutorial' retrieved from /home/udhbhav/miniconda3/lib/python3.11/site-packages/airflow/example_dags/tutorial.py
[2025-03-27T15:24:21.244-0500] {logging_mixin.py:190} INFO - [2025-03-27T15:24:21.244-0500] {dag.py:3239} INFO - Sync 1 DAGs
[2025-03-27T15:24:21.252-0500] {logging_mixin.py:190} INFO - [2025-03-27T15:24:21.252-0500] {dag.py:4180} INFO - Setting next_dagrun for tutorial to 2025-03-26 00:00:00+00:00, run_after=2025-03-27 00:00:00+00:00
[2025-03-27T15:24:21.371-0500] {processor.py:208} INFO - Processing /home/udhbhav/miniconda3/lib/python3.11/site-packages/airflow/example_dags/tutorial.py took 0.143 seconds
[2025-03-27T15:25:42.389-0500] {processor.py:186} INFO - Started process (PID=1810781) to work on /home/udhbhav/miniconda3/lib/python3.11/site-packages/airflow/example_dags/tutorial.py
[2025-03-27T15:25:42.389-0500] {processor.py:914} INFO - Processing file /home/udhbhav/miniconda3/lib/python3.11/site-packages/airflow/example_dags/tutorial.py for tasks to queue
[2025-03-27T15:25:42.390-0500] {logging_mixin.py:190} INFO - [2025-03-27T15:25:42.390-0500] {dagbag.py:588} INFO - Filling up the DagBag from /home/udhbhav/miniconda3/lib/python3.11/site-packages/airflow/example_dags/tutorial.py
[2025-03-27T15:25:42.394-0500] {processor.py:925} INFO - DAG(s) 'tutorial' retrieved from /home/udhbhav/miniconda3/lib/python3.11/site-packages/airflow/example_dags/tutorial.py
[2025-03-27T15:25:42.402-0500] {logging_mixin.py:190} INFO - [2025-03-27T15:25:42.402-0500] {dag.py:3239} INFO - Sync 1 DAGs
[2025-03-27T15:25:42.410-0500] {logging_mixin.py:190} INFO - [2025-03-27T15:25:42.409-0500] {dag.py:4180} INFO - Setting next_dagrun for tutorial to 2025-03-26 00:00:00+00:00, run_after=2025-03-27 00:00:00+00:00
[2025-03-27T15:25:42.733-0500] {processor.py:208} INFO - Processing /home/udhbhav/miniconda3/lib/python3.11/site-packages/airflow/example_dags/tutorial.py took 0.347 seconds
[2025-03-27T15:27:14.455-0500] {processor.py:186} INFO - Started process (PID=1811560) to work on /home/udhbhav/miniconda3/lib/python3.11/site-packages/airflow/example_dags/tutorial.py
[2025-03-27T15:27:14.455-0500] {processor.py:914} INFO - Processing file /home/udhbhav/miniconda3/lib/python3.11/site-packages/airflow/example_dags/tutorial.py for tasks to queue
[2025-03-27T15:27:14.456-0500] {logging_mixin.py:190} INFO - [2025-03-27T15:27:14.456-0500] {dagbag.py:588} INFO - Filling up the DagBag from /home/udhbhav/miniconda3/lib/python3.11/site-packages/airflow/example_dags/tutorial.py
[2025-03-27T15:27:14.460-0500] {processor.py:925} INFO - DAG(s) 'tutorial' retrieved from /home/udhbhav/miniconda3/lib/python3.11/site-packages/airflow/example_dags/tutorial.py
[2025-03-27T15:27:14.467-0500] {logging_mixin.py:190} INFO - [2025-03-27T15:27:14.467-0500] {dag.py:3239} INFO - Sync 1 DAGs
[2025-03-27T15:27:14.475-0500] {logging_mixin.py:190} INFO - [2025-03-27T15:27:14.475-0500] {dag.py:4180} INFO - Setting next_dagrun for tutorial to 2025-03-26 00:00:00+00:00, run_after=2025-03-27 00:00:00+00:00
[2025-03-27T15:27:14.608-0500] {processor.py:208} INFO - Processing /home/udhbhav/miniconda3/lib/python3.11/site-packages/airflow/example_dags/tutorial.py took 0.156 seconds
[2025-03-27T15:28:32.168-0500] {processor.py:186} INFO - Started process (PID=1812296) to work on /home/udhbhav/miniconda3/lib/python3.11/site-packages/airflow/example_dags/tutorial.py
[2025-03-27T15:28:32.168-0500] {processor.py:914} INFO - Processing file /home/udhbhav/miniconda3/lib/python3.11/site-packages/airflow/example_dags/tutorial.py for tasks to queue
[2025-03-27T15:28:32.169-0500] {logging_mixin.py:190} INFO - [2025-03-27T15:28:32.169-0500] {dagbag.py:588} INFO - Filling up the DagBag from /home/udhbhav/miniconda3/lib/python3.11/site-packages/airflow/example_dags/tutorial.py
[2025-03-27T15:28:32.174-0500] {processor.py:925} INFO - DAG(s) 'tutorial' retrieved from /home/udhbhav/miniconda3/lib/python3.11/site-packages/airflow/example_dags/tutorial.py
[2025-03-27T15:28:32.181-0500] {logging_mixin.py:190} INFO - [2025-03-27T15:28:32.181-0500] {dag.py:3239} INFO - Sync 1 DAGs
[2025-03-27T15:28:32.189-0500] {logging_mixin.py:190} INFO - [2025-03-27T15:28:32.189-0500] {dag.py:4180} INFO - Setting next_dagrun for tutorial to 2025-03-26 00:00:00+00:00, run_after=2025-03-27 00:00:00+00:00
[2025-03-27T15:28:32.889-0500] {processor.py:208} INFO - Processing /home/udhbhav/miniconda3/lib/python3.11/site-packages/airflow/example_dags/tutorial.py took 0.723 seconds
[2025-03-27T15:30:20.614-0500] {processor.py:186} INFO - Started process (PID=1813314) to work on /home/udhbhav/miniconda3/lib/python3.11/site-packages/airflow/example_dags/tutorial.py
[2025-03-27T15:30:20.615-0500] {processor.py:914} INFO - Processing file /home/udhbhav/miniconda3/lib/python3.11/site-packages/airflow/example_dags/tutorial.py for tasks to queue
[2025-03-27T15:30:20.616-0500] {logging_mixin.py:190} INFO - [2025-03-27T15:30:20.616-0500] {dagbag.py:588} INFO - Filling up the DagBag from /home/udhbhav/miniconda3/lib/python3.11/site-packages/airflow/example_dags/tutorial.py
[2025-03-27T15:30:20.620-0500] {processor.py:925} INFO - DAG(s) 'tutorial' retrieved from /home/udhbhav/miniconda3/lib/python3.11/site-packages/airflow/example_dags/tutorial.py
[2025-03-27T15:30:20.627-0500] {logging_mixin.py:190} INFO - [2025-03-27T15:30:20.627-0500] {dag.py:3239} INFO - Sync 1 DAGs
[2025-03-27T15:30:20.635-0500] {logging_mixin.py:190} INFO - [2025-03-27T15:30:20.635-0500] {dag.py:4180} INFO - Setting next_dagrun for tutorial to 2025-03-26 00:00:00+00:00, run_after=2025-03-27 00:00:00+00:00
[2025-03-27T15:30:21.617-0500] {processor.py:208} INFO - Processing /home/udhbhav/miniconda3/lib/python3.11/site-packages/airflow/example_dags/tutorial.py took 1.006 seconds
[2025-03-27T15:32:12.378-0500] {processor.py:186} INFO - Started process (PID=1814364) to work on /home/udhbhav/miniconda3/lib/python3.11/site-packages/airflow/example_dags/tutorial.py
[2025-03-27T15:32:12.379-0500] {processor.py:914} INFO - Processing file /home/udhbhav/miniconda3/lib/python3.11/site-packages/airflow/example_dags/tutorial.py for tasks to queue
[2025-03-27T15:32:12.380-0500] {logging_mixin.py:190} INFO - [2025-03-27T15:32:12.379-0500] {dagbag.py:588} INFO - Filling up the DagBag from /home/udhbhav/miniconda3/lib/python3.11/site-packages/airflow/example_dags/tutorial.py
[2025-03-27T15:32:12.384-0500] {processor.py:925} INFO - DAG(s) 'tutorial' retrieved from /home/udhbhav/miniconda3/lib/python3.11/site-packages/airflow/example_dags/tutorial.py
[2025-03-27T15:32:12.391-0500] {logging_mixin.py:190} INFO - [2025-03-27T15:32:12.391-0500] {dag.py:3239} INFO - Sync 1 DAGs
[2025-03-27T15:32:12.399-0500] {logging_mixin.py:190} INFO - [2025-03-27T15:32:12.399-0500] {dag.py:4180} INFO - Setting next_dagrun for tutorial to 2025-03-26 00:00:00+00:00, run_after=2025-03-27 00:00:00+00:00
[2025-03-27T15:32:12.531-0500] {processor.py:208} INFO - Processing /home/udhbhav/miniconda3/lib/python3.11/site-packages/airflow/example_dags/tutorial.py took 0.156 seconds
[2025-03-27T15:33:23.196-0500] {processor.py:186} INFO - Started process (PID=1815030) to work on /home/udhbhav/miniconda3/lib/python3.11/site-packages/airflow/example_dags/tutorial.py
[2025-03-27T15:33:23.196-0500] {processor.py:914} INFO - Processing file /home/udhbhav/miniconda3/lib/python3.11/site-packages/airflow/example_dags/tutorial.py for tasks to queue
[2025-03-27T15:33:23.197-0500] {logging_mixin.py:190} INFO - [2025-03-27T15:33:23.197-0500] {dagbag.py:588} INFO - Filling up the DagBag from /home/udhbhav/miniconda3/lib/python3.11/site-packages/airflow/example_dags/tutorial.py
[2025-03-27T15:33:23.201-0500] {processor.py:925} INFO - DAG(s) 'tutorial' retrieved from /home/udhbhav/miniconda3/lib/python3.11/site-packages/airflow/example_dags/tutorial.py
[2025-03-27T15:33:23.208-0500] {logging_mixin.py:190} INFO - [2025-03-27T15:33:23.208-0500] {dag.py:3239} INFO - Sync 1 DAGs
[2025-03-27T15:33:23.216-0500] {logging_mixin.py:190} INFO - [2025-03-27T15:33:23.216-0500] {dag.py:4180} INFO - Setting next_dagrun for tutorial to 2025-03-26 00:00:00+00:00, run_after=2025-03-27 00:00:00+00:00
[2025-03-27T15:33:23.346-0500] {processor.py:208} INFO - Processing /home/udhbhav/miniconda3/lib/python3.11/site-packages/airflow/example_dags/tutorial.py took 0.153 seconds
[2025-03-27T15:34:30.127-0500] {processor.py:186} INFO - Started process (PID=1815699) to work on /home/udhbhav/miniconda3/lib/python3.11/site-packages/airflow/example_dags/tutorial.py
[2025-03-27T15:34:30.128-0500] {processor.py:914} INFO - Processing file /home/udhbhav/miniconda3/lib/python3.11/site-packages/airflow/example_dags/tutorial.py for tasks to queue
[2025-03-27T15:34:30.129-0500] {logging_mixin.py:190} INFO - [2025-03-27T15:34:30.129-0500] {dagbag.py:588} INFO - Filling up the DagBag from /home/udhbhav/miniconda3/lib/python3.11/site-packages/airflow/example_dags/tutorial.py
[2025-03-27T15:34:30.133-0500] {processor.py:925} INFO - DAG(s) 'tutorial' retrieved from /home/udhbhav/miniconda3/lib/python3.11/site-packages/airflow/example_dags/tutorial.py
[2025-03-27T15:34:30.140-0500] {logging_mixin.py:190} INFO - [2025-03-27T15:34:30.140-0500] {dag.py:3239} INFO - Sync 1 DAGs
[2025-03-27T15:34:30.148-0500] {logging_mixin.py:190} INFO - [2025-03-27T15:34:30.148-0500] {dag.py:4180} INFO - Setting next_dagrun for tutorial to 2025-03-26 00:00:00+00:00, run_after=2025-03-27 00:00:00+00:00
[2025-03-27T15:34:30.280-0500] {processor.py:208} INFO - Processing /home/udhbhav/miniconda3/lib/python3.11/site-packages/airflow/example_dags/tutorial.py took 0.156 seconds
[2025-03-27T15:35:37.936-0500] {processor.py:186} INFO - Started process (PID=1816386) to work on /home/udhbhav/miniconda3/lib/python3.11/site-packages/airflow/example_dags/tutorial.py
[2025-03-27T15:35:37.937-0500] {processor.py:914} INFO - Processing file /home/udhbhav/miniconda3/lib/python3.11/site-packages/airflow/example_dags/tutorial.py for tasks to queue
[2025-03-27T15:35:37.938-0500] {logging_mixin.py:190} INFO - [2025-03-27T15:35:37.938-0500] {dagbag.py:588} INFO - Filling up the DagBag from /home/udhbhav/miniconda3/lib/python3.11/site-packages/airflow/example_dags/tutorial.py
[2025-03-27T15:35:37.942-0500] {processor.py:925} INFO - DAG(s) 'tutorial' retrieved from /home/udhbhav/miniconda3/lib/python3.11/site-packages/airflow/example_dags/tutorial.py
[2025-03-27T15:35:37.949-0500] {logging_mixin.py:190} INFO - [2025-03-27T15:35:37.949-0500] {dag.py:3239} INFO - Sync 1 DAGs
[2025-03-27T15:35:37.957-0500] {logging_mixin.py:190} INFO - [2025-03-27T15:35:37.957-0500] {dag.py:4180} INFO - Setting next_dagrun for tutorial to 2025-03-26 00:00:00+00:00, run_after=2025-03-27 00:00:00+00:00
[2025-03-27T15:35:38.087-0500] {processor.py:208} INFO - Processing /home/udhbhav/miniconda3/lib/python3.11/site-packages/airflow/example_dags/tutorial.py took 0.153 seconds
