[2025-03-27T14:27:44.370-0500] {processor.py:186} INFO - Started process (PID=1763998) to work on /home/udhbhav/miniconda3/lib/python3.11/site-packages/airflow/example_dags/tutorial_taskflow_api_virtualenv.py
[2025-03-27T14:27:44.370-0500] {processor.py:914} INFO - Processing file /home/udhbhav/miniconda3/lib/python3.11/site-packages/airflow/example_dags/tutorial_taskflow_api_virtualenv.py for tasks to queue
[2025-03-27T14:27:44.372-0500] {logging_mixin.py:190} INFO - [2025-03-27T14:27:44.371-0500] {dagbag.py:588} INFO - Filling up the DagBag from /home/udhbhav/miniconda3/lib/python3.11/site-packages/airflow/example_dags/tutorial_taskflow_api_virtualenv.py
[2025-03-27T14:27:44.387-0500] {processor.py:925} INFO - DAG(s) 'tutorial_taskflow_api_virtualenv' retrieved from /home/udhbhav/miniconda3/lib/python3.11/site-packages/airflow/example_dags/tutorial_taskflow_api_virtualenv.py
[2025-03-27T14:27:45.492-0500] {logging_mixin.py:190} INFO - [2025-03-27T14:27:45.492-0500] {override.py:1912} INFO - Created Permission View: can read on DAG:tutorial_taskflow_api_virtualenv
[2025-03-27T14:27:46.006-0500] {logging_mixin.py:190} INFO - [2025-03-27T14:27:46.006-0500] {override.py:1912} INFO - Created Permission View: can edit on DAG:tutorial_taskflow_api_virtualenv
[2025-03-27T14:27:46.128-0500] {logging_mixin.py:190} INFO - [2025-03-27T14:27:46.127-0500] {override.py:1912} INFO - Created Permission View: can delete on DAG:tutorial_taskflow_api_virtualenv
[2025-03-27T14:27:46.353-0500] {logging_mixin.py:190} INFO - [2025-03-27T14:27:46.353-0500] {override.py:1912} INFO - Created Permission View: can read on DAG Run:tutorial_taskflow_api_virtualenv
[2025-03-27T14:27:46.943-0500] {logging_mixin.py:190} INFO - [2025-03-27T14:27:46.943-0500] {override.py:1912} INFO - Created Permission View: menu access on DAG Run:tutorial_taskflow_api_virtualenv
[2025-03-27T14:27:47.064-0500] {logging_mixin.py:190} INFO - [2025-03-27T14:27:47.064-0500] {override.py:1912} INFO - Created Permission View: can create on DAG Run:tutorial_taskflow_api_virtualenv
[2025-03-27T14:27:47.180-0500] {logging_mixin.py:190} INFO - [2025-03-27T14:27:47.180-0500] {override.py:1912} INFO - Created Permission View: can delete on DAG Run:tutorial_taskflow_api_virtualenv
[2025-03-27T14:27:47.181-0500] {logging_mixin.py:190} INFO - [2025-03-27T14:27:47.180-0500] {dag.py:3239} INFO - Sync 1 DAGs
[2025-03-27T14:27:47.187-0500] {logging_mixin.py:190} INFO - [2025-03-27T14:27:47.187-0500] {dag.py:3262} INFO - Creating ORM DAG for tutorial_taskflow_api_virtualenv
[2025-03-27T14:27:47.187-0500] {logging_mixin.py:190} INFO - [2025-03-27T14:27:47.187-0500] {dag.py:4180} INFO - Setting next_dagrun for tutorial_taskflow_api_virtualenv to None, run_after=None
[2025-03-27T14:27:47.317-0500] {processor.py:208} INFO - Processing /home/udhbhav/miniconda3/lib/python3.11/site-packages/airflow/example_dags/tutorial_taskflow_api_virtualenv.py took 2.950 seconds
[2025-03-27T14:37:57.723-0500] {processor.py:186} INFO - Started process (PID=1770143) to work on /home/udhbhav/miniconda3/lib/python3.11/site-packages/airflow/example_dags/tutorial_taskflow_api_virtualenv.py
[2025-03-27T14:37:57.724-0500] {processor.py:914} INFO - Processing file /home/udhbhav/miniconda3/lib/python3.11/site-packages/airflow/example_dags/tutorial_taskflow_api_virtualenv.py for tasks to queue
[2025-03-27T14:37:57.725-0500] {logging_mixin.py:190} INFO - [2025-03-27T14:37:57.725-0500] {dagbag.py:588} INFO - Filling up the DagBag from /home/udhbhav/miniconda3/lib/python3.11/site-packages/airflow/example_dags/tutorial_taskflow_api_virtualenv.py
[2025-03-27T14:37:57.733-0500] {processor.py:925} INFO - DAG(s) 'tutorial_taskflow_api_virtualenv' retrieved from /home/udhbhav/miniconda3/lib/python3.11/site-packages/airflow/example_dags/tutorial_taskflow_api_virtualenv.py
[2025-03-27T14:37:57.851-0500] {logging_mixin.py:190} INFO - [2025-03-27T14:37:57.850-0500] {dag.py:3239} INFO - Sync 1 DAGs
[2025-03-27T14:37:57.855-0500] {logging_mixin.py:190} INFO - [2025-03-27T14:37:57.855-0500] {dag.py:4180} INFO - Setting next_dagrun for tutorial_taskflow_api_virtualenv to None, run_after=None
[2025-03-27T14:37:58.403-0500] {processor.py:208} INFO - Processing /home/udhbhav/miniconda3/lib/python3.11/site-packages/airflow/example_dags/tutorial_taskflow_api_virtualenv.py took 0.682 seconds
[2025-03-27T14:39:14.583-0500] {processor.py:186} INFO - Started process (PID=1770995) to work on /home/udhbhav/miniconda3/lib/python3.11/site-packages/airflow/example_dags/tutorial_taskflow_api_virtualenv.py
[2025-03-27T14:39:14.584-0500] {processor.py:914} INFO - Processing file /home/udhbhav/miniconda3/lib/python3.11/site-packages/airflow/example_dags/tutorial_taskflow_api_virtualenv.py for tasks to queue
[2025-03-27T14:39:14.585-0500] {logging_mixin.py:190} INFO - [2025-03-27T14:39:14.584-0500] {dagbag.py:588} INFO - Filling up the DagBag from /home/udhbhav/miniconda3/lib/python3.11/site-packages/airflow/example_dags/tutorial_taskflow_api_virtualenv.py
[2025-03-27T14:39:14.590-0500] {processor.py:925} INFO - DAG(s) 'tutorial_taskflow_api_virtualenv' retrieved from /home/udhbhav/miniconda3/lib/python3.11/site-packages/airflow/example_dags/tutorial_taskflow_api_virtualenv.py
[2025-03-27T14:39:14.598-0500] {logging_mixin.py:190} INFO - [2025-03-27T14:39:14.597-0500] {dag.py:3239} INFO - Sync 1 DAGs
[2025-03-27T14:39:14.603-0500] {logging_mixin.py:190} INFO - [2025-03-27T14:39:14.603-0500] {dag.py:4180} INFO - Setting next_dagrun for tutorial_taskflow_api_virtualenv to None, run_after=None
[2025-03-27T14:39:15.063-0500] {processor.py:208} INFO - Processing /home/udhbhav/miniconda3/lib/python3.11/site-packages/airflow/example_dags/tutorial_taskflow_api_virtualenv.py took 0.483 seconds
[2025-03-27T14:40:38.315-0500] {processor.py:186} INFO - Started process (PID=1771806) to work on /home/udhbhav/miniconda3/lib/python3.11/site-packages/airflow/example_dags/tutorial_taskflow_api_virtualenv.py
[2025-03-27T14:40:38.315-0500] {processor.py:914} INFO - Processing file /home/udhbhav/miniconda3/lib/python3.11/site-packages/airflow/example_dags/tutorial_taskflow_api_virtualenv.py for tasks to queue
[2025-03-27T14:40:38.316-0500] {logging_mixin.py:190} INFO - [2025-03-27T14:40:38.316-0500] {dagbag.py:588} INFO - Filling up the DagBag from /home/udhbhav/miniconda3/lib/python3.11/site-packages/airflow/example_dags/tutorial_taskflow_api_virtualenv.py
[2025-03-27T14:40:38.322-0500] {processor.py:925} INFO - DAG(s) 'tutorial_taskflow_api_virtualenv' retrieved from /home/udhbhav/miniconda3/lib/python3.11/site-packages/airflow/example_dags/tutorial_taskflow_api_virtualenv.py
[2025-03-27T14:40:38.329-0500] {logging_mixin.py:190} INFO - [2025-03-27T14:40:38.329-0500] {dag.py:3239} INFO - Sync 1 DAGs
[2025-03-27T14:40:38.335-0500] {logging_mixin.py:190} INFO - [2025-03-27T14:40:38.335-0500] {dag.py:4180} INFO - Setting next_dagrun for tutorial_taskflow_api_virtualenv to None, run_after=None
[2025-03-27T14:40:38.459-0500] {processor.py:208} INFO - Processing /home/udhbhav/miniconda3/lib/python3.11/site-packages/airflow/example_dags/tutorial_taskflow_api_virtualenv.py took 0.147 seconds
[2025-03-27T14:42:07.894-0500] {processor.py:186} INFO - Started process (PID=1772989) to work on /home/udhbhav/miniconda3/lib/python3.11/site-packages/airflow/example_dags/tutorial_taskflow_api_virtualenv.py
[2025-03-27T14:42:07.895-0500] {processor.py:914} INFO - Processing file /home/udhbhav/miniconda3/lib/python3.11/site-packages/airflow/example_dags/tutorial_taskflow_api_virtualenv.py for tasks to queue
[2025-03-27T14:42:07.896-0500] {logging_mixin.py:190} INFO - [2025-03-27T14:42:07.896-0500] {dagbag.py:588} INFO - Filling up the DagBag from /home/udhbhav/miniconda3/lib/python3.11/site-packages/airflow/example_dags/tutorial_taskflow_api_virtualenv.py
[2025-03-27T14:42:07.902-0500] {processor.py:925} INFO - DAG(s) 'tutorial_taskflow_api_virtualenv' retrieved from /home/udhbhav/miniconda3/lib/python3.11/site-packages/airflow/example_dags/tutorial_taskflow_api_virtualenv.py
[2025-03-27T14:42:07.909-0500] {logging_mixin.py:190} INFO - [2025-03-27T14:42:07.909-0500] {dag.py:3239} INFO - Sync 1 DAGs
[2025-03-27T14:42:07.914-0500] {logging_mixin.py:190} INFO - [2025-03-27T14:42:07.914-0500] {dag.py:4180} INFO - Setting next_dagrun for tutorial_taskflow_api_virtualenv to None, run_after=None
[2025-03-27T14:42:08.034-0500] {processor.py:208} INFO - Processing /home/udhbhav/miniconda3/lib/python3.11/site-packages/airflow/example_dags/tutorial_taskflow_api_virtualenv.py took 0.142 seconds
[2025-03-27T14:43:26.462-0500] {processor.py:186} INFO - Started process (PID=1773859) to work on /home/udhbhav/miniconda3/lib/python3.11/site-packages/airflow/example_dags/tutorial_taskflow_api_virtualenv.py
[2025-03-27T14:43:26.462-0500] {processor.py:914} INFO - Processing file /home/udhbhav/miniconda3/lib/python3.11/site-packages/airflow/example_dags/tutorial_taskflow_api_virtualenv.py for tasks to queue
[2025-03-27T14:43:26.463-0500] {logging_mixin.py:190} INFO - [2025-03-27T14:43:26.463-0500] {dagbag.py:588} INFO - Filling up the DagBag from /home/udhbhav/miniconda3/lib/python3.11/site-packages/airflow/example_dags/tutorial_taskflow_api_virtualenv.py
[2025-03-27T14:43:26.469-0500] {processor.py:925} INFO - DAG(s) 'tutorial_taskflow_api_virtualenv' retrieved from /home/udhbhav/miniconda3/lib/python3.11/site-packages/airflow/example_dags/tutorial_taskflow_api_virtualenv.py
[2025-03-27T14:43:26.477-0500] {logging_mixin.py:190} INFO - [2025-03-27T14:43:26.477-0500] {dag.py:3239} INFO - Sync 1 DAGs
[2025-03-27T14:43:26.482-0500] {logging_mixin.py:190} INFO - [2025-03-27T14:43:26.482-0500] {dag.py:4180} INFO - Setting next_dagrun for tutorial_taskflow_api_virtualenv to None, run_after=None
[2025-03-27T14:43:26.613-0500] {processor.py:208} INFO - Processing /home/udhbhav/miniconda3/lib/python3.11/site-packages/airflow/example_dags/tutorial_taskflow_api_virtualenv.py took 0.154 seconds
[2025-03-27T14:44:46.486-0500] {processor.py:186} INFO - Started process (PID=1774783) to work on /home/udhbhav/miniconda3/lib/python3.11/site-packages/airflow/example_dags/tutorial_taskflow_api_virtualenv.py
[2025-03-27T14:44:46.487-0500] {processor.py:914} INFO - Processing file /home/udhbhav/miniconda3/lib/python3.11/site-packages/airflow/example_dags/tutorial_taskflow_api_virtualenv.py for tasks to queue
[2025-03-27T14:44:46.488-0500] {logging_mixin.py:190} INFO - [2025-03-27T14:44:46.488-0500] {dagbag.py:588} INFO - Filling up the DagBag from /home/udhbhav/miniconda3/lib/python3.11/site-packages/airflow/example_dags/tutorial_taskflow_api_virtualenv.py
[2025-03-27T14:44:46.494-0500] {processor.py:925} INFO - DAG(s) 'tutorial_taskflow_api_virtualenv' retrieved from /home/udhbhav/miniconda3/lib/python3.11/site-packages/airflow/example_dags/tutorial_taskflow_api_virtualenv.py
[2025-03-27T14:44:46.501-0500] {logging_mixin.py:190} INFO - [2025-03-27T14:44:46.501-0500] {dag.py:3239} INFO - Sync 1 DAGs
[2025-03-27T14:44:46.506-0500] {logging_mixin.py:190} INFO - [2025-03-27T14:44:46.506-0500] {dag.py:4180} INFO - Setting next_dagrun for tutorial_taskflow_api_virtualenv to None, run_after=None
[2025-03-27T14:44:46.637-0500] {processor.py:208} INFO - Processing /home/udhbhav/miniconda3/lib/python3.11/site-packages/airflow/example_dags/tutorial_taskflow_api_virtualenv.py took 0.153 seconds
[2025-03-27T14:46:08.786-0500] {processor.py:186} INFO - Started process (PID=1775493) to work on /home/udhbhav/miniconda3/lib/python3.11/site-packages/airflow/example_dags/tutorial_taskflow_api_virtualenv.py
[2025-03-27T14:46:08.786-0500] {processor.py:914} INFO - Processing file /home/udhbhav/miniconda3/lib/python3.11/site-packages/airflow/example_dags/tutorial_taskflow_api_virtualenv.py for tasks to queue
[2025-03-27T14:46:08.788-0500] {logging_mixin.py:190} INFO - [2025-03-27T14:46:08.787-0500] {dagbag.py:588} INFO - Filling up the DagBag from /home/udhbhav/miniconda3/lib/python3.11/site-packages/airflow/example_dags/tutorial_taskflow_api_virtualenv.py
[2025-03-27T14:46:08.794-0500] {processor.py:925} INFO - DAG(s) 'tutorial_taskflow_api_virtualenv' retrieved from /home/udhbhav/miniconda3/lib/python3.11/site-packages/airflow/example_dags/tutorial_taskflow_api_virtualenv.py
[2025-03-27T14:46:08.801-0500] {logging_mixin.py:190} INFO - [2025-03-27T14:46:08.800-0500] {dag.py:3239} INFO - Sync 1 DAGs
[2025-03-27T14:46:08.806-0500] {logging_mixin.py:190} INFO - [2025-03-27T14:46:08.806-0500] {dag.py:4180} INFO - Setting next_dagrun for tutorial_taskflow_api_virtualenv to None, run_after=None
[2025-03-27T14:46:09.572-0500] {processor.py:208} INFO - Processing /home/udhbhav/miniconda3/lib/python3.11/site-packages/airflow/example_dags/tutorial_taskflow_api_virtualenv.py took 0.789 seconds
[2025-03-27T14:47:35.094-0500] {processor.py:186} INFO - Started process (PID=1776321) to work on /home/udhbhav/miniconda3/lib/python3.11/site-packages/airflow/example_dags/tutorial_taskflow_api_virtualenv.py
[2025-03-27T14:47:35.095-0500] {processor.py:914} INFO - Processing file /home/udhbhav/miniconda3/lib/python3.11/site-packages/airflow/example_dags/tutorial_taskflow_api_virtualenv.py for tasks to queue
[2025-03-27T14:47:35.096-0500] {logging_mixin.py:190} INFO - [2025-03-27T14:47:35.096-0500] {dagbag.py:588} INFO - Filling up the DagBag from /home/udhbhav/miniconda3/lib/python3.11/site-packages/airflow/example_dags/tutorial_taskflow_api_virtualenv.py
[2025-03-27T14:47:35.102-0500] {processor.py:925} INFO - DAG(s) 'tutorial_taskflow_api_virtualenv' retrieved from /home/udhbhav/miniconda3/lib/python3.11/site-packages/airflow/example_dags/tutorial_taskflow_api_virtualenv.py
[2025-03-27T14:47:35.110-0500] {logging_mixin.py:190} INFO - [2025-03-27T14:47:35.110-0500] {dag.py:3239} INFO - Sync 1 DAGs
[2025-03-27T14:47:35.115-0500] {logging_mixin.py:190} INFO - [2025-03-27T14:47:35.115-0500] {dag.py:4180} INFO - Setting next_dagrun for tutorial_taskflow_api_virtualenv to None, run_after=None
[2025-03-27T14:47:35.329-0500] {processor.py:208} INFO - Processing /home/udhbhav/miniconda3/lib/python3.11/site-packages/airflow/example_dags/tutorial_taskflow_api_virtualenv.py took 0.237 seconds
[2025-03-27T14:48:53.408-0500] {processor.py:186} INFO - Started process (PID=1777136) to work on /home/udhbhav/miniconda3/lib/python3.11/site-packages/airflow/example_dags/tutorial_taskflow_api_virtualenv.py
[2025-03-27T14:48:53.409-0500] {processor.py:914} INFO - Processing file /home/udhbhav/miniconda3/lib/python3.11/site-packages/airflow/example_dags/tutorial_taskflow_api_virtualenv.py for tasks to queue
[2025-03-27T14:48:53.410-0500] {logging_mixin.py:190} INFO - [2025-03-27T14:48:53.409-0500] {dagbag.py:588} INFO - Filling up the DagBag from /home/udhbhav/miniconda3/lib/python3.11/site-packages/airflow/example_dags/tutorial_taskflow_api_virtualenv.py
[2025-03-27T14:48:53.416-0500] {processor.py:925} INFO - DAG(s) 'tutorial_taskflow_api_virtualenv' retrieved from /home/udhbhav/miniconda3/lib/python3.11/site-packages/airflow/example_dags/tutorial_taskflow_api_virtualenv.py
[2025-03-27T14:48:53.423-0500] {logging_mixin.py:190} INFO - [2025-03-27T14:48:53.423-0500] {dag.py:3239} INFO - Sync 1 DAGs
[2025-03-27T14:48:53.428-0500] {logging_mixin.py:190} INFO - [2025-03-27T14:48:53.428-0500] {dag.py:4180} INFO - Setting next_dagrun for tutorial_taskflow_api_virtualenv to None, run_after=None
[2025-03-27T14:48:53.693-0500] {processor.py:208} INFO - Processing /home/udhbhav/miniconda3/lib/python3.11/site-packages/airflow/example_dags/tutorial_taskflow_api_virtualenv.py took 0.287 seconds
[2025-03-27T14:50:24.659-0500] {processor.py:186} INFO - Started process (PID=1778614) to work on /home/udhbhav/miniconda3/lib/python3.11/site-packages/airflow/example_dags/tutorial_taskflow_api_virtualenv.py
[2025-03-27T14:50:24.660-0500] {processor.py:914} INFO - Processing file /home/udhbhav/miniconda3/lib/python3.11/site-packages/airflow/example_dags/tutorial_taskflow_api_virtualenv.py for tasks to queue
[2025-03-27T14:50:24.661-0500] {logging_mixin.py:190} INFO - [2025-03-27T14:50:24.661-0500] {dagbag.py:588} INFO - Filling up the DagBag from /home/udhbhav/miniconda3/lib/python3.11/site-packages/airflow/example_dags/tutorial_taskflow_api_virtualenv.py
[2025-03-27T14:50:24.668-0500] {processor.py:925} INFO - DAG(s) 'tutorial_taskflow_api_virtualenv' retrieved from /home/udhbhav/miniconda3/lib/python3.11/site-packages/airflow/example_dags/tutorial_taskflow_api_virtualenv.py
[2025-03-27T14:50:24.675-0500] {logging_mixin.py:190} INFO - [2025-03-27T14:50:24.675-0500] {dag.py:3239} INFO - Sync 1 DAGs
[2025-03-27T14:50:24.681-0500] {logging_mixin.py:190} INFO - [2025-03-27T14:50:24.680-0500] {dag.py:4180} INFO - Setting next_dagrun for tutorial_taskflow_api_virtualenv to None, run_after=None
[2025-03-27T14:50:24.810-0500] {processor.py:208} INFO - Processing /home/udhbhav/miniconda3/lib/python3.11/site-packages/airflow/example_dags/tutorial_taskflow_api_virtualenv.py took 0.154 seconds
[2025-03-27T14:51:30.131-0500] {processor.py:186} INFO - Started process (PID=1783425) to work on /home/udhbhav/miniconda3/lib/python3.11/site-packages/airflow/example_dags/tutorial_taskflow_api_virtualenv.py
[2025-03-27T14:51:30.132-0500] {processor.py:914} INFO - Processing file /home/udhbhav/miniconda3/lib/python3.11/site-packages/airflow/example_dags/tutorial_taskflow_api_virtualenv.py for tasks to queue
[2025-03-27T14:51:30.134-0500] {logging_mixin.py:190} INFO - [2025-03-27T14:51:30.134-0500] {dagbag.py:588} INFO - Filling up the DagBag from /home/udhbhav/miniconda3/lib/python3.11/site-packages/airflow/example_dags/tutorial_taskflow_api_virtualenv.py
[2025-03-27T14:51:30.140-0500] {processor.py:925} INFO - DAG(s) 'tutorial_taskflow_api_virtualenv' retrieved from /home/udhbhav/miniconda3/lib/python3.11/site-packages/airflow/example_dags/tutorial_taskflow_api_virtualenv.py
[2025-03-27T14:51:30.147-0500] {logging_mixin.py:190} INFO - [2025-03-27T14:51:30.147-0500] {dag.py:3239} INFO - Sync 1 DAGs
[2025-03-27T14:51:30.152-0500] {logging_mixin.py:190} INFO - [2025-03-27T14:51:30.152-0500] {dag.py:4180} INFO - Setting next_dagrun for tutorial_taskflow_api_virtualenv to None, run_after=None
[2025-03-27T14:51:30.284-0500] {processor.py:208} INFO - Processing /home/udhbhav/miniconda3/lib/python3.11/site-packages/airflow/example_dags/tutorial_taskflow_api_virtualenv.py took 0.156 seconds
[2025-03-27T14:52:37.677-0500] {processor.py:186} INFO - Started process (PID=1784174) to work on /home/udhbhav/miniconda3/lib/python3.11/site-packages/airflow/example_dags/tutorial_taskflow_api_virtualenv.py
[2025-03-27T14:52:37.677-0500] {processor.py:914} INFO - Processing file /home/udhbhav/miniconda3/lib/python3.11/site-packages/airflow/example_dags/tutorial_taskflow_api_virtualenv.py for tasks to queue
[2025-03-27T14:52:37.678-0500] {logging_mixin.py:190} INFO - [2025-03-27T14:52:37.678-0500] {dagbag.py:588} INFO - Filling up the DagBag from /home/udhbhav/miniconda3/lib/python3.11/site-packages/airflow/example_dags/tutorial_taskflow_api_virtualenv.py
[2025-03-27T14:52:37.684-0500] {processor.py:925} INFO - DAG(s) 'tutorial_taskflow_api_virtualenv' retrieved from /home/udhbhav/miniconda3/lib/python3.11/site-packages/airflow/example_dags/tutorial_taskflow_api_virtualenv.py
[2025-03-27T14:52:37.691-0500] {logging_mixin.py:190} INFO - [2025-03-27T14:52:37.691-0500] {dag.py:3239} INFO - Sync 1 DAGs
[2025-03-27T14:52:37.697-0500] {logging_mixin.py:190} INFO - [2025-03-27T14:52:37.696-0500] {dag.py:4180} INFO - Setting next_dagrun for tutorial_taskflow_api_virtualenv to None, run_after=None
[2025-03-27T14:52:37.922-0500] {processor.py:208} INFO - Processing /home/udhbhav/miniconda3/lib/python3.11/site-packages/airflow/example_dags/tutorial_taskflow_api_virtualenv.py took 0.249 seconds
[2025-03-27T14:53:48.695-0500] {processor.py:186} INFO - Started process (PID=1784884) to work on /home/udhbhav/miniconda3/lib/python3.11/site-packages/airflow/example_dags/tutorial_taskflow_api_virtualenv.py
[2025-03-27T14:53:48.696-0500] {processor.py:914} INFO - Processing file /home/udhbhav/miniconda3/lib/python3.11/site-packages/airflow/example_dags/tutorial_taskflow_api_virtualenv.py for tasks to queue
[2025-03-27T14:53:48.697-0500] {logging_mixin.py:190} INFO - [2025-03-27T14:53:48.697-0500] {dagbag.py:588} INFO - Filling up the DagBag from /home/udhbhav/miniconda3/lib/python3.11/site-packages/airflow/example_dags/tutorial_taskflow_api_virtualenv.py
[2025-03-27T14:53:48.703-0500] {processor.py:925} INFO - DAG(s) 'tutorial_taskflow_api_virtualenv' retrieved from /home/udhbhav/miniconda3/lib/python3.11/site-packages/airflow/example_dags/tutorial_taskflow_api_virtualenv.py
[2025-03-27T14:53:48.710-0500] {logging_mixin.py:190} INFO - [2025-03-27T14:53:48.710-0500] {dag.py:3239} INFO - Sync 1 DAGs
[2025-03-27T14:53:48.716-0500] {logging_mixin.py:190} INFO - [2025-03-27T14:53:48.715-0500] {dag.py:4180} INFO - Setting next_dagrun for tutorial_taskflow_api_virtualenv to None, run_after=None
[2025-03-27T14:53:48.848-0500] {processor.py:208} INFO - Processing /home/udhbhav/miniconda3/lib/python3.11/site-packages/airflow/example_dags/tutorial_taskflow_api_virtualenv.py took 0.155 seconds
[2025-03-27T14:54:54.119-0500] {processor.py:186} INFO - Started process (PID=1785533) to work on /home/udhbhav/miniconda3/lib/python3.11/site-packages/airflow/example_dags/tutorial_taskflow_api_virtualenv.py
[2025-03-27T14:54:54.119-0500] {processor.py:914} INFO - Processing file /home/udhbhav/miniconda3/lib/python3.11/site-packages/airflow/example_dags/tutorial_taskflow_api_virtualenv.py for tasks to queue
[2025-03-27T14:54:54.121-0500] {logging_mixin.py:190} INFO - [2025-03-27T14:54:54.120-0500] {dagbag.py:588} INFO - Filling up the DagBag from /home/udhbhav/miniconda3/lib/python3.11/site-packages/airflow/example_dags/tutorial_taskflow_api_virtualenv.py
[2025-03-27T14:54:54.126-0500] {processor.py:925} INFO - DAG(s) 'tutorial_taskflow_api_virtualenv' retrieved from /home/udhbhav/miniconda3/lib/python3.11/site-packages/airflow/example_dags/tutorial_taskflow_api_virtualenv.py
[2025-03-27T14:54:54.133-0500] {logging_mixin.py:190} INFO - [2025-03-27T14:54:54.133-0500] {dag.py:3239} INFO - Sync 1 DAGs
[2025-03-27T14:54:54.139-0500] {logging_mixin.py:190} INFO - [2025-03-27T14:54:54.138-0500] {dag.py:4180} INFO - Setting next_dagrun for tutorial_taskflow_api_virtualenv to None, run_after=None
[2025-03-27T14:54:54.270-0500] {processor.py:208} INFO - Processing /home/udhbhav/miniconda3/lib/python3.11/site-packages/airflow/example_dags/tutorial_taskflow_api_virtualenv.py took 0.154 seconds
[2025-03-27T14:56:03.361-0500] {processor.py:186} INFO - Started process (PID=1786204) to work on /home/udhbhav/miniconda3/lib/python3.11/site-packages/airflow/example_dags/tutorial_taskflow_api_virtualenv.py
[2025-03-27T14:56:03.361-0500] {processor.py:914} INFO - Processing file /home/udhbhav/miniconda3/lib/python3.11/site-packages/airflow/example_dags/tutorial_taskflow_api_virtualenv.py for tasks to queue
[2025-03-27T14:56:03.363-0500] {logging_mixin.py:190} INFO - [2025-03-27T14:56:03.362-0500] {dagbag.py:588} INFO - Filling up the DagBag from /home/udhbhav/miniconda3/lib/python3.11/site-packages/airflow/example_dags/tutorial_taskflow_api_virtualenv.py
[2025-03-27T14:56:03.368-0500] {processor.py:925} INFO - DAG(s) 'tutorial_taskflow_api_virtualenv' retrieved from /home/udhbhav/miniconda3/lib/python3.11/site-packages/airflow/example_dags/tutorial_taskflow_api_virtualenv.py
[2025-03-27T14:56:03.376-0500] {logging_mixin.py:190} INFO - [2025-03-27T14:56:03.375-0500] {dag.py:3239} INFO - Sync 1 DAGs
[2025-03-27T14:56:03.381-0500] {logging_mixin.py:190} INFO - [2025-03-27T14:56:03.380-0500] {dag.py:4180} INFO - Setting next_dagrun for tutorial_taskflow_api_virtualenv to None, run_after=None
[2025-03-27T14:56:03.774-0500] {processor.py:208} INFO - Processing /home/udhbhav/miniconda3/lib/python3.11/site-packages/airflow/example_dags/tutorial_taskflow_api_virtualenv.py took 0.416 seconds
[2025-03-27T14:57:20.733-0500] {processor.py:186} INFO - Started process (PID=1786974) to work on /home/udhbhav/miniconda3/lib/python3.11/site-packages/airflow/example_dags/tutorial_taskflow_api_virtualenv.py
[2025-03-27T14:57:20.733-0500] {processor.py:914} INFO - Processing file /home/udhbhav/miniconda3/lib/python3.11/site-packages/airflow/example_dags/tutorial_taskflow_api_virtualenv.py for tasks to queue
[2025-03-27T14:57:20.734-0500] {logging_mixin.py:190} INFO - [2025-03-27T14:57:20.734-0500] {dagbag.py:588} INFO - Filling up the DagBag from /home/udhbhav/miniconda3/lib/python3.11/site-packages/airflow/example_dags/tutorial_taskflow_api_virtualenv.py
[2025-03-27T14:57:20.740-0500] {processor.py:925} INFO - DAG(s) 'tutorial_taskflow_api_virtualenv' retrieved from /home/udhbhav/miniconda3/lib/python3.11/site-packages/airflow/example_dags/tutorial_taskflow_api_virtualenv.py
[2025-03-27T14:57:20.748-0500] {logging_mixin.py:190} INFO - [2025-03-27T14:57:20.747-0500] {dag.py:3239} INFO - Sync 1 DAGs
[2025-03-27T14:57:20.753-0500] {logging_mixin.py:190} INFO - [2025-03-27T14:57:20.753-0500] {dag.py:4180} INFO - Setting next_dagrun for tutorial_taskflow_api_virtualenv to None, run_after=None
[2025-03-27T14:57:20.967-0500] {processor.py:208} INFO - Processing /home/udhbhav/miniconda3/lib/python3.11/site-packages/airflow/example_dags/tutorial_taskflow_api_virtualenv.py took 0.237 seconds
[2025-03-27T14:58:39.507-0500] {processor.py:186} INFO - Started process (PID=1787823) to work on /home/udhbhav/miniconda3/lib/python3.11/site-packages/airflow/example_dags/tutorial_taskflow_api_virtualenv.py
[2025-03-27T14:58:39.508-0500] {processor.py:914} INFO - Processing file /home/udhbhav/miniconda3/lib/python3.11/site-packages/airflow/example_dags/tutorial_taskflow_api_virtualenv.py for tasks to queue
[2025-03-27T14:58:39.509-0500] {logging_mixin.py:190} INFO - [2025-03-27T14:58:39.509-0500] {dagbag.py:588} INFO - Filling up the DagBag from /home/udhbhav/miniconda3/lib/python3.11/site-packages/airflow/example_dags/tutorial_taskflow_api_virtualenv.py
[2025-03-27T14:58:39.515-0500] {processor.py:925} INFO - DAG(s) 'tutorial_taskflow_api_virtualenv' retrieved from /home/udhbhav/miniconda3/lib/python3.11/site-packages/airflow/example_dags/tutorial_taskflow_api_virtualenv.py
[2025-03-27T14:58:39.522-0500] {logging_mixin.py:190} INFO - [2025-03-27T14:58:39.522-0500] {dag.py:3239} INFO - Sync 1 DAGs
[2025-03-27T14:58:39.528-0500] {logging_mixin.py:190} INFO - [2025-03-27T14:58:39.528-0500] {dag.py:4180} INFO - Setting next_dagrun for tutorial_taskflow_api_virtualenv to None, run_after=None
[2025-03-27T14:58:39.798-0500] {processor.py:208} INFO - Processing /home/udhbhav/miniconda3/lib/python3.11/site-packages/airflow/example_dags/tutorial_taskflow_api_virtualenv.py took 0.293 seconds
[2025-03-27T15:00:13.028-0500] {processor.py:186} INFO - Started process (PID=1788883) to work on /home/udhbhav/miniconda3/lib/python3.11/site-packages/airflow/example_dags/tutorial_taskflow_api_virtualenv.py
[2025-03-27T15:00:13.028-0500] {processor.py:914} INFO - Processing file /home/udhbhav/miniconda3/lib/python3.11/site-packages/airflow/example_dags/tutorial_taskflow_api_virtualenv.py for tasks to queue
[2025-03-27T15:00:13.030-0500] {logging_mixin.py:190} INFO - [2025-03-27T15:00:13.029-0500] {dagbag.py:588} INFO - Filling up the DagBag from /home/udhbhav/miniconda3/lib/python3.11/site-packages/airflow/example_dags/tutorial_taskflow_api_virtualenv.py
[2025-03-27T15:00:13.039-0500] {processor.py:925} INFO - DAG(s) 'tutorial_taskflow_api_virtualenv' retrieved from /home/udhbhav/miniconda3/lib/python3.11/site-packages/airflow/example_dags/tutorial_taskflow_api_virtualenv.py
[2025-03-27T15:00:13.046-0500] {logging_mixin.py:190} INFO - [2025-03-27T15:00:13.046-0500] {dag.py:3239} INFO - Sync 1 DAGs
[2025-03-27T15:00:13.052-0500] {logging_mixin.py:190} INFO - [2025-03-27T15:00:13.052-0500] {dag.py:4180} INFO - Setting next_dagrun for tutorial_taskflow_api_virtualenv to None, run_after=None
[2025-03-27T15:00:13.286-0500] {processor.py:208} INFO - Processing /home/udhbhav/miniconda3/lib/python3.11/site-packages/airflow/example_dags/tutorial_taskflow_api_virtualenv.py took 0.261 seconds
[2025-03-27T15:01:20.021-0500] {processor.py:186} INFO - Started process (PID=1789602) to work on /home/udhbhav/miniconda3/lib/python3.11/site-packages/airflow/example_dags/tutorial_taskflow_api_virtualenv.py
[2025-03-27T15:01:20.021-0500] {processor.py:914} INFO - Processing file /home/udhbhav/miniconda3/lib/python3.11/site-packages/airflow/example_dags/tutorial_taskflow_api_virtualenv.py for tasks to queue
[2025-03-27T15:01:20.023-0500] {logging_mixin.py:190} INFO - [2025-03-27T15:01:20.022-0500] {dagbag.py:588} INFO - Filling up the DagBag from /home/udhbhav/miniconda3/lib/python3.11/site-packages/airflow/example_dags/tutorial_taskflow_api_virtualenv.py
[2025-03-27T15:01:20.030-0500] {processor.py:925} INFO - DAG(s) 'tutorial_taskflow_api_virtualenv' retrieved from /home/udhbhav/miniconda3/lib/python3.11/site-packages/airflow/example_dags/tutorial_taskflow_api_virtualenv.py
[2025-03-27T15:01:20.037-0500] {logging_mixin.py:190} INFO - [2025-03-27T15:01:20.037-0500] {dag.py:3239} INFO - Sync 1 DAGs
[2025-03-27T15:01:20.042-0500] {logging_mixin.py:190} INFO - [2025-03-27T15:01:20.042-0500] {dag.py:4180} INFO - Setting next_dagrun for tutorial_taskflow_api_virtualenv to None, run_after=None
[2025-03-27T15:01:20.174-0500] {processor.py:208} INFO - Processing /home/udhbhav/miniconda3/lib/python3.11/site-packages/airflow/example_dags/tutorial_taskflow_api_virtualenv.py took 0.156 seconds
[2025-03-27T15:02:24.579-0500] {processor.py:186} INFO - Started process (PID=1790343) to work on /home/udhbhav/miniconda3/lib/python3.11/site-packages/airflow/example_dags/tutorial_taskflow_api_virtualenv.py
[2025-03-27T15:02:24.579-0500] {processor.py:914} INFO - Processing file /home/udhbhav/miniconda3/lib/python3.11/site-packages/airflow/example_dags/tutorial_taskflow_api_virtualenv.py for tasks to queue
[2025-03-27T15:02:24.581-0500] {logging_mixin.py:190} INFO - [2025-03-27T15:02:24.581-0500] {dagbag.py:588} INFO - Filling up the DagBag from /home/udhbhav/miniconda3/lib/python3.11/site-packages/airflow/example_dags/tutorial_taskflow_api_virtualenv.py
[2025-03-27T15:02:24.587-0500] {processor.py:925} INFO - DAG(s) 'tutorial_taskflow_api_virtualenv' retrieved from /home/udhbhav/miniconda3/lib/python3.11/site-packages/airflow/example_dags/tutorial_taskflow_api_virtualenv.py
[2025-03-27T15:02:24.594-0500] {logging_mixin.py:190} INFO - [2025-03-27T15:02:24.594-0500] {dag.py:3239} INFO - Sync 1 DAGs
[2025-03-27T15:02:24.599-0500] {logging_mixin.py:190} INFO - [2025-03-27T15:02:24.599-0500] {dag.py:4180} INFO - Setting next_dagrun for tutorial_taskflow_api_virtualenv to None, run_after=None
[2025-03-27T15:02:24.731-0500] {processor.py:208} INFO - Processing /home/udhbhav/miniconda3/lib/python3.11/site-packages/airflow/example_dags/tutorial_taskflow_api_virtualenv.py took 0.154 seconds
[2025-03-27T15:03:41.615-0500] {processor.py:186} INFO - Started process (PID=1791104) to work on /home/udhbhav/miniconda3/lib/python3.11/site-packages/airflow/example_dags/tutorial_taskflow_api_virtualenv.py
[2025-03-27T15:03:41.616-0500] {processor.py:914} INFO - Processing file /home/udhbhav/miniconda3/lib/python3.11/site-packages/airflow/example_dags/tutorial_taskflow_api_virtualenv.py for tasks to queue
[2025-03-27T15:03:41.617-0500] {logging_mixin.py:190} INFO - [2025-03-27T15:03:41.617-0500] {dagbag.py:588} INFO - Filling up the DagBag from /home/udhbhav/miniconda3/lib/python3.11/site-packages/airflow/example_dags/tutorial_taskflow_api_virtualenv.py
[2025-03-27T15:03:41.623-0500] {processor.py:925} INFO - DAG(s) 'tutorial_taskflow_api_virtualenv' retrieved from /home/udhbhav/miniconda3/lib/python3.11/site-packages/airflow/example_dags/tutorial_taskflow_api_virtualenv.py
[2025-03-27T15:03:41.630-0500] {logging_mixin.py:190} INFO - [2025-03-27T15:03:41.630-0500] {dag.py:3239} INFO - Sync 1 DAGs
[2025-03-27T15:03:41.635-0500] {logging_mixin.py:190} INFO - [2025-03-27T15:03:41.635-0500] {dag.py:4180} INFO - Setting next_dagrun for tutorial_taskflow_api_virtualenv to None, run_after=None
[2025-03-27T15:03:41.767-0500] {processor.py:208} INFO - Processing /home/udhbhav/miniconda3/lib/python3.11/site-packages/airflow/example_dags/tutorial_taskflow_api_virtualenv.py took 0.154 seconds
[2025-03-27T15:04:56.917-0500] {processor.py:186} INFO - Started process (PID=1791883) to work on /home/udhbhav/miniconda3/lib/python3.11/site-packages/airflow/example_dags/tutorial_taskflow_api_virtualenv.py
[2025-03-27T15:04:56.918-0500] {processor.py:914} INFO - Processing file /home/udhbhav/miniconda3/lib/python3.11/site-packages/airflow/example_dags/tutorial_taskflow_api_virtualenv.py for tasks to queue
[2025-03-27T15:04:56.919-0500] {logging_mixin.py:190} INFO - [2025-03-27T15:04:56.919-0500] {dagbag.py:588} INFO - Filling up the DagBag from /home/udhbhav/miniconda3/lib/python3.11/site-packages/airflow/example_dags/tutorial_taskflow_api_virtualenv.py
[2025-03-27T15:04:56.926-0500] {processor.py:925} INFO - DAG(s) 'tutorial_taskflow_api_virtualenv' retrieved from /home/udhbhav/miniconda3/lib/python3.11/site-packages/airflow/example_dags/tutorial_taskflow_api_virtualenv.py
[2025-03-27T15:04:56.933-0500] {logging_mixin.py:190} INFO - [2025-03-27T15:04:56.933-0500] {dag.py:3239} INFO - Sync 1 DAGs
[2025-03-27T15:04:56.938-0500] {logging_mixin.py:190} INFO - [2025-03-27T15:04:56.938-0500] {dag.py:4180} INFO - Setting next_dagrun for tutorial_taskflow_api_virtualenv to None, run_after=None
[2025-03-27T15:04:57.138-0500] {processor.py:208} INFO - Processing /home/udhbhav/miniconda3/lib/python3.11/site-packages/airflow/example_dags/tutorial_taskflow_api_virtualenv.py took 0.223 seconds
[2025-03-27T15:06:20.013-0500] {processor.py:186} INFO - Started process (PID=1792607) to work on /home/udhbhav/miniconda3/lib/python3.11/site-packages/airflow/example_dags/tutorial_taskflow_api_virtualenv.py
[2025-03-27T15:06:20.013-0500] {processor.py:914} INFO - Processing file /home/udhbhav/miniconda3/lib/python3.11/site-packages/airflow/example_dags/tutorial_taskflow_api_virtualenv.py for tasks to queue
[2025-03-27T15:06:20.014-0500] {logging_mixin.py:190} INFO - [2025-03-27T15:06:20.014-0500] {dagbag.py:588} INFO - Filling up the DagBag from /home/udhbhav/miniconda3/lib/python3.11/site-packages/airflow/example_dags/tutorial_taskflow_api_virtualenv.py
[2025-03-27T15:06:20.020-0500] {processor.py:925} INFO - DAG(s) 'tutorial_taskflow_api_virtualenv' retrieved from /home/udhbhav/miniconda3/lib/python3.11/site-packages/airflow/example_dags/tutorial_taskflow_api_virtualenv.py
[2025-03-27T15:06:20.027-0500] {logging_mixin.py:190} INFO - [2025-03-27T15:06:20.027-0500] {dag.py:3239} INFO - Sync 1 DAGs
[2025-03-27T15:06:20.032-0500] {logging_mixin.py:190} INFO - [2025-03-27T15:06:20.032-0500] {dag.py:4180} INFO - Setting next_dagrun for tutorial_taskflow_api_virtualenv to None, run_after=None
[2025-03-27T15:06:20.436-0500] {processor.py:208} INFO - Processing /home/udhbhav/miniconda3/lib/python3.11/site-packages/airflow/example_dags/tutorial_taskflow_api_virtualenv.py took 0.426 seconds
[2025-03-27T15:07:44.026-0500] {processor.py:186} INFO - Started process (PID=1793575) to work on /home/udhbhav/miniconda3/lib/python3.11/site-packages/airflow/example_dags/tutorial_taskflow_api_virtualenv.py
[2025-03-27T15:07:44.026-0500] {processor.py:914} INFO - Processing file /home/udhbhav/miniconda3/lib/python3.11/site-packages/airflow/example_dags/tutorial_taskflow_api_virtualenv.py for tasks to queue
[2025-03-27T15:07:44.027-0500] {logging_mixin.py:190} INFO - [2025-03-27T15:07:44.027-0500] {dagbag.py:588} INFO - Filling up the DagBag from /home/udhbhav/miniconda3/lib/python3.11/site-packages/airflow/example_dags/tutorial_taskflow_api_virtualenv.py
[2025-03-27T15:07:44.033-0500] {processor.py:925} INFO - DAG(s) 'tutorial_taskflow_api_virtualenv' retrieved from /home/udhbhav/miniconda3/lib/python3.11/site-packages/airflow/example_dags/tutorial_taskflow_api_virtualenv.py
[2025-03-27T15:07:44.040-0500] {logging_mixin.py:190} INFO - [2025-03-27T15:07:44.040-0500] {dag.py:3239} INFO - Sync 1 DAGs
[2025-03-27T15:07:44.046-0500] {logging_mixin.py:190} INFO - [2025-03-27T15:07:44.045-0500] {dag.py:4180} INFO - Setting next_dagrun for tutorial_taskflow_api_virtualenv to None, run_after=None
[2025-03-27T15:07:44.176-0500] {processor.py:208} INFO - Processing /home/udhbhav/miniconda3/lib/python3.11/site-packages/airflow/example_dags/tutorial_taskflow_api_virtualenv.py took 0.153 seconds
[2025-03-27T15:08:45.929-0500] {processor.py:186} INFO - Started process (PID=1794205) to work on /home/udhbhav/miniconda3/lib/python3.11/site-packages/airflow/example_dags/tutorial_taskflow_api_virtualenv.py
[2025-03-27T15:08:45.929-0500] {processor.py:914} INFO - Processing file /home/udhbhav/miniconda3/lib/python3.11/site-packages/airflow/example_dags/tutorial_taskflow_api_virtualenv.py for tasks to queue
[2025-03-27T15:08:45.930-0500] {logging_mixin.py:190} INFO - [2025-03-27T15:08:45.930-0500] {dagbag.py:588} INFO - Filling up the DagBag from /home/udhbhav/miniconda3/lib/python3.11/site-packages/airflow/example_dags/tutorial_taskflow_api_virtualenv.py
[2025-03-27T15:08:45.936-0500] {processor.py:925} INFO - DAG(s) 'tutorial_taskflow_api_virtualenv' retrieved from /home/udhbhav/miniconda3/lib/python3.11/site-packages/airflow/example_dags/tutorial_taskflow_api_virtualenv.py
[2025-03-27T15:08:45.944-0500] {logging_mixin.py:190} INFO - [2025-03-27T15:08:45.943-0500] {dag.py:3239} INFO - Sync 1 DAGs
[2025-03-27T15:08:45.949-0500] {logging_mixin.py:190} INFO - [2025-03-27T15:08:45.948-0500] {dag.py:4180} INFO - Setting next_dagrun for tutorial_taskflow_api_virtualenv to None, run_after=None
[2025-03-27T15:08:46.077-0500] {processor.py:208} INFO - Processing /home/udhbhav/miniconda3/lib/python3.11/site-packages/airflow/example_dags/tutorial_taskflow_api_virtualenv.py took 0.151 seconds
[2025-03-27T15:09:57.560-0500] {processor.py:186} INFO - Started process (PID=1794842) to work on /home/udhbhav/miniconda3/lib/python3.11/site-packages/airflow/example_dags/tutorial_taskflow_api_virtualenv.py
[2025-03-27T15:09:57.560-0500] {processor.py:914} INFO - Processing file /home/udhbhav/miniconda3/lib/python3.11/site-packages/airflow/example_dags/tutorial_taskflow_api_virtualenv.py for tasks to queue
[2025-03-27T15:09:57.562-0500] {logging_mixin.py:190} INFO - [2025-03-27T15:09:57.562-0500] {dagbag.py:588} INFO - Filling up the DagBag from /home/udhbhav/miniconda3/lib/python3.11/site-packages/airflow/example_dags/tutorial_taskflow_api_virtualenv.py
[2025-03-27T15:09:57.568-0500] {processor.py:925} INFO - DAG(s) 'tutorial_taskflow_api_virtualenv' retrieved from /home/udhbhav/miniconda3/lib/python3.11/site-packages/airflow/example_dags/tutorial_taskflow_api_virtualenv.py
[2025-03-27T15:09:57.575-0500] {logging_mixin.py:190} INFO - [2025-03-27T15:09:57.575-0500] {dag.py:3239} INFO - Sync 1 DAGs
[2025-03-27T15:09:57.580-0500] {logging_mixin.py:190} INFO - [2025-03-27T15:09:57.580-0500] {dag.py:4180} INFO - Setting next_dagrun for tutorial_taskflow_api_virtualenv to None, run_after=None
[2025-03-27T15:09:57.713-0500] {processor.py:208} INFO - Processing /home/udhbhav/miniconda3/lib/python3.11/site-packages/airflow/example_dags/tutorial_taskflow_api_virtualenv.py took 0.156 seconds
[2025-03-27T15:11:06.224-0500] {processor.py:186} INFO - Started process (PID=1795485) to work on /home/udhbhav/miniconda3/lib/python3.11/site-packages/airflow/example_dags/tutorial_taskflow_api_virtualenv.py
[2025-03-27T15:11:06.225-0500] {processor.py:914} INFO - Processing file /home/udhbhav/miniconda3/lib/python3.11/site-packages/airflow/example_dags/tutorial_taskflow_api_virtualenv.py for tasks to queue
[2025-03-27T15:11:06.227-0500] {logging_mixin.py:190} INFO - [2025-03-27T15:11:06.226-0500] {dagbag.py:588} INFO - Filling up the DagBag from /home/udhbhav/miniconda3/lib/python3.11/site-packages/airflow/example_dags/tutorial_taskflow_api_virtualenv.py
[2025-03-27T15:11:06.233-0500] {processor.py:925} INFO - DAG(s) 'tutorial_taskflow_api_virtualenv' retrieved from /home/udhbhav/miniconda3/lib/python3.11/site-packages/airflow/example_dags/tutorial_taskflow_api_virtualenv.py
[2025-03-27T15:11:06.240-0500] {logging_mixin.py:190} INFO - [2025-03-27T15:11:06.239-0500] {dag.py:3239} INFO - Sync 1 DAGs
[2025-03-27T15:11:06.245-0500] {logging_mixin.py:190} INFO - [2025-03-27T15:11:06.245-0500] {dag.py:4180} INFO - Setting next_dagrun for tutorial_taskflow_api_virtualenv to None, run_after=None
[2025-03-27T15:11:06.377-0500] {processor.py:208} INFO - Processing /home/udhbhav/miniconda3/lib/python3.11/site-packages/airflow/example_dags/tutorial_taskflow_api_virtualenv.py took 0.155 seconds
[2025-03-27T15:12:11.744-0500] {processor.py:186} INFO - Started process (PID=1797675) to work on /home/udhbhav/miniconda3/lib/python3.11/site-packages/airflow/example_dags/tutorial_taskflow_api_virtualenv.py
[2025-03-27T15:12:11.745-0500] {processor.py:914} INFO - Processing file /home/udhbhav/miniconda3/lib/python3.11/site-packages/airflow/example_dags/tutorial_taskflow_api_virtualenv.py for tasks to queue
[2025-03-27T15:12:11.746-0500] {logging_mixin.py:190} INFO - [2025-03-27T15:12:11.745-0500] {dagbag.py:588} INFO - Filling up the DagBag from /home/udhbhav/miniconda3/lib/python3.11/site-packages/airflow/example_dags/tutorial_taskflow_api_virtualenv.py
[2025-03-27T15:12:11.752-0500] {processor.py:925} INFO - DAG(s) 'tutorial_taskflow_api_virtualenv' retrieved from /home/udhbhav/miniconda3/lib/python3.11/site-packages/airflow/example_dags/tutorial_taskflow_api_virtualenv.py
[2025-03-27T15:12:11.759-0500] {logging_mixin.py:190} INFO - [2025-03-27T15:12:11.759-0500] {dag.py:3239} INFO - Sync 1 DAGs
[2025-03-27T15:12:11.764-0500] {logging_mixin.py:190} INFO - [2025-03-27T15:12:11.764-0500] {dag.py:4180} INFO - Setting next_dagrun for tutorial_taskflow_api_virtualenv to None, run_after=None
[2025-03-27T15:12:12.030-0500] {processor.py:208} INFO - Processing /home/udhbhav/miniconda3/lib/python3.11/site-packages/airflow/example_dags/tutorial_taskflow_api_virtualenv.py took 0.289 seconds
[2025-03-27T15:13:31.556-0500] {processor.py:186} INFO - Started process (PID=1798478) to work on /home/udhbhav/miniconda3/lib/python3.11/site-packages/airflow/example_dags/tutorial_taskflow_api_virtualenv.py
[2025-03-27T15:13:31.556-0500] {processor.py:914} INFO - Processing file /home/udhbhav/miniconda3/lib/python3.11/site-packages/airflow/example_dags/tutorial_taskflow_api_virtualenv.py for tasks to queue
[2025-03-27T15:13:31.557-0500] {logging_mixin.py:190} INFO - [2025-03-27T15:13:31.557-0500] {dagbag.py:588} INFO - Filling up the DagBag from /home/udhbhav/miniconda3/lib/python3.11/site-packages/airflow/example_dags/tutorial_taskflow_api_virtualenv.py
[2025-03-27T15:13:31.563-0500] {processor.py:925} INFO - DAG(s) 'tutorial_taskflow_api_virtualenv' retrieved from /home/udhbhav/miniconda3/lib/python3.11/site-packages/airflow/example_dags/tutorial_taskflow_api_virtualenv.py
[2025-03-27T15:13:31.570-0500] {logging_mixin.py:190} INFO - [2025-03-27T15:13:31.570-0500] {dag.py:3239} INFO - Sync 1 DAGs
[2025-03-27T15:13:31.575-0500] {logging_mixin.py:190} INFO - [2025-03-27T15:13:31.575-0500] {dag.py:4180} INFO - Setting next_dagrun for tutorial_taskflow_api_virtualenv to None, run_after=None
[2025-03-27T15:13:32.404-0500] {processor.py:208} INFO - Processing /home/udhbhav/miniconda3/lib/python3.11/site-packages/airflow/example_dags/tutorial_taskflow_api_virtualenv.py took 0.851 seconds
[2025-03-27T15:14:48.202-0500] {processor.py:186} INFO - Started process (PID=1799337) to work on /home/udhbhav/miniconda3/lib/python3.11/site-packages/airflow/example_dags/tutorial_taskflow_api_virtualenv.py
[2025-03-27T15:14:48.202-0500] {processor.py:914} INFO - Processing file /home/udhbhav/miniconda3/lib/python3.11/site-packages/airflow/example_dags/tutorial_taskflow_api_virtualenv.py for tasks to queue
[2025-03-27T15:14:48.204-0500] {logging_mixin.py:190} INFO - [2025-03-27T15:14:48.203-0500] {dagbag.py:588} INFO - Filling up the DagBag from /home/udhbhav/miniconda3/lib/python3.11/site-packages/airflow/example_dags/tutorial_taskflow_api_virtualenv.py
[2025-03-27T15:14:48.209-0500] {processor.py:925} INFO - DAG(s) 'tutorial_taskflow_api_virtualenv' retrieved from /home/udhbhav/miniconda3/lib/python3.11/site-packages/airflow/example_dags/tutorial_taskflow_api_virtualenv.py
[2025-03-27T15:14:48.217-0500] {logging_mixin.py:190} INFO - [2025-03-27T15:14:48.216-0500] {dag.py:3239} INFO - Sync 1 DAGs
[2025-03-27T15:14:48.222-0500] {logging_mixin.py:190} INFO - [2025-03-27T15:14:48.222-0500] {dag.py:4180} INFO - Setting next_dagrun for tutorial_taskflow_api_virtualenv to None, run_after=None
[2025-03-27T15:14:48.426-0500] {processor.py:208} INFO - Processing /home/udhbhav/miniconda3/lib/python3.11/site-packages/airflow/example_dags/tutorial_taskflow_api_virtualenv.py took 0.227 seconds
[2025-03-27T15:16:07.523-0500] {processor.py:186} INFO - Started process (PID=1800025) to work on /home/udhbhav/miniconda3/lib/python3.11/site-packages/airflow/example_dags/tutorial_taskflow_api_virtualenv.py
[2025-03-27T15:16:07.523-0500] {processor.py:914} INFO - Processing file /home/udhbhav/miniconda3/lib/python3.11/site-packages/airflow/example_dags/tutorial_taskflow_api_virtualenv.py for tasks to queue
[2025-03-27T15:16:07.524-0500] {logging_mixin.py:190} INFO - [2025-03-27T15:16:07.524-0500] {dagbag.py:588} INFO - Filling up the DagBag from /home/udhbhav/miniconda3/lib/python3.11/site-packages/airflow/example_dags/tutorial_taskflow_api_virtualenv.py
[2025-03-27T15:16:07.530-0500] {processor.py:925} INFO - DAG(s) 'tutorial_taskflow_api_virtualenv' retrieved from /home/udhbhav/miniconda3/lib/python3.11/site-packages/airflow/example_dags/tutorial_taskflow_api_virtualenv.py
[2025-03-27T15:16:07.537-0500] {logging_mixin.py:190} INFO - [2025-03-27T15:16:07.537-0500] {dag.py:3239} INFO - Sync 1 DAGs
[2025-03-27T15:16:07.542-0500] {logging_mixin.py:190} INFO - [2025-03-27T15:16:07.542-0500] {dag.py:4180} INFO - Setting next_dagrun for tutorial_taskflow_api_virtualenv to None, run_after=None
[2025-03-27T15:16:07.841-0500] {processor.py:208} INFO - Processing /home/udhbhav/miniconda3/lib/python3.11/site-packages/airflow/example_dags/tutorial_taskflow_api_virtualenv.py took 0.321 seconds
[2025-03-27T15:17:24.703-0500] {processor.py:186} INFO - Started process (PID=1800805) to work on /home/udhbhav/miniconda3/lib/python3.11/site-packages/airflow/example_dags/tutorial_taskflow_api_virtualenv.py
[2025-03-27T15:17:24.704-0500] {processor.py:914} INFO - Processing file /home/udhbhav/miniconda3/lib/python3.11/site-packages/airflow/example_dags/tutorial_taskflow_api_virtualenv.py for tasks to queue
[2025-03-27T15:17:24.705-0500] {logging_mixin.py:190} INFO - [2025-03-27T15:17:24.705-0500] {dagbag.py:588} INFO - Filling up the DagBag from /home/udhbhav/miniconda3/lib/python3.11/site-packages/airflow/example_dags/tutorial_taskflow_api_virtualenv.py
[2025-03-27T15:17:24.711-0500] {processor.py:925} INFO - DAG(s) 'tutorial_taskflow_api_virtualenv' retrieved from /home/udhbhav/miniconda3/lib/python3.11/site-packages/airflow/example_dags/tutorial_taskflow_api_virtualenv.py
[2025-03-27T15:17:24.718-0500] {logging_mixin.py:190} INFO - [2025-03-27T15:17:24.718-0500] {dag.py:3239} INFO - Sync 1 DAGs
[2025-03-27T15:17:24.723-0500] {logging_mixin.py:190} INFO - [2025-03-27T15:17:24.723-0500] {dag.py:4180} INFO - Setting next_dagrun for tutorial_taskflow_api_virtualenv to None, run_after=None
[2025-03-27T15:17:24.856-0500] {processor.py:208} INFO - Processing /home/udhbhav/miniconda3/lib/python3.11/site-packages/airflow/example_dags/tutorial_taskflow_api_virtualenv.py took 0.155 seconds
[2025-03-27T15:18:31.735-0500] {processor.py:186} INFO - Started process (PID=1801452) to work on /home/udhbhav/miniconda3/lib/python3.11/site-packages/airflow/example_dags/tutorial_taskflow_api_virtualenv.py
[2025-03-27T15:18:31.736-0500] {processor.py:914} INFO - Processing file /home/udhbhav/miniconda3/lib/python3.11/site-packages/airflow/example_dags/tutorial_taskflow_api_virtualenv.py for tasks to queue
[2025-03-27T15:18:31.737-0500] {logging_mixin.py:190} INFO - [2025-03-27T15:18:31.737-0500] {dagbag.py:588} INFO - Filling up the DagBag from /home/udhbhav/miniconda3/lib/python3.11/site-packages/airflow/example_dags/tutorial_taskflow_api_virtualenv.py
[2025-03-27T15:18:31.743-0500] {processor.py:925} INFO - DAG(s) 'tutorial_taskflow_api_virtualenv' retrieved from /home/udhbhav/miniconda3/lib/python3.11/site-packages/airflow/example_dags/tutorial_taskflow_api_virtualenv.py
[2025-03-27T15:18:31.750-0500] {logging_mixin.py:190} INFO - [2025-03-27T15:18:31.750-0500] {dag.py:3239} INFO - Sync 1 DAGs
[2025-03-27T15:18:31.755-0500] {logging_mixin.py:190} INFO - [2025-03-27T15:18:31.755-0500] {dag.py:4180} INFO - Setting next_dagrun for tutorial_taskflow_api_virtualenv to None, run_after=None
[2025-03-27T15:18:31.889-0500] {processor.py:208} INFO - Processing /home/udhbhav/miniconda3/lib/python3.11/site-packages/airflow/example_dags/tutorial_taskflow_api_virtualenv.py took 0.156 seconds
[2025-03-27T15:19:42.429-0500] {processor.py:186} INFO - Started process (PID=1802244) to work on /home/udhbhav/miniconda3/lib/python3.11/site-packages/airflow/example_dags/tutorial_taskflow_api_virtualenv.py
[2025-03-27T15:19:42.429-0500] {processor.py:914} INFO - Processing file /home/udhbhav/miniconda3/lib/python3.11/site-packages/airflow/example_dags/tutorial_taskflow_api_virtualenv.py for tasks to queue
[2025-03-27T15:19:42.430-0500] {logging_mixin.py:190} INFO - [2025-03-27T15:19:42.430-0500] {dagbag.py:588} INFO - Filling up the DagBag from /home/udhbhav/miniconda3/lib/python3.11/site-packages/airflow/example_dags/tutorial_taskflow_api_virtualenv.py
[2025-03-27T15:19:42.436-0500] {processor.py:925} INFO - DAG(s) 'tutorial_taskflow_api_virtualenv' retrieved from /home/udhbhav/miniconda3/lib/python3.11/site-packages/airflow/example_dags/tutorial_taskflow_api_virtualenv.py
[2025-03-27T15:19:42.443-0500] {logging_mixin.py:190} INFO - [2025-03-27T15:19:42.443-0500] {dag.py:3239} INFO - Sync 1 DAGs
[2025-03-27T15:19:42.449-0500] {logging_mixin.py:190} INFO - [2025-03-27T15:19:42.448-0500] {dag.py:4180} INFO - Setting next_dagrun for tutorial_taskflow_api_virtualenv to None, run_after=None
[2025-03-27T15:19:42.582-0500] {processor.py:208} INFO - Processing /home/udhbhav/miniconda3/lib/python3.11/site-packages/airflow/example_dags/tutorial_taskflow_api_virtualenv.py took 0.156 seconds
[2025-03-27T15:20:46.052-0500] {processor.py:186} INFO - Started process (PID=1803733) to work on /home/udhbhav/miniconda3/lib/python3.11/site-packages/airflow/example_dags/tutorial_taskflow_api_virtualenv.py
[2025-03-27T15:20:46.053-0500] {processor.py:914} INFO - Processing file /home/udhbhav/miniconda3/lib/python3.11/site-packages/airflow/example_dags/tutorial_taskflow_api_virtualenv.py for tasks to queue
[2025-03-27T15:20:46.054-0500] {logging_mixin.py:190} INFO - [2025-03-27T15:20:46.054-0500] {dagbag.py:588} INFO - Filling up the DagBag from /home/udhbhav/miniconda3/lib/python3.11/site-packages/airflow/example_dags/tutorial_taskflow_api_virtualenv.py
[2025-03-27T15:20:46.060-0500] {processor.py:925} INFO - DAG(s) 'tutorial_taskflow_api_virtualenv' retrieved from /home/udhbhav/miniconda3/lib/python3.11/site-packages/airflow/example_dags/tutorial_taskflow_api_virtualenv.py
[2025-03-27T15:20:46.068-0500] {logging_mixin.py:190} INFO - [2025-03-27T15:20:46.068-0500] {dag.py:3239} INFO - Sync 1 DAGs
[2025-03-27T15:20:46.073-0500] {logging_mixin.py:190} INFO - [2025-03-27T15:20:46.073-0500] {dag.py:4180} INFO - Setting next_dagrun for tutorial_taskflow_api_virtualenv to None, run_after=None
[2025-03-27T15:20:46.264-0500] {processor.py:208} INFO - Processing /home/udhbhav/miniconda3/lib/python3.11/site-packages/airflow/example_dags/tutorial_taskflow_api_virtualenv.py took 0.215 seconds
[2025-03-27T15:21:58.391-0500] {processor.py:186} INFO - Started process (PID=1808454) to work on /home/udhbhav/miniconda3/lib/python3.11/site-packages/airflow/example_dags/tutorial_taskflow_api_virtualenv.py
[2025-03-27T15:21:58.391-0500] {processor.py:914} INFO - Processing file /home/udhbhav/miniconda3/lib/python3.11/site-packages/airflow/example_dags/tutorial_taskflow_api_virtualenv.py for tasks to queue
[2025-03-27T15:21:58.393-0500] {logging_mixin.py:190} INFO - [2025-03-27T15:21:58.392-0500] {dagbag.py:588} INFO - Filling up the DagBag from /home/udhbhav/miniconda3/lib/python3.11/site-packages/airflow/example_dags/tutorial_taskflow_api_virtualenv.py
[2025-03-27T15:21:58.398-0500] {processor.py:925} INFO - DAG(s) 'tutorial_taskflow_api_virtualenv' retrieved from /home/udhbhav/miniconda3/lib/python3.11/site-packages/airflow/example_dags/tutorial_taskflow_api_virtualenv.py
[2025-03-27T15:21:58.405-0500] {logging_mixin.py:190} INFO - [2025-03-27T15:21:58.405-0500] {dag.py:3239} INFO - Sync 1 DAGs
[2025-03-27T15:21:58.411-0500] {logging_mixin.py:190} INFO - [2025-03-27T15:21:58.410-0500] {dag.py:4180} INFO - Setting next_dagrun for tutorial_taskflow_api_virtualenv to None, run_after=None
[2025-03-27T15:21:58.543-0500] {processor.py:208} INFO - Processing /home/udhbhav/miniconda3/lib/python3.11/site-packages/airflow/example_dags/tutorial_taskflow_api_virtualenv.py took 0.155 seconds
[2025-03-27T15:23:17.401-0500] {processor.py:186} INFO - Started process (PID=1809148) to work on /home/udhbhav/miniconda3/lib/python3.11/site-packages/airflow/example_dags/tutorial_taskflow_api_virtualenv.py
[2025-03-27T15:23:17.401-0500] {processor.py:914} INFO - Processing file /home/udhbhav/miniconda3/lib/python3.11/site-packages/airflow/example_dags/tutorial_taskflow_api_virtualenv.py for tasks to queue
[2025-03-27T15:23:17.403-0500] {logging_mixin.py:190} INFO - [2025-03-27T15:23:17.403-0500] {dagbag.py:588} INFO - Filling up the DagBag from /home/udhbhav/miniconda3/lib/python3.11/site-packages/airflow/example_dags/tutorial_taskflow_api_virtualenv.py
[2025-03-27T15:23:17.409-0500] {processor.py:925} INFO - DAG(s) 'tutorial_taskflow_api_virtualenv' retrieved from /home/udhbhav/miniconda3/lib/python3.11/site-packages/airflow/example_dags/tutorial_taskflow_api_virtualenv.py
[2025-03-27T15:23:17.416-0500] {logging_mixin.py:190} INFO - [2025-03-27T15:23:17.416-0500] {dag.py:3239} INFO - Sync 1 DAGs
[2025-03-27T15:23:17.421-0500] {logging_mixin.py:190} INFO - [2025-03-27T15:23:17.421-0500] {dag.py:4180} INFO - Setting next_dagrun for tutorial_taskflow_api_virtualenv to None, run_after=None
[2025-03-27T15:23:17.640-0500] {processor.py:208} INFO - Processing /home/udhbhav/miniconda3/lib/python3.11/site-packages/airflow/example_dags/tutorial_taskflow_api_virtualenv.py took 0.242 seconds
[2025-03-27T15:24:25.231-0500] {processor.py:186} INFO - Started process (PID=1809927) to work on /home/udhbhav/miniconda3/lib/python3.11/site-packages/airflow/example_dags/tutorial_taskflow_api_virtualenv.py
[2025-03-27T15:24:25.232-0500] {processor.py:914} INFO - Processing file /home/udhbhav/miniconda3/lib/python3.11/site-packages/airflow/example_dags/tutorial_taskflow_api_virtualenv.py for tasks to queue
[2025-03-27T15:24:25.233-0500] {logging_mixin.py:190} INFO - [2025-03-27T15:24:25.233-0500] {dagbag.py:588} INFO - Filling up the DagBag from /home/udhbhav/miniconda3/lib/python3.11/site-packages/airflow/example_dags/tutorial_taskflow_api_virtualenv.py
[2025-03-27T15:24:25.239-0500] {processor.py:925} INFO - DAG(s) 'tutorial_taskflow_api_virtualenv' retrieved from /home/udhbhav/miniconda3/lib/python3.11/site-packages/airflow/example_dags/tutorial_taskflow_api_virtualenv.py
[2025-03-27T15:24:25.246-0500] {logging_mixin.py:190} INFO - [2025-03-27T15:24:25.246-0500] {dag.py:3239} INFO - Sync 1 DAGs
[2025-03-27T15:24:25.251-0500] {logging_mixin.py:190} INFO - [2025-03-27T15:24:25.251-0500] {dag.py:4180} INFO - Setting next_dagrun for tutorial_taskflow_api_virtualenv to None, run_after=None
[2025-03-27T15:24:25.463-0500] {processor.py:208} INFO - Processing /home/udhbhav/miniconda3/lib/python3.11/site-packages/airflow/example_dags/tutorial_taskflow_api_virtualenv.py took 0.235 seconds
[2025-03-27T15:25:49.196-0500] {processor.py:186} INFO - Started process (PID=1810843) to work on /home/udhbhav/miniconda3/lib/python3.11/site-packages/airflow/example_dags/tutorial_taskflow_api_virtualenv.py
[2025-03-27T15:25:49.196-0500] {processor.py:914} INFO - Processing file /home/udhbhav/miniconda3/lib/python3.11/site-packages/airflow/example_dags/tutorial_taskflow_api_virtualenv.py for tasks to queue
[2025-03-27T15:25:49.197-0500] {logging_mixin.py:190} INFO - [2025-03-27T15:25:49.197-0500] {dagbag.py:588} INFO - Filling up the DagBag from /home/udhbhav/miniconda3/lib/python3.11/site-packages/airflow/example_dags/tutorial_taskflow_api_virtualenv.py
[2025-03-27T15:25:49.203-0500] {processor.py:925} INFO - DAG(s) 'tutorial_taskflow_api_virtualenv' retrieved from /home/udhbhav/miniconda3/lib/python3.11/site-packages/airflow/example_dags/tutorial_taskflow_api_virtualenv.py
[2025-03-27T15:25:49.210-0500] {logging_mixin.py:190} INFO - [2025-03-27T15:25:49.210-0500] {dag.py:3239} INFO - Sync 1 DAGs
[2025-03-27T15:25:49.215-0500] {logging_mixin.py:190} INFO - [2025-03-27T15:25:49.215-0500] {dag.py:4180} INFO - Setting next_dagrun for tutorial_taskflow_api_virtualenv to None, run_after=None
[2025-03-27T15:25:49.629-0500] {processor.py:208} INFO - Processing /home/udhbhav/miniconda3/lib/python3.11/site-packages/airflow/example_dags/tutorial_taskflow_api_virtualenv.py took 0.436 seconds
[2025-03-27T15:27:19.354-0500] {processor.py:186} INFO - Started process (PID=1811604) to work on /home/udhbhav/miniconda3/lib/python3.11/site-packages/airflow/example_dags/tutorial_taskflow_api_virtualenv.py
[2025-03-27T15:27:19.355-0500] {processor.py:914} INFO - Processing file /home/udhbhav/miniconda3/lib/python3.11/site-packages/airflow/example_dags/tutorial_taskflow_api_virtualenv.py for tasks to queue
[2025-03-27T15:27:19.356-0500] {logging_mixin.py:190} INFO - [2025-03-27T15:27:19.356-0500] {dagbag.py:588} INFO - Filling up the DagBag from /home/udhbhav/miniconda3/lib/python3.11/site-packages/airflow/example_dags/tutorial_taskflow_api_virtualenv.py
[2025-03-27T15:27:19.362-0500] {processor.py:925} INFO - DAG(s) 'tutorial_taskflow_api_virtualenv' retrieved from /home/udhbhav/miniconda3/lib/python3.11/site-packages/airflow/example_dags/tutorial_taskflow_api_virtualenv.py
[2025-03-27T15:27:19.369-0500] {logging_mixin.py:190} INFO - [2025-03-27T15:27:19.369-0500] {dag.py:3239} INFO - Sync 1 DAGs
[2025-03-27T15:27:19.374-0500] {logging_mixin.py:190} INFO - [2025-03-27T15:27:19.374-0500] {dag.py:4180} INFO - Setting next_dagrun for tutorial_taskflow_api_virtualenv to None, run_after=None
[2025-03-27T15:27:19.507-0500] {processor.py:208} INFO - Processing /home/udhbhav/miniconda3/lib/python3.11/site-packages/airflow/example_dags/tutorial_taskflow_api_virtualenv.py took 0.156 seconds
[2025-03-27T15:28:37.991-0500] {processor.py:186} INFO - Started process (PID=1812377) to work on /home/udhbhav/miniconda3/lib/python3.11/site-packages/airflow/example_dags/tutorial_taskflow_api_virtualenv.py
[2025-03-27T15:28:37.992-0500] {processor.py:914} INFO - Processing file /home/udhbhav/miniconda3/lib/python3.11/site-packages/airflow/example_dags/tutorial_taskflow_api_virtualenv.py for tasks to queue
[2025-03-27T15:28:37.993-0500] {logging_mixin.py:190} INFO - [2025-03-27T15:28:37.993-0500] {dagbag.py:588} INFO - Filling up the DagBag from /home/udhbhav/miniconda3/lib/python3.11/site-packages/airflow/example_dags/tutorial_taskflow_api_virtualenv.py
[2025-03-27T15:28:37.999-0500] {processor.py:925} INFO - DAG(s) 'tutorial_taskflow_api_virtualenv' retrieved from /home/udhbhav/miniconda3/lib/python3.11/site-packages/airflow/example_dags/tutorial_taskflow_api_virtualenv.py
[2025-03-27T15:28:38.006-0500] {logging_mixin.py:190} INFO - [2025-03-27T15:28:38.006-0500] {dag.py:3239} INFO - Sync 1 DAGs
[2025-03-27T15:28:38.011-0500] {logging_mixin.py:190} INFO - [2025-03-27T15:28:38.011-0500] {dag.py:4180} INFO - Setting next_dagrun for tutorial_taskflow_api_virtualenv to None, run_after=None
[2025-03-27T15:28:38.265-0500] {processor.py:208} INFO - Processing /home/udhbhav/miniconda3/lib/python3.11/site-packages/airflow/example_dags/tutorial_taskflow_api_virtualenv.py took 0.277 seconds
[2025-03-27T15:30:27.667-0500] {processor.py:186} INFO - Started process (PID=1813376) to work on /home/udhbhav/miniconda3/lib/python3.11/site-packages/airflow/example_dags/tutorial_taskflow_api_virtualenv.py
[2025-03-27T15:30:27.668-0500] {processor.py:914} INFO - Processing file /home/udhbhav/miniconda3/lib/python3.11/site-packages/airflow/example_dags/tutorial_taskflow_api_virtualenv.py for tasks to queue
[2025-03-27T15:30:27.669-0500] {logging_mixin.py:190} INFO - [2025-03-27T15:30:27.669-0500] {dagbag.py:588} INFO - Filling up the DagBag from /home/udhbhav/miniconda3/lib/python3.11/site-packages/airflow/example_dags/tutorial_taskflow_api_virtualenv.py
[2025-03-27T15:30:27.675-0500] {processor.py:925} INFO - DAG(s) 'tutorial_taskflow_api_virtualenv' retrieved from /home/udhbhav/miniconda3/lib/python3.11/site-packages/airflow/example_dags/tutorial_taskflow_api_virtualenv.py
[2025-03-27T15:30:27.682-0500] {logging_mixin.py:190} INFO - [2025-03-27T15:30:27.682-0500] {dag.py:3239} INFO - Sync 1 DAGs
[2025-03-27T15:30:27.687-0500] {logging_mixin.py:190} INFO - [2025-03-27T15:30:27.687-0500] {dag.py:4180} INFO - Setting next_dagrun for tutorial_taskflow_api_virtualenv to None, run_after=None
[2025-03-27T15:30:28.268-0500] {processor.py:208} INFO - Processing /home/udhbhav/miniconda3/lib/python3.11/site-packages/airflow/example_dags/tutorial_taskflow_api_virtualenv.py took 0.603 seconds
[2025-03-27T15:32:16.288-0500] {processor.py:186} INFO - Started process (PID=1814410) to work on /home/udhbhav/miniconda3/lib/python3.11/site-packages/airflow/example_dags/tutorial_taskflow_api_virtualenv.py
[2025-03-27T15:32:16.289-0500] {processor.py:914} INFO - Processing file /home/udhbhav/miniconda3/lib/python3.11/site-packages/airflow/example_dags/tutorial_taskflow_api_virtualenv.py for tasks to queue
[2025-03-27T15:32:16.290-0500] {logging_mixin.py:190} INFO - [2025-03-27T15:32:16.289-0500] {dagbag.py:588} INFO - Filling up the DagBag from /home/udhbhav/miniconda3/lib/python3.11/site-packages/airflow/example_dags/tutorial_taskflow_api_virtualenv.py
[2025-03-27T15:32:16.296-0500] {processor.py:925} INFO - DAG(s) 'tutorial_taskflow_api_virtualenv' retrieved from /home/udhbhav/miniconda3/lib/python3.11/site-packages/airflow/example_dags/tutorial_taskflow_api_virtualenv.py
[2025-03-27T15:32:16.303-0500] {logging_mixin.py:190} INFO - [2025-03-27T15:32:16.303-0500] {dag.py:3239} INFO - Sync 1 DAGs
[2025-03-27T15:32:16.308-0500] {logging_mixin.py:190} INFO - [2025-03-27T15:32:16.308-0500] {dag.py:4180} INFO - Setting next_dagrun for tutorial_taskflow_api_virtualenv to None, run_after=None
[2025-03-27T15:32:16.458-0500] {processor.py:208} INFO - Processing /home/udhbhav/miniconda3/lib/python3.11/site-packages/airflow/example_dags/tutorial_taskflow_api_virtualenv.py took 0.172 seconds
[2025-03-27T15:33:27.734-0500] {processor.py:186} INFO - Started process (PID=1815067) to work on /home/udhbhav/miniconda3/lib/python3.11/site-packages/airflow/example_dags/tutorial_taskflow_api_virtualenv.py
[2025-03-27T15:33:27.734-0500] {processor.py:914} INFO - Processing file /home/udhbhav/miniconda3/lib/python3.11/site-packages/airflow/example_dags/tutorial_taskflow_api_virtualenv.py for tasks to queue
[2025-03-27T15:33:27.735-0500] {logging_mixin.py:190} INFO - [2025-03-27T15:33:27.735-0500] {dagbag.py:588} INFO - Filling up the DagBag from /home/udhbhav/miniconda3/lib/python3.11/site-packages/airflow/example_dags/tutorial_taskflow_api_virtualenv.py
[2025-03-27T15:33:27.741-0500] {processor.py:925} INFO - DAG(s) 'tutorial_taskflow_api_virtualenv' retrieved from /home/udhbhav/miniconda3/lib/python3.11/site-packages/airflow/example_dags/tutorial_taskflow_api_virtualenv.py
[2025-03-27T15:33:27.748-0500] {logging_mixin.py:190} INFO - [2025-03-27T15:33:27.748-0500] {dag.py:3239} INFO - Sync 1 DAGs
[2025-03-27T15:33:27.754-0500] {logging_mixin.py:190} INFO - [2025-03-27T15:33:27.754-0500] {dag.py:4180} INFO - Setting next_dagrun for tutorial_taskflow_api_virtualenv to None, run_after=None
[2025-03-27T15:33:27.892-0500] {processor.py:208} INFO - Processing /home/udhbhav/miniconda3/lib/python3.11/site-packages/airflow/example_dags/tutorial_taskflow_api_virtualenv.py took 0.162 seconds
[2025-03-27T15:34:34.789-0500] {processor.py:186} INFO - Started process (PID=1815759) to work on /home/udhbhav/miniconda3/lib/python3.11/site-packages/airflow/example_dags/tutorial_taskflow_api_virtualenv.py
[2025-03-27T15:34:34.789-0500] {processor.py:914} INFO - Processing file /home/udhbhav/miniconda3/lib/python3.11/site-packages/airflow/example_dags/tutorial_taskflow_api_virtualenv.py for tasks to queue
[2025-03-27T15:34:34.790-0500] {logging_mixin.py:190} INFO - [2025-03-27T15:34:34.790-0500] {dagbag.py:588} INFO - Filling up the DagBag from /home/udhbhav/miniconda3/lib/python3.11/site-packages/airflow/example_dags/tutorial_taskflow_api_virtualenv.py
[2025-03-27T15:34:34.796-0500] {processor.py:925} INFO - DAG(s) 'tutorial_taskflow_api_virtualenv' retrieved from /home/udhbhav/miniconda3/lib/python3.11/site-packages/airflow/example_dags/tutorial_taskflow_api_virtualenv.py
[2025-03-27T15:34:34.804-0500] {logging_mixin.py:190} INFO - [2025-03-27T15:34:34.804-0500] {dag.py:3239} INFO - Sync 1 DAGs
[2025-03-27T15:34:34.809-0500] {logging_mixin.py:190} INFO - [2025-03-27T15:34:34.809-0500] {dag.py:4180} INFO - Setting next_dagrun for tutorial_taskflow_api_virtualenv to None, run_after=None
[2025-03-27T15:34:34.941-0500] {processor.py:208} INFO - Processing /home/udhbhav/miniconda3/lib/python3.11/site-packages/airflow/example_dags/tutorial_taskflow_api_virtualenv.py took 0.155 seconds
[2025-03-27T15:35:44.253-0500] {processor.py:186} INFO - Started process (PID=1816507) to work on /home/udhbhav/miniconda3/lib/python3.11/site-packages/airflow/example_dags/tutorial_taskflow_api_virtualenv.py
[2025-03-27T15:35:44.254-0500] {processor.py:914} INFO - Processing file /home/udhbhav/miniconda3/lib/python3.11/site-packages/airflow/example_dags/tutorial_taskflow_api_virtualenv.py for tasks to queue
[2025-03-27T15:35:44.255-0500] {logging_mixin.py:190} INFO - [2025-03-27T15:35:44.255-0500] {dagbag.py:588} INFO - Filling up the DagBag from /home/udhbhav/miniconda3/lib/python3.11/site-packages/airflow/example_dags/tutorial_taskflow_api_virtualenv.py
[2025-03-27T15:35:44.261-0500] {processor.py:925} INFO - DAG(s) 'tutorial_taskflow_api_virtualenv' retrieved from /home/udhbhav/miniconda3/lib/python3.11/site-packages/airflow/example_dags/tutorial_taskflow_api_virtualenv.py
[2025-03-27T15:35:44.268-0500] {logging_mixin.py:190} INFO - [2025-03-27T15:35:44.268-0500] {dag.py:3239} INFO - Sync 1 DAGs
[2025-03-27T15:35:44.273-0500] {logging_mixin.py:190} INFO - [2025-03-27T15:35:44.273-0500] {dag.py:4180} INFO - Setting next_dagrun for tutorial_taskflow_api_virtualenv to None, run_after=None
[2025-03-27T15:35:44.416-0500] {processor.py:208} INFO - Processing /home/udhbhav/miniconda3/lib/python3.11/site-packages/airflow/example_dags/tutorial_taskflow_api_virtualenv.py took 0.166 seconds
