[2025-03-27T14:43:10.245-0500] {local_task_job_runner.py:123} INFO - ::group::Pre task execution logs
[2025-03-27T14:43:10.252-0500] {taskinstance.py:2614} INFO - Dependencies all met for dep_context=non-requeueable deps ti=<TaskInstance: example_branch_operator.branching manual__2025-03-27T19:43:04.855946+00:00 [queued]>
[2025-03-27T14:43:10.255-0500] {taskinstance.py:2614} INFO - Dependencies all met for dep_context=requeueable deps ti=<TaskInstance: example_branch_operator.branching manual__2025-03-27T19:43:04.855946+00:00 [queued]>
[2025-03-27T14:43:10.255-0500] {taskinstance.py:2867} INFO - Starting attempt 1 of 1
[2025-03-27T14:43:10.436-0500] {taskinstance.py:2890} INFO - Executing <Task(BranchPythonOperator): branching> on 2025-03-27 19:43:04.855946+00:00
[2025-03-27T14:43:10.437-0500] {standard_task_runner.py:72} INFO - Started process 1773622 to run task
[2025-03-27T14:43:10.439-0500] {standard_task_runner.py:104} INFO - Running: ['airflow', 'tasks', 'run', 'example_branch_operator', 'branching', 'manual__2025-03-27T19:43:04.855946+00:00', '--job-id', '8', '--raw', '--subdir', '/home/udhbhav/miniconda3/lib/python3.11/site-packages/airflow/example_dags/example_branch_operator.py', '--cfg-path', '/tmp/tmp9kqi9nks']
[2025-03-27T14:43:10.439-0500] {standard_task_runner.py:105} INFO - Job 8: Subtask branching
[2025-03-27T14:43:10.674-0500] {task_command.py:467} INFO - Running <TaskInstance: example_branch_operator.branching manual__2025-03-27T19:43:04.855946+00:00 [running]> on host royal-07.cs.wisc.edu
[2025-03-27T14:43:11.510-0500] {taskinstance.py:3134} INFO - Exporting env vars: AIRFLOW_CTX_DAG_OWNER='airflow' AIRFLOW_CTX_DAG_ID='example_branch_operator' AIRFLOW_CTX_TASK_ID='branching' AIRFLOW_CTX_EXECUTION_DATE='2025-03-27T19:43:04.855946+00:00' AIRFLOW_CTX_TRY_NUMBER='1' AIRFLOW_CTX_DAG_RUN_ID='manual__2025-03-27T19:43:04.855946+00:00'
[2025-03-27T14:43:11.510-0500] {logging_mixin.py:190} INFO - Task instance is in running state
[2025-03-27T14:43:11.511-0500] {logging_mixin.py:190} INFO -  Previous state of the Task instance: queued
[2025-03-27T14:43:11.511-0500] {logging_mixin.py:190} INFO - Current task name:branching state:running start_date:2025-03-27 19:43:10.252598+00:00
[2025-03-27T14:43:11.511-0500] {logging_mixin.py:190} INFO - Dag name:example_branch_operator and current dag run status:running
[2025-03-27T14:43:11.511-0500] {taskinstance.py:732} INFO - ::endgroup::
[2025-03-27T14:43:11.511-0500] {baseoperator.py:423} WARNING - BranchPythonOperator.execute cannot be called outside TaskInstance!
[2025-03-27T14:43:11.511-0500] {python.py:240} INFO - Done. Returned value was: branch_a
[2025-03-27T14:43:11.511-0500] {branch.py:38} INFO - Branch into branch_a
[2025-03-27T14:43:11.512-0500] {skipmixin.py:233} INFO - Following branch ('branch_a',)
[2025-03-27T14:43:11.515-0500] {skipmixin.py:281} INFO - Skipping tasks [('branch_b', -1), ('branch_c', -1), ('branch_d', -1)]
[2025-03-27T14:43:11.925-0500] {taskinstance.py:341} INFO - ::group::Post task execution logs
[2025-03-27T14:43:11.925-0500] {taskinstance.py:353} INFO - Marking task as SUCCESS. dag_id=example_branch_operator, task_id=branching, run_id=manual__2025-03-27T19:43:04.855946+00:00, execution_date=20250327T194304, start_date=20250327T194310, end_date=20250327T194311
[2025-03-27T14:43:12.862-0500] {logging_mixin.py:190} INFO - Task instance in success state
[2025-03-27T14:43:12.862-0500] {logging_mixin.py:190} INFO -  Previous state of the Task instance: running
[2025-03-27T14:43:12.862-0500] {logging_mixin.py:190} INFO - Dag name:example_branch_operator queued_at:2025-03-27 19:43:04.864618+00:00
[2025-03-27T14:43:12.862-0500] {logging_mixin.py:190} INFO - Task hostname:royal-07.cs.wisc.edu operator:BranchPythonOperator
[2025-03-27T14:43:12.901-0500] {local_task_job_runner.py:266} INFO - Task exited with return code 0
[2025-03-27T14:43:12.994-0500] {taskinstance.py:3901} INFO - 1 downstream tasks scheduled from follow-on schedule check
[2025-03-27T14:43:13.124-0500] {local_task_job_runner.py:245} INFO - ::endgroup::
