[2025-03-31T13:19:01.890-0500] {local_task_job_runner.py:123} INFO - ::group::Pre task execution logs
[2025-03-31T13:19:01.896-0500] {taskinstance.py:2614} INFO - Dependencies all met for dep_context=non-requeueable deps ti=<TaskInstance: exec_mult_tasks.taskB manual__2025-03-31T18:18:56.165989+00:00 [queued]>
[2025-03-31T13:19:01.899-0500] {taskinstance.py:2614} INFO - Dependencies all met for dep_context=requeueable deps ti=<TaskInstance: exec_mult_tasks.taskB manual__2025-03-31T18:18:56.165989+00:00 [queued]>
[2025-03-31T13:19:01.900-0500] {taskinstance.py:2867} INFO - Starting attempt 1 of 1
[2025-03-31T13:19:02.039-0500] {taskinstance.py:2890} INFO - Executing <Task(BashOperator): taskB> on 2025-03-31 18:18:56.165989+00:00
[2025-03-31T13:19:02.040-0500] {standard_task_runner.py:72} INFO - Started process 425258 to run task
[2025-03-31T13:19:02.042-0500] {standard_task_runner.py:104} INFO - Running: ['airflow', 'tasks', 'run', 'exec_mult_tasks', 'taskB', 'manual__2025-03-31T18:18:56.165989+00:00', '--job-id', '43', '--raw', '--subdir', 'DAGS_FOLDER/exec_multiple_tasks.py', '--cfg-path', '/tmp/tmp6vq_h2mr']
[2025-03-31T13:19:02.043-0500] {standard_task_runner.py:105} INFO - Job 43: Subtask taskB
[2025-03-31T13:19:02.186-0500] {task_command.py:467} INFO - Running <TaskInstance: exec_mult_tasks.taskB manual__2025-03-31T18:18:56.165989+00:00 [running]> on host royal-07.cs.wisc.edu
[2025-03-31T13:19:02.992-0500] {taskinstance.py:3134} INFO - Exporting env vars: AIRFLOW_CTX_DAG_OWNER='cloud.user' AIRFLOW_CTX_DAG_ID='exec_mult_tasks' AIRFLOW_CTX_TASK_ID='taskB' AIRFLOW_CTX_EXECUTION_DATE='2025-03-31T18:18:56.165989+00:00' AIRFLOW_CTX_TRY_NUMBER='1' AIRFLOW_CTX_DAG_RUN_ID='manual__2025-03-31T18:18:56.165989+00:00'
[2025-03-31T13:19:02.993-0500] {taskinstance.py:732} INFO - ::endgroup::
[2025-03-31T13:19:03.002-0500] {subprocess.py:78} INFO - Tmp dir root location: /tmp
[2025-03-31T13:19:03.002-0500] {subprocess.py:88} INFO - Running command: ['/usr/bin/bash', 'tmpb6y60p92.sh']
[2025-03-31T13:19:03.005-0500] {subprocess.py:99} INFO - Output:
[2025-03-31T13:19:03.006-0500] {subprocess.py:106} INFO - TASK B has started!
[2025-03-31T13:19:07.007-0500] {subprocess.py:110} INFO - Command exited with return code 99
[2025-03-31T13:19:07.008-0500] {taskinstance.py:302} INFO - Bash command returned exit code 99. Skipping.
[2025-03-31T13:19:07.195-0500] {taskinstance.py:341} INFO - ::group::Post task execution logs
[2025-03-31T13:19:07.195-0500] {taskinstance.py:353} INFO - Marking task as SKIPPED. dag_id=exec_mult_tasks, task_id=taskB, run_id=manual__2025-03-31T18:18:56.165989+00:00, execution_date=20250331T181856, start_date=20250331T181901, end_date=20250331T181907
[2025-03-31T13:19:07.875-0500] {local_task_job_runner.py:266} INFO - Task exited with return code 0
[2025-03-31T13:19:07.883-0500] {taskinstance.py:3901} INFO - 0 downstream tasks scheduled from follow-on schedule check
[2025-03-31T13:19:08.048-0500] {local_task_job_runner.py:245} INFO - ::endgroup::
