[2025-03-31T14:00:24.906-0500] {processor.py:186} INFO - Started process (PID=458181) to work on /home/udhbhav/airflow/dags/exec_py.py
[2025-03-31T14:00:24.907-0500] {processor.py:914} INFO - Processing file /home/udhbhav/airflow/dags/exec_py.py for tasks to queue
[2025-03-31T14:00:24.908-0500] {logging_mixin.py:190} INFO - [2025-03-31T14:00:24.908-0500] {dagbag.py:588} INFO - Filling up the DagBag from /home/udhbhav/airflow/dags/exec_py.py
[2025-03-31T14:00:24.921-0500] {processor.py:925} INFO - DAG(s) 'exec_py' retrieved from /home/udhbhav/airflow/dags/exec_py.py
[2025-03-31T14:00:25.766-0500] {logging_mixin.py:190} INFO - [2025-03-31T14:00:25.765-0500] {override.py:1912} INFO - Created Permission View: can edit on DAG:exec_py
[2025-03-31T14:00:26.033-0500] {logging_mixin.py:190} INFO - [2025-03-31T14:00:26.032-0500] {override.py:1912} INFO - Created Permission View: can delete on DAG:exec_py
[2025-03-31T14:00:26.991-0500] {logging_mixin.py:190} INFO - [2025-03-31T14:00:26.991-0500] {override.py:1912} INFO - Created Permission View: can read on DAG:exec_py
[2025-03-31T14:00:27.867-0500] {logging_mixin.py:190} INFO - [2025-03-31T14:00:27.867-0500] {override.py:1912} INFO - Created Permission View: menu access on DAG Run:exec_py
[2025-03-31T14:00:27.994-0500] {logging_mixin.py:190} INFO - [2025-03-31T14:00:27.994-0500] {override.py:1912} INFO - Created Permission View: can create on DAG Run:exec_py
[2025-03-31T14:00:28.114-0500] {logging_mixin.py:190} INFO - [2025-03-31T14:00:28.114-0500] {override.py:1912} INFO - Created Permission View: can delete on DAG Run:exec_py
[2025-03-31T14:00:28.228-0500] {logging_mixin.py:190} INFO - [2025-03-31T14:00:28.228-0500] {override.py:1912} INFO - Created Permission View: can read on DAG Run:exec_py
[2025-03-31T14:00:28.228-0500] {logging_mixin.py:190} INFO - [2025-03-31T14:00:28.228-0500] {dag.py:3239} INFO - Sync 1 DAGs
[2025-03-31T14:00:28.234-0500] {logging_mixin.py:190} INFO - [2025-03-31T14:00:28.234-0500] {dag.py:3262} INFO - Creating ORM DAG for exec_py
[2025-03-31T14:00:28.237-0500] {logging_mixin.py:190} INFO - [2025-03-31T14:00:28.237-0500] {dag.py:4180} INFO - Setting next_dagrun for exec_py to 2025-03-30 00:00:00+00:00, run_after=2025-03-30 00:00:00+00:00
[2025-03-31T14:00:28.455-0500] {processor.py:208} INFO - Processing /home/udhbhav/airflow/dags/exec_py.py took 3.552 seconds
[2025-03-31T14:00:58.660-0500] {processor.py:186} INFO - Started process (PID=458537) to work on /home/udhbhav/airflow/dags/exec_py.py
[2025-03-31T14:00:58.660-0500] {processor.py:914} INFO - Processing file /home/udhbhav/airflow/dags/exec_py.py for tasks to queue
[2025-03-31T14:00:58.661-0500] {logging_mixin.py:190} INFO - [2025-03-31T14:00:58.661-0500] {dagbag.py:588} INFO - Filling up the DagBag from /home/udhbhav/airflow/dags/exec_py.py
[2025-03-31T14:00:58.665-0500] {processor.py:925} INFO - DAG(s) 'exec_py' retrieved from /home/udhbhav/airflow/dags/exec_py.py
[2025-03-31T14:00:58.675-0500] {logging_mixin.py:190} INFO - [2025-03-31T14:00:58.675-0500] {dag.py:3239} INFO - Sync 1 DAGs
[2025-03-31T14:00:58.684-0500] {logging_mixin.py:190} INFO - [2025-03-31T14:00:58.684-0500] {dag.py:4180} INFO - Setting next_dagrun for exec_py to 2025-03-30 00:00:00+00:00, run_after=2025-03-30 00:00:00+00:00
[2025-03-31T14:01:00.035-0500] {processor.py:208} INFO - Processing /home/udhbhav/airflow/dags/exec_py.py took 1.378 seconds
[2025-03-31T14:01:30.282-0500] {processor.py:186} INFO - Started process (PID=458777) to work on /home/udhbhav/airflow/dags/exec_py.py
[2025-03-31T14:01:30.282-0500] {processor.py:914} INFO - Processing file /home/udhbhav/airflow/dags/exec_py.py for tasks to queue
[2025-03-31T14:01:30.283-0500] {logging_mixin.py:190} INFO - [2025-03-31T14:01:30.283-0500] {dagbag.py:588} INFO - Filling up the DagBag from /home/udhbhav/airflow/dags/exec_py.py
[2025-03-31T14:01:30.288-0500] {processor.py:925} INFO - DAG(s) 'exec_py' retrieved from /home/udhbhav/airflow/dags/exec_py.py
[2025-03-31T14:01:30.298-0500] {logging_mixin.py:190} INFO - [2025-03-31T14:01:30.297-0500] {dag.py:3239} INFO - Sync 1 DAGs
[2025-03-31T14:01:30.307-0500] {logging_mixin.py:190} INFO - [2025-03-31T14:01:30.307-0500] {dag.py:4180} INFO - Setting next_dagrun for exec_py to 2025-03-30 00:00:00+00:00, run_after=2025-03-30 00:00:00+00:00
[2025-03-31T14:01:31.215-0500] {processor.py:208} INFO - Processing /home/udhbhav/airflow/dags/exec_py.py took 0.936 seconds
[2025-03-31T14:02:01.998-0500] {processor.py:186} INFO - Started process (PID=459185) to work on /home/udhbhav/airflow/dags/exec_py.py
[2025-03-31T14:02:01.999-0500] {processor.py:914} INFO - Processing file /home/udhbhav/airflow/dags/exec_py.py for tasks to queue
[2025-03-31T14:02:02.000-0500] {logging_mixin.py:190} INFO - [2025-03-31T14:02:01.999-0500] {dagbag.py:588} INFO - Filling up the DagBag from /home/udhbhav/airflow/dags/exec_py.py
[2025-03-31T14:02:02.004-0500] {processor.py:925} INFO - DAG(s) 'exec_py' retrieved from /home/udhbhav/airflow/dags/exec_py.py
[2025-03-31T14:02:02.013-0500] {logging_mixin.py:190} INFO - [2025-03-31T14:02:02.013-0500] {dag.py:3239} INFO - Sync 1 DAGs
[2025-03-31T14:02:02.023-0500] {logging_mixin.py:190} INFO - [2025-03-31T14:02:02.023-0500] {dag.py:4180} INFO - Setting next_dagrun for exec_py to None, run_after=None
[2025-03-31T14:02:02.249-0500] {processor.py:208} INFO - Processing /home/udhbhav/airflow/dags/exec_py.py took 0.253 seconds
[2025-03-31T14:02:32.833-0500] {processor.py:186} INFO - Started process (PID=459348) to work on /home/udhbhav/airflow/dags/exec_py.py
[2025-03-31T14:02:32.833-0500] {processor.py:914} INFO - Processing file /home/udhbhav/airflow/dags/exec_py.py for tasks to queue
[2025-03-31T14:02:32.835-0500] {logging_mixin.py:190} INFO - [2025-03-31T14:02:32.834-0500] {dagbag.py:588} INFO - Filling up the DagBag from /home/udhbhav/airflow/dags/exec_py.py
[2025-03-31T14:02:32.839-0500] {processor.py:925} INFO - DAG(s) 'exec_py' retrieved from /home/udhbhav/airflow/dags/exec_py.py
[2025-03-31T14:02:32.848-0500] {logging_mixin.py:190} INFO - [2025-03-31T14:02:32.848-0500] {dag.py:3239} INFO - Sync 1 DAGs
[2025-03-31T14:02:32.858-0500] {logging_mixin.py:190} INFO - [2025-03-31T14:02:32.858-0500] {dag.py:4180} INFO - Setting next_dagrun for exec_py to None, run_after=None
[2025-03-31T14:02:33.563-0500] {processor.py:208} INFO - Processing /home/udhbhav/airflow/dags/exec_py.py took 0.732 seconds
[2025-03-31T14:03:03.704-0500] {processor.py:186} INFO - Started process (PID=459599) to work on /home/udhbhav/airflow/dags/exec_py.py
[2025-03-31T14:03:03.705-0500] {processor.py:914} INFO - Processing file /home/udhbhav/airflow/dags/exec_py.py for tasks to queue
[2025-03-31T14:03:03.706-0500] {logging_mixin.py:190} INFO - [2025-03-31T14:03:03.705-0500] {dagbag.py:588} INFO - Filling up the DagBag from /home/udhbhav/airflow/dags/exec_py.py
[2025-03-31T14:03:03.710-0500] {processor.py:925} INFO - DAG(s) 'exec_py' retrieved from /home/udhbhav/airflow/dags/exec_py.py
[2025-03-31T14:03:03.720-0500] {logging_mixin.py:190} INFO - [2025-03-31T14:03:03.720-0500] {dag.py:3239} INFO - Sync 1 DAGs
[2025-03-31T14:03:03.729-0500] {logging_mixin.py:190} INFO - [2025-03-31T14:03:03.729-0500] {dag.py:4180} INFO - Setting next_dagrun for exec_py to None, run_after=None
[2025-03-31T14:03:03.815-0500] {processor.py:208} INFO - Processing /home/udhbhav/airflow/dags/exec_py.py took 0.114 seconds
[2025-03-31T14:03:33.975-0500] {processor.py:186} INFO - Started process (PID=459781) to work on /home/udhbhav/airflow/dags/exec_py.py
[2025-03-31T14:03:33.975-0500] {processor.py:914} INFO - Processing file /home/udhbhav/airflow/dags/exec_py.py for tasks to queue
[2025-03-31T14:03:33.976-0500] {logging_mixin.py:190} INFO - [2025-03-31T14:03:33.976-0500] {dagbag.py:588} INFO - Filling up the DagBag from /home/udhbhav/airflow/dags/exec_py.py
[2025-03-31T14:03:33.980-0500] {processor.py:925} INFO - DAG(s) 'exec_py' retrieved from /home/udhbhav/airflow/dags/exec_py.py
[2025-03-31T14:03:33.990-0500] {logging_mixin.py:190} INFO - [2025-03-31T14:03:33.990-0500] {dag.py:3239} INFO - Sync 1 DAGs
[2025-03-31T14:03:33.999-0500] {logging_mixin.py:190} INFO - [2025-03-31T14:03:33.999-0500] {dag.py:4180} INFO - Setting next_dagrun for exec_py to None, run_after=None
[2025-03-31T14:03:34.135-0500] {processor.py:208} INFO - Processing /home/udhbhav/airflow/dags/exec_py.py took 0.163 seconds
[2025-03-31T14:04:04.245-0500] {processor.py:186} INFO - Started process (PID=460022) to work on /home/udhbhav/airflow/dags/exec_py.py
[2025-03-31T14:04:04.245-0500] {processor.py:914} INFO - Processing file /home/udhbhav/airflow/dags/exec_py.py for tasks to queue
[2025-03-31T14:04:04.246-0500] {logging_mixin.py:190} INFO - [2025-03-31T14:04:04.246-0500] {dagbag.py:588} INFO - Filling up the DagBag from /home/udhbhav/airflow/dags/exec_py.py
[2025-03-31T14:04:04.251-0500] {processor.py:925} INFO - DAG(s) 'exec_py' retrieved from /home/udhbhav/airflow/dags/exec_py.py
[2025-03-31T14:04:04.260-0500] {logging_mixin.py:190} INFO - [2025-03-31T14:04:04.260-0500] {dag.py:3239} INFO - Sync 1 DAGs
[2025-03-31T14:04:04.269-0500] {logging_mixin.py:190} INFO - [2025-03-31T14:04:04.269-0500] {dag.py:4180} INFO - Setting next_dagrun for exec_py to None, run_after=None
[2025-03-31T14:04:04.404-0500] {processor.py:208} INFO - Processing /home/udhbhav/airflow/dags/exec_py.py took 0.163 seconds
[2025-03-31T14:04:34.641-0500] {processor.py:186} INFO - Started process (PID=460218) to work on /home/udhbhav/airflow/dags/exec_py.py
[2025-03-31T14:04:34.641-0500] {processor.py:914} INFO - Processing file /home/udhbhav/airflow/dags/exec_py.py for tasks to queue
[2025-03-31T14:04:34.643-0500] {logging_mixin.py:190} INFO - [2025-03-31T14:04:34.643-0500] {dagbag.py:588} INFO - Filling up the DagBag from /home/udhbhav/airflow/dags/exec_py.py
[2025-03-31T14:04:34.647-0500] {processor.py:925} INFO - DAG(s) 'exec_py' retrieved from /home/udhbhav/airflow/dags/exec_py.py
[2025-03-31T14:04:34.657-0500] {logging_mixin.py:190} INFO - [2025-03-31T14:04:34.656-0500] {dag.py:3239} INFO - Sync 1 DAGs
[2025-03-31T14:04:34.665-0500] {logging_mixin.py:190} INFO - [2025-03-31T14:04:34.665-0500] {dag.py:4180} INFO - Setting next_dagrun for exec_py to None, run_after=None
[2025-03-31T14:04:34.850-0500] {processor.py:208} INFO - Processing /home/udhbhav/airflow/dags/exec_py.py took 0.212 seconds
[2025-03-31T14:05:05.126-0500] {processor.py:186} INFO - Started process (PID=460471) to work on /home/udhbhav/airflow/dags/exec_py.py
[2025-03-31T14:05:05.126-0500] {processor.py:914} INFO - Processing file /home/udhbhav/airflow/dags/exec_py.py for tasks to queue
[2025-03-31T14:05:05.128-0500] {logging_mixin.py:190} INFO - [2025-03-31T14:05:05.127-0500] {dagbag.py:588} INFO - Filling up the DagBag from /home/udhbhav/airflow/dags/exec_py.py
[2025-03-31T14:05:05.132-0500] {processor.py:925} INFO - DAG(s) 'exec_py' retrieved from /home/udhbhav/airflow/dags/exec_py.py
[2025-03-31T14:05:05.141-0500] {logging_mixin.py:190} INFO - [2025-03-31T14:05:05.141-0500] {dag.py:3239} INFO - Sync 1 DAGs
[2025-03-31T14:05:05.150-0500] {logging_mixin.py:190} INFO - [2025-03-31T14:05:05.150-0500] {dag.py:4180} INFO - Setting next_dagrun for exec_py to None, run_after=None
[2025-03-31T14:05:05.332-0500] {processor.py:208} INFO - Processing /home/udhbhav/airflow/dags/exec_py.py took 0.209 seconds
[2025-03-31T14:05:17.336-0500] {processor.py:186} INFO - Started process (PID=460654) to work on /home/udhbhav/airflow/dags/exec_py.py
[2025-03-31T14:05:17.337-0500] {processor.py:914} INFO - Processing file /home/udhbhav/airflow/dags/exec_py.py for tasks to queue
[2025-03-31T14:05:17.338-0500] {logging_mixin.py:190} INFO - [2025-03-31T14:05:17.337-0500] {dagbag.py:588} INFO - Filling up the DagBag from /home/udhbhav/airflow/dags/exec_py.py
[2025-03-31T14:05:17.356-0500] {processor.py:925} INFO - DAG(s) 'exec_py' retrieved from /home/udhbhav/airflow/dags/exec_py.py
[2025-03-31T14:05:17.405-0500] {logging_mixin.py:190} INFO - [2025-03-31T14:05:17.404-0500] {dag.py:3239} INFO - Sync 1 DAGs
[2025-03-31T14:05:17.412-0500] {logging_mixin.py:190} INFO - [2025-03-31T14:05:17.412-0500] {dag.py:4180} INFO - Setting next_dagrun for exec_py to None, run_after=None
[2025-03-31T14:05:17.689-0500] {processor.py:208} INFO - Processing /home/udhbhav/airflow/dags/exec_py.py took 0.355 seconds
[2025-03-31T14:05:48.282-0500] {processor.py:186} INFO - Started process (PID=461017) to work on /home/udhbhav/airflow/dags/exec_py.py
[2025-03-31T14:05:48.282-0500] {processor.py:914} INFO - Processing file /home/udhbhav/airflow/dags/exec_py.py for tasks to queue
[2025-03-31T14:05:48.283-0500] {logging_mixin.py:190} INFO - [2025-03-31T14:05:48.283-0500] {dagbag.py:588} INFO - Filling up the DagBag from /home/udhbhav/airflow/dags/exec_py.py
[2025-03-31T14:05:48.288-0500] {processor.py:925} INFO - DAG(s) 'exec_py' retrieved from /home/udhbhav/airflow/dags/exec_py.py
[2025-03-31T14:05:48.298-0500] {logging_mixin.py:190} INFO - [2025-03-31T14:05:48.298-0500] {dag.py:3239} INFO - Sync 1 DAGs
[2025-03-31T14:05:48.307-0500] {logging_mixin.py:190} INFO - [2025-03-31T14:05:48.307-0500] {dag.py:4180} INFO - Setting next_dagrun for exec_py to None, run_after=None
[2025-03-31T14:05:48.444-0500] {processor.py:208} INFO - Processing /home/udhbhav/airflow/dags/exec_py.py took 0.165 seconds
[2025-03-31T14:06:18.632-0500] {processor.py:186} INFO - Started process (PID=461231) to work on /home/udhbhav/airflow/dags/exec_py.py
[2025-03-31T14:06:18.632-0500] {processor.py:914} INFO - Processing file /home/udhbhav/airflow/dags/exec_py.py for tasks to queue
[2025-03-31T14:06:18.634-0500] {logging_mixin.py:190} INFO - [2025-03-31T14:06:18.633-0500] {dagbag.py:588} INFO - Filling up the DagBag from /home/udhbhav/airflow/dags/exec_py.py
[2025-03-31T14:06:18.638-0500] {processor.py:925} INFO - DAG(s) 'exec_py' retrieved from /home/udhbhav/airflow/dags/exec_py.py
[2025-03-31T14:06:18.648-0500] {logging_mixin.py:190} INFO - [2025-03-31T14:06:18.648-0500] {dag.py:3239} INFO - Sync 1 DAGs
[2025-03-31T14:06:18.657-0500] {logging_mixin.py:190} INFO - [2025-03-31T14:06:18.657-0500] {dag.py:4180} INFO - Setting next_dagrun for exec_py to None, run_after=None
[2025-03-31T14:06:18.829-0500] {processor.py:208} INFO - Processing /home/udhbhav/airflow/dags/exec_py.py took 0.200 seconds
[2025-03-31T14:06:49.780-0500] {processor.py:186} INFO - Started process (PID=461659) to work on /home/udhbhav/airflow/dags/exec_py.py
[2025-03-31T14:06:49.781-0500] {processor.py:914} INFO - Processing file /home/udhbhav/airflow/dags/exec_py.py for tasks to queue
[2025-03-31T14:06:49.782-0500] {logging_mixin.py:190} INFO - [2025-03-31T14:06:49.781-0500] {dagbag.py:588} INFO - Filling up the DagBag from /home/udhbhav/airflow/dags/exec_py.py
[2025-03-31T14:06:49.786-0500] {processor.py:925} INFO - DAG(s) 'exec_py' retrieved from /home/udhbhav/airflow/dags/exec_py.py
[2025-03-31T14:06:49.797-0500] {logging_mixin.py:190} INFO - [2025-03-31T14:06:49.796-0500] {dag.py:3239} INFO - Sync 1 DAGs
[2025-03-31T14:06:49.806-0500] {logging_mixin.py:190} INFO - [2025-03-31T14:06:49.806-0500] {dag.py:4180} INFO - Setting next_dagrun for exec_py to None, run_after=None
[2025-03-31T14:06:49.948-0500] {processor.py:208} INFO - Processing /home/udhbhav/airflow/dags/exec_py.py took 0.170 seconds
[2025-03-31T14:07:20.055-0500] {processor.py:186} INFO - Started process (PID=461853) to work on /home/udhbhav/airflow/dags/exec_py.py
[2025-03-31T14:07:20.055-0500] {processor.py:914} INFO - Processing file /home/udhbhav/airflow/dags/exec_py.py for tasks to queue
[2025-03-31T14:07:20.057-0500] {logging_mixin.py:190} INFO - [2025-03-31T14:07:20.056-0500] {dagbag.py:588} INFO - Filling up the DagBag from /home/udhbhav/airflow/dags/exec_py.py
[2025-03-31T14:07:20.061-0500] {processor.py:925} INFO - DAG(s) 'exec_py' retrieved from /home/udhbhav/airflow/dags/exec_py.py
[2025-03-31T14:07:20.071-0500] {logging_mixin.py:190} INFO - [2025-03-31T14:07:20.071-0500] {dag.py:3239} INFO - Sync 1 DAGs
[2025-03-31T14:07:20.080-0500] {logging_mixin.py:190} INFO - [2025-03-31T14:07:20.080-0500] {dag.py:4180} INFO - Setting next_dagrun for exec_py to None, run_after=None
[2025-03-31T14:07:20.214-0500] {processor.py:208} INFO - Processing /home/udhbhav/airflow/dags/exec_py.py took 0.162 seconds
[2025-03-31T14:07:50.427-0500] {processor.py:186} INFO - Started process (PID=462156) to work on /home/udhbhav/airflow/dags/exec_py.py
[2025-03-31T14:07:50.428-0500] {processor.py:914} INFO - Processing file /home/udhbhav/airflow/dags/exec_py.py for tasks to queue
[2025-03-31T14:07:50.429-0500] {logging_mixin.py:190} INFO - [2025-03-31T14:07:50.428-0500] {dagbag.py:588} INFO - Filling up the DagBag from /home/udhbhav/airflow/dags/exec_py.py
[2025-03-31T14:07:50.433-0500] {processor.py:925} INFO - DAG(s) 'exec_py' retrieved from /home/udhbhav/airflow/dags/exec_py.py
[2025-03-31T14:07:50.443-0500] {logging_mixin.py:190} INFO - [2025-03-31T14:07:50.443-0500] {dag.py:3239} INFO - Sync 1 DAGs
[2025-03-31T14:07:50.452-0500] {logging_mixin.py:190} INFO - [2025-03-31T14:07:50.452-0500] {dag.py:4180} INFO - Setting next_dagrun for exec_py to None, run_after=None
[2025-03-31T14:07:50.782-0500] {processor.py:208} INFO - Processing /home/udhbhav/airflow/dags/exec_py.py took 0.358 seconds
[2025-03-31T14:08:20.898-0500] {processor.py:186} INFO - Started process (PID=462306) to work on /home/udhbhav/airflow/dags/exec_py.py
[2025-03-31T14:08:20.898-0500] {processor.py:914} INFO - Processing file /home/udhbhav/airflow/dags/exec_py.py for tasks to queue
[2025-03-31T14:08:20.899-0500] {logging_mixin.py:190} INFO - [2025-03-31T14:08:20.899-0500] {dagbag.py:588} INFO - Filling up the DagBag from /home/udhbhav/airflow/dags/exec_py.py
[2025-03-31T14:08:20.904-0500] {processor.py:925} INFO - DAG(s) 'exec_py' retrieved from /home/udhbhav/airflow/dags/exec_py.py
[2025-03-31T14:08:20.914-0500] {logging_mixin.py:190} INFO - [2025-03-31T14:08:20.914-0500] {dag.py:3239} INFO - Sync 1 DAGs
[2025-03-31T14:08:20.922-0500] {logging_mixin.py:190} INFO - [2025-03-31T14:08:20.922-0500] {dag.py:4180} INFO - Setting next_dagrun for exec_py to None, run_after=None
[2025-03-31T14:08:21.706-0500] {processor.py:208} INFO - Processing /home/udhbhav/airflow/dags/exec_py.py took 0.811 seconds
[2025-03-31T14:08:51.869-0500] {processor.py:186} INFO - Started process (PID=462596) to work on /home/udhbhav/airflow/dags/exec_py.py
[2025-03-31T14:08:51.870-0500] {processor.py:914} INFO - Processing file /home/udhbhav/airflow/dags/exec_py.py for tasks to queue
[2025-03-31T14:08:51.871-0500] {logging_mixin.py:190} INFO - [2025-03-31T14:08:51.871-0500] {dagbag.py:588} INFO - Filling up the DagBag from /home/udhbhav/airflow/dags/exec_py.py
[2025-03-31T14:08:51.875-0500] {processor.py:925} INFO - DAG(s) 'exec_py' retrieved from /home/udhbhav/airflow/dags/exec_py.py
[2025-03-31T14:08:51.885-0500] {logging_mixin.py:190} INFO - [2025-03-31T14:08:51.885-0500] {dag.py:3239} INFO - Sync 1 DAGs
[2025-03-31T14:08:51.894-0500] {logging_mixin.py:190} INFO - [2025-03-31T14:08:51.894-0500] {dag.py:4180} INFO - Setting next_dagrun for exec_py to None, run_after=None
[2025-03-31T14:08:52.139-0500] {processor.py:208} INFO - Processing /home/udhbhav/airflow/dags/exec_py.py took 0.272 seconds
[2025-03-31T14:09:22.240-0500] {processor.py:186} INFO - Started process (PID=462725) to work on /home/udhbhav/airflow/dags/exec_py.py
[2025-03-31T14:09:22.241-0500] {processor.py:914} INFO - Processing file /home/udhbhav/airflow/dags/exec_py.py for tasks to queue
[2025-03-31T14:09:22.242-0500] {logging_mixin.py:190} INFO - [2025-03-31T14:09:22.242-0500] {dagbag.py:588} INFO - Filling up the DagBag from /home/udhbhav/airflow/dags/exec_py.py
[2025-03-31T14:09:22.246-0500] {processor.py:925} INFO - DAG(s) 'exec_py' retrieved from /home/udhbhav/airflow/dags/exec_py.py
[2025-03-31T14:09:22.256-0500] {logging_mixin.py:190} INFO - [2025-03-31T14:09:22.256-0500] {dag.py:3239} INFO - Sync 1 DAGs
[2025-03-31T14:09:22.265-0500] {logging_mixin.py:190} INFO - [2025-03-31T14:09:22.265-0500] {dag.py:4180} INFO - Setting next_dagrun for exec_py to None, run_after=None
[2025-03-31T14:09:22.398-0500] {processor.py:208} INFO - Processing /home/udhbhav/airflow/dags/exec_py.py took 0.160 seconds
[2025-03-31T14:09:44.736-0500] {processor.py:186} INFO - Started process (PID=463043) to work on /home/udhbhav/airflow/dags/exec_py.py
[2025-03-31T14:09:44.736-0500] {processor.py:914} INFO - Processing file /home/udhbhav/airflow/dags/exec_py.py for tasks to queue
[2025-03-31T14:09:44.737-0500] {logging_mixin.py:190} INFO - [2025-03-31T14:09:44.737-0500] {dagbag.py:588} INFO - Filling up the DagBag from /home/udhbhav/airflow/dags/exec_py.py
[2025-03-31T14:09:44.745-0500] {processor.py:925} INFO - DAG(s) 'exec_py' retrieved from /home/udhbhav/airflow/dags/exec_py.py
[2025-03-31T14:09:44.793-0500] {logging_mixin.py:190} INFO - [2025-03-31T14:09:44.793-0500] {dag.py:3239} INFO - Sync 1 DAGs
[2025-03-31T14:09:44.801-0500] {logging_mixin.py:190} INFO - [2025-03-31T14:09:44.801-0500] {dag.py:4180} INFO - Setting next_dagrun for exec_py to None, run_after=None
[2025-03-31T14:09:44.937-0500] {processor.py:208} INFO - Processing /home/udhbhav/airflow/dags/exec_py.py took 0.205 seconds
[2025-03-31T14:10:15.924-0500] {processor.py:186} INFO - Started process (PID=463244) to work on /home/udhbhav/airflow/dags/exec_py.py
[2025-03-31T14:10:15.924-0500] {processor.py:914} INFO - Processing file /home/udhbhav/airflow/dags/exec_py.py for tasks to queue
[2025-03-31T14:10:15.925-0500] {logging_mixin.py:190} INFO - [2025-03-31T14:10:15.925-0500] {dagbag.py:588} INFO - Filling up the DagBag from /home/udhbhav/airflow/dags/exec_py.py
[2025-03-31T14:10:15.930-0500] {processor.py:925} INFO - DAG(s) 'exec_py' retrieved from /home/udhbhav/airflow/dags/exec_py.py
[2025-03-31T14:10:15.940-0500] {logging_mixin.py:190} INFO - [2025-03-31T14:10:15.940-0500] {dag.py:3239} INFO - Sync 1 DAGs
[2025-03-31T14:10:15.949-0500] {logging_mixin.py:190} INFO - [2025-03-31T14:10:15.949-0500] {dag.py:4180} INFO - Setting next_dagrun for exec_py to None, run_after=None
[2025-03-31T14:10:16.082-0500] {processor.py:208} INFO - Processing /home/udhbhav/airflow/dags/exec_py.py took 0.161 seconds
[2025-03-31T14:10:47.162-0500] {processor.py:186} INFO - Started process (PID=463647) to work on /home/udhbhav/airflow/dags/exec_py.py
[2025-03-31T14:10:47.162-0500] {processor.py:914} INFO - Processing file /home/udhbhav/airflow/dags/exec_py.py for tasks to queue
[2025-03-31T14:10:47.163-0500] {logging_mixin.py:190} INFO - [2025-03-31T14:10:47.163-0500] {dagbag.py:588} INFO - Filling up the DagBag from /home/udhbhav/airflow/dags/exec_py.py
[2025-03-31T14:10:47.168-0500] {processor.py:925} INFO - DAG(s) 'exec_py' retrieved from /home/udhbhav/airflow/dags/exec_py.py
[2025-03-31T14:10:47.178-0500] {logging_mixin.py:190} INFO - [2025-03-31T14:10:47.178-0500] {dag.py:3239} INFO - Sync 1 DAGs
[2025-03-31T14:10:47.187-0500] {logging_mixin.py:190} INFO - [2025-03-31T14:10:47.187-0500] {dag.py:4180} INFO - Setting next_dagrun for exec_py to None, run_after=None
[2025-03-31T14:10:47.322-0500] {processor.py:208} INFO - Processing /home/udhbhav/airflow/dags/exec_py.py took 0.163 seconds
