[2025-03-28T16:25:50.835-0500] {local_task_job_runner.py:123} INFO - ::group::Pre task execution logs
[2025-03-28T16:25:50.839-0500] {taskinstance.py:2614} INFO - Dependencies all met for dep_context=non-requeueable deps ti=<TaskInstance: hw.task_hw manual__2025-03-28T21:25:48.835581+00:00 [queued]>
[2025-03-28T16:25:50.841-0500] {taskinstance.py:2614} INFO - Dependencies all met for dep_context=requeueable deps ti=<TaskInstance: hw.task_hw manual__2025-03-28T21:25:48.835581+00:00 [queued]>
[2025-03-28T16:25:50.842-0500] {taskinstance.py:2867} INFO - Starting attempt 1 of 1
[2025-03-28T16:25:50.979-0500] {taskinstance.py:2890} INFO - Executing <Task(BashOperator): task_hw> on 2025-03-28 21:25:48.835581+00:00
[2025-03-28T16:25:50.980-0500] {standard_task_runner.py:72} INFO - Started process 2947609 to run task
[2025-03-28T16:25:50.982-0500] {standard_task_runner.py:104} INFO - Running: ['airflow', 'tasks', 'run', 'hw', 'task_hw', 'manual__2025-03-28T21:25:48.835581+00:00', '--job-id', '19', '--raw', '--subdir', 'DAGS_FOLDER/hello_world.py', '--cfg-path', '/tmp/tmpji74nucy']
[2025-03-28T16:25:50.983-0500] {standard_task_runner.py:105} INFO - Job 19: Subtask task_hw
[2025-03-28T16:25:51.127-0500] {task_command.py:467} INFO - Running <TaskInstance: hw.task_hw manual__2025-03-28T21:25:48.835581+00:00 [running]> on host royal-07.cs.wisc.edu
[2025-03-28T16:25:51.378-0500] {taskinstance.py:3134} INFO - Exporting env vars: AIRFLOW_CTX_DAG_OWNER='cloud.user' AIRFLOW_CTX_DAG_ID='hw' AIRFLOW_CTX_TASK_ID='task_hw' AIRFLOW_CTX_EXECUTION_DATE='2025-03-28T21:25:48.835581+00:00' AIRFLOW_CTX_TRY_NUMBER='1' AIRFLOW_CTX_DAG_RUN_ID='manual__2025-03-28T21:25:48.835581+00:00'
[2025-03-28T16:25:51.379-0500] {taskinstance.py:732} INFO - ::endgroup::
[2025-03-28T16:25:51.386-0500] {subprocess.py:78} INFO - Tmp dir root location: /tmp
[2025-03-28T16:25:51.387-0500] {subprocess.py:88} INFO - Running command: ['/usr/bin/bash', '-c', 'echo "Hello World"']
[2025-03-28T16:25:51.390-0500] {subprocess.py:99} INFO - Output:
[2025-03-28T16:25:51.391-0500] {subprocess.py:106} INFO - Hello World
[2025-03-28T16:25:51.391-0500] {subprocess.py:110} INFO - Command exited with return code 0
[2025-03-28T16:25:51.499-0500] {taskinstance.py:341} INFO - ::group::Post task execution logs
[2025-03-28T16:25:51.499-0500] {taskinstance.py:353} INFO - Marking task as SUCCESS. dag_id=hw, task_id=task_hw, run_id=manual__2025-03-28T21:25:48.835581+00:00, execution_date=20250328T212548, start_date=20250328T212550, end_date=20250328T212551
[2025-03-28T16:25:51.796-0500] {local_task_job_runner.py:266} INFO - Task exited with return code 0
[2025-03-28T16:25:51.802-0500] {taskinstance.py:3901} INFO - 0 downstream tasks scheduled from follow-on schedule check
[2025-03-28T16:25:51.802-0500] {local_task_job_runner.py:245} INFO - ::endgroup::
