[2025-03-27T14:27:56.211-0500] {processor.py:186} INFO - Started process (PID=1764080) to work on /home/udhbhav/miniconda3/lib/python3.11/site-packages/airflow/example_dags/subdags/subdag.py
[2025-03-27T14:27:56.211-0500] {processor.py:914} INFO - Processing file /home/udhbhav/miniconda3/lib/python3.11/site-packages/airflow/example_dags/subdags/subdag.py for tasks to queue
[2025-03-27T14:27:56.212-0500] {logging_mixin.py:190} INFO - [2025-03-27T14:27:56.212-0500] {dagbag.py:588} INFO - Filling up the DagBag from /home/udhbhav/miniconda3/lib/python3.11/site-packages/airflow/example_dags/subdags/subdag.py
[2025-03-27T14:27:56.216-0500] {processor.py:927} WARNING - No viable dags retrieved from /home/udhbhav/miniconda3/lib/python3.11/site-packages/airflow/example_dags/subdags/subdag.py
[2025-03-27T14:27:56.221-0500] {processor.py:208} INFO - Processing /home/udhbhav/miniconda3/lib/python3.11/site-packages/airflow/example_dags/subdags/subdag.py took 0.013 seconds
[2025-03-27T14:38:05.539-0500] {processor.py:186} INFO - Started process (PID=1770253) to work on /home/udhbhav/miniconda3/lib/python3.11/site-packages/airflow/example_dags/subdags/subdag.py
[2025-03-27T14:38:05.540-0500] {processor.py:914} INFO - Processing file /home/udhbhav/miniconda3/lib/python3.11/site-packages/airflow/example_dags/subdags/subdag.py for tasks to queue
[2025-03-27T14:38:05.541-0500] {logging_mixin.py:190} INFO - [2025-03-27T14:38:05.540-0500] {dagbag.py:588} INFO - Filling up the DagBag from /home/udhbhav/miniconda3/lib/python3.11/site-packages/airflow/example_dags/subdags/subdag.py
[2025-03-27T14:38:05.545-0500] {processor.py:927} WARNING - No viable dags retrieved from /home/udhbhav/miniconda3/lib/python3.11/site-packages/airflow/example_dags/subdags/subdag.py
[2025-03-27T14:38:07.215-0500] {processor.py:208} INFO - Processing /home/udhbhav/miniconda3/lib/python3.11/site-packages/airflow/example_dags/subdags/subdag.py took 1.680 seconds
[2025-03-27T14:39:20.959-0500] {processor.py:186} INFO - Started process (PID=1771052) to work on /home/udhbhav/miniconda3/lib/python3.11/site-packages/airflow/example_dags/subdags/subdag.py
[2025-03-27T14:39:20.959-0500] {processor.py:914} INFO - Processing file /home/udhbhav/miniconda3/lib/python3.11/site-packages/airflow/example_dags/subdags/subdag.py for tasks to queue
[2025-03-27T14:39:20.960-0500] {logging_mixin.py:190} INFO - [2025-03-27T14:39:20.960-0500] {dagbag.py:588} INFO - Filling up the DagBag from /home/udhbhav/miniconda3/lib/python3.11/site-packages/airflow/example_dags/subdags/subdag.py
[2025-03-27T14:39:20.962-0500] {processor.py:927} WARNING - No viable dags retrieved from /home/udhbhav/miniconda3/lib/python3.11/site-packages/airflow/example_dags/subdags/subdag.py
[2025-03-27T14:39:20.967-0500] {processor.py:208} INFO - Processing /home/udhbhav/miniconda3/lib/python3.11/site-packages/airflow/example_dags/subdags/subdag.py took 0.011 seconds
[2025-03-27T14:40:43.642-0500] {processor.py:186} INFO - Started process (PID=1771937) to work on /home/udhbhav/miniconda3/lib/python3.11/site-packages/airflow/example_dags/subdags/subdag.py
[2025-03-27T14:40:43.642-0500] {processor.py:914} INFO - Processing file /home/udhbhav/miniconda3/lib/python3.11/site-packages/airflow/example_dags/subdags/subdag.py for tasks to queue
[2025-03-27T14:40:43.643-0500] {logging_mixin.py:190} INFO - [2025-03-27T14:40:43.643-0500] {dagbag.py:588} INFO - Filling up the DagBag from /home/udhbhav/miniconda3/lib/python3.11/site-packages/airflow/example_dags/subdags/subdag.py
[2025-03-27T14:40:43.644-0500] {processor.py:927} WARNING - No viable dags retrieved from /home/udhbhav/miniconda3/lib/python3.11/site-packages/airflow/example_dags/subdags/subdag.py
[2025-03-27T14:40:43.650-0500] {processor.py:208} INFO - Processing /home/udhbhav/miniconda3/lib/python3.11/site-packages/airflow/example_dags/subdags/subdag.py took 0.011 seconds
[2025-03-27T14:42:14.450-0500] {processor.py:186} INFO - Started process (PID=1773032) to work on /home/udhbhav/miniconda3/lib/python3.11/site-packages/airflow/example_dags/subdags/subdag.py
[2025-03-27T14:42:14.450-0500] {processor.py:914} INFO - Processing file /home/udhbhav/miniconda3/lib/python3.11/site-packages/airflow/example_dags/subdags/subdag.py for tasks to queue
[2025-03-27T14:42:14.451-0500] {logging_mixin.py:190} INFO - [2025-03-27T14:42:14.451-0500] {dagbag.py:588} INFO - Filling up the DagBag from /home/udhbhav/miniconda3/lib/python3.11/site-packages/airflow/example_dags/subdags/subdag.py
[2025-03-27T14:42:14.452-0500] {processor.py:927} WARNING - No viable dags retrieved from /home/udhbhav/miniconda3/lib/python3.11/site-packages/airflow/example_dags/subdags/subdag.py
[2025-03-27T14:42:14.457-0500] {processor.py:208} INFO - Processing /home/udhbhav/miniconda3/lib/python3.11/site-packages/airflow/example_dags/subdags/subdag.py took 0.010 seconds
[2025-03-27T14:43:35.373-0500] {processor.py:186} INFO - Started process (PID=1773980) to work on /home/udhbhav/miniconda3/lib/python3.11/site-packages/airflow/example_dags/subdags/subdag.py
[2025-03-27T14:43:35.373-0500] {processor.py:914} INFO - Processing file /home/udhbhav/miniconda3/lib/python3.11/site-packages/airflow/example_dags/subdags/subdag.py for tasks to queue
[2025-03-27T14:43:35.374-0500] {logging_mixin.py:190} INFO - [2025-03-27T14:43:35.374-0500] {dagbag.py:588} INFO - Filling up the DagBag from /home/udhbhav/miniconda3/lib/python3.11/site-packages/airflow/example_dags/subdags/subdag.py
[2025-03-27T14:43:35.375-0500] {processor.py:927} WARNING - No viable dags retrieved from /home/udhbhav/miniconda3/lib/python3.11/site-packages/airflow/example_dags/subdags/subdag.py
[2025-03-27T14:43:35.380-0500] {processor.py:208} INFO - Processing /home/udhbhav/miniconda3/lib/python3.11/site-packages/airflow/example_dags/subdags/subdag.py took 0.011 seconds
[2025-03-27T14:44:53.233-0500] {processor.py:186} INFO - Started process (PID=1774869) to work on /home/udhbhav/miniconda3/lib/python3.11/site-packages/airflow/example_dags/subdags/subdag.py
[2025-03-27T14:44:53.233-0500] {processor.py:914} INFO - Processing file /home/udhbhav/miniconda3/lib/python3.11/site-packages/airflow/example_dags/subdags/subdag.py for tasks to queue
[2025-03-27T14:44:53.234-0500] {logging_mixin.py:190} INFO - [2025-03-27T14:44:53.234-0500] {dagbag.py:588} INFO - Filling up the DagBag from /home/udhbhav/miniconda3/lib/python3.11/site-packages/airflow/example_dags/subdags/subdag.py
[2025-03-27T14:44:53.235-0500] {processor.py:927} WARNING - No viable dags retrieved from /home/udhbhav/miniconda3/lib/python3.11/site-packages/airflow/example_dags/subdags/subdag.py
[2025-03-27T14:44:53.241-0500] {processor.py:208} INFO - Processing /home/udhbhav/miniconda3/lib/python3.11/site-packages/airflow/example_dags/subdags/subdag.py took 0.011 seconds
[2025-03-27T14:46:16.867-0500] {processor.py:186} INFO - Started process (PID=1775570) to work on /home/udhbhav/miniconda3/lib/python3.11/site-packages/airflow/example_dags/subdags/subdag.py
[2025-03-27T14:46:16.867-0500] {processor.py:914} INFO - Processing file /home/udhbhav/miniconda3/lib/python3.11/site-packages/airflow/example_dags/subdags/subdag.py for tasks to queue
[2025-03-27T14:46:16.868-0500] {logging_mixin.py:190} INFO - [2025-03-27T14:46:16.868-0500] {dagbag.py:588} INFO - Filling up the DagBag from /home/udhbhav/miniconda3/lib/python3.11/site-packages/airflow/example_dags/subdags/subdag.py
[2025-03-27T14:46:16.869-0500] {processor.py:927} WARNING - No viable dags retrieved from /home/udhbhav/miniconda3/lib/python3.11/site-packages/airflow/example_dags/subdags/subdag.py
[2025-03-27T14:46:16.875-0500] {processor.py:208} INFO - Processing /home/udhbhav/miniconda3/lib/python3.11/site-packages/airflow/example_dags/subdags/subdag.py took 0.011 seconds
[2025-03-27T14:47:41.215-0500] {processor.py:186} INFO - Started process (PID=1776427) to work on /home/udhbhav/miniconda3/lib/python3.11/site-packages/airflow/example_dags/subdags/subdag.py
[2025-03-27T14:47:41.215-0500] {processor.py:914} INFO - Processing file /home/udhbhav/miniconda3/lib/python3.11/site-packages/airflow/example_dags/subdags/subdag.py for tasks to queue
[2025-03-27T14:47:41.217-0500] {logging_mixin.py:190} INFO - [2025-03-27T14:47:41.216-0500] {dagbag.py:588} INFO - Filling up the DagBag from /home/udhbhav/miniconda3/lib/python3.11/site-packages/airflow/example_dags/subdags/subdag.py
[2025-03-27T14:47:41.218-0500] {processor.py:927} WARNING - No viable dags retrieved from /home/udhbhav/miniconda3/lib/python3.11/site-packages/airflow/example_dags/subdags/subdag.py
[2025-03-27T14:47:41.224-0500] {processor.py:208} INFO - Processing /home/udhbhav/miniconda3/lib/python3.11/site-packages/airflow/example_dags/subdags/subdag.py took 0.012 seconds
[2025-03-27T14:49:00.511-0500] {processor.py:186} INFO - Started process (PID=1777170) to work on /home/udhbhav/miniconda3/lib/python3.11/site-packages/airflow/example_dags/subdags/subdag.py
[2025-03-27T14:49:00.511-0500] {processor.py:914} INFO - Processing file /home/udhbhav/miniconda3/lib/python3.11/site-packages/airflow/example_dags/subdags/subdag.py for tasks to queue
[2025-03-27T14:49:00.512-0500] {logging_mixin.py:190} INFO - [2025-03-27T14:49:00.512-0500] {dagbag.py:588} INFO - Filling up the DagBag from /home/udhbhav/miniconda3/lib/python3.11/site-packages/airflow/example_dags/subdags/subdag.py
[2025-03-27T14:49:00.513-0500] {processor.py:927} WARNING - No viable dags retrieved from /home/udhbhav/miniconda3/lib/python3.11/site-packages/airflow/example_dags/subdags/subdag.py
[2025-03-27T14:49:00.518-0500] {processor.py:208} INFO - Processing /home/udhbhav/miniconda3/lib/python3.11/site-packages/airflow/example_dags/subdags/subdag.py took 0.011 seconds
[2025-03-27T14:50:31.444-0500] {processor.py:186} INFO - Started process (PID=1778714) to work on /home/udhbhav/miniconda3/lib/python3.11/site-packages/airflow/example_dags/subdags/subdag.py
[2025-03-27T14:50:31.444-0500] {processor.py:914} INFO - Processing file /home/udhbhav/miniconda3/lib/python3.11/site-packages/airflow/example_dags/subdags/subdag.py for tasks to queue
[2025-03-27T14:50:31.445-0500] {logging_mixin.py:190} INFO - [2025-03-27T14:50:31.445-0500] {dagbag.py:588} INFO - Filling up the DagBag from /home/udhbhav/miniconda3/lib/python3.11/site-packages/airflow/example_dags/subdags/subdag.py
[2025-03-27T14:50:31.446-0500] {processor.py:927} WARNING - No viable dags retrieved from /home/udhbhav/miniconda3/lib/python3.11/site-packages/airflow/example_dags/subdags/subdag.py
[2025-03-27T14:50:31.452-0500] {processor.py:208} INFO - Processing /home/udhbhav/miniconda3/lib/python3.11/site-packages/airflow/example_dags/subdags/subdag.py took 0.011 seconds
[2025-03-27T14:51:36.382-0500] {processor.py:186} INFO - Started process (PID=1783500) to work on /home/udhbhav/miniconda3/lib/python3.11/site-packages/airflow/example_dags/subdags/subdag.py
[2025-03-27T14:51:36.382-0500] {processor.py:914} INFO - Processing file /home/udhbhav/miniconda3/lib/python3.11/site-packages/airflow/example_dags/subdags/subdag.py for tasks to queue
[2025-03-27T14:51:36.383-0500] {logging_mixin.py:190} INFO - [2025-03-27T14:51:36.383-0500] {dagbag.py:588} INFO - Filling up the DagBag from /home/udhbhav/miniconda3/lib/python3.11/site-packages/airflow/example_dags/subdags/subdag.py
[2025-03-27T14:51:36.384-0500] {processor.py:927} WARNING - No viable dags retrieved from /home/udhbhav/miniconda3/lib/python3.11/site-packages/airflow/example_dags/subdags/subdag.py
[2025-03-27T14:51:36.390-0500] {processor.py:208} INFO - Processing /home/udhbhav/miniconda3/lib/python3.11/site-packages/airflow/example_dags/subdags/subdag.py took 0.011 seconds
[2025-03-27T14:52:44.729-0500] {processor.py:186} INFO - Started process (PID=1784310) to work on /home/udhbhav/miniconda3/lib/python3.11/site-packages/airflow/example_dags/subdags/subdag.py
[2025-03-27T14:52:44.729-0500] {processor.py:914} INFO - Processing file /home/udhbhav/miniconda3/lib/python3.11/site-packages/airflow/example_dags/subdags/subdag.py for tasks to queue
[2025-03-27T14:52:44.730-0500] {logging_mixin.py:190} INFO - [2025-03-27T14:52:44.730-0500] {dagbag.py:588} INFO - Filling up the DagBag from /home/udhbhav/miniconda3/lib/python3.11/site-packages/airflow/example_dags/subdags/subdag.py
[2025-03-27T14:52:44.731-0500] {processor.py:927} WARNING - No viable dags retrieved from /home/udhbhav/miniconda3/lib/python3.11/site-packages/airflow/example_dags/subdags/subdag.py
[2025-03-27T14:52:44.736-0500] {processor.py:208} INFO - Processing /home/udhbhav/miniconda3/lib/python3.11/site-packages/airflow/example_dags/subdags/subdag.py took 0.011 seconds
[2025-03-27T14:53:54.951-0500] {processor.py:186} INFO - Started process (PID=1784946) to work on /home/udhbhav/miniconda3/lib/python3.11/site-packages/airflow/example_dags/subdags/subdag.py
[2025-03-27T14:53:54.952-0500] {processor.py:914} INFO - Processing file /home/udhbhav/miniconda3/lib/python3.11/site-packages/airflow/example_dags/subdags/subdag.py for tasks to queue
[2025-03-27T14:53:54.953-0500] {logging_mixin.py:190} INFO - [2025-03-27T14:53:54.953-0500] {dagbag.py:588} INFO - Filling up the DagBag from /home/udhbhav/miniconda3/lib/python3.11/site-packages/airflow/example_dags/subdags/subdag.py
[2025-03-27T14:53:54.954-0500] {processor.py:927} WARNING - No viable dags retrieved from /home/udhbhav/miniconda3/lib/python3.11/site-packages/airflow/example_dags/subdags/subdag.py
[2025-03-27T14:53:54.959-0500] {processor.py:208} INFO - Processing /home/udhbhav/miniconda3/lib/python3.11/site-packages/airflow/example_dags/subdags/subdag.py took 0.011 seconds
[2025-03-27T14:55:00.677-0500] {processor.py:186} INFO - Started process (PID=1785562) to work on /home/udhbhav/miniconda3/lib/python3.11/site-packages/airflow/example_dags/subdags/subdag.py
[2025-03-27T14:55:00.677-0500] {processor.py:914} INFO - Processing file /home/udhbhav/miniconda3/lib/python3.11/site-packages/airflow/example_dags/subdags/subdag.py for tasks to queue
[2025-03-27T14:55:00.678-0500] {logging_mixin.py:190} INFO - [2025-03-27T14:55:00.678-0500] {dagbag.py:588} INFO - Filling up the DagBag from /home/udhbhav/miniconda3/lib/python3.11/site-packages/airflow/example_dags/subdags/subdag.py
[2025-03-27T14:55:00.680-0500] {processor.py:927} WARNING - No viable dags retrieved from /home/udhbhav/miniconda3/lib/python3.11/site-packages/airflow/example_dags/subdags/subdag.py
[2025-03-27T14:55:00.685-0500] {processor.py:208} INFO - Processing /home/udhbhav/miniconda3/lib/python3.11/site-packages/airflow/example_dags/subdags/subdag.py took 0.011 seconds
[2025-03-27T14:56:10.728-0500] {processor.py:186} INFO - Started process (PID=1786254) to work on /home/udhbhav/miniconda3/lib/python3.11/site-packages/airflow/example_dags/subdags/subdag.py
[2025-03-27T14:56:10.728-0500] {processor.py:914} INFO - Processing file /home/udhbhav/miniconda3/lib/python3.11/site-packages/airflow/example_dags/subdags/subdag.py for tasks to queue
[2025-03-27T14:56:10.729-0500] {logging_mixin.py:190} INFO - [2025-03-27T14:56:10.729-0500] {dagbag.py:588} INFO - Filling up the DagBag from /home/udhbhav/miniconda3/lib/python3.11/site-packages/airflow/example_dags/subdags/subdag.py
[2025-03-27T14:56:10.731-0500] {processor.py:927} WARNING - No viable dags retrieved from /home/udhbhav/miniconda3/lib/python3.11/site-packages/airflow/example_dags/subdags/subdag.py
[2025-03-27T14:56:10.736-0500] {processor.py:208} INFO - Processing /home/udhbhav/miniconda3/lib/python3.11/site-packages/airflow/example_dags/subdags/subdag.py took 0.011 seconds
[2025-03-27T14:57:27.308-0500] {processor.py:186} INFO - Started process (PID=1787049) to work on /home/udhbhav/miniconda3/lib/python3.11/site-packages/airflow/example_dags/subdags/subdag.py
[2025-03-27T14:57:27.309-0500] {processor.py:914} INFO - Processing file /home/udhbhav/miniconda3/lib/python3.11/site-packages/airflow/example_dags/subdags/subdag.py for tasks to queue
[2025-03-27T14:57:27.310-0500] {logging_mixin.py:190} INFO - [2025-03-27T14:57:27.310-0500] {dagbag.py:588} INFO - Filling up the DagBag from /home/udhbhav/miniconda3/lib/python3.11/site-packages/airflow/example_dags/subdags/subdag.py
[2025-03-27T14:57:27.311-0500] {processor.py:927} WARNING - No viable dags retrieved from /home/udhbhav/miniconda3/lib/python3.11/site-packages/airflow/example_dags/subdags/subdag.py
[2025-03-27T14:57:27.316-0500] {processor.py:208} INFO - Processing /home/udhbhav/miniconda3/lib/python3.11/site-packages/airflow/example_dags/subdags/subdag.py took 0.011 seconds
[2025-03-27T14:58:47.363-0500] {processor.py:186} INFO - Started process (PID=1787994) to work on /home/udhbhav/miniconda3/lib/python3.11/site-packages/airflow/example_dags/subdags/subdag.py
[2025-03-27T14:58:47.363-0500] {processor.py:914} INFO - Processing file /home/udhbhav/miniconda3/lib/python3.11/site-packages/airflow/example_dags/subdags/subdag.py for tasks to queue
[2025-03-27T14:58:47.364-0500] {logging_mixin.py:190} INFO - [2025-03-27T14:58:47.364-0500] {dagbag.py:588} INFO - Filling up the DagBag from /home/udhbhav/miniconda3/lib/python3.11/site-packages/airflow/example_dags/subdags/subdag.py
[2025-03-27T14:58:47.365-0500] {processor.py:927} WARNING - No viable dags retrieved from /home/udhbhav/miniconda3/lib/python3.11/site-packages/airflow/example_dags/subdags/subdag.py
[2025-03-27T14:58:47.370-0500] {processor.py:208} INFO - Processing /home/udhbhav/miniconda3/lib/python3.11/site-packages/airflow/example_dags/subdags/subdag.py took 0.011 seconds
[2025-03-27T15:00:19.691-0500] {processor.py:186} INFO - Started process (PID=1788945) to work on /home/udhbhav/miniconda3/lib/python3.11/site-packages/airflow/example_dags/subdags/subdag.py
[2025-03-27T15:00:19.691-0500] {processor.py:914} INFO - Processing file /home/udhbhav/miniconda3/lib/python3.11/site-packages/airflow/example_dags/subdags/subdag.py for tasks to queue
[2025-03-27T15:00:19.692-0500] {logging_mixin.py:190} INFO - [2025-03-27T15:00:19.692-0500] {dagbag.py:588} INFO - Filling up the DagBag from /home/udhbhav/miniconda3/lib/python3.11/site-packages/airflow/example_dags/subdags/subdag.py
[2025-03-27T15:00:19.695-0500] {processor.py:927} WARNING - No viable dags retrieved from /home/udhbhav/miniconda3/lib/python3.11/site-packages/airflow/example_dags/subdags/subdag.py
[2025-03-27T15:00:19.700-0500] {processor.py:208} INFO - Processing /home/udhbhav/miniconda3/lib/python3.11/site-packages/airflow/example_dags/subdags/subdag.py took 0.012 seconds
[2025-03-27T15:01:26.040-0500] {processor.py:186} INFO - Started process (PID=1789671) to work on /home/udhbhav/miniconda3/lib/python3.11/site-packages/airflow/example_dags/subdags/subdag.py
[2025-03-27T15:01:26.040-0500] {processor.py:914} INFO - Processing file /home/udhbhav/miniconda3/lib/python3.11/site-packages/airflow/example_dags/subdags/subdag.py for tasks to queue
[2025-03-27T15:01:26.041-0500] {logging_mixin.py:190} INFO - [2025-03-27T15:01:26.041-0500] {dagbag.py:588} INFO - Filling up the DagBag from /home/udhbhav/miniconda3/lib/python3.11/site-packages/airflow/example_dags/subdags/subdag.py
[2025-03-27T15:01:26.044-0500] {processor.py:927} WARNING - No viable dags retrieved from /home/udhbhav/miniconda3/lib/python3.11/site-packages/airflow/example_dags/subdags/subdag.py
[2025-03-27T15:01:26.049-0500] {processor.py:208} INFO - Processing /home/udhbhav/miniconda3/lib/python3.11/site-packages/airflow/example_dags/subdags/subdag.py took 0.012 seconds
[2025-03-27T15:02:31.139-0500] {processor.py:186} INFO - Started process (PID=1790388) to work on /home/udhbhav/miniconda3/lib/python3.11/site-packages/airflow/example_dags/subdags/subdag.py
[2025-03-27T15:02:31.139-0500] {processor.py:914} INFO - Processing file /home/udhbhav/miniconda3/lib/python3.11/site-packages/airflow/example_dags/subdags/subdag.py for tasks to queue
[2025-03-27T15:02:31.141-0500] {logging_mixin.py:190} INFO - [2025-03-27T15:02:31.141-0500] {dagbag.py:588} INFO - Filling up the DagBag from /home/udhbhav/miniconda3/lib/python3.11/site-packages/airflow/example_dags/subdags/subdag.py
[2025-03-27T15:02:31.142-0500] {processor.py:927} WARNING - No viable dags retrieved from /home/udhbhav/miniconda3/lib/python3.11/site-packages/airflow/example_dags/subdags/subdag.py
[2025-03-27T15:02:31.147-0500] {processor.py:208} INFO - Processing /home/udhbhav/miniconda3/lib/python3.11/site-packages/airflow/example_dags/subdags/subdag.py took 0.011 seconds
[2025-03-27T15:03:47.684-0500] {processor.py:186} INFO - Started process (PID=1791198) to work on /home/udhbhav/miniconda3/lib/python3.11/site-packages/airflow/example_dags/subdags/subdag.py
[2025-03-27T15:03:47.684-0500] {processor.py:914} INFO - Processing file /home/udhbhav/miniconda3/lib/python3.11/site-packages/airflow/example_dags/subdags/subdag.py for tasks to queue
[2025-03-27T15:03:47.685-0500] {logging_mixin.py:190} INFO - [2025-03-27T15:03:47.685-0500] {dagbag.py:588} INFO - Filling up the DagBag from /home/udhbhav/miniconda3/lib/python3.11/site-packages/airflow/example_dags/subdags/subdag.py
[2025-03-27T15:03:47.686-0500] {processor.py:927} WARNING - No viable dags retrieved from /home/udhbhav/miniconda3/lib/python3.11/site-packages/airflow/example_dags/subdags/subdag.py
[2025-03-27T15:03:47.691-0500] {processor.py:208} INFO - Processing /home/udhbhav/miniconda3/lib/python3.11/site-packages/airflow/example_dags/subdags/subdag.py took 0.010 seconds
[2025-03-27T15:05:02.235-0500] {processor.py:186} INFO - Started process (PID=1791916) to work on /home/udhbhav/miniconda3/lib/python3.11/site-packages/airflow/example_dags/subdags/subdag.py
[2025-03-27T15:05:02.236-0500] {processor.py:914} INFO - Processing file /home/udhbhav/miniconda3/lib/python3.11/site-packages/airflow/example_dags/subdags/subdag.py for tasks to queue
[2025-03-27T15:05:02.237-0500] {logging_mixin.py:190} INFO - [2025-03-27T15:05:02.237-0500] {dagbag.py:588} INFO - Filling up the DagBag from /home/udhbhav/miniconda3/lib/python3.11/site-packages/airflow/example_dags/subdags/subdag.py
[2025-03-27T15:05:02.238-0500] {processor.py:927} WARNING - No viable dags retrieved from /home/udhbhav/miniconda3/lib/python3.11/site-packages/airflow/example_dags/subdags/subdag.py
[2025-03-27T15:05:02.243-0500] {processor.py:208} INFO - Processing /home/udhbhav/miniconda3/lib/python3.11/site-packages/airflow/example_dags/subdags/subdag.py took 0.011 seconds
[2025-03-27T15:06:26.629-0500] {processor.py:186} INFO - Started process (PID=1792674) to work on /home/udhbhav/miniconda3/lib/python3.11/site-packages/airflow/example_dags/subdags/subdag.py
[2025-03-27T15:06:26.630-0500] {processor.py:914} INFO - Processing file /home/udhbhav/miniconda3/lib/python3.11/site-packages/airflow/example_dags/subdags/subdag.py for tasks to queue
[2025-03-27T15:06:26.631-0500] {logging_mixin.py:190} INFO - [2025-03-27T15:06:26.631-0500] {dagbag.py:588} INFO - Filling up the DagBag from /home/udhbhav/miniconda3/lib/python3.11/site-packages/airflow/example_dags/subdags/subdag.py
[2025-03-27T15:06:26.632-0500] {processor.py:927} WARNING - No viable dags retrieved from /home/udhbhav/miniconda3/lib/python3.11/site-packages/airflow/example_dags/subdags/subdag.py
[2025-03-27T15:06:26.638-0500] {processor.py:208} INFO - Processing /home/udhbhav/miniconda3/lib/python3.11/site-packages/airflow/example_dags/subdags/subdag.py took 0.011 seconds
[2025-03-27T15:07:48.026-0500] {processor.py:186} INFO - Started process (PID=1793616) to work on /home/udhbhav/miniconda3/lib/python3.11/site-packages/airflow/example_dags/subdags/subdag.py
[2025-03-27T15:07:48.026-0500] {processor.py:914} INFO - Processing file /home/udhbhav/miniconda3/lib/python3.11/site-packages/airflow/example_dags/subdags/subdag.py for tasks to queue
[2025-03-27T15:07:48.027-0500] {logging_mixin.py:190} INFO - [2025-03-27T15:07:48.027-0500] {dagbag.py:588} INFO - Filling up the DagBag from /home/udhbhav/miniconda3/lib/python3.11/site-packages/airflow/example_dags/subdags/subdag.py
[2025-03-27T15:07:48.028-0500] {processor.py:927} WARNING - No viable dags retrieved from /home/udhbhav/miniconda3/lib/python3.11/site-packages/airflow/example_dags/subdags/subdag.py
[2025-03-27T15:07:48.034-0500] {processor.py:208} INFO - Processing /home/udhbhav/miniconda3/lib/python3.11/site-packages/airflow/example_dags/subdags/subdag.py took 0.011 seconds
[2025-03-27T15:08:50.880-0500] {processor.py:186} INFO - Started process (PID=1794259) to work on /home/udhbhav/miniconda3/lib/python3.11/site-packages/airflow/example_dags/subdags/subdag.py
[2025-03-27T15:08:50.881-0500] {processor.py:914} INFO - Processing file /home/udhbhav/miniconda3/lib/python3.11/site-packages/airflow/example_dags/subdags/subdag.py for tasks to queue
[2025-03-27T15:08:50.882-0500] {logging_mixin.py:190} INFO - [2025-03-27T15:08:50.881-0500] {dagbag.py:588} INFO - Filling up the DagBag from /home/udhbhav/miniconda3/lib/python3.11/site-packages/airflow/example_dags/subdags/subdag.py
[2025-03-27T15:08:50.883-0500] {processor.py:927} WARNING - No viable dags retrieved from /home/udhbhav/miniconda3/lib/python3.11/site-packages/airflow/example_dags/subdags/subdag.py
[2025-03-27T15:08:50.888-0500] {processor.py:208} INFO - Processing /home/udhbhav/miniconda3/lib/python3.11/site-packages/airflow/example_dags/subdags/subdag.py took 0.011 seconds
[2025-03-27T15:10:03.813-0500] {processor.py:186} INFO - Started process (PID=1794871) to work on /home/udhbhav/miniconda3/lib/python3.11/site-packages/airflow/example_dags/subdags/subdag.py
[2025-03-27T15:10:03.814-0500] {processor.py:914} INFO - Processing file /home/udhbhav/miniconda3/lib/python3.11/site-packages/airflow/example_dags/subdags/subdag.py for tasks to queue
[2025-03-27T15:10:03.815-0500] {logging_mixin.py:190} INFO - [2025-03-27T15:10:03.815-0500] {dagbag.py:588} INFO - Filling up the DagBag from /home/udhbhav/miniconda3/lib/python3.11/site-packages/airflow/example_dags/subdags/subdag.py
[2025-03-27T15:10:03.816-0500] {processor.py:927} WARNING - No viable dags retrieved from /home/udhbhav/miniconda3/lib/python3.11/site-packages/airflow/example_dags/subdags/subdag.py
[2025-03-27T15:10:03.821-0500] {processor.py:208} INFO - Processing /home/udhbhav/miniconda3/lib/python3.11/site-packages/airflow/example_dags/subdags/subdag.py took 0.010 seconds
[2025-03-27T15:11:11.817-0500] {processor.py:186} INFO - Started process (PID=1795532) to work on /home/udhbhav/miniconda3/lib/python3.11/site-packages/airflow/example_dags/subdags/subdag.py
[2025-03-27T15:11:11.818-0500] {processor.py:914} INFO - Processing file /home/udhbhav/miniconda3/lib/python3.11/site-packages/airflow/example_dags/subdags/subdag.py for tasks to queue
[2025-03-27T15:11:11.819-0500] {logging_mixin.py:190} INFO - [2025-03-27T15:11:11.819-0500] {dagbag.py:588} INFO - Filling up the DagBag from /home/udhbhav/miniconda3/lib/python3.11/site-packages/airflow/example_dags/subdags/subdag.py
[2025-03-27T15:11:11.820-0500] {processor.py:927} WARNING - No viable dags retrieved from /home/udhbhav/miniconda3/lib/python3.11/site-packages/airflow/example_dags/subdags/subdag.py
[2025-03-27T15:11:11.825-0500] {processor.py:208} INFO - Processing /home/udhbhav/miniconda3/lib/python3.11/site-packages/airflow/example_dags/subdags/subdag.py took 0.011 seconds
[2025-03-27T15:12:19.022-0500] {processor.py:186} INFO - Started process (PID=1797774) to work on /home/udhbhav/miniconda3/lib/python3.11/site-packages/airflow/example_dags/subdags/subdag.py
[2025-03-27T15:12:19.022-0500] {processor.py:914} INFO - Processing file /home/udhbhav/miniconda3/lib/python3.11/site-packages/airflow/example_dags/subdags/subdag.py for tasks to queue
[2025-03-27T15:12:19.023-0500] {logging_mixin.py:190} INFO - [2025-03-27T15:12:19.023-0500] {dagbag.py:588} INFO - Filling up the DagBag from /home/udhbhav/miniconda3/lib/python3.11/site-packages/airflow/example_dags/subdags/subdag.py
[2025-03-27T15:12:19.024-0500] {processor.py:927} WARNING - No viable dags retrieved from /home/udhbhav/miniconda3/lib/python3.11/site-packages/airflow/example_dags/subdags/subdag.py
[2025-03-27T15:12:19.030-0500] {processor.py:208} INFO - Processing /home/udhbhav/miniconda3/lib/python3.11/site-packages/airflow/example_dags/subdags/subdag.py took 0.011 seconds
[2025-03-27T15:13:37.876-0500] {processor.py:186} INFO - Started process (PID=1798593) to work on /home/udhbhav/miniconda3/lib/python3.11/site-packages/airflow/example_dags/subdags/subdag.py
[2025-03-27T15:13:37.876-0500] {processor.py:914} INFO - Processing file /home/udhbhav/miniconda3/lib/python3.11/site-packages/airflow/example_dags/subdags/subdag.py for tasks to queue
[2025-03-27T15:13:37.877-0500] {logging_mixin.py:190} INFO - [2025-03-27T15:13:37.877-0500] {dagbag.py:588} INFO - Filling up the DagBag from /home/udhbhav/miniconda3/lib/python3.11/site-packages/airflow/example_dags/subdags/subdag.py
[2025-03-27T15:13:37.878-0500] {processor.py:927} WARNING - No viable dags retrieved from /home/udhbhav/miniconda3/lib/python3.11/site-packages/airflow/example_dags/subdags/subdag.py
[2025-03-27T15:13:37.883-0500] {processor.py:208} INFO - Processing /home/udhbhav/miniconda3/lib/python3.11/site-packages/airflow/example_dags/subdags/subdag.py took 0.010 seconds
[2025-03-27T15:14:54.748-0500] {processor.py:186} INFO - Started process (PID=1799405) to work on /home/udhbhav/miniconda3/lib/python3.11/site-packages/airflow/example_dags/subdags/subdag.py
[2025-03-27T15:14:54.749-0500] {processor.py:914} INFO - Processing file /home/udhbhav/miniconda3/lib/python3.11/site-packages/airflow/example_dags/subdags/subdag.py for tasks to queue
[2025-03-27T15:14:54.750-0500] {logging_mixin.py:190} INFO - [2025-03-27T15:14:54.749-0500] {dagbag.py:588} INFO - Filling up the DagBag from /home/udhbhav/miniconda3/lib/python3.11/site-packages/airflow/example_dags/subdags/subdag.py
[2025-03-27T15:14:54.751-0500] {processor.py:927} WARNING - No viable dags retrieved from /home/udhbhav/miniconda3/lib/python3.11/site-packages/airflow/example_dags/subdags/subdag.py
[2025-03-27T15:14:54.756-0500] {processor.py:208} INFO - Processing /home/udhbhav/miniconda3/lib/python3.11/site-packages/airflow/example_dags/subdags/subdag.py took 0.011 seconds
[2025-03-27T15:16:14.090-0500] {processor.py:186} INFO - Started process (PID=1800097) to work on /home/udhbhav/miniconda3/lib/python3.11/site-packages/airflow/example_dags/subdags/subdag.py
[2025-03-27T15:16:14.090-0500] {processor.py:914} INFO - Processing file /home/udhbhav/miniconda3/lib/python3.11/site-packages/airflow/example_dags/subdags/subdag.py for tasks to queue
[2025-03-27T15:16:14.091-0500] {logging_mixin.py:190} INFO - [2025-03-27T15:16:14.091-0500] {dagbag.py:588} INFO - Filling up the DagBag from /home/udhbhav/miniconda3/lib/python3.11/site-packages/airflow/example_dags/subdags/subdag.py
[2025-03-27T15:16:14.092-0500] {processor.py:927} WARNING - No viable dags retrieved from /home/udhbhav/miniconda3/lib/python3.11/site-packages/airflow/example_dags/subdags/subdag.py
[2025-03-27T15:16:14.097-0500] {processor.py:208} INFO - Processing /home/udhbhav/miniconda3/lib/python3.11/site-packages/airflow/example_dags/subdags/subdag.py took 0.011 seconds
[2025-03-27T15:17:31.318-0500] {processor.py:186} INFO - Started process (PID=1800842) to work on /home/udhbhav/miniconda3/lib/python3.11/site-packages/airflow/example_dags/subdags/subdag.py
[2025-03-27T15:17:31.319-0500] {processor.py:914} INFO - Processing file /home/udhbhav/miniconda3/lib/python3.11/site-packages/airflow/example_dags/subdags/subdag.py for tasks to queue
[2025-03-27T15:17:31.320-0500] {logging_mixin.py:190} INFO - [2025-03-27T15:17:31.319-0500] {dagbag.py:588} INFO - Filling up the DagBag from /home/udhbhav/miniconda3/lib/python3.11/site-packages/airflow/example_dags/subdags/subdag.py
[2025-03-27T15:17:31.321-0500] {processor.py:927} WARNING - No viable dags retrieved from /home/udhbhav/miniconda3/lib/python3.11/site-packages/airflow/example_dags/subdags/subdag.py
[2025-03-27T15:17:31.326-0500] {processor.py:208} INFO - Processing /home/udhbhav/miniconda3/lib/python3.11/site-packages/airflow/example_dags/subdags/subdag.py took 0.011 seconds
[2025-03-27T15:18:37.879-0500] {processor.py:186} INFO - Started process (PID=1801529) to work on /home/udhbhav/miniconda3/lib/python3.11/site-packages/airflow/example_dags/subdags/subdag.py
[2025-03-27T15:18:37.880-0500] {processor.py:914} INFO - Processing file /home/udhbhav/miniconda3/lib/python3.11/site-packages/airflow/example_dags/subdags/subdag.py for tasks to queue
[2025-03-27T15:18:37.881-0500] {logging_mixin.py:190} INFO - [2025-03-27T15:18:37.880-0500] {dagbag.py:588} INFO - Filling up the DagBag from /home/udhbhav/miniconda3/lib/python3.11/site-packages/airflow/example_dags/subdags/subdag.py
[2025-03-27T15:18:37.882-0500] {processor.py:927} WARNING - No viable dags retrieved from /home/udhbhav/miniconda3/lib/python3.11/site-packages/airflow/example_dags/subdags/subdag.py
[2025-03-27T15:18:37.887-0500] {processor.py:208} INFO - Processing /home/udhbhav/miniconda3/lib/python3.11/site-packages/airflow/example_dags/subdags/subdag.py took 0.011 seconds
[2025-03-27T15:19:48.579-0500] {processor.py:186} INFO - Started process (PID=1802315) to work on /home/udhbhav/miniconda3/lib/python3.11/site-packages/airflow/example_dags/subdags/subdag.py
[2025-03-27T15:19:48.580-0500] {processor.py:914} INFO - Processing file /home/udhbhav/miniconda3/lib/python3.11/site-packages/airflow/example_dags/subdags/subdag.py for tasks to queue
[2025-03-27T15:19:48.581-0500] {logging_mixin.py:190} INFO - [2025-03-27T15:19:48.580-0500] {dagbag.py:588} INFO - Filling up the DagBag from /home/udhbhav/miniconda3/lib/python3.11/site-packages/airflow/example_dags/subdags/subdag.py
[2025-03-27T15:19:48.582-0500] {processor.py:927} WARNING - No viable dags retrieved from /home/udhbhav/miniconda3/lib/python3.11/site-packages/airflow/example_dags/subdags/subdag.py
[2025-03-27T15:19:48.587-0500] {processor.py:208} INFO - Processing /home/udhbhav/miniconda3/lib/python3.11/site-packages/airflow/example_dags/subdags/subdag.py took 0.011 seconds
[2025-03-27T15:20:52.653-0500] {processor.py:186} INFO - Started process (PID=1803925) to work on /home/udhbhav/miniconda3/lib/python3.11/site-packages/airflow/example_dags/subdags/subdag.py
[2025-03-27T15:20:52.654-0500] {processor.py:914} INFO - Processing file /home/udhbhav/miniconda3/lib/python3.11/site-packages/airflow/example_dags/subdags/subdag.py for tasks to queue
[2025-03-27T15:20:52.655-0500] {logging_mixin.py:190} INFO - [2025-03-27T15:20:52.654-0500] {dagbag.py:588} INFO - Filling up the DagBag from /home/udhbhav/miniconda3/lib/python3.11/site-packages/airflow/example_dags/subdags/subdag.py
[2025-03-27T15:20:52.656-0500] {processor.py:927} WARNING - No viable dags retrieved from /home/udhbhav/miniconda3/lib/python3.11/site-packages/airflow/example_dags/subdags/subdag.py
[2025-03-27T15:20:52.661-0500] {processor.py:208} INFO - Processing /home/udhbhav/miniconda3/lib/python3.11/site-packages/airflow/example_dags/subdags/subdag.py took 0.011 seconds
[2025-03-27T15:22:04.208-0500] {processor.py:186} INFO - Started process (PID=1808483) to work on /home/udhbhav/miniconda3/lib/python3.11/site-packages/airflow/example_dags/subdags/subdag.py
[2025-03-27T15:22:04.209-0500] {processor.py:914} INFO - Processing file /home/udhbhav/miniconda3/lib/python3.11/site-packages/airflow/example_dags/subdags/subdag.py for tasks to queue
[2025-03-27T15:22:04.210-0500] {logging_mixin.py:190} INFO - [2025-03-27T15:22:04.210-0500] {dagbag.py:588} INFO - Filling up the DagBag from /home/udhbhav/miniconda3/lib/python3.11/site-packages/airflow/example_dags/subdags/subdag.py
[2025-03-27T15:22:04.211-0500] {processor.py:927} WARNING - No viable dags retrieved from /home/udhbhav/miniconda3/lib/python3.11/site-packages/airflow/example_dags/subdags/subdag.py
[2025-03-27T15:22:04.216-0500] {processor.py:208} INFO - Processing /home/udhbhav/miniconda3/lib/python3.11/site-packages/airflow/example_dags/subdags/subdag.py took 0.011 seconds
[2025-03-27T15:23:23.552-0500] {processor.py:186} INFO - Started process (PID=1809198) to work on /home/udhbhav/miniconda3/lib/python3.11/site-packages/airflow/example_dags/subdags/subdag.py
[2025-03-27T15:23:23.552-0500] {processor.py:914} INFO - Processing file /home/udhbhav/miniconda3/lib/python3.11/site-packages/airflow/example_dags/subdags/subdag.py for tasks to queue
[2025-03-27T15:23:23.553-0500] {logging_mixin.py:190} INFO - [2025-03-27T15:23:23.553-0500] {dagbag.py:588} INFO - Filling up the DagBag from /home/udhbhav/miniconda3/lib/python3.11/site-packages/airflow/example_dags/subdags/subdag.py
[2025-03-27T15:23:23.554-0500] {processor.py:927} WARNING - No viable dags retrieved from /home/udhbhav/miniconda3/lib/python3.11/site-packages/airflow/example_dags/subdags/subdag.py
[2025-03-27T15:23:23.560-0500] {processor.py:208} INFO - Processing /home/udhbhav/miniconda3/lib/python3.11/site-packages/airflow/example_dags/subdags/subdag.py took 0.011 seconds
[2025-03-27T15:24:32.250-0500] {processor.py:186} INFO - Started process (PID=1809976) to work on /home/udhbhav/miniconda3/lib/python3.11/site-packages/airflow/example_dags/subdags/subdag.py
[2025-03-27T15:24:32.250-0500] {processor.py:914} INFO - Processing file /home/udhbhav/miniconda3/lib/python3.11/site-packages/airflow/example_dags/subdags/subdag.py for tasks to queue
[2025-03-27T15:24:32.252-0500] {logging_mixin.py:190} INFO - [2025-03-27T15:24:32.251-0500] {dagbag.py:588} INFO - Filling up the DagBag from /home/udhbhav/miniconda3/lib/python3.11/site-packages/airflow/example_dags/subdags/subdag.py
[2025-03-27T15:24:32.253-0500] {processor.py:927} WARNING - No viable dags retrieved from /home/udhbhav/miniconda3/lib/python3.11/site-packages/airflow/example_dags/subdags/subdag.py
[2025-03-27T15:24:32.258-0500] {processor.py:208} INFO - Processing /home/udhbhav/miniconda3/lib/python3.11/site-packages/airflow/example_dags/subdags/subdag.py took 0.011 seconds
[2025-03-27T15:25:56.571-0500] {processor.py:186} INFO - Started process (PID=1810908) to work on /home/udhbhav/miniconda3/lib/python3.11/site-packages/airflow/example_dags/subdags/subdag.py
[2025-03-27T15:25:56.572-0500] {processor.py:914} INFO - Processing file /home/udhbhav/miniconda3/lib/python3.11/site-packages/airflow/example_dags/subdags/subdag.py for tasks to queue
[2025-03-27T15:25:56.573-0500] {logging_mixin.py:190} INFO - [2025-03-27T15:25:56.573-0500] {dagbag.py:588} INFO - Filling up the DagBag from /home/udhbhav/miniconda3/lib/python3.11/site-packages/airflow/example_dags/subdags/subdag.py
[2025-03-27T15:25:56.574-0500] {processor.py:927} WARNING - No viable dags retrieved from /home/udhbhav/miniconda3/lib/python3.11/site-packages/airflow/example_dags/subdags/subdag.py
[2025-03-27T15:25:56.579-0500] {processor.py:208} INFO - Processing /home/udhbhav/miniconda3/lib/python3.11/site-packages/airflow/example_dags/subdags/subdag.py took 0.011 seconds
[2025-03-27T15:27:24.636-0500] {processor.py:186} INFO - Started process (PID=1811661) to work on /home/udhbhav/miniconda3/lib/python3.11/site-packages/airflow/example_dags/subdags/subdag.py
[2025-03-27T15:27:24.636-0500] {processor.py:914} INFO - Processing file /home/udhbhav/miniconda3/lib/python3.11/site-packages/airflow/example_dags/subdags/subdag.py for tasks to queue
[2025-03-27T15:27:24.637-0500] {logging_mixin.py:190} INFO - [2025-03-27T15:27:24.637-0500] {dagbag.py:588} INFO - Filling up the DagBag from /home/udhbhav/miniconda3/lib/python3.11/site-packages/airflow/example_dags/subdags/subdag.py
[2025-03-27T15:27:24.638-0500] {processor.py:927} WARNING - No viable dags retrieved from /home/udhbhav/miniconda3/lib/python3.11/site-packages/airflow/example_dags/subdags/subdag.py
[2025-03-27T15:27:24.643-0500] {processor.py:208} INFO - Processing /home/udhbhav/miniconda3/lib/python3.11/site-packages/airflow/example_dags/subdags/subdag.py took 0.011 seconds
[2025-03-27T15:28:45.246-0500] {processor.py:186} INFO - Started process (PID=1812519) to work on /home/udhbhav/miniconda3/lib/python3.11/site-packages/airflow/example_dags/subdags/subdag.py
[2025-03-27T15:28:45.246-0500] {processor.py:914} INFO - Processing file /home/udhbhav/miniconda3/lib/python3.11/site-packages/airflow/example_dags/subdags/subdag.py for tasks to queue
[2025-03-27T15:28:45.247-0500] {logging_mixin.py:190} INFO - [2025-03-27T15:28:45.247-0500] {dagbag.py:588} INFO - Filling up the DagBag from /home/udhbhav/miniconda3/lib/python3.11/site-packages/airflow/example_dags/subdags/subdag.py
[2025-03-27T15:28:45.248-0500] {processor.py:927} WARNING - No viable dags retrieved from /home/udhbhav/miniconda3/lib/python3.11/site-packages/airflow/example_dags/subdags/subdag.py
[2025-03-27T15:28:45.254-0500] {processor.py:208} INFO - Processing /home/udhbhav/miniconda3/lib/python3.11/site-packages/airflow/example_dags/subdags/subdag.py took 0.011 seconds
[2025-03-27T15:30:35.586-0500] {processor.py:186} INFO - Started process (PID=1813469) to work on /home/udhbhav/miniconda3/lib/python3.11/site-packages/airflow/example_dags/subdags/subdag.py
[2025-03-27T15:30:35.587-0500] {processor.py:914} INFO - Processing file /home/udhbhav/miniconda3/lib/python3.11/site-packages/airflow/example_dags/subdags/subdag.py for tasks to queue
[2025-03-27T15:30:35.588-0500] {logging_mixin.py:190} INFO - [2025-03-27T15:30:35.588-0500] {dagbag.py:588} INFO - Filling up the DagBag from /home/udhbhav/miniconda3/lib/python3.11/site-packages/airflow/example_dags/subdags/subdag.py
[2025-03-27T15:30:35.589-0500] {processor.py:927} WARNING - No viable dags retrieved from /home/udhbhav/miniconda3/lib/python3.11/site-packages/airflow/example_dags/subdags/subdag.py
[2025-03-27T15:30:35.594-0500] {processor.py:208} INFO - Processing /home/udhbhav/miniconda3/lib/python3.11/site-packages/airflow/example_dags/subdags/subdag.py took 0.011 seconds
[2025-03-27T15:32:22.698-0500] {processor.py:186} INFO - Started process (PID=1814466) to work on /home/udhbhav/miniconda3/lib/python3.11/site-packages/airflow/example_dags/subdags/subdag.py
[2025-03-27T15:32:22.698-0500] {processor.py:914} INFO - Processing file /home/udhbhav/miniconda3/lib/python3.11/site-packages/airflow/example_dags/subdags/subdag.py for tasks to queue
[2025-03-27T15:32:22.699-0500] {logging_mixin.py:190} INFO - [2025-03-27T15:32:22.699-0500] {dagbag.py:588} INFO - Filling up the DagBag from /home/udhbhav/miniconda3/lib/python3.11/site-packages/airflow/example_dags/subdags/subdag.py
[2025-03-27T15:32:22.700-0500] {processor.py:927} WARNING - No viable dags retrieved from /home/udhbhav/miniconda3/lib/python3.11/site-packages/airflow/example_dags/subdags/subdag.py
[2025-03-27T15:32:22.705-0500] {processor.py:208} INFO - Processing /home/udhbhav/miniconda3/lib/python3.11/site-packages/airflow/example_dags/subdags/subdag.py took 0.011 seconds
[2025-03-27T15:33:33.876-0500] {processor.py:186} INFO - Started process (PID=1815125) to work on /home/udhbhav/miniconda3/lib/python3.11/site-packages/airflow/example_dags/subdags/subdag.py
[2025-03-27T15:33:33.876-0500] {processor.py:914} INFO - Processing file /home/udhbhav/miniconda3/lib/python3.11/site-packages/airflow/example_dags/subdags/subdag.py for tasks to queue
[2025-03-27T15:33:33.877-0500] {logging_mixin.py:190} INFO - [2025-03-27T15:33:33.877-0500] {dagbag.py:588} INFO - Filling up the DagBag from /home/udhbhav/miniconda3/lib/python3.11/site-packages/airflow/example_dags/subdags/subdag.py
[2025-03-27T15:33:33.879-0500] {processor.py:927} WARNING - No viable dags retrieved from /home/udhbhav/miniconda3/lib/python3.11/site-packages/airflow/example_dags/subdags/subdag.py
[2025-03-27T15:33:33.884-0500] {processor.py:208} INFO - Processing /home/udhbhav/miniconda3/lib/python3.11/site-packages/airflow/example_dags/subdags/subdag.py took 0.011 seconds
[2025-03-27T15:34:40.053-0500] {processor.py:186} INFO - Started process (PID=1815861) to work on /home/udhbhav/miniconda3/lib/python3.11/site-packages/airflow/example_dags/subdags/subdag.py
[2025-03-27T15:34:40.054-0500] {processor.py:914} INFO - Processing file /home/udhbhav/miniconda3/lib/python3.11/site-packages/airflow/example_dags/subdags/subdag.py for tasks to queue
[2025-03-27T15:34:40.055-0500] {logging_mixin.py:190} INFO - [2025-03-27T15:34:40.055-0500] {dagbag.py:588} INFO - Filling up the DagBag from /home/udhbhav/miniconda3/lib/python3.11/site-packages/airflow/example_dags/subdags/subdag.py
[2025-03-27T15:34:40.056-0500] {processor.py:927} WARNING - No viable dags retrieved from /home/udhbhav/miniconda3/lib/python3.11/site-packages/airflow/example_dags/subdags/subdag.py
[2025-03-27T15:34:40.061-0500] {processor.py:208} INFO - Processing /home/udhbhav/miniconda3/lib/python3.11/site-packages/airflow/example_dags/subdags/subdag.py took 0.011 seconds
[2025-03-27T15:35:50.414-0500] {processor.py:186} INFO - Started process (PID=1816575) to work on /home/udhbhav/miniconda3/lib/python3.11/site-packages/airflow/example_dags/subdags/subdag.py
[2025-03-27T15:35:50.414-0500] {processor.py:914} INFO - Processing file /home/udhbhav/miniconda3/lib/python3.11/site-packages/airflow/example_dags/subdags/subdag.py for tasks to queue
[2025-03-27T15:35:50.415-0500] {logging_mixin.py:190} INFO - [2025-03-27T15:35:50.415-0500] {dagbag.py:588} INFO - Filling up the DagBag from /home/udhbhav/miniconda3/lib/python3.11/site-packages/airflow/example_dags/subdags/subdag.py
[2025-03-27T15:35:50.416-0500] {processor.py:927} WARNING - No viable dags retrieved from /home/udhbhav/miniconda3/lib/python3.11/site-packages/airflow/example_dags/subdags/subdag.py
[2025-03-27T15:35:50.422-0500] {processor.py:208} INFO - Processing /home/udhbhav/miniconda3/lib/python3.11/site-packages/airflow/example_dags/subdags/subdag.py took 0.011 seconds
