[2025-03-27T14:43:19.927-0500] {local_task_job_runner.py:123} INFO - ::group::Pre task execution logs
[2025-03-27T14:43:19.934-0500] {taskinstance.py:2614} INFO - Dependencies all met for dep_context=non-requeueable deps ti=<TaskInstance: example_branch_operator.branching_ext_python manual__2025-03-27T19:43:04.855946+00:00 [queued]>
[2025-03-27T14:43:19.938-0500] {taskinstance.py:2614} INFO - Dependencies all met for dep_context=requeueable deps ti=<TaskInstance: example_branch_operator.branching_ext_python manual__2025-03-27T19:43:04.855946+00:00 [queued]>
[2025-03-27T14:43:19.938-0500] {taskinstance.py:2867} INFO - Starting attempt 1 of 1
[2025-03-27T14:43:20.071-0500] {taskinstance.py:2890} INFO - Executing <Task(BranchExternalPythonOperator): branching_ext_python> on 2025-03-27 19:43:04.855946+00:00
[2025-03-27T14:43:20.073-0500] {standard_task_runner.py:72} INFO - Started process 1773734 to run task
[2025-03-27T14:43:20.074-0500] {standard_task_runner.py:104} INFO - Running: ['airflow', 'tasks', 'run', 'example_branch_operator', 'branching_ext_python', 'manual__2025-03-27T19:43:04.855946+00:00', '--job-id', '10', '--raw', '--subdir', '/home/udhbhav/miniconda3/lib/python3.11/site-packages/airflow/example_dags/example_branch_operator.py', '--cfg-path', '/tmp/tmpchs3e9yd']
[2025-03-27T14:43:20.075-0500] {standard_task_runner.py:105} INFO - Job 10: Subtask branching_ext_python
[2025-03-27T14:43:20.214-0500] {task_command.py:467} INFO - Running <TaskInstance: example_branch_operator.branching_ext_python manual__2025-03-27T19:43:04.855946+00:00 [running]> on host royal-07.cs.wisc.edu
[2025-03-27T14:43:20.456-0500] {taskinstance.py:3134} INFO - Exporting env vars: AIRFLOW_CTX_DAG_OWNER='airflow' AIRFLOW_CTX_DAG_ID='example_branch_operator' AIRFLOW_CTX_TASK_ID='branching_ext_python' AIRFLOW_CTX_EXECUTION_DATE='2025-03-27T19:43:04.855946+00:00' AIRFLOW_CTX_TRY_NUMBER='1' AIRFLOW_CTX_DAG_RUN_ID='manual__2025-03-27T19:43:04.855946+00:00'
[2025-03-27T14:43:20.456-0500] {logging_mixin.py:190} INFO - Task instance is in running state
[2025-03-27T14:43:20.456-0500] {logging_mixin.py:190} INFO -  Previous state of the Task instance: queued
[2025-03-27T14:43:20.456-0500] {logging_mixin.py:190} INFO - Current task name:branching_ext_python state:running start_date:2025-03-27 19:43:19.934956+00:00
[2025-03-27T14:43:20.457-0500] {logging_mixin.py:190} INFO - Dag name:example_branch_operator and current dag run status:running
[2025-03-27T14:43:20.457-0500] {taskinstance.py:732} INFO - ::endgroup::
[2025-03-27T14:43:20.457-0500] {baseoperator.py:423} WARNING - BranchExternalPythonOperator.execute cannot be called outside TaskInstance!
[2025-03-27T14:43:20.493-0500] {baseoperator.py:423} WARNING - BranchExternalPythonOperator.execute cannot be called outside TaskInstance!
[2025-03-27T14:43:20.503-0500] {python.py:513} INFO - Use 'pickle' as serializer.
[2025-03-27T14:43:20.506-0500] {process_utils.py:186} INFO - Executing cmd: /home/udhbhav/miniconda3/bin/python /tmp/venv-callgj6t1mll/script.py /tmp/venv-callgj6t1mll/script.in /tmp/venv-callgj6t1mll/script.out /tmp/venv-callgj6t1mll/string_args.txt /tmp/venv-callgj6t1mll/termination.log
[2025-03-27T14:43:20.507-0500] {process_utils.py:190} INFO - Output:
[2025-03-27T14:43:20.804-0500] {process_utils.py:194} INFO - [2025-03-27T14:43:20.804-0500] {workday.py:41} WARNING - Could not import pandas. Holidays will not be considered.
[2025-03-27T14:43:20.871-0500] {python.py:240} INFO - Done. Returned value was: ext_py_b
[2025-03-27T14:43:20.871-0500] {branch.py:38} INFO - Branch into ext_py_b
[2025-03-27T14:43:20.871-0500] {skipmixin.py:233} INFO - Following branch ('ext_py_b',)
[2025-03-27T14:43:20.875-0500] {skipmixin.py:281} INFO - Skipping tasks [('ext_py_a', -1), ('ext_py_c', -1), ('ext_py_d', -1)]
[2025-03-27T14:43:21.107-0500] {taskinstance.py:341} INFO - ::group::Post task execution logs
[2025-03-27T14:43:21.107-0500] {taskinstance.py:353} INFO - Marking task as SUCCESS. dag_id=example_branch_operator, task_id=branching_ext_python, run_id=manual__2025-03-27T19:43:04.855946+00:00, execution_date=20250327T194304, start_date=20250327T194319, end_date=20250327T194321
[2025-03-27T14:43:21.348-0500] {logging_mixin.py:190} INFO - Task instance in success state
[2025-03-27T14:43:21.348-0500] {logging_mixin.py:190} INFO -  Previous state of the Task instance: running
[2025-03-27T14:43:21.348-0500] {logging_mixin.py:190} INFO - Dag name:example_branch_operator queued_at:2025-03-27 19:43:04.864618+00:00
[2025-03-27T14:43:21.349-0500] {logging_mixin.py:190} INFO - Task hostname:royal-07.cs.wisc.edu operator:BranchExternalPythonOperator
[2025-03-27T14:43:21.369-0500] {local_task_job_runner.py:266} INFO - Task exited with return code 0
[2025-03-27T14:43:21.381-0500] {taskinstance.py:3901} INFO - 1 downstream tasks scheduled from follow-on schedule check
[2025-03-27T14:43:21.505-0500] {local_task_job_runner.py:245} INFO - ::endgroup::
