[2025-03-27T14:41:11.737-0500] {local_task_job_runner.py:123} INFO - ::group::Pre task execution logs
[2025-03-27T14:41:11.744-0500] {taskinstance.py:2614} INFO - Dependencies all met for dep_context=non-requeueable deps ti=<TaskInstance: example_branch_operator.branching_ext_python scheduled__2025-03-26T00:00:00+00:00 [queued]>
[2025-03-27T14:41:11.747-0500] {taskinstance.py:2614} INFO - Dependencies all met for dep_context=requeueable deps ti=<TaskInstance: example_branch_operator.branching_ext_python scheduled__2025-03-26T00:00:00+00:00 [queued]>
[2025-03-27T14:41:11.747-0500] {taskinstance.py:2867} INFO - Starting attempt 1 of 1
[2025-03-27T14:41:11.881-0500] {taskinstance.py:2890} INFO - Executing <Task(BranchExternalPythonOperator): branching_ext_python> on 2025-03-26 00:00:00+00:00
[2025-03-27T14:41:11.882-0500] {standard_task_runner.py:72} INFO - Started process 1772207 to run task
[2025-03-27T14:41:11.884-0500] {standard_task_runner.py:104} INFO - Running: ['airflow', 'tasks', 'run', 'example_branch_operator', 'branching_ext_python', 'scheduled__2025-03-26T00:00:00+00:00', '--job-id', '5', '--raw', '--subdir', '/home/udhbhav/miniconda3/lib/python3.11/site-packages/airflow/example_dags/example_branch_operator.py', '--cfg-path', '/tmp/tmptxmsydn8']
[2025-03-27T14:41:11.885-0500] {standard_task_runner.py:105} INFO - Job 5: Subtask branching_ext_python
[2025-03-27T14:41:12.025-0500] {task_command.py:467} INFO - Running <TaskInstance: example_branch_operator.branching_ext_python scheduled__2025-03-26T00:00:00+00:00 [running]> on host royal-07.cs.wisc.edu
[2025-03-27T14:41:12.272-0500] {taskinstance.py:3134} INFO - Exporting env vars: AIRFLOW_CTX_DAG_OWNER='airflow' AIRFLOW_CTX_DAG_ID='example_branch_operator' AIRFLOW_CTX_TASK_ID='branching_ext_python' AIRFLOW_CTX_EXECUTION_DATE='2025-03-26T00:00:00+00:00' AIRFLOW_CTX_TRY_NUMBER='1' AIRFLOW_CTX_DAG_RUN_ID='scheduled__2025-03-26T00:00:00+00:00'
[2025-03-27T14:41:12.273-0500] {logging_mixin.py:190} INFO - Task instance is in running state
[2025-03-27T14:41:12.273-0500] {logging_mixin.py:190} INFO -  Previous state of the Task instance: queued
[2025-03-27T14:41:12.273-0500] {logging_mixin.py:190} INFO - Current task name:branching_ext_python state:running start_date:2025-03-27 19:41:11.744622+00:00
[2025-03-27T14:41:12.273-0500] {logging_mixin.py:190} INFO - Dag name:example_branch_operator and current dag run status:running
[2025-03-27T14:41:12.273-0500] {taskinstance.py:732} INFO - ::endgroup::
[2025-03-27T14:41:12.274-0500] {baseoperator.py:423} WARNING - BranchExternalPythonOperator.execute cannot be called outside TaskInstance!
[2025-03-27T14:41:12.343-0500] {baseoperator.py:423} WARNING - BranchExternalPythonOperator.execute cannot be called outside TaskInstance!
[2025-03-27T14:41:12.354-0500] {python.py:513} INFO - Use 'pickle' as serializer.
[2025-03-27T14:41:12.365-0500] {process_utils.py:186} INFO - Executing cmd: /home/udhbhav/miniconda3/bin/python /tmp/venv-callpm68h5he/script.py /tmp/venv-callpm68h5he/script.in /tmp/venv-callpm68h5he/script.out /tmp/venv-callpm68h5he/string_args.txt /tmp/venv-callpm68h5he/termination.log
[2025-03-27T14:41:12.366-0500] {process_utils.py:190} INFO - Output:
[2025-03-27T14:41:12.669-0500] {process_utils.py:194} INFO - [2025-03-27T14:41:12.669-0500] {workday.py:41} WARNING - Could not import pandas. Holidays will not be considered.
[2025-03-27T14:41:12.738-0500] {python.py:240} INFO - Done. Returned value was: ext_py_c
[2025-03-27T14:41:12.738-0500] {branch.py:38} INFO - Branch into ext_py_c
[2025-03-27T14:41:12.739-0500] {skipmixin.py:233} INFO - Following branch ('ext_py_c',)
[2025-03-27T14:41:12.742-0500] {skipmixin.py:281} INFO - Skipping tasks [('ext_py_a', -1), ('ext_py_d', -1), ('ext_py_b', -1)]
[2025-03-27T14:41:12.975-0500] {taskinstance.py:341} INFO - ::group::Post task execution logs
[2025-03-27T14:41:12.975-0500] {taskinstance.py:353} INFO - Marking task as SUCCESS. dag_id=example_branch_operator, task_id=branching_ext_python, run_id=scheduled__2025-03-26T00:00:00+00:00, execution_date=20250326T000000, start_date=20250327T194111, end_date=20250327T194112
[2025-03-27T14:41:13.227-0500] {logging_mixin.py:190} INFO - Task instance in success state
[2025-03-27T14:41:13.228-0500] {logging_mixin.py:190} INFO -  Previous state of the Task instance: running
[2025-03-27T14:41:13.228-0500] {logging_mixin.py:190} INFO - Dag name:example_branch_operator queued_at:2025-03-27 19:40:59.411034+00:00
[2025-03-27T14:41:13.228-0500] {logging_mixin.py:190} INFO - Task hostname:royal-07.cs.wisc.edu operator:BranchExternalPythonOperator
[2025-03-27T14:41:13.260-0500] {local_task_job_runner.py:266} INFO - Task exited with return code 0
[2025-03-27T14:41:13.272-0500] {taskinstance.py:3901} INFO - 1 downstream tasks scheduled from follow-on schedule check
[2025-03-27T14:41:13.399-0500] {local_task_job_runner.py:245} INFO - ::endgroup::
