[2025-03-27T14:41:05.796-0500] {local_task_job_runner.py:123} INFO - ::group::Pre task execution logs
[2025-03-27T14:41:05.803-0500] {taskinstance.py:2614} INFO - Dependencies all met for dep_context=non-requeueable deps ti=<TaskInstance: example_branch_operator.branch_a scheduled__2025-03-26T00:00:00+00:00 [queued]>
[2025-03-27T14:41:05.806-0500] {taskinstance.py:2614} INFO - Dependencies all met for dep_context=requeueable deps ti=<TaskInstance: example_branch_operator.branch_a scheduled__2025-03-26T00:00:00+00:00 [queued]>
[2025-03-27T14:41:05.806-0500] {taskinstance.py:2867} INFO - Starting attempt 1 of 1
[2025-03-27T14:41:05.940-0500] {taskinstance.py:2890} INFO - Executing <Task(PythonOperator): branch_a> on 2025-03-26 00:00:00+00:00
[2025-03-27T14:41:05.941-0500] {standard_task_runner.py:72} INFO - Started process 1772132 to run task
[2025-03-27T14:41:05.943-0500] {standard_task_runner.py:104} INFO - Running: ['airflow', 'tasks', 'run', 'example_branch_operator', 'branch_a', 'scheduled__2025-03-26T00:00:00+00:00', '--job-id', '4', '--raw', '--subdir', '/home/udhbhav/miniconda3/lib/python3.11/site-packages/airflow/example_dags/example_branch_operator.py', '--cfg-path', '/tmp/tmpp5rsjrll']
[2025-03-27T14:41:05.943-0500] {standard_task_runner.py:105} INFO - Job 4: Subtask branch_a
[2025-03-27T14:41:06.060-0500] {task_command.py:467} INFO - Running <TaskInstance: example_branch_operator.branch_a scheduled__2025-03-26T00:00:00+00:00 [running]> on host royal-07.cs.wisc.edu
[2025-03-27T14:41:06.303-0500] {taskinstance.py:3134} INFO - Exporting env vars: AIRFLOW_CTX_DAG_OWNER='airflow' AIRFLOW_CTX_DAG_ID='example_branch_operator' AIRFLOW_CTX_TASK_ID='branch_a' AIRFLOW_CTX_EXECUTION_DATE='2025-03-26T00:00:00+00:00' AIRFLOW_CTX_TRY_NUMBER='1' AIRFLOW_CTX_DAG_RUN_ID='scheduled__2025-03-26T00:00:00+00:00'
[2025-03-27T14:41:06.303-0500] {logging_mixin.py:190} INFO - Task instance is in running state
[2025-03-27T14:41:06.303-0500] {logging_mixin.py:190} INFO -  Previous state of the Task instance: queued
[2025-03-27T14:41:06.303-0500] {logging_mixin.py:190} INFO - Current task name:branch_a state:running start_date:2025-03-27 19:41:05.803339+00:00
[2025-03-27T14:41:06.303-0500] {logging_mixin.py:190} INFO - Dag name:example_branch_operator and current dag run status:running
[2025-03-27T14:41:06.304-0500] {taskinstance.py:732} INFO - ::endgroup::
[2025-03-27T14:41:06.304-0500] {logging_mixin.py:190} INFO - Hello World
[2025-03-27T14:41:06.304-0500] {python.py:240} INFO - Done. Returned value was: None
[2025-03-27T14:41:06.306-0500] {taskinstance.py:341} INFO - ::group::Post task execution logs
[2025-03-27T14:41:06.306-0500] {taskinstance.py:353} INFO - Marking task as SUCCESS. dag_id=example_branch_operator, task_id=branch_a, run_id=scheduled__2025-03-26T00:00:00+00:00, execution_date=20250326T000000, start_date=20250327T194105, end_date=20250327T194106
[2025-03-27T14:41:06.538-0500] {logging_mixin.py:190} INFO - Task instance in success state
[2025-03-27T14:41:06.538-0500] {logging_mixin.py:190} INFO -  Previous state of the Task instance: running
[2025-03-27T14:41:06.538-0500] {logging_mixin.py:190} INFO - Dag name:example_branch_operator queued_at:2025-03-27 19:40:59.411034+00:00
[2025-03-27T14:41:06.538-0500] {logging_mixin.py:190} INFO - Task hostname:royal-07.cs.wisc.edu operator:PythonOperator
[2025-03-27T14:41:06.556-0500] {local_task_job_runner.py:266} INFO - Task exited with return code 0
[2025-03-27T14:41:07.096-0500] {taskinstance.py:3901} INFO - 0 downstream tasks scheduled from follow-on schedule check
[2025-03-27T14:41:07.097-0500] {local_task_job_runner.py:245} INFO - ::endgroup::
